================================================================================
==
==   Density Functional based Tight Binding with a lot of extensions (DFTB+)    
==
==                              Release: 1.2 (p2)
==
==                            (ParserVersion = 4)
==
================================================================================


********************************************************************************
** Parsing and initializing
********************************************************************************

Interpreting input file 'dftb_in.hsd'
--------------------------------------------------------------------------------
WARNING!
-> WriteHSDInput and WriteXMLInput both turned off. You won't eventually be 
 able to obtain the same results with a later version of the code!
Path: dftb_in/ParserOptions
Line: 81-84 (File: dftb_in.hsd)

Reading SK-files:
  /home/andersx/parameters/3ob-3-1/C-C.skf
  /home/andersx/parameters/3ob-3-1/C-O.skf
  /home/andersx/parameters/3ob-3-1/C-N.skf
  /home/andersx/parameters/3ob-3-1/C-H.skf
  /home/andersx/parameters/3ob-3-1/O-C.skf
  /home/andersx/parameters/3ob-3-1/O-O.skf
  /home/andersx/parameters/3ob-3-1/O-N.skf
  /home/andersx/parameters/3ob-3-1/O-H.skf
  /home/andersx/parameters/3ob-3-1/N-C.skf
  /home/andersx/parameters/3ob-3-1/N-O.skf
  /home/andersx/parameters/3ob-3-1/N-N.skf
  /home/andersx/parameters/3ob-3-1/N-H.skf
  /home/andersx/parameters/3ob-3-1/H-C.skf
  /home/andersx/parameters/3ob-3-1/H-O.skf
  /home/andersx/parameters/3ob-3-1/H-N.skf
  /home/andersx/parameters/3ob-3-1/H-H.skf
Done.

Starting initialization...
--------------------------------------------------------------------------------
Mode:                        Static calculation
Self consistent charges:     Yes
SCC-tolerance:                 0.100000E-05
Max. scc iterations:                    100
Ewald alpha parameter:         0.000000E+00
Spin polarisation:           No
Nr. of up electrons:            17.000000
Nr. of down electrons:          17.000000
Periodic boundaries:         No
Diagonalizer:                Divide and Conquer
Mixer:                       Anderson mixer
Mixing parameter:                  0.200000
Maximal SCC-cycles:                     100
Nr. of chrg. vectors to mix:              8
Electronic temperature:        0.100000E-07
Initial charges:             Set automatically (system chrg:   0.000E+00)
Included shells:              C:  s, p
                              O:  s, p
                              N:  s, p
                              H:  s
Full 3rd order correction    Yes
Damped SCC                   Yes
Damped specie(s):            H                                                 
Extra options:
--------------------------------------------------------------------------------
 

********************************************************************************
** Geometry step: 0
********************************************************************************

  iSCC Total electronic   Diff electronic      SCC error    
    1   -0.15358238E+02    0.00000000E+00    0.81470738E+00
    2   -0.15360076E+02   -0.18373244E-02    0.79956542E+00
    3   -0.15393861E+02   -0.33785000E-01    0.28941068E+00
    4   -0.15395766E+02   -0.19057798E-02    0.28435479E+00
    5   -0.15397392E+02   -0.16257465E-02    0.13712007E+00
    6   -0.15399140E+02   -0.17477892E-02    0.49645375E-01
    7   -0.15399145E+02   -0.49088129E-05    0.47900143E-01
    8   -0.15399229E+02   -0.83864017E-04    0.82748388E-02
    9   -0.15399228E+02    0.56935836E-06    0.84794155E-02
   10   -0.15399232E+02   -0.37988961E-05    0.15821981E-02
   11   -0.15399232E+02   -0.83979108E-07    0.42058249E-03
   12   -0.15399232E+02   -0.11660385E-07    0.16960674E-03
   13   -0.15399232E+02   -0.18431692E-08    0.40724179E-04
   14   -0.15399232E+02   -0.15040236E-09    0.42220479E-05
   15   -0.15399232E+02   -0.35527137E-12    0.89991212E-06
>> Charges saved for restart in charges.bin
 
 Total Energy:                     -15.1689640567 H
 Total Mermin free energy:         -15.1689640567 H
