================================================================================
==
==   Density Functional based Tight Binding with a lot of extensions (DFTB+)    
==
==                              Release: 1.2 (p2)
==
==                            (ParserVersion = 4)
==
================================================================================


********************************************************************************
** Parsing and initializing
********************************************************************************

Interpreting input file 'dftb_in.hsd'
--------------------------------------------------------------------------------
WARNING!
-> WriteHSDInput and WriteXMLInput both turned off. You won't eventually be 
 able to obtain the same results with a later version of the code!
Path: dftb_in/ParserOptions
Line: 85-88 (File: dftb_in.hsd)

Reading SK-files:
  /home/andersx/parameters/3ob-3-1/C-C.skf
  /home/andersx/parameters/3ob-3-1/C-N.skf
  /home/andersx/parameters/3ob-3-1/C-O.skf
  /home/andersx/parameters/3ob-3-1/C-H.skf
  /home/andersx/parameters/3ob-3-1/N-C.skf
  /home/andersx/parameters/3ob-3-1/N-N.skf
  /home/andersx/parameters/3ob-3-1/N-O.skf
  /home/andersx/parameters/3ob-3-1/N-H.skf
  /home/andersx/parameters/3ob-3-1/O-C.skf
  /home/andersx/parameters/3ob-3-1/O-N.skf
  /home/andersx/parameters/3ob-3-1/O-O.skf
  /home/andersx/parameters/3ob-3-1/O-H.skf
  /home/andersx/parameters/3ob-3-1/H-C.skf
  /home/andersx/parameters/3ob-3-1/H-N.skf
  /home/andersx/parameters/3ob-3-1/H-O.skf
  /home/andersx/parameters/3ob-3-1/H-H.skf
Done.

Starting initialization...
--------------------------------------------------------------------------------
Mode:                        Static calculation
Self consistent charges:     Yes
SCC-tolerance:                 0.100000E-05
Max. scc iterations:                    100
Ewald alpha parameter:         0.000000E+00
Spin polarisation:           No
Nr. of up electrons:            19.000000
Nr. of down electrons:          19.000000
Periodic boundaries:         No
Diagonalizer:                Divide and Conquer
Mixer:                       Anderson mixer
Mixing parameter:                  0.200000
Maximal SCC-cycles:                     100
Nr. of chrg. vectors to mix:              8
Electronic temperature:        0.100000E-07
Initial charges:             Set automatically (system chrg:   0.000E+00)
Included shells:              C:  s, p
                              N:  s, p
                              O:  s, p
                              H:  s
Full 3rd order correction    Yes
Damped SCC                   Yes
Damped specie(s):            H                                                 
Extra options:
--------------------------------------------------------------------------------
 

********************************************************************************
** Geometry step: 0
********************************************************************************

  iSCC Total electronic   Diff electronic      SCC error    
    1   -0.16730771E+02    0.00000000E+00    0.70044663E+00
    2   -0.16730958E+02   -0.18758360E-03    0.69122051E+00
    3   -0.16735841E+02   -0.48830071E-02    0.63826336E-01
    4   -0.16735733E+02    0.10848773E-03    0.45209739E-01
    5   -0.16735778E+02   -0.45268583E-04    0.12203809E+00
    6   -0.16736075E+02   -0.29718159E-03    0.19812404E-01
    7   -0.16736072E+02    0.30159721E-05    0.14336867E-01
    8   -0.16736078E+02   -0.57427526E-05    0.12429249E-01
    9   -0.16736081E+02   -0.31736490E-05    0.81569230E-03
   10   -0.16736081E+02   -0.65360837E-08    0.71276136E-03
   11   -0.16736081E+02   -0.20686592E-07    0.60171961E-04
   12   -0.16736081E+02   -0.18161472E-09    0.36073378E-04
   13   -0.16736081E+02   -0.93105967E-10    0.11885856E-05
   14   -0.16736081E+02   -0.22026825E-12    0.38011299E-06
>> Charges saved for restart in charges.bin
 
 Total Energy:                     -16.7013693922 H
 Total Mermin free energy:         -16.7013693922 H
