================================================================================
==
==   Density Functional based Tight Binding with a lot of extensions (DFTB+)    
==
==                              Release: 1.2 (p2)
==
==                            (ParserVersion = 4)
==
================================================================================


********************************************************************************
** Parsing and initializing
********************************************************************************

Interpreting input file 'dftb_in.hsd'
--------------------------------------------------------------------------------
WARNING!
-> WriteHSDInput and WriteXMLInput both turned off. You won't eventually be 
 able to obtain the same results with a later version of the code!
Path: dftb_in/ParserOptions
Line: 83-86 (File: dftb_in.hsd)

Reading SK-files:
  /home/andersx/parameters/3ob-3-1/C-C.skf
  /home/andersx/parameters/3ob-3-1/C-O.skf
  /home/andersx/parameters/3ob-3-1/C-N.skf
  /home/andersx/parameters/3ob-3-1/C-H.skf
  /home/andersx/parameters/3ob-3-1/O-C.skf
  /home/andersx/parameters/3ob-3-1/O-O.skf
  /home/andersx/parameters/3ob-3-1/O-N.skf
  /home/andersx/parameters/3ob-3-1/O-H.skf
  /home/andersx/parameters/3ob-3-1/N-C.skf
  /home/andersx/parameters/3ob-3-1/N-O.skf
  /home/andersx/parameters/3ob-3-1/N-N.skf
  /home/andersx/parameters/3ob-3-1/N-H.skf
  /home/andersx/parameters/3ob-3-1/H-C.skf
  /home/andersx/parameters/3ob-3-1/H-O.skf
  /home/andersx/parameters/3ob-3-1/H-N.skf
  /home/andersx/parameters/3ob-3-1/H-H.skf
Done.

Starting initialization...
--------------------------------------------------------------------------------
Mode:                        Static calculation
Self consistent charges:     Yes
SCC-tolerance:                 0.100000E-05
Max. scc iterations:                    100
Ewald alpha parameter:         0.000000E+00
Spin polarisation:           No
Nr. of up electrons:            18.000000
Nr. of down electrons:          18.000000
Periodic boundaries:         No
Diagonalizer:                Divide and Conquer
Mixer:                       Anderson mixer
Mixing parameter:                  0.200000
Maximal SCC-cycles:                     100
Nr. of chrg. vectors to mix:              8
Electronic temperature:        0.100000E-07
Initial charges:             Set automatically (system chrg:   0.000E+00)
Included shells:              C:  s, p
                              O:  s, p
                              N:  s, p
                              H:  s
Full 3rd order correction    Yes
Damped SCC                   Yes
Damped specie(s):            H                                                 
Extra options:
--------------------------------------------------------------------------------
 

********************************************************************************
** Geometry step: 0
********************************************************************************

  iSCC Total electronic   Diff electronic      SCC error    
    1   -0.16064736E+02    0.00000000E+00    0.91136248E+00
    2   -0.16065835E+02   -0.10988968E-02    0.89652970E+00
    3   -0.16091600E+02   -0.25765294E-01    0.22725707E+00
    4   -0.16092059E+02   -0.45901268E-03    0.22372746E+00
    5   -0.16093996E+02   -0.19371090E-02    0.33866875E-01
    6   -0.16094019E+02   -0.22883442E-04    0.18895171E-01
    7   -0.16094020E+02   -0.15939322E-05    0.15617174E-01
    8   -0.16094025E+02   -0.43862022E-05    0.19850696E-02
    9   -0.16094025E+02   -0.84103021E-07    0.19949277E-02
   10   -0.16094025E+02   -0.79971972E-07    0.41346991E-03
   11   -0.16094025E+02   -0.20508999E-08    0.27491877E-03
   12   -0.16094025E+02   -0.16678534E-08    0.61093064E-04
   13   -0.16094025E+02   -0.62353678E-10    0.66584267E-05
   14   -0.16094025E+02   -0.53290705E-13    0.58093253E-06
>> Charges saved for restart in charges.bin
 
 Total Energy:                     -15.9592051466 H
 Total Mermin free energy:         -15.9592051466 H
