================================================================================
==
==   Density Functional based Tight Binding with a lot of extensions (DFTB+)    
==
==                              Release: 1.2 (p2)
==
==                            (ParserVersion = 4)
==
================================================================================


********************************************************************************
** Parsing and initializing
********************************************************************************

Interpreting input file 'dftb_in.hsd'
--------------------------------------------------------------------------------
WARNING!
-> WriteHSDInput and WriteXMLInput both turned off. You won't eventually be 
 able to obtain the same results with a later version of the code!
Path: dftb_in/ParserOptions
Line: 83-86 (File: dftb_in.hsd)

Reading SK-files:
  /home/andersx/parameters/3ob-3-1/C-C.skf
  /home/andersx/parameters/3ob-3-1/C-N.skf
  /home/andersx/parameters/3ob-3-1/C-O.skf
  /home/andersx/parameters/3ob-3-1/C-H.skf
  /home/andersx/parameters/3ob-3-1/N-C.skf
  /home/andersx/parameters/3ob-3-1/N-N.skf
  /home/andersx/parameters/3ob-3-1/N-O.skf
  /home/andersx/parameters/3ob-3-1/N-H.skf
  /home/andersx/parameters/3ob-3-1/O-C.skf
  /home/andersx/parameters/3ob-3-1/O-N.skf
  /home/andersx/parameters/3ob-3-1/O-O.skf
  /home/andersx/parameters/3ob-3-1/O-H.skf
  /home/andersx/parameters/3ob-3-1/H-C.skf
  /home/andersx/parameters/3ob-3-1/H-N.skf
  /home/andersx/parameters/3ob-3-1/H-O.skf
  /home/andersx/parameters/3ob-3-1/H-H.skf
Done.

Starting initialization...
--------------------------------------------------------------------------------
Mode:                        Static calculation
Self consistent charges:     Yes
SCC-tolerance:                 0.100000E-05
Max. scc iterations:                    100
Ewald alpha parameter:         0.000000E+00
Spin polarisation:           No
Nr. of up electrons:            18.000000
Nr. of down electrons:          18.000000
Periodic boundaries:         No
Diagonalizer:                Divide and Conquer
Mixer:                       Anderson mixer
Mixing parameter:                  0.200000
Maximal SCC-cycles:                     100
Nr. of chrg. vectors to mix:              8
Electronic temperature:        0.100000E-07
Initial charges:             Set automatically (system chrg:   0.000E+00)
Included shells:              C:  s, p
                              N:  s, p
                              O:  s, p
                              H:  s
Full 3rd order correction    Yes
Damped SCC                   Yes
Damped specie(s):            H                                                 
Extra options:
--------------------------------------------------------------------------------
 

********************************************************************************
** Geometry step: 0
********************************************************************************

  iSCC Total electronic   Diff electronic      SCC error    
    1   -0.15944222E+02    0.00000000E+00    0.65091117E+00
    2   -0.15944822E+02   -0.60005143E-03    0.63984570E+00
    3   -0.15960412E+02   -0.15590091E-01    0.13905910E+00
    4   -0.15960249E+02    0.16332096E-03    0.12529526E+00
    5   -0.15960797E+02   -0.54807297E-03    0.59664063E-01
    6   -0.15960904E+02   -0.10666800E-03    0.10857644E-01
    7   -0.15960904E+02   -0.39375428E-06    0.11201872E-01
    8   -0.15960911E+02   -0.73191552E-05    0.23715072E-02
    9   -0.15960911E+02    0.70008568E-08    0.11029911E-02
   10   -0.15960911E+02   -0.45008594E-07    0.81428560E-03
   11   -0.15960911E+02   -0.34347334E-08    0.17750312E-03
   12   -0.15960911E+02   -0.62579275E-09    0.10208867E-04
   13   -0.15960911E+02   -0.40181192E-11    0.39549130E-05
   14   -0.15960911E+02   -0.44231285E-12    0.46962364E-06
>> Charges saved for restart in charges.bin
 
 Total Energy:                     -15.8921309362 H
 Total Mermin free energy:         -15.8921309362 H
