================================================================================
==
==   Density Functional based Tight Binding with a lot of extensions (DFTB+)    
==
==                              Release: 1.2 (p2)
==
==                            (ParserVersion = 4)
==
================================================================================


********************************************************************************
** Parsing and initializing
********************************************************************************

Interpreting input file 'dftb_in.hsd'
--------------------------------------------------------------------------------
WARNING!
-> WriteHSDInput and WriteXMLInput both turned off. You won't eventually be 
 able to obtain the same results with a later version of the code!
Path: dftb_in/ParserOptions
Line: 81-84 (File: dftb_in.hsd)

Reading SK-files:
  /home/andersx/parameters/3ob-3-1/C-C.skf
  /home/andersx/parameters/3ob-3-1/C-N.skf
  /home/andersx/parameters/3ob-3-1/C-O.skf
  /home/andersx/parameters/3ob-3-1/C-H.skf
  /home/andersx/parameters/3ob-3-1/N-C.skf
  /home/andersx/parameters/3ob-3-1/N-N.skf
  /home/andersx/parameters/3ob-3-1/N-O.skf
  /home/andersx/parameters/3ob-3-1/N-H.skf
  /home/andersx/parameters/3ob-3-1/O-C.skf
  /home/andersx/parameters/3ob-3-1/O-N.skf
  /home/andersx/parameters/3ob-3-1/O-O.skf
  /home/andersx/parameters/3ob-3-1/O-H.skf
  /home/andersx/parameters/3ob-3-1/H-C.skf
  /home/andersx/parameters/3ob-3-1/H-N.skf
  /home/andersx/parameters/3ob-3-1/H-O.skf
  /home/andersx/parameters/3ob-3-1/H-H.skf
Done.

Starting initialization...
--------------------------------------------------------------------------------
Mode:                        Static calculation
Self consistent charges:     Yes
SCC-tolerance:                 0.100000E-05
Max. scc iterations:                    100
Ewald alpha parameter:         0.000000E+00
Spin polarisation:           No
Nr. of up electrons:            17.000000
Nr. of down electrons:          17.000000
Periodic boundaries:         No
Diagonalizer:                Divide and Conquer
Mixer:                       Anderson mixer
Mixing parameter:                  0.200000
Maximal SCC-cycles:                     100
Nr. of chrg. vectors to mix:              8
Electronic temperature:        0.100000E-07
Initial charges:             Set automatically (system chrg:   0.000E+00)
Included shells:              C:  s, p
                              N:  s, p
                              O:  s, p
                              H:  s
Full 3rd order correction    Yes
Damped SCC                   Yes
Damped specie(s):            H                                                 
Extra options:
--------------------------------------------------------------------------------
 

********************************************************************************
** Geometry step: 0
********************************************************************************

  iSCC Total electronic   Diff electronic      SCC error    
    1   -0.15344596E+02    0.00000000E+00    0.82102797E+00
    2   -0.15346380E+02   -0.17831881E-02    0.80599642E+00
    3   -0.15379758E+02   -0.33378872E-01    0.22561244E+00
    4   -0.15381405E+02   -0.16463514E-02    0.21583800E+00
    5   -0.15382596E+02   -0.11911322E-02    0.12708177E+00
    6   -0.15384748E+02   -0.21525473E-02    0.65910279E-01
    7   -0.15384744E+02    0.49432605E-05    0.62922805E-01
    8   -0.15384767E+02   -0.23297617E-04    0.46773352E-01
    9   -0.15384808E+02   -0.41552025E-04    0.53661749E-02
   10   -0.15384808E+02   -0.52853762E-07    0.41356174E-02
   11   -0.15384810E+02   -0.12988754E-05    0.55185456E-03
   12   -0.15384810E+02   -0.27074458E-07    0.42087676E-03
   13   -0.15384810E+02   -0.52978169E-07    0.57792712E-04
   14   -0.15384810E+02   -0.18632207E-09    0.14317055E-04
   15   -0.15384810E+02   -0.45528026E-11    0.19138578E-05
   16   -0.15384810E+02   -0.10658141E-12    0.17738945E-06
>> Charges saved for restart in charges.bin
 
 Total Energy:                     -15.1588338909 H
 Total Mermin free energy:         -15.1588338909 H
