================================================================================
==
==   Density Functional based Tight Binding with a lot of extensions (DFTB+)    
==
==                              Release: 1.2 (p2)
==
==                            (ParserVersion = 4)
==
================================================================================


********************************************************************************
** Parsing and initializing
********************************************************************************

Interpreting input file 'dftb_in.hsd'
--------------------------------------------------------------------------------
WARNING!
-> WriteHSDInput and WriteXMLInput both turned off. You won't eventually be 
 able to obtain the same results with a later version of the code!
Path: dftb_in/ParserOptions
Line: 85-88 (File: dftb_in.hsd)

Reading SK-files:
  /home/andersx/parameters/3ob-3-1/C-C.skf
  /home/andersx/parameters/3ob-3-1/C-N.skf
  /home/andersx/parameters/3ob-3-1/C-O.skf
  /home/andersx/parameters/3ob-3-1/C-H.skf
  /home/andersx/parameters/3ob-3-1/N-C.skf
  /home/andersx/parameters/3ob-3-1/N-N.skf
  /home/andersx/parameters/3ob-3-1/N-O.skf
  /home/andersx/parameters/3ob-3-1/N-H.skf
  /home/andersx/parameters/3ob-3-1/O-C.skf
  /home/andersx/parameters/3ob-3-1/O-N.skf
  /home/andersx/parameters/3ob-3-1/O-O.skf
  /home/andersx/parameters/3ob-3-1/O-H.skf
  /home/andersx/parameters/3ob-3-1/H-C.skf
  /home/andersx/parameters/3ob-3-1/H-N.skf
  /home/andersx/parameters/3ob-3-1/H-O.skf
  /home/andersx/parameters/3ob-3-1/H-H.skf
Done.

Starting initialization...
--------------------------------------------------------------------------------
Mode:                        Static calculation
Self consistent charges:     Yes
SCC-tolerance:                 0.100000E-05
Max. scc iterations:                    100
Ewald alpha parameter:         0.000000E+00
Spin polarisation:           No
Nr. of up electrons:            19.000000
Nr. of down electrons:          19.000000
Periodic boundaries:         No
Diagonalizer:                Divide and Conquer
Mixer:                       Anderson mixer
Mixing parameter:                  0.200000
Maximal SCC-cycles:                     100
Nr. of chrg. vectors to mix:              8
Electronic temperature:        0.100000E-07
Initial charges:             Set automatically (system chrg:   0.000E+00)
Included shells:              C:  s, p
                              N:  s, p
                              O:  s, p
                              H:  s
Full 3rd order correction    Yes
Damped SCC                   Yes
Damped specie(s):            H                                                 
Extra options:
--------------------------------------------------------------------------------
 

********************************************************************************
** Geometry step: 0
********************************************************************************

  iSCC Total electronic   Diff electronic      SCC error    
    1   -0.16716685E+02    0.00000000E+00    0.69978136E+00
    2   -0.16716863E+02   -0.17811604E-03    0.69065797E+00
    3   -0.16721698E+02   -0.48347601E-02    0.77584394E-01
    4   -0.16721644E+02    0.53863001E-04    0.65761068E-01
    5   -0.16721686E+02   -0.42598527E-04    0.88834814E-01
    6   -0.16721826E+02   -0.13977106E-03    0.12891124E-01
    7   -0.16721826E+02    0.25671581E-06    0.10572737E-01
    8   -0.16721828E+02   -0.17977028E-05    0.33828664E-02
    9   -0.16721829E+02   -0.10539258E-05    0.69410590E-03
   10   -0.16721829E+02   -0.27162759E-07    0.28350537E-03
   11   -0.16721829E+02   -0.76280848E-08    0.66140223E-04
   12   -0.16721829E+02   -0.10968293E-09    0.55346595E-05
   13   -0.16721829E+02   -0.63238303E-12    0.18306619E-05
   14   -0.16721829E+02   -0.14210855E-13    0.81242130E-07
>> Charges saved for restart in charges.bin
 
 Total Energy:                     -16.6891012810 H
 Total Mermin free energy:         -16.6891012810 H
