================================================================================
==
==   Density Functional based Tight Binding with a lot of extensions (DFTB+)    
==
==                              Release: 1.2 (p2)
==
==                            (ParserVersion = 4)
==
================================================================================


********************************************************************************
** Parsing and initializing
********************************************************************************

Interpreting input file 'dftb_in.hsd'
--------------------------------------------------------------------------------
WARNING!
-> WriteHSDInput and WriteXMLInput both turned off. You won't eventually be 
 able to obtain the same results with a later version of the code!
Path: dftb_in/ParserOptions
Line: 85-88 (File: dftb_in.hsd)

Reading SK-files:
  /home/andersx/parameters/3ob-3-1/C-C.skf
  /home/andersx/parameters/3ob-3-1/C-O.skf
  /home/andersx/parameters/3ob-3-1/C-N.skf
  /home/andersx/parameters/3ob-3-1/C-H.skf
  /home/andersx/parameters/3ob-3-1/O-C.skf
  /home/andersx/parameters/3ob-3-1/O-O.skf
  /home/andersx/parameters/3ob-3-1/O-N.skf
  /home/andersx/parameters/3ob-3-1/O-H.skf
  /home/andersx/parameters/3ob-3-1/N-C.skf
  /home/andersx/parameters/3ob-3-1/N-O.skf
  /home/andersx/parameters/3ob-3-1/N-N.skf
  /home/andersx/parameters/3ob-3-1/N-H.skf
  /home/andersx/parameters/3ob-3-1/H-C.skf
  /home/andersx/parameters/3ob-3-1/H-O.skf
  /home/andersx/parameters/3ob-3-1/H-N.skf
  /home/andersx/parameters/3ob-3-1/H-H.skf
Done.

Starting initialization...
--------------------------------------------------------------------------------
Mode:                        Static calculation
Self consistent charges:     Yes
SCC-tolerance:                 0.100000E-05
Max. scc iterations:                    100
Ewald alpha parameter:         0.000000E+00
Spin polarisation:           No
Nr. of up electrons:            19.000000
Nr. of down electrons:          19.000000
Periodic boundaries:         No
Diagonalizer:                Divide and Conquer
Mixer:                       Anderson mixer
Mixing parameter:                  0.200000
Maximal SCC-cycles:                     100
Nr. of chrg. vectors to mix:              8
Electronic temperature:        0.100000E-07
Initial charges:             Set automatically (system chrg:   0.000E+00)
Included shells:              C:  s, p
                              O:  s, p
                              N:  s, p
                              H:  s
Full 3rd order correction    Yes
Damped SCC                   Yes
Damped specie(s):            H                                                 
Extra options:
--------------------------------------------------------------------------------
 

********************************************************************************
** Geometry step: 0
********************************************************************************

  iSCC Total electronic   Diff electronic      SCC error    
    1   -0.16699525E+02    0.00000000E+00    0.60040067E+00
    2   -0.16699871E+02   -0.34570959E-03    0.59321495E+00
    3   -0.16709093E+02   -0.92221344E-02    0.95099805E-01
    4   -0.16708905E+02    0.18848937E-03    0.92354696E-01
    5   -0.16709140E+02   -0.23549656E-03    0.11316862E+00
    6   -0.16709479E+02   -0.33867919E-03    0.10856960E-01
    7   -0.16709479E+02    0.12045401E-06    0.88437546E-02
    8   -0.16709482E+02   -0.35503274E-05    0.45096540E-02
    9   -0.16709483E+02   -0.25595534E-06    0.11382463E-02
   10   -0.16709483E+02   -0.27039686E-07    0.12039987E-02
   11   -0.16709483E+02   -0.11685273E-07    0.32195405E-03
   12   -0.16709483E+02   -0.21576625E-08    0.61225268E-04
   13   -0.16709483E+02   -0.31342040E-10    0.10480025E-04
   14   -0.16709483E+02   -0.19184654E-11    0.75639682E-06
>> Charges saved for restart in charges.bin
 
 Total Energy:                     -16.6853169127 H
 Total Mermin free energy:         -16.6853169127 H
