================================================================================
==
==   Density Functional based Tight Binding with a lot of extensions (DFTB+)    
==
==                              Release: 1.2 (p2)
==
==                            (ParserVersion = 4)
==
================================================================================


********************************************************************************
** Parsing and initializing
********************************************************************************

Interpreting input file 'dftb_in.hsd'
--------------------------------------------------------------------------------
WARNING!
-> WriteHSDInput and WriteXMLInput both turned off. You won't eventually be 
 able to obtain the same results with a later version of the code!
Path: dftb_in/ParserOptions
Line: 83-86 (File: dftb_in.hsd)

Reading SK-files:
  /home/andersx/parameters/3ob-3-1/N-N.skf
  /home/andersx/parameters/3ob-3-1/N-C.skf
  /home/andersx/parameters/3ob-3-1/N-O.skf
  /home/andersx/parameters/3ob-3-1/N-H.skf
  /home/andersx/parameters/3ob-3-1/C-N.skf
  /home/andersx/parameters/3ob-3-1/C-C.skf
  /home/andersx/parameters/3ob-3-1/C-O.skf
  /home/andersx/parameters/3ob-3-1/C-H.skf
  /home/andersx/parameters/3ob-3-1/O-N.skf
  /home/andersx/parameters/3ob-3-1/O-C.skf
  /home/andersx/parameters/3ob-3-1/O-O.skf
  /home/andersx/parameters/3ob-3-1/O-H.skf
  /home/andersx/parameters/3ob-3-1/H-N.skf
  /home/andersx/parameters/3ob-3-1/H-C.skf
  /home/andersx/parameters/3ob-3-1/H-O.skf
  /home/andersx/parameters/3ob-3-1/H-H.skf
Done.

Starting initialization...
--------------------------------------------------------------------------------
Mode:                        Static calculation
Self consistent charges:     Yes
SCC-tolerance:                 0.100000E-05
Max. scc iterations:                    100
Ewald alpha parameter:         0.000000E+00
Spin polarisation:           No
Nr. of up electrons:            18.000000
Nr. of down electrons:          18.000000
Periodic boundaries:         No
Diagonalizer:                Divide and Conquer
Mixer:                       Anderson mixer
Mixing parameter:                  0.200000
Maximal SCC-cycles:                     100
Nr. of chrg. vectors to mix:              8
Electronic temperature:        0.100000E-07
Initial charges:             Set automatically (system chrg:   0.000E+00)
Included shells:              N:  s, p
                              C:  s, p
                              O:  s, p
                              H:  s
Full 3rd order correction    Yes
Damped SCC                   Yes
Damped specie(s):            H                                                 
Extra options:
--------------------------------------------------------------------------------
 

********************************************************************************
** Geometry step: 0
********************************************************************************

  iSCC Total electronic   Diff electronic      SCC error    
    1   -0.15991441E+02    0.00000000E+00    0.68197703E+00
    2   -0.15991601E+02   -0.15933756E-03    0.67299233E+00
    3   -0.15995895E+02   -0.42939824E-02    0.63898501E-01
    4   -0.15995828E+02    0.67046745E-04    0.60400615E-01
    5   -0.15995877E+02   -0.49367746E-04    0.11537436E+00
    6   -0.15996049E+02   -0.17191153E-03    0.15772037E-01
    7   -0.15996049E+02    0.30942367E-06    0.99872130E-02
    8   -0.15996051E+02   -0.28206261E-05    0.10180411E-01
    9   -0.15996052E+02   -0.96212987E-06    0.20887607E-02
   10   -0.15996052E+02   -0.16014443E-07    0.18228026E-02
   11   -0.15996052E+02   -0.78699658E-07    0.31494253E-03
   12   -0.15996052E+02   -0.37940140E-08    0.20080268E-03
   13   -0.15996052E+02   -0.18441728E-08    0.26939533E-04
   14   -0.15996052E+02   -0.26734170E-10    0.15412047E-05
   15   -0.15996052E+02   -0.99475983E-13    0.55256731E-06
>> Charges saved for restart in charges.bin
 
 Total Energy:                     -15.8987868560 H
 Total Mermin free energy:         -15.8987868560 H
