================================================================================
==
==   Density Functional based Tight Binding with a lot of extensions (DFTB+)    
==
==                              Release: 1.2 (p2)
==
==                            (ParserVersion = 4)
==
================================================================================


********************************************************************************
** Parsing and initializing
********************************************************************************

Interpreting input file 'dftb_in.hsd'
--------------------------------------------------------------------------------
WARNING!
-> WriteHSDInput and WriteXMLInput both turned off. You won't eventually be 
 able to obtain the same results with a later version of the code!
Path: dftb_in/ParserOptions
Line: 79-82 (File: dftb_in.hsd)

Reading SK-files:
  /home/andersx/parameters/3ob-3-1/N-N.skf
  /home/andersx/parameters/3ob-3-1/N-C.skf
  /home/andersx/parameters/3ob-3-1/N-O.skf
  /home/andersx/parameters/3ob-3-1/N-H.skf
  /home/andersx/parameters/3ob-3-1/C-N.skf
  /home/andersx/parameters/3ob-3-1/C-C.skf
  /home/andersx/parameters/3ob-3-1/C-O.skf
  /home/andersx/parameters/3ob-3-1/C-H.skf
  /home/andersx/parameters/3ob-3-1/O-N.skf
  /home/andersx/parameters/3ob-3-1/O-C.skf
  /home/andersx/parameters/3ob-3-1/O-O.skf
  /home/andersx/parameters/3ob-3-1/O-H.skf
  /home/andersx/parameters/3ob-3-1/H-N.skf
  /home/andersx/parameters/3ob-3-1/H-C.skf
  /home/andersx/parameters/3ob-3-1/H-O.skf
  /home/andersx/parameters/3ob-3-1/H-H.skf
Done.

Starting initialization...
--------------------------------------------------------------------------------
Mode:                        Static calculation
Self consistent charges:     Yes
SCC-tolerance:                 0.100000E-05
Max. scc iterations:                    100
Ewald alpha parameter:         0.000000E+00
Spin polarisation:           No
Nr. of up electrons:            16.000000
Nr. of down electrons:          16.000000
Periodic boundaries:         No
Diagonalizer:                Divide and Conquer
Mixer:                       Anderson mixer
Mixing parameter:                  0.200000
Maximal SCC-cycles:                     100
Nr. of chrg. vectors to mix:              8
Electronic temperature:        0.100000E-07
Initial charges:             Set automatically (system chrg:   0.000E+00)
Included shells:              N:  s, p
                              C:  s, p
                              O:  s, p
                              H:  s
Full 3rd order correction    Yes
Damped SCC                   Yes
Damped specie(s):            H                                                 
Extra options:
--------------------------------------------------------------------------------
 

********************************************************************************
** Geometry step: 0
********************************************************************************

  iSCC Total electronic   Diff electronic      SCC error    
    1   -0.14686440E+02    0.00000000E+00    0.51222392E+00
    2   -0.14686655E+02   -0.21582375E-03    0.50555837E+00
    3   -0.14692210E+02   -0.55545293E-02    0.17660990E+00
    4   -0.14692057E+02    0.15294723E-03    0.16389378E+00
    5   -0.14692397E+02   -0.33964920E-03    0.54649175E-01
    6   -0.14692612E+02   -0.21553844E-03    0.13193057E-01
    7   -0.14692612E+02    0.51498282E-06    0.13301793E-01
    8   -0.14692631E+02   -0.18968497E-04    0.24281680E-02
    9   -0.14692631E+02   -0.35768775E-08    0.20120696E-02
   10   -0.14692631E+02    0.34444993E-07    0.16922021E-02
   11   -0.14692631E+02   -0.24764429E-07    0.97289978E-03
   12   -0.14692631E+02   -0.29803221E-07    0.22439658E-03
   13   -0.14692631E+02   -0.16932802E-08    0.12757000E-03
   14   -0.14692631E+02   -0.98163788E-09    0.10207502E-04
   15   -0.14692631E+02   -0.94733110E-11    0.28034973E-05
   16   -0.14692631E+02   -0.38014036E-12    0.42661939E-06
>> Charges saved for restart in charges.bin
 
 Total Energy:                     -14.4060469018 H
 Total Mermin free energy:         -14.4060469018 H
