================================================================================
==
==   Density Functional based Tight Binding with a lot of extensions (DFTB+)    
==
==                              Release: 1.2 (p2)
==
==                            (ParserVersion = 4)
==
================================================================================


********************************************************************************
** Parsing and initializing
********************************************************************************

Interpreting input file 'dftb_in.hsd'
--------------------------------------------------------------------------------
WARNING!
-> WriteHSDInput and WriteXMLInput both turned off. You won't eventually be 
 able to obtain the same results with a later version of the code!
Path: dftb_in/ParserOptions
Line: 83-86 (File: dftb_in.hsd)

Reading SK-files:
  /home/andersx/parameters/3ob-3-1/N-N.skf
  /home/andersx/parameters/3ob-3-1/N-C.skf
  /home/andersx/parameters/3ob-3-1/N-O.skf
  /home/andersx/parameters/3ob-3-1/N-H.skf
  /home/andersx/parameters/3ob-3-1/C-N.skf
  /home/andersx/parameters/3ob-3-1/C-C.skf
  /home/andersx/parameters/3ob-3-1/C-O.skf
  /home/andersx/parameters/3ob-3-1/C-H.skf
  /home/andersx/parameters/3ob-3-1/O-N.skf
  /home/andersx/parameters/3ob-3-1/O-C.skf
  /home/andersx/parameters/3ob-3-1/O-O.skf
  /home/andersx/parameters/3ob-3-1/O-H.skf
  /home/andersx/parameters/3ob-3-1/H-N.skf
  /home/andersx/parameters/3ob-3-1/H-C.skf
  /home/andersx/parameters/3ob-3-1/H-O.skf
  /home/andersx/parameters/3ob-3-1/H-H.skf
Done.

Starting initialization...
--------------------------------------------------------------------------------
Mode:                        Static calculation
Self consistent charges:     Yes
SCC-tolerance:                 0.100000E-05
Max. scc iterations:                    100
Ewald alpha parameter:         0.000000E+00
Spin polarisation:           No
Nr. of up electrons:            18.000000
Nr. of down electrons:          18.000000
Periodic boundaries:         No
Diagonalizer:                Divide and Conquer
Mixer:                       Anderson mixer
Mixing parameter:                  0.200000
Maximal SCC-cycles:                     100
Nr. of chrg. vectors to mix:              8
Electronic temperature:        0.100000E-07
Initial charges:             Set automatically (system chrg:   0.000E+00)
Included shells:              N:  s, p
                              C:  s, p
                              O:  s, p
                              H:  s
Full 3rd order correction    Yes
Damped SCC                   Yes
Damped specie(s):            H                                                 
Extra options:
--------------------------------------------------------------------------------
 

********************************************************************************
** Geometry step: 0
********************************************************************************

  iSCC Total electronic   Diff electronic      SCC error    
    1   -0.16038795E+02    0.00000000E+00    0.68788690E+00
    2   -0.16038940E+02   -0.14471394E-03    0.67889349E+00
    3   -0.16042978E+02   -0.40382206E-02    0.71148333E-01
    4   -0.16042928E+02    0.49506155E-04    0.45405139E-01
    5   -0.16042914E+02    0.14640055E-04    0.10846496E+00
    6   -0.16043056E+02   -0.14241950E-03    0.14751966E-01
    7   -0.16043056E+02    0.19681724E-06    0.94119765E-02
    8   -0.16043058E+02   -0.22270853E-05    0.96561602E-02
    9   -0.16043059E+02   -0.93886062E-06    0.34152751E-02
   10   -0.16043059E+02   -0.35165503E-07    0.31045560E-02
   11   -0.16043059E+02   -0.10489342E-06    0.52213857E-03
   12   -0.16043059E+02   -0.14770148E-07    0.29690329E-03
   13   -0.16043059E+02   -0.72067792E-08    0.38920994E-04
   14   -0.16043059E+02   -0.55610627E-10    0.53043575E-05
   15   -0.16043059E+02   -0.25934810E-12    0.92440135E-06
>> Charges saved for restart in charges.bin
 
 Total Energy:                     -15.9123365684 H
 Total Mermin free energy:         -15.9123365684 H
