================================================================================
==
==   Density Functional based Tight Binding with a lot of extensions (DFTB+)    
==
==                              Release: 1.2 (p2)
==
==                            (ParserVersion = 4)
==
================================================================================


********************************************************************************
** Parsing and initializing
********************************************************************************

Interpreting input file 'dftb_in.hsd'
--------------------------------------------------------------------------------
WARNING!
-> WriteHSDInput and WriteXMLInput both turned off. You won't eventually be 
 able to obtain the same results with a later version of the code!
Path: dftb_in/ParserOptions
Line: 71-74 (File: dftb_in.hsd)

Reading SK-files:
  /home/andersx/parameters/3ob-3-1/C-C.skf
  /home/andersx/parameters/3ob-3-1/C-N.skf
  /home/andersx/parameters/3ob-3-1/C-H.skf
  /home/andersx/parameters/3ob-3-1/N-C.skf
  /home/andersx/parameters/3ob-3-1/N-N.skf
  /home/andersx/parameters/3ob-3-1/N-H.skf
  /home/andersx/parameters/3ob-3-1/H-C.skf
  /home/andersx/parameters/3ob-3-1/H-N.skf
  /home/andersx/parameters/3ob-3-1/H-H.skf
Done.

Starting initialization...
--------------------------------------------------------------------------------
Mode:                        Static calculation
Self consistent charges:     Yes
SCC-tolerance:                 0.100000E-05
Max. scc iterations:                    100
Ewald alpha parameter:         0.000000E+00
Spin polarisation:           No
Nr. of up electrons:            14.000000
Nr. of down electrons:          14.000000
Periodic boundaries:         No
Diagonalizer:                Divide and Conquer
Mixer:                       Anderson mixer
Mixing parameter:                  0.200000
Maximal SCC-cycles:                     100
Nr. of chrg. vectors to mix:              8
Electronic temperature:        0.100000E-07
Initial charges:             Set automatically (system chrg:   0.000E+00)
Included shells:              C:  s, p
                              N:  s, p
                              H:  s
Full 3rd order correction    Yes
Damped SCC                   Yes
Damped specie(s):            H                                                 
Extra options:
--------------------------------------------------------------------------------
 

********************************************************************************
** Geometry step: 0
********************************************************************************

  iSCC Total electronic   Diff electronic      SCC error    
    1   -0.12014238E+02    0.00000000E+00    0.59743326E+00
    2   -0.12014825E+02   -0.58699686E-03    0.58499838E+00
    3   -0.12027849E+02   -0.13024149E-01    0.13125536E+00
    4   -0.12027807E+02    0.41685822E-04    0.12634719E+00
    5   -0.12027836E+02   -0.28673307E-04    0.56383306E-01
    6   -0.12027944E+02   -0.10792080E-03    0.15834159E-01
    7   -0.12027913E+02    0.31256718E-04    0.32581374E-01
    8   -0.12027957E+02   -0.44374921E-04    0.31192346E-02
    9   -0.12027957E+02   -0.12659368E-06    0.23328313E-02
   10   -0.12027958E+02   -0.19901744E-06    0.73073197E-03
   11   -0.12027958E+02   -0.54561973E-08    0.20811884E-03
   12   -0.12027958E+02   -0.16023662E-08    0.80081184E-05
   13   -0.12027958E+02   -0.79438678E-11    0.25143080E-05
   14   -0.12027958E+02   -0.54356519E-12    0.13063189E-06
>> Charges saved for restart in charges.bin
 
 Total Energy:                     -11.8876892665 H
 Total Mermin free energy:         -11.8876892665 H
