================================================================================
==
==   Density Functional based Tight Binding with a lot of extensions (DFTB+)    
==
==                              Release: 1.2 (p2)
==
==                            (ParserVersion = 4)
==
================================================================================


********************************************************************************
** Parsing and initializing
********************************************************************************

Interpreting input file 'dftb_in.hsd'
--------------------------------------------------------------------------------
WARNING!
-> WriteHSDInput and WriteXMLInput both turned off. You won't eventually be 
 able to obtain the same results with a later version of the code!
Path: dftb_in/ParserOptions
Line: 79-82 (File: dftb_in.hsd)

Reading SK-files:
  /home/andersx/parameters/3ob-3-1/C-C.skf
  /home/andersx/parameters/3ob-3-1/C-N.skf
  /home/andersx/parameters/3ob-3-1/C-S.skf
  /home/andersx/parameters/3ob-3-1/C-H.skf
  /home/andersx/parameters/3ob-3-1/N-C.skf
  /home/andersx/parameters/3ob-3-1/N-N.skf
  /home/andersx/parameters/3ob-3-1/N-S.skf
  /home/andersx/parameters/3ob-3-1/N-H.skf
  /home/andersx/parameters/3ob-3-1/S-C.skf
  /home/andersx/parameters/3ob-3-1/S-N.skf
  /home/andersx/parameters/3ob-3-1/S-S.skf
  /home/andersx/parameters/3ob-3-1/S-H.skf
  /home/andersx/parameters/3ob-3-1/H-C.skf
  /home/andersx/parameters/3ob-3-1/H-N.skf
  /home/andersx/parameters/3ob-3-1/H-S.skf
  /home/andersx/parameters/3ob-3-1/H-H.skf
Done.

Starting initialization...
--------------------------------------------------------------------------------
Mode:                        Static calculation
Self consistent charges:     Yes
SCC-tolerance:                 0.100000E-05
Max. scc iterations:                    100
Ewald alpha parameter:         0.000000E+00
Spin polarisation:           No
Nr. of up electrons:            16.000000
Nr. of down electrons:          16.000000
Periodic boundaries:         No
Diagonalizer:                Divide and Conquer
Mixer:                       Anderson mixer
Mixing parameter:                  0.200000
Maximal SCC-cycles:                     100
Nr. of chrg. vectors to mix:              8
Electronic temperature:        0.100000E-07
Initial charges:             Set automatically (system chrg:   0.000E+00)
Included shells:              C:  s, p
                              N:  s, p
                              S:  s, p, d
                              H:  s
Full 3rd order correction    Yes
Damped SCC                   Yes
Damped specie(s):            H                                                 
Extra options:
--------------------------------------------------------------------------------
 

********************************************************************************
** Geometry step: 0
********************************************************************************

  iSCC Total electronic   Diff electronic      SCC error    
    1   -0.13693512E+02    0.00000000E+00    0.47753513E+00
    2   -0.13693886E+02   -0.37393998E-03    0.46796112E+00
    3   -0.13701692E+02   -0.78060827E-02    0.11466788E+00
    4   -0.13701598E+02    0.93781012E-04    0.11000694E+00
    5   -0.13702155E+02   -0.55675485E-03    0.42240425E-01
    6   -0.13702187E+02   -0.31876738E-04    0.33544635E-01
    7   -0.13702142E+02    0.45335471E-04    0.32333051E-01
    8   -0.13702206E+02   -0.64443037E-04    0.30753501E-02
    9   -0.13702206E+02   -0.28294131E-06    0.22555680E-02
   10   -0.13702206E+02   -0.72562525E-07    0.27541184E-03
   11   -0.13702206E+02   -0.42337671E-08    0.78317952E-04
   12   -0.13702206E+02   -0.71641892E-09    0.26594911E-04
   13   -0.13702206E+02   -0.46668447E-10    0.34624473E-05
   14   -0.13702206E+02   -0.32507330E-12    0.91179445E-06
>> Charges saved for restart in charges.bin
 
 Total Energy:                     -13.4906453937 H
 Total Mermin free energy:         -13.4906453937 H
