================================================================================
==
==   Density Functional based Tight Binding with a lot of extensions (DFTB+)    
==
==                              Release: 1.2 (p2)
==
==                            (ParserVersion = 4)
==
================================================================================


********************************************************************************
** Parsing and initializing
********************************************************************************

Interpreting input file 'dftb_in.hsd'
--------------------------------------------------------------------------------
WARNING!
-> WriteHSDInput and WriteXMLInput both turned off. You won't eventually be 
 able to obtain the same results with a later version of the code!
Path: dftb_in/ParserOptions
Line: 79-82 (File: dftb_in.hsd)

Reading SK-files:
  /home/andersx/parameters/3ob-3-1/C-C.skf
  /home/andersx/parameters/3ob-3-1/C-N.skf
  /home/andersx/parameters/3ob-3-1/C-S.skf
  /home/andersx/parameters/3ob-3-1/C-H.skf
  /home/andersx/parameters/3ob-3-1/N-C.skf
  /home/andersx/parameters/3ob-3-1/N-N.skf
  /home/andersx/parameters/3ob-3-1/N-S.skf
  /home/andersx/parameters/3ob-3-1/N-H.skf
  /home/andersx/parameters/3ob-3-1/S-C.skf
  /home/andersx/parameters/3ob-3-1/S-N.skf
  /home/andersx/parameters/3ob-3-1/S-S.skf
  /home/andersx/parameters/3ob-3-1/S-H.skf
  /home/andersx/parameters/3ob-3-1/H-C.skf
  /home/andersx/parameters/3ob-3-1/H-N.skf
  /home/andersx/parameters/3ob-3-1/H-S.skf
  /home/andersx/parameters/3ob-3-1/H-H.skf
Done.

Starting initialization...
--------------------------------------------------------------------------------
Mode:                        Static calculation
Self consistent charges:     Yes
SCC-tolerance:                 0.100000E-05
Max. scc iterations:                    100
Ewald alpha parameter:         0.000000E+00
Spin polarisation:           No
Nr. of up electrons:            16.000000
Nr. of down electrons:          16.000000
Periodic boundaries:         No
Diagonalizer:                Divide and Conquer
Mixer:                       Anderson mixer
Mixing parameter:                  0.200000
Maximal SCC-cycles:                     100
Nr. of chrg. vectors to mix:              8
Electronic temperature:        0.100000E-07
Initial charges:             Set automatically (system chrg:   0.000E+00)
Included shells:              C:  s, p
                              N:  s, p
                              S:  s, p, d
                              H:  s
Full 3rd order correction    Yes
Damped SCC                   Yes
Damped specie(s):            H                                                 
Extra options:
--------------------------------------------------------------------------------
 

********************************************************************************
** Geometry step: 0
********************************************************************************

  iSCC Total electronic   Diff electronic      SCC error    
    1   -0.13701046E+02    0.00000000E+00    0.49087867E+00
    2   -0.13701480E+02   -0.43381947E-03    0.48157307E+00
    3   -0.13710244E+02   -0.87642962E-02    0.11265101E+00
    4   -0.13710158E+02    0.85737101E-04    0.10825756E+00
    5   -0.13710835E+02   -0.67697910E-03    0.35684029E-01
    6   -0.13710858E+02   -0.22701559E-04    0.32902896E-01
    7   -0.13710844E+02    0.13803135E-04    0.30062299E-01
    8   -0.13710870E+02   -0.25306167E-04    0.41093378E-02
    9   -0.13710870E+02   -0.64351736E-06    0.26722736E-02
   10   -0.13710871E+02   -0.11163881E-05    0.64471991E-03
   11   -0.13710871E+02   -0.14487037E-07    0.34415881E-03
   12   -0.13710871E+02   -0.37194230E-08    0.46597010E-04
   13   -0.13710871E+02   -0.75949913E-10    0.14178815E-04
   14   -0.13710871E+02   -0.30517811E-11    0.11480726E-05
   15   -0.13710871E+02   -0.37303494E-13    0.28396536E-06
>> Charges saved for restart in charges.bin
 
 Total Energy:                     -13.5320173687 H
 Total Mermin free energy:         -13.5320173687 H
