================================================================================
==
==   Density Functional based Tight Binding with a lot of extensions (DFTB+)    
==
==                              Release: 1.2 (p2)
==
==                            (ParserVersion = 4)
==
================================================================================


********************************************************************************
** Parsing and initializing
********************************************************************************

Interpreting input file 'dftb_in.hsd'
--------------------------------------------------------------------------------
WARNING!
-> WriteHSDInput and WriteXMLInput both turned off. You won't eventually be 
 able to obtain the same results with a later version of the code!
Path: dftb_in/ParserOptions
Line: 82-85 (File: dftb_in.hsd)

Reading SK-files:
  /home/andersx/parameters/3ob-3-1/C-C.skf
  /home/andersx/parameters/3ob-3-1/C-S.skf
  /home/andersx/parameters/3ob-3-1/C-O.skf
  /home/andersx/parameters/3ob-3-1/C-H.skf
  /home/andersx/parameters/3ob-3-1/S-C.skf
  /home/andersx/parameters/3ob-3-1/S-S.skf
  /home/andersx/parameters/3ob-3-1/S-O.skf
  /home/andersx/parameters/3ob-3-1/S-H.skf
  /home/andersx/parameters/3ob-3-1/O-C.skf
  /home/andersx/parameters/3ob-3-1/O-S.skf
  /home/andersx/parameters/3ob-3-1/O-O.skf
  /home/andersx/parameters/3ob-3-1/O-H.skf
  /home/andersx/parameters/3ob-3-1/H-C.skf
  /home/andersx/parameters/3ob-3-1/H-S.skf
  /home/andersx/parameters/3ob-3-1/H-O.skf
  /home/andersx/parameters/3ob-3-1/H-H.skf
Done.

Starting initialization...
--------------------------------------------------------------------------------
Mode:                        Static calculation
Self consistent charges:     Yes
SCC-tolerance:                 0.100000E-05
Max. scc iterations:                    100
Ewald alpha parameter:         0.000000E+00
Spin polarisation:           No
Nr. of up electrons:            19.000000
Nr. of down electrons:          19.000000
Periodic boundaries:         No
Diagonalizer:                Divide and Conquer
Mixer:                       Anderson mixer
Mixing parameter:                  0.200000
Maximal SCC-cycles:                     100
Nr. of chrg. vectors to mix:              8
Electronic temperature:        0.100000E-07
Initial charges:             Set automatically (system chrg:   0.000E+00)
Included shells:              C:  s, p
                              S:  s, p, d
                              O:  s, p
                              H:  s
Full 3rd order correction    Yes
Damped SCC                   Yes
Damped specie(s):            H                                                 
Extra options:
--------------------------------------------------------------------------------
 

********************************************************************************
** Geometry step: 0
********************************************************************************

  iSCC Total electronic   Diff electronic      SCC error    
    1   -0.17288121E+02    0.00000000E+00    0.16116832E+01
    2   -0.17289645E+02   -0.15242826E-02    0.15887025E+01
    3   -0.17339138E+02   -0.49492331E-01    0.18918387E+00
    4   -0.17340760E+02   -0.16225312E-02    0.17257289E+00
    5   -0.17339348E+02    0.14121844E-02    0.18840475E+00
    6   -0.17341039E+02   -0.16914996E-02    0.18522829E-01
    7   -0.17341036E+02    0.36269805E-05    0.16896707E-01
    8   -0.17341042E+02   -0.65393529E-05    0.10649539E-01
    9   -0.17341049E+02   -0.65899462E-05    0.36084180E-02
   10   -0.17341049E+02   -0.42395751E-07    0.34534365E-02
   11   -0.17341049E+02   -0.13651076E-06    0.17033294E-02
   12   -0.17341049E+02   -0.60328677E-07    0.14395907E-02
   13   -0.17341049E+02   -0.11177195E-06    0.32927140E-03
   14   -0.17341049E+02   -0.54415104E-08    0.15248916E-03
   15   -0.17341049E+02   -0.24530245E-08    0.75446431E-05
   16   -0.17341049E+02   -0.15596413E-11    0.22942503E-05
   17   -0.17341049E+02   -0.18829382E-12    0.12768753E-06
>> Charges saved for restart in charges.bin
 
 Total Energy:                     -17.1716834408 H
 Total Mermin free energy:         -17.1716834408 H
