================================================================================
==
==   Density Functional based Tight Binding with a lot of extensions (DFTB+)    
==
==                              Release: 1.2 (p2)
==
==                            (ParserVersion = 4)
==
================================================================================


********************************************************************************
** Parsing and initializing
********************************************************************************

Interpreting input file 'dftb_in.hsd'
--------------------------------------------------------------------------------
WARNING!
-> WriteHSDInput and WriteXMLInput both turned off. You won't eventually be 
 able to obtain the same results with a later version of the code!
Path: dftb_in/ParserOptions
Line: 69-72 (File: dftb_in.hsd)

Reading SK-files:
  /home/andersx/parameters/3ob-3-1/C-C.skf
  /home/andersx/parameters/3ob-3-1/C-H.skf
  /home/andersx/parameters/3ob-3-1/H-C.skf
  /home/andersx/parameters/3ob-3-1/H-H.skf
Done.

Starting initialization...
--------------------------------------------------------------------------------
Mode:                        Static calculation
Self consistent charges:     Yes
SCC-tolerance:                 0.100000E-05
Max. scc iterations:                    100
Ewald alpha parameter:         0.000000E+00
Spin polarisation:           No
Nr. of up electrons:            19.000000
Nr. of down electrons:          19.000000
Periodic boundaries:         No
Diagonalizer:                Divide and Conquer
Mixer:                       Anderson mixer
Mixing parameter:                  0.200000
Maximal SCC-cycles:                     100
Nr. of chrg. vectors to mix:              8
Electronic temperature:        0.100000E-07
Initial charges:             Set automatically (system chrg:   0.000E+00)
Included shells:              C:  s, p
                              H:  s
Full 3rd order correction    Yes
Damped SCC                   Yes
Damped specie(s):            H                                                 
Extra options:
--------------------------------------------------------------------------------
 

********************************************************************************
** Geometry step: 0
********************************************************************************

  iSCC Total electronic   Diff electronic      SCC error    
    1   -0.15462975E+02    0.00000000E+00    0.23423115E+00
    2   -0.15463079E+02   -0.10411209E-03    0.23061005E+00
    3   -0.15465976E+02   -0.28971554E-02    0.58319699E-01
    4   -0.15465948E+02    0.27965112E-04    0.58267356E-01
    5   -0.15465964E+02   -0.16529129E-04    0.31899429E-01
    6   -0.15466026E+02   -0.61512309E-04    0.50513157E-02
    7   -0.15466027E+02   -0.63662231E-06    0.35857417E-02
    8   -0.15466028E+02   -0.18712487E-05    0.87694263E-03
    9   -0.15466029E+02   -0.25838018E-07    0.76310997E-03
   10   -0.15466029E+02   -0.40372857E-07    0.41728781E-03
   11   -0.15466029E+02   -0.15517241E-08    0.10712989E-03
   12   -0.15466029E+02   -0.30259528E-09    0.29187947E-04
   13   -0.15466029E+02   -0.37958969E-10    0.57836105E-05
   14   -0.15466029E+02   -0.46895821E-12    0.11298695E-05
   15   -0.15466029E+02   -0.30198066E-13    0.20797009E-06
>> Charges saved for restart in charges.bin
 
 Total Energy:                     -15.5835767892 H
 Total Mermin free energy:         -15.5835767892 H
