================================================================================
==
==   Density Functional based Tight Binding with a lot of extensions (DFTB+)    
==
==                              Release: 1.2 (p2)
==
==                            (ParserVersion = 4)
==
================================================================================


********************************************************************************
** Parsing and initializing
********************************************************************************

Interpreting input file 'dftb_in.hsd'
--------------------------------------------------------------------------------
WARNING!
-> WriteHSDInput and WriteXMLInput both turned off. You won't eventually be 
 able to obtain the same results with a later version of the code!
Path: dftb_in/ParserOptions
Line: 71-74 (File: dftb_in.hsd)

Reading SK-files:
  /home/andersx/parameters/3ob-3-1/C-C.skf
  /home/andersx/parameters/3ob-3-1/C-H.skf
  /home/andersx/parameters/3ob-3-1/H-C.skf
  /home/andersx/parameters/3ob-3-1/H-H.skf
Done.

Starting initialization...
--------------------------------------------------------------------------------
Mode:                        Static calculation
Self consistent charges:     Yes
SCC-tolerance:                 0.100000E-05
Max. scc iterations:                    100
Ewald alpha parameter:         0.000000E+00
Spin polarisation:           No
Nr. of up electrons:            20.000000
Nr. of down electrons:          20.000000
Periodic boundaries:         No
Diagonalizer:                Divide and Conquer
Mixer:                       Anderson mixer
Mixing parameter:                  0.200000
Maximal SCC-cycles:                     100
Nr. of chrg. vectors to mix:              8
Electronic temperature:        0.100000E-07
Initial charges:             Set automatically (system chrg:   0.000E+00)
Included shells:              C:  s, p
                              H:  s
Full 3rd order correction    Yes
Damped SCC                   Yes
Damped specie(s):            H                                                 
Extra options:
--------------------------------------------------------------------------------
 

********************************************************************************
** Geometry step: 0
********************************************************************************

  iSCC Total electronic   Diff electronic      SCC error    
    1   -0.16311755E+02    0.00000000E+00    0.17826656E+00
    2   -0.16311802E+02   -0.47264669E-04    0.17608092E+00
    3   -0.16313202E+02   -0.13996470E-02    0.29318584E-01
    4   -0.16313192E+02    0.10193099E-04    0.34101718E-01
    5   -0.16313174E+02    0.17687624E-04    0.33951756E-01
    6   -0.16313215E+02   -0.41279948E-04    0.32342971E-02
    7   -0.16313216E+02   -0.33930982E-06    0.22788394E-02
    8   -0.16313216E+02   -0.49940371E-06    0.17364712E-02
    9   -0.16313216E+02   -0.32657898E-07    0.89530349E-03
   10   -0.16313216E+02   -0.34143355E-07    0.61174012E-04
   11   -0.16313216E+02   -0.40799364E-10    0.27505140E-04
   12   -0.16313216E+02   -0.36422421E-10    0.16513745E-05
   13   -0.16313216E+02   -0.85265128E-13    0.37901251E-06
>> Charges saved for restart in charges.bin
 
 Total Energy:                     -16.4959037440 H
 Total Mermin free energy:         -16.4959037440 H
