================================================================================
==
==   Density Functional based Tight Binding with a lot of extensions (DFTB+)    
==
==                              Release: 1.2 (p2)
==
==                            (ParserVersion = 4)
==
================================================================================


********************************************************************************
** Parsing and initializing
********************************************************************************

Interpreting input file 'dftb_in.hsd'
--------------------------------------------------------------------------------
WARNING!
-> WriteHSDInput and WriteXMLInput both turned off. You won't eventually be 
 able to obtain the same results with a later version of the code!
Path: dftb_in/ParserOptions
Line: 71-74 (File: dftb_in.hsd)

Reading SK-files:
  /home/andersx/parameters/3ob-3-1/C-C.skf
  /home/andersx/parameters/3ob-3-1/C-H.skf
  /home/andersx/parameters/3ob-3-1/H-C.skf
  /home/andersx/parameters/3ob-3-1/H-H.skf
Done.

Starting initialization...
--------------------------------------------------------------------------------
Mode:                        Static calculation
Self consistent charges:     Yes
SCC-tolerance:                 0.100000E-05
Max. scc iterations:                    100
Ewald alpha parameter:         0.000000E+00
Spin polarisation:           No
Nr. of up electrons:            20.000000
Nr. of down electrons:          20.000000
Periodic boundaries:         No
Diagonalizer:                Divide and Conquer
Mixer:                       Anderson mixer
Mixing parameter:                  0.200000
Maximal SCC-cycles:                     100
Nr. of chrg. vectors to mix:              8
Electronic temperature:        0.100000E-07
Initial charges:             Set automatically (system chrg:   0.000E+00)
Included shells:              C:  s, p
                              H:  s
Full 3rd order correction    Yes
Damped SCC                   Yes
Damped specie(s):            H                                                 
Extra options:
--------------------------------------------------------------------------------
 

********************************************************************************
** Geometry step: 0
********************************************************************************

  iSCC Total electronic   Diff electronic      SCC error    
    1   -0.16295966E+02    0.00000000E+00    0.21953593E+00
    2   -0.16295992E+02   -0.25910665E-04    0.21698915E+00
    3   -0.16296713E+02   -0.72157107E-03    0.35975271E-01
    4   -0.16296698E+02    0.15377957E-04    0.40058215E-01
    5   -0.16296705E+02   -0.67697852E-05    0.48599953E-01
    6   -0.16296743E+02   -0.37916705E-04    0.68793632E-02
    7   -0.16296743E+02   -0.55539323E-06    0.38322011E-02
    8   -0.16296744E+02   -0.55982054E-06    0.55876641E-02
    9   -0.16296744E+02   -0.23637400E-06    0.21101924E-02
   10   -0.16296744E+02   -0.15042708E-07    0.16023779E-02
   11   -0.16296744E+02   -0.38085314E-07    0.59437851E-04
   12   -0.16296744E+02   -0.19833024E-09    0.34299278E-04
   13   -0.16296744E+02   -0.11016965E-09    0.41385607E-05
   14   -0.16296744E+02   -0.17408297E-12    0.52654320E-06
>> Charges saved for restart in charges.bin
 
 Total Energy:                     -16.4550787630 H
 Total Mermin free energy:         -16.4550787630 H
