================================================================================
==
==   Density Functional based Tight Binding with a lot of extensions (DFTB+)    
==
==                              Release: 1.2 (p2)
==
==                            (ParserVersion = 4)
==
================================================================================


********************************************************************************
** Parsing and initializing
********************************************************************************

Interpreting input file 'dftb_in.hsd'
--------------------------------------------------------------------------------
WARNING!
-> WriteHSDInput and WriteXMLInput both turned off. You won't eventually be 
 able to obtain the same results with a later version of the code!
Path: dftb_in/ParserOptions
Line: 73-76 (File: dftb_in.hsd)

Reading SK-files:
  /home/andersx/parameters/3ob-3-1/C-C.skf
  /home/andersx/parameters/3ob-3-1/C-H.skf
  /home/andersx/parameters/3ob-3-1/H-C.skf
  /home/andersx/parameters/3ob-3-1/H-H.skf
Done.

Starting initialization...
--------------------------------------------------------------------------------
Mode:                        Static calculation
Self consistent charges:     Yes
SCC-tolerance:                 0.100000E-05
Max. scc iterations:                    100
Ewald alpha parameter:         0.000000E+00
Spin polarisation:           No
Nr. of up electrons:            21.000000
Nr. of down electrons:          21.000000
Periodic boundaries:         No
Diagonalizer:                Divide and Conquer
Mixer:                       Anderson mixer
Mixing parameter:                  0.200000
Maximal SCC-cycles:                     100
Nr. of chrg. vectors to mix:              8
Electronic temperature:        0.100000E-07
Initial charges:             Set automatically (system chrg:   0.000E+00)
Included shells:              C:  s, p
                              H:  s
Full 3rd order correction    Yes
Damped SCC                   Yes
Damped specie(s):            H                                                 
Extra options:
--------------------------------------------------------------------------------
 

********************************************************************************
** Geometry step: 0
********************************************************************************

  iSCC Total electronic   Diff electronic      SCC error    
    1   -0.17069504E+02    0.00000000E+00    0.15075713E+00
    2   -0.17069538E+02   -0.33679479E-04    0.14873518E+00
    3   -0.17070524E+02   -0.98631375E-03    0.12542375E-01
    4   -0.17070519E+02    0.49963905E-05    0.92898939E-02
    5   -0.17070514E+02    0.59837776E-05    0.15915297E-01
    6   -0.17070532E+02   -0.18236060E-04    0.22121162E-02
    7   -0.17070532E+02   -0.11975134E-06    0.25905399E-03
    8   -0.17070532E+02    0.12391084E-08    0.40587663E-03
    9   -0.17070532E+02   -0.30898235E-08    0.26246461E-04
   10   -0.17070532E+02   -0.31658232E-10    0.11877902E-04
   11   -0.17070532E+02   -0.36770587E-11    0.49838363E-06
>> Charges saved for restart in charges.bin
 
 Total Energy:                     -17.2829699295 H
 Total Mermin free energy:         -17.2829699295 H
