================================================================================
==
==   Density Functional based Tight Binding with a lot of extensions (DFTB+)    
==
==                              Release: 1.2 (p2)
==
==                            (ParserVersion = 4)
==
================================================================================


********************************************************************************
** Parsing and initializing
********************************************************************************

Interpreting input file 'dftb_in.hsd'
--------------------------------------------------------------------------------
WARNING!
-> WriteHSDInput and WriteXMLInput both turned off. You won't eventually be 
 able to obtain the same results with a later version of the code!
Path: dftb_in/ParserOptions
Line: 71-74 (File: dftb_in.hsd)

Reading SK-files:
  /home/andersx/parameters/3ob-3-1/C-C.skf
  /home/andersx/parameters/3ob-3-1/C-H.skf
  /home/andersx/parameters/3ob-3-1/H-C.skf
  /home/andersx/parameters/3ob-3-1/H-H.skf
Done.

Starting initialization...
--------------------------------------------------------------------------------
Mode:                        Static calculation
Self consistent charges:     Yes
SCC-tolerance:                 0.100000E-05
Max. scc iterations:                    100
Ewald alpha parameter:         0.000000E+00
Spin polarisation:           No
Nr. of up electrons:            20.000000
Nr. of down electrons:          20.000000
Periodic boundaries:         No
Diagonalizer:                Divide and Conquer
Mixer:                       Anderson mixer
Mixing parameter:                  0.200000
Maximal SCC-cycles:                     100
Nr. of chrg. vectors to mix:              8
Electronic temperature:        0.100000E-07
Initial charges:             Set automatically (system chrg:   0.000E+00)
Included shells:              C:  s, p
                              H:  s
Full 3rd order correction    Yes
Damped SCC                   Yes
Damped specie(s):            H                                                 
Extra options:
--------------------------------------------------------------------------------
 

********************************************************************************
** Geometry step: 0
********************************************************************************

  iSCC Total electronic   Diff electronic      SCC error    
    1   -0.16294446E+02    0.00000000E+00    0.25583423E+00
    2   -0.16294485E+02   -0.38889473E-04    0.25328255E+00
    3   -0.16295559E+02   -0.10740481E-02    0.83287811E-01
    4   -0.16295519E+02    0.40053641E-04    0.84449845E-01
    5   -0.16295491E+02    0.27890775E-04    0.55901980E-01
    6   -0.16295632E+02   -0.14094716E-03    0.10913401E-01
    7   -0.16295633E+02   -0.32936982E-06    0.76370678E-02
    8   -0.16295634E+02   -0.87132943E-06    0.38538067E-02
    9   -0.16295634E+02   -0.43272997E-06    0.64818073E-03
   10   -0.16295634E+02   -0.17622291E-07    0.58142910E-03
   11   -0.16295634E+02   -0.20353554E-07    0.11717359E-03
   12   -0.16295634E+02   -0.14569324E-09    0.91943483E-04
   13   -0.16295634E+02   -0.53614002E-10    0.98550113E-05
   14   -0.16295634E+02   -0.16960655E-10    0.18979306E-05
   15   -0.16295634E+02   -0.15631940E-12    0.67507464E-06
>> Charges saved for restart in charges.bin
 
 Total Energy:                     -16.4794723443 H
 Total Mermin free energy:         -16.4794723443 H
