================================================================================
==
==   Density Functional based Tight Binding with a lot of extensions (DFTB+)    
==
==                              Release: 1.2 (p2)
==
==                            (ParserVersion = 4)
==
================================================================================


********************************************************************************
** Parsing and initializing
********************************************************************************

Interpreting input file 'dftb_in.hsd'
--------------------------------------------------------------------------------
WARNING!
-> WriteHSDInput and WriteXMLInput both turned off. You won't eventually be 
 able to obtain the same results with a later version of the code!
Path: dftb_in/ParserOptions
Line: 73-76 (File: dftb_in.hsd)

Reading SK-files:
  /home/andersx/parameters/3ob-3-1/C-C.skf
  /home/andersx/parameters/3ob-3-1/C-H.skf
  /home/andersx/parameters/3ob-3-1/H-C.skf
  /home/andersx/parameters/3ob-3-1/H-H.skf
Done.

Starting initialization...
--------------------------------------------------------------------------------
Mode:                        Static calculation
Self consistent charges:     Yes
SCC-tolerance:                 0.100000E-05
Max. scc iterations:                    100
Ewald alpha parameter:         0.000000E+00
Spin polarisation:           No
Nr. of up electrons:            21.000000
Nr. of down electrons:          21.000000
Periodic boundaries:         No
Diagonalizer:                Divide and Conquer
Mixer:                       Anderson mixer
Mixing parameter:                  0.200000
Maximal SCC-cycles:                     100
Nr. of chrg. vectors to mix:              8
Electronic temperature:        0.100000E-07
Initial charges:             Set automatically (system chrg:   0.000E+00)
Included shells:              C:  s, p
                              H:  s
Full 3rd order correction    Yes
Damped SCC                   Yes
Damped specie(s):            H                                                 
Extra options:
--------------------------------------------------------------------------------
 

********************************************************************************
** Geometry step: 0
********************************************************************************

  iSCC Total electronic   Diff electronic      SCC error    
    1   -0.17075223E+02    0.00000000E+00    0.26223582E+00
    2   -0.17075250E+02   -0.26586697E-04    0.25952578E+00
    3   -0.17075941E+02   -0.69147493E-03    0.46402829E-01
    4   -0.17075915E+02    0.26385206E-04    0.42985739E-01
    5   -0.17075942E+02   -0.27484384E-04    0.54908919E-01
    6   -0.17076000E+02   -0.57619528E-04    0.82708849E-02
    7   -0.17076000E+02    0.65653694E-07    0.68166897E-02
    8   -0.17076000E+02   -0.19949772E-06    0.54839151E-02
    9   -0.17076001E+02   -0.57298993E-06    0.55271692E-03
   10   -0.17076001E+02   -0.45692339E-08    0.17426095E-03
   11   -0.17076001E+02   -0.61544903E-08    0.35049814E-04
   12   -0.17076001E+02   -0.57635674E-10    0.11152864E-04
   13   -0.17076001E+02   -0.44018122E-11    0.39295814E-06
>> Charges saved for restart in charges.bin
 
 Total Energy:                     -17.2863034162 H
 Total Mermin free energy:         -17.2863034162 H
