================================================================================
==
==   Density Functional based Tight Binding with a lot of extensions (DFTB+)    
==
==                              Release: 1.2 (p2)
==
==                            (ParserVersion = 4)
==
================================================================================


********************************************************************************
** Parsing and initializing
********************************************************************************

Interpreting input file 'dftb_in.hsd'
--------------------------------------------------------------------------------
WARNING!
-> WriteHSDInput and WriteXMLInput both turned off. You won't eventually be 
 able to obtain the same results with a later version of the code!
Path: dftb_in/ParserOptions
Line: 73-76 (File: dftb_in.hsd)

Reading SK-files:
  /home/andersx/parameters/3ob-3-1/C-C.skf
  /home/andersx/parameters/3ob-3-1/C-H.skf
  /home/andersx/parameters/3ob-3-1/H-C.skf
  /home/andersx/parameters/3ob-3-1/H-H.skf
Done.

Starting initialization...
--------------------------------------------------------------------------------
Mode:                        Static calculation
Self consistent charges:     Yes
SCC-tolerance:                 0.100000E-05
Max. scc iterations:                    100
Ewald alpha parameter:         0.000000E+00
Spin polarisation:           No
Nr. of up electrons:            21.000000
Nr. of down electrons:          21.000000
Periodic boundaries:         No
Diagonalizer:                Divide and Conquer
Mixer:                       Anderson mixer
Mixing parameter:                  0.200000
Maximal SCC-cycles:                     100
Nr. of chrg. vectors to mix:              8
Electronic temperature:        0.100000E-07
Initial charges:             Set automatically (system chrg:   0.000E+00)
Included shells:              C:  s, p
                              H:  s
Full 3rd order correction    Yes
Damped SCC                   Yes
Damped specie(s):            H                                                 
Extra options:
--------------------------------------------------------------------------------
 

********************************************************************************
** Geometry step: 0
********************************************************************************

  iSCC Total electronic   Diff electronic      SCC error    
    1   -0.17064270E+02    0.00000000E+00    0.25954979E+00
    2   -0.17064296E+02   -0.26031548E-04    0.25680151E+00
    3   -0.17064976E+02   -0.68031064E-03    0.76279098E-01
    4   -0.17064932E+02    0.44081403E-04    0.78281145E-01
    5   -0.17064907E+02    0.25442515E-04    0.64174628E-01
    6   -0.17065069E+02   -0.16253483E-03    0.12160086E-01
    7   -0.17065070E+02   -0.28086430E-06    0.68401280E-02
    8   -0.17065070E+02   -0.19779708E-06    0.44259694E-02
    9   -0.17065070E+02   -0.37051555E-06    0.68721102E-03
   10   -0.17065070E+02   -0.99223882E-08    0.45140109E-03
   11   -0.17065070E+02   -0.25951739E-07    0.81067523E-04
   12   -0.17065070E+02   -0.13804424E-09    0.48584927E-04
   13   -0.17065070E+02   -0.14381385E-10    0.37894065E-05
   14   -0.17065070E+02   -0.43343107E-12    0.78722571E-06
>> Charges saved for restart in charges.bin
 
 Total Energy:                     -17.2519285176 H
 Total Mermin free energy:         -17.2519285176 H
