================================================================================
==
==   Density Functional based Tight Binding with a lot of extensions (DFTB+)    
==
==                              Release: 1.2 (p2)
==
==                            (ParserVersion = 4)
==
================================================================================


********************************************************************************
** Parsing and initializing
********************************************************************************

Interpreting input file 'dftb_in.hsd'
--------------------------------------------------------------------------------
WARNING!
-> WriteHSDInput and WriteXMLInput both turned off. You won't eventually be 
 able to obtain the same results with a later version of the code!
Path: dftb_in/ParserOptions
Line: 73-76 (File: dftb_in.hsd)

Reading SK-files:
  /home/andersx/parameters/3ob-3-1/C-C.skf
  /home/andersx/parameters/3ob-3-1/C-H.skf
  /home/andersx/parameters/3ob-3-1/H-C.skf
  /home/andersx/parameters/3ob-3-1/H-H.skf
Done.

Starting initialization...
--------------------------------------------------------------------------------
Mode:                        Static calculation
Self consistent charges:     Yes
SCC-tolerance:                 0.100000E-05
Max. scc iterations:                    100
Ewald alpha parameter:         0.000000E+00
Spin polarisation:           No
Nr. of up electrons:            21.000000
Nr. of down electrons:          21.000000
Periodic boundaries:         No
Diagonalizer:                Divide and Conquer
Mixer:                       Anderson mixer
Mixing parameter:                  0.200000
Maximal SCC-cycles:                     100
Nr. of chrg. vectors to mix:              8
Electronic temperature:        0.100000E-07
Initial charges:             Set automatically (system chrg:   0.000E+00)
Included shells:              C:  s, p
                              H:  s
Full 3rd order correction    Yes
Damped SCC                   Yes
Damped specie(s):            H                                                 
Extra options:
--------------------------------------------------------------------------------
 

********************************************************************************
** Geometry step: 0
********************************************************************************

  iSCC Total electronic   Diff electronic      SCC error    
    1   -0.17065110E+02    0.00000000E+00    0.25971268E+00
    2   -0.17065136E+02   -0.26009892E-04    0.25696304E+00
    3   -0.17065837E+02   -0.70121931E-03    0.37749372E-01
    4   -0.17065813E+02    0.24169333E-04    0.33551501E-01
    5   -0.17065839E+02   -0.26264738E-04    0.46717808E-01
    6   -0.17065891E+02   -0.51469327E-04    0.49605064E-02
    7   -0.17065891E+02    0.75126845E-07    0.27494544E-02
    8   -0.17065891E+02   -0.45887764E-06    0.14962018E-02
    9   -0.17065892E+02   -0.32428380E-06    0.44142691E-03
   10   -0.17065892E+02   -0.28556428E-08    0.36036732E-03
   11   -0.17065892E+02   -0.92345331E-09    0.53641896E-04
   12   -0.17065892E+02   -0.77257312E-10    0.10107915E-04
   13   -0.17065892E+02   -0.89528385E-12    0.15209343E-05
   14   -0.17065892E+02   -0.42632564E-13    0.30472605E-06
>> Charges saved for restart in charges.bin
 
 Total Energy:                     -17.2522526918 H
 Total Mermin free energy:         -17.2522526918 H
