================================================================================
==
==   Density Functional based Tight Binding with a lot of extensions (DFTB+)    
==
==                              Release: 1.2 (p2)
==
==                            (ParserVersion = 4)
==
================================================================================


********************************************************************************
** Parsing and initializing
********************************************************************************

Interpreting input file 'dftb_in.hsd'
--------------------------------------------------------------------------------
WARNING!
-> WriteHSDInput and WriteXMLInput both turned off. You won't eventually be 
 able to obtain the same results with a later version of the code!
Path: dftb_in/ParserOptions
Line: 73-76 (File: dftb_in.hsd)

Reading SK-files:
  /home/andersx/parameters/3ob-3-1/C-C.skf
  /home/andersx/parameters/3ob-3-1/C-H.skf
  /home/andersx/parameters/3ob-3-1/H-C.skf
  /home/andersx/parameters/3ob-3-1/H-H.skf
Done.

Starting initialization...
--------------------------------------------------------------------------------
Mode:                        Static calculation
Self consistent charges:     Yes
SCC-tolerance:                 0.100000E-05
Max. scc iterations:                    100
Ewald alpha parameter:         0.000000E+00
Spin polarisation:           No
Nr. of up electrons:            21.000000
Nr. of down electrons:          21.000000
Periodic boundaries:         No
Diagonalizer:                Divide and Conquer
Mixer:                       Anderson mixer
Mixing parameter:                  0.200000
Maximal SCC-cycles:                     100
Nr. of chrg. vectors to mix:              8
Electronic temperature:        0.100000E-07
Initial charges:             Set automatically (system chrg:   0.000E+00)
Included shells:              C:  s, p
                              H:  s
Full 3rd order correction    Yes
Damped SCC                   Yes
Damped specie(s):            H                                                 
Extra options:
--------------------------------------------------------------------------------
 

********************************************************************************
** Geometry step: 0
********************************************************************************

  iSCC Total electronic   Diff electronic      SCC error    
    1   -0.17047062E+02    0.00000000E+00    0.25842349E+00
    2   -0.17047084E+02   -0.21859779E-04    0.25567080E+00
    3   -0.17047697E+02   -0.61330791E-03    0.41679551E-01
    4   -0.17047680E+02    0.17244094E-04    0.44185154E-01
    5   -0.17047666E+02    0.14124193E-04    0.59365810E-01
    6   -0.17047727E+02   -0.61545020E-04    0.76977872E-02
    7   -0.17047727E+02    0.22715287E-07    0.20870342E-02
    8   -0.17047727E+02   -0.24413104E-06    0.16236543E-02
    9   -0.17047728E+02   -0.30886948E-06    0.51889527E-03
   10   -0.17047728E+02   -0.11240289E-08    0.49743101E-03
   11   -0.17047728E+02   -0.26072122E-08    0.90927457E-04
   12   -0.17047728E+02   -0.95351282E-10    0.59829399E-04
   13   -0.17047728E+02   -0.54523497E-10    0.43096268E-05
   14   -0.17047728E+02   -0.20818902E-11    0.63512632E-06
>> Charges saved for restart in charges.bin
 
 Total Energy:                     -17.2601398505 H
 Total Mermin free energy:         -17.2601398505 H
