================================================================================
==
==   Density Functional based Tight Binding with a lot of extensions (DFTB+)    
==
==                              Release: 1.2 (p2)
==
==                            (ParserVersion = 4)
==
================================================================================


********************************************************************************
** Parsing and initializing
********************************************************************************

Interpreting input file 'dftb_in.hsd'
--------------------------------------------------------------------------------
WARNING!
-> WriteHSDInput and WriteXMLInput both turned off. You won't eventually be 
 able to obtain the same results with a later version of the code!
Path: dftb_in/ParserOptions
Line: 75-78 (File: dftb_in.hsd)

Reading SK-files:
  /home/andersx/parameters/3ob-3-1/C-C.skf
  /home/andersx/parameters/3ob-3-1/C-N.skf
  /home/andersx/parameters/3ob-3-1/C-H.skf
  /home/andersx/parameters/3ob-3-1/N-C.skf
  /home/andersx/parameters/3ob-3-1/N-N.skf
  /home/andersx/parameters/3ob-3-1/N-H.skf
  /home/andersx/parameters/3ob-3-1/H-C.skf
  /home/andersx/parameters/3ob-3-1/H-N.skf
  /home/andersx/parameters/3ob-3-1/H-H.skf
Done.

Starting initialization...
--------------------------------------------------------------------------------
Mode:                        Static calculation
Self consistent charges:     Yes
SCC-tolerance:                 0.100000E-05
Max. scc iterations:                    100
Ewald alpha parameter:         0.000000E+00
Spin polarisation:           No
Nr. of up electrons:            16.000000
Nr. of down electrons:          16.000000
Periodic boundaries:         No
Diagonalizer:                Divide and Conquer
Mixer:                       Anderson mixer
Mixing parameter:                  0.200000
Maximal SCC-cycles:                     100
Nr. of chrg. vectors to mix:              8
Electronic temperature:        0.100000E-07
Initial charges:             Set automatically (system chrg:   0.000E+00)
Included shells:              C:  s, p
                              N:  s, p
                              H:  s
Full 3rd order correction    Yes
Damped SCC                   Yes
Damped specie(s):            H                                                 
Extra options:
--------------------------------------------------------------------------------
 

********************************************************************************
** Geometry step: 0
********************************************************************************

  iSCC Total electronic   Diff electronic      SCC error    
    1   -0.13323691E+02    0.00000000E+00    0.34217131E+00
    2   -0.13323821E+02   -0.12951133E-03    0.33645912E+00
    3   -0.13327480E+02   -0.36595988E-02    0.80275695E-01
    4   -0.13327453E+02    0.26957915E-04    0.73233409E-01
    5   -0.13327488E+02   -0.34478853E-04    0.38800484E-01
    6   -0.13327523E+02   -0.35028580E-04    0.31040006E-02
    7   -0.13327523E+02   -0.27134800E-06    0.30218677E-02
    8   -0.13327524E+02   -0.10150974E-05    0.39515789E-03
    9   -0.13327524E+02   -0.11298891E-08    0.42256000E-03
   10   -0.13327524E+02   -0.43166661E-08    0.14919128E-03
   11   -0.13327524E+02   -0.52117599E-09    0.25616607E-04
   12   -0.13327524E+02   -0.13624657E-11    0.60620993E-05
   13   -0.13327524E+02   -0.66613381E-12    0.37040303E-06
>> Charges saved for restart in charges.bin
 
 Total Energy:                     -13.3757080892 H
 Total Mermin free energy:         -13.3757080892 H
