================================================================================
==
==   Density Functional based Tight Binding with a lot of extensions (DFTB+)    
==
==                              Release: 1.2 (p2)
==
==                            (ParserVersion = 4)
==
================================================================================


********************************************************************************
** Parsing and initializing
********************************************************************************

Interpreting input file 'dftb_in.hsd'
--------------------------------------------------------------------------------
WARNING!
-> WriteHSDInput and WriteXMLInput both turned off. You won't eventually be 
 able to obtain the same results with a later version of the code!
Path: dftb_in/ParserOptions
Line: 73-76 (File: dftb_in.hsd)

Reading SK-files:
  /home/andersx/parameters/3ob-3-1/C-C.skf
  /home/andersx/parameters/3ob-3-1/C-H.skf
  /home/andersx/parameters/3ob-3-1/H-C.skf
  /home/andersx/parameters/3ob-3-1/H-H.skf
Done.

Starting initialization...
--------------------------------------------------------------------------------
Mode:                        Static calculation
Self consistent charges:     Yes
SCC-tolerance:                 0.100000E-05
Max. scc iterations:                    100
Ewald alpha parameter:         0.000000E+00
Spin polarisation:           No
Nr. of up electrons:            21.000000
Nr. of down electrons:          21.000000
Periodic boundaries:         No
Diagonalizer:                Divide and Conquer
Mixer:                       Anderson mixer
Mixing parameter:                  0.200000
Maximal SCC-cycles:                     100
Nr. of chrg. vectors to mix:              8
Electronic temperature:        0.100000E-07
Initial charges:             Set automatically (system chrg:   0.000E+00)
Included shells:              C:  s, p
                              H:  s
Full 3rd order correction    Yes
Damped SCC                   Yes
Damped specie(s):            H                                                 
Extra options:
--------------------------------------------------------------------------------
 

********************************************************************************
** Geometry step: 0
********************************************************************************

  iSCC Total electronic   Diff electronic      SCC error    
    1   -0.17058416E+02    0.00000000E+00    0.25886452E+00
    2   -0.17058435E+02   -0.18831017E-04    0.25612414E+00
    3   -0.17058960E+02   -0.52480176E-03    0.42502833E-01
    4   -0.17058950E+02    0.96462573E-05    0.42479717E-01
    5   -0.17058941E+02    0.89659472E-05    0.43216708E-01
    6   -0.17058975E+02   -0.33520834E-04    0.91532500E-02
    7   -0.17058975E+02   -0.10840189E-06    0.25329633E-02
    8   -0.17058975E+02   -0.63889497E-06    0.37684856E-02
    9   -0.17058976E+02   -0.35805363E-06    0.27199888E-03
   10   -0.17058976E+02   -0.36077665E-08    0.32275864E-03
   11   -0.17058976E+02   -0.13415153E-08    0.46247762E-04
   12   -0.17058976E+02   -0.15142376E-09    0.84771081E-05
   13   -0.17058976E+02   -0.47641890E-11    0.28447262E-05
   14   -0.17058976E+02   -0.29487524E-12    0.35331677E-06
>> Charges saved for restart in charges.bin
 
 Total Energy:                     -17.2464118237 H
 Total Mermin free energy:         -17.2464118237 H
