================================================================================
==
==   Density Functional based Tight Binding with a lot of extensions (DFTB+)    
==
==                              Release: 1.2 (p2)
==
==                            (ParserVersion = 4)
==
================================================================================


********************************************************************************
** Parsing and initializing
********************************************************************************

Interpreting input file 'dftb_in.hsd'
--------------------------------------------------------------------------------
WARNING!
-> WriteHSDInput and WriteXMLInput both turned off. You won't eventually be 
 able to obtain the same results with a later version of the code!
Path: dftb_in/ParserOptions
Line: 75-78 (File: dftb_in.hsd)

Reading SK-files:
  /home/andersx/parameters/3ob-3-1/C-C.skf
  /home/andersx/parameters/3ob-3-1/C-H.skf
  /home/andersx/parameters/3ob-3-1/H-C.skf
  /home/andersx/parameters/3ob-3-1/H-H.skf
Done.

Starting initialization...
--------------------------------------------------------------------------------
Mode:                        Static calculation
Self consistent charges:     Yes
SCC-tolerance:                 0.100000E-05
Max. scc iterations:                    100
Ewald alpha parameter:         0.000000E+00
Spin polarisation:           No
Nr. of up electrons:            22.000000
Nr. of down electrons:          22.000000
Periodic boundaries:         No
Diagonalizer:                Divide and Conquer
Mixer:                       Anderson mixer
Mixing parameter:                  0.200000
Maximal SCC-cycles:                     100
Nr. of chrg. vectors to mix:              8
Electronic temperature:        0.100000E-07
Initial charges:             Set automatically (system chrg:   0.000E+00)
Included shells:              C:  s, p
                              H:  s
Full 3rd order correction    Yes
Damped SCC                   Yes
Damped specie(s):            H                                                 
Extra options:
--------------------------------------------------------------------------------
 

********************************************************************************
** Geometry step: 0
********************************************************************************

  iSCC Total electronic   Diff electronic      SCC error    
    1   -0.17807403E+02    0.00000000E+00    0.26709521E+00
    2   -0.17807417E+02   -0.13178986E-04    0.26425929E+00
    3   -0.17807775E+02   -0.35881928E-03    0.43605774E-01
    4   -0.17807759E+02    0.16105035E-04    0.47833235E-01
    5   -0.17807717E+02    0.42575162E-04    0.75413941E-01
    6   -0.17807810E+02   -0.92939703E-04    0.13536921E-01
    7   -0.17807809E+02    0.67548245E-06    0.83912519E-02
    8   -0.17807809E+02   -0.33161986E-06    0.97091038E-02
    9   -0.17807811E+02   -0.16734869E-05    0.10104894E-02
   10   -0.17807811E+02   -0.75985618E-08    0.42248124E-03
   11   -0.17807811E+02   -0.59586931E-08    0.55575754E-04
   12   -0.17807811E+02   -0.63373307E-10    0.28900371E-04
   13   -0.17807811E+02   -0.29228175E-10    0.29722297E-05
   14   -0.17807811E+02   -0.33395509E-12    0.14123487E-06
>> Charges saved for restart in charges.bin
 
 Total Energy:                     -18.0495761351 H
 Total Mermin free energy:         -18.0495761351 H
