================================================================================
==
==   Density Functional based Tight Binding with a lot of extensions (DFTB+)    
==
==                              Release: 1.2 (p2)
==
==                            (ParserVersion = 4)
==
================================================================================


********************************************************************************
** Parsing and initializing
********************************************************************************

Interpreting input file 'dftb_in.hsd'
--------------------------------------------------------------------------------
WARNING!
-> WriteHSDInput and WriteXMLInput both turned off. You won't eventually be 
 able to obtain the same results with a later version of the code!
Path: dftb_in/ParserOptions
Line: 75-78 (File: dftb_in.hsd)

Reading SK-files:
  /home/andersx/parameters/3ob-3-1/C-C.skf
  /home/andersx/parameters/3ob-3-1/C-H.skf
  /home/andersx/parameters/3ob-3-1/H-C.skf
  /home/andersx/parameters/3ob-3-1/H-H.skf
Done.

Starting initialization...
--------------------------------------------------------------------------------
Mode:                        Static calculation
Self consistent charges:     Yes
SCC-tolerance:                 0.100000E-05
Max. scc iterations:                    100
Ewald alpha parameter:         0.000000E+00
Spin polarisation:           No
Nr. of up electrons:            22.000000
Nr. of down electrons:          22.000000
Periodic boundaries:         No
Diagonalizer:                Divide and Conquer
Mixer:                       Anderson mixer
Mixing parameter:                  0.200000
Maximal SCC-cycles:                     100
Nr. of chrg. vectors to mix:              8
Electronic temperature:        0.100000E-07
Initial charges:             Set automatically (system chrg:   0.000E+00)
Included shells:              C:  s, p
                              H:  s
Full 3rd order correction    Yes
Damped SCC                   Yes
Damped specie(s):            H                                                 
Extra options:
--------------------------------------------------------------------------------
 

********************************************************************************
** Geometry step: 0
********************************************************************************

  iSCC Total electronic   Diff electronic      SCC error    
    1   -0.17802972E+02    0.00000000E+00    0.26811738E+00
    2   -0.17802990E+02   -0.17397742E-04    0.26529395E+00
    3   -0.17803413E+02   -0.42378169E-03    0.45845118E-01
    4   -0.17803386E+02    0.27375436E-04    0.50659404E-01
    5   -0.17803368E+02    0.17769257E-04    0.63815877E-01
    6   -0.17803474E+02   -0.10535129E-03    0.11042969E-01
    7   -0.17803474E+02   -0.21525859E-06    0.40780722E-02
    8   -0.17803474E+02   -0.18620545E-06    0.32769011E-02
    9   -0.17803474E+02   -0.30186883E-06    0.94278274E-03
   10   -0.17803474E+02   -0.22955646E-08    0.85014933E-03
   11   -0.17803474E+02   -0.80900016E-08    0.19916811E-03
   12   -0.17803474E+02   -0.71500139E-09    0.12714357E-03
   13   -0.17803474E+02   -0.29122305E-09    0.15446427E-04
   14   -0.17803474E+02   -0.21000091E-10    0.16091113E-05
   15   -0.17803474E+02   -0.28421709E-13    0.44249401E-06
>> Charges saved for restart in charges.bin
 
 Total Energy:                     -18.0462927925 H
 Total Mermin free energy:         -18.0462927925 H
