================================================================================
==
==   Density Functional based Tight Binding with a lot of extensions (DFTB+)    
==
==                              Release: 1.2 (p2)
==
==                            (ParserVersion = 4)
==
================================================================================


********************************************************************************
** Parsing and initializing
********************************************************************************

Interpreting input file 'dftb_in.hsd'
--------------------------------------------------------------------------------
WARNING!
-> WriteHSDInput and WriteXMLInput both turned off. You won't eventually be 
 able to obtain the same results with a later version of the code!
Path: dftb_in/ParserOptions
Line: 69-72 (File: dftb_in.hsd)

Reading SK-files:
  /home/andersx/parameters/3ob-3-1/C-C.skf
  /home/andersx/parameters/3ob-3-1/C-H.skf
  /home/andersx/parameters/3ob-3-1/H-C.skf
  /home/andersx/parameters/3ob-3-1/H-H.skf
Done.

Starting initialization...
--------------------------------------------------------------------------------
Mode:                        Static calculation
Self consistent charges:     Yes
SCC-tolerance:                 0.100000E-05
Max. scc iterations:                    100
Ewald alpha parameter:         0.000000E+00
Spin polarisation:           No
Nr. of up electrons:            19.000000
Nr. of down electrons:          19.000000
Periodic boundaries:         No
Diagonalizer:                Divide and Conquer
Mixer:                       Anderson mixer
Mixing parameter:                  0.200000
Maximal SCC-cycles:                     100
Nr. of chrg. vectors to mix:              8
Electronic temperature:        0.100000E-07
Initial charges:             Set automatically (system chrg:   0.000E+00)
Included shells:              C:  s, p
                              H:  s
Full 3rd order correction    Yes
Damped SCC                   Yes
Damped specie(s):            H                                                 
Extra options:
--------------------------------------------------------------------------------
 

********************************************************************************
** Geometry step: 0
********************************************************************************

  iSCC Total electronic   Diff electronic      SCC error    
    1   -0.15617962E+02    0.00000000E+00    0.17695661E+00
    2   -0.15618024E+02   -0.61369089E-04    0.17455389E+00
    3   -0.15619900E+02   -0.18764661E-02    0.34618743E-01
    4   -0.15619891E+02    0.92477220E-05    0.36811901E-01
    5   -0.15619879E+02    0.12519171E-04    0.30369857E-01
    6   -0.15619912E+02   -0.33899127E-04    0.26651388E-02
    7   -0.15619913E+02   -0.77104037E-06    0.47459534E-02
    8   -0.15619914E+02   -0.77093112E-06    0.18226710E-02
    9   -0.15619914E+02   -0.26082875E-07    0.11990233E-02
   10   -0.15619914E+02   -0.22324423E-07    0.58405064E-04
   11   -0.15619914E+02   -0.41563730E-09    0.34510853E-04
   12   -0.15619914E+02   -0.20121149E-09    0.40785292E-05
   13   -0.15619914E+02   -0.81357143E-12    0.52918875E-06
>> Charges saved for restart in charges.bin
 
 Total Energy:                     -15.7103313825 H
 Total Mermin free energy:         -15.7103313825 H
