================================================================================
==
==   Density Functional based Tight Binding with a lot of extensions (DFTB+)    
==
==                              Release: 1.2 (p2)
==
==                            (ParserVersion = 4)
==
================================================================================


********************************************************************************
** Parsing and initializing
********************************************************************************

Interpreting input file 'dftb_in.hsd'
--------------------------------------------------------------------------------
WARNING!
-> WriteHSDInput and WriteXMLInput both turned off. You won't eventually be 
 able to obtain the same results with a later version of the code!
Path: dftb_in/ParserOptions
Line: 69-72 (File: dftb_in.hsd)

Reading SK-files:
  /home/andersx/parameters/3ob-3-1/C-C.skf
  /home/andersx/parameters/3ob-3-1/C-H.skf
  /home/andersx/parameters/3ob-3-1/H-C.skf
  /home/andersx/parameters/3ob-3-1/H-H.skf
Done.

Starting initialization...
--------------------------------------------------------------------------------
Mode:                        Static calculation
Self consistent charges:     Yes
SCC-tolerance:                 0.100000E-05
Max. scc iterations:                    100
Ewald alpha parameter:         0.000000E+00
Spin polarisation:           No
Nr. of up electrons:            19.000000
Nr. of down electrons:          19.000000
Periodic boundaries:         No
Diagonalizer:                Divide and Conquer
Mixer:                       Anderson mixer
Mixing parameter:                  0.200000
Maximal SCC-cycles:                     100
Nr. of chrg. vectors to mix:              8
Electronic temperature:        0.100000E-07
Initial charges:             Set automatically (system chrg:   0.000E+00)
Included shells:              C:  s, p
                              H:  s
Full 3rd order correction    Yes
Damped SCC                   Yes
Damped specie(s):            H                                                 
Extra options:
--------------------------------------------------------------------------------
 

********************************************************************************
** Geometry step: 0
********************************************************************************

  iSCC Total electronic   Diff electronic      SCC error    
    1   -0.15577715E+02    0.00000000E+00    0.16210208E+00
    2   -0.15577792E+02   -0.77032745E-04    0.15978995E+00
    3   -0.15580047E+02   -0.22545909E-02    0.61338223E-01
    4   -0.15580032E+02    0.14364435E-04    0.58300664E-01
    5   -0.15580052E+02   -0.19618820E-04    0.18191567E-01
    6   -0.15580074E+02   -0.22039348E-04    0.19199951E-02
    7   -0.15580074E+02   -0.25865322E-06    0.26948109E-02
    8   -0.15580075E+02   -0.81747286E-06    0.14882575E-02
    9   -0.15580075E+02   -0.14883756E-07    0.12617035E-02
   10   -0.15580075E+02   -0.18003970E-07    0.59846245E-03
   11   -0.15580075E+02   -0.58851928E-08    0.20149861E-03
   12   -0.15580075E+02   -0.10520154E-08    0.13208963E-04
   13   -0.15580075E+02   -0.39271697E-10    0.52178452E-05
   14   -0.15580075E+02   -0.18953727E-11    0.56144968E-06
>> Charges saved for restart in charges.bin
 
 Total Energy:                     -15.6520131996 H
 Total Mermin free energy:         -15.6520131996 H
