================================================================================
==
==   Density Functional based Tight Binding with a lot of extensions (DFTB+)    
==
==                              Release: 1.2 (p2)
==
==                            (ParserVersion = 4)
==
================================================================================


********************************************************************************
** Parsing and initializing
********************************************************************************

Interpreting input file 'dftb_in.hsd'
--------------------------------------------------------------------------------
WARNING!
-> WriteHSDInput and WriteXMLInput both turned off. You won't eventually be 
 able to obtain the same results with a later version of the code!
Path: dftb_in/ParserOptions
Line: 71-74 (File: dftb_in.hsd)

Reading SK-files:
  /home/andersx/parameters/3ob-3-1/C-C.skf
  /home/andersx/parameters/3ob-3-1/C-H.skf
  /home/andersx/parameters/3ob-3-1/H-C.skf
  /home/andersx/parameters/3ob-3-1/H-H.skf
Done.

Starting initialization...
--------------------------------------------------------------------------------
Mode:                        Static calculation
Self consistent charges:     Yes
SCC-tolerance:                 0.100000E-05
Max. scc iterations:                    100
Ewald alpha parameter:         0.000000E+00
Spin polarisation:           No
Nr. of up electrons:            20.000000
Nr. of down electrons:          20.000000
Periodic boundaries:         No
Diagonalizer:                Divide and Conquer
Mixer:                       Anderson mixer
Mixing parameter:                  0.200000
Maximal SCC-cycles:                     100
Nr. of chrg. vectors to mix:              8
Electronic temperature:        0.100000E-07
Initial charges:             Set automatically (system chrg:   0.000E+00)
Included shells:              C:  s, p
                              H:  s
Full 3rd order correction    Yes
Damped SCC                   Yes
Damped specie(s):            H                                                 
Extra options:
--------------------------------------------------------------------------------
 

********************************************************************************
** Geometry step: 0
********************************************************************************

  iSCC Total electronic   Diff electronic      SCC error    
    1   -0.16371165E+02    0.00000000E+00    0.36881099E+00
    2   -0.16371194E+02   -0.29789865E-04    0.36430817E+00
    3   -0.16371955E+02   -0.76041398E-03    0.48570212E-01
    4   -0.16371907E+02    0.47726873E-04    0.47802448E-01
    5   -0.16371906E+02    0.87843329E-06    0.42993400E-01
    6   -0.16372049E+02   -0.14316083E-03    0.59648646E-02
    7   -0.16372049E+02   -0.13470569E-06    0.52254190E-02
    8   -0.16372053E+02   -0.30958806E-05    0.23995344E-02
    9   -0.16372052E+02    0.87277105E-07    0.24596196E-02
   10   -0.16372053E+02   -0.13406378E-06    0.18110357E-02
   11   -0.16372053E+02   -0.10400441E-07    0.40994393E-03
   12   -0.16372053E+02   -0.37948169E-08    0.66725832E-04
   13   -0.16372053E+02   -0.30325964E-10    0.21386996E-04
   14   -0.16372053E+02   -0.33690384E-10    0.17917413E-05
   15   -0.16372053E+02   -0.49737992E-13    0.61671807E-06
>> Charges saved for restart in charges.bin
 
 Total Energy:                     -16.4632296806 H
 Total Mermin free energy:         -16.4632296806 H
