================================================================================
==
==   Density Functional based Tight Binding with a lot of extensions (DFTB+)    
==
==                              Release: 1.2 (p2)
==
==                            (ParserVersion = 4)
==
================================================================================


********************************************************************************
** Parsing and initializing
********************************************************************************

Interpreting input file 'dftb_in.hsd'
--------------------------------------------------------------------------------
WARNING!
-> WriteHSDInput and WriteXMLInput both turned off. You won't eventually be 
 able to obtain the same results with a later version of the code!
Path: dftb_in/ParserOptions
Line: 71-74 (File: dftb_in.hsd)

Reading SK-files:
  /home/andersx/parameters/3ob-3-1/C-C.skf
  /home/andersx/parameters/3ob-3-1/C-H.skf
  /home/andersx/parameters/3ob-3-1/H-C.skf
  /home/andersx/parameters/3ob-3-1/H-H.skf
Done.

Starting initialization...
--------------------------------------------------------------------------------
Mode:                        Static calculation
Self consistent charges:     Yes
SCC-tolerance:                 0.100000E-05
Max. scc iterations:                    100
Ewald alpha parameter:         0.000000E+00
Spin polarisation:           No
Nr. of up electrons:            20.000000
Nr. of down electrons:          20.000000
Periodic boundaries:         No
Diagonalizer:                Divide and Conquer
Mixer:                       Anderson mixer
Mixing parameter:                  0.200000
Maximal SCC-cycles:                     100
Nr. of chrg. vectors to mix:              8
Electronic temperature:        0.100000E-07
Initial charges:             Set automatically (system chrg:   0.000E+00)
Included shells:              C:  s, p
                              H:  s
Full 3rd order correction    Yes
Damped SCC                   Yes
Damped specie(s):            H                                                 
Extra options:
--------------------------------------------------------------------------------
 

********************************************************************************
** Geometry step: 0
********************************************************************************

  iSCC Total electronic   Diff electronic      SCC error    
    1   -0.16366389E+02    0.00000000E+00    0.31591853E+00
    2   -0.16366411E+02   -0.22841483E-04    0.31223204E+00
    3   -0.16367065E+02   -0.65385609E-03    0.38113199E-01
    4   -0.16367048E+02    0.17181238E-04    0.30579495E-01
    5   -0.16367067E+02   -0.18675259E-04    0.37060025E-01
    6   -0.16367104E+02   -0.36783414E-04    0.84813109E-02
    7   -0.16367104E+02   -0.84308923E-07    0.69385329E-02
    8   -0.16367105E+02   -0.16333149E-05    0.16528198E-02
    9   -0.16367106E+02   -0.29403524E-06    0.63444476E-03
   10   -0.16367106E+02   -0.15761056E-07    0.20288245E-03
   11   -0.16367106E+02   -0.31130334E-08    0.26184117E-04
   12   -0.16367106E+02   -0.37328363E-10    0.87390015E-05
   13   -0.16367106E+02   -0.34106051E-12    0.68592655E-06
>> Charges saved for restart in charges.bin
 
 Total Energy:                     -16.4589288094 H
 Total Mermin free energy:         -16.4589288094 H
