================================================================================
==
==   Density Functional based Tight Binding with a lot of extensions (DFTB+)    
==
==                              Release: 1.2 (p2)
==
==                            (ParserVersion = 4)
==
================================================================================


********************************************************************************
** Parsing and initializing
********************************************************************************

Interpreting input file 'dftb_in.hsd'
--------------------------------------------------------------------------------
WARNING!
-> WriteHSDInput and WriteXMLInput both turned off. You won't eventually be 
 able to obtain the same results with a later version of the code!
Path: dftb_in/ParserOptions
Line: 71-74 (File: dftb_in.hsd)

Reading SK-files:
  /home/andersx/parameters/3ob-3-1/C-C.skf
  /home/andersx/parameters/3ob-3-1/C-N.skf
  /home/andersx/parameters/3ob-3-1/C-H.skf
  /home/andersx/parameters/3ob-3-1/N-C.skf
  /home/andersx/parameters/3ob-3-1/N-N.skf
  /home/andersx/parameters/3ob-3-1/N-H.skf
  /home/andersx/parameters/3ob-3-1/H-C.skf
  /home/andersx/parameters/3ob-3-1/H-N.skf
  /home/andersx/parameters/3ob-3-1/H-H.skf
Done.

Starting initialization...
--------------------------------------------------------------------------------
Mode:                        Static calculation
Self consistent charges:     Yes
SCC-tolerance:                 0.100000E-05
Max. scc iterations:                    100
Ewald alpha parameter:         0.000000E+00
Spin polarisation:           No
Nr. of up electrons:            14.000000
Nr. of down electrons:          14.000000
Periodic boundaries:         No
Diagonalizer:                Divide and Conquer
Mixer:                       Anderson mixer
Mixing parameter:                  0.200000
Maximal SCC-cycles:                     100
Nr. of chrg. vectors to mix:              8
Electronic temperature:        0.100000E-07
Initial charges:             Set automatically (system chrg:   0.000E+00)
Included shells:              C:  s, p
                              N:  s, p
                              H:  s
Full 3rd order correction    Yes
Damped SCC                   Yes
Damped specie(s):            H                                                 
Extra options:
--------------------------------------------------------------------------------
 

********************************************************************************
** Geometry step: 0
********************************************************************************

  iSCC Total electronic   Diff electronic      SCC error    
    1   -0.11982701E+02    0.00000000E+00    0.45521822E+00
    2   -0.11982786E+02   -0.85049616E-04    0.44905814E+00
    3   -0.11985292E+02   -0.25062812E-02    0.36913021E-01
    4   -0.11985267E+02    0.25197068E-04    0.29279324E-01
    5   -0.11985284E+02   -0.17251923E-04    0.39950104E-01
    6   -0.11985345E+02   -0.60651998E-04    0.29654609E-02
    7   -0.11985345E+02   -0.90650422E-07    0.19118330E-02
    8   -0.11985345E+02   -0.18038391E-06    0.15316200E-02
    9   -0.11985345E+02    0.87182705E-09    0.15059486E-02
   10   -0.11985345E+02    0.11682911E-07    0.11846139E-02
   11   -0.11985345E+02   -0.23161997E-07    0.26100771E-03
   12   -0.11985345E+02   -0.47699391E-08    0.46433032E-04
   13   -0.11985345E+02   -0.83504759E-10    0.76840059E-05
   14   -0.11985345E+02   -0.13606893E-11    0.22367588E-05
   15   -0.11985345E+02   -0.19539925E-13    0.17725994E-06
>> Charges saved for restart in charges.bin
 
 Total Energy:                     -11.7971249864 H
 Total Mermin free energy:         -11.7971249864 H
