================================================================================
==
==   Density Functional based Tight Binding with a lot of extensions (DFTB+)    
==
==                              Release: 1.2 (p2)
==
==                            (ParserVersion = 4)
==
================================================================================


********************************************************************************
** Parsing and initializing
********************************************************************************

Interpreting input file 'dftb_in.hsd'
--------------------------------------------------------------------------------
WARNING!
-> WriteHSDInput and WriteXMLInput both turned off. You won't eventually be 
 able to obtain the same results with a later version of the code!
Path: dftb_in/ParserOptions
Line: 71-74 (File: dftb_in.hsd)

Reading SK-files:
  /home/andersx/parameters/3ob-3-1/C-C.skf
  /home/andersx/parameters/3ob-3-1/C-H.skf
  /home/andersx/parameters/3ob-3-1/H-C.skf
  /home/andersx/parameters/3ob-3-1/H-H.skf
Done.

Starting initialization...
--------------------------------------------------------------------------------
Mode:                        Static calculation
Self consistent charges:     Yes
SCC-tolerance:                 0.100000E-05
Max. scc iterations:                    100
Ewald alpha parameter:         0.000000E+00
Spin polarisation:           No
Nr. of up electrons:            20.000000
Nr. of down electrons:          20.000000
Periodic boundaries:         No
Diagonalizer:                Divide and Conquer
Mixer:                       Anderson mixer
Mixing parameter:                  0.200000
Maximal SCC-cycles:                     100
Nr. of chrg. vectors to mix:              8
Electronic temperature:        0.100000E-07
Initial charges:             Set automatically (system chrg:   0.000E+00)
Included shells:              C:  s, p
                              H:  s
Full 3rd order correction    Yes
Damped SCC                   Yes
Damped specie(s):            H                                                 
Extra options:
--------------------------------------------------------------------------------
 

********************************************************************************
** Geometry step: 0
********************************************************************************

  iSCC Total electronic   Diff electronic      SCC error    
    1   -0.16385907E+02    0.00000000E+00    0.25657567E+00
    2   -0.16385965E+02   -0.58038889E-04    0.25394446E+00
    3   -0.16387530E+02   -0.15647212E-02    0.56050136E-01
    4   -0.16387481E+02    0.48870275E-04    0.59234320E-01
    5   -0.16387556E+02   -0.75434957E-04    0.42150071E-01
    6   -0.16387639E+02   -0.82833468E-04    0.52806611E-02
    7   -0.16387639E+02    0.20836250E-07    0.62447383E-02
    8   -0.16387640E+02   -0.72116640E-06    0.18714898E-02
    9   -0.16387640E+02   -0.11141509E-06    0.70462754E-03
   10   -0.16387640E+02   -0.42311800E-07    0.30255361E-03
   11   -0.16387640E+02   -0.13273670E-07    0.43529284E-04
   12   -0.16387640E+02   -0.10335555E-09    0.14699821E-04
   13   -0.16387640E+02   -0.26716407E-10    0.36422766E-05
   14   -0.16387640E+02   -0.92725827E-12    0.53826715E-06
>> Charges saved for restart in charges.bin
 
 Total Energy:                     -16.5026741825 H
 Total Mermin free energy:         -16.5026741825 H
