================================================================================
==
==   Density Functional based Tight Binding with a lot of extensions (DFTB+)    
==
==                              Release: 1.2 (p2)
==
==                            (ParserVersion = 4)
==
================================================================================


********************************************************************************
** Parsing and initializing
********************************************************************************

Interpreting input file 'dftb_in.hsd'
--------------------------------------------------------------------------------
WARNING!
-> WriteHSDInput and WriteXMLInput both turned off. You won't eventually be 
 able to obtain the same results with a later version of the code!
Path: dftb_in/ParserOptions
Line: 70-73 (File: dftb_in.hsd)

Reading SK-files:
  /home/andersx/parameters/3ob-3-1/C-C.skf
  /home/andersx/parameters/3ob-3-1/C-N.skf
  /home/andersx/parameters/3ob-3-1/C-H.skf
  /home/andersx/parameters/3ob-3-1/N-C.skf
  /home/andersx/parameters/3ob-3-1/N-N.skf
  /home/andersx/parameters/3ob-3-1/N-H.skf
  /home/andersx/parameters/3ob-3-1/H-C.skf
  /home/andersx/parameters/3ob-3-1/H-N.skf
  /home/andersx/parameters/3ob-3-1/H-H.skf
Done.

Starting initialization...
--------------------------------------------------------------------------------
Mode:                        Static calculation
Self consistent charges:     Yes
SCC-tolerance:                 0.100000E-05
Max. scc iterations:                    100
Ewald alpha parameter:         0.000000E+00
Spin polarisation:           No
Nr. of up electrons:            14.000000
Nr. of down electrons:          14.000000
Periodic boundaries:         No
Diagonalizer:                Divide and Conquer
Mixer:                       Anderson mixer
Mixing parameter:                  0.200000
Maximal SCC-cycles:                     100
Nr. of chrg. vectors to mix:              8
Electronic temperature:        0.100000E-07
Initial charges:             Set automatically (system chrg:   0.000E+00)
Included shells:              C:  s, p
                              N:  s, p
                              H:  s
Full 3rd order correction    Yes
Damped SCC                   Yes
Damped specie(s):            H                                                 
Extra options:
--------------------------------------------------------------------------------
 

********************************************************************************
** Geometry step: 0
********************************************************************************

  iSCC Total electronic   Diff electronic      SCC error    
    1   -0.12432137E+02    0.00000000E+00    0.58508554E+00
    2   -0.12432764E+02   -0.62709259E-03    0.57283273E+00
    3   -0.12447066E+02   -0.14301951E-01    0.14812578E+00
    4   -0.12447030E+02    0.36074441E-04    0.13932183E+00
    5   -0.12447226E+02   -0.19591203E-03    0.31287997E-01
    6   -0.12447268E+02   -0.42024255E-04    0.77384179E-02
    7   -0.12447264E+02    0.39982121E-05    0.92025343E-02
    8   -0.12447273E+02   -0.89161691E-05    0.73766165E-03
    9   -0.12447273E+02   -0.11827021E-07    0.72139220E-03
   10   -0.12447273E+02   -0.26156947E-07    0.30939492E-03
   11   -0.12447273E+02   -0.13614070E-08    0.95205573E-04
   12   -0.12447273E+02   -0.31049474E-09    0.11228035E-04
   13   -0.12447273E+02   -0.32791547E-11    0.27448072E-05
   14   -0.12447273E+02   -0.11368684E-12    0.15229617E-06
>> Charges saved for restart in charges.bin
 
 Total Energy:                     -12.1660732536 H
 Total Mermin free energy:         -12.1660732536 H
