================================================================================
==
==   Density Functional based Tight Binding with a lot of extensions (DFTB+)    
==
==                              Release: 1.2 (p2)
==
==                            (ParserVersion = 4)
==
================================================================================


********************************************************************************
** Parsing and initializing
********************************************************************************

Interpreting input file 'dftb_in.hsd'
--------------------------------------------------------------------------------
WARNING!
-> WriteHSDInput and WriteXMLInput both turned off. You won't eventually be 
 able to obtain the same results with a later version of the code!
Path: dftb_in/ParserOptions
Line: 71-74 (File: dftb_in.hsd)

Reading SK-files:
  /home/andersx/parameters/3ob-3-1/C-C.skf
  /home/andersx/parameters/3ob-3-1/C-H.skf
  /home/andersx/parameters/3ob-3-1/H-C.skf
  /home/andersx/parameters/3ob-3-1/H-H.skf
Done.

Starting initialization...
--------------------------------------------------------------------------------
Mode:                        Static calculation
Self consistent charges:     Yes
SCC-tolerance:                 0.100000E-05
Max. scc iterations:                    100
Ewald alpha parameter:         0.000000E+00
Spin polarisation:           No
Nr. of up electrons:            20.000000
Nr. of down electrons:          20.000000
Periodic boundaries:         No
Diagonalizer:                Divide and Conquer
Mixer:                       Anderson mixer
Mixing parameter:                  0.200000
Maximal SCC-cycles:                     100
Nr. of chrg. vectors to mix:              8
Electronic temperature:        0.100000E-07
Initial charges:             Set automatically (system chrg:   0.000E+00)
Included shells:              C:  s, p
                              H:  s
Full 3rd order correction    Yes
Damped SCC                   Yes
Damped specie(s):            H                                                 
Extra options:
--------------------------------------------------------------------------------
 

********************************************************************************
** Geometry step: 0
********************************************************************************

  iSCC Total electronic   Diff electronic      SCC error    
    1   -0.16387855E+02    0.00000000E+00    0.36763180E+00
    2   -0.16387886E+02   -0.31169298E-04    0.36333864E+00
    3   -0.16388763E+02   -0.87680740E-03    0.65785279E-01
    4   -0.16388728E+02    0.35034379E-04    0.67134818E-01
    5   -0.16388747E+02   -0.19799398E-04    0.11553720E+00
    6   -0.16388816E+02   -0.68192109E-04    0.48943230E-02
    7   -0.16388816E+02   -0.33020695E-06    0.36023402E-02
    8   -0.16388817E+02   -0.10314373E-05    0.11340255E-01
    9   -0.16388817E+02    0.27007674E-06    0.56285055E-02
   10   -0.16388817E+02   -0.45865264E-07    0.61467240E-02
   11   -0.16388817E+02   -0.20971061E-06    0.65408238E-03
   12   -0.16388817E+02   -0.17337165E-07    0.44218500E-03
   13   -0.16388817E+02   -0.40606231E-07    0.80298738E-04
   14   -0.16388817E+02   -0.22011193E-09    0.47662522E-04
   15   -0.16388817E+02   -0.10722445E-09    0.45995591E-05
   16   -0.16388817E+02   -0.21316282E-12    0.48395288E-06
>> Charges saved for restart in charges.bin
 
 Total Energy:                     -16.5039494075 H
 Total Mermin free energy:         -16.5039494075 H
