================================================================================
==
==   Density Functional based Tight Binding with a lot of extensions (DFTB+)    
==
==                              Release: 1.2 (p2)
==
==                            (ParserVersion = 4)
==
================================================================================


********************************************************************************
** Parsing and initializing
********************************************************************************

Interpreting input file 'dftb_in.hsd'
--------------------------------------------------------------------------------
WARNING!
-> WriteHSDInput and WriteXMLInput both turned off. You won't eventually be 
 able to obtain the same results with a later version of the code!
Path: dftb_in/ParserOptions
Line: 67-70 (File: dftb_in.hsd)

Reading SK-files:
  /home/andersx/parameters/3ob-3-1/C-C.skf
  /home/andersx/parameters/3ob-3-1/C-H.skf
  /home/andersx/parameters/3ob-3-1/H-C.skf
  /home/andersx/parameters/3ob-3-1/H-H.skf
Done.

Starting initialization...
--------------------------------------------------------------------------------
Mode:                        Static calculation
Self consistent charges:     Yes
SCC-tolerance:                 0.100000E-05
Max. scc iterations:                    100
Ewald alpha parameter:         0.000000E+00
Spin polarisation:           No
Nr. of up electrons:            18.000000
Nr. of down electrons:          18.000000
Periodic boundaries:         No
Diagonalizer:                Divide and Conquer
Mixer:                       Anderson mixer
Mixing parameter:                  0.200000
Maximal SCC-cycles:                     100
Nr. of chrg. vectors to mix:              8
Electronic temperature:        0.100000E-07
Initial charges:             Set automatically (system chrg:   0.000E+00)
Included shells:              C:  s, p
                              H:  s
Full 3rd order correction    Yes
Damped SCC                   Yes
Damped specie(s):            H                                                 
Extra options:
--------------------------------------------------------------------------------
 

********************************************************************************
** Geometry step: 0
********************************************************************************

  iSCC Total electronic   Diff electronic      SCC error    
    1   -0.15012461E+02    0.00000000E+00    0.36582042E+00
    2   -0.15012580E+02   -0.11875920E-03    0.36099057E+00
    3   -0.15014134E+02   -0.15541373E-02    0.80249749E-01
    4   -0.15013929E+02    0.20496292E-03    0.79751200E-01
    5   -0.15014783E+02   -0.85449764E-03    0.48256493E-01
    6   -0.15015210E+02   -0.42638454E-03    0.35101245E-01
    7   -0.15015219E+02   -0.98535407E-05    0.45306653E-01
    8   -0.15015229E+02   -0.95941689E-05    0.68242110E-02
    9   -0.15015225E+02    0.39001800E-05    0.30625047E-02
   10   -0.15015227E+02   -0.19883215E-05    0.56707840E-02
   11   -0.15015231E+02   -0.39927040E-05    0.24715124E-03
   12   -0.15015231E+02   -0.33900847E-08    0.15585974E-03
   13   -0.15015231E+02   -0.47658943E-09    0.43737357E-05
   14   -0.15015231E+02   -0.14743762E-11    0.17630673E-05
   15   -0.15015231E+02   -0.13145041E-12    0.60198047E-06
>> Charges saved for restart in charges.bin
 
 Total Energy:                     -14.9402713677 H
 Total Mermin free energy:         -14.9402713677 H
