================================================================================
==
==   Density Functional based Tight Binding with a lot of extensions (DFTB+)    
==
==                              Release: 1.2 (p2)
==
==                            (ParserVersion = 4)
==
================================================================================


********************************************************************************
** Parsing and initializing
********************************************************************************

Interpreting input file 'dftb_in.hsd'
--------------------------------------------------------------------------------
WARNING!
-> WriteHSDInput and WriteXMLInput both turned off. You won't eventually be 
 able to obtain the same results with a later version of the code!
Path: dftb_in/ParserOptions
Line: 67-70 (File: dftb_in.hsd)

Reading SK-files:
  /home/andersx/parameters/3ob-3-1/C-C.skf
  /home/andersx/parameters/3ob-3-1/C-H.skf
  /home/andersx/parameters/3ob-3-1/H-C.skf
  /home/andersx/parameters/3ob-3-1/H-H.skf
Done.

Starting initialization...
--------------------------------------------------------------------------------
Mode:                        Static calculation
Self consistent charges:     Yes
SCC-tolerance:                 0.100000E-05
Max. scc iterations:                    100
Ewald alpha parameter:         0.000000E+00
Spin polarisation:           No
Nr. of up electrons:            18.000000
Nr. of down electrons:          18.000000
Periodic boundaries:         No
Diagonalizer:                Divide and Conquer
Mixer:                       Anderson mixer
Mixing parameter:                  0.200000
Maximal SCC-cycles:                     100
Nr. of chrg. vectors to mix:              8
Electronic temperature:        0.100000E-07
Initial charges:             Set automatically (system chrg:   0.000E+00)
Included shells:              C:  s, p
                              H:  s
Full 3rd order correction    Yes
Damped SCC                   Yes
Damped specie(s):            H                                                 
Extra options:
--------------------------------------------------------------------------------
 

********************************************************************************
** Geometry step: 0
********************************************************************************

  iSCC Total electronic   Diff electronic      SCC error    
    1   -0.15008582E+02    0.00000000E+00    0.37330179E+00
    2   -0.15008646E+02   -0.64194796E-04    0.36876385E+00
    3   -0.15010233E+02   -0.15865149E-02    0.67376137E-01
    4   -0.15010168E+02    0.64829355E-04    0.67277793E-01
    5   -0.15010305E+02   -0.13695875E-03    0.44479026E-01
    6   -0.15010470E+02   -0.16521898E-03    0.23076418E-01
    7   -0.15010475E+02   -0.41570231E-05    0.29637605E-01
    8   -0.15010477E+02   -0.28184348E-05    0.22997341E-02
    9   -0.15010477E+02    0.10641685E-06    0.36470037E-02
   10   -0.15010478E+02   -0.81607104E-06    0.17719337E-02
   11   -0.15010478E+02   -0.32991121E-07    0.27731472E-03
   12   -0.15010478E+02   -0.68782491E-08    0.45628424E-04
   13   -0.15010478E+02   -0.14394885E-09    0.20760150E-04
   14   -0.15010478E+02   -0.28510527E-11    0.26844981E-05
   15   -0.15010478E+02   -0.12434498E-12    0.21863346E-06
>> Charges saved for restart in charges.bin
 
 Total Energy:                     -14.9386130796 H
 Total Mermin free energy:         -14.9386130796 H
