================================================================================
==
==   Density Functional based Tight Binding with a lot of extensions (DFTB+)    
==
==                              Release: 1.2 (p2)
==
==                            (ParserVersion = 4)
==
================================================================================


********************************************************************************
** Parsing and initializing
********************************************************************************

Interpreting input file 'dftb_in.hsd'
--------------------------------------------------------------------------------
WARNING!
-> WriteHSDInput and WriteXMLInput both turned off. You won't eventually be 
 able to obtain the same results with a later version of the code!
Path: dftb_in/ParserOptions
Line: 67-70 (File: dftb_in.hsd)

Reading SK-files:
  /home/andersx/parameters/3ob-3-1/C-C.skf
  /home/andersx/parameters/3ob-3-1/C-H.skf
  /home/andersx/parameters/3ob-3-1/H-C.skf
  /home/andersx/parameters/3ob-3-1/H-H.skf
Done.

Starting initialization...
--------------------------------------------------------------------------------
Mode:                        Static calculation
Self consistent charges:     Yes
SCC-tolerance:                 0.100000E-05
Max. scc iterations:                    100
Ewald alpha parameter:         0.000000E+00
Spin polarisation:           No
Nr. of up electrons:            18.000000
Nr. of down electrons:          18.000000
Periodic boundaries:         No
Diagonalizer:                Divide and Conquer
Mixer:                       Anderson mixer
Mixing parameter:                  0.200000
Maximal SCC-cycles:                     100
Nr. of chrg. vectors to mix:              8
Electronic temperature:        0.100000E-07
Initial charges:             Set automatically (system chrg:   0.000E+00)
Included shells:              C:  s, p
                              H:  s
Full 3rd order correction    Yes
Damped SCC                   Yes
Damped specie(s):            H                                                 
Extra options:
--------------------------------------------------------------------------------
 

********************************************************************************
** Geometry step: 0
********************************************************************************

  iSCC Total electronic   Diff electronic      SCC error    
    1   -0.15006793E+02    0.00000000E+00    0.33354785E+00
    2   -0.15006823E+02   -0.29911989E-04    0.32982626E+00
    3   -0.15007705E+02   -0.88274957E-03    0.59450882E-01
    4   -0.15007662E+02    0.43469599E-04    0.59674732E-01
    5   -0.15007680E+02   -0.18278480E-04    0.42631655E-01
    6   -0.15007781E+02   -0.10097829E-03    0.15145839E-01
    7   -0.15007781E+02   -0.20133227E-06    0.14527462E-01
    8   -0.15007792E+02   -0.10838866E-04    0.99267583E-02
    9   -0.15007794E+02   -0.21937149E-05    0.11051046E-02
   10   -0.15007794E+02    0.36151514E-07    0.18953573E-02
   11   -0.15007794E+02   -0.11445173E-06    0.57568985E-04
   12   -0.15007794E+02   -0.96983399E-09    0.33800511E-04
   13   -0.15007794E+02   -0.20516921E-09    0.48042046E-05
   14   -0.15007794E+02   -0.71764816E-12    0.13352841E-05
   15   -0.15007794E+02   -0.19539925E-13    0.73597934E-07
>> Charges saved for restart in charges.bin
 
 Total Energy:                     -14.9357719798 H
 Total Mermin free energy:         -14.9357719798 H
