================================================================================
==
==   Density Functional based Tight Binding with a lot of extensions (DFTB+)    
==
==                              Release: 1.2 (p2)
==
==                            (ParserVersion = 4)
==
================================================================================


********************************************************************************
** Parsing and initializing
********************************************************************************

Interpreting input file 'dftb_in.hsd'
--------------------------------------------------------------------------------
WARNING!
-> WriteHSDInput and WriteXMLInput both turned off. You won't eventually be 
 able to obtain the same results with a later version of the code!
Path: dftb_in/ParserOptions
Line: 73-76 (File: dftb_in.hsd)

Reading SK-files:
  /home/andersx/parameters/3ob-3-1/N-N.skf
  /home/andersx/parameters/3ob-3-1/N-C.skf
  /home/andersx/parameters/3ob-3-1/N-H.skf
  /home/andersx/parameters/3ob-3-1/C-N.skf
  /home/andersx/parameters/3ob-3-1/C-C.skf
  /home/andersx/parameters/3ob-3-1/C-H.skf
  /home/andersx/parameters/3ob-3-1/H-N.skf
  /home/andersx/parameters/3ob-3-1/H-C.skf
  /home/andersx/parameters/3ob-3-1/H-H.skf
Done.

Starting initialization...
--------------------------------------------------------------------------------
Mode:                        Static calculation
Self consistent charges:     Yes
SCC-tolerance:                 0.100000E-05
Max. scc iterations:                    100
Ewald alpha parameter:         0.000000E+00
Spin polarisation:           No
Nr. of up electrons:            15.000000
Nr. of down electrons:          15.000000
Periodic boundaries:         No
Diagonalizer:                Divide and Conquer
Mixer:                       Anderson mixer
Mixing parameter:                  0.200000
Maximal SCC-cycles:                     100
Nr. of chrg. vectors to mix:              8
Electronic temperature:        0.100000E-07
Initial charges:             Set automatically (system chrg:   0.000E+00)
Included shells:              N:  s, p
                              C:  s, p
                              H:  s
Full 3rd order correction    Yes
Damped SCC                   Yes
Damped specie(s):            H                                                 
Extra options:
--------------------------------------------------------------------------------
 

********************************************************************************
** Geometry step: 0
********************************************************************************

  iSCC Total electronic   Diff electronic      SCC error    
    1   -0.12607140E+02    0.00000000E+00    0.57793935E+00
    2   -0.12607167E+02   -0.26536748E-04    0.57108397E+00
    3   -0.12607854E+02   -0.68710188E-03    0.57347247E-01
    4   -0.12607838E+02    0.16201521E-04    0.54831301E-01
    5   -0.12607839E+02   -0.16107644E-05    0.68079858E-01
    6   -0.12607883E+02   -0.43128195E-04    0.32634137E-02
    7   -0.12607883E+02   -0.23762163E-06    0.29830194E-02
    8   -0.12607883E+02   -0.50264642E-06    0.42216291E-03
    9   -0.12607883E+02   -0.46562505E-08    0.53236553E-03
   10   -0.12607883E+02   -0.28805616E-08    0.12669222E-03
   11   -0.12607883E+02   -0.14479440E-09    0.10504173E-04
   12   -0.12607883E+02   -0.12057910E-10    0.24722825E-05
   13   -0.12607883E+02   -0.14388490E-12    0.36350706E-06
>> Charges saved for restart in charges.bin
 
 Total Energy:                     -12.6110771243 H
 Total Mermin free energy:         -12.6110771243 H
