================================================================================
==
==   Density Functional based Tight Binding with a lot of extensions (DFTB+)    
==
==                              Release: 1.2 (p2)
==
==                            (ParserVersion = 4)
==
================================================================================


********************************************************************************
** Parsing and initializing
********************************************************************************

Interpreting input file 'dftb_in.hsd'
--------------------------------------------------------------------------------
WARNING!
-> WriteHSDInput and WriteXMLInput both turned off. You won't eventually be 
 able to obtain the same results with a later version of the code!
Path: dftb_in/ParserOptions
Line: 71-74 (File: dftb_in.hsd)

Reading SK-files:
  /home/andersx/parameters/3ob-3-1/C-C.skf
  /home/andersx/parameters/3ob-3-1/C-H.skf
  /home/andersx/parameters/3ob-3-1/H-C.skf
  /home/andersx/parameters/3ob-3-1/H-H.skf
Done.

Starting initialization...
--------------------------------------------------------------------------------
Mode:                        Static calculation
Self consistent charges:     Yes
SCC-tolerance:                 0.100000E-05
Max. scc iterations:                    100
Ewald alpha parameter:         0.000000E+00
Spin polarisation:           No
Nr. of up electrons:            20.000000
Nr. of down electrons:          20.000000
Periodic boundaries:         No
Diagonalizer:                Divide and Conquer
Mixer:                       Anderson mixer
Mixing parameter:                  0.200000
Maximal SCC-cycles:                     100
Nr. of chrg. vectors to mix:              8
Electronic temperature:        0.100000E-07
Initial charges:             Set automatically (system chrg:   0.000E+00)
Included shells:              C:  s, p
                              H:  s
Full 3rd order correction    Yes
Damped SCC                   Yes
Damped specie(s):            H                                                 
Extra options:
--------------------------------------------------------------------------------
 

********************************************************************************
** Geometry step: 0
********************************************************************************

  iSCC Total electronic   Diff electronic      SCC error    
    1   -0.16384399E+02    0.00000000E+00    0.36429420E+00
    2   -0.16384425E+02   -0.26420530E-04    0.36008149E+00
    3   -0.16385180E+02   -0.75490482E-03    0.66948837E-01
    4   -0.16385144E+02    0.36418491E-04    0.69101498E-01
    5   -0.16385151E+02   -0.77727546E-05    0.78457138E-01
    6   -0.16385233E+02   -0.81838734E-04    0.17165364E-01
    7   -0.16385234E+02   -0.70008913E-06    0.10479839E-01
    8   -0.16385234E+02   -0.41350156E-06    0.89538206E-02
    9   -0.16385237E+02   -0.22624680E-05    0.20731509E-02
   10   -0.16385237E+02   -0.59334951E-07    0.96331152E-03
   11   -0.16385237E+02   -0.68324898E-07    0.61987698E-04
   12   -0.16385237E+02   -0.31482372E-09    0.35370585E-04
   13   -0.16385237E+02   -0.13451640E-09    0.32949726E-05
   14   -0.16385237E+02   -0.27711167E-12    0.54517814E-06
>> Charges saved for restart in charges.bin
 
 Total Energy:                     -16.5004569810 H
 Total Mermin free energy:         -16.5004569810 H
