================================================================================
==
==   Density Functional based Tight Binding with a lot of extensions (DFTB+)    
==
==                              Release: 1.2 (p2)
==
==                            (ParserVersion = 4)
==
================================================================================


********************************************************************************
** Parsing and initializing
********************************************************************************

Interpreting input file 'dftb_in.hsd'
--------------------------------------------------------------------------------
WARNING!
-> WriteHSDInput and WriteXMLInput both turned off. You won't eventually be 
 able to obtain the same results with a later version of the code!
Path: dftb_in/ParserOptions
Line: 67-70 (File: dftb_in.hsd)

Reading SK-files:
  /home/andersx/parameters/3ob-3-1/C-C.skf
  /home/andersx/parameters/3ob-3-1/C-H.skf
  /home/andersx/parameters/3ob-3-1/H-C.skf
  /home/andersx/parameters/3ob-3-1/H-H.skf
Done.

Starting initialization...
--------------------------------------------------------------------------------
Mode:                        Static calculation
Self consistent charges:     Yes
SCC-tolerance:                 0.100000E-05
Max. scc iterations:                    100
Ewald alpha parameter:         0.000000E+00
Spin polarisation:           No
Nr. of up electrons:            18.000000
Nr. of down electrons:          18.000000
Periodic boundaries:         No
Diagonalizer:                Divide and Conquer
Mixer:                       Anderson mixer
Mixing parameter:                  0.200000
Maximal SCC-cycles:                     100
Nr. of chrg. vectors to mix:              8
Electronic temperature:        0.100000E-07
Initial charges:             Set automatically (system chrg:   0.000E+00)
Included shells:              C:  s, p
                              H:  s
Full 3rd order correction    Yes
Damped SCC                   Yes
Damped specie(s):            H                                                 
Extra options:
--------------------------------------------------------------------------------
 

********************************************************************************
** Geometry step: 0
********************************************************************************

  iSCC Total electronic   Diff electronic      SCC error    
    1   -0.14997135E+02    0.00000000E+00    0.28405564E+00
    2   -0.14997234E+02   -0.98991243E-04    0.28089526E+00
    3   -0.14999171E+02   -0.19366059E-02    0.10293670E+00
    4   -0.14999106E+02    0.64652191E-04    0.10393594E+00
    5   -0.14999786E+02   -0.68037868E-03    0.24760226E-01
    6   -0.14999797E+02   -0.10610611E-04    0.13740834E-01
    7   -0.14999805E+02   -0.80915488E-05    0.24298816E-01
    8   -0.14999807E+02   -0.18027210E-05    0.26894337E-02
    9   -0.14999807E+02   -0.25364431E-06    0.12688418E-02
   10   -0.14999807E+02   -0.42143901E-06    0.57465376E-03
   11   -0.14999808E+02   -0.15648626E-07    0.23245282E-03
   12   -0.14999808E+02   -0.22198900E-08    0.40052331E-04
   13   -0.14999808E+02   -0.28105696E-09    0.57394556E-05
   14   -0.14999808E+02   -0.85975671E-12    0.27391777E-05
   15   -0.14999808E+02   -0.83488771E-13    0.25915740E-06
>> Charges saved for restart in charges.bin
 
 Total Energy:                     -14.9303881972 H
 Total Mermin free energy:         -14.9303881972 H
