================================================================================
==
==   Density Functional based Tight Binding with a lot of extensions (DFTB+)    
==
==                              Release: 1.2 (p2)
==
==                            (ParserVersion = 4)
==
================================================================================


********************************************************************************
** Parsing and initializing
********************************************************************************

Interpreting input file 'dftb_in.hsd'
--------------------------------------------------------------------------------
WARNING!
-> WriteHSDInput and WriteXMLInput both turned off. You won't eventually be 
 able to obtain the same results with a later version of the code!
Path: dftb_in/ParserOptions
Line: 73-76 (File: dftb_in.hsd)

Reading SK-files:
  /home/andersx/parameters/3ob-3-1/N-N.skf
  /home/andersx/parameters/3ob-3-1/N-C.skf
  /home/andersx/parameters/3ob-3-1/N-H.skf
  /home/andersx/parameters/3ob-3-1/C-N.skf
  /home/andersx/parameters/3ob-3-1/C-C.skf
  /home/andersx/parameters/3ob-3-1/C-H.skf
  /home/andersx/parameters/3ob-3-1/H-N.skf
  /home/andersx/parameters/3ob-3-1/H-C.skf
  /home/andersx/parameters/3ob-3-1/H-H.skf
Done.

Starting initialization...
--------------------------------------------------------------------------------
Mode:                        Static calculation
Self consistent charges:     Yes
SCC-tolerance:                 0.100000E-05
Max. scc iterations:                    100
Ewald alpha parameter:         0.000000E+00
Spin polarisation:           No
Nr. of up electrons:            15.000000
Nr. of down electrons:          15.000000
Periodic boundaries:         No
Diagonalizer:                Divide and Conquer
Mixer:                       Anderson mixer
Mixing parameter:                  0.200000
Maximal SCC-cycles:                     100
Nr. of chrg. vectors to mix:              8
Electronic temperature:        0.100000E-07
Initial charges:             Set automatically (system chrg:   0.000E+00)
Included shells:              N:  s, p
                              C:  s, p
                              H:  s
Full 3rd order correction    Yes
Damped SCC                   Yes
Damped specie(s):            H                                                 
Extra options:
--------------------------------------------------------------------------------
 

********************************************************************************
** Geometry step: 0
********************************************************************************

  iSCC Total electronic   Diff electronic      SCC error    
    1   -0.12668586E+02    0.00000000E+00    0.58859148E+00
    2   -0.12668611E+02   -0.25629481E-04    0.58148770E+00
    3   -0.12669272E+02   -0.66093031E-03    0.34213256E-01
    4   -0.12669270E+02    0.24816402E-05    0.15441587E-01
    5   -0.12669270E+02    0.90600350E-07    0.15355150E-01
    6   -0.12669281E+02   -0.11027549E-04    0.76044583E-02
    7   -0.12669281E+02    0.25824589E-06    0.94219435E-02
    8   -0.12669282E+02   -0.16831042E-05    0.35767924E-02
    9   -0.12669282E+02   -0.50643454E-07    0.12884422E-02
   10   -0.12669282E+02   -0.20433987E-07    0.47200413E-03
   11   -0.12669282E+02   -0.12672299E-08    0.10879065E-03
   12   -0.12669282E+02   -0.53364069E-09    0.86213731E-05
   13   -0.12669282E+02   -0.68389738E-11    0.35151018E-05
   14   -0.12669282E+02   -0.16342483E-12    0.53937411E-06
>> Charges saved for restart in charges.bin
 
 Total Energy:                     -12.6092162375 H
 Total Mermin free energy:         -12.6092162375 H
