================================================================================
==
==   Density Functional based Tight Binding with a lot of extensions (DFTB+)    
==
==                              Release: 1.2 (p2)
==
==                            (ParserVersion = 4)
==
================================================================================


********************************************************************************
** Parsing and initializing
********************************************************************************

Interpreting input file 'dftb_in.hsd'
--------------------------------------------------------------------------------
WARNING!
-> WriteHSDInput and WriteXMLInput both turned off. You won't eventually be 
 able to obtain the same results with a later version of the code!
Path: dftb_in/ParserOptions
Line: 67-70 (File: dftb_in.hsd)

Reading SK-files:
  /home/andersx/parameters/3ob-3-1/C-C.skf
  /home/andersx/parameters/3ob-3-1/C-H.skf
  /home/andersx/parameters/3ob-3-1/H-C.skf
  /home/andersx/parameters/3ob-3-1/H-H.skf
Done.

Starting initialization...
--------------------------------------------------------------------------------
Mode:                        Static calculation
Self consistent charges:     Yes
SCC-tolerance:                 0.100000E-05
Max. scc iterations:                    100
Ewald alpha parameter:         0.000000E+00
Spin polarisation:           No
Nr. of up electrons:            18.000000
Nr. of down electrons:          18.000000
Periodic boundaries:         No
Diagonalizer:                Divide and Conquer
Mixer:                       Anderson mixer
Mixing parameter:                  0.200000
Maximal SCC-cycles:                     100
Nr. of chrg. vectors to mix:              8
Electronic temperature:        0.100000E-07
Initial charges:             Set automatically (system chrg:   0.000E+00)
Included shells:              C:  s, p
                              H:  s
Full 3rd order correction    Yes
Damped SCC                   Yes
Damped specie(s):            H                                                 
Extra options:
--------------------------------------------------------------------------------
 

********************************************************************************
** Geometry step: 0
********************************************************************************

  iSCC Total electronic   Diff electronic      SCC error    
    1   -0.15056206E+02    0.00000000E+00    0.35694373E+00
    2   -0.15056277E+02   -0.71232538E-04    0.35224822E+00
    3   -0.15058190E+02   -0.19127069E-02    0.53282243E-01
    4   -0.15058155E+02    0.34835175E-04    0.50148065E-01
    5   -0.15058287E+02   -0.13262358E-03    0.29570241E-01
    6   -0.15058374E+02   -0.86269857E-04    0.23701609E-01
    7   -0.15058370E+02    0.40916519E-05    0.23325489E-01
    8   -0.15058390E+02   -0.20487008E-04    0.12003088E-02
    9   -0.15058390E+02    0.20033915E-06    0.24759006E-02
   10   -0.15058390E+02   -0.52237691E-06    0.12867005E-02
   11   -0.15058391E+02   -0.34107957E-07    0.37103941E-03
   12   -0.15058391E+02   -0.71165882E-08    0.59937131E-04
   13   -0.15058391E+02   -0.88801855E-10    0.12249408E-04
   14   -0.15058391E+02   -0.37925219E-11    0.27652373E-05
   15   -0.15058391E+02   -0.33750780E-12    0.48957722E-06
>> Charges saved for restart in charges.bin
 
 Total Energy:                     -14.8814927704 H
 Total Mermin free energy:         -14.8814927704 H
