================================================================================
==
==   Density Functional based Tight Binding with a lot of extensions (DFTB+)    
==
==                              Release: 1.2 (p2)
==
==                            (ParserVersion = 4)
==
================================================================================


********************************************************************************
** Parsing and initializing
********************************************************************************

Interpreting input file 'dftb_in.hsd'
--------------------------------------------------------------------------------
WARNING!
-> WriteHSDInput and WriteXMLInput both turned off. You won't eventually be 
 able to obtain the same results with a later version of the code!
Path: dftb_in/ParserOptions
Line: 68-71 (File: dftb_in.hsd)

Reading SK-files:
  /home/andersx/parameters/3ob-3-1/O-O.skf
  /home/andersx/parameters/3ob-3-1/O-C.skf
  /home/andersx/parameters/3ob-3-1/O-H.skf
  /home/andersx/parameters/3ob-3-1/C-O.skf
  /home/andersx/parameters/3ob-3-1/C-C.skf
  /home/andersx/parameters/3ob-3-1/C-H.skf
  /home/andersx/parameters/3ob-3-1/H-O.skf
  /home/andersx/parameters/3ob-3-1/H-C.skf
  /home/andersx/parameters/3ob-3-1/H-H.skf
Done.

Starting initialization...
--------------------------------------------------------------------------------
Mode:                        Static calculation
Self consistent charges:     Yes
SCC-tolerance:                 0.100000E-05
Max. scc iterations:                    100
Ewald alpha parameter:         0.000000E+00
Spin polarisation:           No
Nr. of up electrons:            13.000000
Nr. of down electrons:          13.000000
Periodic boundaries:         No
Diagonalizer:                Divide and Conquer
Mixer:                       Anderson mixer
Mixing parameter:                  0.200000
Maximal SCC-cycles:                     100
Nr. of chrg. vectors to mix:              8
Electronic temperature:        0.100000E-07
Initial charges:             Set automatically (system chrg:   0.000E+00)
Included shells:              O:  s, p
                              C:  s, p
                              H:  s
Full 3rd order correction    Yes
Damped SCC                   Yes
Damped specie(s):            H                                                 
Extra options:
--------------------------------------------------------------------------------
 

********************************************************************************
** Geometry step: 0
********************************************************************************

  iSCC Total electronic   Diff electronic      SCC error    
    1   -0.11764379E+02    0.00000000E+00    0.25411603E+00
    2   -0.11764490E+02   -0.11149324E-03    0.25051695E+00
    3   -0.11767883E+02   -0.33931499E-02    0.24836762E-01
    4   -0.11767872E+02    0.10834207E-04    0.27311661E-01
    5   -0.11767870E+02    0.22385443E-05    0.26800723E-01
    6   -0.11767897E+02   -0.26976810E-04    0.25702302E-02
    7   -0.11767898E+02   -0.72552398E-06    0.18934692E-02
    8   -0.11767898E+02   -0.45211314E-06    0.25131388E-02
    9   -0.11767898E+02   -0.19500568E-07    0.24164827E-02
   10   -0.11767899E+02   -0.20109977E-06    0.28767121E-04
   11   -0.11767899E+02   -0.36246561E-10    0.48098476E-07
>> Charges saved for restart in charges.bin
 
 Total Energy:                     -11.6268314332 H
 Total Mermin free energy:         -11.6268314332 H
