================================================================================
==
==   Density Functional based Tight Binding with a lot of extensions (DFTB+)    
==
==                              Release: 1.2 (p2)
==
==                            (ParserVersion = 4)
==
================================================================================


********************************************************************************
** Parsing and initializing
********************************************************************************

Interpreting input file 'dftb_in.hsd'
--------------------------------------------------------------------------------
WARNING!
-> WriteHSDInput and WriteXMLInput both turned off. You won't eventually be 
 able to obtain the same results with a later version of the code!
Path: dftb_in/ParserOptions
Line: 65-68 (File: dftb_in.hsd)

Reading SK-files:
  /home/andersx/parameters/3ob-3-1/C-C.skf
  /home/andersx/parameters/3ob-3-1/C-H.skf
  /home/andersx/parameters/3ob-3-1/H-C.skf
  /home/andersx/parameters/3ob-3-1/H-H.skf
Done.

Starting initialization...
--------------------------------------------------------------------------------
Mode:                        Static calculation
Self consistent charges:     Yes
SCC-tolerance:                 0.100000E-05
Max. scc iterations:                    100
Ewald alpha parameter:         0.000000E+00
Spin polarisation:           No
Nr. of up electrons:            17.000000
Nr. of down electrons:          17.000000
Periodic boundaries:         No
Diagonalizer:                Divide and Conquer
Mixer:                       Anderson mixer
Mixing parameter:                  0.200000
Maximal SCC-cycles:                     100
Nr. of chrg. vectors to mix:              8
Electronic temperature:        0.100000E-07
Initial charges:             Set automatically (system chrg:   0.000E+00)
Included shells:              C:  s, p
                              H:  s
Full 3rd order correction    Yes
Damped SCC                   Yes
Damped specie(s):            H                                                 
Extra options:
--------------------------------------------------------------------------------
 

********************************************************************************
** Geometry step: 0
********************************************************************************

  iSCC Total electronic   Diff electronic      SCC error    
    1   -0.14377634E+02    0.00000000E+00    0.34381466E+00
    2   -0.14377716E+02   -0.82200925E-04    0.33920444E+00
    3   -0.14379951E+02   -0.22346664E-02    0.33127116E-01
    4   -0.14379929E+02    0.22198092E-04    0.39930802E-01
    5   -0.14380171E+02   -0.24219312E-03    0.30084663E-01
    6   -0.14380222E+02   -0.51003744E-04    0.18559772E-01
    7   -0.14380214E+02    0.74742019E-05    0.19228049E-01
    8   -0.14380231E+02   -0.16716504E-04    0.16968282E-02
    9   -0.14380231E+02   -0.42605935E-07    0.13214769E-02
   10   -0.14380231E+02   -0.14169487E-06    0.80642086E-03
   11   -0.14380231E+02   -0.20784269E-07    0.50421760E-03
   12   -0.14380231E+02   -0.88110994E-08    0.14797661E-04
   13   -0.14380231E+02   -0.73452355E-11    0.53940318E-05
   14   -0.14380231E+02   -0.10818013E-11    0.13438534E-05
   15   -0.14380231E+02   -0.35527137E-14    0.26884184E-06
>> Charges saved for restart in charges.bin
 
 Total Energy:                     -14.0675101844 H
 Total Mermin free energy:         -14.0675101844 H
