================================================================================
==
==   Density Functional based Tight Binding with a lot of extensions (DFTB+)    
==
==                              Release: 1.2 (p2)
==
==                            (ParserVersion = 4)
==
================================================================================


********************************************************************************
** Parsing and initializing
********************************************************************************

Interpreting input file 'dftb_in.hsd'
--------------------------------------------------------------------------------
WARNING!
-> WriteHSDInput and WriteXMLInput both turned off. You won't eventually be 
 able to obtain the same results with a later version of the code!
Path: dftb_in/ParserOptions
Line: 65-68 (File: dftb_in.hsd)

Reading SK-files:
  /home/andersx/parameters/3ob-3-1/C-C.skf
  /home/andersx/parameters/3ob-3-1/C-H.skf
  /home/andersx/parameters/3ob-3-1/H-C.skf
  /home/andersx/parameters/3ob-3-1/H-H.skf
Done.

Starting initialization...
--------------------------------------------------------------------------------
Mode:                        Static calculation
Self consistent charges:     Yes
SCC-tolerance:                 0.100000E-05
Max. scc iterations:                    100
Ewald alpha parameter:         0.000000E+00
Spin polarisation:           No
Nr. of up electrons:            17.000000
Nr. of down electrons:          17.000000
Periodic boundaries:         No
Diagonalizer:                Divide and Conquer
Mixer:                       Anderson mixer
Mixing parameter:                  0.200000
Maximal SCC-cycles:                     100
Nr. of chrg. vectors to mix:              8
Electronic temperature:        0.100000E-07
Initial charges:             Set automatically (system chrg:   0.000E+00)
Included shells:              C:  s, p
                              H:  s
Full 3rd order correction    Yes
Damped SCC                   Yes
Damped specie(s):            H                                                 
Extra options:
--------------------------------------------------------------------------------
 

********************************************************************************
** Geometry step: 0
********************************************************************************

  iSCC Total electronic   Diff electronic      SCC error    
    1   -0.14401862E+02    0.00000000E+00    0.30548901E+00
    2   -0.14401969E+02   -0.10632568E-03    0.30242524E+00
    3   -0.14403571E+02   -0.16026120E-02    0.95920514E-01
    4   -0.14403470E+02    0.10085477E-03    0.99125185E-01
    5   -0.14404536E+02   -0.10653892E-02    0.15666913E-01
    6   -0.14404570E+02   -0.34503886E-04    0.13420958E-01
    7   -0.14404582E+02   -0.12022242E-04    0.13342928E-01
    8   -0.14404586E+02   -0.41342753E-05    0.42185809E-02
    9   -0.14404586E+02   -0.79371866E-07    0.59249504E-02
   10   -0.14404588E+02   -0.16918090E-05    0.11636563E-02
   11   -0.14404588E+02   -0.62645414E-07    0.47849942E-03
   12   -0.14404588E+02   -0.95004129E-08    0.45285793E-04
   13   -0.14404588E+02   -0.73811179E-10    0.10007059E-04
   14   -0.14404588E+02   -0.62403416E-11    0.31721601E-05
   15   -0.14404588E+02   -0.16875390E-12    0.24216935E-06
>> Charges saved for restart in charges.bin
 
 Total Energy:                     -14.0820152040 H
 Total Mermin free energy:         -14.0820152040 H
