================================================================================
==
==   Density Functional based Tight Binding with a lot of extensions (DFTB+)    
==
==                              Release: 1.2 (p2)
==
==                            (ParserVersion = 4)
==
================================================================================


********************************************************************************
** Parsing and initializing
********************************************************************************

Interpreting input file 'dftb_in.hsd'
--------------------------------------------------------------------------------
WARNING!
-> WriteHSDInput and WriteXMLInput both turned off. You won't eventually be 
 able to obtain the same results with a later version of the code!
Path: dftb_in/ParserOptions
Line: 72-75 (File: dftb_in.hsd)

Reading SK-files:
  /home/andersx/parameters/3ob-3-1/C-C.skf
  /home/andersx/parameters/3ob-3-1/C-O.skf
  /home/andersx/parameters/3ob-3-1/C-H.skf
  /home/andersx/parameters/3ob-3-1/O-C.skf
  /home/andersx/parameters/3ob-3-1/O-O.skf
  /home/andersx/parameters/3ob-3-1/O-H.skf
  /home/andersx/parameters/3ob-3-1/H-C.skf
  /home/andersx/parameters/3ob-3-1/H-O.skf
  /home/andersx/parameters/3ob-3-1/H-H.skf
Done.

Starting initialization...
--------------------------------------------------------------------------------
Mode:                        Static calculation
Self consistent charges:     Yes
SCC-tolerance:                 0.100000E-05
Max. scc iterations:                    100
Ewald alpha parameter:         0.000000E+00
Spin polarisation:           No
Nr. of up electrons:            15.000000
Nr. of down electrons:          15.000000
Periodic boundaries:         No
Diagonalizer:                Divide and Conquer
Mixer:                       Anderson mixer
Mixing parameter:                  0.200000
Maximal SCC-cycles:                     100
Nr. of chrg. vectors to mix:              8
Electronic temperature:        0.100000E-07
Initial charges:             Set automatically (system chrg:   0.000E+00)
Included shells:              C:  s, p
                              O:  s, p
                              H:  s
Full 3rd order correction    Yes
Damped SCC                   Yes
Damped specie(s):            H                                                 
Extra options:
--------------------------------------------------------------------------------
 

********************************************************************************
** Geometry step: 0
********************************************************************************

  iSCC Total electronic   Diff electronic      SCC error    
    1   -0.13088830E+02    0.00000000E+00    0.59355144E+00
    2   -0.13089182E+02   -0.35246654E-03    0.58434106E+00
    3   -0.13099149E+02   -0.99660488E-02    0.52713941E-01
    4   -0.13099090E+02    0.58758771E-04    0.47869235E-01
    5   -0.13099102E+02   -0.12455165E-04    0.72235671E-01
    6   -0.13099235E+02   -0.13306836E-03    0.33263544E-02
    7   -0.13099236E+02   -0.52158117E-06    0.28297380E-02
    8   -0.13099238E+02   -0.19279312E-05    0.27377568E-03
    9   -0.13099238E+02   -0.12875372E-08    0.20091899E-03
   10   -0.13099238E+02   -0.81928953E-09    0.68313254E-04
   11   -0.13099238E+02   -0.95699448E-10    0.53931906E-05
   12   -0.13099238E+02   -0.81179508E-12    0.19713504E-06
>> Charges saved for restart in charges.bin
 
 Total Energy:                     -13.1628233259 H
 Total Mermin free energy:         -13.1628233259 H
