================================================================================
==
==   Density Functional based Tight Binding with a lot of extensions (DFTB+)    
==
==                              Release: 1.2 (p2)
==
==                            (ParserVersion = 4)
==
================================================================================


********************************************************************************
** Parsing and initializing
********************************************************************************

Interpreting input file 'dftb_in.hsd'
--------------------------------------------------------------------------------
WARNING!
-> WriteHSDInput and WriteXMLInput both turned off. You won't eventually be 
 able to obtain the same results with a later version of the code!
Path: dftb_in/ParserOptions
Line: 71-74 (File: dftb_in.hsd)

Reading SK-files:
  /home/andersx/parameters/3ob-3-1/C-C.skf
  /home/andersx/parameters/3ob-3-1/C-H.skf
  /home/andersx/parameters/3ob-3-1/H-C.skf
  /home/andersx/parameters/3ob-3-1/H-H.skf
Done.

Starting initialization...
--------------------------------------------------------------------------------
Mode:                        Static calculation
Self consistent charges:     Yes
SCC-tolerance:                 0.100000E-05
Max. scc iterations:                    100
Ewald alpha parameter:         0.000000E+00
Spin polarisation:           No
Nr. of up electrons:            20.000000
Nr. of down electrons:          20.000000
Periodic boundaries:         No
Diagonalizer:                Divide and Conquer
Mixer:                       Anderson mixer
Mixing parameter:                  0.200000
Maximal SCC-cycles:                     100
Nr. of chrg. vectors to mix:              8
Electronic temperature:        0.100000E-07
Initial charges:             Set automatically (system chrg:   0.000E+00)
Included shells:              C:  s, p
                              H:  s
Full 3rd order correction    Yes
Damped SCC                   Yes
Damped specie(s):            H                                                 
Extra options:
--------------------------------------------------------------------------------
 

********************************************************************************
** Geometry step: 0
********************************************************************************

  iSCC Total electronic   Diff electronic      SCC error    
    1   -0.16409715E+02    0.00000000E+00    0.30358640E+00
    2   -0.16409736E+02   -0.20892198E-04    0.29994319E+00
    3   -0.16410289E+02   -0.55317651E-03    0.19393102E-01
    4   -0.16410277E+02    0.12340369E-04    0.15239528E-01
    5   -0.16410288E+02   -0.11365195E-04    0.17116116E-01
    6   -0.16410330E+02   -0.41432970E-04    0.15511895E-01
    7   -0.16410327E+02    0.24863224E-05    0.22094858E-01
    8   -0.16410334E+02   -0.63327304E-05    0.60703095E-02
    9   -0.16410334E+02   -0.19337888E-06    0.61955852E-03
   10   -0.16410334E+02   -0.13889533E-07    0.57830822E-03
   11   -0.16410334E+02   -0.46979203E-07    0.99283221E-04
   12   -0.16410334E+02   -0.15600676E-09    0.60362937E-04
   13   -0.16410334E+02   -0.65206507E-10    0.21115540E-05
   14   -0.16410334E+02   -0.37658765E-12    0.30070139E-06
>> Charges saved for restart in charges.bin
 
 Total Energy:                     -16.4634680951 H
 Total Mermin free energy:         -16.4634680951 H
