================================================================================
==
==   Density Functional based Tight Binding with a lot of extensions (DFTB+)    
==
==                              Release: 1.2 (p2)
==
==                            (ParserVersion = 4)
==
================================================================================


********************************************************************************
** Parsing and initializing
********************************************************************************

Interpreting input file 'dftb_in.hsd'
--------------------------------------------------------------------------------
WARNING!
-> WriteHSDInput and WriteXMLInput both turned off. You won't eventually be 
 able to obtain the same results with a later version of the code!
Path: dftb_in/ParserOptions
Line: 71-74 (File: dftb_in.hsd)

Reading SK-files:
  /home/andersx/parameters/3ob-3-1/C-C.skf
  /home/andersx/parameters/3ob-3-1/C-H.skf
  /home/andersx/parameters/3ob-3-1/H-C.skf
  /home/andersx/parameters/3ob-3-1/H-H.skf
Done.

Starting initialization...
--------------------------------------------------------------------------------
Mode:                        Static calculation
Self consistent charges:     Yes
SCC-tolerance:                 0.100000E-05
Max. scc iterations:                    100
Ewald alpha parameter:         0.000000E+00
Spin polarisation:           No
Nr. of up electrons:            20.000000
Nr. of down electrons:          20.000000
Periodic boundaries:         No
Diagonalizer:                Divide and Conquer
Mixer:                       Anderson mixer
Mixing parameter:                  0.200000
Maximal SCC-cycles:                     100
Nr. of chrg. vectors to mix:              8
Electronic temperature:        0.100000E-07
Initial charges:             Set automatically (system chrg:   0.000E+00)
Included shells:              C:  s, p
                              H:  s
Full 3rd order correction    Yes
Damped SCC                   Yes
Damped specie(s):            H                                                 
Extra options:
--------------------------------------------------------------------------------
 

********************************************************************************
** Geometry step: 0
********************************************************************************

  iSCC Total electronic   Diff electronic      SCC error    
    1   -0.16424534E+02    0.00000000E+00    0.34825972E+00
    2   -0.16424576E+02   -0.42037190E-04    0.34414111E+00
    3   -0.16425355E+02   -0.77860809E-03    0.76792842E-01
    4   -0.16425241E+02    0.11344615E-03    0.80886132E-01
    5   -0.16425473E+02   -0.23176534E-03    0.47008932E-01
    6   -0.16425717E+02   -0.24424102E-03    0.22971251E-01
    7   -0.16425718E+02   -0.10279364E-05    0.20485479E-01
    8   -0.16425724E+02   -0.60481764E-05    0.40420884E-02
    9   -0.16425724E+02   -0.45765496E-07    0.31939516E-02
   10   -0.16425725E+02   -0.19967586E-06    0.17529134E-02
   11   -0.16425725E+02   -0.12053913E-07    0.27048398E-03
   12   -0.16425725E+02   -0.30114293E-08    0.23876208E-03
   13   -0.16425725E+02   -0.23068125E-09    0.67947022E-04
   14   -0.16425725E+02   -0.12378010E-09    0.65136988E-05
   15   -0.16425725E+02   -0.10409451E-11    0.34779313E-05
   16   -0.16425725E+02   -0.11368684E-12    0.66967719E-06
>> Charges saved for restart in charges.bin
 
 Total Energy:                     -16.4811274230 H
 Total Mermin free energy:         -16.4811274230 H
