================================================================================
==
==   Density Functional based Tight Binding with a lot of extensions (DFTB+)    
==
==                              Release: 1.2 (p2)
==
==                            (ParserVersion = 4)
==
================================================================================


********************************************************************************
** Parsing and initializing
********************************************************************************

Interpreting input file 'dftb_in.hsd'
--------------------------------------------------------------------------------
WARNING!
-> WriteHSDInput and WriteXMLInput both turned off. You won't eventually be 
 able to obtain the same results with a later version of the code!
Path: dftb_in/ParserOptions
Line: 69-72 (File: dftb_in.hsd)

Reading SK-files:
  /home/andersx/parameters/3ob-3-1/C-C.skf
  /home/andersx/parameters/3ob-3-1/C-H.skf
  /home/andersx/parameters/3ob-3-1/H-C.skf
  /home/andersx/parameters/3ob-3-1/H-H.skf
Done.

Starting initialization...
--------------------------------------------------------------------------------
Mode:                        Static calculation
Self consistent charges:     Yes
SCC-tolerance:                 0.100000E-05
Max. scc iterations:                    100
Ewald alpha parameter:         0.000000E+00
Spin polarisation:           No
Nr. of up electrons:            19.000000
Nr. of down electrons:          19.000000
Periodic boundaries:         No
Diagonalizer:                Divide and Conquer
Mixer:                       Anderson mixer
Mixing parameter:                  0.200000
Maximal SCC-cycles:                     100
Nr. of chrg. vectors to mix:              8
Electronic temperature:        0.100000E-07
Initial charges:             Set automatically (system chrg:   0.000E+00)
Included shells:              C:  s, p
                              H:  s
Full 3rd order correction    Yes
Damped SCC                   Yes
Damped specie(s):            H                                                 
Extra options:
--------------------------------------------------------------------------------
 

********************************************************************************
** Geometry step: 0
********************************************************************************

  iSCC Total electronic   Diff electronic      SCC error    
    1   -0.15769827E+02    0.00000000E+00    0.23319442E+00
    2   -0.15769922E+02   -0.95142369E-04    0.23095342E+00
    3   -0.15771933E+02   -0.20112488E-02    0.75459257E-01
    4   -0.15771815E+02    0.11859044E-03    0.82431866E-01
    5   -0.15772502E+02   -0.68732285E-03    0.44371940E-01
    6   -0.15772566E+02   -0.64017605E-04    0.31753744E-01
    7   -0.15772574E+02   -0.79551598E-05    0.22557129E-01
    8   -0.15772590E+02   -0.16161000E-04    0.37511773E-02
    9   -0.15772590E+02   -0.82915635E-07    0.36367353E-02
   10   -0.15772591E+02   -0.27120587E-06    0.12241486E-02
   11   -0.15772591E+02   -0.36132128E-08    0.56787462E-03
   12   -0.15772591E+02   -0.52037379E-08    0.87275603E-04
   13   -0.15772591E+02   -0.24013325E-09    0.52363461E-04
   14   -0.15772591E+02   -0.41239900E-10    0.36998290E-05
   15   -0.15772591E+02   -0.15631940E-12    0.10681677E-05
   16   -0.15772591E+02   -0.28421709E-13    0.50630988E-07
>> Charges saved for restart in charges.bin
 
 Total Energy:                     -15.6862397975 H
 Total Mermin free energy:         -15.6862397975 H
