================================================================================
==
==   Density Functional based Tight Binding with a lot of extensions (DFTB+)    
==
==                              Release: 1.2 (p2)
==
==                            (ParserVersion = 4)
==
================================================================================


********************************************************************************
** Parsing and initializing
********************************************************************************

Interpreting input file 'dftb_in.hsd'
--------------------------------------------------------------------------------
WARNING!
-> WriteHSDInput and WriteXMLInput both turned off. You won't eventually be 
 able to obtain the same results with a later version of the code!
Path: dftb_in/ParserOptions
Line: 69-72 (File: dftb_in.hsd)

Reading SK-files:
  /home/andersx/parameters/3ob-3-1/C-C.skf
  /home/andersx/parameters/3ob-3-1/C-H.skf
  /home/andersx/parameters/3ob-3-1/H-C.skf
  /home/andersx/parameters/3ob-3-1/H-H.skf
Done.

Starting initialization...
--------------------------------------------------------------------------------
Mode:                        Static calculation
Self consistent charges:     Yes
SCC-tolerance:                 0.100000E-05
Max. scc iterations:                    100
Ewald alpha parameter:         0.000000E+00
Spin polarisation:           No
Nr. of up electrons:            19.000000
Nr. of down electrons:          19.000000
Periodic boundaries:         No
Diagonalizer:                Divide and Conquer
Mixer:                       Anderson mixer
Mixing parameter:                  0.200000
Maximal SCC-cycles:                     100
Nr. of chrg. vectors to mix:              8
Electronic temperature:        0.100000E-07
Initial charges:             Set automatically (system chrg:   0.000E+00)
Included shells:              C:  s, p
                              H:  s
Full 3rd order correction    Yes
Damped SCC                   Yes
Damped specie(s):            H                                                 
Extra options:
--------------------------------------------------------------------------------
 

********************************************************************************
** Geometry step: 0
********************************************************************************

  iSCC Total electronic   Diff electronic      SCC error    
    1   -0.15725151E+02    0.00000000E+00    0.30559278E+00
    2   -0.15725179E+02   -0.27137759E-04    0.30238670E+00
    3   -0.15725685E+02   -0.50680559E-03    0.65120311E-01
    4   -0.15725632E+02    0.53216939E-04    0.63944998E-01
    5   -0.15725914E+02   -0.28209186E-03    0.38551104E-01
    6   -0.15725933E+02   -0.18663632E-04    0.14977542E-01
    7   -0.15725935E+02   -0.19951108E-05    0.13286800E-01
    8   -0.15725937E+02   -0.21976626E-05    0.28369196E-02
    9   -0.15725937E+02    0.17841145E-07    0.11108970E-02
   10   -0.15725937E+02   -0.13971673E-06    0.73376812E-03
   11   -0.15725937E+02   -0.19873152E-08    0.21520429E-03
   12   -0.15725937E+02   -0.32286032E-08    0.42041742E-04
   13   -0.15725937E+02   -0.70722095E-10    0.12129759E-04
   14   -0.15725937E+02   -0.20534685E-11    0.20097086E-05
   15   -0.15725937E+02   -0.22204460E-12    0.63292887E-06
>> Charges saved for restart in charges.bin
 
 Total Energy:                     -15.6866027904 H
 Total Mermin free energy:         -15.6866027904 H
