================================================================================
==
==   Density Functional based Tight Binding with a lot of extensions (DFTB+)    
==
==                              Release: 1.2 (p2)
==
==                            (ParserVersion = 4)
==
================================================================================


********************************************************************************
** Parsing and initializing
********************************************************************************

Interpreting input file 'dftb_in.hsd'
--------------------------------------------------------------------------------
WARNING!
-> WriteHSDInput and WriteXMLInput both turned off. You won't eventually be 
 able to obtain the same results with a later version of the code!
Path: dftb_in/ParserOptions
Line: 67-70 (File: dftb_in.hsd)

Reading SK-files:
  /home/andersx/parameters/3ob-3-1/C-C.skf
  /home/andersx/parameters/3ob-3-1/C-H.skf
  /home/andersx/parameters/3ob-3-1/H-C.skf
  /home/andersx/parameters/3ob-3-1/H-H.skf
Done.

Starting initialization...
--------------------------------------------------------------------------------
Mode:                        Static calculation
Self consistent charges:     Yes
SCC-tolerance:                 0.100000E-05
Max. scc iterations:                    100
Ewald alpha parameter:         0.000000E+00
Spin polarisation:           No
Nr. of up electrons:            18.000000
Nr. of down electrons:          18.000000
Periodic boundaries:         No
Diagonalizer:                Divide and Conquer
Mixer:                       Anderson mixer
Mixing parameter:                  0.200000
Maximal SCC-cycles:                     100
Nr. of chrg. vectors to mix:              8
Electronic temperature:        0.100000E-07
Initial charges:             Set automatically (system chrg:   0.000E+00)
Included shells:              C:  s, p
                              H:  s
Full 3rd order correction    Yes
Damped SCC                   Yes
Damped specie(s):            H                                                 
Extra options:
--------------------------------------------------------------------------------
 

********************************************************************************
** Geometry step: 0
********************************************************************************

  iSCC Total electronic   Diff electronic      SCC error    
    1   -0.15064404E+02    0.00000000E+00    0.31686935E+00
    2   -0.15064440E+02   -0.35354303E-04    0.31352820E+00
    3   -0.15065074E+02   -0.63429873E-03    0.69657551E-01
    4   -0.15065023E+02    0.50786687E-04    0.72147685E-01
    5   -0.15065461E+02   -0.43761725E-03    0.39545660E-01
    6   -0.15065476E+02   -0.14840417E-04    0.12910481E-01
    7   -0.15065478E+02   -0.24786511E-05    0.17069437E-01
    8   -0.15065479E+02   -0.10892376E-05    0.25594366E-02
    9   -0.15065480E+02   -0.23268836E-06    0.13286803E-02
   10   -0.15065480E+02   -0.24456693E-06    0.77470762E-03
   11   -0.15065480E+02   -0.21690019E-07    0.29010337E-03
   12   -0.15065480E+02   -0.37358259E-08    0.63047198E-04
   13   -0.15065480E+02   -0.17500490E-09    0.11948317E-04
   14   -0.15065480E+02   -0.72315487E-11    0.20366825E-05
   15   -0.15065480E+02   -0.17053026E-12    0.63606543E-06
>> Charges saved for restart in charges.bin
 
 Total Energy:                     -14.8894149385 H
 Total Mermin free energy:         -14.8894149385 H
