================================================================================
==
==   Density Functional based Tight Binding with a lot of extensions (DFTB+)    
==
==                              Release: 1.2 (p2)
==
==                            (ParserVersion = 4)
==
================================================================================


********************************************************************************
** Parsing and initializing
********************************************************************************

Interpreting input file 'dftb_in.hsd'
--------------------------------------------------------------------------------
WARNING!
-> WriteHSDInput and WriteXMLInput both turned off. You won't eventually be 
 able to obtain the same results with a later version of the code!
Path: dftb_in/ParserOptions
Line: 65-68 (File: dftb_in.hsd)

Reading SK-files:
  /home/andersx/parameters/3ob-3-1/C-C.skf
  /home/andersx/parameters/3ob-3-1/C-H.skf
  /home/andersx/parameters/3ob-3-1/H-C.skf
  /home/andersx/parameters/3ob-3-1/H-H.skf
Done.

Starting initialization...
--------------------------------------------------------------------------------
Mode:                        Static calculation
Self consistent charges:     Yes
SCC-tolerance:                 0.100000E-05
Max. scc iterations:                    100
Ewald alpha parameter:         0.000000E+00
Spin polarisation:           No
Nr. of up electrons:            17.000000
Nr. of down electrons:          17.000000
Periodic boundaries:         No
Diagonalizer:                Divide and Conquer
Mixer:                       Anderson mixer
Mixing parameter:                  0.200000
Maximal SCC-cycles:                     100
Nr. of chrg. vectors to mix:              8
Electronic temperature:        0.100000E-07
Initial charges:             Set automatically (system chrg:   0.000E+00)
Included shells:              C:  s, p
                              H:  s
Full 3rd order correction    Yes
Damped SCC                   Yes
Damped specie(s):            H                                                 
Extra options:
--------------------------------------------------------------------------------
 

********************************************************************************
** Geometry step: 0
********************************************************************************

  iSCC Total electronic   Diff electronic      SCC error    
    1   -0.14411220E+02    0.00000000E+00    0.30106109E+00
    2   -0.14411293E+02   -0.73240360E-04    0.29818505E+00
    3   -0.14411914E+02   -0.62115773E-03    0.97725237E-01
    4   -0.14411892E+02    0.22042140E-04    0.96769956E-01
    5   -0.14413156E+02   -0.12640346E-02    0.12148482E-01
    6   -0.14413155E+02    0.92933493E-06    0.15886103E-01
    7   -0.14413161E+02   -0.61469089E-05    0.13473922E-01
    8   -0.14413164E+02   -0.25960990E-05    0.29996073E-02
    9   -0.14413164E+02    0.15034556E-06    0.46010781E-02
   10   -0.14413165E+02   -0.86419396E-06    0.71792433E-03
   11   -0.14413165E+02   -0.11899960E-07    0.22892412E-03
   12   -0.14413165E+02   -0.12335951E-07    0.61741526E-04
   13   -0.14413165E+02   -0.19527491E-10    0.21754978E-04
   14   -0.14413165E+02   -0.13820056E-11    0.27081433E-05
   15   -0.14413165E+02   -0.10480505E-12    0.26728288E-06
>> Charges saved for restart in charges.bin
 
 Total Energy:                     -14.0912871636 H
 Total Mermin free energy:         -14.0912871636 H
