================================================================================
==
==   Density Functional based Tight Binding with a lot of extensions (DFTB+)    
==
==                              Release: 1.2 (p2)
==
==                            (ParserVersion = 4)
==
================================================================================


********************************************************************************
** Parsing and initializing
********************************************************************************

Interpreting input file 'dftb_in.hsd'
--------------------------------------------------------------------------------
WARNING!
-> WriteHSDInput and WriteXMLInput both turned off. You won't eventually be 
 able to obtain the same results with a later version of the code!
Path: dftb_in/ParserOptions
Line: 71-74 (File: dftb_in.hsd)

Reading SK-files:
  /home/andersx/parameters/3ob-3-1/C-C.skf
  /home/andersx/parameters/3ob-3-1/C-H.skf
  /home/andersx/parameters/3ob-3-1/H-C.skf
  /home/andersx/parameters/3ob-3-1/H-H.skf
Done.

Starting initialization...
--------------------------------------------------------------------------------
Mode:                        Static calculation
Self consistent charges:     Yes
SCC-tolerance:                 0.100000E-05
Max. scc iterations:                    100
Ewald alpha parameter:         0.000000E+00
Spin polarisation:           No
Nr. of up electrons:            20.000000
Nr. of down electrons:          20.000000
Periodic boundaries:         No
Diagonalizer:                Divide and Conquer
Mixer:                       Anderson mixer
Mixing parameter:                  0.200000
Maximal SCC-cycles:                     100
Nr. of chrg. vectors to mix:              8
Electronic temperature:        0.100000E-07
Initial charges:             Set automatically (system chrg:   0.000E+00)
Included shells:              C:  s, p
                              H:  s
Full 3rd order correction    Yes
Damped SCC                   Yes
Damped specie(s):            H                                                 
Extra options:
--------------------------------------------------------------------------------
 

********************************************************************************
** Geometry step: 0
********************************************************************************

  iSCC Total electronic   Diff electronic      SCC error    
    1   -0.16422018E+02    0.00000000E+00    0.22718197E+00
    2   -0.16422052E+02   -0.34246692E-04    0.22485567E+00
    3   -0.16423019E+02   -0.96705100E-03    0.42257410E-01
    4   -0.16423000E+02    0.19214164E-04    0.34391888E-01
    5   -0.16423072E+02   -0.72145739E-04    0.31597002E-01
    6   -0.16423084E+02   -0.12021529E-04    0.14157563E-01
    7   -0.16423076E+02    0.79407413E-05    0.22381333E-01
    8   -0.16423090E+02   -0.14092108E-04    0.10398791E-02
    9   -0.16423090E+02    0.24255080E-07    0.10662284E-02
   10   -0.16423090E+02   -0.75689396E-07    0.25970037E-03
   11   -0.16423090E+02   -0.22827606E-09    0.72960047E-04
   12   -0.16423090E+02   -0.29869440E-09    0.64399294E-05
   13   -0.16423090E+02   -0.54036775E-11    0.17789378E-05
   14   -0.16423090E+02   -0.29132252E-12    0.14452124E-06
>> Charges saved for restart in charges.bin
 
 Total Energy:                     -16.4737130614 H
 Total Mermin free energy:         -16.4737130614 H
