================================================================================
==
==   Density Functional based Tight Binding with a lot of extensions (DFTB+)    
==
==                              Release: 1.2 (p2)
==
==                            (ParserVersion = 4)
==
================================================================================


********************************************************************************
** Parsing and initializing
********************************************************************************

Interpreting input file 'dftb_in.hsd'
--------------------------------------------------------------------------------
WARNING!
-> WriteHSDInput and WriteXMLInput both turned off. You won't eventually be 
 able to obtain the same results with a later version of the code!
Path: dftb_in/ParserOptions
Line: 67-70 (File: dftb_in.hsd)

Reading SK-files:
  /home/andersx/parameters/3ob-3-1/C-C.skf
  /home/andersx/parameters/3ob-3-1/C-H.skf
  /home/andersx/parameters/3ob-3-1/H-C.skf
  /home/andersx/parameters/3ob-3-1/H-H.skf
Done.

Starting initialization...
--------------------------------------------------------------------------------
Mode:                        Static calculation
Self consistent charges:     Yes
SCC-tolerance:                 0.100000E-05
Max. scc iterations:                    100
Ewald alpha parameter:         0.000000E+00
Spin polarisation:           No
Nr. of up electrons:            18.000000
Nr. of down electrons:          18.000000
Periodic boundaries:         No
Diagonalizer:                Divide and Conquer
Mixer:                       Anderson mixer
Mixing parameter:                  0.200000
Maximal SCC-cycles:                     100
Nr. of chrg. vectors to mix:              8
Electronic temperature:        0.100000E-07
Initial charges:             Set automatically (system chrg:   0.000E+00)
Included shells:              C:  s, p
                              H:  s
Full 3rd order correction    Yes
Damped SCC                   Yes
Damped specie(s):            H                                                 
Extra options:
--------------------------------------------------------------------------------
 

********************************************************************************
** Geometry step: 0
********************************************************************************

  iSCC Total electronic   Diff electronic      SCC error    
    1   -0.15059170E+02    0.00000000E+00    0.32069745E+00
    2   -0.15059218E+02   -0.47958052E-04    0.31705134E+00
    3   -0.15059857E+02   -0.63826919E-03    0.85730658E-01
    4   -0.15059786E+02    0.71154786E-04    0.76822328E-01
    5   -0.15060410E+02   -0.62451076E-03    0.25078849E-01
    6   -0.15060454E+02   -0.44394458E-04    0.13468026E-01
    7   -0.15060458E+02   -0.31823287E-05    0.18237048E-01
    8   -0.15060459E+02   -0.10034338E-05    0.38034540E-02
    9   -0.15060459E+02   -0.18617028E-06    0.49152918E-02
   10   -0.15060459E+02   -0.47575157E-06    0.17226413E-02
   11   -0.15060459E+02   -0.64608395E-07    0.52766662E-03
   12   -0.15060459E+02   -0.47508026E-07    0.14655136E-03
   13   -0.15060459E+02   -0.46435034E-09    0.97171156E-04
   14   -0.15060459E+02   -0.13206147E-09    0.97025680E-05
   15   -0.15060459E+02   -0.38706816E-11    0.30819365E-05
   16   -0.15060459E+02   -0.21316282E-12    0.51313453E-06
>> Charges saved for restart in charges.bin
 
 Total Energy:                     -14.8869725647 H
 Total Mermin free energy:         -14.8869725647 H
