================================================================================
==
==   Density Functional based Tight Binding with a lot of extensions (DFTB+)    
==
==                              Release: 1.2 (p2)
==
==                            (ParserVersion = 4)
==
================================================================================


********************************************************************************
** Parsing and initializing
********************************************************************************

Interpreting input file 'dftb_in.hsd'
--------------------------------------------------------------------------------
WARNING!
-> WriteHSDInput and WriteXMLInput both turned off. You won't eventually be 
 able to obtain the same results with a later version of the code!
Path: dftb_in/ParserOptions
Line: 73-76 (File: dftb_in.hsd)

Reading SK-files:
  /home/andersx/parameters/3ob-3-1/C-C.skf
  /home/andersx/parameters/3ob-3-1/C-H.skf
  /home/andersx/parameters/3ob-3-1/H-C.skf
  /home/andersx/parameters/3ob-3-1/H-H.skf
Done.

Starting initialization...
--------------------------------------------------------------------------------
Mode:                        Static calculation
Self consistent charges:     Yes
SCC-tolerance:                 0.100000E-05
Max. scc iterations:                    100
Ewald alpha parameter:         0.000000E+00
Spin polarisation:           No
Nr. of up electrons:            21.000000
Nr. of down electrons:          21.000000
Periodic boundaries:         No
Diagonalizer:                Divide and Conquer
Mixer:                       Anderson mixer
Mixing parameter:                  0.200000
Maximal SCC-cycles:                     100
Nr. of chrg. vectors to mix:              8
Electronic temperature:        0.100000E-07
Initial charges:             Set automatically (system chrg:   0.000E+00)
Included shells:              C:  s, p
                              H:  s
Full 3rd order correction    Yes
Damped SCC                   Yes
Damped specie(s):            H                                                 
Extra options:
--------------------------------------------------------------------------------
 

********************************************************************************
** Geometry step: 0
********************************************************************************

  iSCC Total electronic   Diff electronic      SCC error    
    1   -0.17107102E+02    0.00000000E+00    0.30409669E+00
    2   -0.17107118E+02   -0.16109708E-04    0.30058913E+00
    3   -0.17107630E+02   -0.51234964E-03    0.69838084E-01
    4   -0.17107608E+02    0.22196457E-04    0.67842949E-01
    5   -0.17107609E+02   -0.38991767E-06    0.10925856E+00
    6   -0.17107679E+02   -0.70041973E-04    0.12825274E-01
    7   -0.17107679E+02    0.89825715E-07    0.72836688E-02
    8   -0.17107679E+02   -0.96949542E-07    0.16177855E-01
    9   -0.17107680E+02   -0.14540516E-05    0.30901993E-02
   10   -0.17107680E+02   -0.65705279E-07    0.11648980E-02
   11   -0.17107680E+02   -0.79370302E-07    0.18454045E-03
   12   -0.17107680E+02   -0.59216241E-08    0.19228935E-03
   13   -0.17107680E+02   -0.10538486E-08    0.31110323E-04
   14   -0.17107680E+02   -0.22321700E-10    0.95841789E-05
   15   -0.17107680E+02   -0.57198690E-12    0.11775527E-05
   16   -0.17107680E+02   -0.35527137E-13    0.33122701E-06
>> Charges saved for restart in charges.bin
 
 Total Energy:                     -17.2560179353 H
 Total Mermin free energy:         -17.2560179353 H
