================================================================================
==
==   Density Functional based Tight Binding with a lot of extensions (DFTB+)    
==
==                              Release: 1.2 (p2)
==
==                            (ParserVersion = 4)
==
================================================================================


********************************************************************************
** Parsing and initializing
********************************************************************************

Interpreting input file 'dftb_in.hsd'
--------------------------------------------------------------------------------
WARNING!
-> WriteHSDInput and WriteXMLInput both turned off. You won't eventually be 
 able to obtain the same results with a later version of the code!
Path: dftb_in/ParserOptions
Line: 73-76 (File: dftb_in.hsd)

Reading SK-files:
  /home/andersx/parameters/3ob-3-1/C-C.skf
  /home/andersx/parameters/3ob-3-1/C-H.skf
  /home/andersx/parameters/3ob-3-1/H-C.skf
  /home/andersx/parameters/3ob-3-1/H-H.skf
Done.

Starting initialization...
--------------------------------------------------------------------------------
Mode:                        Static calculation
Self consistent charges:     Yes
SCC-tolerance:                 0.100000E-05
Max. scc iterations:                    100
Ewald alpha parameter:         0.000000E+00
Spin polarisation:           No
Nr. of up electrons:            21.000000
Nr. of down electrons:          21.000000
Periodic boundaries:         No
Diagonalizer:                Divide and Conquer
Mixer:                       Anderson mixer
Mixing parameter:                  0.200000
Maximal SCC-cycles:                     100
Nr. of chrg. vectors to mix:              8
Electronic temperature:        0.100000E-07
Initial charges:             Set automatically (system chrg:   0.000E+00)
Included shells:              C:  s, p
                              H:  s
Full 3rd order correction    Yes
Damped SCC                   Yes
Damped specie(s):            H                                                 
Extra options:
--------------------------------------------------------------------------------
 

********************************************************************************
** Geometry step: 0
********************************************************************************

  iSCC Total electronic   Diff electronic      SCC error    
    1   -0.17117439E+02    0.00000000E+00    0.26084202E+00
    2   -0.17117483E+02   -0.43429043E-04    0.25813096E+00
    3   -0.17118506E+02   -0.10237431E-02    0.48898664E-01
    4   -0.17118432E+02    0.73951669E-04    0.52092084E-01
    5   -0.17118503E+02   -0.71174460E-04    0.52623623E-01
    6   -0.17118704E+02   -0.20061791E-03    0.15295082E-01
    7   -0.17118703E+02    0.14797928E-05    0.19790993E-01
    8   -0.17118712E+02   -0.90390100E-05    0.89763952E-02
    9   -0.17118713E+02   -0.16856458E-05    0.15039009E-02
   10   -0.17118713E+02   -0.24169022E-07    0.12925928E-02
   11   -0.17118713E+02   -0.64699499E-07    0.86245981E-04
   12   -0.17118713E+02   -0.89309182E-09    0.52035923E-04
   13   -0.17118713E+02   -0.31112535E-09    0.81276658E-05
   14   -0.17118713E+02   -0.46682658E-11    0.23928455E-05
   15   -0.17118713E+02   -0.28421709E-13    0.36053451E-06
>> Charges saved for restart in charges.bin
 
 Total Energy:                     -17.2651355344 H
 Total Mermin free energy:         -17.2651355344 H
