================================================================================
==
==   Density Functional based Tight Binding with a lot of extensions (DFTB+)    
==
==                              Release: 1.2 (p2)
==
==                            (ParserVersion = 4)
==
================================================================================


********************************************************************************
** Parsing and initializing
********************************************************************************

Interpreting input file 'dftb_in.hsd'
--------------------------------------------------------------------------------
WARNING!
-> WriteHSDInput and WriteXMLInput both turned off. You won't eventually be 
 able to obtain the same results with a later version of the code!
Path: dftb_in/ParserOptions
Line: 73-76 (File: dftb_in.hsd)

Reading SK-files:
  /home/andersx/parameters/3ob-3-1/C-C.skf
  /home/andersx/parameters/3ob-3-1/C-H.skf
  /home/andersx/parameters/3ob-3-1/H-C.skf
  /home/andersx/parameters/3ob-3-1/H-H.skf
Done.

Starting initialization...
--------------------------------------------------------------------------------
Mode:                        Static calculation
Self consistent charges:     Yes
SCC-tolerance:                 0.100000E-05
Max. scc iterations:                    100
Ewald alpha parameter:         0.000000E+00
Spin polarisation:           No
Nr. of up electrons:            21.000000
Nr. of down electrons:          21.000000
Periodic boundaries:         No
Diagonalizer:                Divide and Conquer
Mixer:                       Anderson mixer
Mixing parameter:                  0.200000
Maximal SCC-cycles:                     100
Nr. of chrg. vectors to mix:              8
Electronic temperature:        0.100000E-07
Initial charges:             Set automatically (system chrg:   0.000E+00)
Included shells:              C:  s, p
                              H:  s
Full 3rd order correction    Yes
Damped SCC                   Yes
Damped specie(s):            H                                                 
Extra options:
--------------------------------------------------------------------------------
 

********************************************************************************
** Geometry step: 0
********************************************************************************

  iSCC Total electronic   Diff electronic      SCC error    
    1   -0.17106682E+02    0.00000000E+00    0.30252586E+00
    2   -0.17106698E+02   -0.16052056E-04    0.29915769E+00
    3   -0.17107113E+02   -0.41497957E-03    0.34646098E-01
    4   -0.17107093E+02    0.20430716E-04    0.36190731E-01
    5   -0.17107118E+02   -0.25578747E-04    0.76107525E-01
    6   -0.17107164E+02   -0.45330257E-04    0.16339908E-01
    7   -0.17107164E+02   -0.10529547E-06    0.15053975E-01
    8   -0.17107167E+02   -0.27531582E-05    0.50645209E-02
    9   -0.17107167E+02   -0.72700047E-07    0.26018332E-02
   10   -0.17107167E+02   -0.13523945E-06    0.82644786E-03
   11   -0.17107167E+02   -0.72665465E-08    0.28188630E-03
   12   -0.17107167E+02   -0.35518717E-08    0.81850906E-04
   13   -0.17107167E+02   -0.31388225E-10    0.25656149E-04
   14   -0.17107167E+02   -0.22119195E-10    0.16543520E-05
   15   -0.17107167E+02   -0.92370556E-13    0.41259519E-06
>> Charges saved for restart in charges.bin
 
 Total Energy:                     -17.2552297806 H
 Total Mermin free energy:         -17.2552297806 H
