================================================================================
==
==   Density Functional based Tight Binding with a lot of extensions (DFTB+)    
==
==                              Release: 1.2 (p2)
==
==                            (ParserVersion = 4)
==
================================================================================


********************************************************************************
** Parsing and initializing
********************************************************************************

Interpreting input file 'dftb_in.hsd'
--------------------------------------------------------------------------------
WARNING!
-> WriteHSDInput and WriteXMLInput both turned off. You won't eventually be 
 able to obtain the same results with a later version of the code!
Path: dftb_in/ParserOptions
Line: 67-70 (File: dftb_in.hsd)

Reading SK-files:
  /home/andersx/parameters/3ob-3-1/C-C.skf
  /home/andersx/parameters/3ob-3-1/C-H.skf
  /home/andersx/parameters/3ob-3-1/H-C.skf
  /home/andersx/parameters/3ob-3-1/H-H.skf
Done.

Starting initialization...
--------------------------------------------------------------------------------
Mode:                        Static calculation
Self consistent charges:     Yes
SCC-tolerance:                 0.100000E-05
Max. scc iterations:                    100
Ewald alpha parameter:         0.000000E+00
Spin polarisation:           No
Nr. of up electrons:            18.000000
Nr. of down electrons:          18.000000
Periodic boundaries:         No
Diagonalizer:                Divide and Conquer
Mixer:                       Anderson mixer
Mixing parameter:                  0.200000
Maximal SCC-cycles:                     100
Nr. of chrg. vectors to mix:              8
Electronic temperature:        0.100000E-07
Initial charges:             Set automatically (system chrg:   0.000E+00)
Included shells:              C:  s, p
                              H:  s
Full 3rd order correction    Yes
Damped SCC                   Yes
Damped specie(s):            H                                                 
Extra options:
--------------------------------------------------------------------------------
 

********************************************************************************
** Geometry step: 0
********************************************************************************

  iSCC Total electronic   Diff electronic      SCC error    
    1   -0.15074890E+02    0.00000000E+00    0.27920761E+00
    2   -0.15074967E+02   -0.77442349E-04    0.27615151E+00
    3   -0.15077117E+02   -0.21498450E-02    0.63092450E-01
    4   -0.15077082E+02    0.34831208E-04    0.67600275E-01
    5   -0.15077295E+02   -0.21325298E-03    0.20924451E-01
    6   -0.15077304E+02   -0.89505815E-05    0.14802528E-01
    7   -0.15077315E+02   -0.10302908E-04    0.12793217E-01
    8   -0.15077320E+02   -0.55163449E-05    0.48229372E-02
    9   -0.15077320E+02   -0.28326923E-06    0.43802989E-02
   10   -0.15077321E+02   -0.71791401E-06    0.25783609E-02
   11   -0.15077321E+02   -0.96372386E-07    0.92237036E-03
   12   -0.15077321E+02   -0.31522793E-07    0.30494169E-03
   13   -0.15077321E+02   -0.52852354E-08    0.17220376E-03
   14   -0.15077321E+02   -0.61163696E-09    0.25474888E-04
   15   -0.15077321E+02   -0.72443385E-10    0.27635655E-05
   16   -0.15077321E+02   -0.14921397E-12    0.64870134E-06
>> Charges saved for restart in charges.bin
 
 Total Energy:                     -14.8966544013 H
 Total Mermin free energy:         -14.8966544013 H
