================================================================================
==
==   Density Functional based Tight Binding with a lot of extensions (DFTB+)    
==
==                              Release: 1.2 (p2)
==
==                            (ParserVersion = 4)
==
================================================================================


********************************************************************************
** Parsing and initializing
********************************************************************************

Interpreting input file 'dftb_in.hsd'
--------------------------------------------------------------------------------
WARNING!
-> WriteHSDInput and WriteXMLInput both turned off. You won't eventually be 
 able to obtain the same results with a later version of the code!
Path: dftb_in/ParserOptions
Line: 71-74 (File: dftb_in.hsd)

Reading SK-files:
  /home/andersx/parameters/3ob-3-1/C-C.skf
  /home/andersx/parameters/3ob-3-1/C-H.skf
  /home/andersx/parameters/3ob-3-1/H-C.skf
  /home/andersx/parameters/3ob-3-1/H-H.skf
Done.

Starting initialization...
--------------------------------------------------------------------------------
Mode:                        Static calculation
Self consistent charges:     Yes
SCC-tolerance:                 0.100000E-05
Max. scc iterations:                    100
Ewald alpha parameter:         0.000000E+00
Spin polarisation:           No
Nr. of up electrons:            20.000000
Nr. of down electrons:          20.000000
Periodic boundaries:         No
Diagonalizer:                Divide and Conquer
Mixer:                       Anderson mixer
Mixing parameter:                  0.200000
Maximal SCC-cycles:                     100
Nr. of chrg. vectors to mix:              8
Electronic temperature:        0.100000E-07
Initial charges:             Set automatically (system chrg:   0.000E+00)
Included shells:              C:  s, p
                              H:  s
Full 3rd order correction    Yes
Damped SCC                   Yes
Damped specie(s):            H                                                 
Extra options:
--------------------------------------------------------------------------------
 

********************************************************************************
** Geometry step: 0
********************************************************************************

  iSCC Total electronic   Diff electronic      SCC error    
    1   -0.16414963E+02    0.00000000E+00    0.36487303E+00
    2   -0.16414984E+02   -0.21058810E-04    0.36040094E+00
    3   -0.16415553E+02   -0.56882828E-03    0.37507569E-01
    4   -0.16415530E+02    0.22842889E-04    0.37214124E-01
    5   -0.16415530E+02   -0.50215230E-06    0.38884715E-01
    6   -0.16415595E+02   -0.64676270E-04    0.13032095E-01
    7   -0.16415595E+02   -0.30277253E-07    0.11812730E-01
    8   -0.16415599E+02   -0.40227851E-05    0.45152458E-02
    9   -0.16415599E+02   -0.81528633E-07    0.22654886E-02
   10   -0.16415599E+02   -0.10820708E-06    0.62360294E-03
   11   -0.16415599E+02   -0.53583342E-08    0.20538760E-03
   12   -0.16415599E+02   -0.15815580E-08    0.48489956E-04
   13   -0.16415599E+02   -0.14560442E-09    0.44530794E-05
   14   -0.16415599E+02   -0.29132252E-12    0.15557972E-05
   15   -0.16415599E+02   -0.60396133E-13    0.24960827E-06
>> Charges saved for restart in charges.bin
 
 Total Energy:                     -16.4684802750 H
 Total Mermin free energy:         -16.4684802750 H
