================================================================================
==
==   Density Functional based Tight Binding with a lot of extensions (DFTB+)    
==
==                              Release: 1.2 (p2)
==
==                            (ParserVersion = 4)
==
================================================================================


********************************************************************************
** Parsing and initializing
********************************************************************************

Interpreting input file 'dftb_in.hsd'
--------------------------------------------------------------------------------
WARNING!
-> WriteHSDInput and WriteXMLInput both turned off. You won't eventually be 
 able to obtain the same results with a later version of the code!
Path: dftb_in/ParserOptions
Line: 71-74 (File: dftb_in.hsd)

Reading SK-files:
  /home/andersx/parameters/3ob-3-1/C-C.skf
  /home/andersx/parameters/3ob-3-1/C-H.skf
  /home/andersx/parameters/3ob-3-1/H-C.skf
  /home/andersx/parameters/3ob-3-1/H-H.skf
Done.

Starting initialization...
--------------------------------------------------------------------------------
Mode:                        Static calculation
Self consistent charges:     Yes
SCC-tolerance:                 0.100000E-05
Max. scc iterations:                    100
Ewald alpha parameter:         0.000000E+00
Spin polarisation:           No
Nr. of up electrons:            20.000000
Nr. of down electrons:          20.000000
Periodic boundaries:         No
Diagonalizer:                Divide and Conquer
Mixer:                       Anderson mixer
Mixing parameter:                  0.200000
Maximal SCC-cycles:                     100
Nr. of chrg. vectors to mix:              8
Electronic temperature:        0.100000E-07
Initial charges:             Set automatically (system chrg:   0.000E+00)
Included shells:              C:  s, p
                              H:  s
Full 3rd order correction    Yes
Damped SCC                   Yes
Damped specie(s):            H                                                 
Extra options:
--------------------------------------------------------------------------------
 

********************************************************************************
** Geometry step: 0
********************************************************************************

  iSCC Total electronic   Diff electronic      SCC error    
    1   -0.16441687E+02    0.00000000E+00    0.36149237E+00
    2   -0.16441725E+02   -0.38277293E-04    0.35723591E+00
    3   -0.16442752E+02   -0.10264545E-02    0.49395515E-01
    4   -0.16442692E+02    0.59334421E-04    0.55226474E-01
    5   -0.16442769E+02   -0.76730637E-04    0.65090457E-01
    6   -0.16442905E+02   -0.13559128E-03    0.25894479E-01
    7   -0.16442906E+02   -0.15330986E-05    0.19663147E-01
    8   -0.16442912E+02   -0.56734039E-05    0.57423129E-02
    9   -0.16442911E+02    0.71420401E-06    0.37003302E-02
   10   -0.16442911E+02   -0.36209028E-06    0.28930464E-02
   11   -0.16442912E+02   -0.68813158E-06    0.48599669E-03
   12   -0.16442912E+02   -0.46388777E-08    0.24481578E-03
   13   -0.16442912E+02   -0.83635143E-09    0.12941701E-04
   14   -0.16442912E+02   -0.11993961E-10    0.58111890E-05
   15   -0.16442912E+02   -0.10125234E-11    0.95314694E-06
>> Charges saved for restart in charges.bin
 
 Total Energy:                     -16.4569736269 H
 Total Mermin free energy:         -16.4569736269 H
