================================================================================
==
==   Density Functional based Tight Binding with a lot of extensions (DFTB+)    
==
==                              Release: 1.2 (p2)
==
==                            (ParserVersion = 4)
==
================================================================================


********************************************************************************
** Parsing and initializing
********************************************************************************

Interpreting input file 'dftb_in.hsd'
--------------------------------------------------------------------------------
WARNING!
-> WriteHSDInput and WriteXMLInput both turned off. You won't eventually be 
 able to obtain the same results with a later version of the code!
Path: dftb_in/ParserOptions
Line: 73-76 (File: dftb_in.hsd)

Reading SK-files:
  /home/andersx/parameters/3ob-3-1/C-C.skf
  /home/andersx/parameters/3ob-3-1/C-H.skf
  /home/andersx/parameters/3ob-3-1/H-C.skf
  /home/andersx/parameters/3ob-3-1/H-H.skf
Done.

Starting initialization...
--------------------------------------------------------------------------------
Mode:                        Static calculation
Self consistent charges:     Yes
SCC-tolerance:                 0.100000E-05
Max. scc iterations:                    100
Ewald alpha parameter:         0.000000E+00
Spin polarisation:           No
Nr. of up electrons:            21.000000
Nr. of down electrons:          21.000000
Periodic boundaries:         No
Diagonalizer:                Divide and Conquer
Mixer:                       Anderson mixer
Mixing parameter:                  0.200000
Maximal SCC-cycles:                     100
Nr. of chrg. vectors to mix:              8
Electronic temperature:        0.100000E-07
Initial charges:             Set automatically (system chrg:   0.000E+00)
Included shells:              C:  s, p
                              H:  s
Full 3rd order correction    Yes
Damped SCC                   Yes
Damped specie(s):            H                                                 
Extra options:
--------------------------------------------------------------------------------
 

********************************************************************************
** Geometry step: 0
********************************************************************************

  iSCC Total electronic   Diff electronic      SCC error    
    1   -0.17114034E+02    0.00000000E+00    0.36131767E+00
    2   -0.17114059E+02   -0.24537139E-04    0.35702691E+00
    3   -0.17114659E+02   -0.59996871E-03    0.59681020E-01
    4   -0.17114606E+02    0.52700816E-04    0.60938562E-01
    5   -0.17114605E+02    0.15138985E-05    0.58001559E-01
    6   -0.17114765E+02   -0.16004478E-03    0.83702301E-02
    7   -0.17114765E+02   -0.20482314E-06    0.63181560E-02
    8   -0.17114766E+02   -0.13599174E-05    0.31923381E-02
    9   -0.17114766E+02   -0.86388074E-07    0.46109053E-03
   10   -0.17114766E+02   -0.22269948E-07    0.37186829E-03
   11   -0.17114766E+02   -0.14728236E-08    0.65540751E-04
   12   -0.17114766E+02   -0.44748205E-09    0.69781908E-05
   13   -0.17114766E+02   -0.78443918E-11    0.20029100E-05
   14   -0.17114766E+02   -0.21316282E-12    0.33730518E-06
>> Charges saved for restart in charges.bin
 
 Total Energy:                     -17.2621955460 H
 Total Mermin free energy:         -17.2621955460 H
