================================================================================
==
==   Density Functional based Tight Binding with a lot of extensions (DFTB+)    
==
==                              Release: 1.2 (p2)
==
==                            (ParserVersion = 4)
==
================================================================================


********************************************************************************
** Parsing and initializing
********************************************************************************

Interpreting input file 'dftb_in.hsd'
--------------------------------------------------------------------------------
WARNING!
-> WriteHSDInput and WriteXMLInput both turned off. You won't eventually be 
 able to obtain the same results with a later version of the code!
Path: dftb_in/ParserOptions
Line: 70-73 (File: dftb_in.hsd)

Reading SK-files:
  /home/andersx/parameters/3ob-3-1/C-C.skf
  /home/andersx/parameters/3ob-3-1/C-O.skf
  /home/andersx/parameters/3ob-3-1/C-H.skf
  /home/andersx/parameters/3ob-3-1/O-C.skf
  /home/andersx/parameters/3ob-3-1/O-O.skf
  /home/andersx/parameters/3ob-3-1/O-H.skf
  /home/andersx/parameters/3ob-3-1/H-C.skf
  /home/andersx/parameters/3ob-3-1/H-O.skf
  /home/andersx/parameters/3ob-3-1/H-H.skf
Done.

Starting initialization...
--------------------------------------------------------------------------------
Mode:                        Static calculation
Self consistent charges:     Yes
SCC-tolerance:                 0.100000E-05
Max. scc iterations:                    100
Ewald alpha parameter:         0.000000E+00
Spin polarisation:           No
Nr. of up electrons:            14.000000
Nr. of down electrons:          14.000000
Periodic boundaries:         No
Diagonalizer:                Divide and Conquer
Mixer:                       Anderson mixer
Mixing parameter:                  0.200000
Maximal SCC-cycles:                     100
Nr. of chrg. vectors to mix:              8
Electronic temperature:        0.100000E-07
Initial charges:             Set automatically (system chrg:   0.000E+00)
Included shells:              C:  s, p
                              O:  s, p
                              H:  s
Full 3rd order correction    Yes
Damped SCC                   Yes
Damped specie(s):            H                                                 
Extra options:
--------------------------------------------------------------------------------
 

********************************************************************************
** Geometry step: 0
********************************************************************************

  iSCC Total electronic   Diff electronic      SCC error    
    1   -0.12450601E+02    0.00000000E+00    0.69583900E+00
    2   -0.12451414E+02   -0.81336640E-03    0.68326712E+00
    3   -0.12471890E+02   -0.20475391E-01    0.10190158E+00
    4   -0.12472063E+02   -0.17359439E-03    0.10121704E+00
    5   -0.12472406E+02   -0.34232320E-03    0.20645753E-01
    6   -0.12472423E+02   -0.16998357E-04    0.14999772E-01
    7   -0.12472425E+02   -0.23658018E-05    0.88720916E-02
    8   -0.12472428E+02   -0.28765101E-05    0.10277064E-02
    9   -0.12472428E+02   -0.50695947E-07    0.81269690E-03
   10   -0.12472428E+02   -0.97920687E-07    0.25370502E-03
   11   -0.12472428E+02   -0.48445443E-08    0.11839227E-03
   12   -0.12472428E+02   -0.10176571E-08    0.15818885E-04
   13   -0.12472428E+02   -0.79012352E-11    0.16924031E-05
   14   -0.12472428E+02   -0.35527137E-14    0.33682459E-06
>> Charges saved for restart in charges.bin
 
 Total Energy:                     -12.3793247752 H
 Total Mermin free energy:         -12.3793247752 H
