================================================================================
==
==   Density Functional based Tight Binding with a lot of extensions (DFTB+)    
==
==                              Release: 1.2 (p2)
==
==                            (ParserVersion = 4)
==
================================================================================


********************************************************************************
** Parsing and initializing
********************************************************************************

Interpreting input file 'dftb_in.hsd'
--------------------------------------------------------------------------------
WARNING!
-> WriteHSDInput and WriteXMLInput both turned off. You won't eventually be 
 able to obtain the same results with a later version of the code!
Path: dftb_in/ParserOptions
Line: 71-74 (File: dftb_in.hsd)

Reading SK-files:
  /home/andersx/parameters/3ob-3-1/C-C.skf
  /home/andersx/parameters/3ob-3-1/C-H.skf
  /home/andersx/parameters/3ob-3-1/H-C.skf
  /home/andersx/parameters/3ob-3-1/H-H.skf
Done.

Starting initialization...
--------------------------------------------------------------------------------
Mode:                        Static calculation
Self consistent charges:     Yes
SCC-tolerance:                 0.100000E-05
Max. scc iterations:                    100
Ewald alpha parameter:         0.000000E+00
Spin polarisation:           No
Nr. of up electrons:            20.000000
Nr. of down electrons:          20.000000
Periodic boundaries:         No
Diagonalizer:                Divide and Conquer
Mixer:                       Anderson mixer
Mixing parameter:                  0.200000
Maximal SCC-cycles:                     100
Nr. of chrg. vectors to mix:              8
Electronic temperature:        0.100000E-07
Initial charges:             Set automatically (system chrg:   0.000E+00)
Included shells:              C:  s, p
                              H:  s
Full 3rd order correction    Yes
Damped SCC                   Yes
Damped specie(s):            H                                                 
Extra options:
--------------------------------------------------------------------------------
 

********************************************************************************
** Geometry step: 0
********************************************************************************

  iSCC Total electronic   Diff electronic      SCC error    
    1   -0.16455729E+02    0.00000000E+00    0.25586708E+00
    2   -0.16455811E+02   -0.81589262E-04    0.25333468E+00
    3   -0.16458034E+02   -0.22229995E-02    0.46927497E-01
    4   -0.16457966E+02    0.67824350E-04    0.51849509E-01
    5   -0.16458227E+02   -0.26122214E-03    0.34670571E-01
    6   -0.16458273E+02   -0.45800822E-04    0.11818641E-01
    7   -0.16458275E+02   -0.17614656E-05    0.15143313E-01
    8   -0.16458277E+02   -0.23140819E-05    0.41168159E-02
    9   -0.16458277E+02   -0.10074167E-06    0.22770902E-02
   10   -0.16458277E+02   -0.10008996E-06    0.59472410E-03
   11   -0.16458277E+02   -0.75809936E-09    0.32202854E-03
   12   -0.16458277E+02   -0.39970374E-08    0.42481267E-04
   13   -0.16458277E+02   -0.28155256E-10    0.13824776E-04
   14   -0.16458277E+02   -0.27213787E-11    0.59122951E-06
>> Charges saved for restart in charges.bin
 
 Total Energy:                     -16.4673410192 H
 Total Mermin free energy:         -16.4673410192 H
