================================================================================
==
==   Density Functional based Tight Binding with a lot of extensions (DFTB+)    
==
==                              Release: 1.2 (p2)
==
==                            (ParserVersion = 4)
==
================================================================================


********************************************************************************
** Parsing and initializing
********************************************************************************

Interpreting input file 'dftb_in.hsd'
--------------------------------------------------------------------------------
WARNING!
-> WriteHSDInput and WriteXMLInput both turned off. You won't eventually be 
 able to obtain the same results with a later version of the code!
Path: dftb_in/ParserOptions
Line: 73-76 (File: dftb_in.hsd)

Reading SK-files:
  /home/andersx/parameters/3ob-3-1/C-C.skf
  /home/andersx/parameters/3ob-3-1/C-H.skf
  /home/andersx/parameters/3ob-3-1/H-C.skf
  /home/andersx/parameters/3ob-3-1/H-H.skf
Done.

Starting initialization...
--------------------------------------------------------------------------------
Mode:                        Static calculation
Self consistent charges:     Yes
SCC-tolerance:                 0.100000E-05
Max. scc iterations:                    100
Ewald alpha parameter:         0.000000E+00
Spin polarisation:           No
Nr. of up electrons:            21.000000
Nr. of down electrons:          21.000000
Periodic boundaries:         No
Diagonalizer:                Divide and Conquer
Mixer:                       Anderson mixer
Mixing parameter:                  0.200000
Maximal SCC-cycles:                     100
Nr. of chrg. vectors to mix:              8
Electronic temperature:        0.100000E-07
Initial charges:             Set automatically (system chrg:   0.000E+00)
Included shells:              C:  s, p
                              H:  s
Full 3rd order correction    Yes
Damped SCC                   Yes
Damped specie(s):            H                                                 
Extra options:
--------------------------------------------------------------------------------
 

********************************************************************************
** Geometry step: 0
********************************************************************************

  iSCC Total electronic   Diff electronic      SCC error    
    1   -0.17119305E+02    0.00000000E+00    0.25779989E+00
    2   -0.17119343E+02   -0.38099260E-04    0.25510543E+00
    3   -0.17120323E+02   -0.97983538E-03    0.54308033E-01
    4   -0.17120273E+02    0.49421489E-04    0.57373328E-01
    5   -0.17120313E+02   -0.39491048E-04    0.48506746E-01
    6   -0.17120438E+02   -0.12531805E-03    0.87359113E-02
    7   -0.17120438E+02   -0.59376816E-07    0.12639908E-01
    8   -0.17120444E+02   -0.56479339E-05    0.57929422E-02
    9   -0.17120444E+02   -0.27480475E-06    0.35376943E-02
   10   -0.17120444E+02   -0.43861185E-07    0.31527281E-02
   11   -0.17120444E+02   -0.11816635E-06    0.44854765E-03
   12   -0.17120444E+02   -0.16867162E-07    0.30063371E-03
   13   -0.17120444E+02   -0.56040506E-08    0.67835462E-04
   14   -0.17120444E+02   -0.16545698E-09    0.79631733E-05
   15   -0.17120444E+02   -0.16981971E-11    0.18579973E-05
   16   -0.17120444E+02   -0.13145041E-12    0.44390894E-06
>> Charges saved for restart in charges.bin
 
 Total Energy:                     -17.2664472654 H
 Total Mermin free energy:         -17.2664472654 H
