================================================================================
==
==   Density Functional based Tight Binding with a lot of extensions (DFTB+)    
==
==                              Release: 1.2 (p2)
==
==                            (ParserVersion = 4)
==
================================================================================


********************************************************************************
** Parsing and initializing
********************************************************************************

Interpreting input file 'dftb_in.hsd'
--------------------------------------------------------------------------------
WARNING!
-> WriteHSDInput and WriteXMLInput both turned off. You won't eventually be 
 able to obtain the same results with a later version of the code!
Path: dftb_in/ParserOptions
Line: 73-76 (File: dftb_in.hsd)

Reading SK-files:
  /home/andersx/parameters/3ob-3-1/C-C.skf
  /home/andersx/parameters/3ob-3-1/C-H.skf
  /home/andersx/parameters/3ob-3-1/H-C.skf
  /home/andersx/parameters/3ob-3-1/H-H.skf
Done.

Starting initialization...
--------------------------------------------------------------------------------
Mode:                        Static calculation
Self consistent charges:     Yes
SCC-tolerance:                 0.100000E-05
Max. scc iterations:                    100
Ewald alpha parameter:         0.000000E+00
Spin polarisation:           No
Nr. of up electrons:            21.000000
Nr. of down electrons:          21.000000
Periodic boundaries:         No
Diagonalizer:                Divide and Conquer
Mixer:                       Anderson mixer
Mixing parameter:                  0.200000
Maximal SCC-cycles:                     100
Nr. of chrg. vectors to mix:              8
Electronic temperature:        0.100000E-07
Initial charges:             Set automatically (system chrg:   0.000E+00)
Included shells:              C:  s, p
                              H:  s
Full 3rd order correction    Yes
Damped SCC                   Yes
Damped specie(s):            H                                                 
Extra options:
--------------------------------------------------------------------------------
 

********************************************************************************
** Geometry step: 0
********************************************************************************

  iSCC Total electronic   Diff electronic      SCC error    
    1   -0.17115042E+02    0.00000000E+00    0.36829852E+00
    2   -0.17115067E+02   -0.25032516E-04    0.36370792E+00
    3   -0.17115678E+02   -0.61038570E-03    0.43963847E-01
    4   -0.17115632E+02    0.45403444E-04    0.44920899E-01
    5   -0.17115633E+02   -0.10709593E-05    0.45396475E-01
    6   -0.17115760E+02   -0.12621136E-03    0.10687840E-01
    7   -0.17115760E+02   -0.95424429E-07    0.10043954E-01
    8   -0.17115764E+02   -0.45666236E-05    0.51573918E-02
    9   -0.17115764E+02   -0.10615237E-06    0.36657178E-02
   10   -0.17115765E+02   -0.15276058E-06    0.12167284E-02
   11   -0.17115765E+02    0.86509466E-08    0.37936517E-03
   12   -0.17115765E+02   -0.11013789E-07    0.31748674E-04
   13   -0.17115765E+02   -0.53756111E-10    0.11847833E-04
   14   -0.17115765E+02   -0.75246476E-11    0.96058365E-06
>> Charges saved for restart in charges.bin
 
 Total Energy:                     -17.2625356478 H
 Total Mermin free energy:         -17.2625356478 H
