================================================================================
==
==   Density Functional based Tight Binding with a lot of extensions (DFTB+)    
==
==                              Release: 1.2 (p2)
==
==                            (ParserVersion = 4)
==
================================================================================


********************************************************************************
** Parsing and initializing
********************************************************************************

Interpreting input file 'dftb_in.hsd'
--------------------------------------------------------------------------------
WARNING!
-> WriteHSDInput and WriteXMLInput both turned off. You won't eventually be 
 able to obtain the same results with a later version of the code!
Path: dftb_in/ParserOptions
Line: 71-74 (File: dftb_in.hsd)

Reading SK-files:
  /home/andersx/parameters/3ob-3-1/C-C.skf
  /home/andersx/parameters/3ob-3-1/C-H.skf
  /home/andersx/parameters/3ob-3-1/H-C.skf
  /home/andersx/parameters/3ob-3-1/H-H.skf
Done.

Starting initialization...
--------------------------------------------------------------------------------
Mode:                        Static calculation
Self consistent charges:     Yes
SCC-tolerance:                 0.100000E-05
Max. scc iterations:                    100
Ewald alpha parameter:         0.000000E+00
Spin polarisation:           No
Nr. of up electrons:            20.000000
Nr. of down electrons:          20.000000
Periodic boundaries:         No
Diagonalizer:                Divide and Conquer
Mixer:                       Anderson mixer
Mixing parameter:                  0.200000
Maximal SCC-cycles:                     100
Nr. of chrg. vectors to mix:              8
Electronic temperature:        0.100000E-07
Initial charges:             Set automatically (system chrg:   0.000E+00)
Included shells:              C:  s, p
                              H:  s
Full 3rd order correction    Yes
Damped SCC                   Yes
Damped specie(s):            H                                                 
Extra options:
--------------------------------------------------------------------------------
 

********************************************************************************
** Geometry step: 0
********************************************************************************

  iSCC Total electronic   Diff electronic      SCC error    
    1   -0.16417650E+02    0.00000000E+00    0.31600025E+00
    2   -0.16417665E+02   -0.14485732E-04    0.31256535E+00
    3   -0.16417957E+02   -0.29232932E-03    0.58518388E-01
    4   -0.16417920E+02    0.36835372E-04    0.58314513E-01
    5   -0.16417986E+02   -0.65720484E-04    0.32734495E-01
    6   -0.16418075E+02   -0.89654607E-04    0.79193787E-02
    7   -0.16418076E+02   -0.86981556E-06    0.11551664E-01
    8   -0.16418077E+02   -0.77073689E-06    0.60372194E-02
    9   -0.16418077E+02    0.99770467E-08    0.23512891E-02
   10   -0.16418077E+02   -0.62861524E-07    0.16861649E-02
   11   -0.16418077E+02   -0.88248520E-08    0.40717916E-03
   12   -0.16418077E+02   -0.39529304E-08    0.10983714E-03
   13   -0.16418077E+02   -0.26503599E-09    0.21460515E-04
   14   -0.16418077E+02   -0.27366553E-10    0.33078310E-05
   15   -0.16418077E+02   -0.17053026E-12    0.30010358E-06
>> Charges saved for restart in charges.bin
 
 Total Energy:                     -16.4734104071 H
 Total Mermin free energy:         -16.4734104071 H
