================================================================================
==
==   Density Functional based Tight Binding with a lot of extensions (DFTB+)    
==
==                              Release: 1.2 (p2)
==
==                            (ParserVersion = 4)
==
================================================================================


********************************************************************************
** Parsing and initializing
********************************************************************************

Interpreting input file 'dftb_in.hsd'
--------------------------------------------------------------------------------
WARNING!
-> WriteHSDInput and WriteXMLInput both turned off. You won't eventually be 
 able to obtain the same results with a later version of the code!
Path: dftb_in/ParserOptions
Line: 75-78 (File: dftb_in.hsd)

Reading SK-files:
  /home/andersx/parameters/3ob-3-1/C-C.skf
  /home/andersx/parameters/3ob-3-1/C-N.skf
  /home/andersx/parameters/3ob-3-1/C-H.skf
  /home/andersx/parameters/3ob-3-1/N-C.skf
  /home/andersx/parameters/3ob-3-1/N-N.skf
  /home/andersx/parameters/3ob-3-1/N-H.skf
  /home/andersx/parameters/3ob-3-1/H-C.skf
  /home/andersx/parameters/3ob-3-1/H-N.skf
  /home/andersx/parameters/3ob-3-1/H-H.skf
Done.

Starting initialization...
--------------------------------------------------------------------------------
Mode:                        Static calculation
Self consistent charges:     Yes
SCC-tolerance:                 0.100000E-05
Max. scc iterations:                    100
Ewald alpha parameter:         0.000000E+00
Spin polarisation:           No
Nr. of up electrons:            19.000000
Nr. of down electrons:          19.000000
Periodic boundaries:         No
Diagonalizer:                Divide and Conquer
Mixer:                       Anderson mixer
Mixing parameter:                  0.200000
Maximal SCC-cycles:                     100
Nr. of chrg. vectors to mix:              8
Electronic temperature:        0.100000E-07
Initial charges:             Set automatically (system chrg:   0.000E+00)
Included shells:              C:  s, p
                              N:  s, p
                              H:  s
Full 3rd order correction    Yes
Damped SCC                   Yes
Damped specie(s):            H                                                 
Extra options:
--------------------------------------------------------------------------------
 

********************************************************************************
** Geometry step: 0
********************************************************************************

  iSCC Total electronic   Diff electronic      SCC error    
    1   -0.15889448E+02    0.00000000E+00    0.45391569E+00
    2   -0.15889732E+02   -0.28352420E-03    0.44596104E+00
    3   -0.15897080E+02   -0.73480356E-02    0.80850956E-01
    4   -0.15897025E+02    0.54792507E-04    0.75485117E-01
    5   -0.15897108E+02   -0.83611037E-04    0.54921566E-01
    6   -0.15897207E+02   -0.99029472E-04    0.93046575E-02
    7   -0.15897207E+02   -0.56273391E-07    0.92708294E-02
    8   -0.15897217E+02   -0.93182119E-05    0.19752765E-02
    9   -0.15897217E+02   -0.43701467E-07    0.79030116E-03
   10   -0.15897217E+02   -0.46028301E-07    0.58527207E-03
   11   -0.15897217E+02   -0.47280615E-08    0.16204842E-03
   12   -0.15897217E+02   -0.60303407E-09    0.19574467E-04
   13   -0.15897217E+02   -0.23524294E-10    0.34456209E-05
   14   -0.15897217E+02   -0.41744386E-12    0.71710164E-06
>> Charges saved for restart in charges.bin
 
 Total Energy:                     -15.9183797694 H
 Total Mermin free energy:         -15.9183797694 H
