================================================================================
==
==   Density Functional based Tight Binding with a lot of extensions (DFTB+)    
==
==                              Release: 1.2 (p2)
==
==                            (ParserVersion = 4)
==
================================================================================


********************************************************************************
** Parsing and initializing
********************************************************************************

Interpreting input file 'dftb_in.hsd'
--------------------------------------------------------------------------------
WARNING!
-> WriteHSDInput and WriteXMLInput both turned off. You won't eventually be 
 able to obtain the same results with a later version of the code!
Path: dftb_in/ParserOptions
Line: 75-78 (File: dftb_in.hsd)

Reading SK-files:
  /home/andersx/parameters/3ob-3-1/C-C.skf
  /home/andersx/parameters/3ob-3-1/C-N.skf
  /home/andersx/parameters/3ob-3-1/C-H.skf
  /home/andersx/parameters/3ob-3-1/N-C.skf
  /home/andersx/parameters/3ob-3-1/N-N.skf
  /home/andersx/parameters/3ob-3-1/N-H.skf
  /home/andersx/parameters/3ob-3-1/H-C.skf
  /home/andersx/parameters/3ob-3-1/H-N.skf
  /home/andersx/parameters/3ob-3-1/H-H.skf
Done.

Starting initialization...
--------------------------------------------------------------------------------
Mode:                        Static calculation
Self consistent charges:     Yes
SCC-tolerance:                 0.100000E-05
Max. scc iterations:                    100
Ewald alpha parameter:         0.000000E+00
Spin polarisation:           No
Nr. of up electrons:            19.000000
Nr. of down electrons:          19.000000
Periodic boundaries:         No
Diagonalizer:                Divide and Conquer
Mixer:                       Anderson mixer
Mixing parameter:                  0.200000
Maximal SCC-cycles:                     100
Nr. of chrg. vectors to mix:              8
Electronic temperature:        0.100000E-07
Initial charges:             Set automatically (system chrg:   0.000E+00)
Included shells:              C:  s, p
                              N:  s, p
                              H:  s
Full 3rd order correction    Yes
Damped SCC                   Yes
Damped specie(s):            H                                                 
Extra options:
--------------------------------------------------------------------------------
 

********************************************************************************
** Geometry step: 0
********************************************************************************

  iSCC Total electronic   Diff electronic      SCC error    
    1   -0.15930092E+02    0.00000000E+00    0.52191150E+00
    2   -0.15930209E+02   -0.11702457E-03    0.51443121E+00
    3   -0.15933343E+02   -0.31343446E-02    0.41751330E-01
    4   -0.15933296E+02    0.47385019E-04    0.33708661E-01
    5   -0.15933310E+02   -0.14361834E-04    0.43625521E-01
    6   -0.15933449E+02   -0.13888713E-03    0.53125342E-02
    7   -0.15933448E+02    0.11979950E-05    0.92302003E-02
    8   -0.15933451E+02   -0.29871853E-05    0.34055249E-02
    9   -0.15933451E+02   -0.99502861E-07    0.55178324E-03
   10   -0.15933451E+02   -0.93191712E-08    0.18497817E-03
   11   -0.15933451E+02   -0.31902658E-09    0.17338773E-04
   12   -0.15933451E+02   -0.51596061E-10    0.21044413E-05
   13   -0.15933451E+02   -0.18474111E-12    0.47782024E-06
>> Charges saved for restart in charges.bin
 
 Total Energy:                     -15.9354185874 H
 Total Mermin free energy:         -15.9354185874 H
