================================================================================
==
==   Density Functional based Tight Binding with a lot of extensions (DFTB+)    
==
==                              Release: 1.2 (p2)
==
==                            (ParserVersion = 4)
==
================================================================================


********************************************************************************
** Parsing and initializing
********************************************************************************

Interpreting input file 'dftb_in.hsd'
--------------------------------------------------------------------------------
WARNING!
-> WriteHSDInput and WriteXMLInput both turned off. You won't eventually be 
 able to obtain the same results with a later version of the code!
Path: dftb_in/ParserOptions
Line: 75-78 (File: dftb_in.hsd)

Reading SK-files:
  /home/andersx/parameters/3ob-3-1/C-C.skf
  /home/andersx/parameters/3ob-3-1/C-N.skf
  /home/andersx/parameters/3ob-3-1/C-H.skf
  /home/andersx/parameters/3ob-3-1/N-C.skf
  /home/andersx/parameters/3ob-3-1/N-N.skf
  /home/andersx/parameters/3ob-3-1/N-H.skf
  /home/andersx/parameters/3ob-3-1/H-C.skf
  /home/andersx/parameters/3ob-3-1/H-N.skf
  /home/andersx/parameters/3ob-3-1/H-H.skf
Done.

Starting initialization...
--------------------------------------------------------------------------------
Mode:                        Static calculation
Self consistent charges:     Yes
SCC-tolerance:                 0.100000E-05
Max. scc iterations:                    100
Ewald alpha parameter:         0.000000E+00
Spin polarisation:           No
Nr. of up electrons:            19.000000
Nr. of down electrons:          19.000000
Periodic boundaries:         No
Diagonalizer:                Divide and Conquer
Mixer:                       Anderson mixer
Mixing parameter:                  0.200000
Maximal SCC-cycles:                     100
Nr. of chrg. vectors to mix:              8
Electronic temperature:        0.100000E-07
Initial charges:             Set automatically (system chrg:   0.000E+00)
Included shells:              C:  s, p
                              N:  s, p
                              H:  s
Full 3rd order correction    Yes
Damped SCC                   Yes
Damped specie(s):            H                                                 
Extra options:
--------------------------------------------------------------------------------
 

********************************************************************************
** Geometry step: 0
********************************************************************************

  iSCC Total electronic   Diff electronic      SCC error    
    1   -0.15993312E+02    0.00000000E+00    0.44261943E+00
    2   -0.15993430E+02   -0.11748048E-03    0.43656240E+00
    3   -0.15996863E+02   -0.34328569E-02    0.43791764E-01
    4   -0.15996822E+02    0.40674814E-04    0.39245259E-01
    5   -0.15996853E+02   -0.30955682E-04    0.54584581E-01
    6   -0.15996937E+02   -0.83799779E-04    0.40943580E-02
    7   -0.15996938E+02   -0.92130828E-06    0.52895564E-02
    8   -0.15996941E+02   -0.31581464E-05    0.33982963E-02
    9   -0.15996941E+02   -0.18696059E-06    0.12796420E-02
   10   -0.15996941E+02   -0.52502475E-07    0.93399051E-03
   11   -0.15996941E+02   -0.41989967E-08    0.29774370E-03
   12   -0.15996941E+02   -0.70529129E-08    0.32513970E-04
   13   -0.15996941E+02   -0.52283511E-10    0.68442765E-05
   14   -0.15996941E+02   -0.17088553E-11    0.12243660E-05
   15   -0.15996941E+02   -0.58619776E-13    0.27143100E-06
>> Charges saved for restart in charges.bin
 
 Total Energy:                     -15.9591677746 H
 Total Mermin free energy:         -15.9591677746 H
