================================================================================
==
==   Density Functional based Tight Binding with a lot of extensions (DFTB+)    
==
==                              Release: 1.2 (p2)
==
==                            (ParserVersion = 4)
==
================================================================================


********************************************************************************
** Parsing and initializing
********************************************************************************

Interpreting input file 'dftb_in.hsd'
--------------------------------------------------------------------------------
WARNING!
-> WriteHSDInput and WriteXMLInput both turned off. You won't eventually be 
 able to obtain the same results with a later version of the code!
Path: dftb_in/ParserOptions
Line: 74-77 (File: dftb_in.hsd)

Reading SK-files:
  /home/andersx/parameters/3ob-3-1/C-C.skf
  /home/andersx/parameters/3ob-3-1/C-N.skf
  /home/andersx/parameters/3ob-3-1/C-H.skf
  /home/andersx/parameters/3ob-3-1/N-C.skf
  /home/andersx/parameters/3ob-3-1/N-N.skf
  /home/andersx/parameters/3ob-3-1/N-H.skf
  /home/andersx/parameters/3ob-3-1/H-C.skf
  /home/andersx/parameters/3ob-3-1/H-N.skf
  /home/andersx/parameters/3ob-3-1/H-H.skf
Done.

Starting initialization...
--------------------------------------------------------------------------------
Mode:                        Static calculation
Self consistent charges:     Yes
SCC-tolerance:                 0.100000E-05
Max. scc iterations:                    100
Ewald alpha parameter:         0.000000E+00
Spin polarisation:           No
Nr. of up electrons:            19.000000
Nr. of down electrons:          19.000000
Periodic boundaries:         No
Diagonalizer:                Divide and Conquer
Mixer:                       Anderson mixer
Mixing parameter:                  0.200000
Maximal SCC-cycles:                     100
Nr. of chrg. vectors to mix:              8
Electronic temperature:        0.100000E-07
Initial charges:             Set automatically (system chrg:   0.000E+00)
Included shells:              C:  s, p
                              N:  s, p
                              H:  s
Full 3rd order correction    Yes
Damped SCC                   Yes
Damped specie(s):            H                                                 
Extra options:
--------------------------------------------------------------------------------
 

********************************************************************************
** Geometry step: 0
********************************************************************************

  iSCC Total electronic   Diff electronic      SCC error    
    1   -0.16463457E+02    0.00000000E+00    0.31470225E+00
    2   -0.16463660E+02   -0.20312258E-03    0.30857408E+00
    3   -0.16468160E+02   -0.44996484E-02    0.84383774E-01
    4   -0.16467999E+02    0.16081046E-03    0.10295450E+00
    5   -0.16468414E+02   -0.41492130E-03    0.86455819E-01
    6   -0.16468675E+02   -0.26139753E-03    0.21209382E-01
    7   -0.16468670E+02    0.58484548E-05    0.22930844E-01
    8   -0.16468717E+02   -0.47833598E-04    0.66201193E-02
    9   -0.16468718E+02   -0.27424096E-06    0.39664466E-02
   10   -0.16468718E+02   -0.13515091E-06    0.40603717E-02
   11   -0.16468718E+02   -0.12378199E-06    0.13967172E-02
   12   -0.16468718E+02   -0.75060338E-07    0.12096457E-02
   13   -0.16468718E+02   -0.24791041E-06    0.30162219E-03
   14   -0.16468718E+02   -0.53097224E-08    0.16103289E-03
   15   -0.16468718E+02   -0.19959678E-08    0.96109691E-05
   16   -0.16468718E+02   -0.12832402E-10    0.30882784E-05
   17   -0.16468718E+02   -0.23803182E-12    0.40345857E-06
>> Charges saved for restart in charges.bin
 
 Total Energy:                     -16.2569646259 H
 Total Mermin free energy:         -16.2569646259 H
