================================================================================
==
==   Density Functional based Tight Binding with a lot of extensions (DFTB+)    
==
==                              Release: 1.2 (p2)
==
==                            (ParserVersion = 4)
==
================================================================================


********************************************************************************
** Parsing and initializing
********************************************************************************

Interpreting input file 'dftb_in.hsd'
--------------------------------------------------------------------------------
WARNING!
-> WriteHSDInput and WriteXMLInput both turned off. You won't eventually be 
 able to obtain the same results with a later version of the code!
Path: dftb_in/ParserOptions
Line: 77-80 (File: dftb_in.hsd)

Reading SK-files:
  /home/andersx/parameters/3ob-3-1/C-C.skf
  /home/andersx/parameters/3ob-3-1/C-N.skf
  /home/andersx/parameters/3ob-3-1/C-H.skf
  /home/andersx/parameters/3ob-3-1/N-C.skf
  /home/andersx/parameters/3ob-3-1/N-N.skf
  /home/andersx/parameters/3ob-3-1/N-H.skf
  /home/andersx/parameters/3ob-3-1/H-C.skf
  /home/andersx/parameters/3ob-3-1/H-N.skf
  /home/andersx/parameters/3ob-3-1/H-H.skf
Done.

Starting initialization...
--------------------------------------------------------------------------------
Mode:                        Static calculation
Self consistent charges:     Yes
SCC-tolerance:                 0.100000E-05
Max. scc iterations:                    100
Ewald alpha parameter:         0.000000E+00
Spin polarisation:           No
Nr. of up electrons:            20.000000
Nr. of down electrons:          20.000000
Periodic boundaries:         No
Diagonalizer:                Divide and Conquer
Mixer:                       Anderson mixer
Mixing parameter:                  0.200000
Maximal SCC-cycles:                     100
Nr. of chrg. vectors to mix:              8
Electronic temperature:        0.100000E-07
Initial charges:             Set automatically (system chrg:   0.000E+00)
Included shells:              C:  s, p
                              N:  s, p
                              H:  s
Full 3rd order correction    Yes
Damped SCC                   Yes
Damped specie(s):            H                                                 
Extra options:
--------------------------------------------------------------------------------
 

********************************************************************************
** Geometry step: 0
********************************************************************************

  iSCC Total electronic   Diff electronic      SCC error    
    1   -0.16745902E+02    0.00000000E+00    0.48363041E+00
    2   -0.16746004E+02   -0.10163100E-03    0.47696144E+00
    3   -0.16748787E+02   -0.27836914E-02    0.78820569E-01
    4   -0.16748733E+02    0.54532680E-04    0.81340676E-01
    5   -0.16748755E+02   -0.21842250E-04    0.97828894E-01
    6   -0.16748886E+02   -0.13163392E-03    0.11310408E-01
    7   -0.16748887E+02   -0.24296659E-06    0.73063247E-02
    8   -0.16748888E+02   -0.18381097E-05    0.40632324E-02
    9   -0.16748889E+02   -0.32061912E-06    0.11157922E-02
   10   -0.16748889E+02   -0.14291281E-07    0.65202195E-03
   11   -0.16748889E+02   -0.19883000E-07    0.10274267E-03
   12   -0.16748889E+02   -0.15152182E-08    0.44633733E-04
   13   -0.16748889E+02   -0.31003822E-09    0.35481278E-05
   14   -0.16748889E+02   -0.60040861E-12    0.72860683E-06
>> Charges saved for restart in charges.bin
 
 Total Energy:                     -16.7670896227 H
 Total Mermin free energy:         -16.7670896227 H
