================================================================================
==
==   Density Functional based Tight Binding with a lot of extensions (DFTB+)    
==
==                              Release: 1.2 (p2)
==
==                            (ParserVersion = 4)
==
================================================================================


********************************************************************************
** Parsing and initializing
********************************************************************************

Interpreting input file 'dftb_in.hsd'
--------------------------------------------------------------------------------
WARNING!
-> WriteHSDInput and WriteXMLInput both turned off. You won't eventually be 
 able to obtain the same results with a later version of the code!
Path: dftb_in/ParserOptions
Line: 77-80 (File: dftb_in.hsd)

Reading SK-files:
  /home/andersx/parameters/3ob-3-1/C-C.skf
  /home/andersx/parameters/3ob-3-1/C-N.skf
  /home/andersx/parameters/3ob-3-1/C-H.skf
  /home/andersx/parameters/3ob-3-1/N-C.skf
  /home/andersx/parameters/3ob-3-1/N-N.skf
  /home/andersx/parameters/3ob-3-1/N-H.skf
  /home/andersx/parameters/3ob-3-1/H-C.skf
  /home/andersx/parameters/3ob-3-1/H-N.skf
  /home/andersx/parameters/3ob-3-1/H-H.skf
Done.

Starting initialization...
--------------------------------------------------------------------------------
Mode:                        Static calculation
Self consistent charges:     Yes
SCC-tolerance:                 0.100000E-05
Max. scc iterations:                    100
Ewald alpha parameter:         0.000000E+00
Spin polarisation:           No
Nr. of up electrons:            20.000000
Nr. of down electrons:          20.000000
Periodic boundaries:         No
Diagonalizer:                Divide and Conquer
Mixer:                       Anderson mixer
Mixing parameter:                  0.200000
Maximal SCC-cycles:                     100
Nr. of chrg. vectors to mix:              8
Electronic temperature:        0.100000E-07
Initial charges:             Set automatically (system chrg:   0.000E+00)
Included shells:              C:  s, p
                              N:  s, p
                              H:  s
Full 3rd order correction    Yes
Damped SCC                   Yes
Damped specie(s):            H                                                 
Extra options:
--------------------------------------------------------------------------------
 

********************************************************************************
** Geometry step: 0
********************************************************************************

  iSCC Total electronic   Diff electronic      SCC error    
    1   -0.16719571E+02    0.00000000E+00    0.48997222E+00
    2   -0.16719685E+02   -0.11436356E-03    0.48323188E+00
    3   -0.16722895E+02   -0.32091868E-02    0.62065206E-01
    4   -0.16722850E+02    0.44738766E-04    0.59788354E-01
    5   -0.16722842E+02    0.83728434E-05    0.73922557E-01
    6   -0.16722966E+02   -0.12459428E-03    0.64636545E-02
    7   -0.16722967E+02   -0.10572004E-05    0.70857864E-02
    8   -0.16722970E+02   -0.31079740E-05    0.67665107E-02
    9   -0.16722971E+02   -0.10388043E-05    0.65852585E-03
   10   -0.16722971E+02   -0.83681080E-08    0.56576515E-03
   11   -0.16722971E+02   -0.20323913E-07    0.10549525E-03
   12   -0.16722971E+02   -0.66781425E-09    0.67402149E-04
   13   -0.16722971E+02   -0.24109781E-09    0.85448043E-05
   14   -0.16722971E+02   -0.65760730E-11    0.86626803E-06
>> Charges saved for restart in charges.bin
 
 Total Energy:                     -16.7689112208 H
 Total Mermin free energy:         -16.7689112208 H
