================================================================================
==
==   Density Functional based Tight Binding with a lot of extensions (DFTB+)    
==
==                              Release: 1.2 (p2)
==
==                            (ParserVersion = 4)
==
================================================================================


********************************************************************************
** Parsing and initializing
********************************************************************************

Interpreting input file 'dftb_in.hsd'
--------------------------------------------------------------------------------
WARNING!
-> WriteHSDInput and WriteXMLInput both turned off. You won't eventually be 
 able to obtain the same results with a later version of the code!
Path: dftb_in/ParserOptions
Line: 74-77 (File: dftb_in.hsd)

Reading SK-files:
  /home/andersx/parameters/3ob-3-1/C-C.skf
  /home/andersx/parameters/3ob-3-1/C-N.skf
  /home/andersx/parameters/3ob-3-1/C-H.skf
  /home/andersx/parameters/3ob-3-1/N-C.skf
  /home/andersx/parameters/3ob-3-1/N-N.skf
  /home/andersx/parameters/3ob-3-1/N-H.skf
  /home/andersx/parameters/3ob-3-1/H-C.skf
  /home/andersx/parameters/3ob-3-1/H-N.skf
  /home/andersx/parameters/3ob-3-1/H-H.skf
Done.

Starting initialization...
--------------------------------------------------------------------------------
Mode:                        Static calculation
Self consistent charges:     Yes
SCC-tolerance:                 0.100000E-05
Max. scc iterations:                    100
Ewald alpha parameter:         0.000000E+00
Spin polarisation:           No
Nr. of up electrons:            19.000000
Nr. of down electrons:          19.000000
Periodic boundaries:         No
Diagonalizer:                Divide and Conquer
Mixer:                       Anderson mixer
Mixing parameter:                  0.200000
Maximal SCC-cycles:                     100
Nr. of chrg. vectors to mix:              8
Electronic temperature:        0.100000E-07
Initial charges:             Set automatically (system chrg:   0.000E+00)
Included shells:              C:  s, p
                              N:  s, p
                              H:  s
Full 3rd order correction    Yes
Damped SCC                   Yes
Damped specie(s):            H                                                 
Extra options:
--------------------------------------------------------------------------------
 

********************************************************************************
** Geometry step: 0
********************************************************************************

  iSCC Total electronic   Diff electronic      SCC error    
    1   -0.16448517E+02    0.00000000E+00    0.55133594E+00
    2   -0.16448835E+02   -0.31852956E-03    0.54225001E+00
    3   -0.16457209E+02   -0.83734064E-02    0.59782868E-01
    4   -0.16457145E+02    0.63688909E-04    0.55500649E-01
    5   -0.16457058E+02    0.86781143E-04    0.81642339E-01
    6   -0.16457316E+02   -0.25788694E-03    0.16236831E-01
    7   -0.16457312E+02    0.38535628E-05    0.13303701E-01
    8   -0.16457323E+02   -0.10539158E-04    0.84690019E-02
    9   -0.16457326E+02   -0.33095153E-05    0.27260185E-02
   10   -0.16457326E+02   -0.48968531E-07    0.25279079E-02
   11   -0.16457326E+02   -0.15254785E-06    0.44148964E-03
   12   -0.16457326E+02   -0.42351900E-08    0.26044247E-03
   13   -0.16457326E+02   -0.13345840E-08    0.21691095E-04
   14   -0.16457326E+02   -0.41016079E-10    0.36655236E-05
   15   -0.16457326E+02   -0.54001248E-12    0.39623424E-06
>> Charges saved for restart in charges.bin
 
 Total Energy:                     -16.2755315530 H
 Total Mermin free energy:         -16.2755315530 H
