================================================================================
==
==   Density Functional based Tight Binding with a lot of extensions (DFTB+)    
==
==                              Release: 1.2 (p2)
==
==                            (ParserVersion = 4)
==
================================================================================


********************************************************************************
** Parsing and initializing
********************************************************************************

Interpreting input file 'dftb_in.hsd'
--------------------------------------------------------------------------------
WARNING!
-> WriteHSDInput and WriteXMLInput both turned off. You won't eventually be 
 able to obtain the same results with a later version of the code!
Path: dftb_in/ParserOptions
Line: 72-75 (File: dftb_in.hsd)

Reading SK-files:
  /home/andersx/parameters/3ob-3-1/C-C.skf
  /home/andersx/parameters/3ob-3-1/C-N.skf
  /home/andersx/parameters/3ob-3-1/C-H.skf
  /home/andersx/parameters/3ob-3-1/N-C.skf
  /home/andersx/parameters/3ob-3-1/N-N.skf
  /home/andersx/parameters/3ob-3-1/N-H.skf
  /home/andersx/parameters/3ob-3-1/H-C.skf
  /home/andersx/parameters/3ob-3-1/H-N.skf
  /home/andersx/parameters/3ob-3-1/H-H.skf
Done.

Starting initialization...
--------------------------------------------------------------------------------
Mode:                        Static calculation
Self consistent charges:     Yes
SCC-tolerance:                 0.100000E-05
Max. scc iterations:                    100
Ewald alpha parameter:         0.000000E+00
Spin polarisation:           No
Nr. of up electrons:            18.000000
Nr. of down electrons:          18.000000
Periodic boundaries:         No
Diagonalizer:                Divide and Conquer
Mixer:                       Anderson mixer
Mixing parameter:                  0.200000
Maximal SCC-cycles:                     100
Nr. of chrg. vectors to mix:              8
Electronic temperature:        0.100000E-07
Initial charges:             Set automatically (system chrg:   0.000E+00)
Included shells:              C:  s, p
                              N:  s, p
                              H:  s
Full 3rd order correction    Yes
Damped SCC                   Yes
Damped specie(s):            H                                                 
Extra options:
--------------------------------------------------------------------------------
 

********************************************************************************
** Geometry step: 0
********************************************************************************

  iSCC Total electronic   Diff electronic      SCC error    
    1   -0.15772129E+02    0.00000000E+00    0.47333227E+00
    2   -0.15772641E+02   -0.51159636E-03    0.46542727E+00
    3   -0.15785420E+02   -0.12779419E-01    0.68645516E-01
    4   -0.15785386E+02    0.33633642E-04    0.72922608E-01
    5   -0.15785897E+02   -0.51051682E-03    0.19672079E-01
    6   -0.15785896E+02    0.87677167E-06    0.20310858E-01
    7   -0.15785896E+02   -0.21492801E-06    0.14821828E-01
    8   -0.15785910E+02   -0.13923217E-04    0.19325659E-02
    9   -0.15785911E+02   -0.28759744E-06    0.12845379E-02
   10   -0.15785911E+02   -0.46286469E-06    0.27417797E-03
   11   -0.15785911E+02   -0.78273459E-08    0.18862176E-03
   12   -0.15785911E+02   -0.10736212E-08    0.22906677E-04
   13   -0.15785911E+02   -0.25783820E-10    0.17797914E-05
   14   -0.15785911E+02   -0.28421709E-13    0.42393661E-06
>> Charges saved for restart in charges.bin
 
 Total Energy:                     -15.4885605795 H
 Total Mermin free energy:         -15.4885605795 H
