================================================================================
==
==   Density Functional based Tight Binding with a lot of extensions (DFTB+)    
==
==                              Release: 1.2 (p2)
==
==                            (ParserVersion = 4)
==
================================================================================


********************************************************************************
** Parsing and initializing
********************************************************************************

Interpreting input file 'dftb_in.hsd'
--------------------------------------------------------------------------------
WARNING!
-> WriteHSDInput and WriteXMLInput both turned off. You won't eventually be 
 able to obtain the same results with a later version of the code!
Path: dftb_in/ParserOptions
Line: 77-80 (File: dftb_in.hsd)

Reading SK-files:
  /home/andersx/parameters/3ob-3-1/C-C.skf
  /home/andersx/parameters/3ob-3-1/C-N.skf
  /home/andersx/parameters/3ob-3-1/C-H.skf
  /home/andersx/parameters/3ob-3-1/N-C.skf
  /home/andersx/parameters/3ob-3-1/N-N.skf
  /home/andersx/parameters/3ob-3-1/N-H.skf
  /home/andersx/parameters/3ob-3-1/H-C.skf
  /home/andersx/parameters/3ob-3-1/H-N.skf
  /home/andersx/parameters/3ob-3-1/H-H.skf
Done.

Starting initialization...
--------------------------------------------------------------------------------
Mode:                        Static calculation
Self consistent charges:     Yes
SCC-tolerance:                 0.100000E-05
Max. scc iterations:                    100
Ewald alpha parameter:         0.000000E+00
Spin polarisation:           No
Nr. of up electrons:            20.000000
Nr. of down electrons:          20.000000
Periodic boundaries:         No
Diagonalizer:                Divide and Conquer
Mixer:                       Anderson mixer
Mixing parameter:                  0.200000
Maximal SCC-cycles:                     100
Nr. of chrg. vectors to mix:              8
Electronic temperature:        0.100000E-07
Initial charges:             Set automatically (system chrg:   0.000E+00)
Included shells:              C:  s, p
                              N:  s, p
                              H:  s
Full 3rd order correction    Yes
Damped SCC                   Yes
Damped specie(s):            H                                                 
Extra options:
--------------------------------------------------------------------------------
 

********************************************************************************
** Geometry step: 0
********************************************************************************

  iSCC Total electronic   Diff electronic      SCC error    
    1   -0.16672438E+02    0.00000000E+00    0.48764540E+00
    2   -0.16672552E+02   -0.11413292E-03    0.48056825E+00
    3   -0.16675493E+02   -0.29414749E-02    0.44694885E-01
    4   -0.16675430E+02    0.63699739E-04    0.40476850E-01
    5   -0.16675469E+02   -0.39007284E-04    0.57999348E-01
    6   -0.16675636E+02   -0.16771429E-03    0.74883361E-02
    7   -0.16675635E+02    0.19888500E-05    0.12047670E-01
    8   -0.16675637E+02   -0.23632002E-05    0.64141767E-02
    9   -0.16675637E+02   -0.47271837E-06    0.41781222E-03
   10   -0.16675637E+02   -0.98596225E-08    0.37206040E-03
   11   -0.16675637E+02   -0.28630716E-08    0.89303559E-04
   12   -0.16675637E+02   -0.31525005E-09    0.71824763E-05
   13   -0.16675637E+02   -0.22488678E-11    0.22655354E-05
   14   -0.16675637E+02   -0.12789769E-12    0.14822509E-06
>> Charges saved for restart in charges.bin
 
 Total Energy:                     -16.7089984377 H
 Total Mermin free energy:         -16.7089984377 H
