================================================================================
==
==   Density Functional based Tight Binding with a lot of extensions (DFTB+)    
==
==                              Release: 1.2 (p2)
==
==                            (ParserVersion = 4)
==
================================================================================


********************************************************************************
** Parsing and initializing
********************************************************************************

Interpreting input file 'dftb_in.hsd'
--------------------------------------------------------------------------------
WARNING!
-> WriteHSDInput and WriteXMLInput both turned off. You won't eventually be 
 able to obtain the same results with a later version of the code!
Path: dftb_in/ParserOptions
Line: 72-75 (File: dftb_in.hsd)

Reading SK-files:
  /home/andersx/parameters/3ob-3-1/C-C.skf
  /home/andersx/parameters/3ob-3-1/C-N.skf
  /home/andersx/parameters/3ob-3-1/C-H.skf
  /home/andersx/parameters/3ob-3-1/N-C.skf
  /home/andersx/parameters/3ob-3-1/N-N.skf
  /home/andersx/parameters/3ob-3-1/N-H.skf
  /home/andersx/parameters/3ob-3-1/H-C.skf
  /home/andersx/parameters/3ob-3-1/H-N.skf
  /home/andersx/parameters/3ob-3-1/H-H.skf
Done.

Starting initialization...
--------------------------------------------------------------------------------
Mode:                        Static calculation
Self consistent charges:     Yes
SCC-tolerance:                 0.100000E-05
Max. scc iterations:                    100
Ewald alpha parameter:         0.000000E+00
Spin polarisation:           No
Nr. of up electrons:            18.000000
Nr. of down electrons:          18.000000
Periodic boundaries:         No
Diagonalizer:                Divide and Conquer
Mixer:                       Anderson mixer
Mixing parameter:                  0.200000
Maximal SCC-cycles:                     100
Nr. of chrg. vectors to mix:              8
Electronic temperature:        0.100000E-07
Initial charges:             Set automatically (system chrg:   0.000E+00)
Included shells:              C:  s, p
                              N:  s, p
                              H:  s
Full 3rd order correction    Yes
Damped SCC                   Yes
Damped specie(s):            H                                                 
Extra options:
--------------------------------------------------------------------------------
 

********************************************************************************
** Geometry step: 0
********************************************************************************

  iSCC Total electronic   Diff electronic      SCC error    
    1   -0.15764441E+02    0.00000000E+00    0.35268134E+00
    2   -0.15765306E+02   -0.86524856E-03    0.34460133E+00
    3   -0.15782763E+02   -0.17456450E-01    0.82534546E-01
    4   -0.15782721E+02    0.42146275E-04    0.82026466E-01
    5   -0.15783085E+02   -0.36482973E-03    0.15451077E-01
    6   -0.15783099E+02   -0.13422229E-04    0.16865385E-01
    7   -0.15783103E+02   -0.37998151E-05    0.98196032E-02
    8   -0.15783115E+02   -0.11970266E-04    0.29542765E-02
    9   -0.15783114E+02    0.15194784E-06    0.20380330E-02
   10   -0.15783115E+02   -0.68975833E-06    0.43165511E-03
   11   -0.15783115E+02   -0.85363183E-08    0.20460085E-03
   12   -0.15783115E+02   -0.10746852E-08    0.23104124E-04
   13   -0.15783115E+02   -0.17871926E-10    0.13269053E-05
   14   -0.15783115E+02   -0.21316282E-13    0.27427888E-06
>> Charges saved for restart in charges.bin
 
 Total Energy:                     -15.4721645426 H
 Total Mermin free energy:         -15.4721645426 H
