================================================================================
==
==   Density Functional based Tight Binding with a lot of extensions (DFTB+)    
==
==                              Release: 1.2 (p2)
==
==                            (ParserVersion = 4)
==
================================================================================


********************************************************************************
** Parsing and initializing
********************************************************************************

Interpreting input file 'dftb_in.hsd'
--------------------------------------------------------------------------------
WARNING!
-> WriteHSDInput and WriteXMLInput both turned off. You won't eventually be 
 able to obtain the same results with a later version of the code!
Path: dftb_in/ParserOptions
Line: 77-80 (File: dftb_in.hsd)

Reading SK-files:
  /home/andersx/parameters/3ob-3-1/C-C.skf
  /home/andersx/parameters/3ob-3-1/C-N.skf
  /home/andersx/parameters/3ob-3-1/C-H.skf
  /home/andersx/parameters/3ob-3-1/N-C.skf
  /home/andersx/parameters/3ob-3-1/N-N.skf
  /home/andersx/parameters/3ob-3-1/N-H.skf
  /home/andersx/parameters/3ob-3-1/H-C.skf
  /home/andersx/parameters/3ob-3-1/H-N.skf
  /home/andersx/parameters/3ob-3-1/H-H.skf
Done.

Starting initialization...
--------------------------------------------------------------------------------
Mode:                        Static calculation
Self consistent charges:     Yes
SCC-tolerance:                 0.100000E-05
Max. scc iterations:                    100
Ewald alpha parameter:         0.000000E+00
Spin polarisation:           No
Nr. of up electrons:            20.000000
Nr. of down electrons:          20.000000
Periodic boundaries:         No
Diagonalizer:                Divide and Conquer
Mixer:                       Anderson mixer
Mixing parameter:                  0.200000
Maximal SCC-cycles:                     100
Nr. of chrg. vectors to mix:              8
Electronic temperature:        0.100000E-07
Initial charges:             Set automatically (system chrg:   0.000E+00)
Included shells:              C:  s, p
                              N:  s, p
                              H:  s
Full 3rd order correction    Yes
Damped SCC                   Yes
Damped specie(s):            H                                                 
Extra options:
--------------------------------------------------------------------------------
 

********************************************************************************
** Geometry step: 0
********************************************************************************

  iSCC Total electronic   Diff electronic      SCC error    
    1   -0.16712139E+02    0.00000000E+00    0.44923984E+00
    2   -0.16712390E+02   -0.25035061E-03    0.44144117E+00
    3   -0.16719058E+02   -0.66679849E-02    0.46674343E-01
    4   -0.16719021E+02    0.36620701E-04    0.46093785E-01
    5   -0.16719012E+02    0.94810001E-05    0.56850289E-01
    6   -0.16719114E+02   -0.10182457E-03    0.47696946E-02
    7   -0.16719113E+02    0.13298601E-06    0.37898658E-02
    8   -0.16719116E+02   -0.25797433E-05    0.23067351E-02
    9   -0.16719116E+02   -0.21407473E-07    0.20966279E-02
   10   -0.16719116E+02   -0.55740980E-07    0.12466469E-02
   11   -0.16719116E+02   -0.17080463E-07    0.44076670E-03
   12   -0.16719116E+02   -0.75877473E-08    0.55949812E-04
   13   -0.16719116E+02   -0.57490013E-10    0.15656571E-04
   14   -0.16719116E+02   -0.64979133E-11    0.17495597E-05
   15   -0.16719116E+02   -0.12434498E-12    0.24815968E-06
>> Charges saved for restart in charges.bin
 
 Total Energy:                     -16.7532195327 H
 Total Mermin free energy:         -16.7532195327 H
