================================================================================
==
==   Density Functional based Tight Binding with a lot of extensions (DFTB+)    
==
==                              Release: 1.2 (p2)
==
==                            (ParserVersion = 4)
==
================================================================================


********************************************************************************
** Parsing and initializing
********************************************************************************

Interpreting input file 'dftb_in.hsd'
--------------------------------------------------------------------------------
WARNING!
-> WriteHSDInput and WriteXMLInput both turned off. You won't eventually be 
 able to obtain the same results with a later version of the code!
Path: dftb_in/ParserOptions
Line: 74-77 (File: dftb_in.hsd)

Reading SK-files:
  /home/andersx/parameters/3ob-3-1/C-C.skf
  /home/andersx/parameters/3ob-3-1/C-N.skf
  /home/andersx/parameters/3ob-3-1/C-H.skf
  /home/andersx/parameters/3ob-3-1/N-C.skf
  /home/andersx/parameters/3ob-3-1/N-N.skf
  /home/andersx/parameters/3ob-3-1/N-H.skf
  /home/andersx/parameters/3ob-3-1/H-C.skf
  /home/andersx/parameters/3ob-3-1/H-N.skf
  /home/andersx/parameters/3ob-3-1/H-H.skf
Done.

Starting initialization...
--------------------------------------------------------------------------------
Mode:                        Static calculation
Self consistent charges:     Yes
SCC-tolerance:                 0.100000E-05
Max. scc iterations:                    100
Ewald alpha parameter:         0.000000E+00
Spin polarisation:           No
Nr. of up electrons:            19.000000
Nr. of down electrons:          19.000000
Periodic boundaries:         No
Diagonalizer:                Divide and Conquer
Mixer:                       Anderson mixer
Mixing parameter:                  0.200000
Maximal SCC-cycles:                     100
Nr. of chrg. vectors to mix:              8
Electronic temperature:        0.100000E-07
Initial charges:             Set automatically (system chrg:   0.000E+00)
Included shells:              C:  s, p
                              N:  s, p
                              H:  s
Full 3rd order correction    Yes
Damped SCC                   Yes
Damped specie(s):            H                                                 
Extra options:
--------------------------------------------------------------------------------
 

********************************************************************************
** Geometry step: 0
********************************************************************************

  iSCC Total electronic   Diff electronic      SCC error    
    1   -0.16396432E+02    0.00000000E+00    0.31520218E+00
    2   -0.16396655E+02   -0.22320759E-03    0.30920354E+00
    3   -0.16402104E+02   -0.54490112E-02    0.84686949E-01
    4   -0.16402043E+02    0.61112982E-04    0.82563066E-01
    5   -0.16402313E+02   -0.26975459E-03    0.42045082E-01
    6   -0.16402375E+02   -0.62294508E-04    0.18009206E-01
    7   -0.16402344E+02    0.31160129E-04    0.23620397E-01
    8   -0.16402405E+02   -0.61055378E-04    0.29282492E-02
    9   -0.16402405E+02   -0.35620099E-06    0.23134720E-02
   10   -0.16402406E+02   -0.35070474E-06    0.12512124E-02
   11   -0.16402406E+02   -0.46843144E-07    0.58815068E-03
   12   -0.16402406E+02   -0.18519628E-07    0.53881145E-04
   13   -0.16402406E+02   -0.73782758E-10    0.25324860E-04
   14   -0.16402406E+02   -0.33466563E-10    0.80414609E-06
>> Charges saved for restart in charges.bin
 
 Total Energy:                     -16.1978910486 H
 Total Mermin free energy:         -16.1978910486 H
