================================================================================
==
==   Density Functional based Tight Binding with a lot of extensions (DFTB+)    
==
==                              Release: 1.2 (p2)
==
==                            (ParserVersion = 4)
==
================================================================================


********************************************************************************
** Parsing and initializing
********************************************************************************

Interpreting input file 'dftb_in.hsd'
--------------------------------------------------------------------------------
WARNING!
-> WriteHSDInput and WriteXMLInput both turned off. You won't eventually be 
 able to obtain the same results with a later version of the code!
Path: dftb_in/ParserOptions
Line: 72-75 (File: dftb_in.hsd)

Reading SK-files:
  /home/andersx/parameters/3ob-3-1/C-C.skf
  /home/andersx/parameters/3ob-3-1/C-O.skf
  /home/andersx/parameters/3ob-3-1/C-H.skf
  /home/andersx/parameters/3ob-3-1/O-C.skf
  /home/andersx/parameters/3ob-3-1/O-O.skf
  /home/andersx/parameters/3ob-3-1/O-H.skf
  /home/andersx/parameters/3ob-3-1/H-C.skf
  /home/andersx/parameters/3ob-3-1/H-O.skf
  /home/andersx/parameters/3ob-3-1/H-H.skf
Done.

Starting initialization...
--------------------------------------------------------------------------------
Mode:                        Static calculation
Self consistent charges:     Yes
SCC-tolerance:                 0.100000E-05
Max. scc iterations:                    100
Ewald alpha parameter:         0.000000E+00
Spin polarisation:           No
Nr. of up electrons:            15.000000
Nr. of down electrons:          15.000000
Periodic boundaries:         No
Diagonalizer:                Divide and Conquer
Mixer:                       Anderson mixer
Mixing parameter:                  0.200000
Maximal SCC-cycles:                     100
Nr. of chrg. vectors to mix:              8
Electronic temperature:        0.100000E-07
Initial charges:             Set automatically (system chrg:   0.000E+00)
Included shells:              C:  s, p
                              O:  s, p
                              H:  s
Full 3rd order correction    Yes
Damped SCC                   Yes
Damped specie(s):            H                                                 
Extra options:
--------------------------------------------------------------------------------
 

********************************************************************************
** Geometry step: 0
********************************************************************************

  iSCC Total electronic   Diff electronic      SCC error    
    1   -0.13162977E+02    0.00000000E+00    0.75469894E+00
    2   -0.13163712E+02   -0.73470988E-03    0.74163479E+00
    3   -0.13182094E+02   -0.18381727E-01    0.15107180E+00
    4   -0.13182223E+02   -0.12920896E-03    0.15101254E+00
    5   -0.13182844E+02   -0.62095389E-03    0.15427624E-01
    6   -0.13182841E+02    0.25774543E-05    0.77399036E-02
    7   -0.13182841E+02    0.11668677E-06    0.67878521E-02
    8   -0.13182846E+02   -0.51561666E-05    0.15053267E-02
    9   -0.13182846E+02   -0.70262658E-08    0.10575058E-02
   10   -0.13182846E+02   -0.35341065E-07    0.24012739E-03
   11   -0.13182846E+02   -0.87857721E-09    0.56207265E-04
   12   -0.13182846E+02   -0.36810022E-09    0.11308674E-04
   13   -0.13182846E+02   -0.16608936E-11    0.18125438E-05
   14   -0.13182846E+02   -0.10125234E-12    0.16468574E-06
>> Charges saved for restart in charges.bin
 
 Total Energy:                     -13.1845498717 H
 Total Mermin free energy:         -13.1845498717 H
