================================================================================
==
==   Density Functional based Tight Binding with a lot of extensions (DFTB+)    
==
==                              Release: 1.2 (p2)
==
==                            (ParserVersion = 4)
==
================================================================================


********************************************************************************
** Parsing and initializing
********************************************************************************

Interpreting input file 'dftb_in.hsd'
--------------------------------------------------------------------------------
WARNING!
-> WriteHSDInput and WriteXMLInput both turned off. You won't eventually be 
 able to obtain the same results with a later version of the code!
Path: dftb_in/ParserOptions
Line: 76-79 (File: dftb_in.hsd)

Reading SK-files:
  /home/andersx/parameters/3ob-3-1/C-C.skf
  /home/andersx/parameters/3ob-3-1/C-N.skf
  /home/andersx/parameters/3ob-3-1/C-H.skf
  /home/andersx/parameters/3ob-3-1/N-C.skf
  /home/andersx/parameters/3ob-3-1/N-N.skf
  /home/andersx/parameters/3ob-3-1/N-H.skf
  /home/andersx/parameters/3ob-3-1/H-C.skf
  /home/andersx/parameters/3ob-3-1/H-N.skf
  /home/andersx/parameters/3ob-3-1/H-H.skf
Done.

Starting initialization...
--------------------------------------------------------------------------------
Mode:                        Static calculation
Self consistent charges:     Yes
SCC-tolerance:                 0.100000E-05
Max. scc iterations:                    100
Ewald alpha parameter:         0.000000E+00
Spin polarisation:           No
Nr. of up electrons:            20.000000
Nr. of down electrons:          20.000000
Periodic boundaries:         No
Diagonalizer:                Divide and Conquer
Mixer:                       Anderson mixer
Mixing parameter:                  0.200000
Maximal SCC-cycles:                     100
Nr. of chrg. vectors to mix:              8
Electronic temperature:        0.100000E-07
Initial charges:             Set automatically (system chrg:   0.000E+00)
Included shells:              C:  s, p
                              N:  s, p
                              H:  s
Full 3rd order correction    Yes
Damped SCC                   Yes
Damped specie(s):            H                                                 
Extra options:
--------------------------------------------------------------------------------
 

********************************************************************************
** Geometry step: 0
********************************************************************************

  iSCC Total electronic   Diff electronic      SCC error    
    1   -0.17136540E+02    0.00000000E+00    0.54163785E+00
    2   -0.17136707E+02   -0.16618998E-03    0.53403971E+00
    3   -0.17141270E+02   -0.45637220E-02    0.34483054E-01
    4   -0.17141223E+02    0.47547052E-04    0.29153715E-01
    5   -0.17141204E+02    0.18696818E-04    0.32573176E-01
    6   -0.17141331E+02   -0.12739258E-03    0.42441549E-02
    7   -0.17141332E+02   -0.58089659E-06    0.58669802E-02
    8   -0.17141334E+02   -0.16601951E-05    0.28032242E-02
    9   -0.17141334E+02   -0.33847819E-07    0.23648292E-02
   10   -0.17141334E+02   -0.79194180E-07    0.13377449E-02
   11   -0.17141334E+02   -0.17442876E-07    0.37595701E-03
   12   -0.17141334E+02   -0.13053842E-08    0.38062141E-04
   13   -0.17141334E+02   -0.13685053E-10    0.57863349E-05
   14   -0.17141334E+02   -0.14779289E-11    0.61500819E-06
>> Charges saved for restart in charges.bin
 
 Total Energy:                     -17.0531442443 H
 Total Mermin free energy:         -17.0531442443 H
