================================================================================
==
==   Density Functional based Tight Binding with a lot of extensions (DFTB+)    
==
==                              Release: 1.2 (p2)
==
==                            (ParserVersion = 4)
==
================================================================================


********************************************************************************
** Parsing and initializing
********************************************************************************

Interpreting input file 'dftb_in.hsd'
--------------------------------------------------------------------------------
WARNING!
-> WriteHSDInput and WriteXMLInput both turned off. You won't eventually be 
 able to obtain the same results with a later version of the code!
Path: dftb_in/ParserOptions
Line: 74-77 (File: dftb_in.hsd)

Reading SK-files:
  /home/andersx/parameters/3ob-3-1/C-C.skf
  /home/andersx/parameters/3ob-3-1/C-N.skf
  /home/andersx/parameters/3ob-3-1/C-H.skf
  /home/andersx/parameters/3ob-3-1/N-C.skf
  /home/andersx/parameters/3ob-3-1/N-N.skf
  /home/andersx/parameters/3ob-3-1/N-H.skf
  /home/andersx/parameters/3ob-3-1/H-C.skf
  /home/andersx/parameters/3ob-3-1/H-N.skf
  /home/andersx/parameters/3ob-3-1/H-H.skf
Done.

Starting initialization...
--------------------------------------------------------------------------------
Mode:                        Static calculation
Self consistent charges:     Yes
SCC-tolerance:                 0.100000E-05
Max. scc iterations:                    100
Ewald alpha parameter:         0.000000E+00
Spin polarisation:           No
Nr. of up electrons:            19.000000
Nr. of down electrons:          19.000000
Periodic boundaries:         No
Diagonalizer:                Divide and Conquer
Mixer:                       Anderson mixer
Mixing parameter:                  0.200000
Maximal SCC-cycles:                     100
Nr. of chrg. vectors to mix:              8
Electronic temperature:        0.100000E-07
Initial charges:             Set automatically (system chrg:   0.000E+00)
Included shells:              C:  s, p
                              N:  s, p
                              H:  s
Full 3rd order correction    Yes
Damped SCC                   Yes
Damped specie(s):            H                                                 
Extra options:
--------------------------------------------------------------------------------
 

********************************************************************************
** Geometry step: 0
********************************************************************************

  iSCC Total electronic   Diff electronic      SCC error    
    1   -0.16422306E+02    0.00000000E+00    0.68086946E+00
    2   -0.16422820E+02   -0.51390574E-03    0.66865077E+00
    3   -0.16433949E+02   -0.11128786E-01    0.16004779E+00
    4   -0.16433715E+02    0.23372369E-03    0.15176617E+00
    5   -0.16434326E+02   -0.61118457E-03    0.10287839E+00
    6   -0.16434737E+02   -0.41056904E-03    0.25999105E-01
    7   -0.16434722E+02    0.14338588E-04    0.25507246E-01
    8   -0.16434764E+02   -0.41951493E-04    0.43839781E-02
    9   -0.16434765E+02   -0.75498893E-06    0.26228235E-02
   10   -0.16434765E+02   -0.26038900E-06    0.23423447E-02
   11   -0.16434765E+02   -0.73142775E-07    0.47455137E-03
   12   -0.16434765E+02   -0.95769117E-08    0.12783567E-03
   13   -0.16434765E+02   -0.41128345E-09    0.28679449E-04
   14   -0.16434765E+02   -0.71668893E-10    0.38131869E-05
   15   -0.16434765E+02   -0.18829382E-12    0.10891680E-05
   16   -0.16434765E+02   -0.17763568E-13    0.91082029E-07
>> Charges saved for restart in charges.bin
 
 Total Energy:                     -16.2393662314 H
 Total Mermin free energy:         -16.2393662314 H
