================================================================================
==
==   Density Functional based Tight Binding with a lot of extensions (DFTB+)    
==
==                              Release: 1.2 (p2)
==
==                            (ParserVersion = 4)
==
================================================================================


********************************************************************************
** Parsing and initializing
********************************************************************************

Interpreting input file 'dftb_in.hsd'
--------------------------------------------------------------------------------
WARNING!
-> WriteHSDInput and WriteXMLInput both turned off. You won't eventually be 
 able to obtain the same results with a later version of the code!
Path: dftb_in/ParserOptions
Line: 74-77 (File: dftb_in.hsd)

Reading SK-files:
  /home/andersx/parameters/3ob-3-1/C-C.skf
  /home/andersx/parameters/3ob-3-1/C-N.skf
  /home/andersx/parameters/3ob-3-1/C-H.skf
  /home/andersx/parameters/3ob-3-1/N-C.skf
  /home/andersx/parameters/3ob-3-1/N-N.skf
  /home/andersx/parameters/3ob-3-1/N-H.skf
  /home/andersx/parameters/3ob-3-1/H-C.skf
  /home/andersx/parameters/3ob-3-1/H-N.skf
  /home/andersx/parameters/3ob-3-1/H-H.skf
Done.

Starting initialization...
--------------------------------------------------------------------------------
Mode:                        Static calculation
Self consistent charges:     Yes
SCC-tolerance:                 0.100000E-05
Max. scc iterations:                    100
Ewald alpha parameter:         0.000000E+00
Spin polarisation:           No
Nr. of up electrons:            19.000000
Nr. of down electrons:          19.000000
Periodic boundaries:         No
Diagonalizer:                Divide and Conquer
Mixer:                       Anderson mixer
Mixing parameter:                  0.200000
Maximal SCC-cycles:                     100
Nr. of chrg. vectors to mix:              8
Electronic temperature:        0.100000E-07
Initial charges:             Set automatically (system chrg:   0.000E+00)
Included shells:              C:  s, p
                              N:  s, p
                              H:  s
Full 3rd order correction    Yes
Damped SCC                   Yes
Damped specie(s):            H                                                 
Extra options:
--------------------------------------------------------------------------------
 

********************************************************************************
** Geometry step: 0
********************************************************************************

  iSCC Total electronic   Diff electronic      SCC error    
    1   -0.16507830E+02    0.00000000E+00    0.30696070E+00
    2   -0.16508057E+02   -0.22732498E-03    0.30117649E+00
    3   -0.16513921E+02   -0.58633112E-02    0.51833367E-01
    4   -0.16513886E+02    0.34325910E-04    0.47460962E-01
    5   -0.16514114E+02   -0.22798972E-03    0.38228790E-01
    6   -0.16514179E+02   -0.64341566E-04    0.12536573E-01
    7   -0.16514155E+02    0.24021288E-04    0.20164838E-01
    8   -0.16514190E+02   -0.35464329E-04    0.48308657E-02
    9   -0.16514190E+02   -0.18318982E-07    0.47092027E-02
   10   -0.16514191E+02   -0.81741479E-06    0.25448100E-02
   11   -0.16514191E+02   -0.20231888E-06    0.96558145E-03
   12   -0.16514191E+02   -0.44887685E-07    0.96354027E-04
   13   -0.16514191E+02   -0.90697938E-09    0.56180600E-04
   14   -0.16514191E+02   -0.44679282E-09    0.56334334E-05
   15   -0.16514191E+02   -0.14637180E-11    0.15908678E-05
   16   -0.16514191E+02   -0.63948846E-13    0.20494913E-06
>> Charges saved for restart in charges.bin
 
 Total Energy:                     -16.2528556157 H
 Total Mermin free energy:         -16.2528556157 H
