================================================================================
==
==   Density Functional based Tight Binding with a lot of extensions (DFTB+)    
==
==                              Release: 1.2 (p2)
==
==                            (ParserVersion = 4)
==
================================================================================


********************************************************************************
** Parsing and initializing
********************************************************************************

Interpreting input file 'dftb_in.hsd'
--------------------------------------------------------------------------------
WARNING!
-> WriteHSDInput and WriteXMLInput both turned off. You won't eventually be 
 able to obtain the same results with a later version of the code!
Path: dftb_in/ParserOptions
Line: 77-80 (File: dftb_in.hsd)

Reading SK-files:
  /home/andersx/parameters/3ob-3-1/C-C.skf
  /home/andersx/parameters/3ob-3-1/C-N.skf
  /home/andersx/parameters/3ob-3-1/C-H.skf
  /home/andersx/parameters/3ob-3-1/N-C.skf
  /home/andersx/parameters/3ob-3-1/N-N.skf
  /home/andersx/parameters/3ob-3-1/N-H.skf
  /home/andersx/parameters/3ob-3-1/H-C.skf
  /home/andersx/parameters/3ob-3-1/H-N.skf
  /home/andersx/parameters/3ob-3-1/H-H.skf
Done.

Starting initialization...
--------------------------------------------------------------------------------
Mode:                        Static calculation
Self consistent charges:     Yes
SCC-tolerance:                 0.100000E-05
Max. scc iterations:                    100
Ewald alpha parameter:         0.000000E+00
Spin polarisation:           No
Nr. of up electrons:            20.000000
Nr. of down electrons:          20.000000
Periodic boundaries:         No
Diagonalizer:                Divide and Conquer
Mixer:                       Anderson mixer
Mixing parameter:                  0.200000
Maximal SCC-cycles:                     100
Nr. of chrg. vectors to mix:              8
Electronic temperature:        0.100000E-07
Initial charges:             Set automatically (system chrg:   0.000E+00)
Included shells:              C:  s, p
                              N:  s, p
                              H:  s
Full 3rd order correction    Yes
Damped SCC                   Yes
Damped specie(s):            H                                                 
Extra options:
--------------------------------------------------------------------------------
 

********************************************************************************
** Geometry step: 0
********************************************************************************

  iSCC Total electronic   Diff electronic      SCC error    
    1   -0.16744738E+02    0.00000000E+00    0.49235685E+00
    2   -0.16744851E+02   -0.11248870E-03    0.48561618E+00
    3   -0.16747742E+02   -0.28910315E-02    0.92460690E-01
    4   -0.16747632E+02    0.10982015E-03    0.87082536E-01
    5   -0.16747644E+02   -0.12405597E-04    0.10551900E+00
    6   -0.16747947E+02   -0.30247369E-03    0.16023187E-01
    7   -0.16747947E+02    0.96950394E-08    0.16154369E-01
    8   -0.16747947E+02   -0.23420247E-06    0.15092663E-01
    9   -0.16747948E+02   -0.47573752E-06    0.13533413E-01
   10   -0.16747950E+02   -0.27282629E-05    0.10741021E-01
   11   -0.16747952E+02   -0.20527947E-05    0.16948724E-02
   12   -0.16747952E+02   -0.57078150E-07    0.12845039E-02
   13   -0.16747952E+02   -0.39803908E-07    0.76362903E-04
   14   -0.16747952E+02   -0.72883211E-09    0.49265508E-04
   15   -0.16747952E+02   -0.36919801E-09    0.36219708E-05
   16   -0.16747952E+02   -0.42277293E-12    0.48891221E-06
>> Charges saved for restart in charges.bin
 
 Total Energy:                     -16.7657802712 H
 Total Mermin free energy:         -16.7657802712 H
