================================================================================
==
==   Density Functional based Tight Binding with a lot of extensions (DFTB+)    
==
==                              Release: 1.2 (p2)
==
==                            (ParserVersion = 4)
==
================================================================================


********************************************************************************
** Parsing and initializing
********************************************************************************

Interpreting input file 'dftb_in.hsd'
--------------------------------------------------------------------------------
WARNING!
-> WriteHSDInput and WriteXMLInput both turned off. You won't eventually be 
 able to obtain the same results with a later version of the code!
Path: dftb_in/ParserOptions
Line: 77-80 (File: dftb_in.hsd)

Reading SK-files:
  /home/andersx/parameters/3ob-3-1/C-C.skf
  /home/andersx/parameters/3ob-3-1/C-N.skf
  /home/andersx/parameters/3ob-3-1/C-H.skf
  /home/andersx/parameters/3ob-3-1/N-C.skf
  /home/andersx/parameters/3ob-3-1/N-N.skf
  /home/andersx/parameters/3ob-3-1/N-H.skf
  /home/andersx/parameters/3ob-3-1/H-C.skf
  /home/andersx/parameters/3ob-3-1/H-N.skf
  /home/andersx/parameters/3ob-3-1/H-H.skf
Done.

Starting initialization...
--------------------------------------------------------------------------------
Mode:                        Static calculation
Self consistent charges:     Yes
SCC-tolerance:                 0.100000E-05
Max. scc iterations:                    100
Ewald alpha parameter:         0.000000E+00
Spin polarisation:           No
Nr. of up electrons:            20.000000
Nr. of down electrons:          20.000000
Periodic boundaries:         No
Diagonalizer:                Divide and Conquer
Mixer:                       Anderson mixer
Mixing parameter:                  0.200000
Maximal SCC-cycles:                     100
Nr. of chrg. vectors to mix:              8
Electronic temperature:        0.100000E-07
Initial charges:             Set automatically (system chrg:   0.000E+00)
Included shells:              C:  s, p
                              N:  s, p
                              H:  s
Full 3rd order correction    Yes
Damped SCC                   Yes
Damped specie(s):            H                                                 
Extra options:
--------------------------------------------------------------------------------
 

********************************************************************************
** Geometry step: 0
********************************************************************************

  iSCC Total electronic   Diff electronic      SCC error    
    1   -0.16669950E+02    0.00000000E+00    0.45899791E+00
    2   -0.16670186E+02   -0.23645109E-03    0.45109523E+00
    3   -0.16676484E+02   -0.62977156E-02    0.98878478E-01
    4   -0.16676428E+02    0.56266778E-04    0.90750661E-01
    5   -0.16676401E+02    0.26911359E-04    0.76629649E-01
    6   -0.16676551E+02   -0.14965070E-03    0.13743922E-01
    7   -0.16676551E+02   -0.65935655E-07    0.13776157E-01
    8   -0.16676561E+02   -0.10230230E-04    0.27931233E-02
    9   -0.16676561E+02    0.29748758E-07    0.18100912E-02
   10   -0.16676561E+02   -0.27190747E-07    0.12101431E-02
   11   -0.16676561E+02   -0.21847566E-07    0.28118997E-03
   12   -0.16676561E+02   -0.26920226E-08    0.70432245E-04
   13   -0.16676561E+02   -0.11490897E-09    0.72125712E-05
   14   -0.16676561E+02   -0.42916781E-11    0.91975345E-06
>> Charges saved for restart in charges.bin
 
 Total Energy:                     -16.7457598052 H
 Total Mermin free energy:         -16.7457598052 H
