================================================================================
==
==   Density Functional based Tight Binding with a lot of extensions (DFTB+)    
==
==                              Release: 1.2 (p2)
==
==                            (ParserVersion = 4)
==
================================================================================


********************************************************************************
** Parsing and initializing
********************************************************************************

Interpreting input file 'dftb_in.hsd'
--------------------------------------------------------------------------------
WARNING!
-> WriteHSDInput and WriteXMLInput both turned off. You won't eventually be 
 able to obtain the same results with a later version of the code!
Path: dftb_in/ParserOptions
Line: 74-77 (File: dftb_in.hsd)

Reading SK-files:
  /home/andersx/parameters/3ob-3-1/C-C.skf
  /home/andersx/parameters/3ob-3-1/C-N.skf
  /home/andersx/parameters/3ob-3-1/C-H.skf
  /home/andersx/parameters/3ob-3-1/N-C.skf
  /home/andersx/parameters/3ob-3-1/N-N.skf
  /home/andersx/parameters/3ob-3-1/N-H.skf
  /home/andersx/parameters/3ob-3-1/H-C.skf
  /home/andersx/parameters/3ob-3-1/H-N.skf
  /home/andersx/parameters/3ob-3-1/H-H.skf
Done.

Starting initialization...
--------------------------------------------------------------------------------
Mode:                        Static calculation
Self consistent charges:     Yes
SCC-tolerance:                 0.100000E-05
Max. scc iterations:                    100
Ewald alpha parameter:         0.000000E+00
Spin polarisation:           No
Nr. of up electrons:            19.000000
Nr. of down electrons:          19.000000
Periodic boundaries:         No
Diagonalizer:                Divide and Conquer
Mixer:                       Anderson mixer
Mixing parameter:                  0.200000
Maximal SCC-cycles:                     100
Nr. of chrg. vectors to mix:              8
Electronic temperature:        0.100000E-07
Initial charges:             Set automatically (system chrg:   0.000E+00)
Included shells:              C:  s, p
                              N:  s, p
                              H:  s
Full 3rd order correction    Yes
Damped SCC                   Yes
Damped specie(s):            H                                                 
Extra options:
--------------------------------------------------------------------------------
 

********************************************************************************
** Geometry step: 0
********************************************************************************

  iSCC Total electronic   Diff electronic      SCC error    
    1   -0.16407716E+02    0.00000000E+00    0.35569295E+00
    2   -0.16408400E+02   -0.68333012E-03    0.34779164E+00
    3   -0.16423439E+02   -0.15038838E-01    0.12871804E+00
    4   -0.16423383E+02    0.55403320E-04    0.12456090E+00
    5   -0.16423576E+02   -0.19324459E-03    0.27929566E-01
    6   -0.16423634E+02   -0.57194361E-04    0.22291133E-01
    7   -0.16423603E+02    0.30457135E-04    0.25521131E-01
    8   -0.16423666E+02   -0.62735844E-04    0.19976577E-02
    9   -0.16423666E+02   -0.60396314E-07    0.16899004E-02
   10   -0.16423666E+02   -0.12684254E-06    0.20716886E-03
   11   -0.16423666E+02   -0.15587389E-08    0.12735711E-03
   12   -0.16423666E+02   -0.99391073E-09    0.11963955E-04
   13   -0.16423666E+02   -0.11048940E-10    0.20786412E-05
   14   -0.16423666E+02   -0.88817842E-13    0.61107214E-06
>> Charges saved for restart in charges.bin
 
 Total Energy:                     -16.2444813566 H
 Total Mermin free energy:         -16.2444813566 H
