================================================================================
==
==   Density Functional based Tight Binding with a lot of extensions (DFTB+)    
==
==                              Release: 1.2 (p2)
==
==                            (ParserVersion = 4)
==
================================================================================


********************************************************************************
** Parsing and initializing
********************************************************************************

Interpreting input file 'dftb_in.hsd'
--------------------------------------------------------------------------------
WARNING!
-> WriteHSDInput and WriteXMLInput both turned off. You won't eventually be 
 able to obtain the same results with a later version of the code!
Path: dftb_in/ParserOptions
Line: 75-78 (File: dftb_in.hsd)

Reading SK-files:
  /home/andersx/parameters/3ob-3-1/C-C.skf
  /home/andersx/parameters/3ob-3-1/C-N.skf
  /home/andersx/parameters/3ob-3-1/C-H.skf
  /home/andersx/parameters/3ob-3-1/N-C.skf
  /home/andersx/parameters/3ob-3-1/N-N.skf
  /home/andersx/parameters/3ob-3-1/N-H.skf
  /home/andersx/parameters/3ob-3-1/H-C.skf
  /home/andersx/parameters/3ob-3-1/H-N.skf
  /home/andersx/parameters/3ob-3-1/H-H.skf
Done.

Starting initialization...
--------------------------------------------------------------------------------
Mode:                        Static calculation
Self consistent charges:     Yes
SCC-tolerance:                 0.100000E-05
Max. scc iterations:                    100
Ewald alpha parameter:         0.000000E+00
Spin polarisation:           No
Nr. of up electrons:            19.000000
Nr. of down electrons:          19.000000
Periodic boundaries:         No
Diagonalizer:                Divide and Conquer
Mixer:                       Anderson mixer
Mixing parameter:                  0.200000
Maximal SCC-cycles:                     100
Nr. of chrg. vectors to mix:              8
Electronic temperature:        0.100000E-07
Initial charges:             Set automatically (system chrg:   0.000E+00)
Included shells:              C:  s, p
                              N:  s, p
                              H:  s
Full 3rd order correction    Yes
Damped SCC                   Yes
Damped specie(s):            H                                                 
Extra options:
--------------------------------------------------------------------------------
 

********************************************************************************
** Geometry step: 0
********************************************************************************

  iSCC Total electronic   Diff electronic      SCC error    
    1   -0.15973693E+02    0.00000000E+00    0.54011543E+00
    2   -0.15973806E+02   -0.11292127E-03    0.53255045E+00
    3   -0.15976787E+02   -0.29809248E-02    0.67121263E-01
    4   -0.15976715E+02    0.71724240E-04    0.54108934E-01
    5   -0.15976693E+02    0.22687099E-04    0.73781513E-01
    6   -0.15976897E+02   -0.20473966E-03    0.76732751E-02
    7   -0.15976897E+02    0.31701370E-06    0.50492075E-02
    8   -0.15976901E+02   -0.37856800E-05    0.52190519E-02
    9   -0.15976902E+02   -0.75471340E-06    0.12264889E-02
   10   -0.15976902E+02   -0.44003826E-07    0.14767317E-02
   11   -0.15976902E+02   -0.57531597E-08    0.41809262E-03
   12   -0.15976902E+02   -0.51475091E-08    0.14642255E-03
   13   -0.15976902E+02   -0.43201709E-09    0.47788662E-04
   14   -0.15976902E+02   -0.22867042E-10    0.16441949E-05
   15   -0.15976902E+02   -0.51514348E-13    0.52794178E-06
>> Charges saved for restart in charges.bin
 
 Total Energy:                     -15.9462186108 H
 Total Mermin free energy:         -15.9462186108 H
