================================================================================
==
==   Density Functional based Tight Binding with a lot of extensions (DFTB+)    
==
==                              Release: 1.2 (p2)
==
==                            (ParserVersion = 4)
==
================================================================================


********************************************************************************
** Parsing and initializing
********************************************************************************

Interpreting input file 'dftb_in.hsd'
--------------------------------------------------------------------------------
WARNING!
-> WriteHSDInput and WriteXMLInput both turned off. You won't eventually be 
 able to obtain the same results with a later version of the code!
Path: dftb_in/ParserOptions
Line: 79-82 (File: dftb_in.hsd)

Reading SK-files:
  /home/andersx/parameters/3ob-3-1/C-C.skf
  /home/andersx/parameters/3ob-3-1/C-N.skf
  /home/andersx/parameters/3ob-3-1/C-H.skf
  /home/andersx/parameters/3ob-3-1/N-C.skf
  /home/andersx/parameters/3ob-3-1/N-N.skf
  /home/andersx/parameters/3ob-3-1/N-H.skf
  /home/andersx/parameters/3ob-3-1/H-C.skf
  /home/andersx/parameters/3ob-3-1/H-N.skf
  /home/andersx/parameters/3ob-3-1/H-H.skf
Done.

Starting initialization...
--------------------------------------------------------------------------------
Mode:                        Static calculation
Self consistent charges:     Yes
SCC-tolerance:                 0.100000E-05
Max. scc iterations:                    100
Ewald alpha parameter:         0.000000E+00
Spin polarisation:           No
Nr. of up electrons:            21.000000
Nr. of down electrons:          21.000000
Periodic boundaries:         No
Diagonalizer:                Divide and Conquer
Mixer:                       Anderson mixer
Mixing parameter:                  0.200000
Maximal SCC-cycles:                     100
Nr. of chrg. vectors to mix:              8
Electronic temperature:        0.100000E-07
Initial charges:             Set automatically (system chrg:   0.000E+00)
Included shells:              C:  s, p
                              N:  s, p
                              H:  s
Full 3rd order correction    Yes
Damped SCC                   Yes
Damped specie(s):            H                                                 
Extra options:
--------------------------------------------------------------------------------
 

********************************************************************************
** Geometry step: 0
********************************************************************************

  iSCC Total electronic   Diff electronic      SCC error    
    1   -0.17460188E+02    0.00000000E+00    0.31427455E+00
    2   -0.17460303E+02   -0.11452025E-03    0.30914802E+00
    3   -0.17463404E+02   -0.31007911E-02    0.62067483E-01
    4   -0.17463346E+02    0.57882464E-04    0.66427128E-01
    5   -0.17463521E+02   -0.17544771E-03    0.43394371E-01
    6   -0.17463562E+02   -0.40932655E-04    0.10800284E-01
    7   -0.17463559E+02    0.30110433E-05    0.16168092E-01
    8   -0.17463567E+02   -0.82239706E-05    0.16582600E-02
    9   -0.17463567E+02    0.87382652E-08    0.11185508E-02
   10   -0.17463568E+02   -0.61274200E-07    0.43534553E-03
   11   -0.17463568E+02   -0.12184707E-08    0.14025954E-03
   12   -0.17463568E+02   -0.11721859E-08    0.21620144E-04
   13   -0.17463568E+02   -0.80895290E-11    0.61691729E-05
   14   -0.17463568E+02   -0.39079850E-12    0.72975760E-06
>> Charges saved for restart in charges.bin
 
 Total Energy:                     -17.5143492845 H
 Total Mermin free energy:         -17.5143492845 H
