================================================================================
==
==   Density Functional based Tight Binding with a lot of extensions (DFTB+)    
==
==                              Release: 1.2 (p2)
==
==                            (ParserVersion = 4)
==
================================================================================


********************************************************************************
** Parsing and initializing
********************************************************************************

Interpreting input file 'dftb_in.hsd'
--------------------------------------------------------------------------------
WARNING!
-> WriteHSDInput and WriteXMLInput both turned off. You won't eventually be 
 able to obtain the same results with a later version of the code!
Path: dftb_in/ParserOptions
Line: 77-80 (File: dftb_in.hsd)

Reading SK-files:
  /home/andersx/parameters/3ob-3-1/C-C.skf
  /home/andersx/parameters/3ob-3-1/C-N.skf
  /home/andersx/parameters/3ob-3-1/C-H.skf
  /home/andersx/parameters/3ob-3-1/N-C.skf
  /home/andersx/parameters/3ob-3-1/N-N.skf
  /home/andersx/parameters/3ob-3-1/N-H.skf
  /home/andersx/parameters/3ob-3-1/H-C.skf
  /home/andersx/parameters/3ob-3-1/H-N.skf
  /home/andersx/parameters/3ob-3-1/H-H.skf
Done.

Starting initialization...
--------------------------------------------------------------------------------
Mode:                        Static calculation
Self consistent charges:     Yes
SCC-tolerance:                 0.100000E-05
Max. scc iterations:                    100
Ewald alpha parameter:         0.000000E+00
Spin polarisation:           No
Nr. of up electrons:            20.000000
Nr. of down electrons:          20.000000
Periodic boundaries:         No
Diagonalizer:                Divide and Conquer
Mixer:                       Anderson mixer
Mixing parameter:                  0.200000
Maximal SCC-cycles:                     100
Nr. of chrg. vectors to mix:              8
Electronic temperature:        0.100000E-07
Initial charges:             Set automatically (system chrg:   0.000E+00)
Included shells:              C:  s, p
                              N:  s, p
                              H:  s
Full 3rd order correction    Yes
Damped SCC                   Yes
Damped specie(s):            H                                                 
Extra options:
--------------------------------------------------------------------------------
 

********************************************************************************
** Geometry step: 0
********************************************************************************

  iSCC Total electronic   Diff electronic      SCC error    
    1   -0.16698965E+02    0.00000000E+00    0.55106632E+00
    2   -0.16699087E+02   -0.12155754E-03    0.54324022E+00
    3   -0.16702194E+02   -0.31074149E-02    0.62042545E-01
    4   -0.16702111E+02    0.82786696E-04    0.48289558E-01
    5   -0.16702084E+02    0.27163756E-04    0.93604674E-01
    6   -0.16702329E+02   -0.24519371E-03    0.13302196E-01
    7   -0.16702329E+02    0.24394788E-06    0.56480278E-02
    8   -0.16702334E+02   -0.47700426E-05    0.63404946E-02
    9   -0.16702335E+02   -0.12535805E-05    0.17232460E-02
   10   -0.16702335E+02   -0.11724666E-08    0.20121919E-02
   11   -0.16702335E+02   -0.14360008E-07    0.48721346E-03
   12   -0.16702335E+02   -0.54232778E-08    0.29832088E-03
   13   -0.16702335E+02   -0.14134827E-08    0.10987217E-04
   14   -0.16702335E+02   -0.29086067E-10    0.23179394E-05
   15   -0.16702335E+02   -0.33040237E-12    0.57471876E-06
>> Charges saved for restart in charges.bin
 
 Total Energy:                     -16.7577714867 H
 Total Mermin free energy:         -16.7577714867 H
