================================================================================
==
==   Density Functional based Tight Binding with a lot of extensions (DFTB+)    
==
==                              Release: 1.2 (p2)
==
==                            (ParserVersion = 4)
==
================================================================================


********************************************************************************
** Parsing and initializing
********************************************************************************

Interpreting input file 'dftb_in.hsd'
--------------------------------------------------------------------------------
WARNING!
-> WriteHSDInput and WriteXMLInput both turned off. You won't eventually be 
 able to obtain the same results with a later version of the code!
Path: dftb_in/ParserOptions
Line: 68-71 (File: dftb_in.hsd)

Reading SK-files:
  /home/andersx/parameters/3ob-3-1/C-C.skf
  /home/andersx/parameters/3ob-3-1/C-O.skf
  /home/andersx/parameters/3ob-3-1/C-H.skf
  /home/andersx/parameters/3ob-3-1/O-C.skf
  /home/andersx/parameters/3ob-3-1/O-O.skf
  /home/andersx/parameters/3ob-3-1/O-H.skf
  /home/andersx/parameters/3ob-3-1/H-C.skf
  /home/andersx/parameters/3ob-3-1/H-O.skf
  /home/andersx/parameters/3ob-3-1/H-H.skf
Done.

Starting initialization...
--------------------------------------------------------------------------------
Mode:                        Static calculation
Self consistent charges:     Yes
SCC-tolerance:                 0.100000E-05
Max. scc iterations:                    100
Ewald alpha parameter:         0.000000E+00
Spin polarisation:           No
Nr. of up electrons:            13.000000
Nr. of down electrons:          13.000000
Periodic boundaries:         No
Diagonalizer:                Divide and Conquer
Mixer:                       Anderson mixer
Mixing parameter:                  0.200000
Maximal SCC-cycles:                     100
Nr. of chrg. vectors to mix:              8
Electronic temperature:        0.100000E-07
Initial charges:             Set automatically (system chrg:   0.000E+00)
Included shells:              C:  s, p
                              O:  s, p
                              H:  s
Full 3rd order correction    Yes
Damped SCC                   Yes
Damped specie(s):            H                                                 
Extra options:
--------------------------------------------------------------------------------
 

********************************************************************************
** Geometry step: 0
********************************************************************************

  iSCC Total electronic   Diff electronic      SCC error    
    1   -0.11794905E+02    0.00000000E+00    0.78430870E+00
    2   -0.11795631E+02   -0.72635625E-03    0.77261232E+00
    3   -0.11814325E+02   -0.18693285E-01    0.15656465E+00
    4   -0.11814584E+02   -0.25933407E-03    0.15783965E+00
    5   -0.11815235E+02   -0.65087170E-03    0.32323269E-01
    6   -0.11815253E+02   -0.18307716E-04    0.16934739E-01
    7   -0.11815253E+02    0.80473921E-08    0.17111936E-01
    8   -0.11815265E+02   -0.11822240E-04    0.22520650E-02
    9   -0.11815265E+02   -0.17040627E-08    0.19491456E-02
   10   -0.11815265E+02    0.56698473E-07    0.79136060E-03
   11   -0.11815265E+02   -0.45698224E-07    0.32028810E-03
   12   -0.11815265E+02   -0.35557491E-07    0.30772452E-04
   13   -0.11815265E+02   -0.17479351E-09    0.73911195E-05
   14   -0.11815265E+02   -0.38760106E-11    0.17712973E-06
>> Charges saved for restart in charges.bin
 
 Total Energy:                     -11.5899907523 H
 Total Mermin free energy:         -11.5899907523 H
