================================================================================
==
==   Density Functional based Tight Binding with a lot of extensions (DFTB+)    
==
==                              Release: 1.2 (p2)
==
==                            (ParserVersion = 4)
==
================================================================================


********************************************************************************
** Parsing and initializing
********************************************************************************

Interpreting input file 'dftb_in.hsd'
--------------------------------------------------------------------------------
WARNING!
-> WriteHSDInput and WriteXMLInput both turned off. You won't eventually be 
 able to obtain the same results with a later version of the code!
Path: dftb_in/ParserOptions
Line: 79-82 (File: dftb_in.hsd)

Reading SK-files:
  /home/andersx/parameters/3ob-3-1/C-C.skf
  /home/andersx/parameters/3ob-3-1/C-N.skf
  /home/andersx/parameters/3ob-3-1/C-H.skf
  /home/andersx/parameters/3ob-3-1/N-C.skf
  /home/andersx/parameters/3ob-3-1/N-N.skf
  /home/andersx/parameters/3ob-3-1/N-H.skf
  /home/andersx/parameters/3ob-3-1/H-C.skf
  /home/andersx/parameters/3ob-3-1/H-N.skf
  /home/andersx/parameters/3ob-3-1/H-H.skf
Done.

Starting initialization...
--------------------------------------------------------------------------------
Mode:                        Static calculation
Self consistent charges:     Yes
SCC-tolerance:                 0.100000E-05
Max. scc iterations:                    100
Ewald alpha parameter:         0.000000E+00
Spin polarisation:           No
Nr. of up electrons:            21.000000
Nr. of down electrons:          21.000000
Periodic boundaries:         No
Diagonalizer:                Divide and Conquer
Mixer:                       Anderson mixer
Mixing parameter:                  0.200000
Maximal SCC-cycles:                     100
Nr. of chrg. vectors to mix:              8
Electronic temperature:        0.100000E-07
Initial charges:             Set automatically (system chrg:   0.000E+00)
Included shells:              C:  s, p
                              N:  s, p
                              H:  s
Full 3rd order correction    Yes
Damped SCC                   Yes
Damped specie(s):            H                                                 
Extra options:
--------------------------------------------------------------------------------
 

********************************************************************************
** Geometry step: 0
********************************************************************************

  iSCC Total electronic   Diff electronic      SCC error    
    1   -0.17501574E+02    0.00000000E+00    0.59168459E+00
    2   -0.17501630E+02   -0.55852153E-04    0.58445609E+00
    3   -0.17503074E+02   -0.14448655E-02    0.91813845E-01
    4   -0.17503016E+02    0.57949652E-04    0.94431568E-01
    5   -0.17503001E+02    0.14978927E-04    0.12064739E+00
    6   -0.17503187E+02   -0.18586268E-03    0.23946538E-01
    7   -0.17503187E+02    0.44313246E-08    0.85670602E-02
    8   -0.17503189E+02   -0.12050220E-05    0.81647714E-02
    9   -0.17503189E+02   -0.85109915E-06    0.16183568E-02
   10   -0.17503189E+02   -0.18003643E-07    0.17418666E-02
   11   -0.17503189E+02   -0.52277610E-07    0.47143117E-03
   12   -0.17503189E+02   -0.18854927E-08    0.29145253E-03
   13   -0.17503189E+02   -0.94841468E-09    0.26424445E-04
   14   -0.17503189E+02   -0.33313796E-10    0.23880188E-05
   15   -0.17503189E+02   -0.29487524E-12    0.73252260E-06
>> Charges saved for restart in charges.bin
 
 Total Energy:                     -17.5432849331 H
 Total Mermin free energy:         -17.5432849331 H
