================================================================================
==
==   Density Functional based Tight Binding with a lot of extensions (DFTB+)    
==
==                              Release: 1.2 (p2)
==
==                            (ParserVersion = 4)
==
================================================================================


********************************************************************************
** Parsing and initializing
********************************************************************************

Interpreting input file 'dftb_in.hsd'
--------------------------------------------------------------------------------
WARNING!
-> WriteHSDInput and WriteXMLInput both turned off. You won't eventually be 
 able to obtain the same results with a later version of the code!
Path: dftb_in/ParserOptions
Line: 75-78 (File: dftb_in.hsd)

Reading SK-files:
  /home/andersx/parameters/3ob-3-1/C-C.skf
  /home/andersx/parameters/3ob-3-1/C-N.skf
  /home/andersx/parameters/3ob-3-1/C-H.skf
  /home/andersx/parameters/3ob-3-1/N-C.skf
  /home/andersx/parameters/3ob-3-1/N-N.skf
  /home/andersx/parameters/3ob-3-1/N-H.skf
  /home/andersx/parameters/3ob-3-1/H-C.skf
  /home/andersx/parameters/3ob-3-1/H-N.skf
  /home/andersx/parameters/3ob-3-1/H-H.skf
Done.

Starting initialization...
--------------------------------------------------------------------------------
Mode:                        Static calculation
Self consistent charges:     Yes
SCC-tolerance:                 0.100000E-05
Max. scc iterations:                    100
Ewald alpha parameter:         0.000000E+00
Spin polarisation:           No
Nr. of up electrons:            19.000000
Nr. of down electrons:          19.000000
Periodic boundaries:         No
Diagonalizer:                Divide and Conquer
Mixer:                       Anderson mixer
Mixing parameter:                  0.200000
Maximal SCC-cycles:                     100
Nr. of chrg. vectors to mix:              8
Electronic temperature:        0.100000E-07
Initial charges:             Set automatically (system chrg:   0.000E+00)
Included shells:              C:  s, p
                              N:  s, p
                              H:  s
Full 3rd order correction    Yes
Damped SCC                   Yes
Damped specie(s):            H                                                 
Extra options:
--------------------------------------------------------------------------------
 

********************************************************************************
** Geometry step: 0
********************************************************************************

  iSCC Total electronic   Diff electronic      SCC error    
    1   -0.16134886E+02    0.00000000E+00    0.59983193E+00
    2   -0.16135452E+02   -0.56627890E-03    0.58737483E+00
    3   -0.16147749E+02   -0.12297370E-01    0.12552051E+00
    4   -0.16147694E+02    0.55295387E-04    0.12020293E+00
    5   -0.16147811E+02   -0.11740910E-03    0.61109146E-01
    6   -0.16147918E+02   -0.10661757E-03    0.17843124E-01
    7   -0.16147915E+02    0.27522074E-05    0.19149087E-01
    8   -0.16147929E+02   -0.13956376E-04    0.98797950E-02
    9   -0.16147932E+02   -0.32358052E-05    0.23290218E-02
   10   -0.16147933E+02   -0.26664171E-06    0.16031206E-02
   11   -0.16147933E+02   -0.15762956E-06    0.15390548E-03
   12   -0.16147933E+02   -0.24864555E-08    0.10094369E-03
   13   -0.16147933E+02   -0.12291181E-08    0.11689801E-04
   14   -0.16147933E+02   -0.13248069E-10    0.29536277E-05
   15   -0.16147933E+02   -0.25579538E-12    0.56412443E-06
>> Charges saved for restart in charges.bin
 
 Total Energy:                     -16.0380833636 H
 Total Mermin free energy:         -16.0380833636 H
