================================================================================
==
==   Density Functional based Tight Binding with a lot of extensions (DFTB+)    
==
==                              Release: 1.2 (p2)
==
==                            (ParserVersion = 4)
==
================================================================================


********************************************************************************
** Parsing and initializing
********************************************************************************

Interpreting input file 'dftb_in.hsd'
--------------------------------------------------------------------------------
WARNING!
-> WriteHSDInput and WriteXMLInput both turned off. You won't eventually be 
 able to obtain the same results with a later version of the code!
Path: dftb_in/ParserOptions
Line: 77-80 (File: dftb_in.hsd)

Reading SK-files:
  /home/andersx/parameters/3ob-3-1/C-C.skf
  /home/andersx/parameters/3ob-3-1/C-N.skf
  /home/andersx/parameters/3ob-3-1/C-H.skf
  /home/andersx/parameters/3ob-3-1/N-C.skf
  /home/andersx/parameters/3ob-3-1/N-N.skf
  /home/andersx/parameters/3ob-3-1/N-H.skf
  /home/andersx/parameters/3ob-3-1/H-C.skf
  /home/andersx/parameters/3ob-3-1/H-N.skf
  /home/andersx/parameters/3ob-3-1/H-H.skf
Done.

Starting initialization...
--------------------------------------------------------------------------------
Mode:                        Static calculation
Self consistent charges:     Yes
SCC-tolerance:                 0.100000E-05
Max. scc iterations:                    100
Ewald alpha parameter:         0.000000E+00
Spin polarisation:           No
Nr. of up electrons:            20.000000
Nr. of down electrons:          20.000000
Periodic boundaries:         No
Diagonalizer:                Divide and Conquer
Mixer:                       Anderson mixer
Mixing parameter:                  0.200000
Maximal SCC-cycles:                     100
Nr. of chrg. vectors to mix:              8
Electronic temperature:        0.100000E-07
Initial charges:             Set automatically (system chrg:   0.000E+00)
Included shells:              C:  s, p
                              N:  s, p
                              H:  s
Full 3rd order correction    Yes
Damped SCC                   Yes
Damped specie(s):            H                                                 
Extra options:
--------------------------------------------------------------------------------
 

********************************************************************************
** Geometry step: 0
********************************************************************************

  iSCC Total electronic   Diff electronic      SCC error    
    1   -0.16816215E+02    0.00000000E+00    0.49103775E+00
    2   -0.16816343E+02   -0.12820440E-03    0.48433472E+00
    3   -0.16819860E+02   -0.35170879E-02    0.63316353E-01
    4   -0.16819789E+02    0.71743462E-04    0.54692617E-01
    5   -0.16819845E+02   -0.56473860E-04    0.73948843E-01
    6   -0.16819989E+02   -0.14345757E-03    0.11729236E-01
    7   -0.16819988E+02    0.43811653E-07    0.13944070E-01
    8   -0.16819990E+02   -0.12380042E-05    0.29866785E-02
    9   -0.16819990E+02   -0.13324495E-06    0.87906718E-03
   10   -0.16819990E+02   -0.19615779E-07    0.67407664E-03
   11   -0.16819990E+02   -0.12662547E-08    0.10335011E-03
   12   -0.16819990E+02   -0.32346037E-09    0.13817322E-04
   13   -0.16819990E+02   -0.94217967E-11    0.22603782E-05
   14   -0.16819990E+02   -0.97699626E-12    0.18665464E-06
>> Charges saved for restart in charges.bin
 
 Total Energy:                     -16.7921560560 H
 Total Mermin free energy:         -16.7921560560 H
