================================================================================
==
==   Density Functional based Tight Binding with a lot of extensions (DFTB+)    
==
==                              Release: 1.2 (p2)
==
==                            (ParserVersion = 4)
==
================================================================================


********************************************************************************
** Parsing and initializing
********************************************************************************

Interpreting input file 'dftb_in.hsd'
--------------------------------------------------------------------------------
WARNING!
-> WriteHSDInput and WriteXMLInput both turned off. You won't eventually be 
 able to obtain the same results with a later version of the code!
Path: dftb_in/ParserOptions
Line: 74-77 (File: dftb_in.hsd)

Reading SK-files:
  /home/andersx/parameters/3ob-3-1/C-C.skf
  /home/andersx/parameters/3ob-3-1/C-N.skf
  /home/andersx/parameters/3ob-3-1/C-H.skf
  /home/andersx/parameters/3ob-3-1/N-C.skf
  /home/andersx/parameters/3ob-3-1/N-N.skf
  /home/andersx/parameters/3ob-3-1/N-H.skf
  /home/andersx/parameters/3ob-3-1/H-C.skf
  /home/andersx/parameters/3ob-3-1/H-N.skf
  /home/andersx/parameters/3ob-3-1/H-H.skf
Done.

Starting initialization...
--------------------------------------------------------------------------------
Mode:                        Static calculation
Self consistent charges:     Yes
SCC-tolerance:                 0.100000E-05
Max. scc iterations:                    100
Ewald alpha parameter:         0.000000E+00
Spin polarisation:           No
Nr. of up electrons:            19.000000
Nr. of down electrons:          19.000000
Periodic boundaries:         No
Diagonalizer:                Divide and Conquer
Mixer:                       Anderson mixer
Mixing parameter:                  0.200000
Maximal SCC-cycles:                     100
Nr. of chrg. vectors to mix:              8
Electronic temperature:        0.100000E-07
Initial charges:             Set automatically (system chrg:   0.000E+00)
Included shells:              C:  s, p
                              N:  s, p
                              H:  s
Full 3rd order correction    Yes
Damped SCC                   Yes
Damped specie(s):            H                                                 
Extra options:
--------------------------------------------------------------------------------
 

********************************************************************************
** Geometry step: 0
********************************************************************************

  iSCC Total electronic   Diff electronic      SCC error    
    1   -0.16612786E+02    0.00000000E+00    0.85685393E+00
    2   -0.16613160E+02   -0.37383239E-03    0.84363784E+00
    3   -0.16620641E+02   -0.74818605E-02    0.15182983E+00
    4   -0.16620255E+02    0.38683107E-03    0.14799659E+00
    5   -0.16620362E+02   -0.10750804E-03    0.17955530E+00
    6   -0.16621550E+02   -0.11881054E-02    0.48403086E-01
    7   -0.16621565E+02   -0.14313773E-04    0.35668963E-01
    8   -0.16621597E+02   -0.32681030E-04    0.15104019E-01
    9   -0.16621601E+02   -0.34913790E-05    0.66735490E-02
   10   -0.16621601E+02   -0.72593628E-06    0.43674390E-02
   11   -0.16621603E+02   -0.14839506E-05    0.55836910E-03
   12   -0.16621603E+02   -0.73826740E-08    0.28645347E-03
   13   -0.16621603E+02   -0.32656864E-08    0.44899352E-04
   14   -0.16621603E+02   -0.11132073E-09    0.67643474E-05
   15   -0.16621603E+02   -0.19184654E-11    0.11627850E-05
   16   -0.16621603E+02   -0.53290705E-13    0.58094703E-07
>> Charges saved for restart in charges.bin
 
 Total Energy:                     -16.3489009694 H
 Total Mermin free energy:         -16.3489009694 H
