================================================================================
==
==   Density Functional based Tight Binding with a lot of extensions (DFTB+)    
==
==                              Release: 1.2 (p2)
==
==                            (ParserVersion = 4)
==
================================================================================


********************************************************************************
** Parsing and initializing
********************************************************************************

Interpreting input file 'dftb_in.hsd'
--------------------------------------------------------------------------------
WARNING!
-> WriteHSDInput and WriteXMLInput both turned off. You won't eventually be 
 able to obtain the same results with a later version of the code!
Path: dftb_in/ParserOptions
Line: 79-82 (File: dftb_in.hsd)

Reading SK-files:
  /home/andersx/parameters/3ob-3-1/C-C.skf
  /home/andersx/parameters/3ob-3-1/C-N.skf
  /home/andersx/parameters/3ob-3-1/C-H.skf
  /home/andersx/parameters/3ob-3-1/N-C.skf
  /home/andersx/parameters/3ob-3-1/N-N.skf
  /home/andersx/parameters/3ob-3-1/N-H.skf
  /home/andersx/parameters/3ob-3-1/H-C.skf
  /home/andersx/parameters/3ob-3-1/H-N.skf
  /home/andersx/parameters/3ob-3-1/H-H.skf
Done.

Starting initialization...
--------------------------------------------------------------------------------
Mode:                        Static calculation
Self consistent charges:     Yes
SCC-tolerance:                 0.100000E-05
Max. scc iterations:                    100
Ewald alpha parameter:         0.000000E+00
Spin polarisation:           No
Nr. of up electrons:            21.000000
Nr. of down electrons:          21.000000
Periodic boundaries:         No
Diagonalizer:                Divide and Conquer
Mixer:                       Anderson mixer
Mixing parameter:                  0.200000
Maximal SCC-cycles:                     100
Nr. of chrg. vectors to mix:              8
Electronic temperature:        0.100000E-07
Initial charges:             Set automatically (system chrg:   0.000E+00)
Included shells:              C:  s, p
                              N:  s, p
                              H:  s
Full 3rd order correction    Yes
Damped SCC                   Yes
Damped specie(s):            H                                                 
Extra options:
--------------------------------------------------------------------------------
 

********************************************************************************
** Geometry step: 0
********************************************************************************

  iSCC Total electronic   Diff electronic      SCC error    
    1   -0.17495999E+02    0.00000000E+00    0.49180647E+00
    2   -0.17496093E+02   -0.93130241E-04    0.48506726E+00
    3   -0.17498527E+02   -0.24346150E-02    0.62880404E-01
    4   -0.17498461E+02    0.66030166E-04    0.53234758E-01
    5   -0.17498501E+02   -0.39875179E-04    0.93426922E-01
    6   -0.17498661E+02   -0.16006066E-03    0.11426768E-01
    7   -0.17498661E+02    0.24642963E-06    0.71824464E-02
    8   -0.17498663E+02   -0.21038133E-05    0.37249600E-02
    9   -0.17498663E+02   -0.49752923E-06    0.93896971E-03
   10   -0.17498663E+02   -0.11184547E-07    0.10899989E-02
   11   -0.17498664E+02   -0.12836331E-07    0.25587595E-03
   12   -0.17498664E+02   -0.17411317E-08    0.13891971E-03
   13   -0.17498664E+02   -0.21424995E-09    0.19555993E-04
   14   -0.17498664E+02   -0.19834800E-10    0.70271404E-06
>> Charges saved for restart in charges.bin
 
 Total Energy:                     -17.5690957708 H
 Total Mermin free energy:         -17.5690957708 H
