================================================================================
==
==   Density Functional based Tight Binding with a lot of extensions (DFTB+)    
==
==                              Release: 1.2 (p2)
==
==                            (ParserVersion = 4)
==
================================================================================


********************************************************************************
** Parsing and initializing
********************************************************************************

Interpreting input file 'dftb_in.hsd'
--------------------------------------------------------------------------------
WARNING!
-> WriteHSDInput and WriteXMLInput both turned off. You won't eventually be 
 able to obtain the same results with a later version of the code!
Path: dftb_in/ParserOptions
Line: 72-75 (File: dftb_in.hsd)

Reading SK-files:
  /home/andersx/parameters/3ob-3-1/C-C.skf
  /home/andersx/parameters/3ob-3-1/C-N.skf
  /home/andersx/parameters/3ob-3-1/C-H.skf
  /home/andersx/parameters/3ob-3-1/N-C.skf
  /home/andersx/parameters/3ob-3-1/N-N.skf
  /home/andersx/parameters/3ob-3-1/N-H.skf
  /home/andersx/parameters/3ob-3-1/H-C.skf
  /home/andersx/parameters/3ob-3-1/H-N.skf
  /home/andersx/parameters/3ob-3-1/H-H.skf
Done.

Starting initialization...
--------------------------------------------------------------------------------
Mode:                        Static calculation
Self consistent charges:     Yes
SCC-tolerance:                 0.100000E-05
Max. scc iterations:                    100
Ewald alpha parameter:         0.000000E+00
Spin polarisation:           No
Nr. of up electrons:            18.000000
Nr. of down electrons:          18.000000
Periodic boundaries:         No
Diagonalizer:                Divide and Conquer
Mixer:                       Anderson mixer
Mixing parameter:                  0.200000
Maximal SCC-cycles:                     100
Nr. of chrg. vectors to mix:              8
Electronic temperature:        0.100000E-07
Initial charges:             Set automatically (system chrg:   0.000E+00)
Included shells:              C:  s, p
                              N:  s, p
                              H:  s
Full 3rd order correction    Yes
Damped SCC                   Yes
Damped specie(s):            H                                                 
Extra options:
--------------------------------------------------------------------------------
 

********************************************************************************
** Geometry step: 0
********************************************************************************

  iSCC Total electronic   Diff electronic      SCC error    
    1   -0.15905341E+02    0.00000000E+00    0.80582826E+00
    2   -0.15905892E+02   -0.55088672E-03    0.79292572E+00
    3   -0.15915829E+02   -0.99369966E-02    0.18432833E+00
    4   -0.15915305E+02    0.52436012E-03    0.18277642E+00
    5   -0.15916770E+02   -0.14647573E-02    0.10572134E+00
    6   -0.15917613E+02   -0.84320193E-03    0.43084679E-01
    7   -0.15917574E+02    0.38690528E-04    0.58840933E-01
    8   -0.15917704E+02   -0.12944226E-03    0.65409804E-02
    9   -0.15917706E+02   -0.27542726E-05    0.70578897E-02
   10   -0.15917709E+02   -0.30612144E-05    0.45572345E-02
   11   -0.15917710E+02   -0.38723533E-06    0.11516314E-02
   12   -0.15917710E+02   -0.72056300E-07    0.29821095E-03
   13   -0.15917710E+02   -0.14767600E-08    0.15804559E-03
   14   -0.15917710E+02   -0.19723156E-08    0.25759540E-04
   15   -0.15917710E+02   -0.24748203E-10    0.27697526E-05
   16   -0.15917710E+02   -0.49737992E-13    0.76226401E-06
>> Charges saved for restart in charges.bin
 
 Total Energy:                     -15.5563342297 H
 Total Mermin free energy:         -15.5563342297 H
