================================================================================
==
==   Density Functional based Tight Binding with a lot of extensions (DFTB+)    
==
==                              Release: 1.2 (p2)
==
==                            (ParserVersion = 4)
==
================================================================================


********************************************************************************
** Parsing and initializing
********************************************************************************

Interpreting input file 'dftb_in.hsd'
--------------------------------------------------------------------------------
WARNING!
-> WriteHSDInput and WriteXMLInput both turned off. You won't eventually be 
 able to obtain the same results with a later version of the code!
Path: dftb_in/ParserOptions
Line: 74-77 (File: dftb_in.hsd)

Reading SK-files:
  /home/andersx/parameters/3ob-3-1/C-C.skf
  /home/andersx/parameters/3ob-3-1/C-N.skf
  /home/andersx/parameters/3ob-3-1/C-H.skf
  /home/andersx/parameters/3ob-3-1/N-C.skf
  /home/andersx/parameters/3ob-3-1/N-N.skf
  /home/andersx/parameters/3ob-3-1/N-H.skf
  /home/andersx/parameters/3ob-3-1/H-C.skf
  /home/andersx/parameters/3ob-3-1/H-N.skf
  /home/andersx/parameters/3ob-3-1/H-H.skf
Done.

Starting initialization...
--------------------------------------------------------------------------------
Mode:                        Static calculation
Self consistent charges:     Yes
SCC-tolerance:                 0.100000E-05
Max. scc iterations:                    100
Ewald alpha parameter:         0.000000E+00
Spin polarisation:           No
Nr. of up electrons:            19.000000
Nr. of down electrons:          19.000000
Periodic boundaries:         No
Diagonalizer:                Divide and Conquer
Mixer:                       Anderson mixer
Mixing parameter:                  0.200000
Maximal SCC-cycles:                     100
Nr. of chrg. vectors to mix:              8
Electronic temperature:        0.100000E-07
Initial charges:             Set automatically (system chrg:   0.000E+00)
Included shells:              C:  s, p
                              N:  s, p
                              H:  s
Full 3rd order correction    Yes
Damped SCC                   Yes
Damped specie(s):            H                                                 
Extra options:
--------------------------------------------------------------------------------
 

********************************************************************************
** Geometry step: 0
********************************************************************************

  iSCC Total electronic   Diff electronic      SCC error    
    1   -0.16577443E+02    0.00000000E+00    0.50478834E+00
    2   -0.16577914E+02   -0.47134368E-03    0.49649331E+00
    3   -0.16588915E+02   -0.11001124E-01    0.13630565E+00
    4   -0.16588805E+02    0.11022670E-03    0.13507246E+00
    5   -0.16589757E+02   -0.95201055E-03    0.32780993E-01
    6   -0.16589775E+02   -0.18389530E-04    0.21575902E-01
    7   -0.16589786E+02   -0.11075854E-04    0.23461680E-01
    8   -0.16589798E+02   -0.11920830E-04    0.34003593E-02
    9   -0.16589799E+02   -0.85122456E-06    0.31042587E-02
   10   -0.16589800E+02   -0.96363322E-06    0.71074537E-03
   11   -0.16589800E+02   -0.54350160E-08    0.35533959E-03
   12   -0.16589800E+02   -0.17261122E-07    0.61800400E-04
   13   -0.16589800E+02   -0.63209882E-10    0.18055248E-04
   14   -0.16589800E+02   -0.25757174E-11    0.16757365E-05
   15   -0.16589800E+02   -0.39079850E-13    0.25156203E-06
>> Charges saved for restart in charges.bin
 
 Total Energy:                     -16.3215883308 H
 Total Mermin free energy:         -16.3215883308 H
