================================================================================
==
==   Density Functional based Tight Binding with a lot of extensions (DFTB+)    
==
==                              Release: 1.2 (p2)
==
==                            (ParserVersion = 4)
==
================================================================================


********************************************************************************
** Parsing and initializing
********************************************************************************

Interpreting input file 'dftb_in.hsd'
--------------------------------------------------------------------------------
WARNING!
-> WriteHSDInput and WriteXMLInput both turned off. You won't eventually be 
 able to obtain the same results with a later version of the code!
Path: dftb_in/ParserOptions
Line: 76-79 (File: dftb_in.hsd)

Reading SK-files:
  /home/andersx/parameters/3ob-3-1/C-C.skf
  /home/andersx/parameters/3ob-3-1/C-N.skf
  /home/andersx/parameters/3ob-3-1/C-H.skf
  /home/andersx/parameters/3ob-3-1/N-C.skf
  /home/andersx/parameters/3ob-3-1/N-N.skf
  /home/andersx/parameters/3ob-3-1/N-H.skf
  /home/andersx/parameters/3ob-3-1/H-C.skf
  /home/andersx/parameters/3ob-3-1/H-N.skf
  /home/andersx/parameters/3ob-3-1/H-H.skf
Done.

Starting initialization...
--------------------------------------------------------------------------------
Mode:                        Static calculation
Self consistent charges:     Yes
SCC-tolerance:                 0.100000E-05
Max. scc iterations:                    100
Ewald alpha parameter:         0.000000E+00
Spin polarisation:           No
Nr. of up electrons:            20.000000
Nr. of down electrons:          20.000000
Periodic boundaries:         No
Diagonalizer:                Divide and Conquer
Mixer:                       Anderson mixer
Mixing parameter:                  0.200000
Maximal SCC-cycles:                     100
Nr. of chrg. vectors to mix:              8
Electronic temperature:        0.100000E-07
Initial charges:             Set automatically (system chrg:   0.000E+00)
Included shells:              C:  s, p
                              N:  s, p
                              H:  s
Full 3rd order correction    Yes
Damped SCC                   Yes
Damped specie(s):            H                                                 
Extra options:
--------------------------------------------------------------------------------
 

********************************************************************************
** Geometry step: 0
********************************************************************************

  iSCC Total electronic   Diff electronic      SCC error    
    1   -0.17240265E+02    0.00000000E+00    0.75559247E+00
    2   -0.17240946E+02   -0.68099511E-03    0.74182246E+00
    3   -0.17255289E+02   -0.14343160E-01    0.20283436E+00
    4   -0.17254949E+02    0.34008663E-03    0.19658094E+00
    5   -0.17255872E+02   -0.92221814E-03    0.12811697E+00
    6   -0.17256414E+02   -0.54222013E-03    0.24163310E-01
    7   -0.17256410E+02    0.40113036E-05    0.37185080E-01
    8   -0.17256453E+02   -0.43134807E-04    0.59973432E-02
    9   -0.17256452E+02    0.62970709E-06    0.49125366E-02
   10   -0.17256453E+02   -0.24953183E-06    0.68606183E-02
   11   -0.17256454E+02   -0.99702318E-06    0.29677320E-03
   12   -0.17256454E+02   -0.54977640E-08    0.15163265E-03
   13   -0.17256454E+02   -0.11677770E-08    0.28536408E-04
   14   -0.17256454E+02   -0.90857100E-10    0.69685140E-05
   15   -0.17256454E+02   -0.20214941E-11    0.68830609E-06
>> Charges saved for restart in charges.bin
 
 Total Energy:                     -17.1007313762 H
 Total Mermin free energy:         -17.1007313762 H
