================================================================================
==
==   Density Functional based Tight Binding with a lot of extensions (DFTB+)    
==
==                              Release: 1.2 (p2)
==
==                            (ParserVersion = 4)
==
================================================================================


********************************************************************************
** Parsing and initializing
********************************************************************************

Interpreting input file 'dftb_in.hsd'
--------------------------------------------------------------------------------
WARNING!
-> WriteHSDInput and WriteXMLInput both turned off. You won't eventually be 
 able to obtain the same results with a later version of the code!
Path: dftb_in/ParserOptions
Line: 78-81 (File: dftb_in.hsd)

Reading SK-files:
  /home/andersx/parameters/3ob-3-1/C-C.skf
  /home/andersx/parameters/3ob-3-1/C-N.skf
  /home/andersx/parameters/3ob-3-1/C-H.skf
  /home/andersx/parameters/3ob-3-1/N-C.skf
  /home/andersx/parameters/3ob-3-1/N-N.skf
  /home/andersx/parameters/3ob-3-1/N-H.skf
  /home/andersx/parameters/3ob-3-1/H-C.skf
  /home/andersx/parameters/3ob-3-1/H-N.skf
  /home/andersx/parameters/3ob-3-1/H-H.skf
Done.

Starting initialization...
--------------------------------------------------------------------------------
Mode:                        Static calculation
Self consistent charges:     Yes
SCC-tolerance:                 0.100000E-05
Max. scc iterations:                    100
Ewald alpha parameter:         0.000000E+00
Spin polarisation:           No
Nr. of up electrons:            21.000000
Nr. of down electrons:          21.000000
Periodic boundaries:         No
Diagonalizer:                Divide and Conquer
Mixer:                       Anderson mixer
Mixing parameter:                  0.200000
Maximal SCC-cycles:                     100
Nr. of chrg. vectors to mix:              8
Electronic temperature:        0.100000E-07
Initial charges:             Set automatically (system chrg:   0.000E+00)
Included shells:              C:  s, p
                              N:  s, p
                              H:  s
Full 3rd order correction    Yes
Damped SCC                   Yes
Damped specie(s):            H                                                 
Extra options:
--------------------------------------------------------------------------------
 

********************************************************************************
** Geometry step: 0
********************************************************************************

  iSCC Total electronic   Diff electronic      SCC error    
    1   -0.17932754E+02    0.00000000E+00    0.59654788E+00
    2   -0.17932864E+02   -0.10989482E-03    0.58938472E+00
    3   -0.17935608E+02   -0.27440073E-02    0.66191489E-01
    4   -0.17935515E+02    0.93274838E-04    0.51362325E-01
    5   -0.17935489E+02    0.25318622E-04    0.10320070E+00
    6   -0.17935770E+02   -0.28060833E-03    0.17004376E-01
    7   -0.17935770E+02   -0.51641976E-07    0.63804647E-02
    8   -0.17935772E+02   -0.17114655E-05    0.34158485E-02
    9   -0.17935774E+02   -0.22596760E-05    0.22772016E-02
   10   -0.17935774E+02    0.46281947E-08    0.25624601E-02
   11   -0.17935774E+02   -0.29272513E-08    0.41186895E-03
   12   -0.17935774E+02   -0.10128154E-07    0.31904943E-03
   13   -0.17935774E+02   -0.11635720E-07    0.29722529E-04
   14   -0.17935774E+02   -0.56061822E-10    0.71240496E-05
   15   -0.17935774E+02   -0.13997692E-11    0.96343939E-06
>> Charges saved for restart in charges.bin
 
 Total Energy:                     -17.8617131713 H
 Total Mermin free energy:         -17.8617131713 H
