================================================================================
==
==   Density Functional based Tight Binding with a lot of extensions (DFTB+)    
==
==                              Release: 1.2 (p2)
==
==                            (ParserVersion = 4)
==
================================================================================


********************************************************************************
** Parsing and initializing
********************************************************************************

Interpreting input file 'dftb_in.hsd'
--------------------------------------------------------------------------------
WARNING!
-> WriteHSDInput and WriteXMLInput both turned off. You won't eventually be 
 able to obtain the same results with a later version of the code!
Path: dftb_in/ParserOptions
Line: 74-77 (File: dftb_in.hsd)

Reading SK-files:
  /home/andersx/parameters/3ob-3-1/C-C.skf
  /home/andersx/parameters/3ob-3-1/C-N.skf
  /home/andersx/parameters/3ob-3-1/C-H.skf
  /home/andersx/parameters/3ob-3-1/N-C.skf
  /home/andersx/parameters/3ob-3-1/N-N.skf
  /home/andersx/parameters/3ob-3-1/N-H.skf
  /home/andersx/parameters/3ob-3-1/H-C.skf
  /home/andersx/parameters/3ob-3-1/H-N.skf
  /home/andersx/parameters/3ob-3-1/H-H.skf
Done.

Starting initialization...
--------------------------------------------------------------------------------
Mode:                        Static calculation
Self consistent charges:     Yes
SCC-tolerance:                 0.100000E-05
Max. scc iterations:                    100
Ewald alpha parameter:         0.000000E+00
Spin polarisation:           No
Nr. of up electrons:            19.000000
Nr. of down electrons:          19.000000
Periodic boundaries:         No
Diagonalizer:                Divide and Conquer
Mixer:                       Anderson mixer
Mixing parameter:                  0.200000
Maximal SCC-cycles:                     100
Nr. of chrg. vectors to mix:              8
Electronic temperature:        0.100000E-07
Initial charges:             Set automatically (system chrg:   0.000E+00)
Included shells:              C:  s, p
                              N:  s, p
                              H:  s
Full 3rd order correction    Yes
Damped SCC                   Yes
Damped specie(s):            H                                                 
Extra options:
--------------------------------------------------------------------------------
 

********************************************************************************
** Geometry step: 0
********************************************************************************

  iSCC Total electronic   Diff electronic      SCC error    
    1   -0.16663355E+02    0.00000000E+00    0.46352733E+00
    2   -0.16663611E+02   -0.25556817E-03    0.45856607E+00
    3   -0.16668677E+02   -0.50665111E-02    0.16142331E+00
    4   -0.16668270E+02    0.40770908E-03    0.16358863E+00
    5   -0.16669493E+02   -0.12233342E-02    0.76405155E-01
    6   -0.16670168E+02   -0.67530943E-03    0.20694088E-01
    7   -0.16670188E+02   -0.20285620E-04    0.31289735E-01
    8   -0.16670239E+02   -0.50919921E-04    0.38487533E-02
    9   -0.16670239E+02    0.73741511E-08    0.16508775E-02
   10   -0.16670240E+02   -0.23388971E-06    0.15179822E-02
   11   -0.16670240E+02   -0.35665202E-07    0.62039290E-03
   12   -0.16670240E+02   -0.34402987E-08    0.39153089E-03
   13   -0.16670240E+02   -0.10890098E-08    0.19854802E-03
   14   -0.16670240E+02   -0.10137562E-08    0.40852270E-04
   15   -0.16670240E+02   -0.71324280E-10    0.28963799E-05
   16   -0.16670240E+02   -0.60396133E-13    0.81570816E-06
>> Charges saved for restart in charges.bin
 
 Total Energy:                     -16.3503967617 H
 Total Mermin free energy:         -16.3503967617 H
