================================================================================
==
==   Density Functional based Tight Binding with a lot of extensions (DFTB+)    
==
==                              Release: 1.2 (p2)
==
==                            (ParserVersion = 4)
==
================================================================================


********************************************************************************
** Parsing and initializing
********************************************************************************

Interpreting input file 'dftb_in.hsd'
--------------------------------------------------------------------------------
WARNING!
-> WriteHSDInput and WriteXMLInput both turned off. You won't eventually be 
 able to obtain the same results with a later version of the code!
Path: dftb_in/ParserOptions
Line: 75-78 (File: dftb_in.hsd)

Reading SK-files:
  /home/andersx/parameters/3ob-3-1/C-C.skf
  /home/andersx/parameters/3ob-3-1/C-N.skf
  /home/andersx/parameters/3ob-3-1/C-H.skf
  /home/andersx/parameters/3ob-3-1/N-C.skf
  /home/andersx/parameters/3ob-3-1/N-N.skf
  /home/andersx/parameters/3ob-3-1/N-H.skf
  /home/andersx/parameters/3ob-3-1/H-C.skf
  /home/andersx/parameters/3ob-3-1/H-N.skf
  /home/andersx/parameters/3ob-3-1/H-H.skf
Done.

Starting initialization...
--------------------------------------------------------------------------------
Mode:                        Static calculation
Self consistent charges:     Yes
SCC-tolerance:                 0.100000E-05
Max. scc iterations:                    100
Ewald alpha parameter:         0.000000E+00
Spin polarisation:           No
Nr. of up electrons:            19.000000
Nr. of down electrons:          19.000000
Periodic boundaries:         No
Diagonalizer:                Divide and Conquer
Mixer:                       Anderson mixer
Mixing parameter:                  0.200000
Maximal SCC-cycles:                     100
Nr. of chrg. vectors to mix:              8
Electronic temperature:        0.100000E-07
Initial charges:             Set automatically (system chrg:   0.000E+00)
Included shells:              C:  s, p
                              N:  s, p
                              H:  s
Full 3rd order correction    Yes
Damped SCC                   Yes
Damped specie(s):            H                                                 
Extra options:
--------------------------------------------------------------------------------
 

********************************************************************************
** Geometry step: 0
********************************************************************************

  iSCC Total electronic   Diff electronic      SCC error    
    1   -0.16196130E+02    0.00000000E+00    0.32285393E+00
    2   -0.16196506E+02   -0.37677104E-03    0.31713505E+00
    3   -0.16204783E+02   -0.82763249E-02    0.10670069E+00
    4   -0.16204578E+02    0.20419248E-03    0.10970159E+00
    5   -0.16205149E+02   -0.57029066E-03    0.55518814E-01
    6   -0.16205391E+02   -0.24267964E-03    0.17688108E-01
    7   -0.16205356E+02    0.34980454E-04    0.21164271E-01
    8   -0.16205423E+02   -0.66583353E-04    0.29242773E-02
    9   -0.16205423E+02    0.37597775E-06    0.23731853E-02
   10   -0.16205424E+02   -0.88672848E-06    0.76559761E-03
   11   -0.16205424E+02   -0.78927052E-08    0.35430104E-03
   12   -0.16205424E+02   -0.10046854E-07    0.91262815E-04
   13   -0.16205424E+02   -0.43314330E-09    0.29920825E-04
   14   -0.16205424E+02   -0.81989526E-10    0.63016713E-05
   15   -0.16205424E+02   -0.51514348E-12    0.11034949E-05
   16   -0.16205424E+02   -0.10658141E-13    0.33474284E-06
>> Charges saved for restart in charges.bin
 
 Total Energy:                     -16.0555402053 H
 Total Mermin free energy:         -16.0555402053 H
