================================================================================
==
==   Density Functional based Tight Binding with a lot of extensions (DFTB+)    
==
==                              Release: 1.2 (p2)
==
==                            (ParserVersion = 4)
==
================================================================================


********************************************************************************
** Parsing and initializing
********************************************************************************

Interpreting input file 'dftb_in.hsd'
--------------------------------------------------------------------------------
WARNING!
-> WriteHSDInput and WriteXMLInput both turned off. You won't eventually be 
 able to obtain the same results with a later version of the code!
Path: dftb_in/ParserOptions
Line: 72-75 (File: dftb_in.hsd)

Reading SK-files:
  /home/andersx/parameters/3ob-3-1/O-O.skf
  /home/andersx/parameters/3ob-3-1/O-C.skf
  /home/andersx/parameters/3ob-3-1/O-H.skf
  /home/andersx/parameters/3ob-3-1/C-O.skf
  /home/andersx/parameters/3ob-3-1/C-C.skf
  /home/andersx/parameters/3ob-3-1/C-H.skf
  /home/andersx/parameters/3ob-3-1/H-O.skf
  /home/andersx/parameters/3ob-3-1/H-C.skf
  /home/andersx/parameters/3ob-3-1/H-H.skf
Done.

Starting initialization...
--------------------------------------------------------------------------------
Mode:                        Static calculation
Self consistent charges:     Yes
SCC-tolerance:                 0.100000E-05
Max. scc iterations:                    100
Ewald alpha parameter:         0.000000E+00
Spin polarisation:           No
Nr. of up electrons:            15.000000
Nr. of down electrons:          15.000000
Periodic boundaries:         No
Diagonalizer:                Divide and Conquer
Mixer:                       Anderson mixer
Mixing parameter:                  0.200000
Maximal SCC-cycles:                     100
Nr. of chrg. vectors to mix:              8
Electronic temperature:        0.100000E-07
Initial charges:             Set automatically (system chrg:   0.000E+00)
Included shells:              O:  s, p
                              C:  s, p
                              H:  s
Full 3rd order correction    Yes
Damped SCC                   Yes
Damped specie(s):            H                                                 
Extra options:
--------------------------------------------------------------------------------
 

********************************************************************************
** Geometry step: 0
********************************************************************************

  iSCC Total electronic   Diff electronic      SCC error    
    1   -0.13108146E+02    0.00000000E+00    0.68382582E+00
    2   -0.13108305E+02   -0.15920025E-03    0.67476966E+00
    3   -0.13112787E+02   -0.44814307E-02    0.59358502E-01
    4   -0.13112739E+02    0.47666935E-04    0.50928683E-01
    5   -0.13112745E+02   -0.53800174E-05    0.95996863E-01
    6   -0.13112877E+02   -0.13264964E-03    0.10374114E-01
    7   -0.13112877E+02    0.60844376E-06    0.80494721E-02
    8   -0.13112878E+02   -0.18644197E-05    0.88097922E-02
    9   -0.13112880E+02   -0.12834991E-05    0.18440771E-02
   10   -0.13112880E+02   -0.10815951E-07    0.15706186E-02
   11   -0.13112880E+02   -0.39128624E-07    0.15698348E-03
   12   -0.13112880E+02   -0.16971473E-08    0.92629704E-04
   13   -0.13112880E+02   -0.82830276E-09    0.25038144E-04
   14   -0.13112880E+02   -0.62598815E-11    0.15258608E-05
   15   -0.13112880E+02   -0.15987212E-13    0.22481853E-06
>> Charges saved for restart in charges.bin
 
 Total Energy:                     -13.1346255395 H
 Total Mermin free energy:         -13.1346255395 H
