================================================================================
==
==   Density Functional based Tight Binding with a lot of extensions (DFTB+)    
==
==                              Release: 1.2 (p2)
==
==                            (ParserVersion = 4)
==
================================================================================


********************************************************************************
** Parsing and initializing
********************************************************************************

Interpreting input file 'dftb_in.hsd'
--------------------------------------------------------------------------------
WARNING!
-> WriteHSDInput and WriteXMLInput both turned off. You won't eventually be 
 able to obtain the same results with a later version of the code!
Path: dftb_in/ParserOptions
Line: 74-77 (File: dftb_in.hsd)

Reading SK-files:
  /home/andersx/parameters/3ob-3-1/C-C.skf
  /home/andersx/parameters/3ob-3-1/C-N.skf
  /home/andersx/parameters/3ob-3-1/C-H.skf
  /home/andersx/parameters/3ob-3-1/N-C.skf
  /home/andersx/parameters/3ob-3-1/N-N.skf
  /home/andersx/parameters/3ob-3-1/N-H.skf
  /home/andersx/parameters/3ob-3-1/H-C.skf
  /home/andersx/parameters/3ob-3-1/H-N.skf
  /home/andersx/parameters/3ob-3-1/H-H.skf
Done.

Starting initialization...
--------------------------------------------------------------------------------
Mode:                        Static calculation
Self consistent charges:     Yes
SCC-tolerance:                 0.100000E-05
Max. scc iterations:                    100
Ewald alpha parameter:         0.000000E+00
Spin polarisation:           No
Nr. of up electrons:            19.000000
Nr. of down electrons:          19.000000
Periodic boundaries:         No
Diagonalizer:                Divide and Conquer
Mixer:                       Anderson mixer
Mixing parameter:                  0.200000
Maximal SCC-cycles:                     100
Nr. of chrg. vectors to mix:              8
Electronic temperature:        0.100000E-07
Initial charges:             Set automatically (system chrg:   0.000E+00)
Included shells:              C:  s, p
                              N:  s, p
                              H:  s
Full 3rd order correction    Yes
Damped SCC                   Yes
Damped specie(s):            H                                                 
Extra options:
--------------------------------------------------------------------------------
 

********************************************************************************
** Geometry step: 0
********************************************************************************

  iSCC Total electronic   Diff electronic      SCC error    
    1   -0.16464907E+02    0.00000000E+00    0.37632639E+00
    2   -0.16465819E+02   -0.91197525E-03    0.36793796E+00
    3   -0.16485359E+02   -0.19539307E-01    0.14007351E+00
    4   -0.16485323E+02    0.35310300E-04    0.13704739E+00
    5   -0.16485477E+02   -0.15368013E-03    0.29411014E-01
    6   -0.16485495E+02   -0.18243486E-04    0.33223738E-01
    7   -0.16485466E+02    0.28758158E-04    0.16885432E-01
    8   -0.16485518E+02   -0.51585328E-04    0.82077078E-03
    9   -0.16485518E+02   -0.11646987E-06    0.43625609E-03
   10   -0.16485518E+02   -0.31683683E-07    0.16398118E-03
   11   -0.16485518E+02   -0.10410446E-08    0.15221681E-04
   12   -0.16485518E+02   -0.79506179E-10    0.49341556E-05
   13   -0.16485518E+02   -0.39790393E-12    0.37868974E-06
>> Charges saved for restart in charges.bin
 
 Total Energy:                     -16.2816571897 H
 Total Mermin free energy:         -16.2816571897 H
