================================================================================
==
==   Density Functional based Tight Binding with a lot of extensions (DFTB+)    
==
==                              Release: 1.2 (p2)
==
==                            (ParserVersion = 4)
==
================================================================================


********************************************************************************
** Parsing and initializing
********************************************************************************

Interpreting input file 'dftb_in.hsd'
--------------------------------------------------------------------------------
WARNING!
-> WriteHSDInput and WriteXMLInput both turned off. You won't eventually be 
 able to obtain the same results with a later version of the code!
Path: dftb_in/ParserOptions
Line: 70-73 (File: dftb_in.hsd)

Reading SK-files:
  /home/andersx/parameters/3ob-3-1/O-O.skf
  /home/andersx/parameters/3ob-3-1/O-C.skf
  /home/andersx/parameters/3ob-3-1/O-H.skf
  /home/andersx/parameters/3ob-3-1/C-O.skf
  /home/andersx/parameters/3ob-3-1/C-C.skf
  /home/andersx/parameters/3ob-3-1/C-H.skf
  /home/andersx/parameters/3ob-3-1/H-O.skf
  /home/andersx/parameters/3ob-3-1/H-C.skf
  /home/andersx/parameters/3ob-3-1/H-H.skf
Done.

Starting initialization...
--------------------------------------------------------------------------------
Mode:                        Static calculation
Self consistent charges:     Yes
SCC-tolerance:                 0.100000E-05
Max. scc iterations:                    100
Ewald alpha parameter:         0.000000E+00
Spin polarisation:           No
Nr. of up electrons:            14.000000
Nr. of down electrons:          14.000000
Periodic boundaries:         No
Diagonalizer:                Divide and Conquer
Mixer:                       Anderson mixer
Mixing parameter:                  0.200000
Maximal SCC-cycles:                     100
Nr. of chrg. vectors to mix:              8
Electronic temperature:        0.100000E-07
Initial charges:             Set automatically (system chrg:   0.000E+00)
Included shells:              O:  s, p
                              C:  s, p
                              H:  s
Full 3rd order correction    Yes
Damped SCC                   Yes
Damped specie(s):            H                                                 
Extra options:
--------------------------------------------------------------------------------
 

********************************************************************************
** Geometry step: 0
********************************************************************************

  iSCC Total electronic   Diff electronic      SCC error    
    1   -0.12410867E+02    0.00000000E+00    0.72376013E+00
    2   -0.12411590E+02   -0.72355564E-03    0.71099391E+00
    3   -0.12429946E+02   -0.18355688E-01    0.84153781E-01
    4   -0.12430073E+02   -0.12755360E-03    0.84581927E-01
    5   -0.12430428E+02   -0.35443685E-03    0.52563688E-02
    6   -0.12430428E+02   -0.36287983E-06    0.42132181E-02
    7   -0.12430429E+02   -0.72876946E-06    0.34085868E-02
    8   -0.12430430E+02   -0.97276386E-06    0.13110939E-02
    9   -0.12430430E+02   -0.36806867E-07    0.64658328E-03
   10   -0.12430430E+02   -0.97990256E-08    0.43951568E-04
   11   -0.12430430E+02   -0.11389645E-09    0.14756568E-04
   12   -0.12430430E+02   -0.13660184E-10    0.26045526E-05
   13   -0.12430430E+02   -0.95923269E-13    0.15677985E-06
>> Charges saved for restart in charges.bin
 
 Total Energy:                     -12.3764950055 H
 Total Mermin free energy:         -12.3764950055 H
