================================================================================
==
==   Density Functional based Tight Binding with a lot of extensions (DFTB+)    
==
==                              Release: 1.2 (p2)
==
==                            (ParserVersion = 4)
==
================================================================================


********************************************************************************
** Parsing and initializing
********************************************************************************

Interpreting input file 'dftb_in.hsd'
--------------------------------------------------------------------------------
WARNING!
-> WriteHSDInput and WriteXMLInput both turned off. You won't eventually be 
 able to obtain the same results with a later version of the code!
Path: dftb_in/ParserOptions
Line: 77-80 (File: dftb_in.hsd)

Reading SK-files:
  /home/andersx/parameters/3ob-3-1/C-C.skf
  /home/andersx/parameters/3ob-3-1/C-N.skf
  /home/andersx/parameters/3ob-3-1/C-H.skf
  /home/andersx/parameters/3ob-3-1/N-C.skf
  /home/andersx/parameters/3ob-3-1/N-N.skf
  /home/andersx/parameters/3ob-3-1/N-H.skf
  /home/andersx/parameters/3ob-3-1/H-C.skf
  /home/andersx/parameters/3ob-3-1/H-N.skf
  /home/andersx/parameters/3ob-3-1/H-H.skf
Done.

Starting initialization...
--------------------------------------------------------------------------------
Mode:                        Static calculation
Self consistent charges:     Yes
SCC-tolerance:                 0.100000E-05
Max. scc iterations:                    100
Ewald alpha parameter:         0.000000E+00
Spin polarisation:           No
Nr. of up electrons:            20.000000
Nr. of down electrons:          20.000000
Periodic boundaries:         No
Diagonalizer:                Divide and Conquer
Mixer:                       Anderson mixer
Mixing parameter:                  0.200000
Maximal SCC-cycles:                     100
Nr. of chrg. vectors to mix:              8
Electronic temperature:        0.100000E-07
Initial charges:             Set automatically (system chrg:   0.000E+00)
Included shells:              C:  s, p
                              N:  s, p
                              H:  s
Full 3rd order correction    Yes
Damped SCC                   Yes
Damped specie(s):            H                                                 
Extra options:
--------------------------------------------------------------------------------
 

********************************************************************************
** Geometry step: 0
********************************************************************************

  iSCC Total electronic   Diff electronic      SCC error    
    1   -0.16752497E+02    0.00000000E+00    0.42591792E+00
    2   -0.16752693E+02   -0.19659595E-03    0.41867965E+00
    3   -0.16757738E+02   -0.50440794E-02    0.95093584E-01
    4   -0.16757650E+02    0.87637973E-04    0.85456449E-01
    5   -0.16757856E+02   -0.20580379E-03    0.68555303E-01
    6   -0.16757951E+02   -0.95720988E-04    0.13037758E-01
    7   -0.16757946E+02    0.51437976E-05    0.18715362E-01
    8   -0.16757972E+02   -0.25817029E-04    0.29267907E-02
    9   -0.16757972E+02    0.31473306E-07    0.21286266E-02
   10   -0.16757972E+02   -0.10492906E-06    0.62518424E-03
   11   -0.16757972E+02   -0.46494755E-08    0.13002492E-03
   12   -0.16757972E+02   -0.72727602E-09    0.13388427E-04
   13   -0.16757972E+02   -0.27956304E-10    0.61245096E-05
   14   -0.16757972E+02   -0.11013412E-11    0.79408340E-06
>> Charges saved for restart in charges.bin
 
 Total Energy:                     -16.7247335605 H
 Total Mermin free energy:         -16.7247335605 H
