================================================================================
==
==   Density Functional based Tight Binding with a lot of extensions (DFTB+)    
==
==                              Release: 1.2 (p2)
==
==                            (ParserVersion = 4)
==
================================================================================


********************************************************************************
** Parsing and initializing
********************************************************************************

Interpreting input file 'dftb_in.hsd'
--------------------------------------------------------------------------------
WARNING!
-> WriteHSDInput and WriteXMLInput both turned off. You won't eventually be 
 able to obtain the same results with a later version of the code!
Path: dftb_in/ParserOptions
Line: 75-78 (File: dftb_in.hsd)

Reading SK-files:
  /home/andersx/parameters/3ob-3-1/C-C.skf
  /home/andersx/parameters/3ob-3-1/C-N.skf
  /home/andersx/parameters/3ob-3-1/C-H.skf
  /home/andersx/parameters/3ob-3-1/N-C.skf
  /home/andersx/parameters/3ob-3-1/N-N.skf
  /home/andersx/parameters/3ob-3-1/N-H.skf
  /home/andersx/parameters/3ob-3-1/H-C.skf
  /home/andersx/parameters/3ob-3-1/H-N.skf
  /home/andersx/parameters/3ob-3-1/H-H.skf
Done.

Starting initialization...
--------------------------------------------------------------------------------
Mode:                        Static calculation
Self consistent charges:     Yes
SCC-tolerance:                 0.100000E-05
Max. scc iterations:                    100
Ewald alpha parameter:         0.000000E+00
Spin polarisation:           No
Nr. of up electrons:            19.000000
Nr. of down electrons:          19.000000
Periodic boundaries:         No
Diagonalizer:                Divide and Conquer
Mixer:                       Anderson mixer
Mixing parameter:                  0.200000
Maximal SCC-cycles:                     100
Nr. of chrg. vectors to mix:              8
Electronic temperature:        0.100000E-07
Initial charges:             Set automatically (system chrg:   0.000E+00)
Included shells:              C:  s, p
                              N:  s, p
                              H:  s
Full 3rd order correction    Yes
Damped SCC                   Yes
Damped specie(s):            H                                                 
Extra options:
--------------------------------------------------------------------------------
 

********************************************************************************
** Geometry step: 0
********************************************************************************

  iSCC Total electronic   Diff electronic      SCC error    
    1   -0.15972694E+02    0.00000000E+00    0.46061997E+00
    2   -0.15972903E+02   -0.20809381E-03    0.45281114E+00
    3   -0.15978543E+02   -0.56399966E-02    0.10569019E+00
    4   -0.15978487E+02    0.55578469E-04    0.91134812E-01
    5   -0.15978436E+02    0.51114991E-04    0.95986299E-01
    6   -0.15978623E+02   -0.18678985E-03    0.10594242E-01
    7   -0.15978623E+02   -0.74443989E-06    0.10054277E-01
    8   -0.15978638E+02   -0.14420542E-04    0.77956505E-02
    9   -0.15978638E+02    0.13319754E-06    0.22929563E-02
   10   -0.15978638E+02   -0.94907534E-07    0.16345333E-02
   11   -0.15978638E+02   -0.53568442E-07    0.30991962E-03
   12   -0.15978638E+02   -0.72504811E-08    0.10512797E-03
   13   -0.15978638E+02   -0.54930283E-10    0.19975716E-04
   14   -0.15978638E+02   -0.39522163E-10    0.14145932E-05
   15   -0.15978638E+02   -0.15987212E-13    0.44623250E-06
>> Charges saved for restart in charges.bin
 
 Total Energy:                     -15.9533774591 H
 Total Mermin free energy:         -15.9533774591 H
