================================================================================
==
==   Density Functional based Tight Binding with a lot of extensions (DFTB+)    
==
==                              Release: 1.2 (p2)
==
==                            (ParserVersion = 4)
==
================================================================================


********************************************************************************
** Parsing and initializing
********************************************************************************

Interpreting input file 'dftb_in.hsd'
--------------------------------------------------------------------------------
WARNING!
-> WriteHSDInput and WriteXMLInput both turned off. You won't eventually be 
 able to obtain the same results with a later version of the code!
Path: dftb_in/ParserOptions
Line: 79-82 (File: dftb_in.hsd)

Reading SK-files:
  /home/andersx/parameters/3ob-3-1/C-C.skf
  /home/andersx/parameters/3ob-3-1/C-N.skf
  /home/andersx/parameters/3ob-3-1/C-H.skf
  /home/andersx/parameters/3ob-3-1/N-C.skf
  /home/andersx/parameters/3ob-3-1/N-N.skf
  /home/andersx/parameters/3ob-3-1/N-H.skf
  /home/andersx/parameters/3ob-3-1/H-C.skf
  /home/andersx/parameters/3ob-3-1/H-N.skf
  /home/andersx/parameters/3ob-3-1/H-H.skf
Done.

Starting initialization...
--------------------------------------------------------------------------------
Mode:                        Static calculation
Self consistent charges:     Yes
SCC-tolerance:                 0.100000E-05
Max. scc iterations:                    100
Ewald alpha parameter:         0.000000E+00
Spin polarisation:           No
Nr. of up electrons:            21.000000
Nr. of down electrons:          21.000000
Periodic boundaries:         No
Diagonalizer:                Divide and Conquer
Mixer:                       Anderson mixer
Mixing parameter:                  0.200000
Maximal SCC-cycles:                     100
Nr. of chrg. vectors to mix:              8
Electronic temperature:        0.100000E-07
Initial charges:             Set automatically (system chrg:   0.000E+00)
Included shells:              C:  s, p
                              N:  s, p
                              H:  s
Full 3rd order correction    Yes
Damped SCC                   Yes
Damped specie(s):            H                                                 
Extra options:
--------------------------------------------------------------------------------
 

********************************************************************************
** Geometry step: 0
********************************************************************************

  iSCC Total electronic   Diff electronic      SCC error    
    1   -0.17465824E+02    0.00000000E+00    0.53646378E+00
    2   -0.17465922E+02   -0.98323281E-04    0.52903495E+00
    3   -0.17468277E+02   -0.23545225E-02    0.80437970E-01
    4   -0.17468154E+02    0.12283508E-03    0.70862015E-01
    5   -0.17468114E+02    0.40088734E-04    0.13848127E+00
    6   -0.17468508E+02   -0.39404123E-03    0.27972234E-01
    7   -0.17468508E+02    0.10765581E-06    0.22656267E-01
    8   -0.17468511E+02   -0.27170120E-05    0.82148492E-02
    9   -0.17468511E+02   -0.69436269E-06    0.93957275E-03
   10   -0.17468511E+02   -0.28578643E-07    0.84436800E-03
   11   -0.17468511E+02   -0.87667843E-07    0.20089233E-03
   12   -0.17468511E+02   -0.11522197E-08    0.11623387E-03
   13   -0.17468511E+02   -0.46572879E-09    0.14624021E-04
   14   -0.17468511E+02   -0.65192296E-11    0.39395468E-05
   15   -0.17468511E+02   -0.14210855E-12    0.60929640E-06
>> Charges saved for restart in charges.bin
 
 Total Energy:                     -17.5460247254 H
 Total Mermin free energy:         -17.5460247254 H
