================================================================================
==
==   Density Functional based Tight Binding with a lot of extensions (DFTB+)    
==
==                              Release: 1.2 (p2)
==
==                            (ParserVersion = 4)
==
================================================================================


********************************************************************************
** Parsing and initializing
********************************************************************************

Interpreting input file 'dftb_in.hsd'
--------------------------------------------------------------------------------
WARNING!
-> WriteHSDInput and WriteXMLInput both turned off. You won't eventually be 
 able to obtain the same results with a later version of the code!
Path: dftb_in/ParserOptions
Line: 74-77 (File: dftb_in.hsd)

Reading SK-files:
  /home/andersx/parameters/3ob-3-1/C-C.skf
  /home/andersx/parameters/3ob-3-1/C-N.skf
  /home/andersx/parameters/3ob-3-1/C-H.skf
  /home/andersx/parameters/3ob-3-1/N-C.skf
  /home/andersx/parameters/3ob-3-1/N-N.skf
  /home/andersx/parameters/3ob-3-1/N-H.skf
  /home/andersx/parameters/3ob-3-1/H-C.skf
  /home/andersx/parameters/3ob-3-1/H-N.skf
  /home/andersx/parameters/3ob-3-1/H-H.skf
Done.

Starting initialization...
--------------------------------------------------------------------------------
Mode:                        Static calculation
Self consistent charges:     Yes
SCC-tolerance:                 0.100000E-05
Max. scc iterations:                    100
Ewald alpha parameter:         0.000000E+00
Spin polarisation:           No
Nr. of up electrons:            19.000000
Nr. of down electrons:          19.000000
Periodic boundaries:         No
Diagonalizer:                Divide and Conquer
Mixer:                       Anderson mixer
Mixing parameter:                  0.200000
Maximal SCC-cycles:                     100
Nr. of chrg. vectors to mix:              8
Electronic temperature:        0.100000E-07
Initial charges:             Set automatically (system chrg:   0.000E+00)
Included shells:              C:  s, p
                              N:  s, p
                              H:  s
Full 3rd order correction    Yes
Damped SCC                   Yes
Damped specie(s):            H                                                 
Extra options:
--------------------------------------------------------------------------------
 

********************************************************************************
** Geometry step: 0
********************************************************************************

  iSCC Total electronic   Diff electronic      SCC error    
    1   -0.16549078E+02    0.00000000E+00    0.58245479E+00
    2   -0.16549701E+02   -0.62217273E-03    0.57037436E+00
    3   -0.16563727E+02   -0.14026469E-01    0.14391957E+00
    4   -0.16563656E+02    0.70799589E-04    0.13387539E+00
    5   -0.16564085E+02   -0.42828448E-03    0.32929394E-01
    6   -0.16564118E+02   -0.33445714E-04    0.19927774E-01
    7   -0.16564119E+02   -0.60961438E-06    0.20058082E-01
    8   -0.16564135E+02   -0.16438831E-04    0.31827322E-02
    9   -0.16564135E+02   -0.40680747E-06    0.16157768E-02
   10   -0.16564136E+02   -0.29814096E-06    0.47615183E-03
   11   -0.16564136E+02   -0.41702606E-08    0.19595493E-03
   12   -0.16564136E+02   -0.28048923E-08    0.20723397E-04
   13   -0.16564136E+02   -0.31040059E-10    0.41728053E-05
   14   -0.16564136E+02   -0.48672177E-12    0.80644229E-06
>> Charges saved for restart in charges.bin
 
 Total Energy:                     -16.3195061461 H
 Total Mermin free energy:         -16.3195061461 H
