================================================================================
==
==   Density Functional based Tight Binding with a lot of extensions (DFTB+)    
==
==                              Release: 1.2 (p2)
==
==                            (ParserVersion = 4)
==
================================================================================


********************************************************************************
** Parsing and initializing
********************************************************************************

Interpreting input file 'dftb_in.hsd'
--------------------------------------------------------------------------------
WARNING!
-> WriteHSDInput and WriteXMLInput both turned off. You won't eventually be 
 able to obtain the same results with a later version of the code!
Path: dftb_in/ParserOptions
Line: 75-78 (File: dftb_in.hsd)

Reading SK-files:
  /home/andersx/parameters/3ob-3-1/C-C.skf
  /home/andersx/parameters/3ob-3-1/C-N.skf
  /home/andersx/parameters/3ob-3-1/C-H.skf
  /home/andersx/parameters/3ob-3-1/N-C.skf
  /home/andersx/parameters/3ob-3-1/N-N.skf
  /home/andersx/parameters/3ob-3-1/N-H.skf
  /home/andersx/parameters/3ob-3-1/H-C.skf
  /home/andersx/parameters/3ob-3-1/H-N.skf
  /home/andersx/parameters/3ob-3-1/H-H.skf
Done.

Starting initialization...
--------------------------------------------------------------------------------
Mode:                        Static calculation
Self consistent charges:     Yes
SCC-tolerance:                 0.100000E-05
Max. scc iterations:                    100
Ewald alpha parameter:         0.000000E+00
Spin polarisation:           No
Nr. of up electrons:            19.000000
Nr. of down electrons:          19.000000
Periodic boundaries:         No
Diagonalizer:                Divide and Conquer
Mixer:                       Anderson mixer
Mixing parameter:                  0.200000
Maximal SCC-cycles:                     100
Nr. of chrg. vectors to mix:              8
Electronic temperature:        0.100000E-07
Initial charges:             Set automatically (system chrg:   0.000E+00)
Included shells:              C:  s, p
                              N:  s, p
                              H:  s
Full 3rd order correction    Yes
Damped SCC                   Yes
Damped specie(s):            H                                                 
Extra options:
--------------------------------------------------------------------------------
 

********************************************************************************
** Geometry step: 0
********************************************************************************

  iSCC Total electronic   Diff electronic      SCC error    
    1   -0.16059430E+02    0.00000000E+00    0.46789890E+00
    2   -0.16059518E+02   -0.87999174E-04    0.46159447E+00
    3   -0.16061946E+02   -0.24289061E-02    0.65026131E-01
    4   -0.16061887E+02    0.59573231E-04    0.56870643E-01
    5   -0.16061918E+02   -0.31628476E-04    0.78731668E-01
    6   -0.16062062E+02   -0.14363394E-03    0.94236255E-02
    7   -0.16062063E+02   -0.52181316E-06    0.50317374E-02
    8   -0.16062066E+02   -0.36933436E-05    0.48969888E-02
    9   -0.16062067E+02   -0.27637338E-06    0.40681058E-02
   10   -0.16062067E+02   -0.20582331E-06    0.17170690E-02
   11   -0.16062067E+02   -0.32798145E-07    0.46480233E-03
   12   -0.16062067E+02   -0.14577576E-07    0.76577440E-04
   13   -0.16062067E+02   -0.13514523E-10    0.32183708E-04
   14   -0.16062067E+02   -0.15645440E-09    0.46761246E-05
   15   -0.16062067E+02   -0.69277917E-12    0.37468505E-06
>> Charges saved for restart in charges.bin
 
 Total Energy:                     -15.9814775123 H
 Total Mermin free energy:         -15.9814775123 H
