================================================================================
==
==   Density Functional based Tight Binding with a lot of extensions (DFTB+)    
==
==                              Release: 1.2 (p2)
==
==                            (ParserVersion = 4)
==
================================================================================


********************************************************************************
** Parsing and initializing
********************************************************************************

Interpreting input file 'dftb_in.hsd'
--------------------------------------------------------------------------------
WARNING!
-> WriteHSDInput and WriteXMLInput both turned off. You won't eventually be 
 able to obtain the same results with a later version of the code!
Path: dftb_in/ParserOptions
Line: 78-81 (File: dftb_in.hsd)

Reading SK-files:
  /home/andersx/parameters/3ob-3-1/C-C.skf
  /home/andersx/parameters/3ob-3-1/C-N.skf
  /home/andersx/parameters/3ob-3-1/C-H.skf
  /home/andersx/parameters/3ob-3-1/N-C.skf
  /home/andersx/parameters/3ob-3-1/N-N.skf
  /home/andersx/parameters/3ob-3-1/N-H.skf
  /home/andersx/parameters/3ob-3-1/H-C.skf
  /home/andersx/parameters/3ob-3-1/H-N.skf
  /home/andersx/parameters/3ob-3-1/H-H.skf
Done.

Starting initialization...
--------------------------------------------------------------------------------
Mode:                        Static calculation
Self consistent charges:     Yes
SCC-tolerance:                 0.100000E-05
Max. scc iterations:                    100
Ewald alpha parameter:         0.000000E+00
Spin polarisation:           No
Nr. of up electrons:            21.000000
Nr. of down electrons:          21.000000
Periodic boundaries:         No
Diagonalizer:                Divide and Conquer
Mixer:                       Anderson mixer
Mixing parameter:                  0.200000
Maximal SCC-cycles:                     100
Nr. of chrg. vectors to mix:              8
Electronic temperature:        0.100000E-07
Initial charges:             Set automatically (system chrg:   0.000E+00)
Included shells:              C:  s, p
                              N:  s, p
                              H:  s
Full 3rd order correction    Yes
Damped SCC                   Yes
Damped specie(s):            H                                                 
Extra options:
--------------------------------------------------------------------------------
 

********************************************************************************
** Geometry step: 0
********************************************************************************

  iSCC Total electronic   Diff electronic      SCC error    
    1   -0.17910801E+02    0.00000000E+00    0.57385465E+00
    2   -0.17910895E+02   -0.93884247E-04    0.56717621E+00
    3   -0.17913222E+02   -0.23273836E-02    0.64175910E-01
    4   -0.17913140E+02    0.82723909E-04    0.60530124E-01
    5   -0.17913137E+02    0.29970300E-05    0.11816407E+00
    6   -0.17913377E+02   -0.24049198E-03    0.20689427E-01
    7   -0.17913377E+02    0.29232563E-07    0.18173360E-01
    8   -0.17913379E+02   -0.15615670E-05    0.77342212E-02
    9   -0.17913380E+02   -0.82247938E-06    0.14631407E-02
   10   -0.17913380E+02   -0.25548804E-07    0.11259958E-02
   11   -0.17913380E+02   -0.61271621E-07    0.13234190E-03
   12   -0.17913380E+02   -0.13929089E-08    0.77295736E-04
   13   -0.17913380E+02   -0.66441430E-09    0.15386017E-04
   14   -0.17913380E+02   -0.65334405E-11    0.38981896E-05
   15   -0.17913380E+02   -0.31974423E-12    0.59671020E-06
>> Charges saved for restart in charges.bin
 
 Total Energy:                     -17.8393279554 H
 Total Mermin free energy:         -17.8393279554 H
