================================================================================
==
==   Density Functional based Tight Binding with a lot of extensions (DFTB+)    
==
==                              Release: 1.2 (p2)
==
==                            (ParserVersion = 4)
==
================================================================================


********************************************************************************
** Parsing and initializing
********************************************************************************

Interpreting input file 'dftb_in.hsd'
--------------------------------------------------------------------------------
WARNING!
-> WriteHSDInput and WriteXMLInput both turned off. You won't eventually be 
 able to obtain the same results with a later version of the code!
Path: dftb_in/ParserOptions
Line: 78-81 (File: dftb_in.hsd)

Reading SK-files:
  /home/andersx/parameters/3ob-3-1/C-C.skf
  /home/andersx/parameters/3ob-3-1/C-N.skf
  /home/andersx/parameters/3ob-3-1/C-H.skf
  /home/andersx/parameters/3ob-3-1/N-C.skf
  /home/andersx/parameters/3ob-3-1/N-N.skf
  /home/andersx/parameters/3ob-3-1/N-H.skf
  /home/andersx/parameters/3ob-3-1/H-C.skf
  /home/andersx/parameters/3ob-3-1/H-N.skf
  /home/andersx/parameters/3ob-3-1/H-H.skf
Done.

Starting initialization...
--------------------------------------------------------------------------------
Mode:                        Static calculation
Self consistent charges:     Yes
SCC-tolerance:                 0.100000E-05
Max. scc iterations:                    100
Ewald alpha parameter:         0.000000E+00
Spin polarisation:           No
Nr. of up electrons:            21.000000
Nr. of down electrons:          21.000000
Periodic boundaries:         No
Diagonalizer:                Divide and Conquer
Mixer:                       Anderson mixer
Mixing parameter:                  0.200000
Maximal SCC-cycles:                     100
Nr. of chrg. vectors to mix:              8
Electronic temperature:        0.100000E-07
Initial charges:             Set automatically (system chrg:   0.000E+00)
Included shells:              C:  s, p
                              N:  s, p
                              H:  s
Full 3rd order correction    Yes
Damped SCC                   Yes
Damped specie(s):            H                                                 
Extra options:
--------------------------------------------------------------------------------
 

********************************************************************************
** Geometry step: 0
********************************************************************************

  iSCC Total electronic   Diff electronic      SCC error    
    1   -0.17926863E+02    0.00000000E+00    0.58853646E+00
    2   -0.17926928E+02   -0.65584467E-04    0.58146593E+00
    3   -0.17928463E+02   -0.15340964E-02    0.58108906E-01
    4   -0.17928389E+02    0.73808239E-04    0.56263635E-01
    5   -0.17928390E+02   -0.11003111E-05    0.45772658E-01
    6   -0.17928617E+02   -0.22667470E-03    0.72110454E-02
    7   -0.17928616E+02    0.10687295E-06    0.61981372E-02
    8   -0.17928617E+02   -0.10341562E-05    0.64508917E-02
    9   -0.17928619E+02   -0.11986449E-05    0.95534416E-03
   10   -0.17928619E+02   -0.47318558E-08    0.10663788E-02
   11   -0.17928619E+02   -0.15000083E-07    0.22141651E-03
   12   -0.17928619E+02   -0.25444784E-08    0.13731784E-03
   13   -0.17928619E+02   -0.96878594E-09    0.23465145E-04
   14   -0.17928619E+02   -0.24655833E-10    0.15607712E-05
   15   -0.17928619E+02   -0.12434498E-12    0.38274168E-06
>> Charges saved for restart in charges.bin
 
 Total Energy:                     -17.8478163107 H
 Total Mermin free energy:         -17.8478163107 H
