================================================================================
==
==   Density Functional based Tight Binding with a lot of extensions (DFTB+)    
==
==                              Release: 1.2 (p2)
==
==                            (ParserVersion = 4)
==
================================================================================


********************************************************************************
** Parsing and initializing
********************************************************************************

Interpreting input file 'dftb_in.hsd'
--------------------------------------------------------------------------------
WARNING!
-> WriteHSDInput and WriteXMLInput both turned off. You won't eventually be 
 able to obtain the same results with a later version of the code!
Path: dftb_in/ParserOptions
Line: 75-78 (File: dftb_in.hsd)

Reading SK-files:
  /home/andersx/parameters/3ob-3-1/C-C.skf
  /home/andersx/parameters/3ob-3-1/C-N.skf
  /home/andersx/parameters/3ob-3-1/C-H.skf
  /home/andersx/parameters/3ob-3-1/N-C.skf
  /home/andersx/parameters/3ob-3-1/N-N.skf
  /home/andersx/parameters/3ob-3-1/N-H.skf
  /home/andersx/parameters/3ob-3-1/H-C.skf
  /home/andersx/parameters/3ob-3-1/H-N.skf
  /home/andersx/parameters/3ob-3-1/H-H.skf
Done.

Starting initialization...
--------------------------------------------------------------------------------
Mode:                        Static calculation
Self consistent charges:     Yes
SCC-tolerance:                 0.100000E-05
Max. scc iterations:                    100
Ewald alpha parameter:         0.000000E+00
Spin polarisation:           No
Nr. of up electrons:            19.000000
Nr. of down electrons:          19.000000
Periodic boundaries:         No
Diagonalizer:                Divide and Conquer
Mixer:                       Anderson mixer
Mixing parameter:                  0.200000
Maximal SCC-cycles:                     100
Nr. of chrg. vectors to mix:              8
Electronic temperature:        0.100000E-07
Initial charges:             Set automatically (system chrg:   0.000E+00)
Included shells:              C:  s, p
                              N:  s, p
                              H:  s
Full 3rd order correction    Yes
Damped SCC                   Yes
Damped specie(s):            H                                                 
Extra options:
--------------------------------------------------------------------------------
 

********************************************************************************
** Geometry step: 0
********************************************************************************

  iSCC Total electronic   Diff electronic      SCC error    
    1   -0.16115968E+02    0.00000000E+00    0.47804806E+00
    2   -0.16116054E+02   -0.85584010E-04    0.47166938E+00
    3   -0.16118229E+02   -0.21749492E-02    0.62165753E-01
    4   -0.16118165E+02    0.63325174E-04    0.51562230E-01
    5   -0.16118320E+02   -0.15515021E-03    0.64916374E-01
    6   -0.16118434E+02   -0.11327390E-03    0.11714202E-01
    7   -0.16118436E+02   -0.19555202E-05    0.20832098E-01
    8   -0.16118441E+02   -0.53186101E-05    0.28545664E-02
    9   -0.16118441E+02    0.12715612E-06    0.18070408E-02
   10   -0.16118441E+02   -0.40439195E-06    0.11304673E-02
   11   -0.16118441E+02   -0.19817502E-07    0.41958581E-03
   12   -0.16118441E+02   -0.32829384E-08    0.60638909E-04
   13   -0.16118441E+02   -0.35946357E-09    0.40067030E-04
   14   -0.16118441E+02   -0.79118934E-10    0.22173382E-05
   15   -0.16118441E+02   -0.19895197E-12    0.31159802E-06
>> Charges saved for restart in charges.bin
 
 Total Energy:                     -16.0008122227 H
 Total Mermin free energy:         -16.0008122227 H
