================================================================================
==
==   Density Functional based Tight Binding with a lot of extensions (DFTB+)    
==
==                              Release: 1.2 (p2)
==
==                            (ParserVersion = 4)
==
================================================================================


********************************************************************************
** Parsing and initializing
********************************************************************************

Interpreting input file 'dftb_in.hsd'
--------------------------------------------------------------------------------
WARNING!
-> WriteHSDInput and WriteXMLInput both turned off. You won't eventually be 
 able to obtain the same results with a later version of the code!
Path: dftb_in/ParserOptions
Line: 78-81 (File: dftb_in.hsd)

Reading SK-files:
  /home/andersx/parameters/3ob-3-1/C-C.skf
  /home/andersx/parameters/3ob-3-1/C-N.skf
  /home/andersx/parameters/3ob-3-1/C-H.skf
  /home/andersx/parameters/3ob-3-1/N-C.skf
  /home/andersx/parameters/3ob-3-1/N-N.skf
  /home/andersx/parameters/3ob-3-1/N-H.skf
  /home/andersx/parameters/3ob-3-1/H-C.skf
  /home/andersx/parameters/3ob-3-1/H-N.skf
  /home/andersx/parameters/3ob-3-1/H-H.skf
Done.

Starting initialization...
--------------------------------------------------------------------------------
Mode:                        Static calculation
Self consistent charges:     Yes
SCC-tolerance:                 0.100000E-05
Max. scc iterations:                    100
Ewald alpha parameter:         0.000000E+00
Spin polarisation:           No
Nr. of up electrons:            21.000000
Nr. of down electrons:          21.000000
Periodic boundaries:         No
Diagonalizer:                Divide and Conquer
Mixer:                       Anderson mixer
Mixing parameter:                  0.200000
Maximal SCC-cycles:                     100
Nr. of chrg. vectors to mix:              8
Electronic temperature:        0.100000E-07
Initial charges:             Set automatically (system chrg:   0.000E+00)
Included shells:              C:  s, p
                              N:  s, p
                              H:  s
Full 3rd order correction    Yes
Damped SCC                   Yes
Damped specie(s):            H                                                 
Extra options:
--------------------------------------------------------------------------------
 

********************************************************************************
** Geometry step: 0
********************************************************************************

  iSCC Total electronic   Diff electronic      SCC error    
    1   -0.17902947E+02    0.00000000E+00    0.58816230E+00
    2   -0.17903079E+02   -0.13212376E-03    0.58102701E+00
    3   -0.17906171E+02   -0.30918955E-02    0.76974063E-01
    4   -0.17906033E+02    0.13821694E-03    0.61658989E-01
    5   -0.17905984E+02    0.48431567E-04    0.12363957E+00
    6   -0.17906413E+02   -0.42837577E-03    0.22905091E-01
    7   -0.17906414E+02   -0.15228248E-05    0.14469845E-01
    8   -0.17906415E+02   -0.80457989E-06    0.84749926E-02
    9   -0.17906416E+02   -0.10444622E-05    0.11168483E-02
   10   -0.17906416E+02   -0.48892847E-07    0.77640261E-03
   11   -0.17906416E+02   -0.94859573E-07    0.16010643E-03
   12   -0.17906416E+02   -0.86393825E-09    0.58558056E-04
   13   -0.17906416E+02   -0.39150905E-09    0.80721046E-05
   14   -0.17906416E+02   -0.12754242E-11    0.28649864E-05
   15   -0.17906416E+02   -0.12079227E-12    0.15900244E-06
>> Charges saved for restart in charges.bin
 
 Total Energy:                     -17.8373940379 H
 Total Mermin free energy:         -17.8373940379 H
