================================================================================
==
==   Density Functional based Tight Binding with a lot of extensions (DFTB+)    
==
==                              Release: 1.2 (p2)
==
==                            (ParserVersion = 4)
==
================================================================================


********************************************************************************
** Parsing and initializing
********************************************************************************

Interpreting input file 'dftb_in.hsd'
--------------------------------------------------------------------------------
WARNING!
-> WriteHSDInput and WriteXMLInput both turned off. You won't eventually be 
 able to obtain the same results with a later version of the code!
Path: dftb_in/ParserOptions
Line: 72-75 (File: dftb_in.hsd)

Reading SK-files:
  /home/andersx/parameters/3ob-3-1/C-C.skf
  /home/andersx/parameters/3ob-3-1/C-N.skf
  /home/andersx/parameters/3ob-3-1/C-H.skf
  /home/andersx/parameters/3ob-3-1/N-C.skf
  /home/andersx/parameters/3ob-3-1/N-N.skf
  /home/andersx/parameters/3ob-3-1/N-H.skf
  /home/andersx/parameters/3ob-3-1/H-C.skf
  /home/andersx/parameters/3ob-3-1/H-N.skf
  /home/andersx/parameters/3ob-3-1/H-H.skf
Done.

Starting initialization...
--------------------------------------------------------------------------------
Mode:                        Static calculation
Self consistent charges:     Yes
SCC-tolerance:                 0.100000E-05
Max. scc iterations:                    100
Ewald alpha parameter:         0.000000E+00
Spin polarisation:           No
Nr. of up electrons:            18.000000
Nr. of down electrons:          18.000000
Periodic boundaries:         No
Diagonalizer:                Divide and Conquer
Mixer:                       Anderson mixer
Mixing parameter:                  0.200000
Maximal SCC-cycles:                     100
Nr. of chrg. vectors to mix:              8
Electronic temperature:        0.100000E-07
Initial charges:             Set automatically (system chrg:   0.000E+00)
Included shells:              C:  s, p
                              N:  s, p
                              H:  s
Full 3rd order correction    Yes
Damped SCC                   Yes
Damped specie(s):            H                                                 
Extra options:
--------------------------------------------------------------------------------
 

********************************************************************************
** Geometry step: 0
********************************************************************************

  iSCC Total electronic   Diff electronic      SCC error    
    1   -0.15719884E+02    0.00000000E+00    0.33828360E+00
    2   -0.15720400E+02   -0.51628924E-03    0.33082536E+00
    3   -0.15731227E+02   -0.10826828E-01    0.19953861E+00
    4   -0.15731171E+02    0.56687884E-04    0.19393745E+00
    5   -0.15731776E+02   -0.60549883E-03    0.33703018E-01
    6   -0.15731742E+02    0.33766912E-04    0.32495921E-01
    7   -0.15731761E+02   -0.18408613E-04    0.19549628E-01
    8   -0.15731823E+02   -0.62035271E-04    0.59080632E-02
    9   -0.15731823E+02   -0.35692607E-06    0.49548549E-02
   10   -0.15731824E+02   -0.76014017E-06    0.30057275E-03
   11   -0.15731824E+02   -0.26803736E-07    0.19382471E-03
   12   -0.15731824E+02   -0.41835886E-08    0.36430745E-04
   13   -0.15731824E+02   -0.97868380E-10    0.84112805E-05
   14   -0.15731824E+02   -0.44462212E-11    0.11668458E-05
   15   -0.15731824E+02   -0.24868996E-13    0.35087379E-06
>> Charges saved for restart in charges.bin
 
 Total Energy:                     -15.4588664473 H
 Total Mermin free energy:         -15.4588664473 H
