================================================================================
==
==   Density Functional based Tight Binding with a lot of extensions (DFTB+)    
==
==                              Release: 1.2 (p2)
==
==                            (ParserVersion = 4)
==
================================================================================


********************************************************************************
** Parsing and initializing
********************************************************************************

Interpreting input file 'dftb_in.hsd'
--------------------------------------------------------------------------------
WARNING!
-> WriteHSDInput and WriteXMLInput both turned off. You won't eventually be 
 able to obtain the same results with a later version of the code!
Path: dftb_in/ParserOptions
Line: 77-80 (File: dftb_in.hsd)

Reading SK-files:
  /home/andersx/parameters/3ob-3-1/C-C.skf
  /home/andersx/parameters/3ob-3-1/C-N.skf
  /home/andersx/parameters/3ob-3-1/C-H.skf
  /home/andersx/parameters/3ob-3-1/N-C.skf
  /home/andersx/parameters/3ob-3-1/N-N.skf
  /home/andersx/parameters/3ob-3-1/N-H.skf
  /home/andersx/parameters/3ob-3-1/H-C.skf
  /home/andersx/parameters/3ob-3-1/H-N.skf
  /home/andersx/parameters/3ob-3-1/H-H.skf
Done.

Starting initialization...
--------------------------------------------------------------------------------
Mode:                        Static calculation
Self consistent charges:     Yes
SCC-tolerance:                 0.100000E-05
Max. scc iterations:                    100
Ewald alpha parameter:         0.000000E+00
Spin polarisation:           No
Nr. of up electrons:            20.000000
Nr. of down electrons:          20.000000
Periodic boundaries:         No
Diagonalizer:                Divide and Conquer
Mixer:                       Anderson mixer
Mixing parameter:                  0.200000
Maximal SCC-cycles:                     100
Nr. of chrg. vectors to mix:              8
Electronic temperature:        0.100000E-07
Initial charges:             Set automatically (system chrg:   0.000E+00)
Included shells:              C:  s, p
                              N:  s, p
                              H:  s
Full 3rd order correction    Yes
Damped SCC                   Yes
Damped specie(s):            H                                                 
Extra options:
--------------------------------------------------------------------------------
 

********************************************************************************
** Geometry step: 0
********************************************************************************

  iSCC Total electronic   Diff electronic      SCC error    
    1   -0.16803984E+02    0.00000000E+00    0.52115630E+00
    2   -0.16804093E+02   -0.10953435E-03    0.51406178E+00
    3   -0.16806946E+02   -0.28521745E-02    0.71214645E-01
    4   -0.16806855E+02    0.90936987E-04    0.58825708E-01
    5   -0.16806877E+02   -0.22114573E-04    0.10472759E+00
    6   -0.16807115E+02   -0.23866734E-03    0.13631708E-01
    7   -0.16807115E+02   -0.16639792E-07    0.13470836E-01
    8   -0.16807118E+02   -0.28512185E-05    0.15494961E-02
    9   -0.16807118E+02   -0.76360482E-07    0.25892997E-02
   10   -0.16807118E+02   -0.29316876E-07    0.22562169E-02
   11   -0.16807118E+02   -0.15458529E-07    0.69822497E-03
   12   -0.16807118E+02   -0.15098959E-07    0.17919923E-03
   13   -0.16807118E+02   -0.87745988E-09    0.46842006E-04
   14   -0.16807118E+02   -0.17575630E-09    0.33382209E-05
   15   -0.16807118E+02   -0.32329694E-12    0.44567423E-06
>> Charges saved for restart in charges.bin
 
 Total Energy:                     -16.7816386287 H
 Total Mermin free energy:         -16.7816386287 H
