================================================================================
==
==   Density Functional based Tight Binding with a lot of extensions (DFTB+)    
==
==                              Release: 1.2 (p2)
==
==                            (ParserVersion = 4)
==
================================================================================


********************************************************************************
** Parsing and initializing
********************************************************************************

Interpreting input file 'dftb_in.hsd'
--------------------------------------------------------------------------------
WARNING!
-> WriteHSDInput and WriteXMLInput both turned off. You won't eventually be 
 able to obtain the same results with a later version of the code!
Path: dftb_in/ParserOptions
Line: 77-80 (File: dftb_in.hsd)

Reading SK-files:
  /home/andersx/parameters/3ob-3-1/C-C.skf
  /home/andersx/parameters/3ob-3-1/C-N.skf
  /home/andersx/parameters/3ob-3-1/C-H.skf
  /home/andersx/parameters/3ob-3-1/N-C.skf
  /home/andersx/parameters/3ob-3-1/N-N.skf
  /home/andersx/parameters/3ob-3-1/N-H.skf
  /home/andersx/parameters/3ob-3-1/H-C.skf
  /home/andersx/parameters/3ob-3-1/H-N.skf
  /home/andersx/parameters/3ob-3-1/H-H.skf
Done.

Starting initialization...
--------------------------------------------------------------------------------
Mode:                        Static calculation
Self consistent charges:     Yes
SCC-tolerance:                 0.100000E-05
Max. scc iterations:                    100
Ewald alpha parameter:         0.000000E+00
Spin polarisation:           No
Nr. of up electrons:            20.000000
Nr. of down electrons:          20.000000
Periodic boundaries:         No
Diagonalizer:                Divide and Conquer
Mixer:                       Anderson mixer
Mixing parameter:                  0.200000
Maximal SCC-cycles:                     100
Nr. of chrg. vectors to mix:              8
Electronic temperature:        0.100000E-07
Initial charges:             Set automatically (system chrg:   0.000E+00)
Included shells:              C:  s, p
                              N:  s, p
                              H:  s
Full 3rd order correction    Yes
Damped SCC                   Yes
Damped specie(s):            H                                                 
Extra options:
--------------------------------------------------------------------------------
 

********************************************************************************
** Geometry step: 0
********************************************************************************

  iSCC Total electronic   Diff electronic      SCC error    
    1   -0.16810706E+02    0.00000000E+00    0.50435862E+00
    2   -0.16810829E+02   -0.12306003E-03    0.49745307E+00
    3   -0.16814131E+02   -0.33021633E-02    0.66186588E-01
    4   -0.16814047E+02    0.84614381E-04    0.61536068E-01
    5   -0.16814058E+02   -0.11619362E-04    0.91877831E-01
    6   -0.16814275E+02   -0.21619292E-03    0.13475027E-01
    7   -0.16814275E+02   -0.38153144E-06    0.83425980E-02
    8   -0.16814281E+02   -0.64434758E-05    0.30160497E-02
    9   -0.16814282E+02   -0.16119489E-06    0.48200091E-02
   10   -0.16814282E+02    0.25863905E-07    0.43464859E-02
   11   -0.16814282E+02   -0.88972275E-07    0.12991744E-02
   12   -0.16814282E+02   -0.50962004E-07    0.34117335E-03
   13   -0.16814282E+02   -0.17903368E-08    0.13595146E-03
   14   -0.16814282E+02   -0.16367352E-08    0.25252774E-04
   15   -0.16814282E+02   -0.14527046E-10    0.50489892E-05
   16   -0.16814282E+02   -0.85265128E-13    0.45854409E-06
>> Charges saved for restart in charges.bin
 
 Total Energy:                     -16.7870809988 H
 Total Mermin free energy:         -16.7870809988 H
