================================================================================
==
==   Density Functional based Tight Binding with a lot of extensions (DFTB+)    
==
==                              Release: 1.2 (p2)
==
==                            (ParserVersion = 4)
==
================================================================================


********************************************************************************
** Parsing and initializing
********************************************************************************

Interpreting input file 'dftb_in.hsd'
--------------------------------------------------------------------------------
WARNING!
-> WriteHSDInput and WriteXMLInput both turned off. You won't eventually be 
 able to obtain the same results with a later version of the code!
Path: dftb_in/ParserOptions
Line: 82-85 (File: dftb_in.hsd)

Reading SK-files:
  /home/andersx/parameters/3ob-3-1/C-C.skf
  /home/andersx/parameters/3ob-3-1/C-N.skf
  /home/andersx/parameters/3ob-3-1/C-O.skf
  /home/andersx/parameters/3ob-3-1/C-H.skf
  /home/andersx/parameters/3ob-3-1/N-C.skf
  /home/andersx/parameters/3ob-3-1/N-N.skf
  /home/andersx/parameters/3ob-3-1/N-O.skf
  /home/andersx/parameters/3ob-3-1/N-H.skf
  /home/andersx/parameters/3ob-3-1/O-C.skf
  /home/andersx/parameters/3ob-3-1/O-N.skf
  /home/andersx/parameters/3ob-3-1/O-O.skf
  /home/andersx/parameters/3ob-3-1/O-H.skf
  /home/andersx/parameters/3ob-3-1/H-C.skf
  /home/andersx/parameters/3ob-3-1/H-N.skf
  /home/andersx/parameters/3ob-3-1/H-O.skf
  /home/andersx/parameters/3ob-3-1/H-H.skf
Done.

Starting initialization...
--------------------------------------------------------------------------------
Mode:                        Static calculation
Self consistent charges:     Yes
SCC-tolerance:                 0.100000E-05
Max. scc iterations:                    100
Ewald alpha parameter:         0.000000E+00
Spin polarisation:           No
Nr. of up electrons:            16.000000
Nr. of down electrons:          16.000000
Periodic boundaries:         No
Diagonalizer:                Divide and Conquer
Mixer:                       Anderson mixer
Mixing parameter:                  0.200000
Maximal SCC-cycles:                     100
Nr. of chrg. vectors to mix:              8
Electronic temperature:        0.100000E-07
Initial charges:             Set automatically (system chrg:   0.000E+00)
Included shells:              C:  s, p
                              N:  s, p
                              O:  s, p
                              H:  s
Full 3rd order correction    Yes
Damped SCC                   Yes
Damped specie(s):            H                                                 
Extra options:
--------------------------------------------------------------------------------
 

********************************************************************************
** Geometry step: 0
********************************************************************************

  iSCC Total electronic   Diff electronic      SCC error    
    1   -0.14296853E+02    0.00000000E+00    0.68386928E+00
    2   -0.14297004E+02   -0.15187413E-03    0.67488540E+00
    3   -0.14301137E+02   -0.41329179E-02    0.63307113E-01
    4   -0.14301075E+02    0.62583763E-04    0.50251409E-01
    5   -0.14301058E+02    0.16427623E-04    0.11872796E+00
    6   -0.14301240E+02   -0.18151071E-03    0.17805940E-01
    7   -0.14301240E+02    0.31140938E-06    0.93073528E-02
    8   -0.14301241E+02   -0.14238156E-05    0.87398360E-02
    9   -0.14301242E+02   -0.79150193E-06    0.12391393E-02
   10   -0.14301242E+02   -0.12811702E-07    0.11151299E-02
   11   -0.14301242E+02   -0.40349065E-07    0.16063721E-03
   12   -0.14301242E+02   -0.46824589E-09    0.11600885E-03
   13   -0.14301242E+02   -0.18780355E-09    0.10231611E-04
   14   -0.14301242E+02   -0.17264412E-10    0.14587381E-05
   15   -0.14301242E+02   -0.12789769E-12    0.42890269E-06
>> Charges saved for restart in charges.bin
 
 Total Energy:                     -14.2326907720 H
 Total Mermin free energy:         -14.2326907720 H
