================================================================================
==
==   Density Functional based Tight Binding with a lot of extensions (DFTB+)    
==
==                              Release: 1.2 (p2)
==
==                            (ParserVersion = 4)
==
================================================================================


********************************************************************************
** Parsing and initializing
********************************************************************************

Interpreting input file 'dftb_in.hsd'
--------------------------------------------------------------------------------
WARNING!
-> WriteHSDInput and WriteXMLInput both turned off. You won't eventually be 
 able to obtain the same results with a later version of the code!
Path: dftb_in/ParserOptions
Line: 74-77 (File: dftb_in.hsd)

Reading SK-files:
  /home/andersx/parameters/3ob-3-1/C-C.skf
  /home/andersx/parameters/3ob-3-1/C-N.skf
  /home/andersx/parameters/3ob-3-1/C-H.skf
  /home/andersx/parameters/3ob-3-1/N-C.skf
  /home/andersx/parameters/3ob-3-1/N-N.skf
  /home/andersx/parameters/3ob-3-1/N-H.skf
  /home/andersx/parameters/3ob-3-1/H-C.skf
  /home/andersx/parameters/3ob-3-1/H-N.skf
  /home/andersx/parameters/3ob-3-1/H-H.skf
Done.

Starting initialization...
--------------------------------------------------------------------------------
Mode:                        Static calculation
Self consistent charges:     Yes
SCC-tolerance:                 0.100000E-05
Max. scc iterations:                    100
Ewald alpha parameter:         0.000000E+00
Spin polarisation:           No
Nr. of up electrons:            19.000000
Nr. of down electrons:          19.000000
Periodic boundaries:         No
Diagonalizer:                Divide and Conquer
Mixer:                       Anderson mixer
Mixing parameter:                  0.200000
Maximal SCC-cycles:                     100
Nr. of chrg. vectors to mix:              8
Electronic temperature:        0.100000E-07
Initial charges:             Set automatically (system chrg:   0.000E+00)
Included shells:              C:  s, p
                              N:  s, p
                              H:  s
Full 3rd order correction    Yes
Damped SCC                   Yes
Damped specie(s):            H                                                 
Extra options:
--------------------------------------------------------------------------------
 

********************************************************************************
** Geometry step: 0
********************************************************************************

  iSCC Total electronic   Diff electronic      SCC error    
    1   -0.16574934E+02    0.00000000E+00    0.71297755E+00
    2   -0.16575602E+02   -0.66769296E-03    0.69994070E+00
    3   -0.16589699E+02   -0.14096992E-01    0.18344621E+00
    4   -0.16589432E+02    0.26653476E-03    0.18203977E+00
    5   -0.16590769E+02   -0.13369473E-02    0.85128163E-01
    6   -0.16590966E+02   -0.19743316E-03    0.18693989E-01
    7   -0.16590939E+02    0.27819673E-04    0.19295410E-01
    8   -0.16590990E+02   -0.51498941E-04    0.69600808E-02
    9   -0.16590991E+02   -0.12482651E-05    0.39696820E-02
   10   -0.16590991E+02   -0.11064853E-06    0.36867264E-02
   11   -0.16590992E+02   -0.50618363E-06    0.69377660E-03
   12   -0.16590992E+02   -0.12637450E-07    0.58107902E-03
   13   -0.16590992E+02   -0.26564578E-07    0.10264148E-03
   14   -0.16590992E+02   -0.23210447E-08    0.43424647E-04
   15   -0.16590992E+02   -0.48086335E-09    0.64857537E-05
   16   -0.16590992E+02   -0.52935434E-12    0.18345560E-05
   17   -0.16590992E+02   -0.74606987E-13    0.25320357E-06
>> Charges saved for restart in charges.bin
 
 Total Energy:                     -16.3293760676 H
 Total Mermin free energy:         -16.3293760676 H
