================================================================================
==
==   Density Functional based Tight Binding with a lot of extensions (DFTB+)    
==
==                              Release: 1.2 (p2)
==
==                            (ParserVersion = 4)
==
================================================================================


********************************************************************************
** Parsing and initializing
********************************************************************************

Interpreting input file 'dftb_in.hsd'
--------------------------------------------------------------------------------
WARNING!
-> WriteHSDInput and WriteXMLInput both turned off. You won't eventually be 
 able to obtain the same results with a later version of the code!
Path: dftb_in/ParserOptions
Line: 76-79 (File: dftb_in.hsd)

Reading SK-files:
  /home/andersx/parameters/3ob-3-1/C-C.skf
  /home/andersx/parameters/3ob-3-1/C-N.skf
  /home/andersx/parameters/3ob-3-1/C-H.skf
  /home/andersx/parameters/3ob-3-1/N-C.skf
  /home/andersx/parameters/3ob-3-1/N-N.skf
  /home/andersx/parameters/3ob-3-1/N-H.skf
  /home/andersx/parameters/3ob-3-1/H-C.skf
  /home/andersx/parameters/3ob-3-1/H-N.skf
  /home/andersx/parameters/3ob-3-1/H-H.skf
Done.

Starting initialization...
--------------------------------------------------------------------------------
Mode:                        Static calculation
Self consistent charges:     Yes
SCC-tolerance:                 0.100000E-05
Max. scc iterations:                    100
Ewald alpha parameter:         0.000000E+00
Spin polarisation:           No
Nr. of up electrons:            20.000000
Nr. of down electrons:          20.000000
Periodic boundaries:         No
Diagonalizer:                Divide and Conquer
Mixer:                       Anderson mixer
Mixing parameter:                  0.200000
Maximal SCC-cycles:                     100
Nr. of chrg. vectors to mix:              8
Electronic temperature:        0.100000E-07
Initial charges:             Set automatically (system chrg:   0.000E+00)
Included shells:              C:  s, p
                              N:  s, p
                              H:  s
Full 3rd order correction    Yes
Damped SCC                   Yes
Damped specie(s):            H                                                 
Extra options:
--------------------------------------------------------------------------------
 

********************************************************************************
** Geometry step: 0
********************************************************************************

  iSCC Total electronic   Diff electronic      SCC error    
    1   -0.17222320E+02    0.00000000E+00    0.35240590E+00
    2   -0.17222564E+02   -0.24422209E-03    0.34585071E+00
    3   -0.17228282E+02   -0.57179494E-02    0.96756825E-01
    4   -0.17228135E+02    0.14721999E-03    0.87117072E-01
    5   -0.17228363E+02   -0.22799751E-03    0.78200166E-01
    6   -0.17228680E+02   -0.31754487E-03    0.26215737E-01
    7   -0.17228639E+02    0.41780621E-04    0.32826997E-01
    8   -0.17228719E+02   -0.80395840E-04    0.56671983E-02
    9   -0.17228721E+02   -0.14264681E-05    0.28662600E-02
   10   -0.17228721E+02   -0.17412386E-06    0.32433155E-03
   11   -0.17228721E+02   -0.31013734E-08    0.96736943E-04
   12   -0.17228721E+02   -0.10937384E-08    0.22878714E-04
   13   -0.17228721E+02   -0.64765970E-11    0.84327518E-05
   14   -0.17228721E+02   -0.11617374E-11    0.40607513E-06
>> Charges saved for restart in charges.bin
 
 Total Energy:                     -17.0624779000 H
 Total Mermin free energy:         -17.0624779000 H
