================================================================================
==
==   Density Functional based Tight Binding with a lot of extensions (DFTB+)    
==
==                              Release: 1.2 (p2)
==
==                            (ParserVersion = 4)
==
================================================================================


********************************************************************************
** Parsing and initializing
********************************************************************************

Interpreting input file 'dftb_in.hsd'
--------------------------------------------------------------------------------
WARNING!
-> WriteHSDInput and WriteXMLInput both turned off. You won't eventually be 
 able to obtain the same results with a later version of the code!
Path: dftb_in/ParserOptions
Line: 74-77 (File: dftb_in.hsd)

Reading SK-files:
  /home/andersx/parameters/3ob-3-1/C-C.skf
  /home/andersx/parameters/3ob-3-1/C-N.skf
  /home/andersx/parameters/3ob-3-1/C-H.skf
  /home/andersx/parameters/3ob-3-1/N-C.skf
  /home/andersx/parameters/3ob-3-1/N-N.skf
  /home/andersx/parameters/3ob-3-1/N-H.skf
  /home/andersx/parameters/3ob-3-1/H-C.skf
  /home/andersx/parameters/3ob-3-1/H-N.skf
  /home/andersx/parameters/3ob-3-1/H-H.skf
Done.

Starting initialization...
--------------------------------------------------------------------------------
Mode:                        Static calculation
Self consistent charges:     Yes
SCC-tolerance:                 0.100000E-05
Max. scc iterations:                    100
Ewald alpha parameter:         0.000000E+00
Spin polarisation:           No
Nr. of up electrons:            19.000000
Nr. of down electrons:          19.000000
Periodic boundaries:         No
Diagonalizer:                Divide and Conquer
Mixer:                       Anderson mixer
Mixing parameter:                  0.200000
Maximal SCC-cycles:                     100
Nr. of chrg. vectors to mix:              8
Electronic temperature:        0.100000E-07
Initial charges:             Set automatically (system chrg:   0.000E+00)
Included shells:              C:  s, p
                              N:  s, p
                              H:  s
Full 3rd order correction    Yes
Damped SCC                   Yes
Damped specie(s):            H                                                 
Extra options:
--------------------------------------------------------------------------------
 

********************************************************************************
** Geometry step: 0
********************************************************************************

  iSCC Total electronic   Diff electronic      SCC error    
    1   -0.16542831E+02    0.00000000E+00    0.27954896E+00
    2   -0.16543024E+02   -0.19279745E-03    0.27468575E+00
    3   -0.16547534E+02   -0.45097607E-02    0.76877923E-01
    4   -0.16547433E+02    0.10098114E-03    0.70651223E-01
    5   -0.16548099E+02   -0.66660307E-03    0.29775576E-01
    6   -0.16548147E+02   -0.48142970E-04    0.23660251E-01
    7   -0.16548157E+02   -0.95427834E-05    0.22922203E-01
    8   -0.16548164E+02   -0.72319009E-05    0.32235859E-02
    9   -0.16548164E+02   -0.93460713E-07    0.25372687E-02
   10   -0.16548164E+02   -0.16880906E-06    0.31397547E-03
   11   -0.16548164E+02   -0.22762094E-07    0.19990763E-03
   12   -0.16548164E+02   -0.26750726E-08    0.52779044E-04
   13   -0.16548164E+02   -0.16240875E-09    0.11139539E-04
   14   -0.16548164E+02   -0.40962789E-11    0.41627921E-05
   15   -0.16548164E+02   -0.58975047E-12    0.18739844E-06
>> Charges saved for restart in charges.bin
 
 Total Energy:                     -16.2763627068 H
 Total Mermin free energy:         -16.2763627068 H
