================================================================================
==
==   Density Functional based Tight Binding with a lot of extensions (DFTB+)    
==
==                              Release: 1.2 (p2)
==
==                            (ParserVersion = 4)
==
================================================================================


********************************************************************************
** Parsing and initializing
********************************************************************************

Interpreting input file 'dftb_in.hsd'
--------------------------------------------------------------------------------
WARNING!
-> WriteHSDInput and WriteXMLInput both turned off. You won't eventually be 
 able to obtain the same results with a later version of the code!
Path: dftb_in/ParserOptions
Line: 80-83 (File: dftb_in.hsd)

Reading SK-files:
  /home/andersx/parameters/3ob-3-1/C-C.skf
  /home/andersx/parameters/3ob-3-1/C-O.skf
  /home/andersx/parameters/3ob-3-1/C-N.skf
  /home/andersx/parameters/3ob-3-1/C-H.skf
  /home/andersx/parameters/3ob-3-1/O-C.skf
  /home/andersx/parameters/3ob-3-1/O-O.skf
  /home/andersx/parameters/3ob-3-1/O-N.skf
  /home/andersx/parameters/3ob-3-1/O-H.skf
  /home/andersx/parameters/3ob-3-1/N-C.skf
  /home/andersx/parameters/3ob-3-1/N-O.skf
  /home/andersx/parameters/3ob-3-1/N-N.skf
  /home/andersx/parameters/3ob-3-1/N-H.skf
  /home/andersx/parameters/3ob-3-1/H-C.skf
  /home/andersx/parameters/3ob-3-1/H-O.skf
  /home/andersx/parameters/3ob-3-1/H-N.skf
  /home/andersx/parameters/3ob-3-1/H-H.skf
Done.

Starting initialization...
--------------------------------------------------------------------------------
Mode:                        Static calculation
Self consistent charges:     Yes
SCC-tolerance:                 0.100000E-05
Max. scc iterations:                    100
Ewald alpha parameter:         0.000000E+00
Spin polarisation:           No
Nr. of up electrons:            15.000000
Nr. of down electrons:          15.000000
Periodic boundaries:         No
Diagonalizer:                Divide and Conquer
Mixer:                       Anderson mixer
Mixing parameter:                  0.200000
Maximal SCC-cycles:                     100
Nr. of chrg. vectors to mix:              8
Electronic temperature:        0.100000E-07
Initial charges:             Set automatically (system chrg:   0.000E+00)
Included shells:              C:  s, p
                              O:  s, p
                              N:  s, p
                              H:  s
Full 3rd order correction    Yes
Damped SCC                   Yes
Damped specie(s):            H                                                 
Extra options:
--------------------------------------------------------------------------------
 

********************************************************************************
** Geometry step: 0
********************************************************************************

  iSCC Total electronic   Diff electronic      SCC error    
    1   -0.13506301E+02    0.00000000E+00    0.36911563E+00
    2   -0.13506619E+02   -0.31838456E-03    0.36280487E+00
    3   -0.13514328E+02   -0.77086607E-02    0.14367993E+00
    4   -0.13514313E+02    0.14840526E-04    0.14248675E+00
    5   -0.13514711E+02   -0.39818496E-03    0.16686994E-01
    6   -0.13514711E+02    0.11942874E-06    0.15714557E-01
    7   -0.13514718E+02   -0.69253575E-05    0.74954641E-02
    8   -0.13514722E+02   -0.37996813E-05    0.15274298E-02
    9   -0.13514722E+02   -0.12619696E-06    0.78755856E-03
   10   -0.13514722E+02   -0.68310921E-07    0.25873714E-03
   11   -0.13514722E+02   -0.19821229E-08    0.19631955E-04
   12   -0.13514722E+02   -0.28729019E-10    0.50607988E-05
   13   -0.13514722E+02   -0.10320633E-11    0.24425562E-06
>> Charges saved for restart in charges.bin
 
 Total Energy:                     -13.3876453601 H
 Total Mermin free energy:         -13.3876453601 H
