================================================================================
==
==   Density Functional based Tight Binding with a lot of extensions (DFTB+)    
==
==                              Release: 1.2 (p2)
==
==                            (ParserVersion = 4)
==
================================================================================


********************************************************************************
** Parsing and initializing
********************************************************************************

Interpreting input file 'dftb_in.hsd'
--------------------------------------------------------------------------------
WARNING!
-> WriteHSDInput and WriteXMLInput both turned off. You won't eventually be 
 able to obtain the same results with a later version of the code!
Path: dftb_in/ParserOptions
Line: 79-82 (File: dftb_in.hsd)

Reading SK-files:
  /home/andersx/parameters/3ob-3-1/C-C.skf
  /home/andersx/parameters/3ob-3-1/C-N.skf
  /home/andersx/parameters/3ob-3-1/C-H.skf
  /home/andersx/parameters/3ob-3-1/N-C.skf
  /home/andersx/parameters/3ob-3-1/N-N.skf
  /home/andersx/parameters/3ob-3-1/N-H.skf
  /home/andersx/parameters/3ob-3-1/H-C.skf
  /home/andersx/parameters/3ob-3-1/H-N.skf
  /home/andersx/parameters/3ob-3-1/H-H.skf
Done.

Starting initialization...
--------------------------------------------------------------------------------
Mode:                        Static calculation
Self consistent charges:     Yes
SCC-tolerance:                 0.100000E-05
Max. scc iterations:                    100
Ewald alpha parameter:         0.000000E+00
Spin polarisation:           No
Nr. of up electrons:            21.000000
Nr. of down electrons:          21.000000
Periodic boundaries:         No
Diagonalizer:                Divide and Conquer
Mixer:                       Anderson mixer
Mixing parameter:                  0.200000
Maximal SCC-cycles:                     100
Nr. of chrg. vectors to mix:              8
Electronic temperature:        0.100000E-07
Initial charges:             Set automatically (system chrg:   0.000E+00)
Included shells:              C:  s, p
                              N:  s, p
                              H:  s
Full 3rd order correction    Yes
Damped SCC                   Yes
Damped specie(s):            H                                                 
Extra options:
--------------------------------------------------------------------------------
 

********************************************************************************
** Geometry step: 0
********************************************************************************

  iSCC Total electronic   Diff electronic      SCC error    
    1   -0.17485063E+02    0.00000000E+00    0.45902716E+00
    2   -0.17485137E+02   -0.73727368E-04    0.45284514E+00
    3   -0.17486850E+02   -0.17134004E-02    0.10145450E+00
    4   -0.17486730E+02    0.12035341E-03    0.95453838E-01
    5   -0.17486758E+02   -0.27938389E-04    0.94095427E-01
    6   -0.17487121E+02   -0.36339088E-03    0.17588415E-01
    7   -0.17487122E+02   -0.64785437E-06    0.10275865E-01
    8   -0.17487124E+02   -0.19725798E-05    0.62067544E-02
    9   -0.17487124E+02   -0.40532485E-06    0.83135747E-03
   10   -0.17487124E+02   -0.43999506E-08    0.57869896E-03
   11   -0.17487125E+02   -0.24928003E-07    0.50721089E-04
   12   -0.17487125E+02   -0.21318414E-09    0.33474542E-04
   13   -0.17487125E+02   -0.95877084E-10    0.31940751E-05
   14   -0.17487125E+02   -0.29487524E-12    0.55123598E-06
>> Charges saved for restart in charges.bin
 
 Total Energy:                     -17.5309623574 H
 Total Mermin free energy:         -17.5309623574 H
