================================================================================
==
==   Density Functional based Tight Binding with a lot of extensions (DFTB+)    
==
==                              Release: 1.2 (p2)
==
==                            (ParserVersion = 4)
==
================================================================================


********************************************************************************
** Parsing and initializing
********************************************************************************

Interpreting input file 'dftb_in.hsd'
--------------------------------------------------------------------------------
WARNING!
-> WriteHSDInput and WriteXMLInput both turned off. You won't eventually be 
 able to obtain the same results with a later version of the code!
Path: dftb_in/ParserOptions
Line: 73-76 (File: dftb_in.hsd)

Reading SK-files:
  /home/andersx/parameters/3ob-3-1/C-C.skf
  /home/andersx/parameters/3ob-3-1/C-N.skf
  /home/andersx/parameters/3ob-3-1/C-H.skf
  /home/andersx/parameters/3ob-3-1/N-C.skf
  /home/andersx/parameters/3ob-3-1/N-N.skf
  /home/andersx/parameters/3ob-3-1/N-H.skf
  /home/andersx/parameters/3ob-3-1/H-C.skf
  /home/andersx/parameters/3ob-3-1/H-N.skf
  /home/andersx/parameters/3ob-3-1/H-H.skf
Done.

Starting initialization...
--------------------------------------------------------------------------------
Mode:                        Static calculation
Self consistent charges:     Yes
SCC-tolerance:                 0.100000E-05
Max. scc iterations:                    100
Ewald alpha parameter:         0.000000E+00
Spin polarisation:           No
Nr. of up electrons:            18.000000
Nr. of down electrons:          18.000000
Periodic boundaries:         No
Diagonalizer:                Divide and Conquer
Mixer:                       Anderson mixer
Mixing parameter:                  0.200000
Maximal SCC-cycles:                     100
Nr. of chrg. vectors to mix:              8
Electronic temperature:        0.100000E-07
Initial charges:             Set automatically (system chrg:   0.000E+00)
Included shells:              C:  s, p
                              N:  s, p
                              H:  s
Full 3rd order correction    Yes
Damped SCC                   Yes
Damped specie(s):            H                                                 
Extra options:
--------------------------------------------------------------------------------
 

********************************************************************************
** Geometry step: 0
********************************************************************************

  iSCC Total electronic   Diff electronic      SCC error    
    1   -0.15494329E+02    0.00000000E+00    0.34889894E+00
    2   -0.15494821E+02   -0.49140238E-03    0.34422764E+00
    3   -0.15504988E+02   -0.10167136E-01    0.11032242E+00
    4   -0.15504788E+02    0.19952875E-03    0.11402021E+00
    5   -0.15505709E+02   -0.92100790E-03    0.42823451E-01
    6   -0.15505837E+02   -0.12761276E-03    0.19718351E-01
    7   -0.15505825E+02    0.11658875E-04    0.24889493E-01
    8   -0.15505855E+02   -0.29449881E-04    0.27833413E-02
    9   -0.15505854E+02    0.24969319E-06    0.22283770E-02
   10   -0.15505856E+02   -0.11775830E-05    0.47126976E-03
   11   -0.15505856E+02   -0.22396396E-07    0.30574129E-03
   12   -0.15505856E+02   -0.25664821E-08    0.61269489E-04
   13   -0.15505856E+02   -0.38095749E-09    0.61940698E-05
   14   -0.15505856E+02   -0.31636915E-11    0.43427881E-05
   15   -0.15505856E+02   -0.10658141E-12    0.43552304E-06
>> Charges saved for restart in charges.bin
 
 Total Energy:                     -15.2615755780 H
 Total Mermin free energy:         -15.2615755780 H
