================================================================================
==
==   Density Functional based Tight Binding with a lot of extensions (DFTB+)    
==
==                              Release: 1.2 (p2)
==
==                            (ParserVersion = 4)
==
================================================================================


********************************************************************************
** Parsing and initializing
********************************************************************************

Interpreting input file 'dftb_in.hsd'
--------------------------------------------------------------------------------
WARNING!
-> WriteHSDInput and WriteXMLInput both turned off. You won't eventually be 
 able to obtain the same results with a later version of the code!
Path: dftb_in/ParserOptions
Line: 70-73 (File: dftb_in.hsd)

Reading SK-files:
  /home/andersx/parameters/3ob-3-1/C-C.skf
  /home/andersx/parameters/3ob-3-1/C-N.skf
  /home/andersx/parameters/3ob-3-1/C-H.skf
  /home/andersx/parameters/3ob-3-1/N-C.skf
  /home/andersx/parameters/3ob-3-1/N-N.skf
  /home/andersx/parameters/3ob-3-1/N-H.skf
  /home/andersx/parameters/3ob-3-1/H-C.skf
  /home/andersx/parameters/3ob-3-1/H-N.skf
  /home/andersx/parameters/3ob-3-1/H-H.skf
Done.

Starting initialization...
--------------------------------------------------------------------------------
Mode:                        Static calculation
Self consistent charges:     Yes
SCC-tolerance:                 0.100000E-05
Max. scc iterations:                    100
Ewald alpha parameter:         0.000000E+00
Spin polarisation:           No
Nr. of up electrons:            17.000000
Nr. of down electrons:          17.000000
Periodic boundaries:         No
Diagonalizer:                Divide and Conquer
Mixer:                       Anderson mixer
Mixing parameter:                  0.200000
Maximal SCC-cycles:                     100
Nr. of chrg. vectors to mix:              8
Electronic temperature:        0.100000E-07
Initial charges:             Set automatically (system chrg:   0.000E+00)
Included shells:              C:  s, p
                              N:  s, p
                              H:  s
Full 3rd order correction    Yes
Damped SCC                   Yes
Damped specie(s):            H                                                 
Extra options:
--------------------------------------------------------------------------------
 

********************************************************************************
** Geometry step: 0
********************************************************************************

  iSCC Total electronic   Diff electronic      SCC error    
    1   -0.15226194E+02    0.00000000E+00    0.44968743E+00
    2   -0.15226744E+02   -0.55098393E-03    0.44221524E+00
    3   -0.15238535E+02   -0.11790755E-01    0.14533743E+00
    4   -0.15238409E+02    0.12583145E-03    0.14214938E+00
    5   -0.15240074E+02   -0.16643938E-02    0.23994561E-01
    6   -0.15240081E+02   -0.75849796E-05    0.22125195E-01
    7   -0.15240109E+02   -0.27562594E-04    0.15217044E-01
    8   -0.15240116E+02   -0.73701612E-05    0.50164982E-02
    9   -0.15240116E+02   -0.34264062E-07    0.46483332E-02
   10   -0.15240117E+02   -0.42143009E-06    0.10109424E-02
   11   -0.15240117E+02   -0.38098268E-07    0.58934781E-03
   12   -0.15240117E+02   -0.24459466E-07    0.14204677E-03
   13   -0.15240117E+02   -0.92059871E-09    0.86617493E-04
   14   -0.15240117E+02   -0.30768810E-09    0.67027620E-05
   15   -0.15240117E+02   -0.17141844E-11    0.20673715E-05
   16   -0.15240117E+02   -0.90594199E-13    0.32290648E-06
>> Charges saved for restart in charges.bin
 
 Total Energy:                     -14.7338864856 H
 Total Mermin free energy:         -14.7338864856 H
