================================================================================
==
==   Density Functional based Tight Binding with a lot of extensions (DFTB+)    
==
==                              Release: 1.2 (p2)
==
==                            (ParserVersion = 4)
==
================================================================================


********************************************************************************
** Parsing and initializing
********************************************************************************

Interpreting input file 'dftb_in.hsd'
--------------------------------------------------------------------------------
WARNING!
-> WriteHSDInput and WriteXMLInput both turned off. You won't eventually be 
 able to obtain the same results with a later version of the code!
Path: dftb_in/ParserOptions
Line: 76-79 (File: dftb_in.hsd)

Reading SK-files:
  /home/andersx/parameters/3ob-3-1/C-C.skf
  /home/andersx/parameters/3ob-3-1/C-N.skf
  /home/andersx/parameters/3ob-3-1/C-H.skf
  /home/andersx/parameters/3ob-3-1/N-C.skf
  /home/andersx/parameters/3ob-3-1/N-N.skf
  /home/andersx/parameters/3ob-3-1/N-H.skf
  /home/andersx/parameters/3ob-3-1/H-C.skf
  /home/andersx/parameters/3ob-3-1/H-N.skf
  /home/andersx/parameters/3ob-3-1/H-H.skf
Done.

Starting initialization...
--------------------------------------------------------------------------------
Mode:                        Static calculation
Self consistent charges:     Yes
SCC-tolerance:                 0.100000E-05
Max. scc iterations:                    100
Ewald alpha parameter:         0.000000E+00
Spin polarisation:           No
Nr. of up electrons:            20.000000
Nr. of down electrons:          20.000000
Periodic boundaries:         No
Diagonalizer:                Divide and Conquer
Mixer:                       Anderson mixer
Mixing parameter:                  0.200000
Maximal SCC-cycles:                     100
Nr. of chrg. vectors to mix:              8
Electronic temperature:        0.100000E-07
Initial charges:             Set automatically (system chrg:   0.000E+00)
Included shells:              C:  s, p
                              N:  s, p
                              H:  s
Full 3rd order correction    Yes
Damped SCC                   Yes
Damped specie(s):            H                                                 
Extra options:
--------------------------------------------------------------------------------
 

********************************************************************************
** Geometry step: 0
********************************************************************************

  iSCC Total electronic   Diff electronic      SCC error    
    1   -0.17235551E+02    0.00000000E+00    0.70523143E+00
    2   -0.17236088E+02   -0.53711815E-03    0.69245284E+00
    3   -0.17247970E+02   -0.11881820E-01    0.17082345E+00
    4   -0.17247735E+02    0.23459837E-03    0.16150152E+00
    5   -0.17248267E+02   -0.53212871E-03    0.11924174E+00
    6   -0.17248711E+02   -0.44365192E-03    0.17143487E-01
    7   -0.17248699E+02    0.12159110E-04    0.17589814E-01
    8   -0.17248731E+02   -0.31871935E-04    0.92745132E-02
    9   -0.17248732E+02   -0.15684422E-05    0.26972867E-02
   10   -0.17248732E+02   -0.64008180E-07    0.22092012E-02
   11   -0.17248733E+02   -0.13618134E-06    0.21004149E-03
   12   -0.17248733E+02   -0.56254237E-08    0.12899821E-03
   13   -0.17248733E+02   -0.20579698E-08    0.26992946E-04
   14   -0.17248733E+02   -0.35786485E-10    0.28505169E-05
   15   -0.17248733E+02   -0.88817842E-13    0.32347646E-06
>> Charges saved for restart in charges.bin
 
 Total Energy:                     -17.0997237021 H
 Total Mermin free energy:         -17.0997237021 H
