================================================================================
==
==   Density Functional based Tight Binding with a lot of extensions (DFTB+)    
==
==                              Release: 1.2 (p2)
==
==                            (ParserVersion = 4)
==
================================================================================


********************************************************************************
** Parsing and initializing
********************************************************************************

Interpreting input file 'dftb_in.hsd'
--------------------------------------------------------------------------------
WARNING!
-> WriteHSDInput and WriteXMLInput both turned off. You won't eventually be 
 able to obtain the same results with a later version of the code!
Path: dftb_in/ParserOptions
Line: 72-75 (File: dftb_in.hsd)

Reading SK-files:
  /home/andersx/parameters/3ob-3-1/C-C.skf
  /home/andersx/parameters/3ob-3-1/C-N.skf
  /home/andersx/parameters/3ob-3-1/C-H.skf
  /home/andersx/parameters/3ob-3-1/N-C.skf
  /home/andersx/parameters/3ob-3-1/N-N.skf
  /home/andersx/parameters/3ob-3-1/N-H.skf
  /home/andersx/parameters/3ob-3-1/H-C.skf
  /home/andersx/parameters/3ob-3-1/H-N.skf
  /home/andersx/parameters/3ob-3-1/H-H.skf
Done.

Starting initialization...
--------------------------------------------------------------------------------
Mode:                        Static calculation
Self consistent charges:     Yes
SCC-tolerance:                 0.100000E-05
Max. scc iterations:                    100
Ewald alpha parameter:         0.000000E+00
Spin polarisation:           No
Nr. of up electrons:            18.000000
Nr. of down electrons:          18.000000
Periodic boundaries:         No
Diagonalizer:                Divide and Conquer
Mixer:                       Anderson mixer
Mixing parameter:                  0.200000
Maximal SCC-cycles:                     100
Nr. of chrg. vectors to mix:              8
Electronic temperature:        0.100000E-07
Initial charges:             Set automatically (system chrg:   0.000E+00)
Included shells:              C:  s, p
                              N:  s, p
                              H:  s
Full 3rd order correction    Yes
Damped SCC                   Yes
Damped specie(s):            H                                                 
Extra options:
--------------------------------------------------------------------------------
 

********************************************************************************
** Geometry step: 0
********************************************************************************

  iSCC Total electronic   Diff electronic      SCC error    
    1   -0.15900245E+02    0.00000000E+00    0.62819612E+00
    2   -0.15901435E+02   -0.11900875E-02    0.61613297E+00
    3   -0.15925561E+02   -0.24125583E-01    0.15874837E+00
    4   -0.15925290E+02    0.27024785E-03    0.16012212E+00
    5   -0.15926276E+02   -0.98573583E-03    0.62153586E-01
    6   -0.15926508E+02   -0.23146331E-03    0.28369369E-01
    7   -0.15926503E+02    0.44301786E-05    0.33571120E-01
    8   -0.15926540E+02   -0.37283968E-04    0.30023961E-02
    9   -0.15926541E+02   -0.33842890E-06    0.34033536E-02
   10   -0.15926542E+02   -0.15296328E-05    0.15673792E-02
   11   -0.15926542E+02   -0.13588534E-06    0.82303536E-03
   12   -0.15926542E+02   -0.28645623E-07    0.26394316E-03
   13   -0.15926542E+02   -0.48254076E-08    0.14317455E-03
   14   -0.15926542E+02   -0.10412045E-08    0.98470321E-05
   15   -0.15926542E+02   -0.17550406E-11    0.34210649E-05
   16   -0.15926542E+02   -0.10835777E-12    0.29492335E-06
>> Charges saved for restart in charges.bin
 
 Total Energy:                     -15.5664906139 H
 Total Mermin free energy:         -15.5664906139 H
