================================================================================
==
==   Density Functional based Tight Binding with a lot of extensions (DFTB+)    
==
==                              Release: 1.2 (p2)
==
==                            (ParserVersion = 4)
==
================================================================================


********************************************************************************
** Parsing and initializing
********************************************************************************

Interpreting input file 'dftb_in.hsd'
--------------------------------------------------------------------------------
WARNING!
-> WriteHSDInput and WriteXMLInput both turned off. You won't eventually be 
 able to obtain the same results with a later version of the code!
Path: dftb_in/ParserOptions
Line: 79-82 (File: dftb_in.hsd)

Reading SK-files:
  /home/andersx/parameters/3ob-3-1/C-C.skf
  /home/andersx/parameters/3ob-3-1/C-N.skf
  /home/andersx/parameters/3ob-3-1/C-H.skf
  /home/andersx/parameters/3ob-3-1/N-C.skf
  /home/andersx/parameters/3ob-3-1/N-N.skf
  /home/andersx/parameters/3ob-3-1/N-H.skf
  /home/andersx/parameters/3ob-3-1/H-C.skf
  /home/andersx/parameters/3ob-3-1/H-N.skf
  /home/andersx/parameters/3ob-3-1/H-H.skf
Done.

Starting initialization...
--------------------------------------------------------------------------------
Mode:                        Static calculation
Self consistent charges:     Yes
SCC-tolerance:                 0.100000E-05
Max. scc iterations:                    100
Ewald alpha parameter:         0.000000E+00
Spin polarisation:           No
Nr. of up electrons:            21.000000
Nr. of down electrons:          21.000000
Periodic boundaries:         No
Diagonalizer:                Divide and Conquer
Mixer:                       Anderson mixer
Mixing parameter:                  0.200000
Maximal SCC-cycles:                     100
Nr. of chrg. vectors to mix:              8
Electronic temperature:        0.100000E-07
Initial charges:             Set automatically (system chrg:   0.000E+00)
Included shells:              C:  s, p
                              N:  s, p
                              H:  s
Full 3rd order correction    Yes
Damped SCC                   Yes
Damped specie(s):            H                                                 
Extra options:
--------------------------------------------------------------------------------
 

********************************************************************************
** Geometry step: 0
********************************************************************************

  iSCC Total electronic   Diff electronic      SCC error    
    1   -0.17473697E+02    0.00000000E+00    0.56780007E+00
    2   -0.17473811E+02   -0.11444060E-03    0.55958695E+00
    3   -0.17476708E+02   -0.28971073E-02    0.66991970E-01
    4   -0.17476634E+02    0.74272428E-04    0.53435003E-01
    5   -0.17476575E+02    0.58991094E-04    0.12474307E+00
    6   -0.17476819E+02   -0.24437052E-03    0.17266310E-01
    7   -0.17476817E+02    0.27554885E-05    0.71195644E-02
    8   -0.17476819E+02   -0.27533146E-05    0.72422383E-02
    9   -0.17476822E+02   -0.22169355E-05    0.21253122E-02
   10   -0.17476822E+02   -0.16544725E-07    0.22134760E-02
   11   -0.17476822E+02   -0.61118463E-07    0.53430050E-03
   12   -0.17476822E+02   -0.53858464E-08    0.40643312E-03
   13   -0.17476822E+02   -0.27340725E-08    0.40179224E-04
   14   -0.17476822E+02   -0.97610808E-10    0.53898779E-05
   15   -0.17476822E+02   -0.27355895E-12    0.10379565E-05
   16   -0.17476822E+02   -0.71054274E-13    0.15100555E-06
>> Charges saved for restart in charges.bin
 
 Total Energy:                     -17.5330446147 H
 Total Mermin free energy:         -17.5330446147 H
