================================================================================
==
==   Density Functional based Tight Binding with a lot of extensions (DFTB+)    
==
==                              Release: 1.2 (p2)
==
==                            (ParserVersion = 4)
==
================================================================================


********************************************************************************
** Parsing and initializing
********************************************************************************

Interpreting input file 'dftb_in.hsd'
--------------------------------------------------------------------------------
WARNING!
-> WriteHSDInput and WriteXMLInput both turned off. You won't eventually be 
 able to obtain the same results with a later version of the code!
Path: dftb_in/ParserOptions
Line: 71-74 (File: dftb_in.hsd)

Reading SK-files:
  /home/andersx/parameters/3ob-3-1/C-C.skf
  /home/andersx/parameters/3ob-3-1/C-N.skf
  /home/andersx/parameters/3ob-3-1/C-H.skf
  /home/andersx/parameters/3ob-3-1/N-C.skf
  /home/andersx/parameters/3ob-3-1/N-N.skf
  /home/andersx/parameters/3ob-3-1/N-H.skf
  /home/andersx/parameters/3ob-3-1/H-C.skf
  /home/andersx/parameters/3ob-3-1/H-N.skf
  /home/andersx/parameters/3ob-3-1/H-H.skf
Done.

Starting initialization...
--------------------------------------------------------------------------------
Mode:                        Static calculation
Self consistent charges:     Yes
SCC-tolerance:                 0.100000E-05
Max. scc iterations:                    100
Ewald alpha parameter:         0.000000E+00
Spin polarisation:           No
Nr. of up electrons:            17.000000
Nr. of down electrons:          17.000000
Periodic boundaries:         No
Diagonalizer:                Divide and Conquer
Mixer:                       Anderson mixer
Mixing parameter:                  0.200000
Maximal SCC-cycles:                     100
Nr. of chrg. vectors to mix:              8
Electronic temperature:        0.100000E-07
Initial charges:             Set automatically (system chrg:   0.000E+00)
Included shells:              C:  s, p
                              N:  s, p
                              H:  s
Full 3rd order correction    Yes
Damped SCC                   Yes
Damped specie(s):            H                                                 
Extra options:
--------------------------------------------------------------------------------
 

********************************************************************************
** Geometry step: 0
********************************************************************************

  iSCC Total electronic   Diff electronic      SCC error    
    1   -0.14747703E+02    0.00000000E+00    0.51606362E+00
    2   -0.14747850E+02   -0.14702373E-03    0.50875184E+00
    3   -0.14751961E+02   -0.41112600E-02    0.44374289E-01
    4   -0.14751927E+02    0.33874244E-04    0.39551043E-01
    5   -0.14752144E+02   -0.21689646E-03    0.31851100E-01
    6   -0.14752199E+02   -0.54552771E-04    0.21053998E-01
    7   -0.14752191E+02    0.74356995E-05    0.25959541E-01
    8   -0.14752212E+02   -0.20829913E-04    0.45300256E-02
    9   -0.14752212E+02   -0.14143022E-06    0.35529644E-02
   10   -0.14752212E+02   -0.21534539E-06    0.98287237E-03
   11   -0.14752212E+02   -0.15312123E-07    0.28653632E-03
   12   -0.14752212E+02   -0.62617360E-08    0.62812617E-04
   13   -0.14752212E+02   -0.16751933E-09    0.22158620E-04
   14   -0.14752212E+02   -0.19570123E-10    0.18886572E-05
   15   -0.14752212E+02   -0.87041485E-13    0.21075741E-06
>> Charges saved for restart in charges.bin
 
 Total Energy:                     -14.3482269523 H
 Total Mermin free energy:         -14.3482269523 H
