================================================================================
==
==   Density Functional based Tight Binding with a lot of extensions (DFTB+)    
==
==                              Release: 1.2 (p2)
==
==                            (ParserVersion = 4)
==
================================================================================


********************************************************************************
** Parsing and initializing
********************************************************************************

Interpreting input file 'dftb_in.hsd'
--------------------------------------------------------------------------------
WARNING!
-> WriteHSDInput and WriteXMLInput both turned off. You won't eventually be 
 able to obtain the same results with a later version of the code!
Path: dftb_in/ParserOptions
Line: 79-82 (File: dftb_in.hsd)

Reading SK-files:
  /home/andersx/parameters/3ob-3-1/C-C.skf
  /home/andersx/parameters/3ob-3-1/C-N.skf
  /home/andersx/parameters/3ob-3-1/C-H.skf
  /home/andersx/parameters/3ob-3-1/N-C.skf
  /home/andersx/parameters/3ob-3-1/N-N.skf
  /home/andersx/parameters/3ob-3-1/N-H.skf
  /home/andersx/parameters/3ob-3-1/H-C.skf
  /home/andersx/parameters/3ob-3-1/H-N.skf
  /home/andersx/parameters/3ob-3-1/H-H.skf
Done.

Starting initialization...
--------------------------------------------------------------------------------
Mode:                        Static calculation
Self consistent charges:     Yes
SCC-tolerance:                 0.100000E-05
Max. scc iterations:                    100
Ewald alpha parameter:         0.000000E+00
Spin polarisation:           No
Nr. of up electrons:            21.000000
Nr. of down electrons:          21.000000
Periodic boundaries:         No
Diagonalizer:                Divide and Conquer
Mixer:                       Anderson mixer
Mixing parameter:                  0.200000
Maximal SCC-cycles:                     100
Nr. of chrg. vectors to mix:              8
Electronic temperature:        0.100000E-07
Initial charges:             Set automatically (system chrg:   0.000E+00)
Included shells:              C:  s, p
                              N:  s, p
                              H:  s
Full 3rd order correction    Yes
Damped SCC                   Yes
Damped specie(s):            H                                                 
Extra options:
--------------------------------------------------------------------------------
 

********************************************************************************
** Geometry step: 0
********************************************************************************

  iSCC Total electronic   Diff electronic      SCC error    
    1   -0.17484410E+02    0.00000000E+00    0.60326081E+00
    2   -0.17484453E+02   -0.42591480E-04    0.59597848E+00
    3   -0.17485499E+02   -0.10466778E-02    0.83730612E-01
    4   -0.17485440E+02    0.58801541E-04    0.75609629E-01
    5   -0.17485471E+02   -0.30913235E-04    0.10641653E+00
    6   -0.17485588E+02   -0.11666281E-03    0.97737580E-02
    7   -0.17485588E+02   -0.13948407E-06    0.83001594E-02
    8   -0.17485589E+02   -0.12796145E-05    0.34263859E-02
    9   -0.17485589E+02    0.43726480E-08    0.59948694E-03
   10   -0.17485590E+02   -0.29345916E-07    0.15733402E-02
   11   -0.17485590E+02   -0.85066283E-08    0.92550631E-04
   12   -0.17485590E+02   -0.68115114E-09    0.72786050E-04
   13   -0.17485590E+02   -0.14086865E-09    0.88950564E-05
   14   -0.17485590E+02   -0.59614536E-11    0.85416466E-06
>> Charges saved for restart in charges.bin
 
 Total Energy:                     -17.5522585916 H
 Total Mermin free energy:         -17.5522585916 H
