================================================================================
==
==   Density Functional based Tight Binding with a lot of extensions (DFTB+)    
==
==                              Release: 1.2 (p2)
==
==                            (ParserVersion = 4)
==
================================================================================


********************************************************************************
** Parsing and initializing
********************************************************************************

Interpreting input file 'dftb_in.hsd'
--------------------------------------------------------------------------------
WARNING!
-> WriteHSDInput and WriteXMLInput both turned off. You won't eventually be 
 able to obtain the same results with a later version of the code!
Path: dftb_in/ParserOptions
Line: 74-77 (File: dftb_in.hsd)

Reading SK-files:
  /home/andersx/parameters/3ob-3-1/C-C.skf
  /home/andersx/parameters/3ob-3-1/C-N.skf
  /home/andersx/parameters/3ob-3-1/C-H.skf
  /home/andersx/parameters/3ob-3-1/N-C.skf
  /home/andersx/parameters/3ob-3-1/N-N.skf
  /home/andersx/parameters/3ob-3-1/N-H.skf
  /home/andersx/parameters/3ob-3-1/H-C.skf
  /home/andersx/parameters/3ob-3-1/H-N.skf
  /home/andersx/parameters/3ob-3-1/H-H.skf
Done.

Starting initialization...
--------------------------------------------------------------------------------
Mode:                        Static calculation
Self consistent charges:     Yes
SCC-tolerance:                 0.100000E-05
Max. scc iterations:                    100
Ewald alpha parameter:         0.000000E+00
Spin polarisation:           No
Nr. of up electrons:            19.000000
Nr. of down electrons:          19.000000
Periodic boundaries:         No
Diagonalizer:                Divide and Conquer
Mixer:                       Anderson mixer
Mixing parameter:                  0.200000
Maximal SCC-cycles:                     100
Nr. of chrg. vectors to mix:              8
Electronic temperature:        0.100000E-07
Initial charges:             Set automatically (system chrg:   0.000E+00)
Included shells:              C:  s, p
                              N:  s, p
                              H:  s
Full 3rd order correction    Yes
Damped SCC                   Yes
Damped specie(s):            H                                                 
Extra options:
--------------------------------------------------------------------------------
 

********************************************************************************
** Geometry step: 0
********************************************************************************

  iSCC Total electronic   Diff electronic      SCC error    
    1   -0.16545905E+02    0.00000000E+00    0.72777478E+00
    2   -0.16546486E+02   -0.58134028E-03    0.71435693E+00
    3   -0.16557229E+02   -0.10742466E-01    0.17504747E+00
    4   -0.16556871E+02    0.35746169E-03    0.16600325E+00
    5   -0.16558562E+02   -0.16906836E-02    0.10419373E+00
    6   -0.16558957E+02   -0.39500983E-03    0.31104850E-01
    7   -0.16558868E+02    0.89498636E-04    0.31664302E-01
    8   -0.16558979E+02   -0.11157278E-03    0.72586279E-02
    9   -0.16558984E+02   -0.44902729E-05    0.48282041E-02
   10   -0.16558984E+02   -0.33219370E-06    0.45294209E-02
   11   -0.16558985E+02   -0.59353295E-06    0.66259019E-03
   12   -0.16558985E+02   -0.27137805E-07    0.49330586E-03
   13   -0.16558985E+02   -0.13331277E-07    0.57908846E-04
   14   -0.16558985E+02   -0.13316637E-09    0.13617081E-04
   15   -0.16558985E+02   -0.49418247E-11    0.15618994E-05
   16   -0.16558985E+02   -0.56843419E-13    0.19962294E-06
>> Charges saved for restart in charges.bin
 
 Total Energy:                     -16.3182797577 H
 Total Mermin free energy:         -16.3182797577 H
