================================================================================
==
==   Density Functional based Tight Binding with a lot of extensions (DFTB+)    
==
==                              Release: 1.2 (p2)
==
==                            (ParserVersion = 4)
==
================================================================================


********************************************************************************
** Parsing and initializing
********************************************************************************

Interpreting input file 'dftb_in.hsd'
--------------------------------------------------------------------------------
WARNING!
-> WriteHSDInput and WriteXMLInput both turned off. You won't eventually be 
 able to obtain the same results with a later version of the code!
Path: dftb_in/ParserOptions
Line: 74-77 (File: dftb_in.hsd)

Reading SK-files:
  /home/andersx/parameters/3ob-3-1/C-C.skf
  /home/andersx/parameters/3ob-3-1/C-N.skf
  /home/andersx/parameters/3ob-3-1/C-H.skf
  /home/andersx/parameters/3ob-3-1/N-C.skf
  /home/andersx/parameters/3ob-3-1/N-N.skf
  /home/andersx/parameters/3ob-3-1/N-H.skf
  /home/andersx/parameters/3ob-3-1/H-C.skf
  /home/andersx/parameters/3ob-3-1/H-N.skf
  /home/andersx/parameters/3ob-3-1/H-H.skf
Done.

Starting initialization...
--------------------------------------------------------------------------------
Mode:                        Static calculation
Self consistent charges:     Yes
SCC-tolerance:                 0.100000E-05
Max. scc iterations:                    100
Ewald alpha parameter:         0.000000E+00
Spin polarisation:           No
Nr. of up electrons:            19.000000
Nr. of down electrons:          19.000000
Periodic boundaries:         No
Diagonalizer:                Divide and Conquer
Mixer:                       Anderson mixer
Mixing parameter:                  0.200000
Maximal SCC-cycles:                     100
Nr. of chrg. vectors to mix:              8
Electronic temperature:        0.100000E-07
Initial charges:             Set automatically (system chrg:   0.000E+00)
Included shells:              C:  s, p
                              N:  s, p
                              H:  s
Full 3rd order correction    Yes
Damped SCC                   Yes
Damped specie(s):            H                                                 
Extra options:
--------------------------------------------------------------------------------
 

********************************************************************************
** Geometry step: 0
********************************************************************************

  iSCC Total electronic   Diff electronic      SCC error    
    1   -0.16524302E+02    0.00000000E+00    0.32535809E+00
    2   -0.16524482E+02   -0.17973281E-03    0.31932187E+00
    3   -0.16528157E+02   -0.36750845E-02    0.13017248E+00
    4   -0.16527989E+02    0.16832509E-03    0.11945350E+00
    5   -0.16528773E+02   -0.78461703E-03    0.65922323E-01
    6   -0.16528942E+02   -0.16869068E-03    0.14398971E-01
    7   -0.16528950E+02   -0.83341034E-05    0.17372572E-01
    8   -0.16528988E+02   -0.37661155E-04    0.22448477E-02
    9   -0.16528988E+02   -0.21375040E-06    0.18961635E-02
   10   -0.16528989E+02   -0.38680817E-06    0.10383519E-02
   11   -0.16528989E+02   -0.12729182E-06    0.58548605E-03
   12   -0.16528989E+02   -0.23846788E-07    0.15443462E-03
   13   -0.16528989E+02   -0.10103065E-08    0.85957770E-04
   14   -0.16528989E+02   -0.35712588E-09    0.95278009E-05
   15   -0.16528989E+02   -0.92050811E-11    0.20733002E-05
   16   -0.16528989E+02   -0.88817842E-13    0.33184919E-06
>> Charges saved for restart in charges.bin
 
 Total Energy:                     -16.2763405151 H
 Total Mermin free energy:         -16.2763405151 H
