================================================================================
==
==   Density Functional based Tight Binding with a lot of extensions (DFTB+)    
==
==                              Release: 1.2 (p2)
==
==                            (ParserVersion = 4)
==
================================================================================


********************************************************************************
** Parsing and initializing
********************************************************************************

Interpreting input file 'dftb_in.hsd'
--------------------------------------------------------------------------------
WARNING!
-> WriteHSDInput and WriteXMLInput both turned off. You won't eventually be 
 able to obtain the same results with a later version of the code!
Path: dftb_in/ParserOptions
Line: 80-83 (File: dftb_in.hsd)

Reading SK-files:
  /home/andersx/parameters/3ob-3-1/N-N.skf
  /home/andersx/parameters/3ob-3-1/N-C.skf
  /home/andersx/parameters/3ob-3-1/N-O.skf
  /home/andersx/parameters/3ob-3-1/N-H.skf
  /home/andersx/parameters/3ob-3-1/C-N.skf
  /home/andersx/parameters/3ob-3-1/C-C.skf
  /home/andersx/parameters/3ob-3-1/C-O.skf
  /home/andersx/parameters/3ob-3-1/C-H.skf
  /home/andersx/parameters/3ob-3-1/O-N.skf
  /home/andersx/parameters/3ob-3-1/O-C.skf
  /home/andersx/parameters/3ob-3-1/O-O.skf
  /home/andersx/parameters/3ob-3-1/O-H.skf
  /home/andersx/parameters/3ob-3-1/H-N.skf
  /home/andersx/parameters/3ob-3-1/H-C.skf
  /home/andersx/parameters/3ob-3-1/H-O.skf
  /home/andersx/parameters/3ob-3-1/H-H.skf
Done.

Starting initialization...
--------------------------------------------------------------------------------
Mode:                        Static calculation
Self consistent charges:     Yes
SCC-tolerance:                 0.100000E-05
Max. scc iterations:                    100
Ewald alpha parameter:         0.000000E+00
Spin polarisation:           No
Nr. of up electrons:            15.000000
Nr. of down electrons:          15.000000
Periodic boundaries:         No
Diagonalizer:                Divide and Conquer
Mixer:                       Anderson mixer
Mixing parameter:                  0.200000
Maximal SCC-cycles:                     100
Nr. of chrg. vectors to mix:              8
Electronic temperature:        0.100000E-07
Initial charges:             Set automatically (system chrg:   0.000E+00)
Included shells:              N:  s, p
                              C:  s, p
                              O:  s, p
                              H:  s
Full 3rd order correction    Yes
Damped SCC                   Yes
Damped specie(s):            H                                                 
Extra options:
--------------------------------------------------------------------------------
 

********************************************************************************
** Geometry step: 0
********************************************************************************

  iSCC Total electronic   Diff electronic      SCC error    
    1   -0.13502936E+02    0.00000000E+00    0.64891130E+00
    2   -0.13503534E+02   -0.59748392E-03    0.63783837E+00
    3   -0.13519506E+02   -0.15972075E-01    0.14091212E+00
    4   -0.13519395E+02    0.11136597E-03    0.12779347E+00
    5   -0.13519653E+02   -0.25827300E-03    0.55059126E-01
    6   -0.13519755E+02   -0.10188363E-03    0.89508053E-02
    7   -0.13519753E+02    0.12540469E-05    0.16118438E-01
    8   -0.13519756E+02   -0.21641778E-05    0.74993969E-02
    9   -0.13519756E+02   -0.26957813E-06    0.15094235E-02
   10   -0.13519756E+02   -0.17752001E-07    0.68441264E-03
   11   -0.13519756E+02   -0.66837789E-08    0.11369849E-03
   12   -0.13519756E+02   -0.16256489E-08    0.17188371E-04
   13   -0.13519756E+02   -0.10928147E-10    0.54547295E-05
   14   -0.13519756E+02   -0.63593575E-12    0.34436151E-06
>> Charges saved for restart in charges.bin
 
 Total Energy:                     -13.4199230269 H
 Total Mermin free energy:         -13.4199230269 H
