================================================================================
==
==   Density Functional based Tight Binding with a lot of extensions (DFTB+)    
==
==                              Release: 1.2 (p2)
==
==                            (ParserVersion = 4)
==
================================================================================


********************************************************************************
** Parsing and initializing
********************************************************************************

Interpreting input file 'dftb_in.hsd'
--------------------------------------------------------------------------------
WARNING!
-> WriteHSDInput and WriteXMLInput both turned off. You won't eventually be 
 able to obtain the same results with a later version of the code!
Path: dftb_in/ParserOptions
Line: 72-75 (File: dftb_in.hsd)

Reading SK-files:
  /home/andersx/parameters/3ob-3-1/C-C.skf
  /home/andersx/parameters/3ob-3-1/C-N.skf
  /home/andersx/parameters/3ob-3-1/C-H.skf
  /home/andersx/parameters/3ob-3-1/N-C.skf
  /home/andersx/parameters/3ob-3-1/N-N.skf
  /home/andersx/parameters/3ob-3-1/N-H.skf
  /home/andersx/parameters/3ob-3-1/H-C.skf
  /home/andersx/parameters/3ob-3-1/H-N.skf
  /home/andersx/parameters/3ob-3-1/H-H.skf
Done.

Starting initialization...
--------------------------------------------------------------------------------
Mode:                        Static calculation
Self consistent charges:     Yes
SCC-tolerance:                 0.100000E-05
Max. scc iterations:                    100
Ewald alpha parameter:         0.000000E+00
Spin polarisation:           No
Nr. of up electrons:            18.000000
Nr. of down electrons:          18.000000
Periodic boundaries:         No
Diagonalizer:                Divide and Conquer
Mixer:                       Anderson mixer
Mixing parameter:                  0.200000
Maximal SCC-cycles:                     100
Nr. of chrg. vectors to mix:              8
Electronic temperature:        0.100000E-07
Initial charges:             Set automatically (system chrg:   0.000E+00)
Included shells:              C:  s, p
                              N:  s, p
                              H:  s
Full 3rd order correction    Yes
Damped SCC                   Yes
Damped specie(s):            H                                                 
Extra options:
--------------------------------------------------------------------------------
 

********************************************************************************
** Geometry step: 0
********************************************************************************

  iSCC Total electronic   Diff electronic      SCC error    
    1   -0.15868810E+02    0.00000000E+00    0.37256177E+00
    2   -0.15869043E+02   -0.23242541E-03    0.36815193E+00
    3   -0.15874034E+02   -0.49908558E-02    0.10955280E+00
    4   -0.15873766E+02    0.26780262E-03    0.10732336E+00
    5   -0.15874772E+02   -0.10064035E-02    0.58517574E-01
    6   -0.15874966E+02   -0.19363335E-03    0.26700436E-01
    7   -0.15874960E+02    0.56256646E-05    0.28143910E-01
    8   -0.15875007E+02   -0.46377485E-04    0.29143858E-02
    9   -0.15875007E+02   -0.11073119E-06    0.24416353E-02
   10   -0.15875007E+02    0.41621153E-07    0.19665815E-02
   11   -0.15875007E+02   -0.10359245E-06    0.75564969E-03
   12   -0.15875007E+02   -0.38320273E-07    0.93729279E-04
   13   -0.15875007E+02   -0.59934280E-09    0.59916252E-04
   14   -0.15875007E+02   -0.16177282E-09    0.91091167E-05
   15   -0.15875007E+02   -0.48192561E-11    0.14284776E-05
   16   -0.15875007E+02   -0.30198066E-13    0.74025130E-07
>> Charges saved for restart in charges.bin
 
 Total Energy:                     -15.4706037940 H
 Total Mermin free energy:         -15.4706037940 H
