================================================================================
==
==   Density Functional based Tight Binding with a lot of extensions (DFTB+)    
==
==                              Release: 1.2 (p2)
==
==                            (ParserVersion = 4)
==
================================================================================


********************************************************************************
** Parsing and initializing
********************************************************************************

Interpreting input file 'dftb_in.hsd'
--------------------------------------------------------------------------------
WARNING!
-> WriteHSDInput and WriteXMLInput both turned off. You won't eventually be 
 able to obtain the same results with a later version of the code!
Path: dftb_in/ParserOptions
Line: 78-81 (File: dftb_in.hsd)

Reading SK-files:
  /home/andersx/parameters/3ob-3-1/N-N.skf
  /home/andersx/parameters/3ob-3-1/N-C.skf
  /home/andersx/parameters/3ob-3-1/N-O.skf
  /home/andersx/parameters/3ob-3-1/N-H.skf
  /home/andersx/parameters/3ob-3-1/C-N.skf
  /home/andersx/parameters/3ob-3-1/C-C.skf
  /home/andersx/parameters/3ob-3-1/C-O.skf
  /home/andersx/parameters/3ob-3-1/C-H.skf
  /home/andersx/parameters/3ob-3-1/O-N.skf
  /home/andersx/parameters/3ob-3-1/O-C.skf
  /home/andersx/parameters/3ob-3-1/O-O.skf
  /home/andersx/parameters/3ob-3-1/O-H.skf
  /home/andersx/parameters/3ob-3-1/H-N.skf
  /home/andersx/parameters/3ob-3-1/H-C.skf
  /home/andersx/parameters/3ob-3-1/H-O.skf
  /home/andersx/parameters/3ob-3-1/H-H.skf
Done.

Starting initialization...
--------------------------------------------------------------------------------
Mode:                        Static calculation
Self consistent charges:     Yes
SCC-tolerance:                 0.100000E-05
Max. scc iterations:                    100
Ewald alpha parameter:         0.000000E+00
Spin polarisation:           No
Nr. of up electrons:            14.000000
Nr. of down electrons:          14.000000
Periodic boundaries:         No
Diagonalizer:                Divide and Conquer
Mixer:                       Anderson mixer
Mixing parameter:                  0.200000
Maximal SCC-cycles:                     100
Nr. of chrg. vectors to mix:              8
Electronic temperature:        0.100000E-07
Initial charges:             Set automatically (system chrg:   0.000E+00)
Included shells:              N:  s, p
                              C:  s, p
                              O:  s, p
                              H:  s
Full 3rd order correction    Yes
Damped SCC                   Yes
Damped specie(s):            H                                                 
Extra options:
--------------------------------------------------------------------------------
 

********************************************************************************
** Geometry step: 0
********************************************************************************

  iSCC Total electronic   Diff electronic      SCC error    
    1   -0.12943885E+02    0.00000000E+00    0.90710568E+00
    2   -0.12944989E+02   -0.11041964E-02    0.89232125E+00
    3   -0.12970091E+02   -0.25101074E-01    0.29505461E+00
    4   -0.12970667E+02   -0.57634403E-03    0.29260382E+00
    5   -0.12972786E+02   -0.21191221E-02    0.45135020E-01
    6   -0.12972817E+02   -0.30940343E-04    0.45705014E-01
    7   -0.12972881E+02   -0.64179151E-04    0.26373606E-01
    8   -0.12972891E+02   -0.97897426E-05    0.30781593E-02
    9   -0.12972891E+02   -0.32689004E-06    0.36620705E-02
   10   -0.12972892E+02   -0.84351725E-06    0.45287974E-03
   11   -0.12972892E+02   -0.76262694E-08    0.25537240E-03
   12   -0.12972892E+02   -0.44033701E-08    0.69973556E-04
   13   -0.12972892E+02   -0.61394445E-10    0.60784002E-05
   14   -0.12972892E+02   -0.32329694E-12    0.75955894E-06
>> Charges saved for restart in charges.bin
 
 Total Energy:                     -12.7076662543 H
 Total Mermin free energy:         -12.7076662543 H
