================================================================================
==
==   Density Functional based Tight Binding with a lot of extensions (DFTB+)    
==
==                              Release: 1.2 (p2)
==
==                            (ParserVersion = 4)
==
================================================================================


********************************************************************************
** Parsing and initializing
********************************************************************************

Interpreting input file 'dftb_in.hsd'
--------------------------------------------------------------------------------
WARNING!
-> WriteHSDInput and WriteXMLInput both turned off. You won't eventually be 
 able to obtain the same results with a later version of the code!
Path: dftb_in/ParserOptions
Line: 71-74 (File: dftb_in.hsd)

Reading SK-files:
  /home/andersx/parameters/3ob-3-1/C-C.skf
  /home/andersx/parameters/3ob-3-1/C-N.skf
  /home/andersx/parameters/3ob-3-1/C-H.skf
  /home/andersx/parameters/3ob-3-1/N-C.skf
  /home/andersx/parameters/3ob-3-1/N-N.skf
  /home/andersx/parameters/3ob-3-1/N-H.skf
  /home/andersx/parameters/3ob-3-1/H-C.skf
  /home/andersx/parameters/3ob-3-1/H-N.skf
  /home/andersx/parameters/3ob-3-1/H-H.skf
Done.

Starting initialization...
--------------------------------------------------------------------------------
Mode:                        Static calculation
Self consistent charges:     Yes
SCC-tolerance:                 0.100000E-05
Max. scc iterations:                    100
Ewald alpha parameter:         0.000000E+00
Spin polarisation:           No
Nr. of up electrons:            17.000000
Nr. of down electrons:          17.000000
Periodic boundaries:         No
Diagonalizer:                Divide and Conquer
Mixer:                       Anderson mixer
Mixing parameter:                  0.200000
Maximal SCC-cycles:                     100
Nr. of chrg. vectors to mix:              8
Electronic temperature:        0.100000E-07
Initial charges:             Set automatically (system chrg:   0.000E+00)
Included shells:              C:  s, p
                              N:  s, p
                              H:  s
Full 3rd order correction    Yes
Damped SCC                   Yes
Damped specie(s):            H                                                 
Extra options:
--------------------------------------------------------------------------------
 

********************************************************************************
** Geometry step: 0
********************************************************************************

  iSCC Total electronic   Diff electronic      SCC error    
    1   -0.14764094E+02    0.00000000E+00    0.51973924E+00
    2   -0.14764257E+02   -0.16223086E-03    0.51221514E+00
    3   -0.14767792E+02   -0.35357467E-02    0.10785144E+00
    4   -0.14767661E+02    0.13171934E-03    0.10764529E+00
    5   -0.14768296E+02   -0.63525712E-03    0.69744513E-01
    6   -0.14768376E+02   -0.80124036E-04    0.19140513E-01
    7   -0.14768378E+02   -0.20019014E-05    0.16298592E-01
    8   -0.14768403E+02   -0.24576653E-04    0.20686017E-02
    9   -0.14768403E+02   -0.11303662E-06    0.22288268E-02
   10   -0.14768403E+02   -0.40462618E-06    0.94786058E-03
   11   -0.14768403E+02   -0.92117709E-08    0.27286099E-03
   12   -0.14768403E+02   -0.12059767E-07    0.47375602E-04
   13   -0.14768403E+02   -0.34793501E-10    0.11226375E-04
   14   -0.14768403E+02   -0.52420290E-11    0.10487856E-05
   15   -0.14768403E+02   -0.40856207E-13    0.31428145E-06
>> Charges saved for restart in charges.bin
 
 Total Energy:                     -14.3562058194 H
 Total Mermin free energy:         -14.3562058194 H
