================================================================================
==
==   Density Functional based Tight Binding with a lot of extensions (DFTB+)    
==
==                              Release: 1.2 (p2)
==
==                            (ParserVersion = 4)
==
================================================================================


********************************************************************************
** Parsing and initializing
********************************************************************************

Interpreting input file 'dftb_in.hsd'
--------------------------------------------------------------------------------
WARNING!
-> WriteHSDInput and WriteXMLInput both turned off. You won't eventually be 
 able to obtain the same results with a later version of the code!
Path: dftb_in/ParserOptions
Line: 80-83 (File: dftb_in.hsd)

Reading SK-files:
  /home/andersx/parameters/3ob-3-1/O-O.skf
  /home/andersx/parameters/3ob-3-1/O-C.skf
  /home/andersx/parameters/3ob-3-1/O-N.skf
  /home/andersx/parameters/3ob-3-1/O-H.skf
  /home/andersx/parameters/3ob-3-1/C-O.skf
  /home/andersx/parameters/3ob-3-1/C-C.skf
  /home/andersx/parameters/3ob-3-1/C-N.skf
  /home/andersx/parameters/3ob-3-1/C-H.skf
  /home/andersx/parameters/3ob-3-1/N-O.skf
  /home/andersx/parameters/3ob-3-1/N-C.skf
  /home/andersx/parameters/3ob-3-1/N-N.skf
  /home/andersx/parameters/3ob-3-1/N-H.skf
  /home/andersx/parameters/3ob-3-1/H-O.skf
  /home/andersx/parameters/3ob-3-1/H-C.skf
  /home/andersx/parameters/3ob-3-1/H-N.skf
  /home/andersx/parameters/3ob-3-1/H-H.skf
Done.

Starting initialization...
--------------------------------------------------------------------------------
Mode:                        Static calculation
Self consistent charges:     Yes
SCC-tolerance:                 0.100000E-05
Max. scc iterations:                    100
Ewald alpha parameter:         0.000000E+00
Spin polarisation:           No
Nr. of up electrons:            15.000000
Nr. of down electrons:          15.000000
Periodic boundaries:         No
Diagonalizer:                Divide and Conquer
Mixer:                       Anderson mixer
Mixing parameter:                  0.200000
Maximal SCC-cycles:                     100
Nr. of chrg. vectors to mix:              8
Electronic temperature:        0.100000E-07
Initial charges:             Set automatically (system chrg:   0.000E+00)
Included shells:              O:  s, p
                              C:  s, p
                              N:  s, p
                              H:  s
Full 3rd order correction    Yes
Damped SCC                   Yes
Damped specie(s):            H                                                 
Extra options:
--------------------------------------------------------------------------------
 

********************************************************************************
** Geometry step: 0
********************************************************************************

  iSCC Total electronic   Diff electronic      SCC error    
    1   -0.13510311E+02    0.00000000E+00    0.67039445E+00
    2   -0.13510476E+02   -0.16448942E-03    0.66178962E+00
    3   -0.13515162E+02   -0.46861978E-02    0.40532674E-01
    4   -0.13515129E+02    0.32628387E-04    0.34607863E-01
    5   -0.13515121E+02    0.80881144E-05    0.58198130E-01
    6   -0.13515221E+02   -0.99952432E-04    0.90746546E-02
    7   -0.13515221E+02    0.15464105E-06    0.68504760E-02
    8   -0.13515222E+02   -0.80163879E-06    0.48605336E-02
    9   -0.13515222E+02   -0.77885379E-06    0.61180275E-03
   10   -0.13515222E+02   -0.91767927E-08    0.25386950E-03
   11   -0.13515222E+02   -0.34262992E-08    0.25656317E-04
   12   -0.13515222E+02   -0.40673243E-10    0.60257451E-05
   13   -0.13515222E+02   -0.12434498E-12    0.13401550E-05
   14   -0.13515222E+02   -0.42632564E-13    0.42712715E-07
>> Charges saved for restart in charges.bin
 
 Total Energy:                     -13.4278347390 H
 Total Mermin free energy:         -13.4278347390 H
