================================================================================
==
==   Density Functional based Tight Binding with a lot of extensions (DFTB+)    
==
==                              Release: 1.2 (p2)
==
==                            (ParserVersion = 4)
==
================================================================================


********************************************************************************
** Parsing and initializing
********************************************************************************

Interpreting input file 'dftb_in.hsd'
--------------------------------------------------------------------------------
WARNING!
-> WriteHSDInput and WriteXMLInput both turned off. You won't eventually be 
 able to obtain the same results with a later version of the code!
Path: dftb_in/ParserOptions
Line: 71-74 (File: dftb_in.hsd)

Reading SK-files:
  /home/andersx/parameters/3ob-3-1/C-C.skf
  /home/andersx/parameters/3ob-3-1/C-N.skf
  /home/andersx/parameters/3ob-3-1/C-H.skf
  /home/andersx/parameters/3ob-3-1/N-C.skf
  /home/andersx/parameters/3ob-3-1/N-N.skf
  /home/andersx/parameters/3ob-3-1/N-H.skf
  /home/andersx/parameters/3ob-3-1/H-C.skf
  /home/andersx/parameters/3ob-3-1/H-N.skf
  /home/andersx/parameters/3ob-3-1/H-H.skf
Done.

Starting initialization...
--------------------------------------------------------------------------------
Mode:                        Static calculation
Self consistent charges:     Yes
SCC-tolerance:                 0.100000E-05
Max. scc iterations:                    100
Ewald alpha parameter:         0.000000E+00
Spin polarisation:           No
Nr. of up electrons:            17.000000
Nr. of down electrons:          17.000000
Periodic boundaries:         No
Diagonalizer:                Divide and Conquer
Mixer:                       Anderson mixer
Mixing parameter:                  0.200000
Maximal SCC-cycles:                     100
Nr. of chrg. vectors to mix:              8
Electronic temperature:        0.100000E-07
Initial charges:             Set automatically (system chrg:   0.000E+00)
Included shells:              C:  s, p
                              N:  s, p
                              H:  s
Full 3rd order correction    Yes
Damped SCC                   Yes
Damped specie(s):            H                                                 
Extra options:
--------------------------------------------------------------------------------
 

********************************************************************************
** Geometry step: 0
********************************************************************************

  iSCC Total electronic   Diff electronic      SCC error    
    1   -0.14841824E+02    0.00000000E+00    0.58578847E+00
    2   -0.14842648E+02   -0.82451754E-03    0.57313595E+00
    3   -0.14860198E+02   -0.17549592E-01    0.11363679E+00
    4   -0.14860191E+02    0.75052642E-05    0.11063310E+00
    5   -0.14860663E+02   -0.47290247E-03    0.45746494E-01
    6   -0.14860668E+02   -0.48585336E-05    0.46984738E-01
    7   -0.14860663E+02    0.49947955E-05    0.25827833E-01
    8   -0.14860698E+02   -0.35042513E-04    0.35480125E-02
    9   -0.14860699E+02   -0.25500903E-06    0.56004533E-02
   10   -0.14860699E+02   -0.49932710E-06    0.22672018E-02
   11   -0.14860699E+02   -0.29226667E-06    0.12477571E-02
   12   -0.14860699E+02   -0.11348460E-06    0.24654153E-03
   13   -0.14860699E+02   -0.14473276E-08    0.14871503E-03
   14   -0.14860699E+02   -0.40767212E-09    0.11691780E-04
   15   -0.14860699E+02   -0.63806738E-11    0.42340189E-05
   16   -0.14860699E+02   -0.52757798E-12    0.20387232E-06
>> Charges saved for restart in charges.bin
 
 Total Energy:                     -14.4502140871 H
 Total Mermin free energy:         -14.4502140871 H
