================================================================================
==
==   Density Functional based Tight Binding with a lot of extensions (DFTB+)    
==
==                              Release: 1.2 (p2)
==
==                            (ParserVersion = 4)
==
================================================================================


********************************************************************************
** Parsing and initializing
********************************************************************************

Interpreting input file 'dftb_in.hsd'
--------------------------------------------------------------------------------
WARNING!
-> WriteHSDInput and WriteXMLInput both turned off. You won't eventually be 
 able to obtain the same results with a later version of the code!
Path: dftb_in/ParserOptions
Line: 75-78 (File: dftb_in.hsd)

Reading SK-files:
  /home/andersx/parameters/3ob-3-1/C-C.skf
  /home/andersx/parameters/3ob-3-1/C-N.skf
  /home/andersx/parameters/3ob-3-1/C-H.skf
  /home/andersx/parameters/3ob-3-1/N-C.skf
  /home/andersx/parameters/3ob-3-1/N-N.skf
  /home/andersx/parameters/3ob-3-1/N-H.skf
  /home/andersx/parameters/3ob-3-1/H-C.skf
  /home/andersx/parameters/3ob-3-1/H-N.skf
  /home/andersx/parameters/3ob-3-1/H-H.skf
Done.

Starting initialization...
--------------------------------------------------------------------------------
Mode:                        Static calculation
Self consistent charges:     Yes
SCC-tolerance:                 0.100000E-05
Max. scc iterations:                    100
Ewald alpha parameter:         0.000000E+00
Spin polarisation:           No
Nr. of up electrons:            19.000000
Nr. of down electrons:          19.000000
Periodic boundaries:         No
Diagonalizer:                Divide and Conquer
Mixer:                       Anderson mixer
Mixing parameter:                  0.200000
Maximal SCC-cycles:                     100
Nr. of chrg. vectors to mix:              8
Electronic temperature:        0.100000E-07
Initial charges:             Set automatically (system chrg:   0.000E+00)
Included shells:              C:  s, p
                              N:  s, p
                              H:  s
Full 3rd order correction    Yes
Damped SCC                   Yes
Damped specie(s):            H                                                 
Extra options:
--------------------------------------------------------------------------------
 

********************************************************************************
** Geometry step: 0
********************************************************************************

  iSCC Total electronic   Diff electronic      SCC error    
    1   -0.16193852E+02    0.00000000E+00    0.59987622E+00
    2   -0.16194488E+02   -0.63561780E-03    0.58730778E+00
    3   -0.16208347E+02   -0.13859484E-01    0.10959341E+00
    4   -0.16208286E+02    0.61708325E-04    0.10227686E+00
    5   -0.16208316E+02   -0.30280899E-04    0.66353847E-01
    6   -0.16208495E+02   -0.17866811E-03    0.21053150E-01
    7   -0.16208429E+02    0.65694680E-04    0.42923864E-01
    8   -0.16208500E+02   -0.71408195E-04    0.12303475E-01
    9   -0.16208506E+02   -0.54039516E-05    0.24448361E-02
   10   -0.16208506E+02   -0.24193377E-06    0.13548511E-02
   11   -0.16208506E+02   -0.26050036E-06    0.36832027E-03
   12   -0.16208506E+02   -0.87307157E-08    0.17339967E-03
   13   -0.16208506E+02   -0.25862477E-08    0.11776943E-04
   14   -0.16208506E+02   -0.19756641E-10    0.36774576E-05
   15   -0.16208506E+02   -0.56488147E-12    0.62525094E-06
>> Charges saved for restart in charges.bin
 
 Total Energy:                     -16.0342263172 H
 Total Mermin free energy:         -16.0342263172 H
