================================================================================
==
==   Density Functional based Tight Binding with a lot of extensions (DFTB+)    
==
==                              Release: 1.2 (p2)
==
==                            (ParserVersion = 4)
==
================================================================================


********************************************************************************
** Parsing and initializing
********************************************************************************

Interpreting input file 'dftb_in.hsd'
--------------------------------------------------------------------------------
WARNING!
-> WriteHSDInput and WriteXMLInput both turned off. You won't eventually be 
 able to obtain the same results with a later version of the code!
Path: dftb_in/ParserOptions
Line: 73-76 (File: dftb_in.hsd)

Reading SK-files:
  /home/andersx/parameters/3ob-3-1/C-C.skf
  /home/andersx/parameters/3ob-3-1/C-N.skf
  /home/andersx/parameters/3ob-3-1/C-H.skf
  /home/andersx/parameters/3ob-3-1/N-C.skf
  /home/andersx/parameters/3ob-3-1/N-N.skf
  /home/andersx/parameters/3ob-3-1/N-H.skf
  /home/andersx/parameters/3ob-3-1/H-C.skf
  /home/andersx/parameters/3ob-3-1/H-N.skf
  /home/andersx/parameters/3ob-3-1/H-H.skf
Done.

Starting initialization...
--------------------------------------------------------------------------------
Mode:                        Static calculation
Self consistent charges:     Yes
SCC-tolerance:                 0.100000E-05
Max. scc iterations:                    100
Ewald alpha parameter:         0.000000E+00
Spin polarisation:           No
Nr. of up electrons:            18.000000
Nr. of down electrons:          18.000000
Periodic boundaries:         No
Diagonalizer:                Divide and Conquer
Mixer:                       Anderson mixer
Mixing parameter:                  0.200000
Maximal SCC-cycles:                     100
Nr. of chrg. vectors to mix:              8
Electronic temperature:        0.100000E-07
Initial charges:             Set automatically (system chrg:   0.000E+00)
Included shells:              C:  s, p
                              N:  s, p
                              H:  s
Full 3rd order correction    Yes
Damped SCC                   Yes
Damped specie(s):            H                                                 
Extra options:
--------------------------------------------------------------------------------
 

********************************************************************************
** Geometry step: 0
********************************************************************************

  iSCC Total electronic   Diff electronic      SCC error    
    1   -0.15529842E+02    0.00000000E+00    0.59913066E+00
    2   -0.15530514E+02   -0.67228812E-03    0.58649467E+00
    3   -0.15545503E+02   -0.14988681E-01    0.12042482E+00
    4   -0.15545461E+02    0.41838378E-04    0.11185655E+00
    5   -0.15545608E+02   -0.14677242E-03    0.60496358E-01
    6   -0.15545752E+02   -0.14389654E-03    0.36215290E-01
    7   -0.15545670E+02    0.81644215E-04    0.48564991E-01
    8   -0.15545774E+02   -0.10363968E-03    0.64653552E-02
    9   -0.15545773E+02    0.70305514E-06    0.46370115E-02
   10   -0.15545774E+02   -0.95417898E-06    0.41477545E-02
   11   -0.15545776E+02   -0.16406714E-05    0.16323137E-03
   12   -0.15545776E+02   -0.22900526E-08    0.92499040E-04
   13   -0.15545776E+02   -0.88941121E-09    0.15299772E-04
   14   -0.15545776E+02   -0.76898488E-11    0.20482741E-05
   15   -0.15545776E+02   -0.92370556E-13    0.19404117E-06
>> Charges saved for restart in charges.bin
 
 Total Energy:                     -15.2355868849 H
 Total Mermin free energy:         -15.2355868849 H
