================================================================================
==
==   Density Functional based Tight Binding with a lot of extensions (DFTB+)    
==
==                              Release: 1.2 (p2)
==
==                            (ParserVersion = 4)
==
================================================================================


********************************************************************************
** Parsing and initializing
********************************************************************************

Interpreting input file 'dftb_in.hsd'
--------------------------------------------------------------------------------
WARNING!
-> WriteHSDInput and WriteXMLInput both turned off. You won't eventually be 
 able to obtain the same results with a later version of the code!
Path: dftb_in/ParserOptions
Line: 75-78 (File: dftb_in.hsd)

Reading SK-files:
  /home/andersx/parameters/3ob-3-1/C-C.skf
  /home/andersx/parameters/3ob-3-1/C-N.skf
  /home/andersx/parameters/3ob-3-1/C-H.skf
  /home/andersx/parameters/3ob-3-1/N-C.skf
  /home/andersx/parameters/3ob-3-1/N-N.skf
  /home/andersx/parameters/3ob-3-1/N-H.skf
  /home/andersx/parameters/3ob-3-1/H-C.skf
  /home/andersx/parameters/3ob-3-1/H-N.skf
  /home/andersx/parameters/3ob-3-1/H-H.skf
Done.

Starting initialization...
--------------------------------------------------------------------------------
Mode:                        Static calculation
Self consistent charges:     Yes
SCC-tolerance:                 0.100000E-05
Max. scc iterations:                    100
Ewald alpha parameter:         0.000000E+00
Spin polarisation:           No
Nr. of up electrons:            19.000000
Nr. of down electrons:          19.000000
Periodic boundaries:         No
Diagonalizer:                Divide and Conquer
Mixer:                       Anderson mixer
Mixing parameter:                  0.200000
Maximal SCC-cycles:                     100
Nr. of chrg. vectors to mix:              8
Electronic temperature:        0.100000E-07
Initial charges:             Set automatically (system chrg:   0.000E+00)
Included shells:              C:  s, p
                              N:  s, p
                              H:  s
Full 3rd order correction    Yes
Damped SCC                   Yes
Damped specie(s):            H                                                 
Extra options:
--------------------------------------------------------------------------------
 

********************************************************************************
** Geometry step: 0
********************************************************************************

  iSCC Total electronic   Diff electronic      SCC error    
    1   -0.16200115E+02    0.00000000E+00    0.59501254E+00
    2   -0.16200709E+02   -0.59339427E-03    0.58264409E+00
    3   -0.16213673E+02   -0.12964744E-01    0.12936139E+00
    4   -0.16213616E+02    0.57549329E-04    0.12473335E+00
    5   -0.16213838E+02   -0.22217158E-03    0.49496980E-01
    6   -0.16213897E+02   -0.59145925E-04    0.25081011E-01
    7   -0.16213885E+02    0.12584858E-04    0.22121292E-01
    8   -0.16213931E+02   -0.46953218E-04    0.60135597E-02
    9   -0.16213931E+02    0.63746038E-06    0.59131287E-02
   10   -0.16213932E+02   -0.13347601E-05    0.17299256E-02
   11   -0.16213932E+02   -0.68426043E-07    0.80700218E-03
   12   -0.16213932E+02   -0.14261900E-07    0.99500766E-04
   13   -0.16213932E+02   -0.14683721E-09    0.53122205E-04
   14   -0.16213932E+02   -0.98754782E-10    0.40529280E-05
   15   -0.16213932E+02   -0.24868996E-12    0.11274105E-05
   16   -0.16213932E+02   -0.46185278E-13    0.10814679E-06
>> Charges saved for restart in charges.bin
 
 Total Energy:                     -16.0384205827 H
 Total Mermin free energy:         -16.0384205827 H
