================================================================================
==
==   Density Functional based Tight Binding with a lot of extensions (DFTB+)    
==
==                              Release: 1.2 (p2)
==
==                            (ParserVersion = 4)
==
================================================================================


********************************************************************************
** Parsing and initializing
********************************************************************************

Interpreting input file 'dftb_in.hsd'
--------------------------------------------------------------------------------
WARNING!
-> WriteHSDInput and WriteXMLInput both turned off. You won't eventually be 
 able to obtain the same results with a later version of the code!
Path: dftb_in/ParserOptions
Line: 71-74 (File: dftb_in.hsd)

Reading SK-files:
  /home/andersx/parameters/3ob-3-1/C-C.skf
  /home/andersx/parameters/3ob-3-1/C-N.skf
  /home/andersx/parameters/3ob-3-1/C-H.skf
  /home/andersx/parameters/3ob-3-1/N-C.skf
  /home/andersx/parameters/3ob-3-1/N-N.skf
  /home/andersx/parameters/3ob-3-1/N-H.skf
  /home/andersx/parameters/3ob-3-1/H-C.skf
  /home/andersx/parameters/3ob-3-1/H-N.skf
  /home/andersx/parameters/3ob-3-1/H-H.skf
Done.

Starting initialization...
--------------------------------------------------------------------------------
Mode:                        Static calculation
Self consistent charges:     Yes
SCC-tolerance:                 0.100000E-05
Max. scc iterations:                    100
Ewald alpha parameter:         0.000000E+00
Spin polarisation:           No
Nr. of up electrons:            17.000000
Nr. of down electrons:          17.000000
Periodic boundaries:         No
Diagonalizer:                Divide and Conquer
Mixer:                       Anderson mixer
Mixing parameter:                  0.200000
Maximal SCC-cycles:                     100
Nr. of chrg. vectors to mix:              8
Electronic temperature:        0.100000E-07
Initial charges:             Set automatically (system chrg:   0.000E+00)
Included shells:              C:  s, p
                              N:  s, p
                              H:  s
Full 3rd order correction    Yes
Damped SCC                   Yes
Damped specie(s):            H                                                 
Extra options:
--------------------------------------------------------------------------------
 

********************************************************************************
** Geometry step: 0
********************************************************************************

  iSCC Total electronic   Diff electronic      SCC error    
    1   -0.14857254E+02    0.00000000E+00    0.59708256E+00
    2   -0.14857838E+02   -0.58360697E-03    0.58423775E+00
    3   -0.14869386E+02   -0.11548793E-01    0.11874763E+00
    4   -0.14869308E+02    0.78609948E-04    0.11467814E+00
    5   -0.14869816E+02   -0.50873295E-03    0.39817607E-01
    6   -0.14869829E+02   -0.12892939E-04    0.33390589E-01
    7   -0.14869709E+02    0.12008294E-03    0.46735484E-01
    8   -0.14869885E+02   -0.17612818E-03    0.70003679E-02
    9   -0.14869886E+02   -0.93588729E-06    0.83037604E-02
   10   -0.14869890E+02   -0.33354581E-05    0.26320422E-02
   11   -0.14869890E+02   -0.31557203E-06    0.15359726E-02
   12   -0.14869890E+02   -0.54498312E-07    0.22649670E-03
   13   -0.14869890E+02   -0.24507560E-08    0.13371951E-03
   14   -0.14869890E+02   -0.74211570E-09    0.76187583E-05
   15   -0.14869890E+02   -0.32205349E-11    0.46454147E-05
   16   -0.14869890E+02   -0.45297099E-12    0.35439159E-06
>> Charges saved for restart in charges.bin
 
 Total Energy:                     -14.4564320059 H
 Total Mermin free energy:         -14.4564320059 H
