================================================================================
==
==   Density Functional based Tight Binding with a lot of extensions (DFTB+)    
==
==                              Release: 1.2 (p2)
==
==                            (ParserVersion = 4)
==
================================================================================


********************************************************************************
** Parsing and initializing
********************************************************************************

Interpreting input file 'dftb_in.hsd'
--------------------------------------------------------------------------------
WARNING!
-> WriteHSDInput and WriteXMLInput both turned off. You won't eventually be 
 able to obtain the same results with a later version of the code!
Path: dftb_in/ParserOptions
Line: 79-82 (File: dftb_in.hsd)

Reading SK-files:
  /home/andersx/parameters/3ob-3-1/C-C.skf
  /home/andersx/parameters/3ob-3-1/C-N.skf
  /home/andersx/parameters/3ob-3-1/C-H.skf
  /home/andersx/parameters/3ob-3-1/N-C.skf
  /home/andersx/parameters/3ob-3-1/N-N.skf
  /home/andersx/parameters/3ob-3-1/N-H.skf
  /home/andersx/parameters/3ob-3-1/H-C.skf
  /home/andersx/parameters/3ob-3-1/H-N.skf
  /home/andersx/parameters/3ob-3-1/H-H.skf
Done.

Starting initialization...
--------------------------------------------------------------------------------
Mode:                        Static calculation
Self consistent charges:     Yes
SCC-tolerance:                 0.100000E-05
Max. scc iterations:                    100
Ewald alpha parameter:         0.000000E+00
Spin polarisation:           No
Nr. of up electrons:            21.000000
Nr. of down electrons:          21.000000
Periodic boundaries:         No
Diagonalizer:                Divide and Conquer
Mixer:                       Anderson mixer
Mixing parameter:                  0.200000
Maximal SCC-cycles:                     100
Nr. of chrg. vectors to mix:              8
Electronic temperature:        0.100000E-07
Initial charges:             Set automatically (system chrg:   0.000E+00)
Included shells:              C:  s, p
                              N:  s, p
                              H:  s
Full 3rd order correction    Yes
Damped SCC                   Yes
Damped specie(s):            H                                                 
Extra options:
--------------------------------------------------------------------------------
 

********************************************************************************
** Geometry step: 0
********************************************************************************

  iSCC Total electronic   Diff electronic      SCC error    
    1   -0.17557692E+02    0.00000000E+00    0.58885842E+00
    2   -0.17557743E+02   -0.51322809E-04    0.58176801E+00
    3   -0.17559124E+02   -0.13802073E-02    0.50349338E-01
    4   -0.17559083E+02    0.40981129E-04    0.53474542E-01
    5   -0.17559083E+02   -0.76650177E-06    0.47465207E-01
    6   -0.17559195E+02   -0.11127863E-03    0.10471198E-01
    7   -0.17559194E+02    0.48742651E-06    0.14098038E-01
    8   -0.17559203E+02   -0.85349902E-05    0.64356859E-02
    9   -0.17559203E+02   -0.24320290E-06    0.37786533E-02
   10   -0.17559203E+02   -0.33782982E-07    0.38070223E-02
   11   -0.17559203E+02   -0.77291549E-07    0.76711751E-03
   12   -0.17559203E+02   -0.40383199E-08    0.65207934E-03
   13   -0.17559203E+02   -0.76062925E-08    0.39279609E-04
   14   -0.17559203E+02   -0.11570478E-09    0.11984404E-04
   15   -0.17559203E+02   -0.78834717E-11    0.21283861E-05
   16   -0.17559203E+02   -0.11013412E-12    0.32195055E-06
>> Charges saved for restart in charges.bin
 
 Total Energy:                     -17.5581834670 H
 Total Mermin free energy:         -17.5581834670 H
