================================================================================
==
==   Density Functional based Tight Binding with a lot of extensions (DFTB+)    
==
==                              Release: 1.2 (p2)
==
==                            (ParserVersion = 4)
==
================================================================================


********************************************************************************
** Parsing and initializing
********************************************************************************

Interpreting input file 'dftb_in.hsd'
--------------------------------------------------------------------------------
WARNING!
-> WriteHSDInput and WriteXMLInput both turned off. You won't eventually be 
 able to obtain the same results with a later version of the code!
Path: dftb_in/ParserOptions
Line: 79-82 (File: dftb_in.hsd)

Reading SK-files:
  /home/andersx/parameters/3ob-3-1/C-C.skf
  /home/andersx/parameters/3ob-3-1/C-N.skf
  /home/andersx/parameters/3ob-3-1/C-H.skf
  /home/andersx/parameters/3ob-3-1/N-C.skf
  /home/andersx/parameters/3ob-3-1/N-N.skf
  /home/andersx/parameters/3ob-3-1/N-H.skf
  /home/andersx/parameters/3ob-3-1/H-C.skf
  /home/andersx/parameters/3ob-3-1/H-N.skf
  /home/andersx/parameters/3ob-3-1/H-H.skf
Done.

Starting initialization...
--------------------------------------------------------------------------------
Mode:                        Static calculation
Self consistent charges:     Yes
SCC-tolerance:                 0.100000E-05
Max. scc iterations:                    100
Ewald alpha parameter:         0.000000E+00
Spin polarisation:           No
Nr. of up electrons:            21.000000
Nr. of down electrons:          21.000000
Periodic boundaries:         No
Diagonalizer:                Divide and Conquer
Mixer:                       Anderson mixer
Mixing parameter:                  0.200000
Maximal SCC-cycles:                     100
Nr. of chrg. vectors to mix:              8
Electronic temperature:        0.100000E-07
Initial charges:             Set automatically (system chrg:   0.000E+00)
Included shells:              C:  s, p
                              N:  s, p
                              H:  s
Full 3rd order correction    Yes
Damped SCC                   Yes
Damped specie(s):            H                                                 
Extra options:
--------------------------------------------------------------------------------
 

********************************************************************************
** Geometry step: 0
********************************************************************************

  iSCC Total electronic   Diff electronic      SCC error    
    1   -0.17552162E+02    0.00000000E+00    0.58634718E+00
    2   -0.17552201E+02   -0.39686342E-04    0.57925775E+00
    3   -0.17553275E+02   -0.10740484E-02    0.46101111E-01
    4   -0.17553251E+02    0.24050295E-04    0.37193767E-01
    5   -0.17553252E+02   -0.48809581E-06    0.51439635E-01
    6   -0.17553318E+02   -0.66353690E-04    0.14088624E-01
    7   -0.17553318E+02    0.87209337E-07    0.65539473E-02
    8   -0.17553323E+02   -0.47131786E-05    0.53104231E-02
    9   -0.17553323E+02   -0.56699558E-06    0.15058940E-02
   10   -0.17553324E+02   -0.50274828E-07    0.12978451E-02
   11   -0.17553324E+02   -0.12573217E-06    0.40246275E-03
   12   -0.17553324E+02   -0.15681287E-08    0.26042087E-03
   13   -0.17553324E+02   -0.49080739E-09    0.21314183E-04
   14   -0.17553324E+02   -0.78689055E-10    0.28972643E-05
   15   -0.17553324E+02   -0.23092639E-12    0.73147301E-06
>> Charges saved for restart in charges.bin
 
 Total Energy:                     -17.5526855071 H
 Total Mermin free energy:         -17.5526855071 H
