================================================================================
==
==   Density Functional based Tight Binding with a lot of extensions (DFTB+)    
==
==                              Release: 1.2 (p2)
==
==                            (ParserVersion = 4)
==
================================================================================


********************************************************************************
** Parsing and initializing
********************************************************************************

Interpreting input file 'dftb_in.hsd'
--------------------------------------------------------------------------------
WARNING!
-> WriteHSDInput and WriteXMLInput both turned off. You won't eventually be 
 able to obtain the same results with a later version of the code!
Path: dftb_in/ParserOptions
Line: 77-80 (File: dftb_in.hsd)

Reading SK-files:
  /home/andersx/parameters/3ob-3-1/C-C.skf
  /home/andersx/parameters/3ob-3-1/C-N.skf
  /home/andersx/parameters/3ob-3-1/C-H.skf
  /home/andersx/parameters/3ob-3-1/N-C.skf
  /home/andersx/parameters/3ob-3-1/N-N.skf
  /home/andersx/parameters/3ob-3-1/N-H.skf
  /home/andersx/parameters/3ob-3-1/H-C.skf
  /home/andersx/parameters/3ob-3-1/H-N.skf
  /home/andersx/parameters/3ob-3-1/H-H.skf
Done.

Starting initialization...
--------------------------------------------------------------------------------
Mode:                        Static calculation
Self consistent charges:     Yes
SCC-tolerance:                 0.100000E-05
Max. scc iterations:                    100
Ewald alpha parameter:         0.000000E+00
Spin polarisation:           No
Nr. of up electrons:            20.000000
Nr. of down electrons:          20.000000
Periodic boundaries:         No
Diagonalizer:                Divide and Conquer
Mixer:                       Anderson mixer
Mixing parameter:                  0.200000
Maximal SCC-cycles:                     100
Nr. of chrg. vectors to mix:              8
Electronic temperature:        0.100000E-07
Initial charges:             Set automatically (system chrg:   0.000E+00)
Included shells:              C:  s, p
                              N:  s, p
                              H:  s
Full 3rd order correction    Yes
Damped SCC                   Yes
Damped specie(s):            H                                                 
Extra options:
--------------------------------------------------------------------------------
 

********************************************************************************
** Geometry step: 0
********************************************************************************

  iSCC Total electronic   Diff electronic      SCC error    
    1   -0.16892253E+02    0.00000000E+00    0.58297620E+00
    2   -0.16892349E+02   -0.96104193E-04    0.57593601E+00
    3   -0.16895064E+02   -0.27150607E-02    0.54076768E-01
    4   -0.16894979E+02    0.84627560E-04    0.45793167E-01
    5   -0.16895016E+02   -0.37051335E-04    0.83564452E-01
    6   -0.16895223E+02   -0.20680445E-03    0.14420389E-01
    7   -0.16895223E+02   -0.39623693E-07    0.75459315E-02
    8   -0.16895226E+02   -0.28020958E-05    0.34604900E-02
    9   -0.16895226E+02   -0.13009744E-06    0.57677935E-02
   10   -0.16895226E+02   -0.87897376E-07    0.45490236E-02
   11   -0.16895226E+02    0.57305520E-08    0.10083997E-02
   12   -0.16895226E+02   -0.47158590E-07    0.23769481E-03
   13   -0.16895226E+02   -0.59516836E-09    0.59296785E-04
   14   -0.16895226E+02   -0.22262725E-09    0.62563059E-05
   15   -0.16895226E+02   -0.24158453E-11    0.19881198E-05
   16   -0.16895226E+02   -0.18829382E-12    0.10783945E-06
>> Charges saved for restart in charges.bin
 
 Total Energy:                     -16.7583004338 H
 Total Mermin free energy:         -16.7583004338 H
