================================================================================
==
==   Density Functional based Tight Binding with a lot of extensions (DFTB+)    
==
==                              Release: 1.2 (p2)
==
==                            (ParserVersion = 4)
==
================================================================================


********************************************************************************
** Parsing and initializing
********************************************************************************

Interpreting input file 'dftb_in.hsd'
--------------------------------------------------------------------------------
WARNING!
-> WriteHSDInput and WriteXMLInput both turned off. You won't eventually be 
 able to obtain the same results with a later version of the code!
Path: dftb_in/ParserOptions
Line: 79-82 (File: dftb_in.hsd)

Reading SK-files:
  /home/andersx/parameters/3ob-3-1/C-C.skf
  /home/andersx/parameters/3ob-3-1/C-N.skf
  /home/andersx/parameters/3ob-3-1/C-H.skf
  /home/andersx/parameters/3ob-3-1/N-C.skf
  /home/andersx/parameters/3ob-3-1/N-N.skf
  /home/andersx/parameters/3ob-3-1/N-H.skf
  /home/andersx/parameters/3ob-3-1/H-C.skf
  /home/andersx/parameters/3ob-3-1/H-N.skf
  /home/andersx/parameters/3ob-3-1/H-H.skf
Done.

Starting initialization...
--------------------------------------------------------------------------------
Mode:                        Static calculation
Self consistent charges:     Yes
SCC-tolerance:                 0.100000E-05
Max. scc iterations:                    100
Ewald alpha parameter:         0.000000E+00
Spin polarisation:           No
Nr. of up electrons:            21.000000
Nr. of down electrons:          21.000000
Periodic boundaries:         No
Diagonalizer:                Divide and Conquer
Mixer:                       Anderson mixer
Mixing parameter:                  0.200000
Maximal SCC-cycles:                     100
Nr. of chrg. vectors to mix:              8
Electronic temperature:        0.100000E-07
Initial charges:             Set automatically (system chrg:   0.000E+00)
Included shells:              C:  s, p
                              N:  s, p
                              H:  s
Full 3rd order correction    Yes
Damped SCC                   Yes
Damped specie(s):            H                                                 
Extra options:
--------------------------------------------------------------------------------
 

********************************************************************************
** Geometry step: 0
********************************************************************************

  iSCC Total electronic   Diff electronic      SCC error    
    1   -0.17552711E+02    0.00000000E+00    0.58949444E+00
    2   -0.17552752E+02   -0.41409080E-04    0.58234795E+00
    3   -0.17553786E+02   -0.10337104E-02    0.43099940E-01
    4   -0.17553751E+02    0.35142780E-04    0.37365783E-01
    5   -0.17553751E+02   -0.23010255E-07    0.36785859E-01
    6   -0.17553853E+02   -0.10265864E-03    0.15622651E-01
    7   -0.17553853E+02    0.57877625E-06    0.16565800E-01
    8   -0.17553860E+02   -0.68064768E-05    0.15707137E-02
    9   -0.17553860E+02    0.42930122E-07    0.31381985E-02
   10   -0.17553860E+02   -0.13787475E-06    0.18809230E-02
   11   -0.17553860E+02   -0.96587129E-08    0.45429975E-03
   12   -0.17553860E+02   -0.71414092E-08    0.73724725E-04
   13   -0.17553860E+02   -0.87219121E-11    0.25292542E-04
   14   -0.17553860E+02   -0.44334314E-10    0.17418654E-05
   15   -0.17553860E+02   -0.17763568E-12    0.28687359E-06
>> Charges saved for restart in charges.bin
 
 Total Energy:                     -17.5543912109 H
 Total Mermin free energy:         -17.5543912109 H
