================================================================================
==
==   Density Functional based Tight Binding with a lot of extensions (DFTB+)    
==
==                              Release: 1.2 (p2)
==
==                            (ParserVersion = 4)
==
================================================================================


********************************************************************************
** Parsing and initializing
********************************************************************************

Interpreting input file 'dftb_in.hsd'
--------------------------------------------------------------------------------
WARNING!
-> WriteHSDInput and WriteXMLInput both turned off. You won't eventually be 
 able to obtain the same results with a later version of the code!
Path: dftb_in/ParserOptions
Line: 79-82 (File: dftb_in.hsd)

Reading SK-files:
  /home/andersx/parameters/3ob-3-1/C-C.skf
  /home/andersx/parameters/3ob-3-1/C-N.skf
  /home/andersx/parameters/3ob-3-1/C-H.skf
  /home/andersx/parameters/3ob-3-1/N-C.skf
  /home/andersx/parameters/3ob-3-1/N-N.skf
  /home/andersx/parameters/3ob-3-1/N-H.skf
  /home/andersx/parameters/3ob-3-1/H-C.skf
  /home/andersx/parameters/3ob-3-1/H-N.skf
  /home/andersx/parameters/3ob-3-1/H-H.skf
Done.

Starting initialization...
--------------------------------------------------------------------------------
Mode:                        Static calculation
Self consistent charges:     Yes
SCC-tolerance:                 0.100000E-05
Max. scc iterations:                    100
Ewald alpha parameter:         0.000000E+00
Spin polarisation:           No
Nr. of up electrons:            21.000000
Nr. of down electrons:          21.000000
Periodic boundaries:         No
Diagonalizer:                Divide and Conquer
Mixer:                       Anderson mixer
Mixing parameter:                  0.200000
Maximal SCC-cycles:                     100
Nr. of chrg. vectors to mix:              8
Electronic temperature:        0.100000E-07
Initial charges:             Set automatically (system chrg:   0.000E+00)
Included shells:              C:  s, p
                              N:  s, p
                              H:  s
Full 3rd order correction    Yes
Damped SCC                   Yes
Damped specie(s):            H                                                 
Extra options:
--------------------------------------------------------------------------------
 

********************************************************************************
** Geometry step: 0
********************************************************************************

  iSCC Total electronic   Diff electronic      SCC error    
    1   -0.17551868E+02    0.00000000E+00    0.59688553E+00
    2   -0.17551904E+02   -0.35784537E-04    0.58977713E+00
    3   -0.17552779E+02   -0.87569284E-03    0.50537166E-01
    4   -0.17552741E+02    0.38094608E-04    0.43974738E-01
    5   -0.17552733E+02    0.81053863E-05    0.56391495E-01
    6   -0.17552845E+02   -0.11221826E-03    0.23455238E-01
    7   -0.17552845E+02   -0.79573024E-07    0.18008039E-01
    8   -0.17552846E+02   -0.20586939E-06    0.13859653E-01
    9   -0.17552846E+02   -0.26989379E-06    0.33178393E-02
   10   -0.17552846E+02   -0.78968597E-07    0.23571960E-02
   11   -0.17552846E+02   -0.13979967E-06    0.14999644E-03
   12   -0.17552846E+02   -0.50067683E-08    0.91793315E-04
   13   -0.17552846E+02   -0.17852315E-08    0.27312214E-04
   14   -0.17552846E+02   -0.38951953E-10    0.98634138E-05
   15   -0.17552846E+02   -0.20783375E-11    0.13957180E-05
   16   -0.17552846E+02   -0.10658141E-12    0.17356925E-06
>> Charges saved for restart in charges.bin
 
 Total Energy:                     -17.5541018889 H
 Total Mermin free energy:         -17.5541018889 H
