================================================================================
==
==   Density Functional based Tight Binding with a lot of extensions (DFTB+)    
==
==                              Release: 1.2 (p2)
==
==                            (ParserVersion = 4)
==
================================================================================


********************************************************************************
** Parsing and initializing
********************************************************************************

Interpreting input file 'dftb_in.hsd'
--------------------------------------------------------------------------------
WARNING!
-> WriteHSDInput and WriteXMLInput both turned off. You won't eventually be 
 able to obtain the same results with a later version of the code!
Path: dftb_in/ParserOptions
Line: 79-82 (File: dftb_in.hsd)

Reading SK-files:
  /home/andersx/parameters/3ob-3-1/C-C.skf
  /home/andersx/parameters/3ob-3-1/C-N.skf
  /home/andersx/parameters/3ob-3-1/C-H.skf
  /home/andersx/parameters/3ob-3-1/N-C.skf
  /home/andersx/parameters/3ob-3-1/N-N.skf
  /home/andersx/parameters/3ob-3-1/N-H.skf
  /home/andersx/parameters/3ob-3-1/H-C.skf
  /home/andersx/parameters/3ob-3-1/H-N.skf
  /home/andersx/parameters/3ob-3-1/H-H.skf
Done.

Starting initialization...
--------------------------------------------------------------------------------
Mode:                        Static calculation
Self consistent charges:     Yes
SCC-tolerance:                 0.100000E-05
Max. scc iterations:                    100
Ewald alpha parameter:         0.000000E+00
Spin polarisation:           No
Nr. of up electrons:            21.000000
Nr. of down electrons:          21.000000
Periodic boundaries:         No
Diagonalizer:                Divide and Conquer
Mixer:                       Anderson mixer
Mixing parameter:                  0.200000
Maximal SCC-cycles:                     100
Nr. of chrg. vectors to mix:              8
Electronic temperature:        0.100000E-07
Initial charges:             Set automatically (system chrg:   0.000E+00)
Included shells:              C:  s, p
                              N:  s, p
                              H:  s
Full 3rd order correction    Yes
Damped SCC                   Yes
Damped specie(s):            H                                                 
Extra options:
--------------------------------------------------------------------------------
 

********************************************************************************
** Geometry step: 0
********************************************************************************

  iSCC Total electronic   Diff electronic      SCC error    
    1   -0.17554334E+02    0.00000000E+00    0.58928162E+00
    2   -0.17554394E+02   -0.59494776E-04    0.58213355E+00
    3   -0.17555884E+02   -0.14902869E-02    0.47573434E-01
    4   -0.17555820E+02    0.63960515E-04    0.40883839E-01
    5   -0.17555842E+02   -0.21704464E-04    0.47147606E-01
    6   -0.17556023E+02   -0.18139894E-03    0.14134397E-01
    7   -0.17556023E+02    0.12924645E-06    0.14456685E-01
    8   -0.17556030E+02   -0.67493460E-05    0.68811120E-02
    9   -0.17556030E+02    0.46748028E-07    0.31616161E-02
   10   -0.17556030E+02   -0.60438854E-07    0.32806299E-02
   11   -0.17556030E+02   -0.13540455E-06    0.50329887E-03
   12   -0.17556030E+02   -0.58367071E-08    0.31597317E-03
   13   -0.17556030E+02   -0.20679884E-08    0.43449054E-04
   14   -0.17556030E+02   -0.18438584E-09    0.27265784E-05
   15   -0.17556030E+02   -0.56132876E-12    0.10222447E-05
   16   -0.17556030E+02   -0.46185278E-13    0.20217612E-06
>> Charges saved for restart in charges.bin
 
 Total Energy:                     -17.5563310578 H
 Total Mermin free energy:         -17.5563310578 H
