================================================================================
==
==   Density Functional based Tight Binding with a lot of extensions (DFTB+)    
==
==                              Release: 1.2 (p2)
==
==                            (ParserVersion = 4)
==
================================================================================


********************************************************************************
** Parsing and initializing
********************************************************************************

Interpreting input file 'dftb_in.hsd'
--------------------------------------------------------------------------------
WARNING!
-> WriteHSDInput and WriteXMLInput both turned off. You won't eventually be 
 able to obtain the same results with a later version of the code!
Path: dftb_in/ParserOptions
Line: 79-82 (File: dftb_in.hsd)

Reading SK-files:
  /home/andersx/parameters/3ob-3-1/C-C.skf
  /home/andersx/parameters/3ob-3-1/C-N.skf
  /home/andersx/parameters/3ob-3-1/C-H.skf
  /home/andersx/parameters/3ob-3-1/N-C.skf
  /home/andersx/parameters/3ob-3-1/N-N.skf
  /home/andersx/parameters/3ob-3-1/N-H.skf
  /home/andersx/parameters/3ob-3-1/H-C.skf
  /home/andersx/parameters/3ob-3-1/H-N.skf
  /home/andersx/parameters/3ob-3-1/H-H.skf
Done.

Starting initialization...
--------------------------------------------------------------------------------
Mode:                        Static calculation
Self consistent charges:     Yes
SCC-tolerance:                 0.100000E-05
Max. scc iterations:                    100
Ewald alpha parameter:         0.000000E+00
Spin polarisation:           No
Nr. of up electrons:            21.000000
Nr. of down electrons:          21.000000
Periodic boundaries:         No
Diagonalizer:                Divide and Conquer
Mixer:                       Anderson mixer
Mixing parameter:                  0.200000
Maximal SCC-cycles:                     100
Nr. of chrg. vectors to mix:              8
Electronic temperature:        0.100000E-07
Initial charges:             Set automatically (system chrg:   0.000E+00)
Included shells:              C:  s, p
                              N:  s, p
                              H:  s
Full 3rd order correction    Yes
Damped SCC                   Yes
Damped specie(s):            H                                                 
Extra options:
--------------------------------------------------------------------------------
 

********************************************************************************
** Geometry step: 0
********************************************************************************

  iSCC Total electronic   Diff electronic      SCC error    
    1   -0.17553131E+02    0.00000000E+00    0.58496241E+00
    2   -0.17553164E+02   -0.33224086E-04    0.57792310E+00
    3   -0.17554003E+02   -0.83924672E-03    0.50798818E-01
    4   -0.17553976E+02    0.27747142E-04    0.51824700E-01
    5   -0.17553977E+02   -0.16086863E-05    0.44379685E-01
    6   -0.17554055E+02   -0.78025593E-04    0.17236209E-01
    7   -0.17554056E+02   -0.42382655E-06    0.11380512E-01
    8   -0.17554058E+02   -0.23509437E-05    0.57312512E-02
    9   -0.17554059E+02   -0.58568660E-06    0.16653798E-02
   10   -0.17554059E+02   -0.96855423E-07    0.97414888E-03
   11   -0.17554059E+02   -0.49418578E-07    0.11046945E-03
   12   -0.17554059E+02   -0.15088304E-08    0.67699959E-04
   13   -0.17554059E+02   -0.36426684E-09    0.16832351E-04
   14   -0.17554059E+02   -0.11098678E-10    0.13833755E-05
   15   -0.17554059E+02   -0.67501560E-13    0.27438617E-06
>> Charges saved for restart in charges.bin
 
 Total Energy:                     -17.5542705346 H
 Total Mermin free energy:         -17.5542705346 H
