================================================================================
==
==   Density Functional based Tight Binding with a lot of extensions (DFTB+)    
==
==                              Release: 1.2 (p2)
==
==                            (ParserVersion = 4)
==
================================================================================


********************************************************************************
** Parsing and initializing
********************************************************************************

Interpreting input file 'dftb_in.hsd'
--------------------------------------------------------------------------------
WARNING!
-> WriteHSDInput and WriteXMLInput both turned off. You won't eventually be 
 able to obtain the same results with a later version of the code!
Path: dftb_in/ParserOptions
Line: 73-76 (File: dftb_in.hsd)

Reading SK-files:
  /home/andersx/parameters/3ob-3-1/C-C.skf
  /home/andersx/parameters/3ob-3-1/C-N.skf
  /home/andersx/parameters/3ob-3-1/C-H.skf
  /home/andersx/parameters/3ob-3-1/N-C.skf
  /home/andersx/parameters/3ob-3-1/N-N.skf
  /home/andersx/parameters/3ob-3-1/N-H.skf
  /home/andersx/parameters/3ob-3-1/H-C.skf
  /home/andersx/parameters/3ob-3-1/H-N.skf
  /home/andersx/parameters/3ob-3-1/H-H.skf
Done.

Starting initialization...
--------------------------------------------------------------------------------
Mode:                        Static calculation
Self consistent charges:     Yes
SCC-tolerance:                 0.100000E-05
Max. scc iterations:                    100
Ewald alpha parameter:         0.000000E+00
Spin polarisation:           No
Nr. of up electrons:            18.000000
Nr. of down electrons:          18.000000
Periodic boundaries:         No
Diagonalizer:                Divide and Conquer
Mixer:                       Anderson mixer
Mixing parameter:                  0.200000
Maximal SCC-cycles:                     100
Nr. of chrg. vectors to mix:              8
Electronic temperature:        0.100000E-07
Initial charges:             Set automatically (system chrg:   0.000E+00)
Included shells:              C:  s, p
                              N:  s, p
                              H:  s
Full 3rd order correction    Yes
Damped SCC                   Yes
Damped specie(s):            H                                                 
Extra options:
--------------------------------------------------------------------------------
 

********************************************************************************
** Geometry step: 0
********************************************************************************

  iSCC Total electronic   Diff electronic      SCC error    
    1   -0.15550781E+02    0.00000000E+00    0.59471343E+00
    2   -0.15551377E+02   -0.59621874E-03    0.58200111E+00
    3   -0.15563094E+02   -0.11716605E-01    0.12636125E+00
    4   -0.15562999E+02    0.94593359E-04    0.12147927E+00
    5   -0.15563508E+02   -0.50934287E-03    0.45483739E-01
    6   -0.15563549E+02   -0.41082708E-04    0.31097967E-01
    7   -0.15563406E+02    0.14349026E-03    0.49261923E-01
    8   -0.15563580E+02   -0.17441192E-03    0.74996071E-02
    9   -0.15563582E+02   -0.15216610E-05    0.88444734E-02
   10   -0.15563586E+02   -0.39550023E-05    0.34716980E-02
   11   -0.15563586E+02   -0.54892853E-06    0.60790757E-03
   12   -0.15563586E+02   -0.53800733E-08    0.36835021E-03
   13   -0.15563586E+02   -0.13900561E-08    0.49087101E-04
   14   -0.15563586E+02   -0.11573498E-09    0.39548947E-05
   15   -0.15563586E+02   -0.82778229E-12    0.74001135E-06
>> Charges saved for restart in charges.bin
 
 Total Energy:                     -15.2435638615 H
 Total Mermin free energy:         -15.2435638615 H
