================================================================================
==
==   Density Functional based Tight Binding with a lot of extensions (DFTB+)    
==
==                              Release: 1.2 (p2)
==
==                            (ParserVersion = 4)
==
================================================================================


********************************************************************************
** Parsing and initializing
********************************************************************************

Interpreting input file 'dftb_in.hsd'
--------------------------------------------------------------------------------
WARNING!
-> WriteHSDInput and WriteXMLInput both turned off. You won't eventually be 
 able to obtain the same results with a later version of the code!
Path: dftb_in/ParserOptions
Line: 68-71 (File: dftb_in.hsd)

Reading SK-files:
  /home/andersx/parameters/3ob-3-1/C-C.skf
  /home/andersx/parameters/3ob-3-1/C-H.skf
  /home/andersx/parameters/3ob-3-1/H-C.skf
  /home/andersx/parameters/3ob-3-1/H-H.skf
Done.

Starting initialization...
--------------------------------------------------------------------------------
Mode:                        Static calculation
Self consistent charges:     Yes
SCC-tolerance:                 0.100000E-05
Max. scc iterations:                    100
Ewald alpha parameter:         0.000000E+00
Spin polarisation:           No
Nr. of up electrons:            17.000000
Nr. of down electrons:          17.000000
Periodic boundaries:         No
Diagonalizer:                Divide and Conquer
Mixer:                       Anderson mixer
Mixing parameter:                  0.200000
Maximal SCC-cycles:                     100
Nr. of chrg. vectors to mix:              8
Electronic temperature:        0.100000E-07
Initial charges:             Set automatically (system chrg:   0.000E+00)
Included shells:              C:  s, p
                              H:  s
Full 3rd order correction    Yes
Damped SCC                   Yes
Damped specie(s):            H                                                 
Extra options:
--------------------------------------------------------------------------------
 

********************************************************************************
** Geometry step: 0
********************************************************************************

  iSCC Total electronic   Diff electronic      SCC error    
    1   -0.13847941E+02    0.00000000E+00    0.18317840E+00
    2   -0.13847976E+02   -0.34733626E-04    0.18095395E+00
    3   -0.13849045E+02   -0.10690390E-02    0.28649549E-01
    4   -0.13849040E+02    0.44362620E-05    0.32621398E-01
    5   -0.13848996E+02    0.44034750E-04    0.44257944E-01
    6   -0.13849047E+02   -0.50682339E-04    0.37231708E-02
    7   -0.13849047E+02   -0.21067259E-06    0.12640701E-02
    8   -0.13849047E+02   -0.11083056E-06    0.12002058E-02
    9   -0.13849047E+02   -0.11662715E-07    0.11361035E-03
   10   -0.13849047E+02   -0.38876635E-09    0.34374381E-04
   11   -0.13849047E+02   -0.56102678E-10    0.10532811E-05
   12   -0.13849047E+02   -0.17763568E-13    0.31014874E-06
>> Charges saved for restart in charges.bin
 
 Total Energy:                     -14.0045858566 H
 Total Mermin free energy:         -14.0045858566 H
