================================================================================
==
==   Density Functional based Tight Binding with a lot of extensions (DFTB+)    
==
==                              Release: 1.2 (p2)
==
==                            (ParserVersion = 4)
==
================================================================================


********************************************************************************
** Parsing and initializing
********************************************************************************

Interpreting input file 'dftb_in.hsd'
--------------------------------------------------------------------------------
WARNING!
-> WriteHSDInput and WriteXMLInput both turned off. You won't eventually be 
 able to obtain the same results with a later version of the code!
Path: dftb_in/ParserOptions
Line: 79-82 (File: dftb_in.hsd)

Reading SK-files:
  /home/andersx/parameters/3ob-3-1/C-C.skf
  /home/andersx/parameters/3ob-3-1/C-N.skf
  /home/andersx/parameters/3ob-3-1/C-H.skf
  /home/andersx/parameters/3ob-3-1/N-C.skf
  /home/andersx/parameters/3ob-3-1/N-N.skf
  /home/andersx/parameters/3ob-3-1/N-H.skf
  /home/andersx/parameters/3ob-3-1/H-C.skf
  /home/andersx/parameters/3ob-3-1/H-N.skf
  /home/andersx/parameters/3ob-3-1/H-H.skf
Done.

Starting initialization...
--------------------------------------------------------------------------------
Mode:                        Static calculation
Self consistent charges:     Yes
SCC-tolerance:                 0.100000E-05
Max. scc iterations:                    100
Ewald alpha parameter:         0.000000E+00
Spin polarisation:           No
Nr. of up electrons:            21.000000
Nr. of down electrons:          21.000000
Periodic boundaries:         No
Diagonalizer:                Divide and Conquer
Mixer:                       Anderson mixer
Mixing parameter:                  0.200000
Maximal SCC-cycles:                     100
Nr. of chrg. vectors to mix:              8
Electronic temperature:        0.100000E-07
Initial charges:             Set automatically (system chrg:   0.000E+00)
Included shells:              C:  s, p
                              N:  s, p
                              H:  s
Full 3rd order correction    Yes
Damped SCC                   Yes
Damped specie(s):            H                                                 
Extra options:
--------------------------------------------------------------------------------
 

********************************************************************************
** Geometry step: 0
********************************************************************************

  iSCC Total electronic   Diff electronic      SCC error    
    1   -0.17532868E+02    0.00000000E+00    0.46078408E+00
    2   -0.17532940E+02   -0.72109167E-04    0.45448212E+00
    3   -0.17534912E+02   -0.19726070E-02    0.56218760E-01
    4   -0.17534881E+02    0.30936352E-04    0.45947792E-01
    5   -0.17534922E+02   -0.40702211E-04    0.62072528E-01
    6   -0.17534987E+02   -0.64549080E-04    0.14640246E-01
    7   -0.17534987E+02   -0.21370022E-06    0.13591915E-01
    8   -0.17534993E+02   -0.59983020E-05    0.37417323E-02
    9   -0.17534993E+02    0.32586215E-07    0.15527915E-02
   10   -0.17534993E+02   -0.16331838E-06    0.74889968E-03
   11   -0.17534993E+02   -0.69285768E-08    0.19210330E-03
   12   -0.17534993E+02   -0.97576702E-09    0.42037777E-04
   13   -0.17534993E+02   -0.25067948E-10    0.10421871E-04
   14   -0.17534993E+02   -0.14850343E-11    0.65384596E-06
>> Charges saved for restart in charges.bin
 
 Total Energy:                     -17.5408298006 H
 Total Mermin free energy:         -17.5408298006 H
