================================================================================
==
==   Density Functional based Tight Binding with a lot of extensions (DFTB+)    
==
==                              Release: 1.2 (p2)
==
==                            (ParserVersion = 4)
==
================================================================================


********************************************************************************
** Parsing and initializing
********************************************************************************

Interpreting input file 'dftb_in.hsd'
--------------------------------------------------------------------------------
WARNING!
-> WriteHSDInput and WriteXMLInput both turned off. You won't eventually be 
 able to obtain the same results with a later version of the code!
Path: dftb_in/ParserOptions
Line: 76-79 (File: dftb_in.hsd)

Reading SK-files:
  /home/andersx/parameters/3ob-3-1/C-C.skf
  /home/andersx/parameters/3ob-3-1/C-N.skf
  /home/andersx/parameters/3ob-3-1/C-H.skf
  /home/andersx/parameters/3ob-3-1/N-C.skf
  /home/andersx/parameters/3ob-3-1/N-N.skf
  /home/andersx/parameters/3ob-3-1/N-H.skf
  /home/andersx/parameters/3ob-3-1/H-C.skf
  /home/andersx/parameters/3ob-3-1/H-N.skf
  /home/andersx/parameters/3ob-3-1/H-H.skf
Done.

Starting initialization...
--------------------------------------------------------------------------------
Mode:                        Static calculation
Self consistent charges:     Yes
SCC-tolerance:                 0.100000E-05
Max. scc iterations:                    100
Ewald alpha parameter:         0.000000E+00
Spin polarisation:           No
Nr. of up electrons:            20.000000
Nr. of down electrons:          20.000000
Periodic boundaries:         No
Diagonalizer:                Divide and Conquer
Mixer:                       Anderson mixer
Mixing parameter:                  0.200000
Maximal SCC-cycles:                     100
Nr. of chrg. vectors to mix:              8
Electronic temperature:        0.100000E-07
Initial charges:             Set automatically (system chrg:   0.000E+00)
Included shells:              C:  s, p
                              N:  s, p
                              H:  s
Full 3rd order correction    Yes
Damped SCC                   Yes
Damped specie(s):            H                                                 
Extra options:
--------------------------------------------------------------------------------
 

********************************************************************************
** Geometry step: 0
********************************************************************************

  iSCC Total electronic   Diff electronic      SCC error    
    1   -0.17330494E+02    0.00000000E+00    0.86687660E+00
    2   -0.17330846E+02   -0.35240716E-03    0.85337311E+00
    3   -0.17337697E+02   -0.68504690E-02    0.19847745E+00
    4   -0.17337238E+02    0.45890834E-03    0.17899210E+00
    5   -0.17337105E+02    0.13220601E-03    0.22557523E+00
    6   -0.17338603E+02   -0.14978994E-02    0.68348299E-01
    7   -0.17338624E+02   -0.20355159E-04    0.58618757E-01
    8   -0.17338666E+02   -0.41998434E-04    0.34736968E-01
    9   -0.17338696E+02   -0.30221870E-04    0.39929418E-02
   10   -0.17338696E+02   -0.26067043E-06    0.37284181E-02
   11   -0.17338697E+02   -0.87231724E-06    0.48486729E-03
   12   -0.17338697E+02   -0.56790235E-08    0.19453474E-03
   13   -0.17338697E+02   -0.41313406E-08    0.22497860E-04
   14   -0.17338697E+02   -0.42067683E-10    0.57956505E-05
   15   -0.17338697E+02   -0.11191048E-11    0.10783573E-05
   16   -0.17338697E+02   -0.28421709E-13    0.94649639E-07
>> Charges saved for restart in charges.bin
 
 Total Energy:                     -17.1059146813 H
 Total Mermin free energy:         -17.1059146813 H
