================================================================================
==
==   Density Functional based Tight Binding with a lot of extensions (DFTB+)    
==
==                              Release: 1.2 (p2)
==
==                            (ParserVersion = 4)
==
================================================================================


********************************************************************************
** Parsing and initializing
********************************************************************************

Interpreting input file 'dftb_in.hsd'
--------------------------------------------------------------------------------
WARNING!
-> WriteHSDInput and WriteXMLInput both turned off. You won't eventually be 
 able to obtain the same results with a later version of the code!
Path: dftb_in/ParserOptions
Line: 76-79 (File: dftb_in.hsd)

Reading SK-files:
  /home/andersx/parameters/3ob-3-1/C-C.skf
  /home/andersx/parameters/3ob-3-1/C-N.skf
  /home/andersx/parameters/3ob-3-1/C-H.skf
  /home/andersx/parameters/3ob-3-1/N-C.skf
  /home/andersx/parameters/3ob-3-1/N-N.skf
  /home/andersx/parameters/3ob-3-1/N-H.skf
  /home/andersx/parameters/3ob-3-1/H-C.skf
  /home/andersx/parameters/3ob-3-1/H-N.skf
  /home/andersx/parameters/3ob-3-1/H-H.skf
Done.

Starting initialization...
--------------------------------------------------------------------------------
Mode:                        Static calculation
Self consistent charges:     Yes
SCC-tolerance:                 0.100000E-05
Max. scc iterations:                    100
Ewald alpha parameter:         0.000000E+00
Spin polarisation:           No
Nr. of up electrons:            20.000000
Nr. of down electrons:          20.000000
Periodic boundaries:         No
Diagonalizer:                Divide and Conquer
Mixer:                       Anderson mixer
Mixing parameter:                  0.200000
Maximal SCC-cycles:                     100
Nr. of chrg. vectors to mix:              8
Electronic temperature:        0.100000E-07
Initial charges:             Set automatically (system chrg:   0.000E+00)
Included shells:              C:  s, p
                              N:  s, p
                              H:  s
Full 3rd order correction    Yes
Damped SCC                   Yes
Damped specie(s):            H                                                 
Extra options:
--------------------------------------------------------------------------------
 

********************************************************************************
** Geometry step: 0
********************************************************************************

  iSCC Total electronic   Diff electronic      SCC error    
    1   -0.17328193E+02    0.00000000E+00    0.87012968E+00
    2   -0.17328571E+02   -0.37738634E-03    0.85631864E+00
    3   -0.17335412E+02   -0.68408663E-02    0.20052759E+00
    4   -0.17334882E+02    0.53011478E-03    0.18094681E+00
    5   -0.17334970E+02   -0.88356597E-04    0.24914841E+00
    6   -0.17336634E+02   -0.16641052E-02    0.75989053E-01
    7   -0.17336710E+02   -0.76053538E-04    0.41865691E-01
    8   -0.17336751E+02   -0.41336019E-04    0.16725784E-01
    9   -0.17336758E+02   -0.69225357E-05    0.38113755E-02
   10   -0.17336759E+02   -0.27094858E-06    0.33927838E-02
   11   -0.17336759E+02   -0.72009837E-06    0.90377082E-03
   12   -0.17336759E+02   -0.86030383E-08    0.76408063E-03
   13   -0.17336759E+02   -0.90540233E-08    0.15842685E-03
   14   -0.17336759E+02   -0.30056349E-08    0.10171998E-03
   15   -0.17336759E+02   -0.38413717E-09    0.64422435E-05
   16   -0.17336759E+02   -0.39328540E-11    0.18539171E-05
   17   -0.17336759E+02   -0.22026825E-12    0.29280058E-06
>> Charges saved for restart in charges.bin
 
 Total Energy:                     -17.1041305554 H
 Total Mermin free energy:         -17.1041305554 H
