================================================================================
==
==   Density Functional based Tight Binding with a lot of extensions (DFTB+)    
==
==                              Release: 1.2 (p2)
==
==                            (ParserVersion = 4)
==
================================================================================


********************************************************************************
** Parsing and initializing
********************************************************************************

Interpreting input file 'dftb_in.hsd'
--------------------------------------------------------------------------------
WARNING!
-> WriteHSDInput and WriteXMLInput both turned off. You won't eventually be 
 able to obtain the same results with a later version of the code!
Path: dftb_in/ParserOptions
Line: 79-82 (File: dftb_in.hsd)

Reading SK-files:
  /home/andersx/parameters/3ob-3-1/C-C.skf
  /home/andersx/parameters/3ob-3-1/C-N.skf
  /home/andersx/parameters/3ob-3-1/C-H.skf
  /home/andersx/parameters/3ob-3-1/N-C.skf
  /home/andersx/parameters/3ob-3-1/N-N.skf
  /home/andersx/parameters/3ob-3-1/N-H.skf
  /home/andersx/parameters/3ob-3-1/H-C.skf
  /home/andersx/parameters/3ob-3-1/H-N.skf
  /home/andersx/parameters/3ob-3-1/H-H.skf
Done.

Starting initialization...
--------------------------------------------------------------------------------
Mode:                        Static calculation
Self consistent charges:     Yes
SCC-tolerance:                 0.100000E-05
Max. scc iterations:                    100
Ewald alpha parameter:         0.000000E+00
Spin polarisation:           No
Nr. of up electrons:            21.000000
Nr. of down electrons:          21.000000
Periodic boundaries:         No
Diagonalizer:                Divide and Conquer
Mixer:                       Anderson mixer
Mixing parameter:                  0.200000
Maximal SCC-cycles:                     100
Nr. of chrg. vectors to mix:              8
Electronic temperature:        0.100000E-07
Initial charges:             Set automatically (system chrg:   0.000E+00)
Included shells:              C:  s, p
                              N:  s, p
                              H:  s
Full 3rd order correction    Yes
Damped SCC                   Yes
Damped specie(s):            H                                                 
Extra options:
--------------------------------------------------------------------------------
 

********************************************************************************
** Geometry step: 0
********************************************************************************

  iSCC Total electronic   Diff electronic      SCC error    
    1   -0.17449376E+02    0.00000000E+00    0.41336226E+00
    2   -0.17449575E+02   -0.19914347E-03    0.40618461E+00
    3   -0.17454899E+02   -0.53238760E-02    0.83209656E-01
    4   -0.17454842E+02    0.56790371E-04    0.75075612E-01
    5   -0.17454852E+02   -0.99547084E-05    0.69847483E-01
    6   -0.17454982E+02   -0.12937863E-03    0.58007985E-02
    7   -0.17454981E+02    0.69043902E-06    0.87229737E-02
    8   -0.17454984E+02   -0.35501261E-05    0.49257923E-02
    9   -0.17454984E+02    0.31401335E-08    0.11725423E-02
   10   -0.17454985E+02   -0.42210704E-07    0.52065767E-03
   11   -0.17454985E+02   -0.28701272E-08    0.16738456E-03
   12   -0.17454985E+02   -0.55739235E-09    0.15612962E-04
   13   -0.17454985E+02   -0.10196288E-10    0.42064415E-05
   14   -0.17454985E+02   -0.71764816E-12    0.76876373E-06
>> Charges saved for restart in charges.bin
 
 Total Energy:                     -17.5163042033 H
 Total Mermin free energy:         -17.5163042033 H
