================================================================================
==
==   Density Functional based Tight Binding with a lot of extensions (DFTB+)    
==
==                              Release: 1.2 (p2)
==
==                            (ParserVersion = 4)
==
================================================================================


********************************************************************************
** Parsing and initializing
********************************************************************************

Interpreting input file 'dftb_in.hsd'
--------------------------------------------------------------------------------
WARNING!
-> WriteHSDInput and WriteXMLInput both turned off. You won't eventually be 
 able to obtain the same results with a later version of the code!
Path: dftb_in/ParserOptions
Line: 70-73 (File: dftb_in.hsd)

Reading SK-files:
  /home/andersx/parameters/3ob-3-1/C-C.skf
  /home/andersx/parameters/3ob-3-1/C-H.skf
  /home/andersx/parameters/3ob-3-1/H-C.skf
  /home/andersx/parameters/3ob-3-1/H-H.skf
Done.

Starting initialization...
--------------------------------------------------------------------------------
Mode:                        Static calculation
Self consistent charges:     Yes
SCC-tolerance:                 0.100000E-05
Max. scc iterations:                    100
Ewald alpha parameter:         0.000000E+00
Spin polarisation:           No
Nr. of up electrons:            18.000000
Nr. of down electrons:          18.000000
Periodic boundaries:         No
Diagonalizer:                Divide and Conquer
Mixer:                       Anderson mixer
Mixing parameter:                  0.200000
Maximal SCC-cycles:                     100
Nr. of chrg. vectors to mix:              8
Electronic temperature:        0.100000E-07
Initial charges:             Set automatically (system chrg:   0.000E+00)
Included shells:              C:  s, p
                              H:  s
Full 3rd order correction    Yes
Damped SCC                   Yes
Damped specie(s):            H                                                 
Extra options:
--------------------------------------------------------------------------------
 

********************************************************************************
** Geometry step: 0
********************************************************************************

  iSCC Total electronic   Diff electronic      SCC error    
    1   -0.14633869E+02    0.00000000E+00    0.26144647E+00
    2   -0.14633893E+02   -0.23786029E-04    0.25876129E+00
    3   -0.14634573E+02   -0.68084420E-03    0.54945198E-01
    4   -0.14634562E+02    0.10957771E-04    0.45339164E-01
    5   -0.14634547E+02    0.15513007E-04    0.46741531E-01
    6   -0.14634589E+02   -0.42073389E-04    0.67724096E-02
    7   -0.14634589E+02    0.18068716E-07    0.47572736E-02
    8   -0.14634589E+02   -0.28502321E-06    0.32865862E-02
    9   -0.14634589E+02   -0.21212092E-06    0.40793466E-03
   10   -0.14634589E+02   -0.53266440E-08    0.99647925E-04
   11   -0.14634589E+02   -0.19059616E-08    0.14064412E-04
   12   -0.14634589E+02   -0.11061374E-10    0.48647774E-05
   13   -0.14634589E+02   -0.26467717E-12    0.39339131E-06
>> Charges saved for restart in charges.bin
 
 Total Energy:                     -14.8151596665 H
 Total Mermin free energy:         -14.8151596665 H
