================================================================================
==
==   Density Functional based Tight Binding with a lot of extensions (DFTB+)    
==
==                              Release: 1.2 (p2)
==
==                            (ParserVersion = 4)
==
================================================================================


********************************************************************************
** Parsing and initializing
********************************************************************************

Interpreting input file 'dftb_in.hsd'
--------------------------------------------------------------------------------
WARNING!
-> WriteHSDInput and WriteXMLInput both turned off. You won't eventually be 
 able to obtain the same results with a later version of the code!
Path: dftb_in/ParserOptions
Line: 79-82 (File: dftb_in.hsd)

Reading SK-files:
  /home/andersx/parameters/3ob-3-1/C-C.skf
  /home/andersx/parameters/3ob-3-1/C-N.skf
  /home/andersx/parameters/3ob-3-1/C-H.skf
  /home/andersx/parameters/3ob-3-1/N-C.skf
  /home/andersx/parameters/3ob-3-1/N-N.skf
  /home/andersx/parameters/3ob-3-1/N-H.skf
  /home/andersx/parameters/3ob-3-1/H-C.skf
  /home/andersx/parameters/3ob-3-1/H-N.skf
  /home/andersx/parameters/3ob-3-1/H-H.skf
Done.

Starting initialization...
--------------------------------------------------------------------------------
Mode:                        Static calculation
Self consistent charges:     Yes
SCC-tolerance:                 0.100000E-05
Max. scc iterations:                    100
Ewald alpha parameter:         0.000000E+00
Spin polarisation:           No
Nr. of up electrons:            21.000000
Nr. of down electrons:          21.000000
Periodic boundaries:         No
Diagonalizer:                Divide and Conquer
Mixer:                       Anderson mixer
Mixing parameter:                  0.200000
Maximal SCC-cycles:                     100
Nr. of chrg. vectors to mix:              8
Electronic temperature:        0.100000E-07
Initial charges:             Set automatically (system chrg:   0.000E+00)
Included shells:              C:  s, p
                              N:  s, p
                              H:  s
Full 3rd order correction    Yes
Damped SCC                   Yes
Damped specie(s):            H                                                 
Extra options:
--------------------------------------------------------------------------------
 

********************************************************************************
** Geometry step: 0
********************************************************************************

  iSCC Total electronic   Diff electronic      SCC error    
    1   -0.17510715E+02    0.00000000E+00    0.33881269E+00
    2   -0.17510849E+02   -0.13440700E-03    0.33322685E+00
    3   -0.17514571E+02   -0.37216542E-02    0.69465820E-01
    4   -0.17514535E+02    0.35511043E-04    0.63510295E-01
    5   -0.17514654E+02   -0.11883932E-03    0.39537455E-01
    6   -0.17514679E+02   -0.24460041E-04    0.20188681E-01
    7   -0.17514678E+02    0.27413397E-06    0.20492015E-01
    8   -0.17514692E+02   -0.13212428E-04    0.19859399E-02
    9   -0.17514692E+02   -0.67210198E-07    0.16794677E-02
   10   -0.17514692E+02   -0.53606623E-07    0.21161633E-03
   11   -0.17514692E+02   -0.14712178E-08    0.61894099E-04
   12   -0.17514692E+02   -0.36051517E-09    0.13828269E-04
   13   -0.17514692E+02   -0.70130568E-11    0.36338344E-05
   14   -0.17514692E+02   -0.24868996E-12    0.47565851E-06
>> Charges saved for restart in charges.bin
 
 Total Energy:                     -17.5279370188 H
 Total Mermin free energy:         -17.5279370188 H
