================================================================================
==
==   Density Functional based Tight Binding with a lot of extensions (DFTB+)    
==
==                              Release: 1.2 (p2)
==
==                            (ParserVersion = 4)
==
================================================================================


********************************************************************************
** Parsing and initializing
********************************************************************************

Interpreting input file 'dftb_in.hsd'
--------------------------------------------------------------------------------
WARNING!
-> WriteHSDInput and WriteXMLInput both turned off. You won't eventually be 
 able to obtain the same results with a later version of the code!
Path: dftb_in/ParserOptions
Line: 81-84 (File: dftb_in.hsd)

Reading SK-files:
  /home/andersx/parameters/3ob-3-1/C-C.skf
  /home/andersx/parameters/3ob-3-1/C-N.skf
  /home/andersx/parameters/3ob-3-1/C-H.skf
  /home/andersx/parameters/3ob-3-1/N-C.skf
  /home/andersx/parameters/3ob-3-1/N-N.skf
  /home/andersx/parameters/3ob-3-1/N-H.skf
  /home/andersx/parameters/3ob-3-1/H-C.skf
  /home/andersx/parameters/3ob-3-1/H-N.skf
  /home/andersx/parameters/3ob-3-1/H-H.skf
Done.

Starting initialization...
--------------------------------------------------------------------------------
Mode:                        Static calculation
Self consistent charges:     Yes
SCC-tolerance:                 0.100000E-05
Max. scc iterations:                    100
Ewald alpha parameter:         0.000000E+00
Spin polarisation:           No
Nr. of up electrons:            22.000000
Nr. of down electrons:          22.000000
Periodic boundaries:         No
Diagonalizer:                Divide and Conquer
Mixer:                       Anderson mixer
Mixing parameter:                  0.200000
Maximal SCC-cycles:                     100
Nr. of chrg. vectors to mix:              8
Electronic temperature:        0.100000E-07
Initial charges:             Set automatically (system chrg:   0.000E+00)
Included shells:              C:  s, p
                              N:  s, p
                              H:  s
Full 3rd order correction    Yes
Damped SCC                   Yes
Damped specie(s):            H                                                 
Extra options:
--------------------------------------------------------------------------------
 

********************************************************************************
** Geometry step: 0
********************************************************************************

  iSCC Total electronic   Diff electronic      SCC error    
    1   -0.18203731E+02    0.00000000E+00    0.34192459E+00
    2   -0.18203867E+02   -0.13588641E-03    0.33620812E+00
    3   -0.18207630E+02   -0.37626665E-02    0.75764076E-01
    4   -0.18207586E+02    0.43764225E-04    0.68191834E-01
    5   -0.18207642E+02   -0.55751629E-04    0.52611028E-01
    6   -0.18207709E+02   -0.67537403E-04    0.51002895E-02
    7   -0.18207710E+02   -0.12614928E-06    0.46051213E-02
    8   -0.18207712E+02   -0.29639155E-05    0.24882335E-02
    9   -0.18207712E+02    0.31385277E-08    0.10300339E-02
   10   -0.18207712E+02   -0.18786501E-07    0.55638977E-03
   11   -0.18207712E+02   -0.21471358E-08    0.12674530E-03
   12   -0.18207712E+02   -0.26786751E-09    0.16562701E-04
   13   -0.18207712E+02   -0.30556890E-10    0.37839921E-05
   14   -0.18207712E+02   -0.92370556E-12    0.56286156E-06
>> Charges saved for restart in charges.bin
 
 Total Energy:                     -18.3160782902 H
 Total Mermin free energy:         -18.3160782902 H
