================================================================================
==
==   Density Functional based Tight Binding with a lot of extensions (DFTB+)    
==
==                              Release: 1.2 (p2)
==
==                            (ParserVersion = 4)
==
================================================================================


********************************************************************************
** Parsing and initializing
********************************************************************************

Interpreting input file 'dftb_in.hsd'
--------------------------------------------------------------------------------
WARNING!
-> WriteHSDInput and WriteXMLInput both turned off. You won't eventually be 
 able to obtain the same results with a later version of the code!
Path: dftb_in/ParserOptions
Line: 76-79 (File: dftb_in.hsd)

Reading SK-files:
  /home/andersx/parameters/3ob-3-1/C-C.skf
  /home/andersx/parameters/3ob-3-1/C-N.skf
  /home/andersx/parameters/3ob-3-1/C-H.skf
  /home/andersx/parameters/3ob-3-1/N-C.skf
  /home/andersx/parameters/3ob-3-1/N-N.skf
  /home/andersx/parameters/3ob-3-1/N-H.skf
  /home/andersx/parameters/3ob-3-1/H-C.skf
  /home/andersx/parameters/3ob-3-1/H-N.skf
  /home/andersx/parameters/3ob-3-1/H-H.skf
Done.

Starting initialization...
--------------------------------------------------------------------------------
Mode:                        Static calculation
Self consistent charges:     Yes
SCC-tolerance:                 0.100000E-05
Max. scc iterations:                    100
Ewald alpha parameter:         0.000000E+00
Spin polarisation:           No
Nr. of up electrons:            20.000000
Nr. of down electrons:          20.000000
Periodic boundaries:         No
Diagonalizer:                Divide and Conquer
Mixer:                       Anderson mixer
Mixing parameter:                  0.200000
Maximal SCC-cycles:                     100
Nr. of chrg. vectors to mix:              8
Electronic temperature:        0.100000E-07
Initial charges:             Set automatically (system chrg:   0.000E+00)
Included shells:              C:  s, p
                              N:  s, p
                              H:  s
Full 3rd order correction    Yes
Damped SCC                   Yes
Damped specie(s):            H                                                 
Extra options:
--------------------------------------------------------------------------------
 

********************************************************************************
** Geometry step: 0
********************************************************************************

  iSCC Total electronic   Diff electronic      SCC error    
    1   -0.17318512E+02    0.00000000E+00    0.82401557E+00
    2   -0.17319065E+02   -0.55322599E-03    0.81044159E+00
    3   -0.17330418E+02   -0.11352571E-01    0.17852610E+00
    4   -0.17330043E+02    0.37541256E-03    0.17912258E+00
    5   -0.17330633E+02   -0.59080132E-03    0.13364641E+00
    6   -0.17331467E+02   -0.83328598E-03    0.25397229E-01
    7   -0.17331478E+02   -0.10919668E-04    0.16788039E-01
    8   -0.17331483E+02   -0.54682872E-05    0.11239336E-01
    9   -0.17331485E+02   -0.14144688E-05    0.86579763E-02
   10   -0.17331486E+02   -0.13330444E-05    0.74600181E-02
   11   -0.17331488E+02   -0.20330352E-05    0.10567082E-02
   12   -0.17331488E+02   -0.58131356E-07    0.64104293E-03
   13   -0.17331488E+02   -0.27082567E-07    0.17211998E-03
   14   -0.17331488E+02   -0.20872193E-08    0.51536045E-04
   15   -0.17331488E+02   -0.19015545E-09    0.49303207E-05
   16   -0.17331488E+02   -0.99120712E-12    0.33514502E-06
>> Charges saved for restart in charges.bin
 
 Total Energy:                     -17.0905561449 H
 Total Mermin free energy:         -17.0905561449 H
