================================================================================
==
==   Density Functional based Tight Binding with a lot of extensions (DFTB+)    
==
==                              Release: 1.2 (p2)
==
==                            (ParserVersion = 4)
==
================================================================================


********************************************************************************
** Parsing and initializing
********************************************************************************

Interpreting input file 'dftb_in.hsd'
--------------------------------------------------------------------------------
WARNING!
-> WriteHSDInput and WriteXMLInput both turned off. You won't eventually be 
 able to obtain the same results with a later version of the code!
Path: dftb_in/ParserOptions
Line: 78-81 (File: dftb_in.hsd)

Reading SK-files:
  /home/andersx/parameters/3ob-3-1/C-C.skf
  /home/andersx/parameters/3ob-3-1/C-N.skf
  /home/andersx/parameters/3ob-3-1/C-H.skf
  /home/andersx/parameters/3ob-3-1/N-C.skf
  /home/andersx/parameters/3ob-3-1/N-N.skf
  /home/andersx/parameters/3ob-3-1/N-H.skf
  /home/andersx/parameters/3ob-3-1/H-C.skf
  /home/andersx/parameters/3ob-3-1/H-N.skf
  /home/andersx/parameters/3ob-3-1/H-H.skf
Done.

Starting initialization...
--------------------------------------------------------------------------------
Mode:                        Static calculation
Self consistent charges:     Yes
SCC-tolerance:                 0.100000E-05
Max. scc iterations:                    100
Ewald alpha parameter:         0.000000E+00
Spin polarisation:           No
Nr. of up electrons:            21.000000
Nr. of down electrons:          21.000000
Periodic boundaries:         No
Diagonalizer:                Divide and Conquer
Mixer:                       Anderson mixer
Mixing parameter:                  0.200000
Maximal SCC-cycles:                     100
Nr. of chrg. vectors to mix:              8
Electronic temperature:        0.100000E-07
Initial charges:             Set automatically (system chrg:   0.000E+00)
Included shells:              C:  s, p
                              N:  s, p
                              H:  s
Full 3rd order correction    Yes
Damped SCC                   Yes
Damped specie(s):            H                                                 
Extra options:
--------------------------------------------------------------------------------
 

********************************************************************************
** Geometry step: 0
********************************************************************************

  iSCC Total electronic   Diff electronic      SCC error    
    1   -0.17995182E+02    0.00000000E+00    0.87154329E+00
    2   -0.17995642E+02   -0.46023385E-03    0.85754394E+00
    3   -0.18004638E+02   -0.89962137E-02    0.19482055E+00
    4   -0.18004159E+02    0.47942761E-03    0.18779206E+00
    5   -0.18004045E+02    0.11402764E-03    0.22249252E+00
    6   -0.18005610E+02   -0.15651438E-02    0.61622619E-01
    7   -0.18005633E+02   -0.22694990E-04    0.53229136E-01
    8   -0.18005666E+02   -0.33718326E-04    0.31082942E-01
    9   -0.18005691E+02   -0.24565646E-04    0.23220445E-02
   10   -0.18005691E+02   -0.45129660E-07    0.31675799E-02
   11   -0.18005691E+02   -0.25433112E-06    0.33757166E-03
   12   -0.18005691E+02   -0.36406036E-07    0.25940322E-03
   13   -0.18005691E+02   -0.14239667E-08    0.36314123E-04
   14   -0.18005691E+02   -0.30860292E-09    0.16022490E-04
   15   -0.18005691E+02   -0.47712945E-11    0.11187616E-05
   16   -0.18005691E+02   -0.10658141E-13    0.18562101E-06
>> Charges saved for restart in charges.bin
 
 Total Energy:                     -17.8710126530 H
 Total Mermin free energy:         -17.8710126530 H
