================================================================================
==
==   Density Functional based Tight Binding with a lot of extensions (DFTB+)    
==
==                              Release: 1.2 (p2)
==
==                            (ParserVersion = 4)
==
================================================================================


********************************************************************************
** Parsing and initializing
********************************************************************************

Interpreting input file 'dftb_in.hsd'
--------------------------------------------------------------------------------
WARNING!
-> WriteHSDInput and WriteXMLInput both turned off. You won't eventually be 
 able to obtain the same results with a later version of the code!
Path: dftb_in/ParserOptions
Line: 78-81 (File: dftb_in.hsd)

Reading SK-files:
  /home/andersx/parameters/3ob-3-1/C-C.skf
  /home/andersx/parameters/3ob-3-1/C-N.skf
  /home/andersx/parameters/3ob-3-1/C-H.skf
  /home/andersx/parameters/3ob-3-1/N-C.skf
  /home/andersx/parameters/3ob-3-1/N-N.skf
  /home/andersx/parameters/3ob-3-1/N-H.skf
  /home/andersx/parameters/3ob-3-1/H-C.skf
  /home/andersx/parameters/3ob-3-1/H-N.skf
  /home/andersx/parameters/3ob-3-1/H-H.skf
Done.

Starting initialization...
--------------------------------------------------------------------------------
Mode:                        Static calculation
Self consistent charges:     Yes
SCC-tolerance:                 0.100000E-05
Max. scc iterations:                    100
Ewald alpha parameter:         0.000000E+00
Spin polarisation:           No
Nr. of up electrons:            21.000000
Nr. of down electrons:          21.000000
Periodic boundaries:         No
Diagonalizer:                Divide and Conquer
Mixer:                       Anderson mixer
Mixing parameter:                  0.200000
Maximal SCC-cycles:                     100
Nr. of chrg. vectors to mix:              8
Electronic temperature:        0.100000E-07
Initial charges:             Set automatically (system chrg:   0.000E+00)
Included shells:              C:  s, p
                              N:  s, p
                              H:  s
Full 3rd order correction    Yes
Damped SCC                   Yes
Damped specie(s):            H                                                 
Extra options:
--------------------------------------------------------------------------------
 

********************************************************************************
** Geometry step: 0
********************************************************************************

  iSCC Total electronic   Diff electronic      SCC error    
    1   -0.17993647E+02    0.00000000E+00    0.86931978E+00
    2   -0.17994123E+02   -0.47539722E-03    0.85531415E+00
    3   -0.18003588E+02   -0.94649392E-02    0.19246029E+00
    4   -0.18003137E+02    0.45107862E-03    0.18601371E+00
    5   -0.18002882E+02    0.25434222E-03    0.21390469E+00
    6   -0.18004415E+02   -0.15323545E-02    0.55061851E-01
    7   -0.18004497E+02   -0.81973284E-04    0.15308591E-01
    8   -0.18004497E+02   -0.34396483E-06    0.16360637E-01
    9   -0.18004501E+02   -0.41097263E-05    0.26346669E-02
   10   -0.18004501E+02    0.26341734E-07    0.39714611E-02
   11   -0.18004501E+02   -0.38341185E-06    0.45923528E-03
   12   -0.18004501E+02   -0.23542508E-07    0.35794495E-03
   13   -0.18004501E+02   -0.17785027E-08    0.69528163E-04
   14   -0.18004501E+02   -0.27513636E-09    0.26908898E-04
   15   -0.18004501E+02   -0.68993700E-11    0.65727451E-06
>> Charges saved for restart in charges.bin
 
 Total Energy:                     -17.8695164595 H
 Total Mermin free energy:         -17.8695164595 H
