================================================================================
==
==   Density Functional based Tight Binding with a lot of extensions (DFTB+)    
==
==                              Release: 1.2 (p2)
==
==                            (ParserVersion = 4)
==
================================================================================


********************************************************************************
** Parsing and initializing
********************************************************************************

Interpreting input file 'dftb_in.hsd'
--------------------------------------------------------------------------------
WARNING!
-> WriteHSDInput and WriteXMLInput both turned off. You won't eventually be 
 able to obtain the same results with a later version of the code!
Path: dftb_in/ParserOptions
Line: 74-77 (File: dftb_in.hsd)

Reading SK-files:
  /home/andersx/parameters/3ob-3-1/C-C.skf
  /home/andersx/parameters/3ob-3-1/C-N.skf
  /home/andersx/parameters/3ob-3-1/C-H.skf
  /home/andersx/parameters/3ob-3-1/N-C.skf
  /home/andersx/parameters/3ob-3-1/N-N.skf
  /home/andersx/parameters/3ob-3-1/N-H.skf
  /home/andersx/parameters/3ob-3-1/H-C.skf
  /home/andersx/parameters/3ob-3-1/H-N.skf
  /home/andersx/parameters/3ob-3-1/H-H.skf
Done.

Starting initialization...
--------------------------------------------------------------------------------
Mode:                        Static calculation
Self consistent charges:     Yes
SCC-tolerance:                 0.100000E-05
Max. scc iterations:                    100
Ewald alpha parameter:         0.000000E+00
Spin polarisation:           No
Nr. of up electrons:            19.000000
Nr. of down electrons:          19.000000
Periodic boundaries:         No
Diagonalizer:                Divide and Conquer
Mixer:                       Anderson mixer
Mixing parameter:                  0.200000
Maximal SCC-cycles:                     100
Nr. of chrg. vectors to mix:              8
Electronic temperature:        0.100000E-07
Initial charges:             Set automatically (system chrg:   0.000E+00)
Included shells:              C:  s, p
                              N:  s, p
                              H:  s
Full 3rd order correction    Yes
Damped SCC                   Yes
Damped specie(s):            H                                                 
Extra options:
--------------------------------------------------------------------------------
 

********************************************************************************
** Geometry step: 0
********************************************************************************

  iSCC Total electronic   Diff electronic      SCC error    
    1   -0.16515913E+02    0.00000000E+00    0.33025364E+00
    2   -0.16516296E+02   -0.38290566E-03    0.32365723E+00
    3   -0.16524914E+02   -0.86177086E-02    0.16639254E+00
    4   -0.16524818E+02    0.95502974E-04    0.16028214E+00
    5   -0.16525200E+02   -0.38216930E-03    0.34621641E-01
    6   -0.16525208E+02   -0.79473113E-05    0.21576775E-01
    7   -0.16525203E+02    0.56338898E-05    0.20202233E-01
    8   -0.16525267E+02   -0.64289547E-04    0.68424906E-02
    9   -0.16525267E+02   -0.37203203E-06    0.58702906E-02
   10   -0.16525268E+02   -0.79376546E-06    0.35903680E-03
   11   -0.16525268E+02   -0.94386223E-08    0.21130214E-03
   12   -0.16525268E+02   -0.34023167E-08    0.71841756E-04
   13   -0.16525268E+02   -0.15800694E-09    0.77304736E-05
   14   -0.16525268E+02   -0.69029227E-11    0.24720835E-05
   15   -0.16525268E+02   -0.27711167E-12    0.25387973E-06
>> Charges saved for restart in charges.bin
 
 Total Energy:                     -16.2466879656 H
 Total Mermin free energy:         -16.2466879656 H
