================================================================================
==
==   Density Functional based Tight Binding with a lot of extensions (DFTB+)    
==
==                              Release: 1.2 (p2)
==
==                            (ParserVersion = 4)
==
================================================================================


********************************************************************************
** Parsing and initializing
********************************************************************************

Interpreting input file 'dftb_in.hsd'
--------------------------------------------------------------------------------
WARNING!
-> WriteHSDInput and WriteXMLInput both turned off. You won't eventually be 
 able to obtain the same results with a later version of the code!
Path: dftb_in/ParserOptions
Line: 78-81 (File: dftb_in.hsd)

Reading SK-files:
  /home/andersx/parameters/3ob-3-1/C-C.skf
  /home/andersx/parameters/3ob-3-1/C-N.skf
  /home/andersx/parameters/3ob-3-1/C-H.skf
  /home/andersx/parameters/3ob-3-1/N-C.skf
  /home/andersx/parameters/3ob-3-1/N-N.skf
  /home/andersx/parameters/3ob-3-1/N-H.skf
  /home/andersx/parameters/3ob-3-1/H-C.skf
  /home/andersx/parameters/3ob-3-1/H-N.skf
  /home/andersx/parameters/3ob-3-1/H-H.skf
Done.

Starting initialization...
--------------------------------------------------------------------------------
Mode:                        Static calculation
Self consistent charges:     Yes
SCC-tolerance:                 0.100000E-05
Max. scc iterations:                    100
Ewald alpha parameter:         0.000000E+00
Spin polarisation:           No
Nr. of up electrons:            21.000000
Nr. of down electrons:          21.000000
Periodic boundaries:         No
Diagonalizer:                Divide and Conquer
Mixer:                       Anderson mixer
Mixing parameter:                  0.200000
Maximal SCC-cycles:                     100
Nr. of chrg. vectors to mix:              8
Electronic temperature:        0.100000E-07
Initial charges:             Set automatically (system chrg:   0.000E+00)
Included shells:              C:  s, p
                              N:  s, p
                              H:  s
Full 3rd order correction    Yes
Damped SCC                   Yes
Damped specie(s):            H                                                 
Extra options:
--------------------------------------------------------------------------------
 

********************************************************************************
** Geometry step: 0
********************************************************************************

  iSCC Total electronic   Diff electronic      SCC error    
    1   -0.17945697E+02    0.00000000E+00    0.26581434E+00
    2   -0.17945808E+02   -0.11090279E-03    0.26304238E+00
    3   -0.17948761E+02   -0.29533942E-02    0.10149877E+00
    4   -0.17948705E+02    0.56295520E-04    0.10952720E+00
    5   -0.17949018E+02   -0.31306722E-03    0.27284928E-01
    6   -0.17949044E+02   -0.25795401E-04    0.14301550E-01
    7   -0.17949053E+02   -0.92045677E-05    0.14082095E-01
    8   -0.17949057E+02   -0.46290408E-05    0.46327171E-02
    9   -0.17949058E+02   -0.23276026E-06    0.44547230E-02
   10   -0.17949058E+02   -0.49194889E-06    0.26175954E-02
   11   -0.17949058E+02   -0.13962556E-08    0.13366252E-02
   12   -0.17949058E+02   -0.37912688E-07    0.27063211E-03
   13   -0.17949058E+02   -0.26548150E-08    0.16189231E-03
   14   -0.17949058E+02   -0.15954207E-08    0.12475335E-04
   15   -0.17949058E+02   -0.12118306E-10    0.38188780E-05
   16   -0.17949058E+02   -0.33040237E-12    0.11027036E-05
   17   -0.17949058E+02   -0.24868996E-13    0.19169759E-06
>> Charges saved for restart in charges.bin
 
 Total Energy:                     -17.8101681911 H
 Total Mermin free energy:         -17.8101681911 H
