================================================================================
==
==   Density Functional based Tight Binding with a lot of extensions (DFTB+)    
==
==                              Release: 1.2 (p2)
==
==                            (ParserVersion = 4)
==
================================================================================


********************************************************************************
** Parsing and initializing
********************************************************************************

Interpreting input file 'dftb_in.hsd'
--------------------------------------------------------------------------------
WARNING!
-> WriteHSDInput and WriteXMLInput both turned off. You won't eventually be 
 able to obtain the same results with a later version of the code!
Path: dftb_in/ParserOptions
Line: 78-81 (File: dftb_in.hsd)

Reading SK-files:
  /home/andersx/parameters/3ob-3-1/C-C.skf
  /home/andersx/parameters/3ob-3-1/C-N.skf
  /home/andersx/parameters/3ob-3-1/C-H.skf
  /home/andersx/parameters/3ob-3-1/N-C.skf
  /home/andersx/parameters/3ob-3-1/N-N.skf
  /home/andersx/parameters/3ob-3-1/N-H.skf
  /home/andersx/parameters/3ob-3-1/H-C.skf
  /home/andersx/parameters/3ob-3-1/H-N.skf
  /home/andersx/parameters/3ob-3-1/H-H.skf
Done.

Starting initialization...
--------------------------------------------------------------------------------
Mode:                        Static calculation
Self consistent charges:     Yes
SCC-tolerance:                 0.100000E-05
Max. scc iterations:                    100
Ewald alpha parameter:         0.000000E+00
Spin polarisation:           No
Nr. of up electrons:            21.000000
Nr. of down electrons:          21.000000
Periodic boundaries:         No
Diagonalizer:                Divide and Conquer
Mixer:                       Anderson mixer
Mixing parameter:                  0.200000
Maximal SCC-cycles:                     100
Nr. of chrg. vectors to mix:              8
Electronic temperature:        0.100000E-07
Initial charges:             Set automatically (system chrg:   0.000E+00)
Included shells:              C:  s, p
                              N:  s, p
                              H:  s
Full 3rd order correction    Yes
Damped SCC                   Yes
Damped specie(s):            H                                                 
Extra options:
--------------------------------------------------------------------------------
 

********************************************************************************
** Geometry step: 0
********************************************************************************

  iSCC Total electronic   Diff electronic      SCC error    
    1   -0.17946419E+02    0.00000000E+00    0.27844965E+00
    2   -0.17946555E+02   -0.13609111E-03    0.27566629E+00
    3   -0.17949901E+02   -0.33464772E-02    0.11034648E+00
    4   -0.17949816E+02    0.85571125E-04    0.11861442E+00
    5   -0.17950318E+02   -0.50268905E-03    0.29303412E-01
    6   -0.17950357E+02   -0.38850593E-04    0.14349901E-01
    7   -0.17950366E+02   -0.87755554E-05    0.13921466E-01
    8   -0.17950372E+02   -0.62733360E-05    0.43011159E-02
    9   -0.17950372E+02   -0.14050956E-06    0.38899698E-02
   10   -0.17950373E+02   -0.27957675E-06    0.20177735E-02
   11   -0.17950373E+02    0.49030717E-08    0.10434485E-02
   12   -0.17950373E+02   -0.13323717E-07    0.87105567E-04
   13   -0.17950373E+02   -0.11474448E-08    0.60813980E-04
   14   -0.17950373E+02   -0.66541261E-09    0.11991235E-04
   15   -0.17950373E+02   -0.23682389E-10    0.41666046E-05
   16   -0.17950373E+02   -0.18118840E-12    0.14443180E-05
   17   -0.17950373E+02   -0.35527137E-14    0.13425283E-06
>> Charges saved for restart in charges.bin
 
 Total Energy:                     -17.8110108552 H
 Total Mermin free energy:         -17.8110108552 H
