================================================================================
==
==   Density Functional based Tight Binding with a lot of extensions (DFTB+)    
==
==                              Release: 1.2 (p2)
==
==                            (ParserVersion = 4)
==
================================================================================


********************************************************************************
** Parsing and initializing
********************************************************************************

Interpreting input file 'dftb_in.hsd'
--------------------------------------------------------------------------------
WARNING!
-> WriteHSDInput and WriteXMLInput both turned off. You won't eventually be 
 able to obtain the same results with a later version of the code!
Path: dftb_in/ParserOptions
Line: 78-81 (File: dftb_in.hsd)

Reading SK-files:
  /home/andersx/parameters/3ob-3-1/C-C.skf
  /home/andersx/parameters/3ob-3-1/C-N.skf
  /home/andersx/parameters/3ob-3-1/C-H.skf
  /home/andersx/parameters/3ob-3-1/N-C.skf
  /home/andersx/parameters/3ob-3-1/N-N.skf
  /home/andersx/parameters/3ob-3-1/N-H.skf
  /home/andersx/parameters/3ob-3-1/H-C.skf
  /home/andersx/parameters/3ob-3-1/H-N.skf
  /home/andersx/parameters/3ob-3-1/H-H.skf
Done.

Starting initialization...
--------------------------------------------------------------------------------
Mode:                        Static calculation
Self consistent charges:     Yes
SCC-tolerance:                 0.100000E-05
Max. scc iterations:                    100
Ewald alpha parameter:         0.000000E+00
Spin polarisation:           No
Nr. of up electrons:            21.000000
Nr. of down electrons:          21.000000
Periodic boundaries:         No
Diagonalizer:                Divide and Conquer
Mixer:                       Anderson mixer
Mixing parameter:                  0.200000
Maximal SCC-cycles:                     100
Nr. of chrg. vectors to mix:              8
Electronic temperature:        0.100000E-07
Initial charges:             Set automatically (system chrg:   0.000E+00)
Included shells:              C:  s, p
                              N:  s, p
                              H:  s
Full 3rd order correction    Yes
Damped SCC                   Yes
Damped specie(s):            H                                                 
Extra options:
--------------------------------------------------------------------------------
 

********************************************************************************
** Geometry step: 0
********************************************************************************

  iSCC Total electronic   Diff electronic      SCC error    
    1   -0.17945348E+02    0.00000000E+00    0.28959090E+00
    2   -0.17945521E+02   -0.17315803E-03    0.28411441E+00
    3   -0.17949915E+02   -0.43943707E-02    0.74843452E-01
    4   -0.17949840E+02    0.75490046E-04    0.81199590E-01
    5   -0.17950085E+02   -0.24475493E-03    0.51941214E-01
    6   -0.17950186E+02   -0.10105484E-03    0.18089324E-01
    7   -0.17950187E+02   -0.16739138E-05    0.17987225E-01
    8   -0.17950204E+02   -0.16354999E-04    0.42852495E-02
    9   -0.17950204E+02   -0.68348442E-07    0.32784019E-02
   10   -0.17950204E+02   -0.12461922E-06    0.66010867E-03
   11   -0.17950204E+02   -0.15676179E-07    0.39397477E-03
   12   -0.17950204E+02   -0.55721969E-08    0.46674279E-04
   13   -0.17950204E+02   -0.18478374E-09    0.25337347E-04
   14   -0.17950204E+02   -0.60900618E-10    0.17413416E-05
   15   -0.17950204E+02   -0.23803182E-12    0.26344275E-06
>> Charges saved for restart in charges.bin
 
 Total Energy:                     -17.8135648670 H
 Total Mermin free energy:         -17.8135648670 H
