================================================================================
==
==   Density Functional based Tight Binding with a lot of extensions (DFTB+)    
==
==                              Release: 1.2 (p2)
==
==                            (ParserVersion = 4)
==
================================================================================


********************************************************************************
** Parsing and initializing
********************************************************************************

Interpreting input file 'dftb_in.hsd'
--------------------------------------------------------------------------------
WARNING!
-> WriteHSDInput and WriteXMLInput both turned off. You won't eventually be 
 able to obtain the same results with a later version of the code!
Path: dftb_in/ParserOptions
Line: 75-78 (File: dftb_in.hsd)

Reading SK-files:
  /home/andersx/parameters/3ob-3-1/C-C.skf
  /home/andersx/parameters/3ob-3-1/C-N.skf
  /home/andersx/parameters/3ob-3-1/C-H.skf
  /home/andersx/parameters/3ob-3-1/N-C.skf
  /home/andersx/parameters/3ob-3-1/N-N.skf
  /home/andersx/parameters/3ob-3-1/N-H.skf
  /home/andersx/parameters/3ob-3-1/H-C.skf
  /home/andersx/parameters/3ob-3-1/H-N.skf
  /home/andersx/parameters/3ob-3-1/H-H.skf
Done.

Starting initialization...
--------------------------------------------------------------------------------
Mode:                        Static calculation
Self consistent charges:     Yes
SCC-tolerance:                 0.100000E-05
Max. scc iterations:                    100
Ewald alpha parameter:         0.000000E+00
Spin polarisation:           No
Nr. of up electrons:            19.000000
Nr. of down electrons:          19.000000
Periodic boundaries:         No
Diagonalizer:                Divide and Conquer
Mixer:                       Anderson mixer
Mixing parameter:                  0.200000
Maximal SCC-cycles:                     100
Nr. of chrg. vectors to mix:              8
Electronic temperature:        0.100000E-07
Initial charges:             Set automatically (system chrg:   0.000E+00)
Included shells:              C:  s, p
                              N:  s, p
                              H:  s
Full 3rd order correction    Yes
Damped SCC                   Yes
Damped specie(s):            H                                                 
Extra options:
--------------------------------------------------------------------------------
 

********************************************************************************
** Geometry step: 0
********************************************************************************

  iSCC Total electronic   Diff electronic      SCC error    
    1   -0.16146554E+02    0.00000000E+00    0.59717013E+00
    2   -0.16147153E+02   -0.59911705E-03    0.58483055E+00
    3   -0.16160035E+02   -0.12881669E-01    0.12924746E+00
    4   -0.16159948E+02    0.86728949E-04    0.12407019E+00
    5   -0.16160167E+02   -0.21850754E-03    0.57944474E-01
    6   -0.16160276E+02   -0.10942035E-03    0.21463558E-01
    7   -0.16160276E+02    0.80153111E-07    0.21486413E-01
    8   -0.16160289E+02   -0.12709593E-04    0.20502747E-02
    9   -0.16160289E+02   -0.14523911E-06    0.71362693E-03
   10   -0.16160289E+02   -0.55876491E-07    0.15476745E-03
   11   -0.16160289E+02   -0.30564351E-09    0.60571801E-04
   12   -0.16160289E+02   -0.17191226E-09    0.72017791E-05
   13   -0.16160289E+02   -0.13891110E-11    0.10705186E-05
   14   -0.16160289E+02   -0.53290705E-13    0.23241319E-06
>> Charges saved for restart in charges.bin
 
 Total Energy:                     -16.0258557297 H
 Total Mermin free energy:         -16.0258557297 H
