================================================================================
==
==   Density Functional based Tight Binding with a lot of extensions (DFTB+)    
==
==                              Release: 1.2 (p2)
==
==                            (ParserVersion = 4)
==
================================================================================


********************************************************************************
** Parsing and initializing
********************************************************************************

Interpreting input file 'dftb_in.hsd'
--------------------------------------------------------------------------------
WARNING!
-> WriteHSDInput and WriteXMLInput both turned off. You won't eventually be 
 able to obtain the same results with a later version of the code!
Path: dftb_in/ParserOptions
Line: 79-82 (File: dftb_in.hsd)

Reading SK-files:
  /home/andersx/parameters/3ob-3-1/C-C.skf
  /home/andersx/parameters/3ob-3-1/C-N.skf
  /home/andersx/parameters/3ob-3-1/C-H.skf
  /home/andersx/parameters/3ob-3-1/N-C.skf
  /home/andersx/parameters/3ob-3-1/N-N.skf
  /home/andersx/parameters/3ob-3-1/N-H.skf
  /home/andersx/parameters/3ob-3-1/H-C.skf
  /home/andersx/parameters/3ob-3-1/H-N.skf
  /home/andersx/parameters/3ob-3-1/H-H.skf
Done.

Starting initialization...
--------------------------------------------------------------------------------
Mode:                        Static calculation
Self consistent charges:     Yes
SCC-tolerance:                 0.100000E-05
Max. scc iterations:                    100
Ewald alpha parameter:         0.000000E+00
Spin polarisation:           No
Nr. of up electrons:            21.000000
Nr. of down electrons:          21.000000
Periodic boundaries:         No
Diagonalizer:                Divide and Conquer
Mixer:                       Anderson mixer
Mixing parameter:                  0.200000
Maximal SCC-cycles:                     100
Nr. of chrg. vectors to mix:              8
Electronic temperature:        0.100000E-07
Initial charges:             Set automatically (system chrg:   0.000E+00)
Included shells:              C:  s, p
                              N:  s, p
                              H:  s
Full 3rd order correction    Yes
Damped SCC                   Yes
Damped specie(s):            H                                                 
Extra options:
--------------------------------------------------------------------------------
 

********************************************************************************
** Geometry step: 0
********************************************************************************

  iSCC Total electronic   Diff electronic      SCC error    
    1   -0.17496329E+02    0.00000000E+00    0.60220575E+00
    2   -0.17496358E+02   -0.29019646E-04    0.59498121E+00
    3   -0.17497067E+02   -0.70824278E-03    0.41769389E-01
    4   -0.17497048E+02    0.18772845E-04    0.35518540E-01
    5   -0.17497048E+02   -0.39316135E-06    0.36650634E-01
    6   -0.17497098E+02   -0.49381226E-04    0.98766830E-02
    7   -0.17497098E+02   -0.40652758E-07    0.54858294E-02
    8   -0.17497099E+02   -0.88992891E-06    0.46889454E-02
    9   -0.17497099E+02   -0.17676103E-06    0.49566556E-03
   10   -0.17497099E+02   -0.17652191E-07    0.83771414E-03
   11   -0.17497099E+02   -0.20974511E-08    0.11845304E-03
   12   -0.17497099E+02   -0.13608457E-08    0.46078227E-04
   13   -0.17497099E+02   -0.94644292E-10    0.55878979E-05
   14   -0.17497099E+02   -0.73185902E-12    0.76209555E-06
>> Charges saved for restart in charges.bin
 
 Total Energy:                     -17.5396528016 H
 Total Mermin free energy:         -17.5396528016 H
