================================================================================
==
==   Density Functional based Tight Binding with a lot of extensions (DFTB+)    
==
==                              Release: 1.2 (p2)
==
==                            (ParserVersion = 4)
==
================================================================================


********************************************************************************
** Parsing and initializing
********************************************************************************

Interpreting input file 'dftb_in.hsd'
--------------------------------------------------------------------------------
WARNING!
-> WriteHSDInput and WriteXMLInput both turned off. You won't eventually be 
 able to obtain the same results with a later version of the code!
Path: dftb_in/ParserOptions
Line: 78-81 (File: dftb_in.hsd)

Reading SK-files:
  /home/andersx/parameters/3ob-3-1/C-C.skf
  /home/andersx/parameters/3ob-3-1/C-N.skf
  /home/andersx/parameters/3ob-3-1/C-H.skf
  /home/andersx/parameters/3ob-3-1/N-C.skf
  /home/andersx/parameters/3ob-3-1/N-N.skf
  /home/andersx/parameters/3ob-3-1/N-H.skf
  /home/andersx/parameters/3ob-3-1/H-C.skf
  /home/andersx/parameters/3ob-3-1/H-N.skf
  /home/andersx/parameters/3ob-3-1/H-H.skf
Done.

Starting initialization...
--------------------------------------------------------------------------------
Mode:                        Static calculation
Self consistent charges:     Yes
SCC-tolerance:                 0.100000E-05
Max. scc iterations:                    100
Ewald alpha parameter:         0.000000E+00
Spin polarisation:           No
Nr. of up electrons:            21.000000
Nr. of down electrons:          21.000000
Periodic boundaries:         No
Diagonalizer:                Divide and Conquer
Mixer:                       Anderson mixer
Mixing parameter:                  0.200000
Maximal SCC-cycles:                     100
Nr. of chrg. vectors to mix:              8
Electronic temperature:        0.100000E-07
Initial charges:             Set automatically (system chrg:   0.000E+00)
Included shells:              C:  s, p
                              N:  s, p
                              H:  s
Full 3rd order correction    Yes
Damped SCC                   Yes
Damped specie(s):            H                                                 
Extra options:
--------------------------------------------------------------------------------
 

********************************************************************************
** Geometry step: 0
********************************************************************************

  iSCC Total electronic   Diff electronic      SCC error    
    1   -0.17907908E+02    0.00000000E+00    0.60042419E+00
    2   -0.17908046E+02   -0.13822110E-03    0.59319706E+00
    3   -0.17911422E+02   -0.33762293E-02    0.76946593E-01
    4   -0.17911328E+02    0.94241532E-04    0.69683342E-01
    5   -0.17911298E+02    0.30159010E-04    0.13833956E+00
    6   -0.17911595E+02   -0.29779082E-03    0.21165845E-01
    7   -0.17911588E+02    0.75292874E-05    0.12729480E-01
    8   -0.17911594E+02   -0.60948056E-05    0.13518024E-01
    9   -0.17911598E+02   -0.38122896E-05    0.67369470E-03
   10   -0.17911598E+02   -0.13445604E-07    0.48350486E-03
   11   -0.17911598E+02   -0.34244746E-07    0.12393715E-03
   12   -0.17911598E+02   -0.60022032E-09    0.88838925E-04
   13   -0.17911598E+02   -0.24407498E-09    0.95946621E-05
   14   -0.17911598E+02   -0.96278541E-11    0.19714401E-05
   15   -0.17911598E+02   -0.74606987E-13    0.35714729E-06
>> Charges saved for restart in charges.bin
 
 Total Energy:                     -17.8221890205 H
 Total Mermin free energy:         -17.8221890205 H
