================================================================================
==
==   Density Functional based Tight Binding with a lot of extensions (DFTB+)    
==
==                              Release: 1.2 (p2)
==
==                            (ParserVersion = 4)
==
================================================================================


********************************************************************************
** Parsing and initializing
********************************************************************************

Interpreting input file 'dftb_in.hsd'
--------------------------------------------------------------------------------
WARNING!
-> WriteHSDInput and WriteXMLInput both turned off. You won't eventually be 
 able to obtain the same results with a later version of the code!
Path: dftb_in/ParserOptions
Line: 75-78 (File: dftb_in.hsd)

Reading SK-files:
  /home/andersx/parameters/3ob-3-1/C-C.skf
  /home/andersx/parameters/3ob-3-1/C-N.skf
  /home/andersx/parameters/3ob-3-1/C-H.skf
  /home/andersx/parameters/3ob-3-1/N-C.skf
  /home/andersx/parameters/3ob-3-1/N-N.skf
  /home/andersx/parameters/3ob-3-1/N-H.skf
  /home/andersx/parameters/3ob-3-1/H-C.skf
  /home/andersx/parameters/3ob-3-1/H-N.skf
  /home/andersx/parameters/3ob-3-1/H-H.skf
Done.

Starting initialization...
--------------------------------------------------------------------------------
Mode:                        Static calculation
Self consistent charges:     Yes
SCC-tolerance:                 0.100000E-05
Max. scc iterations:                    100
Ewald alpha parameter:         0.000000E+00
Spin polarisation:           No
Nr. of up electrons:            19.000000
Nr. of down electrons:          19.000000
Periodic boundaries:         No
Diagonalizer:                Divide and Conquer
Mixer:                       Anderson mixer
Mixing parameter:                  0.200000
Maximal SCC-cycles:                     100
Nr. of chrg. vectors to mix:              8
Electronic temperature:        0.100000E-07
Initial charges:             Set automatically (system chrg:   0.000E+00)
Included shells:              C:  s, p
                              N:  s, p
                              H:  s
Full 3rd order correction    Yes
Damped SCC                   Yes
Damped specie(s):            H                                                 
Extra options:
--------------------------------------------------------------------------------
 

********************************************************************************
** Geometry step: 0
********************************************************************************

  iSCC Total electronic   Diff electronic      SCC error    
    1   -0.16163879E+02    0.00000000E+00    0.46139452E+00
    2   -0.16163969E+02   -0.89599129E-04    0.45530506E+00
    3   -0.16166551E+02   -0.25818917E-02    0.42634970E-01
    4   -0.16166514E+02    0.37277668E-04    0.31073598E-01
    5   -0.16166547E+02   -0.33579295E-04    0.41134779E-01
    6   -0.16166636E+02   -0.88502211E-04    0.41893805E-02
    7   -0.16166636E+02   -0.57891740E-06    0.41759885E-02
    8   -0.16166638E+02   -0.13704767E-05    0.28936275E-02
    9   -0.16166638E+02   -0.26530607E-07    0.27423039E-02
   10   -0.16166638E+02   -0.25061414E-06    0.13793160E-02
   11   -0.16166638E+02   -0.15669627E-07    0.40789519E-03
   12   -0.16166638E+02   -0.10156814E-07    0.86940087E-04
   13   -0.16166638E+02   -0.41431747E-10    0.47060757E-04
   14   -0.16166638E+02   -0.19262814E-10    0.40131939E-05
   15   -0.16166638E+02   -0.21316282E-12    0.10058497E-05
   16   -0.16166638E+02   -0.10658141E-13    0.81051680E-07
>> Charges saved for restart in charges.bin
 
 Total Energy:                     -15.9445574666 H
 Total Mermin free energy:         -15.9445574666 H
