================================================================================
==
==   Density Functional based Tight Binding with a lot of extensions (DFTB+)    
==
==                              Release: 1.2 (p2)
==
==                            (ParserVersion = 4)
==
================================================================================


********************************************************************************
** Parsing and initializing
********************************************************************************

Interpreting input file 'dftb_in.hsd'
--------------------------------------------------------------------------------
WARNING!
-> WriteHSDInput and WriteXMLInput both turned off. You won't eventually be 
 able to obtain the same results with a later version of the code!
Path: dftb_in/ParserOptions
Line: 77-80 (File: dftb_in.hsd)

Reading SK-files:
  /home/andersx/parameters/3ob-3-1/C-C.skf
  /home/andersx/parameters/3ob-3-1/C-N.skf
  /home/andersx/parameters/3ob-3-1/C-H.skf
  /home/andersx/parameters/3ob-3-1/N-C.skf
  /home/andersx/parameters/3ob-3-1/N-N.skf
  /home/andersx/parameters/3ob-3-1/N-H.skf
  /home/andersx/parameters/3ob-3-1/H-C.skf
  /home/andersx/parameters/3ob-3-1/H-N.skf
  /home/andersx/parameters/3ob-3-1/H-H.skf
Done.

Starting initialization...
--------------------------------------------------------------------------------
Mode:                        Static calculation
Self consistent charges:     Yes
SCC-tolerance:                 0.100000E-05
Max. scc iterations:                    100
Ewald alpha parameter:         0.000000E+00
Spin polarisation:           No
Nr. of up electrons:            20.000000
Nr. of down electrons:          20.000000
Periodic boundaries:         No
Diagonalizer:                Divide and Conquer
Mixer:                       Anderson mixer
Mixing parameter:                  0.200000
Maximal SCC-cycles:                     100
Nr. of chrg. vectors to mix:              8
Electronic temperature:        0.100000E-07
Initial charges:             Set automatically (system chrg:   0.000E+00)
Included shells:              C:  s, p
                              N:  s, p
                              H:  s
Full 3rd order correction    Yes
Damped SCC                   Yes
Damped specie(s):            H                                                 
Extra options:
--------------------------------------------------------------------------------
 

********************************************************************************
** Geometry step: 0
********************************************************************************

  iSCC Total electronic   Diff electronic      SCC error    
    1   -0.16895841E+02    0.00000000E+00    0.59318311E+00
    2   -0.16895940E+02   -0.98049402E-04    0.58610655E+00
    3   -0.16898544E+02   -0.26046897E-02    0.52351180E-01
    4   -0.16898437E+02    0.10761962E-03    0.64731271E-01
    5   -0.16898495E+02   -0.57973772E-04    0.58911085E-01
    6   -0.16898765E+02   -0.27074403E-03    0.23820719E-01
    7   -0.16898770E+02   -0.51342274E-05    0.16802279E-01
    8   -0.16898776E+02   -0.57666463E-05    0.61130749E-02
    9   -0.16898776E+02    0.15252778E-06    0.34443170E-02
   10   -0.16898776E+02   -0.72403907E-07    0.34362576E-02
   11   -0.16898776E+02   -0.15607138E-06    0.40043237E-03
   12   -0.16898776E+02   -0.70347177E-08    0.25586071E-03
   13   -0.16898776E+02   -0.28980445E-08    0.37147818E-04
   14   -0.16898776E+02   -0.39541703E-10    0.71788171E-05
   15   -0.16898776E+02   -0.34106051E-12    0.10891663E-05
   16   -0.16898776E+02   -0.35527137E-13    0.13486697E-06
>> Charges saved for restart in charges.bin
 
 Total Energy:                     -16.7607269661 H
 Total Mermin free energy:         -16.7607269661 H
