================================================================================
==
==   Density Functional based Tight Binding with a lot of extensions (DFTB+)    
==
==                              Release: 1.2 (p2)
==
==                            (ParserVersion = 4)
==
================================================================================


********************************************************************************
** Parsing and initializing
********************************************************************************

Interpreting input file 'dftb_in.hsd'
--------------------------------------------------------------------------------
WARNING!
-> WriteHSDInput and WriteXMLInput both turned off. You won't eventually be 
 able to obtain the same results with a later version of the code!
Path: dftb_in/ParserOptions
Line: 77-80 (File: dftb_in.hsd)

Reading SK-files:
  /home/andersx/parameters/3ob-3-1/C-C.skf
  /home/andersx/parameters/3ob-3-1/C-N.skf
  /home/andersx/parameters/3ob-3-1/C-H.skf
  /home/andersx/parameters/3ob-3-1/N-C.skf
  /home/andersx/parameters/3ob-3-1/N-N.skf
  /home/andersx/parameters/3ob-3-1/N-H.skf
  /home/andersx/parameters/3ob-3-1/H-C.skf
  /home/andersx/parameters/3ob-3-1/H-N.skf
  /home/andersx/parameters/3ob-3-1/H-H.skf
Done.

Starting initialization...
--------------------------------------------------------------------------------
Mode:                        Static calculation
Self consistent charges:     Yes
SCC-tolerance:                 0.100000E-05
Max. scc iterations:                    100
Ewald alpha parameter:         0.000000E+00
Spin polarisation:           No
Nr. of up electrons:            20.000000
Nr. of down electrons:          20.000000
Periodic boundaries:         No
Diagonalizer:                Divide and Conquer
Mixer:                       Anderson mixer
Mixing parameter:                  0.200000
Maximal SCC-cycles:                     100
Nr. of chrg. vectors to mix:              8
Electronic temperature:        0.100000E-07
Initial charges:             Set automatically (system chrg:   0.000E+00)
Included shells:              C:  s, p
                              N:  s, p
                              H:  s
Full 3rd order correction    Yes
Damped SCC                   Yes
Damped specie(s):            H                                                 
Extra options:
--------------------------------------------------------------------------------
 

********************************************************************************
** Geometry step: 0
********************************************************************************

  iSCC Total electronic   Diff electronic      SCC error    
    1   -0.16865780E+02    0.00000000E+00    0.46616908E+00
    2   -0.16865865E+02   -0.85415418E-04    0.45996103E+00
    3   -0.16868330E+02   -0.24645934E-02    0.53266849E-01
    4   -0.16868292E+02    0.37348138E-04    0.43206894E-01
    5   -0.16868320E+02   -0.27698885E-04    0.53987587E-01
    6   -0.16868409E+02   -0.89404054E-04    0.63877940E-02
    7   -0.16868409E+02    0.15707670E-07    0.57150457E-02
    8   -0.16868411E+02   -0.16435273E-05    0.42804189E-02
    9   -0.16868411E+02   -0.39955193E-07    0.74071813E-03
   10   -0.16868411E+02   -0.36177834E-07    0.37167638E-03
   11   -0.16868411E+02   -0.41904009E-08    0.96441183E-04
   12   -0.16868411E+02   -0.11867911E-08    0.83084096E-05
   13   -0.16868411E+02   -0.32436276E-11    0.22229614E-05
   14   -0.16868411E+02   -0.14566126E-12    0.39416989E-06
>> Charges saved for restart in charges.bin
 
 Total Energy:                     -16.7397703649 H
 Total Mermin free energy:         -16.7397703649 H
