================================================================================
==
==   Density Functional based Tight Binding with a lot of extensions (DFTB+)    
==
==                              Release: 1.2 (p2)
==
==                            (ParserVersion = 4)
==
================================================================================


********************************************************************************
** Parsing and initializing
********************************************************************************

Interpreting input file 'dftb_in.hsd'
--------------------------------------------------------------------------------
WARNING!
-> WriteHSDInput and WriteXMLInput both turned off. You won't eventually be 
 able to obtain the same results with a later version of the code!
Path: dftb_in/ParserOptions
Line: 72-75 (File: dftb_in.hsd)

Reading SK-files:
  /home/andersx/parameters/3ob-3-1/C-C.skf
  /home/andersx/parameters/3ob-3-1/C-N.skf
  /home/andersx/parameters/3ob-3-1/C-H.skf
  /home/andersx/parameters/3ob-3-1/N-C.skf
  /home/andersx/parameters/3ob-3-1/N-N.skf
  /home/andersx/parameters/3ob-3-1/N-H.skf
  /home/andersx/parameters/3ob-3-1/H-C.skf
  /home/andersx/parameters/3ob-3-1/H-N.skf
  /home/andersx/parameters/3ob-3-1/H-H.skf
Done.

Starting initialization...
--------------------------------------------------------------------------------
Mode:                        Static calculation
Self consistent charges:     Yes
SCC-tolerance:                 0.100000E-05
Max. scc iterations:                    100
Ewald alpha parameter:         0.000000E+00
Spin polarisation:           No
Nr. of up electrons:            18.000000
Nr. of down electrons:          18.000000
Periodic boundaries:         No
Diagonalizer:                Divide and Conquer
Mixer:                       Anderson mixer
Mixing parameter:                  0.200000
Maximal SCC-cycles:                     100
Nr. of chrg. vectors to mix:              8
Electronic temperature:        0.100000E-07
Initial charges:             Set automatically (system chrg:   0.000E+00)
Included shells:              C:  s, p
                              N:  s, p
                              H:  s
Full 3rd order correction    Yes
Damped SCC                   Yes
Damped specie(s):            H                                                 
Extra options:
--------------------------------------------------------------------------------
 

********************************************************************************
** Geometry step: 0
********************************************************************************

  iSCC Total electronic   Diff electronic      SCC error    
    1   -0.15946342E+02    0.00000000E+00    0.58174649E+00
    2   -0.15947049E+02   -0.70697310E-03    0.56928669E+00
    3   -0.15963079E+02   -0.16029786E-01    0.15970331E+00
    4   -0.15963017E+02    0.62080126E-04    0.15117753E+00
    5   -0.15963400E+02   -0.38267888E-03    0.33257394E-01
    6   -0.15963448E+02   -0.48133194E-04    0.24236984E-01
    7   -0.15963443E+02    0.51063939E-05    0.20916701E-01
    8   -0.15963465E+02   -0.22680276E-04    0.25324869E-02
    9   -0.15963465E+02    0.22064576E-06    0.22490399E-02
   10   -0.15963466E+02   -0.71314776E-06    0.72216043E-03
   11   -0.15963466E+02   -0.78664222E-08    0.36846881E-03
   12   -0.15963466E+02   -0.77348759E-08    0.22805727E-04
   13   -0.15963466E+02   -0.14908963E-10    0.65080091E-05
   14   -0.15963466E+02   -0.10000889E-11    0.60306741E-06
>> Charges saved for restart in charges.bin
 
 Total Energy:                     -15.5146940773 H
 Total Mermin free energy:         -15.5146940773 H
