================================================================================
==
==   Density Functional based Tight Binding with a lot of extensions (DFTB+)    
==
==                              Release: 1.2 (p2)
==
==                            (ParserVersion = 4)
==
================================================================================


********************************************************************************
** Parsing and initializing
********************************************************************************

Interpreting input file 'dftb_in.hsd'
--------------------------------------------------------------------------------
WARNING!
-> WriteHSDInput and WriteXMLInput both turned off. You won't eventually be 
 able to obtain the same results with a later version of the code!
Path: dftb_in/ParserOptions
Line: 66-69 (File: dftb_in.hsd)

Reading SK-files:
  /home/andersx/parameters/3ob-3-1/C-C.skf
  /home/andersx/parameters/3ob-3-1/C-H.skf
  /home/andersx/parameters/3ob-3-1/H-C.skf
  /home/andersx/parameters/3ob-3-1/H-H.skf
Done.

Starting initialization...
--------------------------------------------------------------------------------
Mode:                        Static calculation
Self consistent charges:     Yes
SCC-tolerance:                 0.100000E-05
Max. scc iterations:                    100
Ewald alpha parameter:         0.000000E+00
Spin polarisation:           No
Nr. of up electrons:            16.000000
Nr. of down electrons:          16.000000
Periodic boundaries:         No
Diagonalizer:                Divide and Conquer
Mixer:                       Anderson mixer
Mixing parameter:                  0.200000
Maximal SCC-cycles:                     100
Nr. of chrg. vectors to mix:              8
Electronic temperature:        0.100000E-07
Initial charges:             Set automatically (system chrg:   0.000E+00)
Included shells:              C:  s, p
                              H:  s
Full 3rd order correction    Yes
Damped SCC                   Yes
Damped specie(s):            H                                                 
Extra options:
--------------------------------------------------------------------------------
 

********************************************************************************
** Geometry step: 0
********************************************************************************

  iSCC Total electronic   Diff electronic      SCC error    
    1   -0.13189167E+02    0.00000000E+00    0.19604882E+00
    2   -0.13189222E+02   -0.54797748E-04    0.19397390E+00
    3   -0.13190917E+02   -0.16946417E-02    0.49263910E-01
    4   -0.13190910E+02    0.68010334E-05    0.44035178E-01
    5   -0.13190918E+02   -0.74750404E-05    0.24271757E-01
    6   -0.13190930E+02   -0.12644057E-04    0.67474171E-02
    7   -0.13190932E+02   -0.15007102E-05    0.82941386E-02
    8   -0.13190934E+02   -0.24704689E-05    0.20302883E-02
    9   -0.13190934E+02   -0.80568542E-07    0.10484426E-02
   10   -0.13190934E+02   -0.51843440E-07    0.12462349E-03
   11   -0.13190934E+02   -0.81062268E-09    0.66124814E-04
   12   -0.13190934E+02   -0.47820414E-09    0.42679733E-05
   13   -0.13190934E+02   -0.10569323E-11    0.85297449E-06
>> Charges saved for restart in charges.bin
 
 Total Energy:                     -13.2241530627 H
 Total Mermin free energy:         -13.2241530627 H
