================================================================================
==
==   Density Functional based Tight Binding with a lot of extensions (DFTB+)    
==
==                              Release: 1.2 (p2)
==
==                            (ParserVersion = 4)
==
================================================================================


********************************************************************************
** Parsing and initializing
********************************************************************************

Interpreting input file 'dftb_in.hsd'
--------------------------------------------------------------------------------
WARNING!
-> WriteHSDInput and WriteXMLInput both turned off. You won't eventually be 
 able to obtain the same results with a later version of the code!
Path: dftb_in/ParserOptions
Line: 80-83 (File: dftb_in.hsd)

Reading SK-files:
  /home/andersx/parameters/3ob-3-1/C-C.skf
  /home/andersx/parameters/3ob-3-1/C-N.skf
  /home/andersx/parameters/3ob-3-1/C-H.skf
  /home/andersx/parameters/3ob-3-1/N-C.skf
  /home/andersx/parameters/3ob-3-1/N-N.skf
  /home/andersx/parameters/3ob-3-1/N-H.skf
  /home/andersx/parameters/3ob-3-1/H-C.skf
  /home/andersx/parameters/3ob-3-1/H-N.skf
  /home/andersx/parameters/3ob-3-1/H-H.skf
Done.

Starting initialization...
--------------------------------------------------------------------------------
Mode:                        Static calculation
Self consistent charges:     Yes
SCC-tolerance:                 0.100000E-05
Max. scc iterations:                    100
Ewald alpha parameter:         0.000000E+00
Spin polarisation:           No
Nr. of up electrons:            22.000000
Nr. of down electrons:          22.000000
Periodic boundaries:         No
Diagonalizer:                Divide and Conquer
Mixer:                       Anderson mixer
Mixing parameter:                  0.200000
Maximal SCC-cycles:                     100
Nr. of chrg. vectors to mix:              8
Electronic temperature:        0.100000E-07
Initial charges:             Set automatically (system chrg:   0.000E+00)
Included shells:              C:  s, p
                              N:  s, p
                              H:  s
Full 3rd order correction    Yes
Damped SCC                   Yes
Damped specie(s):            H                                                 
Extra options:
--------------------------------------------------------------------------------
 

********************************************************************************
** Geometry step: 0
********************************************************************************

  iSCC Total electronic   Diff electronic      SCC error    
    1   -0.18683816E+02    0.00000000E+00    0.59190030E+00
    2   -0.18683880E+02   -0.63528878E-04    0.58472934E+00
    3   -0.18685495E+02   -0.16152991E-02    0.44208618E-01
    4   -0.18685465E+02    0.29975755E-04    0.31852826E-01
    5   -0.18685465E+02    0.22262501E-06    0.31756388E-01
    6   -0.18685552E+02   -0.87796045E-04    0.47204888E-02
    7   -0.18685552E+02    0.66851227E-06    0.65364780E-02
    8   -0.18685555E+02   -0.29805604E-05    0.69719031E-02
    9   -0.18685556E+02   -0.15037890E-05    0.59386335E-03
   10   -0.18685556E+02   -0.53184230E-08    0.63832111E-03
   11   -0.18685556E+02   -0.18255939E-07    0.15162897E-03
   12   -0.18685556E+02   -0.16758150E-09    0.10174295E-03
   13   -0.18685556E+02   -0.79317886E-10    0.62384076E-05
   14   -0.18685556E+02   -0.47464255E-11    0.12815376E-05
   15   -0.18685556E+02   -0.78159701E-13    0.15140078E-06
>> Charges saved for restart in charges.bin
 
 Total Energy:                     -18.6332394277 H
 Total Mermin free energy:         -18.6332394277 H
