================================================================================
==
==   Density Functional based Tight Binding with a lot of extensions (DFTB+)    
==
==                              Release: 1.2 (p2)
==
==                            (ParserVersion = 4)
==
================================================================================


********************************************************************************
** Parsing and initializing
********************************************************************************

Interpreting input file 'dftb_in.hsd'
--------------------------------------------------------------------------------
WARNING!
-> WriteHSDInput and WriteXMLInput both turned off. You won't eventually be 
 able to obtain the same results with a later version of the code!
Path: dftb_in/ParserOptions
Line: 74-77 (File: dftb_in.hsd)

Reading SK-files:
  /home/andersx/parameters/3ob-3-1/C-C.skf
  /home/andersx/parameters/3ob-3-1/C-N.skf
  /home/andersx/parameters/3ob-3-1/C-H.skf
  /home/andersx/parameters/3ob-3-1/N-C.skf
  /home/andersx/parameters/3ob-3-1/N-N.skf
  /home/andersx/parameters/3ob-3-1/N-H.skf
  /home/andersx/parameters/3ob-3-1/H-C.skf
  /home/andersx/parameters/3ob-3-1/H-N.skf
  /home/andersx/parameters/3ob-3-1/H-H.skf
Done.

Starting initialization...
--------------------------------------------------------------------------------
Mode:                        Static calculation
Self consistent charges:     Yes
SCC-tolerance:                 0.100000E-05
Max. scc iterations:                    100
Ewald alpha parameter:         0.000000E+00
Spin polarisation:           No
Nr. of up electrons:            19.000000
Nr. of down electrons:          19.000000
Periodic boundaries:         No
Diagonalizer:                Divide and Conquer
Mixer:                       Anderson mixer
Mixing parameter:                  0.200000
Maximal SCC-cycles:                     100
Nr. of chrg. vectors to mix:              8
Electronic temperature:        0.100000E-07
Initial charges:             Set automatically (system chrg:   0.000E+00)
Included shells:              C:  s, p
                              N:  s, p
                              H:  s
Full 3rd order correction    Yes
Damped SCC                   Yes
Damped specie(s):            H                                                 
Extra options:
--------------------------------------------------------------------------------
 

********************************************************************************
** Geometry step: 0
********************************************************************************

  iSCC Total electronic   Diff electronic      SCC error    
    1   -0.16512478E+02    0.00000000E+00    0.78691896E+00
    2   -0.16512767E+02   -0.28943498E-03    0.77473552E+00
    3   -0.16519012E+02   -0.62444714E-02    0.10365014E+00
    4   -0.16518788E+02    0.22321536E-03    0.92299436E-01
    5   -0.16518761E+02    0.27092141E-04    0.13012195E+00
    6   -0.16519495E+02   -0.73373873E-03    0.29904640E-01
    7   -0.16519397E+02    0.97829690E-04    0.61476211E-01
    8   -0.16519462E+02   -0.64548533E-04    0.45411425E-01
    9   -0.16519524E+02   -0.62294735E-04    0.98384921E-02
   10   -0.16519525E+02   -0.71063970E-06    0.96613259E-02
   11   -0.16519527E+02   -0.19663678E-05    0.13164514E-02
   12   -0.16519527E+02   -0.54661559E-07    0.59524119E-03
   13   -0.16519527E+02   -0.33517509E-08    0.45259187E-03
   14   -0.16519527E+02   -0.12966627E-07    0.27781783E-04
   15   -0.16519527E+02   -0.27092995E-10    0.10798547E-04
   16   -0.16519527E+02   -0.27071678E-11    0.12120876E-05
   17   -0.16519527E+02   -0.31974423E-13    0.13283174E-06
>> Charges saved for restart in charges.bin
 
 Total Energy:                     -16.2631457722 H
 Total Mermin free energy:         -16.2631457722 H
