================================================================================
==
==   Density Functional based Tight Binding with a lot of extensions (DFTB+)    
==
==                              Release: 1.2 (p2)
==
==                            (ParserVersion = 4)
==
================================================================================


********************************************************************************
** Parsing and initializing
********************************************************************************

Interpreting input file 'dftb_in.hsd'
--------------------------------------------------------------------------------
WARNING!
-> WriteHSDInput and WriteXMLInput both turned off. You won't eventually be 
 able to obtain the same results with a later version of the code!
Path: dftb_in/ParserOptions
Line: 76-79 (File: dftb_in.hsd)

Reading SK-files:
  /home/andersx/parameters/3ob-3-1/C-C.skf
  /home/andersx/parameters/3ob-3-1/C-N.skf
  /home/andersx/parameters/3ob-3-1/C-H.skf
  /home/andersx/parameters/3ob-3-1/N-C.skf
  /home/andersx/parameters/3ob-3-1/N-N.skf
  /home/andersx/parameters/3ob-3-1/N-H.skf
  /home/andersx/parameters/3ob-3-1/H-C.skf
  /home/andersx/parameters/3ob-3-1/H-N.skf
  /home/andersx/parameters/3ob-3-1/H-H.skf
Done.

Starting initialization...
--------------------------------------------------------------------------------
Mode:                        Static calculation
Self consistent charges:     Yes
SCC-tolerance:                 0.100000E-05
Max. scc iterations:                    100
Ewald alpha parameter:         0.000000E+00
Spin polarisation:           No
Nr. of up electrons:            20.000000
Nr. of down electrons:          20.000000
Periodic boundaries:         No
Diagonalizer:                Divide and Conquer
Mixer:                       Anderson mixer
Mixing parameter:                  0.200000
Maximal SCC-cycles:                     100
Nr. of chrg. vectors to mix:              8
Electronic temperature:        0.100000E-07
Initial charges:             Set automatically (system chrg:   0.000E+00)
Included shells:              C:  s, p
                              N:  s, p
                              H:  s
Full 3rd order correction    Yes
Damped SCC                   Yes
Damped specie(s):            H                                                 
Extra options:
--------------------------------------------------------------------------------
 

********************************************************************************
** Geometry step: 0
********************************************************************************

  iSCC Total electronic   Diff electronic      SCC error    
    1   -0.17139088E+02    0.00000000E+00    0.41456602E+00
    2   -0.17139564E+02   -0.47624053E-03    0.40660332E+00
    3   -0.17150827E+02   -0.11262670E-01    0.12250761E+00
    4   -0.17150674E+02    0.15334839E-03    0.11555514E+00
    5   -0.17150771E+02   -0.97144832E-04    0.62417284E-01
    6   -0.17151103E+02   -0.33167978E-03    0.23656245E-01
    7   -0.17151073E+02    0.29941861E-04    0.32063943E-01
    8   -0.17151125E+02   -0.52265229E-04    0.52506206E-02
    9   -0.17151127E+02   -0.19469039E-05    0.15190539E-02
   10   -0.17151127E+02   -0.13174517E-06    0.49871144E-03
   11   -0.17151127E+02   -0.82394394E-08    0.17694099E-03
   12   -0.17151127E+02   -0.12984955E-08    0.74949755E-05
   13   -0.17151127E+02   -0.39221959E-11    0.27196742E-05
   14   -0.17151127E+02   -0.30553338E-12    0.82918766E-07
>> Charges saved for restart in charges.bin
 
 Total Energy:                     -16.9981099103 H
 Total Mermin free energy:         -16.9981099103 H
