================================================================================
==
==   Density Functional based Tight Binding with a lot of extensions (DFTB+)    
==
==                              Release: 1.2 (p2)
==
==                            (ParserVersion = 4)
==
================================================================================


********************************************************************************
** Parsing and initializing
********************************************************************************

Interpreting input file 'dftb_in.hsd'
--------------------------------------------------------------------------------
WARNING!
-> WriteHSDInput and WriteXMLInput both turned off. You won't eventually be 
 able to obtain the same results with a later version of the code!
Path: dftb_in/ParserOptions
Line: 78-81 (File: dftb_in.hsd)

Reading SK-files:
  /home/andersx/parameters/3ob-3-1/C-C.skf
  /home/andersx/parameters/3ob-3-1/C-N.skf
  /home/andersx/parameters/3ob-3-1/C-H.skf
  /home/andersx/parameters/3ob-3-1/N-C.skf
  /home/andersx/parameters/3ob-3-1/N-N.skf
  /home/andersx/parameters/3ob-3-1/N-H.skf
  /home/andersx/parameters/3ob-3-1/H-C.skf
  /home/andersx/parameters/3ob-3-1/H-N.skf
  /home/andersx/parameters/3ob-3-1/H-H.skf
Done.

Starting initialization...
--------------------------------------------------------------------------------
Mode:                        Static calculation
Self consistent charges:     Yes
SCC-tolerance:                 0.100000E-05
Max. scc iterations:                    100
Ewald alpha parameter:         0.000000E+00
Spin polarisation:           No
Nr. of up electrons:            21.000000
Nr. of down electrons:          21.000000
Periodic boundaries:         No
Diagonalizer:                Divide and Conquer
Mixer:                       Anderson mixer
Mixing parameter:                  0.200000
Maximal SCC-cycles:                     100
Nr. of chrg. vectors to mix:              8
Electronic temperature:        0.100000E-07
Initial charges:             Set automatically (system chrg:   0.000E+00)
Included shells:              C:  s, p
                              N:  s, p
                              H:  s
Full 3rd order correction    Yes
Damped SCC                   Yes
Damped specie(s):            H                                                 
Extra options:
--------------------------------------------------------------------------------
 

********************************************************************************
** Geometry step: 0
********************************************************************************

  iSCC Total electronic   Diff electronic      SCC error    
    1   -0.17889564E+02    0.00000000E+00    0.58877748E+00
    2   -0.17889772E+02   -0.20731077E-03    0.58174888E+00
    3   -0.17895024E+02   -0.52520457E-02    0.96983295E-01
    4   -0.17894868E+02    0.15584592E-03    0.10862903E+00
    5   -0.17894986E+02   -0.11750162E-03    0.11224483E+00
    6   -0.17895333E+02   -0.34739822E-03    0.98864926E-02
    7   -0.17895333E+02   -0.34239219E-06    0.79099827E-02
    8   -0.17895336E+02   -0.23930915E-05    0.56978457E-02
    9   -0.17895336E+02   -0.27584070E-06    0.98067204E-03
   10   -0.17895336E+02   -0.26789778E-07    0.48042924E-03
   11   -0.17895336E+02   -0.91201606E-08    0.95855283E-04
   12   -0.17895336E+02   -0.30461322E-09    0.16687975E-04
   13   -0.17895336E+02   -0.90558672E-11    0.39524861E-05
   14   -0.17895336E+02   -0.74606987E-12    0.36750417E-06
>> Charges saved for restart in charges.bin
 
 Total Energy:                     -17.8087953155 H
 Total Mermin free energy:         -17.8087953155 H
