================================================================================
==
==   Density Functional based Tight Binding with a lot of extensions (DFTB+)    
==
==                              Release: 1.2 (p2)
==
==                            (ParserVersion = 4)
==
================================================================================


********************************************************************************
** Parsing and initializing
********************************************************************************

Interpreting input file 'dftb_in.hsd'
--------------------------------------------------------------------------------
WARNING!
-> WriteHSDInput and WriteXMLInput both turned off. You won't eventually be 
 able to obtain the same results with a later version of the code!
Path: dftb_in/ParserOptions
Line: 74-77 (File: dftb_in.hsd)

Reading SK-files:
  /home/andersx/parameters/3ob-3-1/C-C.skf
  /home/andersx/parameters/3ob-3-1/C-N.skf
  /home/andersx/parameters/3ob-3-1/C-H.skf
  /home/andersx/parameters/3ob-3-1/N-C.skf
  /home/andersx/parameters/3ob-3-1/N-N.skf
  /home/andersx/parameters/3ob-3-1/N-H.skf
  /home/andersx/parameters/3ob-3-1/H-C.skf
  /home/andersx/parameters/3ob-3-1/H-N.skf
  /home/andersx/parameters/3ob-3-1/H-H.skf
Done.

Starting initialization...
--------------------------------------------------------------------------------
Mode:                        Static calculation
Self consistent charges:     Yes
SCC-tolerance:                 0.100000E-05
Max. scc iterations:                    100
Ewald alpha parameter:         0.000000E+00
Spin polarisation:           No
Nr. of up electrons:            19.000000
Nr. of down electrons:          19.000000
Periodic boundaries:         No
Diagonalizer:                Divide and Conquer
Mixer:                       Anderson mixer
Mixing parameter:                  0.200000
Maximal SCC-cycles:                     100
Nr. of chrg. vectors to mix:              8
Electronic temperature:        0.100000E-07
Initial charges:             Set automatically (system chrg:   0.000E+00)
Included shells:              C:  s, p
                              N:  s, p
                              H:  s
Full 3rd order correction    Yes
Damped SCC                   Yes
Damped specie(s):            H                                                 
Extra options:
--------------------------------------------------------------------------------
 

********************************************************************************
** Geometry step: 0
********************************************************************************

  iSCC Total electronic   Diff electronic      SCC error    
    1   -0.16600078E+02    0.00000000E+00    0.35997514E+00
    2   -0.16600231E+02   -0.15261666E-03    0.35555505E+00
    3   -0.16604136E+02   -0.39057132E-02    0.94575526E-01
    4   -0.16604052E+02    0.83919122E-04    0.10915706E+00
    5   -0.16604358E+02   -0.30580215E-03    0.71508713E-01
    6   -0.16604469E+02   -0.11116018E-03    0.22027211E-01
    7   -0.16604465E+02    0.48127329E-05    0.20127120E-01
    8   -0.16604515E+02   -0.50628475E-04    0.54162462E-02
    9   -0.16604513E+02    0.20777787E-05    0.84728087E-02
   10   -0.16604516E+02   -0.23141688E-05    0.34491009E-02
   11   -0.16604516E+02   -0.58546145E-06    0.86154387E-03
   12   -0.16604516E+02   -0.34912137E-07    0.43532680E-03
   13   -0.16604516E+02   -0.24847608E-08    0.22553930E-03
   14   -0.16604516E+02   -0.52146376E-09    0.13155441E-04
   15   -0.16604516E+02   -0.80113693E-11    0.20200995E-05
   16   -0.16604516E+02   -0.99475983E-13    0.17488308E-06
>> Charges saved for restart in charges.bin
 
 Total Energy:                     -16.2301607871 H
 Total Mermin free energy:         -16.2301607871 H
