================================================================================
==
==   Density Functional based Tight Binding with a lot of extensions (DFTB+)    
==
==                              Release: 1.2 (p2)
==
==                            (ParserVersion = 4)
==
================================================================================


********************************************************************************
** Parsing and initializing
********************************************************************************

Interpreting input file 'dftb_in.hsd'
--------------------------------------------------------------------------------
WARNING!
-> WriteHSDInput and WriteXMLInput both turned off. You won't eventually be 
 able to obtain the same results with a later version of the code!
Path: dftb_in/ParserOptions
Line: 75-78 (File: dftb_in.hsd)

Reading SK-files:
  /home/andersx/parameters/3ob-3-1/C-C.skf
  /home/andersx/parameters/3ob-3-1/C-N.skf
  /home/andersx/parameters/3ob-3-1/C-H.skf
  /home/andersx/parameters/3ob-3-1/N-C.skf
  /home/andersx/parameters/3ob-3-1/N-N.skf
  /home/andersx/parameters/3ob-3-1/N-H.skf
  /home/andersx/parameters/3ob-3-1/H-C.skf
  /home/andersx/parameters/3ob-3-1/H-N.skf
  /home/andersx/parameters/3ob-3-1/H-H.skf
Done.

Starting initialization...
--------------------------------------------------------------------------------
Mode:                        Static calculation
Self consistent charges:     Yes
SCC-tolerance:                 0.100000E-05
Max. scc iterations:                    100
Ewald alpha parameter:         0.000000E+00
Spin polarisation:           No
Nr. of up electrons:            19.000000
Nr. of down electrons:          19.000000
Periodic boundaries:         No
Diagonalizer:                Divide and Conquer
Mixer:                       Anderson mixer
Mixing parameter:                  0.200000
Maximal SCC-cycles:                     100
Nr. of chrg. vectors to mix:              8
Electronic temperature:        0.100000E-07
Initial charges:             Set automatically (system chrg:   0.000E+00)
Included shells:              C:  s, p
                              N:  s, p
                              H:  s
Full 3rd order correction    Yes
Damped SCC                   Yes
Damped specie(s):            H                                                 
Extra options:
--------------------------------------------------------------------------------
 

********************************************************************************
** Geometry step: 0
********************************************************************************

  iSCC Total electronic   Diff electronic      SCC error    
    1   -0.16174102E+02    0.00000000E+00    0.30006389E+00
    2   -0.16174406E+02   -0.30320565E-03    0.29462498E+00
    3   -0.16180980E+02   -0.65739581E-02    0.10374420E+00
    4   -0.16180790E+02    0.18947637E-03    0.93921291E-01
    5   -0.16181302E+02   -0.51216635E-03    0.54399677E-01
    6   -0.16181576E+02   -0.27415616E-03    0.21422276E-01
    7   -0.16181575E+02    0.11318433E-05    0.23659453E-01
    8   -0.16181605E+02   -0.29583220E-04    0.45865549E-02
    9   -0.16181605E+02   -0.58200166E-06    0.34640024E-02
   10   -0.16181606E+02   -0.13956251E-06    0.20710012E-02
   11   -0.16181606E+02   -0.12383578E-06    0.76857819E-03
   12   -0.16181606E+02   -0.30354482E-07    0.12849369E-03
   13   -0.16181606E+02   -0.60904171E-10    0.44724474E-04
   14   -0.16181606E+02   -0.23230839E-09    0.68331636E-05
   15   -0.16181606E+02   -0.33857361E-11    0.18208661E-05
   16   -0.16181606E+02   -0.28776981E-12    0.54618596E-07
>> Charges saved for restart in charges.bin
 
 Total Energy:                     -16.0406633041 H
 Total Mermin free energy:         -16.0406633041 H
