================================================================================
==
==   Density Functional based Tight Binding with a lot of extensions (DFTB+)    
==
==                              Release: 1.2 (p2)
==
==                            (ParserVersion = 4)
==
================================================================================


********************************************************************************
** Parsing and initializing
********************************************************************************

Interpreting input file 'dftb_in.hsd'
--------------------------------------------------------------------------------
WARNING!
-> WriteHSDInput and WriteXMLInput both turned off. You won't eventually be 
 able to obtain the same results with a later version of the code!
Path: dftb_in/ParserOptions
Line: 74-77 (File: dftb_in.hsd)

Reading SK-files:
  /home/andersx/parameters/3ob-3-1/C-C.skf
  /home/andersx/parameters/3ob-3-1/C-N.skf
  /home/andersx/parameters/3ob-3-1/C-H.skf
  /home/andersx/parameters/3ob-3-1/N-C.skf
  /home/andersx/parameters/3ob-3-1/N-N.skf
  /home/andersx/parameters/3ob-3-1/N-H.skf
  /home/andersx/parameters/3ob-3-1/H-C.skf
  /home/andersx/parameters/3ob-3-1/H-N.skf
  /home/andersx/parameters/3ob-3-1/H-H.skf
Done.

Starting initialization...
--------------------------------------------------------------------------------
Mode:                        Static calculation
Self consistent charges:     Yes
SCC-tolerance:                 0.100000E-05
Max. scc iterations:                    100
Ewald alpha parameter:         0.000000E+00
Spin polarisation:           No
Nr. of up electrons:            19.000000
Nr. of down electrons:          19.000000
Periodic boundaries:         No
Diagonalizer:                Divide and Conquer
Mixer:                       Anderson mixer
Mixing parameter:                  0.200000
Maximal SCC-cycles:                     100
Nr. of chrg. vectors to mix:              8
Electronic temperature:        0.100000E-07
Initial charges:             Set automatically (system chrg:   0.000E+00)
Included shells:              C:  s, p
                              N:  s, p
                              H:  s
Full 3rd order correction    Yes
Damped SCC                   Yes
Damped specie(s):            H                                                 
Extra options:
--------------------------------------------------------------------------------
 

********************************************************************************
** Geometry step: 0
********************************************************************************

  iSCC Total electronic   Diff electronic      SCC error    
    1   -0.16570426E+02    0.00000000E+00    0.46896363E+00
    2   -0.16570872E+02   -0.44601740E-03    0.46107956E+00
    3   -0.16581424E+02   -0.10552435E-01    0.96077021E-01
    4   -0.16581367E+02    0.57824248E-04    0.92626027E-01
    5   -0.16582152E+02   -0.78562386E-03    0.19560326E-01
    6   -0.16582153E+02   -0.11037851E-05    0.21720791E-01
    7   -0.16582169E+02   -0.15988515E-04    0.16444483E-01
    8   -0.16582176E+02   -0.68450095E-05    0.34035046E-02
    9   -0.16582177E+02   -0.10062785E-05    0.39626452E-02
   10   -0.16582178E+02   -0.85525900E-06    0.10067840E-02
   11   -0.16582178E+02   -0.14787549E-07    0.71490711E-03
   12   -0.16582178E+02   -0.20772049E-07    0.13909852E-03
   13   -0.16582178E+02   -0.50420823E-09    0.39021760E-04
   14   -0.16582178E+02   -0.24016344E-10    0.35605844E-05
   15   -0.16582178E+02   -0.29487524E-12    0.31153668E-06
>> Charges saved for restart in charges.bin
 
 Total Energy:                     -16.3158787530 H
 Total Mermin free energy:         -16.3158787530 H
