================================================================================
==
==   Density Functional based Tight Binding with a lot of extensions (DFTB+)    
==
==                              Release: 1.2 (p2)
==
==                            (ParserVersion = 4)
==
================================================================================


********************************************************************************
** Parsing and initializing
********************************************************************************

Interpreting input file 'dftb_in.hsd'
--------------------------------------------------------------------------------
WARNING!
-> WriteHSDInput and WriteXMLInput both turned off. You won't eventually be 
 able to obtain the same results with a later version of the code!
Path: dftb_in/ParserOptions
Line: 68-71 (File: dftb_in.hsd)

Reading SK-files:
  /home/andersx/parameters/3ob-3-1/C-C.skf
  /home/andersx/parameters/3ob-3-1/C-H.skf
  /home/andersx/parameters/3ob-3-1/H-C.skf
  /home/andersx/parameters/3ob-3-1/H-H.skf
Done.

Starting initialization...
--------------------------------------------------------------------------------
Mode:                        Static calculation
Self consistent charges:     Yes
SCC-tolerance:                 0.100000E-05
Max. scc iterations:                    100
Ewald alpha parameter:         0.000000E+00
Spin polarisation:           No
Nr. of up electrons:            17.000000
Nr. of down electrons:          17.000000
Periodic boundaries:         No
Diagonalizer:                Divide and Conquer
Mixer:                       Anderson mixer
Mixing parameter:                  0.200000
Maximal SCC-cycles:                     100
Nr. of chrg. vectors to mix:              8
Electronic temperature:        0.100000E-07
Initial charges:             Set automatically (system chrg:   0.000E+00)
Included shells:              C:  s, p
                              H:  s
Full 3rd order correction    Yes
Damped SCC                   Yes
Damped specie(s):            H                                                 
Extra options:
--------------------------------------------------------------------------------
 

********************************************************************************
** Geometry step: 0
********************************************************************************

  iSCC Total electronic   Diff electronic      SCC error    
    1   -0.13925324E+02    0.00000000E+00    0.31347381E+00
    2   -0.13925343E+02   -0.19414742E-04    0.30977813E+00
    3   -0.13925917E+02   -0.57320620E-03    0.41143622E-01
    4   -0.13925906E+02    0.10923599E-04    0.30347340E-01
    5   -0.13925907E+02   -0.17874538E-05    0.24861556E-01
    6   -0.13925936E+02   -0.28460515E-04    0.56532074E-02
    7   -0.13925936E+02   -0.23313280E-06    0.27284515E-02
    8   -0.13925937E+02   -0.52163888E-06    0.16117401E-02
    9   -0.13925937E+02   -0.12090204E-08    0.19502290E-02
   10   -0.13925937E+02   -0.14337191E-07    0.12688252E-02
   11   -0.13925937E+02   -0.42275126E-08    0.28615922E-03
   12   -0.13925937E+02   -0.32096885E-08    0.31596154E-04
   13   -0.13925937E+02   -0.20872193E-10    0.88529953E-05
   14   -0.13925937E+02   -0.16378010E-11    0.99606227E-06
>> Charges saved for restart in charges.bin
 
 Total Energy:                     -13.9875751234 H
 Total Mermin free energy:         -13.9875751234 H
