================================================================================
==
==   Density Functional based Tight Binding with a lot of extensions (DFTB+)    
==
==                              Release: 1.2 (p2)
==
==                            (ParserVersion = 4)
==
================================================================================


********************************************************************************
** Parsing and initializing
********************************************************************************

Interpreting input file 'dftb_in.hsd'
--------------------------------------------------------------------------------
WARNING!
-> WriteHSDInput and WriteXMLInput both turned off. You won't eventually be 
 able to obtain the same results with a later version of the code!
Path: dftb_in/ParserOptions
Line: 79-82 (File: dftb_in.hsd)

Reading SK-files:
  /home/andersx/parameters/3ob-3-1/C-C.skf
  /home/andersx/parameters/3ob-3-1/C-N.skf
  /home/andersx/parameters/3ob-3-1/C-H.skf
  /home/andersx/parameters/3ob-3-1/N-C.skf
  /home/andersx/parameters/3ob-3-1/N-N.skf
  /home/andersx/parameters/3ob-3-1/N-H.skf
  /home/andersx/parameters/3ob-3-1/H-C.skf
  /home/andersx/parameters/3ob-3-1/H-N.skf
  /home/andersx/parameters/3ob-3-1/H-H.skf
Done.

Starting initialization...
--------------------------------------------------------------------------------
Mode:                        Static calculation
Self consistent charges:     Yes
SCC-tolerance:                 0.100000E-05
Max. scc iterations:                    100
Ewald alpha parameter:         0.000000E+00
Spin polarisation:           No
Nr. of up electrons:            21.000000
Nr. of down electrons:          21.000000
Periodic boundaries:         No
Diagonalizer:                Divide and Conquer
Mixer:                       Anderson mixer
Mixing parameter:                  0.200000
Maximal SCC-cycles:                     100
Nr. of chrg. vectors to mix:              8
Electronic temperature:        0.100000E-07
Initial charges:             Set automatically (system chrg:   0.000E+00)
Included shells:              C:  s, p
                              N:  s, p
                              H:  s
Full 3rd order correction    Yes
Damped SCC                   Yes
Damped specie(s):            H                                                 
Extra options:
--------------------------------------------------------------------------------
 

********************************************************************************
** Geometry step: 0
********************************************************************************

  iSCC Total electronic   Diff electronic      SCC error    
    1   -0.17502594E+02    0.00000000E+00    0.60036644E+00
    2   -0.17502643E+02   -0.48776482E-04    0.59309284E+00
    3   -0.17503871E+02   -0.12276956E-02    0.59353896E-01
    4   -0.17503829E+02    0.42123319E-04    0.43860780E-01
    5   -0.17503824E+02    0.47906257E-05    0.81894315E-01
    6   -0.17503951E+02   -0.12660831E-03    0.18139786E-01
    7   -0.17503950E+02    0.32666115E-06    0.78376481E-02
    8   -0.17503951E+02   -0.88935870E-06    0.43973780E-02
    9   -0.17503952E+02   -0.12753391E-05    0.10645746E-02
   10   -0.17503952E+02   -0.85861664E-08    0.13009975E-02
   11   -0.17503953E+02   -0.22266619E-07    0.18751069E-03
   12   -0.17503953E+02   -0.98993880E-09    0.13998776E-03
   13   -0.17503953E+02   -0.33405101E-09    0.92402196E-05
   14   -0.17503953E+02   -0.11745271E-10    0.11057248E-05
   15   -0.17503953E+02   -0.81712415E-13    0.56722064E-06
>> Charges saved for restart in charges.bin
 
 Total Energy:                     -17.5433717875 H
 Total Mermin free energy:         -17.5433717875 H
