================================================================================
==
==   Density Functional based Tight Binding with a lot of extensions (DFTB+)    
==
==                              Release: 1.2 (p2)
==
==                            (ParserVersion = 4)
==
================================================================================


********************************************************************************
** Parsing and initializing
********************************************************************************

Interpreting input file 'dftb_in.hsd'
--------------------------------------------------------------------------------
WARNING!
-> WriteHSDInput and WriteXMLInput both turned off. You won't eventually be 
 able to obtain the same results with a later version of the code!
Path: dftb_in/ParserOptions
Line: 75-78 (File: dftb_in.hsd)

Reading SK-files:
  /home/andersx/parameters/3ob-3-1/C-C.skf
  /home/andersx/parameters/3ob-3-1/C-N.skf
  /home/andersx/parameters/3ob-3-1/C-H.skf
  /home/andersx/parameters/3ob-3-1/N-C.skf
  /home/andersx/parameters/3ob-3-1/N-N.skf
  /home/andersx/parameters/3ob-3-1/N-H.skf
  /home/andersx/parameters/3ob-3-1/H-C.skf
  /home/andersx/parameters/3ob-3-1/H-N.skf
  /home/andersx/parameters/3ob-3-1/H-H.skf
Done.

Starting initialization...
--------------------------------------------------------------------------------
Mode:                        Static calculation
Self consistent charges:     Yes
SCC-tolerance:                 0.100000E-05
Max. scc iterations:                    100
Ewald alpha parameter:         0.000000E+00
Spin polarisation:           No
Nr. of up electrons:            19.000000
Nr. of down electrons:          19.000000
Periodic boundaries:         No
Diagonalizer:                Divide and Conquer
Mixer:                       Anderson mixer
Mixing parameter:                  0.200000
Maximal SCC-cycles:                     100
Nr. of chrg. vectors to mix:              8
Electronic temperature:        0.100000E-07
Initial charges:             Set automatically (system chrg:   0.000E+00)
Included shells:              C:  s, p
                              N:  s, p
                              H:  s
Full 3rd order correction    Yes
Damped SCC                   Yes
Damped specie(s):            H                                                 
Extra options:
--------------------------------------------------------------------------------
 

********************************************************************************
** Geometry step: 0
********************************************************************************

  iSCC Total electronic   Diff electronic      SCC error    
    1   -0.16179656E+02    0.00000000E+00    0.59878935E+00
    2   -0.16179722E+02   -0.66348914E-04    0.59162252E+00
    3   -0.16181343E+02   -0.16211014E-02    0.77021796E-01
    4   -0.16181279E+02    0.64712222E-04    0.66749288E-01
    5   -0.16181479E+02   -0.20053314E-03    0.55505083E-01
    6   -0.16181572E+02   -0.93379627E-04    0.15481409E-01
    7   -0.16181572E+02    0.63788670E-06    0.16328499E-01
    8   -0.16181581E+02   -0.87465849E-05    0.54128714E-02
    9   -0.16181581E+02   -0.30171300E-06    0.43380583E-02
   10   -0.16181582E+02   -0.96392498E-06    0.18764504E-02
   11   -0.16181582E+02   -0.92385584E-08    0.61857038E-03
   12   -0.16181582E+02   -0.23408408E-07    0.12293473E-03
   13   -0.16181582E+02   -0.10065868E-08    0.78668423E-04
   14   -0.16181582E+02   -0.80739326E-09    0.12781555E-04
   15   -0.16181582E+02   -0.79900531E-11    0.96010525E-06
>> Charges saved for restart in charges.bin
 
 Total Energy:                     -15.9551022218 H
 Total Mermin free energy:         -15.9551022218 H
