================================================================================
==
==   Density Functional based Tight Binding with a lot of extensions (DFTB+)    
==
==                              Release: 1.2 (p2)
==
==                            (ParserVersion = 4)
==
================================================================================


********************************************************************************
** Parsing and initializing
********************************************************************************

Interpreting input file 'dftb_in.hsd'
--------------------------------------------------------------------------------
WARNING!
-> WriteHSDInput and WriteXMLInput both turned off. You won't eventually be 
 able to obtain the same results with a later version of the code!
Path: dftb_in/ParserOptions
Line: 75-78 (File: dftb_in.hsd)

Reading SK-files:
  /home/andersx/parameters/3ob-3-1/C-C.skf
  /home/andersx/parameters/3ob-3-1/C-N.skf
  /home/andersx/parameters/3ob-3-1/C-H.skf
  /home/andersx/parameters/3ob-3-1/N-C.skf
  /home/andersx/parameters/3ob-3-1/N-N.skf
  /home/andersx/parameters/3ob-3-1/N-H.skf
  /home/andersx/parameters/3ob-3-1/H-C.skf
  /home/andersx/parameters/3ob-3-1/H-N.skf
  /home/andersx/parameters/3ob-3-1/H-H.skf
Done.

Starting initialization...
--------------------------------------------------------------------------------
Mode:                        Static calculation
Self consistent charges:     Yes
SCC-tolerance:                 0.100000E-05
Max. scc iterations:                    100
Ewald alpha parameter:         0.000000E+00
Spin polarisation:           No
Nr. of up electrons:            19.000000
Nr. of down electrons:          19.000000
Periodic boundaries:         No
Diagonalizer:                Divide and Conquer
Mixer:                       Anderson mixer
Mixing parameter:                  0.200000
Maximal SCC-cycles:                     100
Nr. of chrg. vectors to mix:              8
Electronic temperature:        0.100000E-07
Initial charges:             Set automatically (system chrg:   0.000E+00)
Included shells:              C:  s, p
                              N:  s, p
                              H:  s
Full 3rd order correction    Yes
Damped SCC                   Yes
Damped specie(s):            H                                                 
Extra options:
--------------------------------------------------------------------------------
 

********************************************************************************
** Geometry step: 0
********************************************************************************

  iSCC Total electronic   Diff electronic      SCC error    
    1   -0.16191660E+02    0.00000000E+00    0.59715734E+00
    2   -0.16191723E+02   -0.62719540E-04    0.58992037E+00
    3   -0.16193455E+02   -0.17321864E-02    0.69380164E-01
    4   -0.16193396E+02    0.59184483E-04    0.74939064E-01
    5   -0.16193438E+02   -0.42404741E-04    0.56264003E-01
    6   -0.16193582E+02   -0.14325277E-03    0.13422943E-01
    7   -0.16193582E+02   -0.87777589E-06    0.11675233E-01
    8   -0.16193591E+02   -0.90079954E-05    0.49757409E-02
    9   -0.16193591E+02    0.81202728E-07    0.12716950E-02
   10   -0.16193592E+02   -0.18558055E-06    0.18817606E-02
   11   -0.16193592E+02   -0.12829709E-07    0.58527771E-03
   12   -0.16193592E+02   -0.18583155E-07    0.28146203E-03
   13   -0.16193592E+02   -0.16371864E-08    0.15823293E-03
   14   -0.16193592E+02   -0.46535931E-09    0.27835595E-04
   15   -0.16193592E+02   -0.24552804E-10    0.17146763E-05
   16   -0.16193592E+02   -0.18829382E-12    0.42291875E-06
>> Charges saved for restart in charges.bin
 
 Total Energy:                     -15.9643744831 H
 Total Mermin free energy:         -15.9643744831 H
