================================================================================
==
==   Density Functional based Tight Binding with a lot of extensions (DFTB+)    
==
==                              Release: 1.2 (p2)
==
==                            (ParserVersion = 4)
==
================================================================================


********************************************************************************
** Parsing and initializing
********************************************************************************

Interpreting input file 'dftb_in.hsd'
--------------------------------------------------------------------------------
WARNING!
-> WriteHSDInput and WriteXMLInput both turned off. You won't eventually be 
 able to obtain the same results with a later version of the code!
Path: dftb_in/ParserOptions
Line: 77-80 (File: dftb_in.hsd)

Reading SK-files:
  /home/andersx/parameters/3ob-3-1/C-C.skf
  /home/andersx/parameters/3ob-3-1/C-N.skf
  /home/andersx/parameters/3ob-3-1/C-H.skf
  /home/andersx/parameters/3ob-3-1/N-C.skf
  /home/andersx/parameters/3ob-3-1/N-N.skf
  /home/andersx/parameters/3ob-3-1/N-H.skf
  /home/andersx/parameters/3ob-3-1/H-C.skf
  /home/andersx/parameters/3ob-3-1/H-N.skf
  /home/andersx/parameters/3ob-3-1/H-H.skf
Done.

Starting initialization...
--------------------------------------------------------------------------------
Mode:                        Static calculation
Self consistent charges:     Yes
SCC-tolerance:                 0.100000E-05
Max. scc iterations:                    100
Ewald alpha parameter:         0.000000E+00
Spin polarisation:           No
Nr. of up electrons:            20.000000
Nr. of down electrons:          20.000000
Periodic boundaries:         No
Diagonalizer:                Divide and Conquer
Mixer:                       Anderson mixer
Mixing parameter:                  0.200000
Maximal SCC-cycles:                     100
Nr. of chrg. vectors to mix:              8
Electronic temperature:        0.100000E-07
Initial charges:             Set automatically (system chrg:   0.000E+00)
Included shells:              C:  s, p
                              N:  s, p
                              H:  s
Full 3rd order correction    Yes
Damped SCC                   Yes
Damped specie(s):            H                                                 
Extra options:
--------------------------------------------------------------------------------
 

********************************************************************************
** Geometry step: 0
********************************************************************************

  iSCC Total electronic   Diff electronic      SCC error    
    1   -0.16853777E+02    0.00000000E+00    0.59623818E+00
    2   -0.16853828E+02   -0.51512856E-04    0.58902725E+00
    3   -0.16854934E+02   -0.11058265E-02    0.60397509E-01
    4   -0.16854874E+02    0.59696998E-04    0.46141630E-01
    5   -0.16854964E+02   -0.89663295E-04    0.65699398E-01
    6   -0.16855121E+02   -0.15731094E-03    0.14312177E-01
    7   -0.16855121E+02    0.37023861E-06    0.10853084E-01
    8   -0.16855128E+02   -0.67644484E-05    0.60203247E-02
    9   -0.16855128E+02    0.20398481E-06    0.59006472E-02
   10   -0.16855128E+02   -0.24743494E-06    0.50652885E-02
   11   -0.16855128E+02   -0.26300047E-07    0.11333877E-02
   12   -0.16855128E+02   -0.45981487E-07    0.36259097E-03
   13   -0.16855128E+02   -0.20028175E-08    0.14284294E-03
   14   -0.16855128E+02   -0.53387339E-09    0.12100016E-04
   15   -0.16855128E+02   -0.32457592E-10    0.19788796E-05
   16   -0.16855128E+02   -0.52224891E-12    0.52468359E-06
>> Charges saved for restart in charges.bin
 
 Total Energy:                     -16.7629567048 H
 Total Mermin free energy:         -16.7629567048 H
