================================================================================
==
==   Density Functional based Tight Binding with a lot of extensions (DFTB+)    
==
==                              Release: 1.2 (p2)
==
==                            (ParserVersion = 4)
==
================================================================================


********************************************************************************
** Parsing and initializing
********************************************************************************

Interpreting input file 'dftb_in.hsd'
--------------------------------------------------------------------------------
WARNING!
-> WriteHSDInput and WriteXMLInput both turned off. You won't eventually be 
 able to obtain the same results with a later version of the code!
Path: dftb_in/ParserOptions
Line: 81-84 (File: dftb_in.hsd)

Reading SK-files:
  /home/andersx/parameters/3ob-3-1/C-C.skf
  /home/andersx/parameters/3ob-3-1/C-N.skf
  /home/andersx/parameters/3ob-3-1/C-H.skf
  /home/andersx/parameters/3ob-3-1/N-C.skf
  /home/andersx/parameters/3ob-3-1/N-N.skf
  /home/andersx/parameters/3ob-3-1/N-H.skf
  /home/andersx/parameters/3ob-3-1/H-C.skf
  /home/andersx/parameters/3ob-3-1/H-N.skf
  /home/andersx/parameters/3ob-3-1/H-H.skf
Done.

Starting initialization...
--------------------------------------------------------------------------------
Mode:                        Static calculation
Self consistent charges:     Yes
SCC-tolerance:                 0.100000E-05
Max. scc iterations:                    100
Ewald alpha parameter:         0.000000E+00
Spin polarisation:           No
Nr. of up electrons:            22.000000
Nr. of down electrons:          22.000000
Periodic boundaries:         No
Diagonalizer:                Divide and Conquer
Mixer:                       Anderson mixer
Mixing parameter:                  0.200000
Maximal SCC-cycles:                     100
Nr. of chrg. vectors to mix:              8
Electronic temperature:        0.100000E-07
Initial charges:             Set automatically (system chrg:   0.000E+00)
Included shells:              C:  s, p
                              N:  s, p
                              H:  s
Full 3rd order correction    Yes
Damped SCC                   Yes
Damped specie(s):            H                                                 
Extra options:
--------------------------------------------------------------------------------
 

********************************************************************************
** Geometry step: 0
********************************************************************************

  iSCC Total electronic   Diff electronic      SCC error    
    1   -0.18204021E+02    0.00000000E+00    0.37021696E+00
    2   -0.18204164E+02   -0.14245070E-03    0.36419632E+00
    3   -0.18207786E+02   -0.36220028E-02    0.73510860E-01
    4   -0.18207680E+02    0.10543183E-03    0.91317231E-01
    5   -0.18207958E+02   -0.27780545E-03    0.72333012E-01
    6   -0.18208075E+02   -0.11673379E-03    0.96008193E-02
    7   -0.18208075E+02    0.46605657E-06    0.72332303E-02
    8   -0.18208079E+02   -0.40676670E-05    0.52966966E-02
    9   -0.18208079E+02   -0.39197626E-06    0.87894393E-03
   10   -0.18208079E+02   -0.13541804E-07    0.78469622E-03
   11   -0.18208079E+02   -0.31960603E-07    0.13886481E-03
   12   -0.18208079E+02   -0.61803362E-09    0.95203183E-04
   13   -0.18208079E+02   -0.27672442E-09    0.75925237E-05
   14   -0.18208079E+02   -0.53397287E-11    0.92479477E-06
>> Charges saved for restart in charges.bin
 
 Total Energy:                     -18.3166289260 H
 Total Mermin free energy:         -18.3166289260 H
