================================================================================
==
==   Density Functional based Tight Binding with a lot of extensions (DFTB+)    
==
==                              Release: 1.2 (p2)
==
==                            (ParserVersion = 4)
==
================================================================================


********************************************************************************
** Parsing and initializing
********************************************************************************

Interpreting input file 'dftb_in.hsd'
--------------------------------------------------------------------------------
WARNING!
-> WriteHSDInput and WriteXMLInput both turned off. You won't eventually be 
 able to obtain the same results with a later version of the code!
Path: dftb_in/ParserOptions
Line: 74-77 (File: dftb_in.hsd)

Reading SK-files:
  /home/andersx/parameters/3ob-3-1/C-C.skf
  /home/andersx/parameters/3ob-3-1/C-N.skf
  /home/andersx/parameters/3ob-3-1/C-H.skf
  /home/andersx/parameters/3ob-3-1/N-C.skf
  /home/andersx/parameters/3ob-3-1/N-N.skf
  /home/andersx/parameters/3ob-3-1/N-H.skf
  /home/andersx/parameters/3ob-3-1/H-C.skf
  /home/andersx/parameters/3ob-3-1/H-N.skf
  /home/andersx/parameters/3ob-3-1/H-H.skf
Done.

Starting initialization...
--------------------------------------------------------------------------------
Mode:                        Static calculation
Self consistent charges:     Yes
SCC-tolerance:                 0.100000E-05
Max. scc iterations:                    100
Ewald alpha parameter:         0.000000E+00
Spin polarisation:           No
Nr. of up electrons:            19.000000
Nr. of down electrons:          19.000000
Periodic boundaries:         No
Diagonalizer:                Divide and Conquer
Mixer:                       Anderson mixer
Mixing parameter:                  0.200000
Maximal SCC-cycles:                     100
Nr. of chrg. vectors to mix:              8
Electronic temperature:        0.100000E-07
Initial charges:             Set automatically (system chrg:   0.000E+00)
Included shells:              C:  s, p
                              N:  s, p
                              H:  s
Full 3rd order correction    Yes
Damped SCC                   Yes
Damped specie(s):            H                                                 
Extra options:
--------------------------------------------------------------------------------
 

********************************************************************************
** Geometry step: 0
********************************************************************************

  iSCC Total electronic   Diff electronic      SCC error    
    1   -0.16607738E+02    0.00000000E+00    0.77515816E+00
    2   -0.16608260E+02   -0.52194013E-03    0.76243733E+00
    3   -0.16617534E+02   -0.92736951E-02    0.12078779E+00
    4   -0.16617195E+02    0.33843864E-03    0.12506297E+00
    5   -0.16619112E+02   -0.19170616E-02    0.88921126E-01
    6   -0.16619333E+02   -0.22108259E-03    0.31348744E-01
    7   -0.16619241E+02    0.92102184E-04    0.71908599E-01
    8   -0.16619365E+02   -0.12381946E-03    0.37280109E-02
    9   -0.16619366E+02   -0.57046270E-06    0.34262932E-02
   10   -0.16619367E+02   -0.15891393E-05    0.76676036E-03
   11   -0.16619367E+02   -0.76319679E-08    0.63897362E-03
   12   -0.16619367E+02   -0.11819246E-07    0.51627147E-04
   13   -0.16619367E+02   -0.95504049E-10    0.10345403E-04
   14   -0.16619367E+02   -0.36628478E-11    0.15762364E-05
   15   -0.16619367E+02   -0.42632564E-13    0.53454251E-06
>> Charges saved for restart in charges.bin
 
 Total Energy:                     -16.2907587892 H
 Total Mermin free energy:         -16.2907587892 H
