================================================================================
==
==   Density Functional based Tight Binding with a lot of extensions (DFTB+)    
==
==                              Release: 1.2 (p2)
==
==                            (ParserVersion = 4)
==
================================================================================


********************************************************************************
** Parsing and initializing
********************************************************************************

Interpreting input file 'dftb_in.hsd'
--------------------------------------------------------------------------------
WARNING!
-> WriteHSDInput and WriteXMLInput both turned off. You won't eventually be 
 able to obtain the same results with a later version of the code!
Path: dftb_in/ParserOptions
Line: 64-67 (File: dftb_in.hsd)

Reading SK-files:
  /home/andersx/parameters/3ob-3-1/C-C.skf
  /home/andersx/parameters/3ob-3-1/C-H.skf
  /home/andersx/parameters/3ob-3-1/H-C.skf
  /home/andersx/parameters/3ob-3-1/H-H.skf
Done.

Starting initialization...
--------------------------------------------------------------------------------
Mode:                        Static calculation
Self consistent charges:     Yes
SCC-tolerance:                 0.100000E-05
Max. scc iterations:                    100
Ewald alpha parameter:         0.000000E+00
Spin polarisation:           No
Nr. of up electrons:            12.000000
Nr. of down electrons:          12.000000
Periodic boundaries:         No
Diagonalizer:                Divide and Conquer
Mixer:                       Anderson mixer
Mixing parameter:                  0.200000
Maximal SCC-cycles:                     100
Nr. of chrg. vectors to mix:              8
Electronic temperature:        0.100000E-07
Initial charges:             Set automatically (system chrg:   0.000E+00)
Included shells:              C:  s, p
                              H:  s
Full 3rd order correction    Yes
Damped SCC                   Yes
Damped specie(s):            H                                                 
Extra options:
--------------------------------------------------------------------------------
 

********************************************************************************
** Geometry step: 0
********************************************************************************

  iSCC Total electronic   Diff electronic      SCC error    
    1   -0.97914393E+01    0.00000000E+00    0.36715265E+00
    2   -0.97914621E+01   -0.22888717E-04    0.36263939E+00
    3   -0.97921047E+01   -0.64251279E-03    0.59924738E-01
    4   -0.97920675E+01    0.37170471E-04    0.60731728E-01
    5   -0.97920689E+01   -0.13811553E-05    0.61221182E-01
    6   -0.97921626E+01   -0.93687660E-04    0.72592397E-02
    7   -0.97921628E+01   -0.19544333E-06    0.65424938E-02
    8   -0.97921659E+01   -0.31144585E-05    0.49530002E-02
    9   -0.97921659E+01   -0.76776573E-07    0.28148185E-02
   10   -0.97921660E+01   -0.12523095E-07    0.28053016E-03
   11   -0.97921660E+01   -0.34439935E-08    0.89833156E-04
   12   -0.97921660E+01   -0.97023545E-09    0.56934365E-05
   13   -0.97921660E+01   -0.51798565E-11    0.10995681E-07
>> Charges saved for restart in charges.bin
 
 Total Energy:                      -9.8499979300 H
 Total Mermin free energy:          -9.8499979300 H
