================================================================================
==
==   Density Functional based Tight Binding with a lot of extensions (DFTB+)    
==
==                              Release: 1.2 (p2)
==
==                            (ParserVersion = 4)
==
================================================================================


********************************************************************************
** Parsing and initializing
********************************************************************************

Interpreting input file 'dftb_in.hsd'
--------------------------------------------------------------------------------
WARNING!
-> WriteHSDInput and WriteXMLInput both turned off. You won't eventually be 
 able to obtain the same results with a later version of the code!
Path: dftb_in/ParserOptions
Line: 76-79 (File: dftb_in.hsd)

Reading SK-files:
  /home/andersx/parameters/3ob-3-1/C-C.skf
  /home/andersx/parameters/3ob-3-1/C-N.skf
  /home/andersx/parameters/3ob-3-1/C-H.skf
  /home/andersx/parameters/3ob-3-1/N-C.skf
  /home/andersx/parameters/3ob-3-1/N-N.skf
  /home/andersx/parameters/3ob-3-1/N-H.skf
  /home/andersx/parameters/3ob-3-1/H-C.skf
  /home/andersx/parameters/3ob-3-1/H-N.skf
  /home/andersx/parameters/3ob-3-1/H-H.skf
Done.

Starting initialization...
--------------------------------------------------------------------------------
Mode:                        Static calculation
Self consistent charges:     Yes
SCC-tolerance:                 0.100000E-05
Max. scc iterations:                    100
Ewald alpha parameter:         0.000000E+00
Spin polarisation:           No
Nr. of up electrons:            20.000000
Nr. of down electrons:          20.000000
Periodic boundaries:         No
Diagonalizer:                Divide and Conquer
Mixer:                       Anderson mixer
Mixing parameter:                  0.200000
Maximal SCC-cycles:                     100
Nr. of chrg. vectors to mix:              8
Electronic temperature:        0.100000E-07
Initial charges:             Set automatically (system chrg:   0.000E+00)
Included shells:              C:  s, p
                              N:  s, p
                              H:  s
Full 3rd order correction    Yes
Damped SCC                   Yes
Damped specie(s):            H                                                 
Extra options:
--------------------------------------------------------------------------------
 

********************************************************************************
** Geometry step: 0
********************************************************************************

  iSCC Total electronic   Diff electronic      SCC error    
    1   -0.17331183E+02    0.00000000E+00    0.59439064E+00
    2   -0.17331287E+02   -0.10415253E-03    0.58729035E+00
    3   -0.17334192E+02   -0.29049827E-02    0.67690368E-01
    4   -0.17334105E+02    0.86826429E-04    0.54578385E-01
    5   -0.17334095E+02    0.99182961E-05    0.50771383E-01
    6   -0.17334330E+02   -0.23502008E-03    0.10851046E-01
    7   -0.17334330E+02   -0.21419080E-06    0.95586300E-02
    8   -0.17334334E+02   -0.34270546E-05    0.49992087E-02
    9   -0.17334334E+02   -0.32536185E-06    0.43575919E-02
   10   -0.17334334E+02   -0.62741520E-07    0.35889350E-02
   11   -0.17334334E+02    0.86380290E-08    0.92863511E-03
   12   -0.17334334E+02   -0.63132859E-07    0.19050997E-03
   13   -0.17334334E+02   -0.23753088E-09    0.40003615E-04
   14   -0.17334334E+02   -0.24493829E-09    0.53882076E-05
   15   -0.17334334E+02   -0.12363444E-11    0.18885302E-05
   16   -0.17334334E+02   -0.16342483E-12    0.10283254E-06
>> Charges saved for restart in charges.bin
 
 Total Energy:                     -17.0512713332 H
 Total Mermin free energy:         -17.0512713332 H
