================================================================================
==
==   Density Functional based Tight Binding with a lot of extensions (DFTB+)    
==
==                              Release: 1.2 (p2)
==
==                            (ParserVersion = 4)
==
================================================================================


********************************************************************************
** Parsing and initializing
********************************************************************************

Interpreting input file 'dftb_in.hsd'
--------------------------------------------------------------------------------
WARNING!
-> WriteHSDInput and WriteXMLInput both turned off. You won't eventually be 
 able to obtain the same results with a later version of the code!
Path: dftb_in/ParserOptions
Line: 76-79 (File: dftb_in.hsd)

Reading SK-files:
  /home/andersx/parameters/3ob-3-1/C-C.skf
  /home/andersx/parameters/3ob-3-1/C-N.skf
  /home/andersx/parameters/3ob-3-1/C-H.skf
  /home/andersx/parameters/3ob-3-1/N-C.skf
  /home/andersx/parameters/3ob-3-1/N-N.skf
  /home/andersx/parameters/3ob-3-1/N-H.skf
  /home/andersx/parameters/3ob-3-1/H-C.skf
  /home/andersx/parameters/3ob-3-1/H-N.skf
  /home/andersx/parameters/3ob-3-1/H-H.skf
Done.

Starting initialization...
--------------------------------------------------------------------------------
Mode:                        Static calculation
Self consistent charges:     Yes
SCC-tolerance:                 0.100000E-05
Max. scc iterations:                    100
Ewald alpha parameter:         0.000000E+00
Spin polarisation:           No
Nr. of up electrons:            20.000000
Nr. of down electrons:          20.000000
Periodic boundaries:         No
Diagonalizer:                Divide and Conquer
Mixer:                       Anderson mixer
Mixing parameter:                  0.200000
Maximal SCC-cycles:                     100
Nr. of chrg. vectors to mix:              8
Electronic temperature:        0.100000E-07
Initial charges:             Set automatically (system chrg:   0.000E+00)
Included shells:              C:  s, p
                              N:  s, p
                              H:  s
Full 3rd order correction    Yes
Damped SCC                   Yes
Damped specie(s):            H                                                 
Extra options:
--------------------------------------------------------------------------------
 

********************************************************************************
** Geometry step: 0
********************************************************************************

  iSCC Total electronic   Diff electronic      SCC error    
    1   -0.17300278E+02    0.00000000E+00    0.81574334E+00
    2   -0.17300783E+02   -0.50565445E-03    0.80243626E+00
    3   -0.17310054E+02   -0.92708274E-02    0.12610283E+00
    4   -0.17309629E+02    0.42545747E-03    0.13066892E+00
    5   -0.17310991E+02   -0.13625324E-02    0.13946625E+00
    6   -0.17311639E+02   -0.64767828E-03    0.40364277E-01
    7   -0.17311507E+02    0.13247015E-03    0.86520403E-01
    8   -0.17311673E+02   -0.16687168E-03    0.59267160E-02
    9   -0.17311673E+02   -0.64376472E-07    0.30908649E-02
   10   -0.17311675E+02   -0.15812506E-05    0.30683634E-02
   11   -0.17311675E+02   -0.14560542E-06    0.47823837E-03
   12   -0.17311675E+02   -0.16445892E-07    0.23097157E-03
   13   -0.17311675E+02   -0.95830544E-09    0.35804322E-04
   14   -0.17311675E+02   -0.10551915E-09    0.40441799E-05
   15   -0.17311675E+02   -0.44408921E-12    0.81386430E-06
>> Charges saved for restart in charges.bin
 
 Total Energy:                     -17.0806750562 H
 Total Mermin free energy:         -17.0806750562 H
