================================================================================
==
==   Density Functional based Tight Binding with a lot of extensions (DFTB+)    
==
==                              Release: 1.2 (p2)
==
==                            (ParserVersion = 4)
==
================================================================================


********************************************************************************
** Parsing and initializing
********************************************************************************

Interpreting input file 'dftb_in.hsd'
--------------------------------------------------------------------------------
WARNING!
-> WriteHSDInput and WriteXMLInput both turned off. You won't eventually be 
 able to obtain the same results with a later version of the code!
Path: dftb_in/ParserOptions
Line: 66-69 (File: dftb_in.hsd)

Reading SK-files:
  /home/andersx/parameters/3ob-3-1/C-C.skf
  /home/andersx/parameters/3ob-3-1/C-H.skf
  /home/andersx/parameters/3ob-3-1/H-C.skf
  /home/andersx/parameters/3ob-3-1/H-H.skf
Done.

Starting initialization...
--------------------------------------------------------------------------------
Mode:                        Static calculation
Self consistent charges:     Yes
SCC-tolerance:                 0.100000E-05
Max. scc iterations:                    100
Ewald alpha parameter:         0.000000E+00
Spin polarisation:           No
Nr. of up electrons:            16.000000
Nr. of down electrons:          16.000000
Periodic boundaries:         No
Diagonalizer:                Divide and Conquer
Mixer:                       Anderson mixer
Mixing parameter:                  0.200000
Maximal SCC-cycles:                     100
Nr. of chrg. vectors to mix:              8
Electronic temperature:        0.100000E-07
Initial charges:             Set automatically (system chrg:   0.000E+00)
Included shells:              C:  s, p
                              H:  s
Full 3rd order correction    Yes
Damped SCC                   Yes
Damped specie(s):            H                                                 
Extra options:
--------------------------------------------------------------------------------
 

********************************************************************************
** Geometry step: 0
********************************************************************************

  iSCC Total electronic   Diff electronic      SCC error    
    1   -0.13251994E+02    0.00000000E+00    0.22426260E+00
    2   -0.13252100E+02   -0.10590274E-03    0.22218313E+00
    3   -0.13254746E+02   -0.26459776E-02    0.76848846E-01
    4   -0.13254693E+02    0.52774294E-04    0.70389639E-01
    5   -0.13254958E+02   -0.26434027E-03    0.26877121E-01
    6   -0.13254989E+02   -0.31849435E-04    0.23145497E-01
    7   -0.13254996E+02   -0.64579711E-05    0.24013174E-01
    8   -0.13255006E+02   -0.10581640E-04    0.13386308E-02
    9   -0.13255006E+02   -0.13627233E-07    0.19689275E-02
   10   -0.13255006E+02   -0.21852527E-07    0.11822158E-02
   11   -0.13255007E+02   -0.17721526E-07    0.47255462E-03
   12   -0.13255007E+02   -0.82011749E-08    0.36421396E-04
   13   -0.13255007E+02   -0.54221516E-10    0.18148742E-04
   14   -0.13255007E+02   -0.57358562E-11    0.11969054E-05
   15   -0.13255007E+02   -0.46185278E-13    0.85862543E-07
>> Charges saved for restart in charges.bin
 
 Total Energy:                     -13.2489749365 H
 Total Mermin free energy:         -13.2489749365 H
