================================================================================
==
==   Density Functional based Tight Binding with a lot of extensions (DFTB+)    
==
==                              Release: 1.2 (p2)
==
==                            (ParserVersion = 4)
==
================================================================================


********************************************************************************
** Parsing and initializing
********************************************************************************

Interpreting input file 'dftb_in.hsd'
--------------------------------------------------------------------------------
WARNING!
-> WriteHSDInput and WriteXMLInput both turned off. You won't eventually be 
 able to obtain the same results with a later version of the code!
Path: dftb_in/ParserOptions
Line: 78-81 (File: dftb_in.hsd)

Reading SK-files:
  /home/andersx/parameters/3ob-3-1/C-C.skf
  /home/andersx/parameters/3ob-3-1/C-N.skf
  /home/andersx/parameters/3ob-3-1/C-H.skf
  /home/andersx/parameters/3ob-3-1/N-C.skf
  /home/andersx/parameters/3ob-3-1/N-N.skf
  /home/andersx/parameters/3ob-3-1/N-H.skf
  /home/andersx/parameters/3ob-3-1/H-C.skf
  /home/andersx/parameters/3ob-3-1/H-N.skf
  /home/andersx/parameters/3ob-3-1/H-H.skf
Done.

Starting initialization...
--------------------------------------------------------------------------------
Mode:                        Static calculation
Self consistent charges:     Yes
SCC-tolerance:                 0.100000E-05
Max. scc iterations:                    100
Ewald alpha parameter:         0.000000E+00
Spin polarisation:           No
Nr. of up electrons:            21.000000
Nr. of down electrons:          21.000000
Periodic boundaries:         No
Diagonalizer:                Divide and Conquer
Mixer:                       Anderson mixer
Mixing parameter:                  0.200000
Maximal SCC-cycles:                     100
Nr. of chrg. vectors to mix:              8
Electronic temperature:        0.100000E-07
Initial charges:             Set automatically (system chrg:   0.000E+00)
Included shells:              C:  s, p
                              N:  s, p
                              H:  s
Full 3rd order correction    Yes
Damped SCC                   Yes
Damped specie(s):            H                                                 
Extra options:
--------------------------------------------------------------------------------
 

********************************************************************************
** Geometry step: 0
********************************************************************************

  iSCC Total electronic   Diff electronic      SCC error    
    1   -0.17985845E+02    0.00000000E+00    0.60031168E+00
    2   -0.17985901E+02   -0.55763810E-04    0.59311428E+00
    3   -0.17987116E+02   -0.12144462E-02    0.54230444E-01
    4   -0.17987066E+02    0.50111597E-04    0.43595399E-01
    5   -0.17987101E+02   -0.35437923E-04    0.72815280E-01
    6   -0.17987247E+02   -0.14583189E-03    0.18693444E-01
    7   -0.17987247E+02   -0.59059963E-06    0.12121546E-01
    8   -0.17987251E+02   -0.31944085E-05    0.68680924E-02
    9   -0.17987252E+02   -0.11647948E-05    0.15824142E-02
   10   -0.17987252E+02   -0.48937565E-07    0.13357326E-02
   11   -0.17987252E+02   -0.10838554E-06    0.34278511E-03
   12   -0.17987252E+02   -0.32812828E-08    0.18740960E-03
   13   -0.17987252E+02   -0.11321468E-08    0.14887968E-04
   14   -0.17987252E+02   -0.11638690E-10    0.16535822E-05
   15   -0.17987252E+02   -0.49737992E-13    0.41675730E-06
>> Charges saved for restart in charges.bin
 
 Total Energy:                     -17.8424241225 H
 Total Mermin free energy:         -17.8424241225 H
