================================================================================
==
==   Density Functional based Tight Binding with a lot of extensions (DFTB+)    
==
==                              Release: 1.2 (p2)
==
==                            (ParserVersion = 4)
==
================================================================================


********************************************************************************
** Parsing and initializing
********************************************************************************

Interpreting input file 'dftb_in.hsd'
--------------------------------------------------------------------------------
WARNING!
-> WriteHSDInput and WriteXMLInput both turned off. You won't eventually be 
 able to obtain the same results with a later version of the code!
Path: dftb_in/ParserOptions
Line: 71-74 (File: dftb_in.hsd)

Reading SK-files:
  /home/andersx/parameters/3ob-3-1/C-C.skf
  /home/andersx/parameters/3ob-3-1/C-N.skf
  /home/andersx/parameters/3ob-3-1/C-H.skf
  /home/andersx/parameters/3ob-3-1/N-C.skf
  /home/andersx/parameters/3ob-3-1/N-N.skf
  /home/andersx/parameters/3ob-3-1/N-H.skf
  /home/andersx/parameters/3ob-3-1/H-C.skf
  /home/andersx/parameters/3ob-3-1/H-N.skf
  /home/andersx/parameters/3ob-3-1/H-H.skf
Done.

Starting initialization...
--------------------------------------------------------------------------------
Mode:                        Static calculation
Self consistent charges:     Yes
SCC-tolerance:                 0.100000E-05
Max. scc iterations:                    100
Ewald alpha parameter:         0.000000E+00
Spin polarisation:           No
Nr. of up electrons:            18.000000
Nr. of down electrons:          18.000000
Periodic boundaries:         No
Diagonalizer:                Divide and Conquer
Mixer:                       Anderson mixer
Mixing parameter:                  0.200000
Maximal SCC-cycles:                     100
Nr. of chrg. vectors to mix:              8
Electronic temperature:        0.100000E-07
Initial charges:             Set automatically (system chrg:   0.000E+00)
Included shells:              C:  s, p
                              N:  s, p
                              H:  s
Full 3rd order correction    Yes
Damped SCC                   Yes
Damped specie(s):            H                                                 
Extra options:
--------------------------------------------------------------------------------
 

********************************************************************************
** Geometry step: 0
********************************************************************************

  iSCC Total electronic   Diff electronic      SCC error    
    1   -0.16397328E+02    0.00000000E+00    0.81528020E+00
    2   -0.16398714E+02   -0.13861726E-02    0.80177562E+00
    3   -0.16427924E+02   -0.29210366E-01    0.19827912E+00
    4   -0.16428097E+02   -0.17280714E-03    0.19475211E+00
    5   -0.16429631E+02   -0.15340935E-02    0.37098135E-01
    6   -0.16429628E+02    0.34893869E-05    0.35451003E-01
    7   -0.16429657E+02   -0.28721916E-04    0.58361642E-02
    8   -0.16429656E+02    0.89719762E-06    0.34140326E-02
    9   -0.16429657E+02   -0.99624315E-06    0.22696338E-02
   10   -0.16429658E+02   -0.11922502E-05    0.48872062E-03
   11   -0.16429658E+02   -0.32771453E-07    0.22777760E-03
   12   -0.16429658E+02   -0.73938224E-08    0.38674161E-04
   13   -0.16429658E+02   -0.97152508E-10    0.74758754E-05
   14   -0.16429658E+02   -0.37303494E-12    0.26243058E-05
   15   -0.16429658E+02   -0.46185278E-13    0.17148013E-06
>> Charges saved for restart in charges.bin
 
 Total Energy:                     -15.8668804087 H
 Total Mermin free energy:         -15.8668804087 H
