================================================================================
==
==   Density Functional based Tight Binding with a lot of extensions (DFTB+)    
==
==                              Release: 1.2 (p2)
==
==                            (ParserVersion = 4)
==
================================================================================


********************************************************************************
** Parsing and initializing
********************************************************************************

Interpreting input file 'dftb_in.hsd'
--------------------------------------------------------------------------------
WARNING!
-> WriteHSDInput and WriteXMLInput both turned off. You won't eventually be 
 able to obtain the same results with a later version of the code!
Path: dftb_in/ParserOptions
Line: 76-79 (File: dftb_in.hsd)

Reading SK-files:
  /home/andersx/parameters/3ob-3-1/C-C.skf
  /home/andersx/parameters/3ob-3-1/C-N.skf
  /home/andersx/parameters/3ob-3-1/C-H.skf
  /home/andersx/parameters/3ob-3-1/N-C.skf
  /home/andersx/parameters/3ob-3-1/N-N.skf
  /home/andersx/parameters/3ob-3-1/N-H.skf
  /home/andersx/parameters/3ob-3-1/H-C.skf
  /home/andersx/parameters/3ob-3-1/H-N.skf
  /home/andersx/parameters/3ob-3-1/H-H.skf
Done.

Starting initialization...
--------------------------------------------------------------------------------
Mode:                        Static calculation
Self consistent charges:     Yes
SCC-tolerance:                 0.100000E-05
Max. scc iterations:                    100
Ewald alpha parameter:         0.000000E+00
Spin polarisation:           No
Nr. of up electrons:            20.000000
Nr. of down electrons:          20.000000
Periodic boundaries:         No
Diagonalizer:                Divide and Conquer
Mixer:                       Anderson mixer
Mixing parameter:                  0.200000
Maximal SCC-cycles:                     100
Nr. of chrg. vectors to mix:              8
Electronic temperature:        0.100000E-07
Initial charges:             Set automatically (system chrg:   0.000E+00)
Included shells:              C:  s, p
                              N:  s, p
                              H:  s
Full 3rd order correction    Yes
Damped SCC                   Yes
Damped specie(s):            H                                                 
Extra options:
--------------------------------------------------------------------------------
 

********************************************************************************
** Geometry step: 0
********************************************************************************

  iSCC Total electronic   Diff electronic      SCC error    
    1   -0.17227338E+02    0.00000000E+00    0.92567831E+00
    2   -0.17227776E+02   -0.43761064E-03    0.91129174E+00
    3   -0.17236905E+02   -0.91295744E-02    0.12408700E+00
    4   -0.17236467E+02    0.43787752E-03    0.11028496E+00
    5   -0.17236010E+02    0.45715107E-03    0.22934958E+00
    6   -0.17237616E+02   -0.16058152E-02    0.72728507E-01
    7   -0.17237738E+02   -0.12160311E-03    0.22089207E-01
    8   -0.17237746E+02   -0.82873541E-05    0.21829579E-01
    9   -0.17237765E+02   -0.18609901E-04    0.57085232E-02
   10   -0.17237765E+02   -0.19756899E-06    0.63651169E-02
   11   -0.17237766E+02   -0.85992897E-06    0.99736197E-03
   12   -0.17237766E+02   -0.91810541E-08    0.87132079E-03
   13   -0.17237766E+02   -0.12443437E-07    0.64933395E-04
   14   -0.17237766E+02   -0.50800253E-09    0.28892941E-04
   15   -0.17237766E+02   -0.15432988E-09    0.30598880E-05
   16   -0.17237766E+02   -0.23803182E-12    0.70258583E-06
>> Charges saved for restart in charges.bin
 
 Total Energy:                     -17.0804177776 H
 Total Mermin free energy:         -17.0804177776 H
