================================================================================
==
==   Density Functional based Tight Binding with a lot of extensions (DFTB+)    
==
==                              Release: 1.2 (p2)
==
==                            (ParserVersion = 4)
==
================================================================================


********************************************************************************
** Parsing and initializing
********************************************************************************

Interpreting input file 'dftb_in.hsd'
--------------------------------------------------------------------------------
WARNING!
-> WriteHSDInput and WriteXMLInput both turned off. You won't eventually be 
 able to obtain the same results with a later version of the code!
Path: dftb_in/ParserOptions
Line: 76-79 (File: dftb_in.hsd)

Reading SK-files:
  /home/andersx/parameters/3ob-3-1/C-C.skf
  /home/andersx/parameters/3ob-3-1/C-N.skf
  /home/andersx/parameters/3ob-3-1/C-H.skf
  /home/andersx/parameters/3ob-3-1/N-C.skf
  /home/andersx/parameters/3ob-3-1/N-N.skf
  /home/andersx/parameters/3ob-3-1/N-H.skf
  /home/andersx/parameters/3ob-3-1/H-C.skf
  /home/andersx/parameters/3ob-3-1/H-N.skf
  /home/andersx/parameters/3ob-3-1/H-H.skf
Done.

Starting initialization...
--------------------------------------------------------------------------------
Mode:                        Static calculation
Self consistent charges:     Yes
SCC-tolerance:                 0.100000E-05
Max. scc iterations:                    100
Ewald alpha parameter:         0.000000E+00
Spin polarisation:           No
Nr. of up electrons:            20.000000
Nr. of down electrons:          20.000000
Periodic boundaries:         No
Diagonalizer:                Divide and Conquer
Mixer:                       Anderson mixer
Mixing parameter:                  0.200000
Maximal SCC-cycles:                     100
Nr. of chrg. vectors to mix:              8
Electronic temperature:        0.100000E-07
Initial charges:             Set automatically (system chrg:   0.000E+00)
Included shells:              C:  s, p
                              N:  s, p
                              H:  s
Full 3rd order correction    Yes
Damped SCC                   Yes
Damped specie(s):            H                                                 
Extra options:
--------------------------------------------------------------------------------
 

********************************************************************************
** Geometry step: 0
********************************************************************************

  iSCC Total electronic   Diff electronic      SCC error    
    1   -0.17203456E+02    0.00000000E+00    0.29135095E+00
    2   -0.17203638E+02   -0.18169602E-03    0.28572425E+00
    3   -0.17207954E+02   -0.43159722E-02    0.83917092E-01
    4   -0.17207852E+02    0.10166742E-03    0.96935284E-01
    5   -0.17208268E+02   -0.41575690E-03    0.54108280E-01
    6   -0.17208372E+02   -0.10334659E-03    0.20993364E-01
    7   -0.17208377E+02   -0.59232014E-05    0.18885162E-01
    8   -0.17208393E+02   -0.15151866E-04    0.36745293E-02
    9   -0.17208393E+02    0.24252245E-09    0.33632551E-02
   10   -0.17208393E+02   -0.54668970E-07    0.24825436E-02
   11   -0.17208393E+02   -0.86514195E-07    0.11831327E-02
   12   -0.17208393E+02   -0.66294856E-07    0.35507762E-03
   13   -0.17208393E+02   -0.41798138E-08    0.23536089E-03
   14   -0.17208393E+02   -0.13436079E-08    0.16285547E-04
   15   -0.17208393E+02   -0.11951329E-10    0.66337343E-05
   16   -0.17208393E+02   -0.91304742E-12    0.97108398E-06
>> Charges saved for restart in charges.bin
 
 Total Energy:                     -17.0137021835 H
 Total Mermin free energy:         -17.0137021835 H
