================================================================================
==
==   Density Functional based Tight Binding with a lot of extensions (DFTB+)    
==
==                              Release: 1.2 (p2)
==
==                            (ParserVersion = 4)
==
================================================================================


********************************************************************************
** Parsing and initializing
********************************************************************************

Interpreting input file 'dftb_in.hsd'
--------------------------------------------------------------------------------
WARNING!
-> WriteHSDInput and WriteXMLInput both turned off. You won't eventually be 
 able to obtain the same results with a later version of the code!
Path: dftb_in/ParserOptions
Line: 74-77 (File: dftb_in.hsd)

Reading SK-files:
  /home/andersx/parameters/3ob-3-1/C-C.skf
  /home/andersx/parameters/3ob-3-1/C-N.skf
  /home/andersx/parameters/3ob-3-1/C-H.skf
  /home/andersx/parameters/3ob-3-1/N-C.skf
  /home/andersx/parameters/3ob-3-1/N-N.skf
  /home/andersx/parameters/3ob-3-1/N-H.skf
  /home/andersx/parameters/3ob-3-1/H-C.skf
  /home/andersx/parameters/3ob-3-1/H-N.skf
  /home/andersx/parameters/3ob-3-1/H-H.skf
Done.

Starting initialization...
--------------------------------------------------------------------------------
Mode:                        Static calculation
Self consistent charges:     Yes
SCC-tolerance:                 0.100000E-05
Max. scc iterations:                    100
Ewald alpha parameter:         0.000000E+00
Spin polarisation:           No
Nr. of up electrons:            19.000000
Nr. of down electrons:          19.000000
Periodic boundaries:         No
Diagonalizer:                Divide and Conquer
Mixer:                       Anderson mixer
Mixing parameter:                  0.200000
Maximal SCC-cycles:                     100
Nr. of chrg. vectors to mix:              8
Electronic temperature:        0.100000E-07
Initial charges:             Set automatically (system chrg:   0.000E+00)
Included shells:              C:  s, p
                              N:  s, p
                              H:  s
Full 3rd order correction    Yes
Damped SCC                   Yes
Damped specie(s):            H                                                 
Extra options:
--------------------------------------------------------------------------------
 

********************************************************************************
** Geometry step: 0
********************************************************************************

  iSCC Total electronic   Diff electronic      SCC error    
    1   -0.16521176E+02    0.00000000E+00    0.33877474E+00
    2   -0.16521640E+02   -0.46396488E-03    0.33211097E+00
    3   -0.16531616E+02   -0.99755195E-02    0.16284774E+00
    4   -0.16531461E+02    0.15462094E-03    0.15812699E+00
    5   -0.16531941E+02   -0.47986208E-03    0.47340311E-01
    6   -0.16532040E+02   -0.98726176E-04    0.19004718E-01
    7   -0.16532035E+02    0.50396709E-05    0.18052779E-01
    8   -0.16532084E+02   -0.49644502E-04    0.35604427E-02
    9   -0.16532084E+02    0.16457610E-06    0.30583793E-02
   10   -0.16532085E+02   -0.68918620E-06    0.94290790E-03
   11   -0.16532085E+02   -0.20999195E-07    0.53667497E-03
   12   -0.16532085E+02   -0.11754484E-07    0.18252685E-03
   13   -0.16532085E+02   -0.82739149E-09    0.84804098E-04
   14   -0.16532085E+02   -0.19986501E-09    0.86027965E-05
   15   -0.16532085E+02   -0.98125952E-11    0.27275656E-05
   16   -0.16532085E+02   -0.11723955E-12    0.97613132E-06
>> Charges saved for restart in charges.bin
 
 Total Energy:                     -16.2509769020 H
 Total Mermin free energy:         -16.2509769020 H
