================================================================================
==
==   Density Functional based Tight Binding with a lot of extensions (DFTB+)    
==
==                              Release: 1.2 (p2)
==
==                            (ParserVersion = 4)
==
================================================================================


********************************************************************************
** Parsing and initializing
********************************************************************************

Interpreting input file 'dftb_in.hsd'
--------------------------------------------------------------------------------
WARNING!
-> WriteHSDInput and WriteXMLInput both turned off. You won't eventually be 
 able to obtain the same results with a later version of the code!
Path: dftb_in/ParserOptions
Line: 78-81 (File: dftb_in.hsd)

Reading SK-files:
  /home/andersx/parameters/3ob-3-1/C-C.skf
  /home/andersx/parameters/3ob-3-1/C-N.skf
  /home/andersx/parameters/3ob-3-1/C-H.skf
  /home/andersx/parameters/3ob-3-1/N-C.skf
  /home/andersx/parameters/3ob-3-1/N-N.skf
  /home/andersx/parameters/3ob-3-1/N-H.skf
  /home/andersx/parameters/3ob-3-1/H-C.skf
  /home/andersx/parameters/3ob-3-1/H-N.skf
  /home/andersx/parameters/3ob-3-1/H-H.skf
Done.

Starting initialization...
--------------------------------------------------------------------------------
Mode:                        Static calculation
Self consistent charges:     Yes
SCC-tolerance:                 0.100000E-05
Max. scc iterations:                    100
Ewald alpha parameter:         0.000000E+00
Spin polarisation:           No
Nr. of up electrons:            21.000000
Nr. of down electrons:          21.000000
Periodic boundaries:         No
Diagonalizer:                Divide and Conquer
Mixer:                       Anderson mixer
Mixing parameter:                  0.200000
Maximal SCC-cycles:                     100
Nr. of chrg. vectors to mix:              8
Electronic temperature:        0.100000E-07
Initial charges:             Set automatically (system chrg:   0.000E+00)
Included shells:              C:  s, p
                              N:  s, p
                              H:  s
Full 3rd order correction    Yes
Damped SCC                   Yes
Damped specie(s):            H                                                 
Extra options:
--------------------------------------------------------------------------------
 

********************************************************************************
** Geometry step: 0
********************************************************************************

  iSCC Total electronic   Diff electronic      SCC error    
    1   -0.17889516E+02    0.00000000E+00    0.59016138E+00
    2   -0.17889727E+02   -0.21148493E-03    0.58305729E+00
    3   -0.17895286E+02   -0.55584647E-02    0.10557591E+00
    4   -0.17895171E+02    0.11475688E-03    0.10382249E+00
    5   -0.17895199E+02   -0.28124023E-04    0.10776871E+00
    6   -0.17895487E+02   -0.28850982E-03    0.83870380E-02
    7   -0.17895487E+02    0.12089907E-06    0.72506031E-02
    8   -0.17895491E+02   -0.38640864E-05    0.61454091E-02
    9   -0.17895491E+02   -0.29575555E-06    0.94136126E-03
   10   -0.17895491E+02   -0.23195987E-07    0.46554972E-03
   11   -0.17895491E+02   -0.49659157E-08    0.71164292E-04
   12   -0.17895491E+02   -0.52249405E-09    0.12280067E-04
   13   -0.17895491E+02   -0.33608671E-11    0.40725821E-05
   14   -0.17895491E+02   -0.31263880E-12    0.27284994E-06
>> Charges saved for restart in charges.bin
 
 Total Energy:                     -17.8093381121 H
 Total Mermin free energy:         -17.8093381121 H
