================================================================================
==
==   Density Functional based Tight Binding with a lot of extensions (DFTB+)    
==
==                              Release: 1.2 (p2)
==
==                            (ParserVersion = 4)
==
================================================================================


********************************************************************************
** Parsing and initializing
********************************************************************************

Interpreting input file 'dftb_in.hsd'
--------------------------------------------------------------------------------
WARNING!
-> WriteHSDInput and WriteXMLInput both turned off. You won't eventually be 
 able to obtain the same results with a later version of the code!
Path: dftb_in/ParserOptions
Line: 77-80 (File: dftb_in.hsd)

Reading SK-files:
  /home/andersx/parameters/3ob-3-1/C-C.skf
  /home/andersx/parameters/3ob-3-1/C-N.skf
  /home/andersx/parameters/3ob-3-1/C-H.skf
  /home/andersx/parameters/3ob-3-1/N-C.skf
  /home/andersx/parameters/3ob-3-1/N-N.skf
  /home/andersx/parameters/3ob-3-1/N-H.skf
  /home/andersx/parameters/3ob-3-1/H-C.skf
  /home/andersx/parameters/3ob-3-1/H-N.skf
  /home/andersx/parameters/3ob-3-1/H-H.skf
Done.

Starting initialization...
--------------------------------------------------------------------------------
Mode:                        Static calculation
Self consistent charges:     Yes
SCC-tolerance:                 0.100000E-05
Max. scc iterations:                    100
Ewald alpha parameter:         0.000000E+00
Spin polarisation:           No
Nr. of up electrons:            20.000000
Nr. of down electrons:          20.000000
Periodic boundaries:         No
Diagonalizer:                Divide and Conquer
Mixer:                       Anderson mixer
Mixing parameter:                  0.200000
Maximal SCC-cycles:                     100
Nr. of chrg. vectors to mix:              8
Electronic temperature:        0.100000E-07
Initial charges:             Set automatically (system chrg:   0.000E+00)
Included shells:              C:  s, p
                              N:  s, p
                              H:  s
Full 3rd order correction    Yes
Damped SCC                   Yes
Damped specie(s):            H                                                 
Extra options:
--------------------------------------------------------------------------------
 

********************************************************************************
** Geometry step: 0
********************************************************************************

  iSCC Total electronic   Diff electronic      SCC error    
    1   -0.16680482E+02    0.00000000E+00    0.39407341E+00
    2   -0.16680666E+02   -0.18337488E-03    0.38755467E+00
    3   -0.16685646E+02   -0.49804608E-02    0.59761840E-01
    4   -0.16685597E+02    0.49053513E-04    0.54436665E-01
    5   -0.16685662E+02   -0.64958121E-04    0.54342967E-01
    6   -0.16685740E+02   -0.77513055E-04    0.78441118E-02
    7   -0.16685740E+02   -0.28311854E-06    0.74664666E-02
    8   -0.16685746E+02   -0.62636516E-05    0.14436121E-02
    9   -0.16685746E+02   -0.22866814E-07    0.62808405E-03
   10   -0.16685746E+02   -0.25676471E-07    0.53426023E-03
   11   -0.16685746E+02   -0.44850381E-08    0.11109555E-03
   12   -0.16685746E+02   -0.46260595E-09    0.18973375E-04
   13   -0.16685746E+02   -0.12882140E-10    0.51671832E-05
   14   -0.16685746E+02   -0.45119464E-12    0.98109098E-06
>> Charges saved for restart in charges.bin
 
 Total Energy:                     -16.7438395723 H
 Total Mermin free energy:         -16.7438395723 H
