================================================================================
==
==   Density Functional based Tight Binding with a lot of extensions (DFTB+)    
==
==                              Release: 1.2 (p2)
==
==                            (ParserVersion = 4)
==
================================================================================


********************************************************************************
** Parsing and initializing
********************************************************************************

Interpreting input file 'dftb_in.hsd'
--------------------------------------------------------------------------------
WARNING!
-> WriteHSDInput and WriteXMLInput both turned off. You won't eventually be 
 able to obtain the same results with a later version of the code!
Path: dftb_in/ParserOptions
Line: 77-80 (File: dftb_in.hsd)

Reading SK-files:
  /home/andersx/parameters/3ob-3-1/C-C.skf
  /home/andersx/parameters/3ob-3-1/C-N.skf
  /home/andersx/parameters/3ob-3-1/C-H.skf
  /home/andersx/parameters/3ob-3-1/N-C.skf
  /home/andersx/parameters/3ob-3-1/N-N.skf
  /home/andersx/parameters/3ob-3-1/N-H.skf
  /home/andersx/parameters/3ob-3-1/H-C.skf
  /home/andersx/parameters/3ob-3-1/H-N.skf
  /home/andersx/parameters/3ob-3-1/H-H.skf
Done.

Starting initialization...
--------------------------------------------------------------------------------
Mode:                        Static calculation
Self consistent charges:     Yes
SCC-tolerance:                 0.100000E-05
Max. scc iterations:                    100
Ewald alpha parameter:         0.000000E+00
Spin polarisation:           No
Nr. of up electrons:            20.000000
Nr. of down electrons:          20.000000
Periodic boundaries:         No
Diagonalizer:                Divide and Conquer
Mixer:                       Anderson mixer
Mixing parameter:                  0.200000
Maximal SCC-cycles:                     100
Nr. of chrg. vectors to mix:              8
Electronic temperature:        0.100000E-07
Initial charges:             Set automatically (system chrg:   0.000E+00)
Included shells:              C:  s, p
                              N:  s, p
                              H:  s
Full 3rd order correction    Yes
Damped SCC                   Yes
Damped specie(s):            H                                                 
Extra options:
--------------------------------------------------------------------------------
 

********************************************************************************
** Geometry step: 0
********************************************************************************

  iSCC Total electronic   Diff electronic      SCC error    
    1   -0.16680480E+02    0.00000000E+00    0.39407668E+00
    2   -0.16680664E+02   -0.18338011E-03    0.38755785E+00
    3   -0.16685644E+02   -0.49805728E-02    0.59762106E-01
    4   -0.16685595E+02    0.49055810E-04    0.54439602E-01
    5   -0.16685660E+02   -0.64964350E-04    0.54343876E-01
    6   -0.16685738E+02   -0.77515336E-04    0.78450073E-02
    7   -0.16685738E+02   -0.28298594E-06    0.74675429E-02
    8   -0.16685744E+02   -0.62640548E-05    0.14434176E-02
    9   -0.16685744E+02   -0.22855843E-07    0.62816038E-03
   10   -0.16685744E+02   -0.25675323E-07    0.53430765E-03
   11   -0.16685744E+02   -0.44858162E-08    0.11111545E-03
   12   -0.16685744E+02   -0.46269122E-09    0.18973363E-04
   13   -0.16685744E+02   -0.12878587E-10    0.51667404E-05
   14   -0.16685744E+02   -0.45474735E-12    0.98136170E-06
>> Charges saved for restart in charges.bin
 
 Total Energy:                     -16.7438398514 H
 Total Mermin free energy:         -16.7438398514 H
