================================================================================
==
==   Density Functional based Tight Binding with a lot of extensions (DFTB+)    
==
==                              Release: 1.2 (p2)
==
==                            (ParserVersion = 4)
==
================================================================================


********************************************************************************
** Parsing and initializing
********************************************************************************

Interpreting input file 'dftb_in.hsd'
--------------------------------------------------------------------------------
WARNING!
-> WriteHSDInput and WriteXMLInput both turned off. You won't eventually be 
 able to obtain the same results with a later version of the code!
Path: dftb_in/ParserOptions
Line: 78-81 (File: dftb_in.hsd)

Reading SK-files:
  /home/andersx/parameters/3ob-3-1/C-C.skf
  /home/andersx/parameters/3ob-3-1/C-N.skf
  /home/andersx/parameters/3ob-3-1/C-H.skf
  /home/andersx/parameters/3ob-3-1/N-C.skf
  /home/andersx/parameters/3ob-3-1/N-N.skf
  /home/andersx/parameters/3ob-3-1/N-H.skf
  /home/andersx/parameters/3ob-3-1/H-C.skf
  /home/andersx/parameters/3ob-3-1/H-N.skf
  /home/andersx/parameters/3ob-3-1/H-H.skf
Done.

Starting initialization...
--------------------------------------------------------------------------------
Mode:                        Static calculation
Self consistent charges:     Yes
SCC-tolerance:                 0.100000E-05
Max. scc iterations:                    100
Ewald alpha parameter:         0.000000E+00
Spin polarisation:           No
Nr. of up electrons:            21.000000
Nr. of down electrons:          21.000000
Periodic boundaries:         No
Diagonalizer:                Divide and Conquer
Mixer:                       Anderson mixer
Mixing parameter:                  0.200000
Maximal SCC-cycles:                     100
Nr. of chrg. vectors to mix:              8
Electronic temperature:        0.100000E-07
Initial charges:             Set automatically (system chrg:   0.000E+00)
Included shells:              C:  s, p
                              N:  s, p
                              H:  s
Full 3rd order correction    Yes
Damped SCC                   Yes
Damped specie(s):            H                                                 
Extra options:
--------------------------------------------------------------------------------
 

********************************************************************************
** Geometry step: 0
********************************************************************************

  iSCC Total electronic   Diff electronic      SCC error    
    1   -0.17880813E+02    0.00000000E+00    0.58901400E+00
    2   -0.17881030E+02   -0.21675711E-03    0.58175034E+00
    3   -0.17886606E+02   -0.55758324E-02    0.86980904E-01
    4   -0.17886465E+02    0.14062292E-03    0.93038306E-01
    5   -0.17886548E+02   -0.82575497E-04    0.99775237E-01
    6   -0.17886864E+02   -0.31671337E-03    0.85606360E-02
    7   -0.17886864E+02   -0.32782520E-07    0.71579734E-02
    8   -0.17886866E+02   -0.13131370E-05    0.69506514E-02
    9   -0.17886866E+02   -0.36705368E-06    0.11131805E-02
   10   -0.17886866E+02   -0.10801173E-07    0.64585635E-03
   11   -0.17886866E+02   -0.70458483E-08    0.89488987E-04
   12   -0.17886866E+02   -0.37754688E-09    0.13845218E-04
   13   -0.17886866E+02   -0.33253400E-11    0.43436838E-05
   14   -0.17886866E+02   -0.74962259E-12    0.24981071E-06
>> Charges saved for restart in charges.bin
 
 Total Energy:                     -17.8214668837 H
 Total Mermin free energy:         -17.8214668837 H
