================================================================================
==
==   Density Functional based Tight Binding with a lot of extensions (DFTB+)    
==
==                              Release: 1.2 (p2)
==
==                            (ParserVersion = 4)
==
================================================================================


********************************************************************************
** Parsing and initializing
********************************************************************************

Interpreting input file 'dftb_in.hsd'
--------------------------------------------------------------------------------
WARNING!
-> WriteHSDInput and WriteXMLInput both turned off. You won't eventually be 
 able to obtain the same results with a later version of the code!
Path: dftb_in/ParserOptions
Line: 74-77 (File: dftb_in.hsd)

Reading SK-files:
  /home/andersx/parameters/3ob-3-1/C-C.skf
  /home/andersx/parameters/3ob-3-1/C-N.skf
  /home/andersx/parameters/3ob-3-1/C-H.skf
  /home/andersx/parameters/3ob-3-1/N-C.skf
  /home/andersx/parameters/3ob-3-1/N-N.skf
  /home/andersx/parameters/3ob-3-1/N-H.skf
  /home/andersx/parameters/3ob-3-1/H-C.skf
  /home/andersx/parameters/3ob-3-1/H-N.skf
  /home/andersx/parameters/3ob-3-1/H-H.skf
Done.

Starting initialization...
--------------------------------------------------------------------------------
Mode:                        Static calculation
Self consistent charges:     Yes
SCC-tolerance:                 0.100000E-05
Max. scc iterations:                    100
Ewald alpha parameter:         0.000000E+00
Spin polarisation:           No
Nr. of up electrons:            19.000000
Nr. of down electrons:          19.000000
Periodic boundaries:         No
Diagonalizer:                Divide and Conquer
Mixer:                       Anderson mixer
Mixing parameter:                  0.200000
Maximal SCC-cycles:                     100
Nr. of chrg. vectors to mix:              8
Electronic temperature:        0.100000E-07
Initial charges:             Set automatically (system chrg:   0.000E+00)
Included shells:              C:  s, p
                              N:  s, p
                              H:  s
Full 3rd order correction    Yes
Damped SCC                   Yes
Damped specie(s):            H                                                 
Extra options:
--------------------------------------------------------------------------------
 

********************************************************************************
** Geometry step: 0
********************************************************************************

  iSCC Total electronic   Diff electronic      SCC error    
    1   -0.16530351E+02    0.00000000E+00    0.58093251E+00
    2   -0.16531009E+02   -0.65749649E-03    0.56891519E+00
    3   -0.16546466E+02   -0.15457074E-01    0.97744147E-01
    4   -0.16546462E+02    0.33292536E-05    0.95154027E-01
    5   -0.16546741E+02   -0.27843804E-03    0.23546681E-01
    6   -0.16546745E+02   -0.44778803E-05    0.20753356E-01
    7   -0.16546745E+02    0.36014219E-06    0.16186775E-01
    8   -0.16546763E+02   -0.18370721E-04    0.20176429E-02
    9   -0.16546764E+02   -0.14866699E-06    0.19326202E-02
   10   -0.16546764E+02   -0.10573904E-06    0.18382506E-03
   11   -0.16546764E+02   -0.19173889E-08    0.10468022E-03
   12   -0.16546764E+02   -0.79758422E-09    0.12706196E-04
   13   -0.16546764E+02   -0.95319308E-11    0.15716661E-05
   14   -0.16546764E+02   -0.78159701E-13    0.22733860E-06
>> Charges saved for restart in charges.bin
 
 Total Energy:                     -16.3074332714 H
 Total Mermin free energy:         -16.3074332714 H
