================================================================================
==
==   Density Functional based Tight Binding with a lot of extensions (DFTB+)    
==
==                              Release: 1.2 (p2)
==
==                            (ParserVersion = 4)
==
================================================================================


********************************************************************************
** Parsing and initializing
********************************************************************************

Interpreting input file 'dftb_in.hsd'
--------------------------------------------------------------------------------
WARNING!
-> WriteHSDInput and WriteXMLInput both turned off. You won't eventually be 
 able to obtain the same results with a later version of the code!
Path: dftb_in/ParserOptions
Line: 74-77 (File: dftb_in.hsd)

Reading SK-files:
  /home/andersx/parameters/3ob-3-1/C-C.skf
  /home/andersx/parameters/3ob-3-1/C-N.skf
  /home/andersx/parameters/3ob-3-1/C-H.skf
  /home/andersx/parameters/3ob-3-1/N-C.skf
  /home/andersx/parameters/3ob-3-1/N-N.skf
  /home/andersx/parameters/3ob-3-1/N-H.skf
  /home/andersx/parameters/3ob-3-1/H-C.skf
  /home/andersx/parameters/3ob-3-1/H-N.skf
  /home/andersx/parameters/3ob-3-1/H-H.skf
Done.

Starting initialization...
--------------------------------------------------------------------------------
Mode:                        Static calculation
Self consistent charges:     Yes
SCC-tolerance:                 0.100000E-05
Max. scc iterations:                    100
Ewald alpha parameter:         0.000000E+00
Spin polarisation:           No
Nr. of up electrons:            19.000000
Nr. of down electrons:          19.000000
Periodic boundaries:         No
Diagonalizer:                Divide and Conquer
Mixer:                       Anderson mixer
Mixing parameter:                  0.200000
Maximal SCC-cycles:                     100
Nr. of chrg. vectors to mix:              8
Electronic temperature:        0.100000E-07
Initial charges:             Set automatically (system chrg:   0.000E+00)
Included shells:              C:  s, p
                              N:  s, p
                              H:  s
Full 3rd order correction    Yes
Damped SCC                   Yes
Damped specie(s):            H                                                 
Extra options:
--------------------------------------------------------------------------------
 

********************************************************************************
** Geometry step: 0
********************************************************************************

  iSCC Total electronic   Diff electronic      SCC error    
    1   -0.16642446E+02    0.00000000E+00    0.45355977E+00
    2   -0.16642811E+02   -0.36529567E-03    0.44632026E+00
    3   -0.16650549E+02   -0.77376414E-02    0.17407437E+00
    4   -0.16650027E+02    0.52156028E-03    0.14991176E+00
    5   -0.16650119E+02   -0.91606740E-04    0.11927292E+00
    6   -0.16651520E+02   -0.14008527E-02    0.23106413E-01
    7   -0.16651534E+02   -0.13886874E-04    0.23138002E-01
    8   -0.16651603E+02   -0.69682394E-04    0.12184033E-01
    9   -0.16651604E+02   -0.86718437E-06    0.26929771E-02
   10   -0.16651604E+02   -0.21530917E-06    0.24551802E-02
   11   -0.16651605E+02   -0.45175282E-06    0.44971540E-03
   12   -0.16651605E+02   -0.15359770E-07    0.34651246E-03
   13   -0.16651605E+02   -0.15883259E-08    0.56197668E-04
   14   -0.16651605E+02   -0.22869173E-09    0.93830640E-05
   15   -0.16651605E+02   -0.27426950E-11    0.29799081E-05
   16   -0.16651605E+02   -0.13500312E-12    0.54686767E-06
>> Charges saved for restart in charges.bin
 
 Total Energy:                     -16.3396541508 H
 Total Mermin free energy:         -16.3396541508 H
