================================================================================
==
==   Density Functional based Tight Binding with a lot of extensions (DFTB+)    
==
==                              Release: 1.2 (p2)
==
==                            (ParserVersion = 4)
==
================================================================================


********************************************************************************
** Parsing and initializing
********************************************************************************

Interpreting input file 'dftb_in.hsd'
--------------------------------------------------------------------------------
WARNING!
-> WriteHSDInput and WriteXMLInput both turned off. You won't eventually be 
 able to obtain the same results with a later version of the code!
Path: dftb_in/ParserOptions
Line: 74-77 (File: dftb_in.hsd)

Reading SK-files:
  /home/andersx/parameters/3ob-3-1/C-C.skf
  /home/andersx/parameters/3ob-3-1/C-N.skf
  /home/andersx/parameters/3ob-3-1/C-H.skf
  /home/andersx/parameters/3ob-3-1/N-C.skf
  /home/andersx/parameters/3ob-3-1/N-N.skf
  /home/andersx/parameters/3ob-3-1/N-H.skf
  /home/andersx/parameters/3ob-3-1/H-C.skf
  /home/andersx/parameters/3ob-3-1/H-N.skf
  /home/andersx/parameters/3ob-3-1/H-H.skf
Done.

Starting initialization...
--------------------------------------------------------------------------------
Mode:                        Static calculation
Self consistent charges:     Yes
SCC-tolerance:                 0.100000E-05
Max. scc iterations:                    100
Ewald alpha parameter:         0.000000E+00
Spin polarisation:           No
Nr. of up electrons:            19.000000
Nr. of down electrons:          19.000000
Periodic boundaries:         No
Diagonalizer:                Divide and Conquer
Mixer:                       Anderson mixer
Mixing parameter:                  0.200000
Maximal SCC-cycles:                     100
Nr. of chrg. vectors to mix:              8
Electronic temperature:        0.100000E-07
Initial charges:             Set automatically (system chrg:   0.000E+00)
Included shells:              C:  s, p
                              N:  s, p
                              H:  s
Full 3rd order correction    Yes
Damped SCC                   Yes
Damped specie(s):            H                                                 
Extra options:
--------------------------------------------------------------------------------
 

********************************************************************************
** Geometry step: 0
********************************************************************************

  iSCC Total electronic   Diff electronic      SCC error    
    1   -0.16587301E+02    0.00000000E+00    0.86274595E+00
    2   -0.16587682E+02   -0.38031542E-03    0.84929653E+00
    3   -0.16595213E+02   -0.75313471E-02    0.82886095E-01
    4   -0.16594857E+02    0.35588530E-03    0.83317751E-01
    5   -0.16594931E+02   -0.73592850E-04    0.15686406E+00
    6   -0.16596089E+02   -0.11582976E-02    0.31433594E-01
    7   -0.16596112E+02   -0.22508653E-04    0.17376058E-01
    8   -0.16596116E+02   -0.48939313E-05    0.29145924E-01
    9   -0.16596127E+02   -0.10269287E-04    0.13861482E-01
   10   -0.16596129E+02   -0.18429653E-05    0.10566635E-01
   11   -0.16596131E+02   -0.25177358E-05    0.18529962E-02
   12   -0.16596131E+02   -0.36492064E-07    0.10389237E-02
   13   -0.16596131E+02   -0.30249083E-08    0.15792554E-03
   14   -0.16596131E+02   -0.54487757E-08    0.52383397E-04
   15   -0.16596131E+02   -0.62727779E-09    0.17720560E-04
   16   -0.16596131E+02   -0.20182966E-10    0.24973127E-05
   17   -0.16596131E+02   -0.35527137E-13    0.57653815E-06
>> Charges saved for restart in charges.bin
 
 Total Energy:                     -16.3327662814 H
 Total Mermin free energy:         -16.3327662814 H
