================================================================================
==
==   Density Functional based Tight Binding with a lot of extensions (DFTB+)    
==
==                              Release: 1.2 (p2)
==
==                            (ParserVersion = 4)
==
================================================================================


********************************************************************************
** Parsing and initializing
********************************************************************************

Interpreting input file 'dftb_in.hsd'
--------------------------------------------------------------------------------
WARNING!
-> WriteHSDInput and WriteXMLInput both turned off. You won't eventually be 
 able to obtain the same results with a later version of the code!
Path: dftb_in/ParserOptions
Line: 76-79 (File: dftb_in.hsd)

Reading SK-files:
  /home/andersx/parameters/3ob-3-1/C-C.skf
  /home/andersx/parameters/3ob-3-1/C-N.skf
  /home/andersx/parameters/3ob-3-1/C-H.skf
  /home/andersx/parameters/3ob-3-1/N-C.skf
  /home/andersx/parameters/3ob-3-1/N-N.skf
  /home/andersx/parameters/3ob-3-1/N-H.skf
  /home/andersx/parameters/3ob-3-1/H-C.skf
  /home/andersx/parameters/3ob-3-1/H-N.skf
  /home/andersx/parameters/3ob-3-1/H-H.skf
Done.

Starting initialization...
--------------------------------------------------------------------------------
Mode:                        Static calculation
Self consistent charges:     Yes
SCC-tolerance:                 0.100000E-05
Max. scc iterations:                    100
Ewald alpha parameter:         0.000000E+00
Spin polarisation:           No
Nr. of up electrons:            20.000000
Nr. of down electrons:          20.000000
Periodic boundaries:         No
Diagonalizer:                Divide and Conquer
Mixer:                       Anderson mixer
Mixing parameter:                  0.200000
Maximal SCC-cycles:                     100
Nr. of chrg. vectors to mix:              8
Electronic temperature:        0.100000E-07
Initial charges:             Set automatically (system chrg:   0.000E+00)
Included shells:              C:  s, p
                              N:  s, p
                              H:  s
Full 3rd order correction    Yes
Damped SCC                   Yes
Damped specie(s):            H                                                 
Extra options:
--------------------------------------------------------------------------------
 

********************************************************************************
** Geometry step: 0
********************************************************************************

  iSCC Total electronic   Diff electronic      SCC error    
    1   -0.17265253E+02    0.00000000E+00    0.89662540E+00
    2   -0.17265641E+02   -0.38781558E-03    0.88279953E+00
    3   -0.17273421E+02   -0.77801830E-02    0.93313565E-01
    4   -0.17272999E+02    0.42283985E-03    0.85764517E-01
    5   -0.17272524E+02    0.47411030E-03    0.23348634E+00
    6   -0.17274096E+02   -0.15719109E-02    0.70241329E-01
    7   -0.17274199E+02   -0.10276027E-03    0.41432593E-01
    8   -0.17274201E+02   -0.21580647E-05    0.47345710E-01
    9   -0.17274247E+02   -0.46147900E-04    0.53545915E-02
   10   -0.17274247E+02    0.15657337E-06    0.81137763E-02
   11   -0.17274248E+02   -0.11695720E-05    0.16651096E-02
   12   -0.17274248E+02   -0.11228074E-07    0.13373534E-02
   13   -0.17274248E+02   -0.12231656E-07    0.17195336E-03
   14   -0.17274248E+02   -0.20124382E-08    0.63594329E-04
   15   -0.17274248E+02   -0.67248251E-09    0.15521011E-04
   16   -0.17274248E+02   -0.80362383E-11    0.26947028E-05
   17   -0.17274248E+02   -0.19539925E-12    0.18372212E-06
>> Charges saved for restart in charges.bin
 
 Total Energy:                     -17.1124663798 H
 Total Mermin free energy:         -17.1124663798 H
