================================================================================
==
==   Density Functional based Tight Binding with a lot of extensions (DFTB+)    
==
==                              Release: 1.2 (p2)
==
==                            (ParserVersion = 4)
==
================================================================================


********************************************************************************
** Parsing and initializing
********************************************************************************

Interpreting input file 'dftb_in.hsd'
--------------------------------------------------------------------------------
WARNING!
-> WriteHSDInput and WriteXMLInput both turned off. You won't eventually be 
 able to obtain the same results with a later version of the code!
Path: dftb_in/ParserOptions
Line: 77-80 (File: dftb_in.hsd)

Reading SK-files:
  /home/andersx/parameters/3ob-3-1/C-C.skf
  /home/andersx/parameters/3ob-3-1/C-N.skf
  /home/andersx/parameters/3ob-3-1/C-H.skf
  /home/andersx/parameters/3ob-3-1/N-C.skf
  /home/andersx/parameters/3ob-3-1/N-N.skf
  /home/andersx/parameters/3ob-3-1/N-H.skf
  /home/andersx/parameters/3ob-3-1/H-C.skf
  /home/andersx/parameters/3ob-3-1/H-N.skf
  /home/andersx/parameters/3ob-3-1/H-H.skf
Done.

Starting initialization...
--------------------------------------------------------------------------------
Mode:                        Static calculation
Self consistent charges:     Yes
SCC-tolerance:                 0.100000E-05
Max. scc iterations:                    100
Ewald alpha parameter:         0.000000E+00
Spin polarisation:           No
Nr. of up electrons:            20.000000
Nr. of down electrons:          20.000000
Periodic boundaries:         No
Diagonalizer:                Divide and Conquer
Mixer:                       Anderson mixer
Mixing parameter:                  0.200000
Maximal SCC-cycles:                     100
Nr. of chrg. vectors to mix:              8
Electronic temperature:        0.100000E-07
Initial charges:             Set automatically (system chrg:   0.000E+00)
Included shells:              C:  s, p
                              N:  s, p
                              H:  s
Full 3rd order correction    Yes
Damped SCC                   Yes
Damped specie(s):            H                                                 
Extra options:
--------------------------------------------------------------------------------
 

********************************************************************************
** Geometry step: 0
********************************************************************************

  iSCC Total electronic   Diff electronic      SCC error    
    1   -0.16785293E+02    0.00000000E+00    0.36142795E+00
    2   -0.16785426E+02   -0.13348171E-03    0.35737195E+00
    3   -0.16789185E+02   -0.37582163E-02    0.86395691E-01
    4   -0.16789134E+02    0.50603811E-04    0.74541123E-01
    5   -0.16789200E+02   -0.66319476E-04    0.60107723E-01
    6   -0.16789276E+02   -0.75981750E-04    0.85314960E-02
    7   -0.16789274E+02    0.21556772E-05    0.13506946E-01
    8   -0.16789286E+02   -0.11985414E-04    0.32079685E-02
    9   -0.16789286E+02    0.11795595E-06    0.34697133E-02
   10   -0.16789286E+02   -0.20009356E-06    0.17605127E-02
   11   -0.16789286E+02   -0.21699325E-07    0.44757310E-03
   12   -0.16789286E+02   -0.34008032E-08    0.42866649E-04
   13   -0.16789286E+02   -0.15534951E-09    0.14638802E-04
   14   -0.16789286E+02   -0.17163160E-10    0.18825740E-05
   15   -0.16789286E+02   -0.13145041E-12    0.28950820E-06
>> Charges saved for restart in charges.bin
 
 Total Energy:                     -16.7701752707 H
 Total Mermin free energy:         -16.7701752707 H
