================================================================================
==
==   Density Functional based Tight Binding with a lot of extensions (DFTB+)    
==
==                              Release: 1.2 (p2)
==
==                            (ParserVersion = 4)
==
================================================================================


********************************************************************************
** Parsing and initializing
********************************************************************************

Interpreting input file 'dftb_in.hsd'
--------------------------------------------------------------------------------
WARNING!
-> WriteHSDInput and WriteXMLInput both turned off. You won't eventually be 
 able to obtain the same results with a later version of the code!
Path: dftb_in/ParserOptions
Line: 74-77 (File: dftb_in.hsd)

Reading SK-files:
  /home/andersx/parameters/3ob-3-1/C-C.skf
  /home/andersx/parameters/3ob-3-1/C-N.skf
  /home/andersx/parameters/3ob-3-1/C-H.skf
  /home/andersx/parameters/3ob-3-1/N-C.skf
  /home/andersx/parameters/3ob-3-1/N-N.skf
  /home/andersx/parameters/3ob-3-1/N-H.skf
  /home/andersx/parameters/3ob-3-1/H-C.skf
  /home/andersx/parameters/3ob-3-1/H-N.skf
  /home/andersx/parameters/3ob-3-1/H-H.skf
Done.

Starting initialization...
--------------------------------------------------------------------------------
Mode:                        Static calculation
Self consistent charges:     Yes
SCC-tolerance:                 0.100000E-05
Max. scc iterations:                    100
Ewald alpha parameter:         0.000000E+00
Spin polarisation:           No
Nr. of up electrons:            19.000000
Nr. of down electrons:          19.000000
Periodic boundaries:         No
Diagonalizer:                Divide and Conquer
Mixer:                       Anderson mixer
Mixing parameter:                  0.200000
Maximal SCC-cycles:                     100
Nr. of chrg. vectors to mix:              8
Electronic temperature:        0.100000E-07
Initial charges:             Set automatically (system chrg:   0.000E+00)
Included shells:              C:  s, p
                              N:  s, p
                              H:  s
Full 3rd order correction    Yes
Damped SCC                   Yes
Damped specie(s):            H                                                 
Extra options:
--------------------------------------------------------------------------------
 

********************************************************************************
** Geometry step: 0
********************************************************************************

  iSCC Total electronic   Diff electronic      SCC error    
    1   -0.16520125E+02    0.00000000E+00    0.44530583E+00
    2   -0.16520486E+02   -0.36187370E-03    0.43861858E+00
    3   -0.16527502E+02   -0.70155844E-02    0.86372084E-01
    4   -0.16527129E+02    0.37311466E-03    0.85933101E-01
    5   -0.16526986E+02    0.14257312E-03    0.74903109E-01
    6   -0.16528246E+02   -0.12594993E-02    0.51141887E-01
    7   -0.16528008E+02    0.23752270E-03    0.79551068E-01
    8   -0.16528337E+02   -0.32909473E-03    0.88894589E-02
    9   -0.16528336E+02    0.12625340E-05    0.61653694E-02
   10   -0.16528339E+02   -0.29127272E-05    0.51002365E-02
   11   -0.16528343E+02   -0.40695113E-05    0.32838828E-03
   12   -0.16528343E+02   -0.50347033E-08    0.25690292E-03
   13   -0.16528343E+02   -0.51679869E-08    0.27476393E-04
   14   -0.16528343E+02   -0.44892090E-10    0.48652112E-05
   15   -0.16528343E+02   -0.13322676E-11    0.82450821E-06
>> Charges saved for restart in charges.bin
 
 Total Energy:                     -16.2687277433 H
 Total Mermin free energy:         -16.2687277433 H
