================================================================================
==
==   Density Functional based Tight Binding with a lot of extensions (DFTB+)    
==
==                              Release: 1.2 (p2)
==
==                            (ParserVersion = 4)
==
================================================================================


********************************************************************************
** Parsing and initializing
********************************************************************************

Interpreting input file 'dftb_in.hsd'
--------------------------------------------------------------------------------
WARNING!
-> WriteHSDInput and WriteXMLInput both turned off. You won't eventually be 
 able to obtain the same results with a later version of the code!
Path: dftb_in/ParserOptions
Line: 76-79 (File: dftb_in.hsd)

Reading SK-files:
  /home/andersx/parameters/3ob-3-1/C-C.skf
  /home/andersx/parameters/3ob-3-1/C-N.skf
  /home/andersx/parameters/3ob-3-1/C-H.skf
  /home/andersx/parameters/3ob-3-1/N-C.skf
  /home/andersx/parameters/3ob-3-1/N-N.skf
  /home/andersx/parameters/3ob-3-1/N-H.skf
  /home/andersx/parameters/3ob-3-1/H-C.skf
  /home/andersx/parameters/3ob-3-1/H-N.skf
  /home/andersx/parameters/3ob-3-1/H-H.skf
Done.

Starting initialization...
--------------------------------------------------------------------------------
Mode:                        Static calculation
Self consistent charges:     Yes
SCC-tolerance:                 0.100000E-05
Max. scc iterations:                    100
Ewald alpha parameter:         0.000000E+00
Spin polarisation:           No
Nr. of up electrons:            20.000000
Nr. of down electrons:          20.000000
Periodic boundaries:         No
Diagonalizer:                Divide and Conquer
Mixer:                       Anderson mixer
Mixing parameter:                  0.200000
Maximal SCC-cycles:                     100
Nr. of chrg. vectors to mix:              8
Electronic temperature:        0.100000E-07
Initial charges:             Set automatically (system chrg:   0.000E+00)
Included shells:              C:  s, p
                              N:  s, p
                              H:  s
Full 3rd order correction    Yes
Damped SCC                   Yes
Damped specie(s):            H                                                 
Extra options:
--------------------------------------------------------------------------------
 

********************************************************************************
** Geometry step: 0
********************************************************************************

  iSCC Total electronic   Diff electronic      SCC error    
    1   -0.17200973E+02    0.00000000E+00    0.30397164E+00
    2   -0.17201205E+02   -0.23126796E-03    0.29827645E+00
    3   -0.17207028E+02   -0.58233200E-02    0.49284625E-01
    4   -0.17206992E+02    0.35605738E-04    0.49290486E-01
    5   -0.17207190E+02   -0.19778215E-03    0.26621209E-01
    6   -0.17207222E+02   -0.31859150E-04    0.16372802E-01
    7   -0.17207224E+02   -0.24862806E-05    0.13964173E-01
    8   -0.17207241E+02   -0.16810828E-04    0.23513233E-02
    9   -0.17207241E+02   -0.15803890E-06    0.19924104E-02
   10   -0.17207242E+02   -0.27027005E-06    0.83656722E-04
   11   -0.17207242E+02   -0.71243988E-09    0.53291893E-04
   12   -0.17207242E+02   -0.32018121E-09    0.74451134E-05
   13   -0.17207242E+02   -0.24478197E-11    0.90395600E-06
>> Charges saved for restart in charges.bin
 
 Total Energy:                     -17.0470853941 H
 Total Mermin free energy:         -17.0470853941 H
