================================================================================
==
==   Density Functional based Tight Binding with a lot of extensions (DFTB+)    
==
==                              Release: 1.2 (p2)
==
==                            (ParserVersion = 4)
==
================================================================================


********************************************************************************
** Parsing and initializing
********************************************************************************

Interpreting input file 'dftb_in.hsd'
--------------------------------------------------------------------------------
WARNING!
-> WriteHSDInput and WriteXMLInput both turned off. You won't eventually be 
 able to obtain the same results with a later version of the code!
Path: dftb_in/ParserOptions
Line: 74-77 (File: dftb_in.hsd)

Reading SK-files:
  /home/andersx/parameters/3ob-3-1/C-C.skf
  /home/andersx/parameters/3ob-3-1/C-N.skf
  /home/andersx/parameters/3ob-3-1/C-H.skf
  /home/andersx/parameters/3ob-3-1/N-C.skf
  /home/andersx/parameters/3ob-3-1/N-N.skf
  /home/andersx/parameters/3ob-3-1/N-H.skf
  /home/andersx/parameters/3ob-3-1/H-C.skf
  /home/andersx/parameters/3ob-3-1/H-N.skf
  /home/andersx/parameters/3ob-3-1/H-H.skf
Done.

Starting initialization...
--------------------------------------------------------------------------------
Mode:                        Static calculation
Self consistent charges:     Yes
SCC-tolerance:                 0.100000E-05
Max. scc iterations:                    100
Ewald alpha parameter:         0.000000E+00
Spin polarisation:           No
Nr. of up electrons:            19.000000
Nr. of down electrons:          19.000000
Periodic boundaries:         No
Diagonalizer:                Divide and Conquer
Mixer:                       Anderson mixer
Mixing parameter:                  0.200000
Maximal SCC-cycles:                     100
Nr. of chrg. vectors to mix:              8
Electronic temperature:        0.100000E-07
Initial charges:             Set automatically (system chrg:   0.000E+00)
Included shells:              C:  s, p
                              N:  s, p
                              H:  s
Full 3rd order correction    Yes
Damped SCC                   Yes
Damped specie(s):            H                                                 
Extra options:
--------------------------------------------------------------------------------
 

********************************************************************************
** Geometry step: 0
********************************************************************************

  iSCC Total electronic   Diff electronic      SCC error    
    1   -0.16552113E+02    0.00000000E+00    0.67743655E+00
    2   -0.16552883E+02   -0.76985076E-03    0.66489681E+00
    3   -0.16568310E+02   -0.15426957E-01    0.11342751E+00
    4   -0.16568142E+02    0.16771467E-03    0.11382787E+00
    5   -0.16569564E+02   -0.14216052E-02    0.45870654E-01
    6   -0.16569654E+02   -0.90022746E-04    0.23534111E-01
    7   -0.16569662E+02   -0.85973441E-05    0.28438620E-01
    8   -0.16569687E+02   -0.24505913E-04    0.65256857E-02
    9   -0.16569688E+02   -0.14259740E-05    0.40122448E-02
   10   -0.16569689E+02   -0.11288507E-05    0.16891203E-02
   11   -0.16569689E+02   -0.56167753E-07    0.75962290E-03
   12   -0.16569689E+02   -0.23340192E-07    0.43986705E-04
   13   -0.16569689E+02   -0.17856294E-09    0.18793817E-04
   14   -0.16569689E+02   -0.84483531E-11    0.16423181E-05
   15   -0.16569689E+02   -0.14210855E-12    0.26439576E-06
>> Charges saved for restart in charges.bin
 
 Total Energy:                     -16.3111832009 H
 Total Mermin free energy:         -16.3111832009 H
