================================================================================
==
==   Density Functional based Tight Binding with a lot of extensions (DFTB+)    
==
==                              Release: 1.2 (p2)
==
==                            (ParserVersion = 4)
==
================================================================================


********************************************************************************
** Parsing and initializing
********************************************************************************

Interpreting input file 'dftb_in.hsd'
--------------------------------------------------------------------------------
WARNING!
-> WriteHSDInput and WriteXMLInput both turned off. You won't eventually be 
 able to obtain the same results with a later version of the code!
Path: dftb_in/ParserOptions
Line: 78-81 (File: dftb_in.hsd)

Reading SK-files:
  /home/andersx/parameters/3ob-3-1/C-C.skf
  /home/andersx/parameters/3ob-3-1/C-N.skf
  /home/andersx/parameters/3ob-3-1/C-H.skf
  /home/andersx/parameters/3ob-3-1/N-C.skf
  /home/andersx/parameters/3ob-3-1/N-N.skf
  /home/andersx/parameters/3ob-3-1/N-H.skf
  /home/andersx/parameters/3ob-3-1/H-C.skf
  /home/andersx/parameters/3ob-3-1/H-N.skf
  /home/andersx/parameters/3ob-3-1/H-H.skf
Done.

Starting initialization...
--------------------------------------------------------------------------------
Mode:                        Static calculation
Self consistent charges:     Yes
SCC-tolerance:                 0.100000E-05
Max. scc iterations:                    100
Ewald alpha parameter:         0.000000E+00
Spin polarisation:           No
Nr. of up electrons:            21.000000
Nr. of down electrons:          21.000000
Periodic boundaries:         No
Diagonalizer:                Divide and Conquer
Mixer:                       Anderson mixer
Mixing parameter:                  0.200000
Maximal SCC-cycles:                     100
Nr. of chrg. vectors to mix:              8
Electronic temperature:        0.100000E-07
Initial charges:             Set automatically (system chrg:   0.000E+00)
Included shells:              C:  s, p
                              N:  s, p
                              H:  s
Full 3rd order correction    Yes
Damped SCC                   Yes
Damped specie(s):            H                                                 
Extra options:
--------------------------------------------------------------------------------
 

********************************************************************************
** Geometry step: 0
********************************************************************************

  iSCC Total electronic   Diff electronic      SCC error    
    1   -0.17886088E+02    0.00000000E+00    0.59316627E+00
    2   -0.17886248E+02   -0.16027208E-03    0.58611697E+00
    3   -0.17890363E+02   -0.41146663E-02    0.82979478E-01
    4   -0.17890232E+02    0.13127875E-03    0.10705239E+00
    5   -0.17890276E+02   -0.44625729E-04    0.11834790E+00
    6   -0.17890612E+02   -0.33599176E-03    0.14116406E-01
    7   -0.17890612E+02   -0.11751348E-06    0.91666023E-02
    8   -0.17890615E+02   -0.26729704E-05    0.49379906E-02
    9   -0.17890616E+02   -0.37013614E-06    0.28745084E-02
   10   -0.17890616E+02   -0.73352666E-08    0.29544145E-02
   11   -0.17890616E+02   -0.22934845E-07    0.52768336E-03
   12   -0.17890616E+02   -0.17396896E-07    0.26736587E-03
   13   -0.17890616E+02   -0.21517401E-08    0.45009660E-04
   14   -0.17890616E+02   -0.28853364E-09    0.42448526E-05
   15   -0.17890616E+02   -0.60396133E-12    0.11423619E-05
   16   -0.17890616E+02   -0.60396133E-13    0.82445696E-07
>> Charges saved for restart in charges.bin
 
 Total Energy:                     -17.8258074551 H
 Total Mermin free energy:         -17.8258074551 H
