================================================================================
==
==   Density Functional based Tight Binding with a lot of extensions (DFTB+)    
==
==                              Release: 1.2 (p2)
==
==                            (ParserVersion = 4)
==
================================================================================


********************************************************************************
** Parsing and initializing
********************************************************************************

Interpreting input file 'dftb_in.hsd'
--------------------------------------------------------------------------------
WARNING!
-> WriteHSDInput and WriteXMLInput both turned off. You won't eventually be 
 able to obtain the same results with a later version of the code!
Path: dftb_in/ParserOptions
Line: 66-69 (File: dftb_in.hsd)

Reading SK-files:
  /home/andersx/parameters/3ob-3-1/C-C.skf
  /home/andersx/parameters/3ob-3-1/C-H.skf
  /home/andersx/parameters/3ob-3-1/H-C.skf
  /home/andersx/parameters/3ob-3-1/H-H.skf
Done.

Starting initialization...
--------------------------------------------------------------------------------
Mode:                        Static calculation
Self consistent charges:     Yes
SCC-tolerance:                 0.100000E-05
Max. scc iterations:                    100
Ewald alpha parameter:         0.000000E+00
Spin polarisation:           No
Nr. of up electrons:            16.000000
Nr. of down electrons:          16.000000
Periodic boundaries:         No
Diagonalizer:                Divide and Conquer
Mixer:                       Anderson mixer
Mixing parameter:                  0.200000
Maximal SCC-cycles:                     100
Nr. of chrg. vectors to mix:              8
Electronic temperature:        0.100000E-07
Initial charges:             Set automatically (system chrg:   0.000E+00)
Included shells:              C:  s, p
                              H:  s
Full 3rd order correction    Yes
Damped SCC                   Yes
Damped specie(s):            H                                                 
Extra options:
--------------------------------------------------------------------------------
 

********************************************************************************
** Geometry step: 0
********************************************************************************

  iSCC Total electronic   Diff electronic      SCC error    
    1   -0.13273048E+02    0.00000000E+00    0.19042403E+00
    2   -0.13273142E+02   -0.93815192E-04    0.18853535E+00
    3   -0.13275745E+02   -0.26030317E-02    0.46030575E-01
    4   -0.13275701E+02    0.43786363E-04    0.50267949E-01
    5   -0.13275922E+02   -0.22088566E-03    0.30058731E-01
    6   -0.13275934E+02   -0.12154184E-04    0.19520874E-01
    7   -0.13275941E+02   -0.66169982E-05    0.11531737E-01
    8   -0.13275942E+02   -0.98535979E-06    0.18181758E-02
    9   -0.13275942E+02   -0.67876819E-07    0.15113089E-02
   10   -0.13275942E+02   -0.12075775E-06    0.53332074E-03
   11   -0.13275942E+02   -0.39083208E-08    0.22675791E-03
   12   -0.13275942E+02   -0.99349684E-09    0.14825924E-04
   13   -0.13275942E+02   -0.15054624E-10    0.43775209E-05
   14   -0.13275942E+02   -0.36948222E-12    0.87776987E-06
>> Charges saved for restart in charges.bin
 
 Total Energy:                     -13.1972562886 H
 Total Mermin free energy:         -13.1972562886 H
