================================================================================
==
==   Density Functional based Tight Binding with a lot of extensions (DFTB+)    
==
==                              Release: 1.2 (p2)
==
==                            (ParserVersion = 4)
==
================================================================================


********************************************************************************
** Parsing and initializing
********************************************************************************

Interpreting input file 'dftb_in.hsd'
--------------------------------------------------------------------------------
WARNING!
-> WriteHSDInput and WriteXMLInput both turned off. You won't eventually be 
 able to obtain the same results with a later version of the code!
Path: dftb_in/ParserOptions
Line: 79-82 (File: dftb_in.hsd)

Reading SK-files:
  /home/andersx/parameters/3ob-3-1/C-C.skf
  /home/andersx/parameters/3ob-3-1/C-N.skf
  /home/andersx/parameters/3ob-3-1/C-H.skf
  /home/andersx/parameters/3ob-3-1/N-C.skf
  /home/andersx/parameters/3ob-3-1/N-N.skf
  /home/andersx/parameters/3ob-3-1/N-H.skf
  /home/andersx/parameters/3ob-3-1/H-C.skf
  /home/andersx/parameters/3ob-3-1/H-N.skf
  /home/andersx/parameters/3ob-3-1/H-H.skf
Done.

Starting initialization...
--------------------------------------------------------------------------------
Mode:                        Static calculation
Self consistent charges:     Yes
SCC-tolerance:                 0.100000E-05
Max. scc iterations:                    100
Ewald alpha parameter:         0.000000E+00
Spin polarisation:           No
Nr. of up electrons:            21.000000
Nr. of down electrons:          21.000000
Periodic boundaries:         No
Diagonalizer:                Divide and Conquer
Mixer:                       Anderson mixer
Mixing parameter:                  0.200000
Maximal SCC-cycles:                     100
Nr. of chrg. vectors to mix:              8
Electronic temperature:        0.100000E-07
Initial charges:             Set automatically (system chrg:   0.000E+00)
Included shells:              C:  s, p
                              N:  s, p
                              H:  s
Full 3rd order correction    Yes
Damped SCC                   Yes
Damped specie(s):            H                                                 
Extra options:
--------------------------------------------------------------------------------
 

********************************************************************************
** Geometry step: 0
********************************************************************************

  iSCC Total electronic   Diff electronic      SCC error    
    1   -0.17485001E+02    0.00000000E+00    0.43780858E+00
    2   -0.17485069E+02   -0.67746163E-04    0.43192892E+00
    3   -0.17486911E+02   -0.18419822E-02    0.52883253E-01
    4   -0.17486864E+02    0.46655481E-04    0.54886083E-01
    5   -0.17486932E+02   -0.67999092E-04    0.89514959E-01
    6   -0.17487021E+02   -0.88935782E-04    0.13904406E-01
    7   -0.17487021E+02   -0.99532542E-07    0.13434978E-01
    8   -0.17487025E+02   -0.36315158E-05    0.34864553E-02
    9   -0.17487025E+02   -0.32660655E-07    0.90241544E-03
   10   -0.17487025E+02   -0.73106204E-07    0.22064002E-03
   11   -0.17487025E+02   -0.17137936E-08    0.72715678E-04
   12   -0.17487025E+02   -0.50272675E-09    0.11010406E-04
   13   -0.17487025E+02   -0.75388584E-11    0.35509838E-05
   14   -0.17487025E+02   -0.12789769E-12    0.86222397E-06
>> Charges saved for restart in charges.bin
 
 Total Energy:                     -17.5299793671 H
 Total Mermin free energy:         -17.5299793671 H
