================================================================================
==
==   Density Functional based Tight Binding with a lot of extensions (DFTB+)    
==
==                              Release: 1.2 (p2)
==
==                            (ParserVersion = 4)
==
================================================================================


********************************************************************************
** Parsing and initializing
********************************************************************************

Interpreting input file 'dftb_in.hsd'
--------------------------------------------------------------------------------
WARNING!
-> WriteHSDInput and WriteXMLInput both turned off. You won't eventually be 
 able to obtain the same results with a later version of the code!
Path: dftb_in/ParserOptions
Line: 79-82 (File: dftb_in.hsd)

Reading SK-files:
  /home/andersx/parameters/3ob-3-1/C-C.skf
  /home/andersx/parameters/3ob-3-1/C-N.skf
  /home/andersx/parameters/3ob-3-1/C-H.skf
  /home/andersx/parameters/3ob-3-1/N-C.skf
  /home/andersx/parameters/3ob-3-1/N-N.skf
  /home/andersx/parameters/3ob-3-1/N-H.skf
  /home/andersx/parameters/3ob-3-1/H-C.skf
  /home/andersx/parameters/3ob-3-1/H-N.skf
  /home/andersx/parameters/3ob-3-1/H-H.skf
Done.

Starting initialization...
--------------------------------------------------------------------------------
Mode:                        Static calculation
Self consistent charges:     Yes
SCC-tolerance:                 0.100000E-05
Max. scc iterations:                    100
Ewald alpha parameter:         0.000000E+00
Spin polarisation:           No
Nr. of up electrons:            21.000000
Nr. of down electrons:          21.000000
Periodic boundaries:         No
Diagonalizer:                Divide and Conquer
Mixer:                       Anderson mixer
Mixing parameter:                  0.200000
Maximal SCC-cycles:                     100
Nr. of chrg. vectors to mix:              8
Electronic temperature:        0.100000E-07
Initial charges:             Set automatically (system chrg:   0.000E+00)
Included shells:              C:  s, p
                              N:  s, p
                              H:  s
Full 3rd order correction    Yes
Damped SCC                   Yes
Damped specie(s):            H                                                 
Extra options:
--------------------------------------------------------------------------------
 

********************************************************************************
** Geometry step: 0
********************************************************************************

  iSCC Total electronic   Diff electronic      SCC error    
    1   -0.17467845E+02    0.00000000E+00    0.45451377E+00
    2   -0.17467910E+02   -0.64923790E-04    0.44841381E+00
    3   -0.17469677E+02   -0.17672222E-02    0.56710147E-01
    4   -0.17469639E+02    0.38248632E-04    0.54257696E-01
    5   -0.17469662E+02   -0.23401230E-04    0.82245269E-01
    6   -0.17469756E+02   -0.93302965E-04    0.99063955E-02
    7   -0.17469756E+02   -0.55380912E-07    0.88844550E-02
    8   -0.17469759E+02   -0.32058651E-05    0.46515703E-02
    9   -0.17469759E+02   -0.19230940E-06    0.78722577E-03
   10   -0.17469759E+02   -0.34671764E-07    0.58202877E-03
   11   -0.17469759E+02   -0.41895021E-08    0.80784511E-04
   12   -0.17469759E+02   -0.69143269E-09    0.38155262E-04
   13   -0.17469759E+02   -0.48011373E-10    0.75659641E-05
   14   -0.17469759E+02   -0.88107299E-12    0.88086363E-06
>> Charges saved for restart in charges.bin
 
 Total Energy:                     -17.5401285084 H
 Total Mermin free energy:         -17.5401285084 H
