================================================================================
==
==   Density Functional based Tight Binding with a lot of extensions (DFTB+)    
==
==                              Release: 1.2 (p2)
==
==                            (ParserVersion = 4)
==
================================================================================


********************************************************************************
** Parsing and initializing
********************************************************************************

Interpreting input file 'dftb_in.hsd'
--------------------------------------------------------------------------------
WARNING!
-> WriteHSDInput and WriteXMLInput both turned off. You won't eventually be 
 able to obtain the same results with a later version of the code!
Path: dftb_in/ParserOptions
Line: 78-81 (File: dftb_in.hsd)

Reading SK-files:
  /home/andersx/parameters/3ob-3-1/C-C.skf
  /home/andersx/parameters/3ob-3-1/C-N.skf
  /home/andersx/parameters/3ob-3-1/C-H.skf
  /home/andersx/parameters/3ob-3-1/N-C.skf
  /home/andersx/parameters/3ob-3-1/N-N.skf
  /home/andersx/parameters/3ob-3-1/N-H.skf
  /home/andersx/parameters/3ob-3-1/H-C.skf
  /home/andersx/parameters/3ob-3-1/H-N.skf
  /home/andersx/parameters/3ob-3-1/H-H.skf
Done.

Starting initialization...
--------------------------------------------------------------------------------
Mode:                        Static calculation
Self consistent charges:     Yes
SCC-tolerance:                 0.100000E-05
Max. scc iterations:                    100
Ewald alpha parameter:         0.000000E+00
Spin polarisation:           No
Nr. of up electrons:            21.000000
Nr. of down electrons:          21.000000
Periodic boundaries:         No
Diagonalizer:                Divide and Conquer
Mixer:                       Anderson mixer
Mixing parameter:                  0.200000
Maximal SCC-cycles:                     100
Nr. of chrg. vectors to mix:              8
Electronic temperature:        0.100000E-07
Initial charges:             Set automatically (system chrg:   0.000E+00)
Included shells:              C:  s, p
                              N:  s, p
                              H:  s
Full 3rd order correction    Yes
Damped SCC                   Yes
Damped specie(s):            H                                                 
Extra options:
--------------------------------------------------------------------------------
 

********************************************************************************
** Geometry step: 0
********************************************************************************

  iSCC Total electronic   Diff electronic      SCC error    
    1   -0.17923015E+02    0.00000000E+00    0.59066614E+00
    2   -0.17923118E+02   -0.10271544E-03    0.58353354E+00
    3   -0.17925454E+02   -0.23359863E-02    0.86735654E-01
    4   -0.17925322E+02    0.13215418E-03    0.80548324E-01
    5   -0.17925364E+02   -0.42423513E-04    0.10470247E+00
    6   -0.17925738E+02   -0.37374076E-03    0.17228336E-01
    7   -0.17925738E+02   -0.33037313E-06    0.10433962E-01
    8   -0.17925739E+02   -0.59525485E-06    0.56465378E-02
    9   -0.17925739E+02   -0.58659331E-06    0.13323942E-02
   10   -0.17925739E+02   -0.47928808E-08    0.10407732E-02
   11   -0.17925739E+02   -0.44485084E-07    0.19397577E-03
   12   -0.17925739E+02   -0.30639029E-08    0.13294646E-03
   13   -0.17925739E+02   -0.12216823E-08    0.26399310E-04
   14   -0.17925739E+02   -0.20385471E-10    0.33418206E-05
   15   -0.17925739E+02   -0.17408297E-12    0.70191773E-06
>> Charges saved for restart in charges.bin
 
 Total Energy:                     -17.8224756540 H
 Total Mermin free energy:         -17.8224756540 H
