================================================================================
==
==   Density Functional based Tight Binding with a lot of extensions (DFTB+)    
==
==                              Release: 1.2 (p2)
==
==                            (ParserVersion = 4)
==
================================================================================


********************************************************************************
** Parsing and initializing
********************************************************************************

Interpreting input file 'dftb_in.hsd'
--------------------------------------------------------------------------------
WARNING!
-> WriteHSDInput and WriteXMLInput both turned off. You won't eventually be 
 able to obtain the same results with a later version of the code!
Path: dftb_in/ParserOptions
Line: 79-82 (File: dftb_in.hsd)

Reading SK-files:
  /home/andersx/parameters/3ob-3-1/C-C.skf
  /home/andersx/parameters/3ob-3-1/C-N.skf
  /home/andersx/parameters/3ob-3-1/C-H.skf
  /home/andersx/parameters/3ob-3-1/N-C.skf
  /home/andersx/parameters/3ob-3-1/N-N.skf
  /home/andersx/parameters/3ob-3-1/N-H.skf
  /home/andersx/parameters/3ob-3-1/H-C.skf
  /home/andersx/parameters/3ob-3-1/H-N.skf
  /home/andersx/parameters/3ob-3-1/H-H.skf
Done.

Starting initialization...
--------------------------------------------------------------------------------
Mode:                        Static calculation
Self consistent charges:     Yes
SCC-tolerance:                 0.100000E-05
Max. scc iterations:                    100
Ewald alpha parameter:         0.000000E+00
Spin polarisation:           No
Nr. of up electrons:            21.000000
Nr. of down electrons:          21.000000
Periodic boundaries:         No
Diagonalizer:                Divide and Conquer
Mixer:                       Anderson mixer
Mixing parameter:                  0.200000
Maximal SCC-cycles:                     100
Nr. of chrg. vectors to mix:              8
Electronic temperature:        0.100000E-07
Initial charges:             Set automatically (system chrg:   0.000E+00)
Included shells:              C:  s, p
                              N:  s, p
                              H:  s
Full 3rd order correction    Yes
Damped SCC                   Yes
Damped specie(s):            H                                                 
Extra options:
--------------------------------------------------------------------------------
 

********************************************************************************
** Geometry step: 0
********************************************************************************

  iSCC Total electronic   Diff electronic      SCC error    
    1   -0.17461724E+02    0.00000000E+00    0.46345052E+00
    2   -0.17461801E+02   -0.77266354E-04    0.45706521E+00
    3   -0.17463963E+02   -0.21621155E-02    0.30159484E-01
    4   -0.17463940E+02    0.22822744E-04    0.22314486E-01
    5   -0.17463948E+02   -0.80628448E-05    0.49758422E-01
    6   -0.17464010E+02   -0.61243580E-04    0.55286987E-02
    7   -0.17464010E+02   -0.21121747E-06    0.26085820E-02
    8   -0.17464010E+02   -0.59170018E-06    0.58946344E-03
    9   -0.17464010E+02   -0.62799899E-09    0.74477215E-03
   10   -0.17464010E+02   -0.44201158E-08    0.59414410E-03
   11   -0.17464010E+02   -0.22625528E-08    0.14808239E-03
   12   -0.17464010E+02   -0.18972557E-09    0.13480996E-04
   13   -0.17464010E+02   -0.65227823E-11    0.36882162E-05
   14   -0.17464010E+02   -0.42277293E-12    0.42088491E-06
>> Charges saved for restart in charges.bin
 
 Total Energy:                     -17.5364945671 H
 Total Mermin free energy:         -17.5364945671 H
