================================================================================
==
==   Density Functional based Tight Binding with a lot of extensions (DFTB+)    
==
==                              Release: 1.2 (p2)
==
==                            (ParserVersion = 4)
==
================================================================================


********************************************************************************
** Parsing and initializing
********************************************************************************

Interpreting input file 'dftb_in.hsd'
--------------------------------------------------------------------------------
WARNING!
-> WriteHSDInput and WriteXMLInput both turned off. You won't eventually be 
 able to obtain the same results with a later version of the code!
Path: dftb_in/ParserOptions
Line: 79-82 (File: dftb_in.hsd)

Reading SK-files:
  /home/andersx/parameters/3ob-3-1/C-C.skf
  /home/andersx/parameters/3ob-3-1/C-N.skf
  /home/andersx/parameters/3ob-3-1/C-H.skf
  /home/andersx/parameters/3ob-3-1/N-C.skf
  /home/andersx/parameters/3ob-3-1/N-N.skf
  /home/andersx/parameters/3ob-3-1/N-H.skf
  /home/andersx/parameters/3ob-3-1/H-C.skf
  /home/andersx/parameters/3ob-3-1/H-N.skf
  /home/andersx/parameters/3ob-3-1/H-H.skf
Done.

Starting initialization...
--------------------------------------------------------------------------------
Mode:                        Static calculation
Self consistent charges:     Yes
SCC-tolerance:                 0.100000E-05
Max. scc iterations:                    100
Ewald alpha parameter:         0.000000E+00
Spin polarisation:           No
Nr. of up electrons:            21.000000
Nr. of down electrons:          21.000000
Periodic boundaries:         No
Diagonalizer:                Divide and Conquer
Mixer:                       Anderson mixer
Mixing parameter:                  0.200000
Maximal SCC-cycles:                     100
Nr. of chrg. vectors to mix:              8
Electronic temperature:        0.100000E-07
Initial charges:             Set automatically (system chrg:   0.000E+00)
Included shells:              C:  s, p
                              N:  s, p
                              H:  s
Full 3rd order correction    Yes
Damped SCC                   Yes
Damped specie(s):            H                                                 
Extra options:
--------------------------------------------------------------------------------
 

********************************************************************************
** Geometry step: 0
********************************************************************************

  iSCC Total electronic   Diff electronic      SCC error    
    1   -0.17481786E+02    0.00000000E+00    0.46462353E+00
    2   -0.17481863E+02   -0.76236665E-04    0.45824390E+00
    3   -0.17483877E+02   -0.20142294E-02    0.65423832E-01
    4   -0.17483826E+02    0.51060415E-04    0.66548987E-01
    5   -0.17483871E+02   -0.45291450E-04    0.10045941E+00
    6   -0.17483989E+02   -0.11777785E-03    0.13906658E-01
    7   -0.17483989E+02   -0.61079824E-07    0.96227051E-02
    8   -0.17483992E+02   -0.33289931E-05    0.60342076E-02
    9   -0.17483992E+02   -0.92754163E-07    0.12411864E-02
   10   -0.17483992E+02   -0.45683141E-07    0.91369358E-03
   11   -0.17483992E+02   -0.24157710E-07    0.23029622E-03
   12   -0.17483992E+02   -0.18330084E-08    0.67818483E-04
   13   -0.17483992E+02   -0.28087754E-10    0.11922201E-04
   14   -0.17483992E+02   -0.26716407E-11    0.70347751E-06
>> Charges saved for restart in charges.bin
 
 Total Energy:                     -17.5301208190 H
 Total Mermin free energy:         -17.5301208190 H
