================================================================================
==
==   Density Functional based Tight Binding with a lot of extensions (DFTB+)    
==
==                              Release: 1.2 (p2)
==
==                            (ParserVersion = 4)
==
================================================================================


********************************************************************************
** Parsing and initializing
********************************************************************************

Interpreting input file 'dftb_in.hsd'
--------------------------------------------------------------------------------
WARNING!
-> WriteHSDInput and WriteXMLInput both turned off. You won't eventually be 
 able to obtain the same results with a later version of the code!
Path: dftb_in/ParserOptions
Line: 79-82 (File: dftb_in.hsd)

Reading SK-files:
  /home/andersx/parameters/3ob-3-1/C-C.skf
  /home/andersx/parameters/3ob-3-1/C-N.skf
  /home/andersx/parameters/3ob-3-1/C-H.skf
  /home/andersx/parameters/3ob-3-1/N-C.skf
  /home/andersx/parameters/3ob-3-1/N-N.skf
  /home/andersx/parameters/3ob-3-1/N-H.skf
  /home/andersx/parameters/3ob-3-1/H-C.skf
  /home/andersx/parameters/3ob-3-1/H-N.skf
  /home/andersx/parameters/3ob-3-1/H-H.skf
Done.

Starting initialization...
--------------------------------------------------------------------------------
Mode:                        Static calculation
Self consistent charges:     Yes
SCC-tolerance:                 0.100000E-05
Max. scc iterations:                    100
Ewald alpha parameter:         0.000000E+00
Spin polarisation:           No
Nr. of up electrons:            21.000000
Nr. of down electrons:          21.000000
Periodic boundaries:         No
Diagonalizer:                Divide and Conquer
Mixer:                       Anderson mixer
Mixing parameter:                  0.200000
Maximal SCC-cycles:                     100
Nr. of chrg. vectors to mix:              8
Electronic temperature:        0.100000E-07
Initial charges:             Set automatically (system chrg:   0.000E+00)
Included shells:              C:  s, p
                              N:  s, p
                              H:  s
Full 3rd order correction    Yes
Damped SCC                   Yes
Damped specie(s):            H                                                 
Extra options:
--------------------------------------------------------------------------------
 

********************************************************************************
** Geometry step: 0
********************************************************************************

  iSCC Total electronic   Diff electronic      SCC error    
    1   -0.17480823E+02    0.00000000E+00    0.46414211E+00
    2   -0.17480892E+02   -0.68799512E-04    0.45778736E+00
    3   -0.17482831E+02   -0.19389575E-02    0.35452045E-01
    4   -0.17482810E+02    0.20530929E-04    0.25779173E-01
    5   -0.17482808E+02    0.15426273E-05    0.60610887E-01
    6   -0.17482866E+02   -0.57271186E-04    0.72658783E-02
    7   -0.17482865E+02    0.68413651E-06    0.53823303E-02
    8   -0.17482867E+02   -0.19903736E-05    0.30624270E-02
    9   -0.17482867E+02   -0.28455349E-06    0.67833726E-03
   10   -0.17482867E+02   -0.13683181E-07    0.47298426E-03
   11   -0.17482867E+02   -0.95659090E-08    0.94934760E-04
   12   -0.17482867E+02   -0.25676172E-09    0.22417797E-04
   13   -0.17482867E+02   -0.64304118E-11    0.73228845E-05
   14   -0.17482867E+02   -0.78514972E-12    0.63525052E-06
>> Charges saved for restart in charges.bin
 
 Total Energy:                     -17.5286469147 H
 Total Mermin free energy:         -17.5286469147 H
