================================================================================
==
==   Density Functional based Tight Binding with a lot of extensions (DFTB+)    
==
==                              Release: 1.2 (p2)
==
==                            (ParserVersion = 4)
==
================================================================================


********************************************************************************
** Parsing and initializing
********************************************************************************

Interpreting input file 'dftb_in.hsd'
--------------------------------------------------------------------------------
WARNING!
-> WriteHSDInput and WriteXMLInput both turned off. You won't eventually be 
 able to obtain the same results with a later version of the code!
Path: dftb_in/ParserOptions
Line: 78-81 (File: dftb_in.hsd)

Reading SK-files:
  /home/andersx/parameters/3ob-3-1/C-C.skf
  /home/andersx/parameters/3ob-3-1/C-N.skf
  /home/andersx/parameters/3ob-3-1/C-H.skf
  /home/andersx/parameters/3ob-3-1/N-C.skf
  /home/andersx/parameters/3ob-3-1/N-N.skf
  /home/andersx/parameters/3ob-3-1/N-H.skf
  /home/andersx/parameters/3ob-3-1/H-C.skf
  /home/andersx/parameters/3ob-3-1/H-N.skf
  /home/andersx/parameters/3ob-3-1/H-H.skf
Done.

Starting initialization...
--------------------------------------------------------------------------------
Mode:                        Static calculation
Self consistent charges:     Yes
SCC-tolerance:                 0.100000E-05
Max. scc iterations:                    100
Ewald alpha parameter:         0.000000E+00
Spin polarisation:           No
Nr. of up electrons:            21.000000
Nr. of down electrons:          21.000000
Periodic boundaries:         No
Diagonalizer:                Divide and Conquer
Mixer:                       Anderson mixer
Mixing parameter:                  0.200000
Maximal SCC-cycles:                     100
Nr. of chrg. vectors to mix:              8
Electronic temperature:        0.100000E-07
Initial charges:             Set automatically (system chrg:   0.000E+00)
Included shells:              C:  s, p
                              N:  s, p
                              H:  s
Full 3rd order correction    Yes
Damped SCC                   Yes
Damped specie(s):            H                                                 
Extra options:
--------------------------------------------------------------------------------
 

********************************************************************************
** Geometry step: 0
********************************************************************************

  iSCC Total electronic   Diff electronic      SCC error    
    1   -0.17886336E+02    0.00000000E+00    0.55129506E+00
    2   -0.17886508E+02   -0.17224339E-03    0.54317024E+00
    3   -0.17891111E+02   -0.46027727E-02    0.57253143E-01
    4   -0.17891060E+02    0.50918347E-04    0.51036966E-01
    5   -0.17891036E+02    0.23414346E-04    0.77119557E-01
    6   -0.17891198E+02   -0.16137372E-03    0.77451543E-02
    7   -0.17891196E+02    0.21041306E-05    0.11207139E-01
    8   -0.17891197E+02   -0.12436037E-05    0.10474208E-01
    9   -0.17891200E+02   -0.31744367E-05    0.37576977E-03
   10   -0.17891200E+02   -0.83851006E-08    0.23561001E-03
   11   -0.17891200E+02   -0.41601531E-08    0.32798770E-04
   12   -0.17891200E+02   -0.75537798E-10    0.60757850E-05
   13   -0.17891200E+02   -0.18829382E-12    0.12687595E-05
   14   -0.17891200E+02   -0.49737992E-13    0.26109823E-06
>> Charges saved for restart in charges.bin
 
 Total Energy:                     -17.8083557623 H
 Total Mermin free energy:         -17.8083557623 H
