================================================================================
==
==   Density Functional based Tight Binding with a lot of extensions (DFTB+)    
==
==                              Release: 1.2 (p2)
==
==                            (ParserVersion = 4)
==
================================================================================


********************************************************************************
** Parsing and initializing
********************************************************************************

Interpreting input file 'dftb_in.hsd'
--------------------------------------------------------------------------------
WARNING!
-> WriteHSDInput and WriteXMLInput both turned off. You won't eventually be 
 able to obtain the same results with a later version of the code!
Path: dftb_in/ParserOptions
Line: 75-78 (File: dftb_in.hsd)

Reading SK-files:
  /home/andersx/parameters/3ob-3-1/C-C.skf
  /home/andersx/parameters/3ob-3-1/C-N.skf
  /home/andersx/parameters/3ob-3-1/C-H.skf
  /home/andersx/parameters/3ob-3-1/N-C.skf
  /home/andersx/parameters/3ob-3-1/N-N.skf
  /home/andersx/parameters/3ob-3-1/N-H.skf
  /home/andersx/parameters/3ob-3-1/H-C.skf
  /home/andersx/parameters/3ob-3-1/H-N.skf
  /home/andersx/parameters/3ob-3-1/H-H.skf
Done.

Starting initialization...
--------------------------------------------------------------------------------
Mode:                        Static calculation
Self consistent charges:     Yes
SCC-tolerance:                 0.100000E-05
Max. scc iterations:                    100
Ewald alpha parameter:         0.000000E+00
Spin polarisation:           No
Nr. of up electrons:            19.000000
Nr. of down electrons:          19.000000
Periodic boundaries:         No
Diagonalizer:                Divide and Conquer
Mixer:                       Anderson mixer
Mixing parameter:                  0.200000
Maximal SCC-cycles:                     100
Nr. of chrg. vectors to mix:              8
Electronic temperature:        0.100000E-07
Initial charges:             Set automatically (system chrg:   0.000E+00)
Included shells:              C:  s, p
                              N:  s, p
                              H:  s
Full 3rd order correction    Yes
Damped SCC                   Yes
Damped specie(s):            H                                                 
Extra options:
--------------------------------------------------------------------------------
 

********************************************************************************
** Geometry step: 0
********************************************************************************

  iSCC Total electronic   Diff electronic      SCC error    
    1   -0.16161343E+02    0.00000000E+00    0.46534360E+00
    2   -0.16161413E+02   -0.70137073E-04    0.45915781E+00
    3   -0.16163400E+02   -0.19868126E-02    0.48683216E-01
    4   -0.16163374E+02    0.25496734E-04    0.38029160E-01
    5   -0.16163440E+02   -0.65658026E-04    0.46262938E-01
    6   -0.16163486E+02   -0.45619901E-04    0.57488101E-02
    7   -0.16163486E+02   -0.50330623E-07    0.59580581E-02
    8   -0.16163489E+02   -0.36662751E-05    0.15331655E-02
    9   -0.16163489E+02   -0.77593395E-07    0.10395794E-02
   10   -0.16163490E+02   -0.14353103E-06    0.83780628E-03
   11   -0.16163490E+02   -0.61506675E-08    0.32765198E-03
   12   -0.16163490E+02   -0.31984975E-08    0.76854294E-04
   13   -0.16163490E+02   -0.17657698E-09    0.15247998E-04
   14   -0.16163490E+02   -0.19291235E-11    0.53534966E-05
   15   -0.16163490E+02   -0.48672177E-12    0.25300987E-06
>> Charges saved for restart in charges.bin
 
 Total Energy:                     -15.9423303014 H
 Total Mermin free energy:         -15.9423303014 H
