================================================================================
==
==   Density Functional based Tight Binding with a lot of extensions (DFTB+)    
==
==                              Release: 1.2 (p2)
==
==                            (ParserVersion = 4)
==
================================================================================


********************************************************************************
** Parsing and initializing
********************************************************************************

Interpreting input file 'dftb_in.hsd'
--------------------------------------------------------------------------------
WARNING!
-> WriteHSDInput and WriteXMLInput both turned off. You won't eventually be 
 able to obtain the same results with a later version of the code!
Path: dftb_in/ParserOptions
Line: 77-80 (File: dftb_in.hsd)

Reading SK-files:
  /home/andersx/parameters/3ob-3-1/C-C.skf
  /home/andersx/parameters/3ob-3-1/C-N.skf
  /home/andersx/parameters/3ob-3-1/C-H.skf
  /home/andersx/parameters/3ob-3-1/N-C.skf
  /home/andersx/parameters/3ob-3-1/N-N.skf
  /home/andersx/parameters/3ob-3-1/N-H.skf
  /home/andersx/parameters/3ob-3-1/H-C.skf
  /home/andersx/parameters/3ob-3-1/H-N.skf
  /home/andersx/parameters/3ob-3-1/H-H.skf
Done.

Starting initialization...
--------------------------------------------------------------------------------
Mode:                        Static calculation
Self consistent charges:     Yes
SCC-tolerance:                 0.100000E-05
Max. scc iterations:                    100
Ewald alpha parameter:         0.000000E+00
Spin polarisation:           No
Nr. of up electrons:            20.000000
Nr. of down electrons:          20.000000
Periodic boundaries:         No
Diagonalizer:                Divide and Conquer
Mixer:                       Anderson mixer
Mixing parameter:                  0.200000
Maximal SCC-cycles:                     100
Nr. of chrg. vectors to mix:              8
Electronic temperature:        0.100000E-07
Initial charges:             Set automatically (system chrg:   0.000E+00)
Included shells:              C:  s, p
                              N:  s, p
                              H:  s
Full 3rd order correction    Yes
Damped SCC                   Yes
Damped specie(s):            H                                                 
Extra options:
--------------------------------------------------------------------------------
 

********************************************************************************
** Geometry step: 0
********************************************************************************

  iSCC Total electronic   Diff electronic      SCC error    
    1   -0.16875177E+02    0.00000000E+00    0.46925665E+00
    2   -0.16875284E+02   -0.10686405E-03    0.46308239E+00
    3   -0.16878287E+02   -0.30022602E-02    0.66741842E-01
    4   -0.16878227E+02    0.59691226E-04    0.56216799E-01
    5   -0.16878318E+02   -0.91065867E-04    0.53331616E-01
    6   -0.16878432E+02   -0.11386927E-03    0.27341501E-01
    7   -0.16878433E+02   -0.14073250E-05    0.22970472E-01
    8   -0.16878444E+02   -0.11203058E-04    0.23092519E-02
    9   -0.16878444E+02   -0.15256624E-07    0.37325557E-02
   10   -0.16878445E+02   -0.86087514E-07    0.26084788E-02
   11   -0.16878445E+02   -0.22114261E-07    0.81385314E-03
   12   -0.16878445E+02   -0.31218473E-07    0.17181512E-03
   13   -0.16878445E+02   -0.81734086E-09    0.10847664E-03
   14   -0.16878445E+02   -0.61632832E-09    0.81256462E-05
   15   -0.16878445E+02   -0.19113600E-11    0.23425526E-05
   16   -0.16878445E+02   -0.49737992E-13    0.19840427E-06
>> Charges saved for restart in charges.bin
 
 Total Energy:                     -16.7487802886 H
 Total Mermin free energy:         -16.7487802886 H
