================================================================================
==
==   Density Functional based Tight Binding with a lot of extensions (DFTB+)    
==
==                              Release: 1.2 (p2)
==
==                            (ParserVersion = 4)
==
================================================================================


********************************************************************************
** Parsing and initializing
********************************************************************************

Interpreting input file 'dftb_in.hsd'
--------------------------------------------------------------------------------
WARNING!
-> WriteHSDInput and WriteXMLInput both turned off. You won't eventually be 
 able to obtain the same results with a later version of the code!
Path: dftb_in/ParserOptions
Line: 79-82 (File: dftb_in.hsd)

Reading SK-files:
  /home/andersx/parameters/3ob-3-1/C-C.skf
  /home/andersx/parameters/3ob-3-1/C-N.skf
  /home/andersx/parameters/3ob-3-1/C-H.skf
  /home/andersx/parameters/3ob-3-1/N-C.skf
  /home/andersx/parameters/3ob-3-1/N-N.skf
  /home/andersx/parameters/3ob-3-1/N-H.skf
  /home/andersx/parameters/3ob-3-1/H-C.skf
  /home/andersx/parameters/3ob-3-1/H-N.skf
  /home/andersx/parameters/3ob-3-1/H-H.skf
Done.

Starting initialization...
--------------------------------------------------------------------------------
Mode:                        Static calculation
Self consistent charges:     Yes
SCC-tolerance:                 0.100000E-05
Max. scc iterations:                    100
Ewald alpha parameter:         0.000000E+00
Spin polarisation:           No
Nr. of up electrons:            21.000000
Nr. of down electrons:          21.000000
Periodic boundaries:         No
Diagonalizer:                Divide and Conquer
Mixer:                       Anderson mixer
Mixing parameter:                  0.200000
Maximal SCC-cycles:                     100
Nr. of chrg. vectors to mix:              8
Electronic temperature:        0.100000E-07
Initial charges:             Set automatically (system chrg:   0.000E+00)
Included shells:              C:  s, p
                              N:  s, p
                              H:  s
Full 3rd order correction    Yes
Damped SCC                   Yes
Damped specie(s):            H                                                 
Extra options:
--------------------------------------------------------------------------------
 

********************************************************************************
** Geometry step: 0
********************************************************************************

  iSCC Total electronic   Diff electronic      SCC error    
    1   -0.17535625E+02    0.00000000E+00    0.46093764E+00
    2   -0.17535708E+02   -0.82820466E-04    0.45463289E+00
    3   -0.17537946E+02   -0.22376349E-02    0.52435897E-01
    4   -0.17537899E+02    0.47254410E-04    0.55685442E-01
    5   -0.17537964E+02   -0.65671855E-04    0.77446066E-01
    6   -0.17538052E+02   -0.87753703E-04    0.17602404E-01
    7   -0.17538050E+02    0.19170524E-05    0.21746022E-01
    8   -0.17538059E+02   -0.90732455E-05    0.27412857E-02
    9   -0.17538059E+02    0.15080574E-06    0.13606795E-02
   10   -0.17538059E+02   -0.24553153E-06    0.56741648E-03
   11   -0.17538059E+02   -0.68935293E-08    0.14040452E-03
   12   -0.17538059E+02   -0.21757103E-08    0.30295083E-04
   13   -0.17538059E+02   -0.32411407E-10    0.73783162E-05
   14   -0.17538059E+02   -0.10338397E-11    0.87515119E-06
>> Charges saved for restart in charges.bin
 
 Total Energy:                     -17.5446694868 H
 Total Mermin free energy:         -17.5446694868 H
