================================================================================
==
==   Density Functional based Tight Binding with a lot of extensions (DFTB+)    
==
==                              Release: 1.2 (p2)
==
==                            (ParserVersion = 4)
==
================================================================================


********************************************************************************
** Parsing and initializing
********************************************************************************

Interpreting input file 'dftb_in.hsd'
--------------------------------------------------------------------------------
WARNING!
-> WriteHSDInput and WriteXMLInput both turned off. You won't eventually be 
 able to obtain the same results with a later version of the code!
Path: dftb_in/ParserOptions
Line: 81-84 (File: dftb_in.hsd)

Reading SK-files:
  /home/andersx/parameters/3ob-3-1/C-C.skf
  /home/andersx/parameters/3ob-3-1/C-N.skf
  /home/andersx/parameters/3ob-3-1/C-H.skf
  /home/andersx/parameters/3ob-3-1/N-C.skf
  /home/andersx/parameters/3ob-3-1/N-N.skf
  /home/andersx/parameters/3ob-3-1/N-H.skf
  /home/andersx/parameters/3ob-3-1/H-C.skf
  /home/andersx/parameters/3ob-3-1/H-N.skf
  /home/andersx/parameters/3ob-3-1/H-H.skf
Done.

Starting initialization...
--------------------------------------------------------------------------------
Mode:                        Static calculation
Self consistent charges:     Yes
SCC-tolerance:                 0.100000E-05
Max. scc iterations:                    100
Ewald alpha parameter:         0.000000E+00
Spin polarisation:           No
Nr. of up electrons:            22.000000
Nr. of down electrons:          22.000000
Periodic boundaries:         No
Diagonalizer:                Divide and Conquer
Mixer:                       Anderson mixer
Mixing parameter:                  0.200000
Maximal SCC-cycles:                     100
Nr. of chrg. vectors to mix:              8
Electronic temperature:        0.100000E-07
Initial charges:             Set automatically (system chrg:   0.000E+00)
Included shells:              C:  s, p
                              N:  s, p
                              H:  s
Full 3rd order correction    Yes
Damped SCC                   Yes
Damped specie(s):            H                                                 
Extra options:
--------------------------------------------------------------------------------
 

********************************************************************************
** Geometry step: 0
********************************************************************************

  iSCC Total electronic   Diff electronic      SCC error    
    1   -0.18224510E+02    0.00000000E+00    0.46537471E+00
    2   -0.18224585E+02   -0.75059948E-04    0.45895896E+00
    3   -0.18226591E+02   -0.20062932E-02    0.65706177E-01
    4   -0.18226537E+02    0.53699535E-04    0.64533727E-01
    5   -0.18226559E+02   -0.21566096E-04    0.12568458E+00
    6   -0.18226712E+02   -0.15309490E-03    0.16619484E-01
    7   -0.18226709E+02    0.27271683E-05    0.12231793E-01
    8   -0.18226716E+02   -0.67433394E-05    0.10453808E-01
    9   -0.18226718E+02   -0.13865727E-05    0.11517051E-02
   10   -0.18226718E+02   -0.11321223E-07    0.10403783E-02
   11   -0.18226718E+02   -0.37238149E-07    0.95616552E-04
   12   -0.18226718E+02   -0.11103864E-08    0.65125468E-04
   13   -0.18226718E+02   -0.47698734E-09    0.17360605E-04
   14   -0.18226718E+02   -0.11464607E-10    0.18339584E-05
   15   -0.18226718E+02   -0.35527137E-13    0.42881312E-06
>> Charges saved for restart in charges.bin
 
 Total Energy:                     -18.3283322778 H
 Total Mermin free energy:         -18.3283322778 H
