================================================================================
==
==   Density Functional based Tight Binding with a lot of extensions (DFTB+)    
==
==                              Release: 1.2 (p2)
==
==                            (ParserVersion = 4)
==
================================================================================


********************************************************************************
** Parsing and initializing
********************************************************************************

Interpreting input file 'dftb_in.hsd'
--------------------------------------------------------------------------------
WARNING!
-> WriteHSDInput and WriteXMLInput both turned off. You won't eventually be 
 able to obtain the same results with a later version of the code!
Path: dftb_in/ParserOptions
Line: 68-71 (File: dftb_in.hsd)

Reading SK-files:
  /home/andersx/parameters/3ob-3-1/C-C.skf
  /home/andersx/parameters/3ob-3-1/C-H.skf
  /home/andersx/parameters/3ob-3-1/H-C.skf
  /home/andersx/parameters/3ob-3-1/H-H.skf
Done.

Starting initialization...
--------------------------------------------------------------------------------
Mode:                        Static calculation
Self consistent charges:     Yes
SCC-tolerance:                 0.100000E-05
Max. scc iterations:                    100
Ewald alpha parameter:         0.000000E+00
Spin polarisation:           No
Nr. of up electrons:            17.000000
Nr. of down electrons:          17.000000
Periodic boundaries:         No
Diagonalizer:                Divide and Conquer
Mixer:                       Anderson mixer
Mixing parameter:                  0.200000
Maximal SCC-cycles:                     100
Nr. of chrg. vectors to mix:              8
Electronic temperature:        0.100000E-07
Initial charges:             Set automatically (system chrg:   0.000E+00)
Included shells:              C:  s, p
                              H:  s
Full 3rd order correction    Yes
Damped SCC                   Yes
Damped specie(s):            H                                                 
Extra options:
--------------------------------------------------------------------------------
 

********************************************************************************
** Geometry step: 0
********************************************************************************

  iSCC Total electronic   Diff electronic      SCC error    
    1   -0.13969729E+02    0.00000000E+00    0.30301944E+00
    2   -0.13969748E+02   -0.19527110E-04    0.29934285E+00
    3   -0.13970235E+02   -0.48659996E-03    0.19022622E-01
    4   -0.13970222E+02    0.13131753E-04    0.14000690E-01
    5   -0.13970244E+02   -0.21947181E-04    0.12830829E-01
    6   -0.13970293E+02   -0.49100660E-04    0.14403051E-01
    7   -0.13970287E+02    0.58318554E-05    0.25001703E-01
    8   -0.13970294E+02   -0.68542117E-05    0.67029804E-02
    9   -0.13970294E+02   -0.38819492E-06    0.46315136E-03
   10   -0.13970294E+02   -0.89556913E-08    0.55074162E-03
   11   -0.13970294E+02   -0.35329567E-07    0.25344959E-04
   12   -0.13970294E+02   -0.15159607E-09    0.88347654E-05
   13   -0.13970294E+02   -0.12441603E-10    0.24218051E-05
   14   -0.13970294E+02   -0.28421709E-13    0.56327532E-07
>> Charges saved for restart in charges.bin
 
 Total Energy:                     -13.9932752174 H
 Total Mermin free energy:         -13.9932752174 H
