================================================================================
==
==   Density Functional based Tight Binding with a lot of extensions (DFTB+)    
==
==                              Release: 1.2 (p2)
==
==                            (ParserVersion = 4)
==
================================================================================


********************************************************************************
** Parsing and initializing
********************************************************************************

Interpreting input file 'dftb_in.hsd'
--------------------------------------------------------------------------------
WARNING!
-> WriteHSDInput and WriteXMLInput both turned off. You won't eventually be 
 able to obtain the same results with a later version of the code!
Path: dftb_in/ParserOptions
Line: 77-80 (File: dftb_in.hsd)

Reading SK-files:
  /home/andersx/parameters/3ob-3-1/C-C.skf
  /home/andersx/parameters/3ob-3-1/C-N.skf
  /home/andersx/parameters/3ob-3-1/C-H.skf
  /home/andersx/parameters/3ob-3-1/N-C.skf
  /home/andersx/parameters/3ob-3-1/N-N.skf
  /home/andersx/parameters/3ob-3-1/N-H.skf
  /home/andersx/parameters/3ob-3-1/H-C.skf
  /home/andersx/parameters/3ob-3-1/H-N.skf
  /home/andersx/parameters/3ob-3-1/H-H.skf
Done.

Starting initialization...
--------------------------------------------------------------------------------
Mode:                        Static calculation
Self consistent charges:     Yes
SCC-tolerance:                 0.100000E-05
Max. scc iterations:                    100
Ewald alpha parameter:         0.000000E+00
Spin polarisation:           No
Nr. of up electrons:            20.000000
Nr. of down electrons:          20.000000
Periodic boundaries:         No
Diagonalizer:                Divide and Conquer
Mixer:                       Anderson mixer
Mixing parameter:                  0.200000
Maximal SCC-cycles:                     100
Nr. of chrg. vectors to mix:              8
Electronic temperature:        0.100000E-07
Initial charges:             Set automatically (system chrg:   0.000E+00)
Included shells:              C:  s, p
                              N:  s, p
                              H:  s
Full 3rd order correction    Yes
Damped SCC                   Yes
Damped specie(s):            H                                                 
Extra options:
--------------------------------------------------------------------------------
 

********************************************************************************
** Geometry step: 0
********************************************************************************

  iSCC Total electronic   Diff electronic      SCC error    
    1   -0.16877659E+02    0.00000000E+00    0.46192827E+00
    2   -0.16877780E+02   -0.12125687E-03    0.45571691E+00
    3   -0.16881469E+02   -0.36883942E-02    0.50002608E-01
    4   -0.16881442E+02    0.26946767E-04    0.45608972E-01
    5   -0.16881438E+02    0.38777515E-05    0.37459517E-01
    6   -0.16881499E+02   -0.60884894E-04    0.87579073E-02
    7   -0.16881499E+02    0.10304194E-06    0.91864770E-02
    8   -0.16881501E+02   -0.25882032E-05    0.15413838E-02
    9   -0.16881501E+02    0.99467456E-09    0.16937767E-02
   10   -0.16881501E+02   -0.90050598E-08    0.10787293E-02
   11   -0.16881501E+02   -0.48514224E-08    0.30642537E-03
   12   -0.16881501E+02   -0.38014889E-08    0.45076062E-04
   13   -0.16881501E+02   -0.57767124E-10    0.15059218E-04
   14   -0.16881501E+02   -0.74358297E-11    0.15768449E-05
   15   -0.16881501E+02    0.00000000E+00    0.11328449E-06
>> Charges saved for restart in charges.bin
 
 Total Energy:                     -16.7477589361 H
 Total Mermin free energy:         -16.7477589361 H
