================================================================================
==
==   Density Functional based Tight Binding with a lot of extensions (DFTB+)    
==
==                              Release: 1.2 (p2)
==
==                            (ParserVersion = 4)
==
================================================================================


********************************************************************************
** Parsing and initializing
********************************************************************************

Interpreting input file 'dftb_in.hsd'
--------------------------------------------------------------------------------
WARNING!
-> WriteHSDInput and WriteXMLInput both turned off. You won't eventually be 
 able to obtain the same results with a later version of the code!
Path: dftb_in/ParserOptions
Line: 74-77 (File: dftb_in.hsd)

Reading SK-files:
  /home/andersx/parameters/3ob-3-1/C-C.skf
  /home/andersx/parameters/3ob-3-1/C-N.skf
  /home/andersx/parameters/3ob-3-1/C-H.skf
  /home/andersx/parameters/3ob-3-1/N-C.skf
  /home/andersx/parameters/3ob-3-1/N-N.skf
  /home/andersx/parameters/3ob-3-1/N-H.skf
  /home/andersx/parameters/3ob-3-1/H-C.skf
  /home/andersx/parameters/3ob-3-1/H-N.skf
  /home/andersx/parameters/3ob-3-1/H-H.skf
Done.

Starting initialization...
--------------------------------------------------------------------------------
Mode:                        Static calculation
Self consistent charges:     Yes
SCC-tolerance:                 0.100000E-05
Max. scc iterations:                    100
Ewald alpha parameter:         0.000000E+00
Spin polarisation:           No
Nr. of up electrons:            19.000000
Nr. of down electrons:          19.000000
Periodic boundaries:         No
Diagonalizer:                Divide and Conquer
Mixer:                       Anderson mixer
Mixing parameter:                  0.200000
Maximal SCC-cycles:                     100
Nr. of chrg. vectors to mix:              8
Electronic temperature:        0.100000E-07
Initial charges:             Set automatically (system chrg:   0.000E+00)
Included shells:              C:  s, p
                              N:  s, p
                              H:  s
Full 3rd order correction    Yes
Damped SCC                   Yes
Damped specie(s):            H                                                 
Extra options:
--------------------------------------------------------------------------------
 

********************************************************************************
** Geometry step: 0
********************************************************************************

  iSCC Total electronic   Diff electronic      SCC error    
    1   -0.16635962E+02    0.00000000E+00    0.68900197E+00
    2   -0.16636928E+02   -0.96593951E-03    0.67476788E+00
    3   -0.16656980E+02   -0.20052192E-01    0.10010399E+00
    4   -0.16656842E+02    0.13802819E-03    0.10120805E+00
    5   -0.16657480E+02   -0.63763697E-03    0.57675158E-01
    6   -0.16657694E+02   -0.21381354E-03    0.21591476E-01
    7   -0.16657691E+02    0.29209667E-05    0.20974076E-01
    8   -0.16657709E+02   -0.18621092E-04    0.10130241E-01
    9   -0.16657711E+02   -0.13009057E-05    0.76622702E-02
   10   -0.16657715E+02   -0.44573734E-05    0.70582948E-03
   11   -0.16657715E+02    0.34705749E-09    0.34196168E-03
   12   -0.16657715E+02   -0.15200978E-07    0.60350215E-04
   13   -0.16657715E+02   -0.23016611E-09    0.66056175E-05
   14   -0.16657715E+02   -0.22986058E-11    0.15252638E-05
   15   -0.16657715E+02   -0.39079850E-13    0.24524932E-06
>> Charges saved for restart in charges.bin
 
 Total Energy:                     -16.3266555472 H
 Total Mermin free energy:         -16.3266555472 H
