================================================================================
==
==   Density Functional based Tight Binding with a lot of extensions (DFTB+)    
==
==                              Release: 1.2 (p2)
==
==                            (ParserVersion = 4)
==
================================================================================


********************************************************************************
** Parsing and initializing
********************************************************************************

Interpreting input file 'dftb_in.hsd'
--------------------------------------------------------------------------------
WARNING!
-> WriteHSDInput and WriteXMLInput both turned off. You won't eventually be 
 able to obtain the same results with a later version of the code!
Path: dftb_in/ParserOptions
Line: 66-69 (File: dftb_in.hsd)

Reading SK-files:
  /home/andersx/parameters/3ob-3-1/C-C.skf
  /home/andersx/parameters/3ob-3-1/C-H.skf
  /home/andersx/parameters/3ob-3-1/H-C.skf
  /home/andersx/parameters/3ob-3-1/H-H.skf
Done.

Starting initialization...
--------------------------------------------------------------------------------
Mode:                        Static calculation
Self consistent charges:     Yes
SCC-tolerance:                 0.100000E-05
Max. scc iterations:                    100
Ewald alpha parameter:         0.000000E+00
Spin polarisation:           No
Nr. of up electrons:            16.000000
Nr. of down electrons:          16.000000
Periodic boundaries:         No
Diagonalizer:                Divide and Conquer
Mixer:                       Anderson mixer
Mixing parameter:                  0.200000
Maximal SCC-cycles:                     100
Nr. of chrg. vectors to mix:              8
Electronic temperature:        0.100000E-07
Initial charges:             Set automatically (system chrg:   0.000E+00)
Included shells:              C:  s, p
                              H:  s
Full 3rd order correction    Yes
Damped SCC                   Yes
Damped specie(s):            H                                                 
Extra options:
--------------------------------------------------------------------------------
 

********************************************************************************
** Geometry step: 0
********************************************************************************

  iSCC Total electronic   Diff electronic      SCC error    
    1   -0.13305913E+02    0.00000000E+00    0.35882631E+00
    2   -0.13305965E+02   -0.51703314E-04    0.35419754E+00
    3   -0.13307436E+02   -0.14715264E-02    0.34290976E-01
    4   -0.13307410E+02    0.25934151E-04    0.34246033E-01
    5   -0.13307443E+02   -0.32870289E-04    0.32304623E-01
    6   -0.13307526E+02   -0.82704498E-04    0.19438438E-01
    7   -0.13307525E+02    0.79975661E-06    0.20266989E-01
    8   -0.13307535E+02   -0.93316968E-05    0.46439675E-02
    9   -0.13307534E+02    0.72003994E-07    0.52427273E-02
   10   -0.13307535E+02   -0.74131456E-06    0.14187480E-02
   11   -0.13307535E+02   -0.22102112E-07    0.36036648E-03
   12   -0.13307535E+02   -0.17494148E-07    0.62642970E-04
   13   -0.13307535E+02   -0.20205704E-09    0.25951350E-04
   14   -0.13307535E+02   -0.12679457E-09    0.18901771E-05
   15   -0.13307535E+02   -0.10480505E-12    0.45327138E-06
>> Charges saved for restart in charges.bin
 
 Total Energy:                     -13.1948607879 H
 Total Mermin free energy:         -13.1948607879 H
