================================================================================
==
==   Density Functional based Tight Binding with a lot of extensions (DFTB+)    
==
==                              Release: 1.2 (p2)
==
==                            (ParserVersion = 4)
==
================================================================================


********************************************************************************
** Parsing and initializing
********************************************************************************

Interpreting input file 'dftb_in.hsd'
--------------------------------------------------------------------------------
WARNING!
-> WriteHSDInput and WriteXMLInput both turned off. You won't eventually be 
 able to obtain the same results with a later version of the code!
Path: dftb_in/ParserOptions
Line: 76-79 (File: dftb_in.hsd)

Reading SK-files:
  /home/andersx/parameters/3ob-3-1/C-C.skf
  /home/andersx/parameters/3ob-3-1/C-N.skf
  /home/andersx/parameters/3ob-3-1/C-H.skf
  /home/andersx/parameters/3ob-3-1/N-C.skf
  /home/andersx/parameters/3ob-3-1/N-N.skf
  /home/andersx/parameters/3ob-3-1/N-H.skf
  /home/andersx/parameters/3ob-3-1/H-C.skf
  /home/andersx/parameters/3ob-3-1/H-N.skf
  /home/andersx/parameters/3ob-3-1/H-H.skf
Done.

Starting initialization...
--------------------------------------------------------------------------------
Mode:                        Static calculation
Self consistent charges:     Yes
SCC-tolerance:                 0.100000E-05
Max. scc iterations:                    100
Ewald alpha parameter:         0.000000E+00
Spin polarisation:           No
Nr. of up electrons:            20.000000
Nr. of down electrons:          20.000000
Periodic boundaries:         No
Diagonalizer:                Divide and Conquer
Mixer:                       Anderson mixer
Mixing parameter:                  0.200000
Maximal SCC-cycles:                     100
Nr. of chrg. vectors to mix:              8
Electronic temperature:        0.100000E-07
Initial charges:             Set automatically (system chrg:   0.000E+00)
Included shells:              C:  s, p
                              N:  s, p
                              H:  s
Full 3rd order correction    Yes
Damped SCC                   Yes
Damped specie(s):            H                                                 
Extra options:
--------------------------------------------------------------------------------
 

********************************************************************************
** Geometry step: 0
********************************************************************************

  iSCC Total electronic   Diff electronic      SCC error    
    1   -0.17313361E+02    0.00000000E+00    0.60022436E+00
    2   -0.17314029E+02   -0.66769125E-03    0.58762114E+00
    3   -0.17328846E+02   -0.14816454E-01    0.14470251E+00
    4   -0.17328745E+02    0.10092663E-03    0.13228652E+00
    5   -0.17329011E+02   -0.26594903E-03    0.63080831E-01
    6   -0.17329173E+02   -0.16258609E-03    0.15905280E-01
    7   -0.17329166E+02    0.75298930E-05    0.19698042E-01
    8   -0.17329183E+02   -0.17072749E-04    0.27972609E-02
    9   -0.17329183E+02   -0.51874341E-07    0.15301724E-02
   10   -0.17329183E+02   -0.17662147E-06    0.75945361E-03
   11   -0.17329183E+02   -0.70257755E-09    0.24869297E-03
   12   -0.17329183E+02   -0.85310710E-08    0.41407149E-04
   13   -0.17329183E+02   -0.68812511E-10    0.13499928E-04
   14   -0.17329183E+02   -0.19078072E-11    0.71833903E-06
>> Charges saved for restart in charges.bin
 
 Total Energy:                     -17.1077407180 H
 Total Mermin free energy:         -17.1077407180 H
