================================================================================
==
==   Density Functional based Tight Binding with a lot of extensions (DFTB+)    
==
==                              Release: 1.2 (p2)
==
==                            (ParserVersion = 4)
==
================================================================================


********************************************************************************
** Parsing and initializing
********************************************************************************

Interpreting input file 'dftb_in.hsd'
--------------------------------------------------------------------------------
WARNING!
-> WriteHSDInput and WriteXMLInput both turned off. You won't eventually be 
 able to obtain the same results with a later version of the code!
Path: dftb_in/ParserOptions
Line: 72-75 (File: dftb_in.hsd)

Reading SK-files:
  /home/andersx/parameters/3ob-3-1/C-C.skf
  /home/andersx/parameters/3ob-3-1/C-N.skf
  /home/andersx/parameters/3ob-3-1/C-H.skf
  /home/andersx/parameters/3ob-3-1/N-C.skf
  /home/andersx/parameters/3ob-3-1/N-N.skf
  /home/andersx/parameters/3ob-3-1/N-H.skf
  /home/andersx/parameters/3ob-3-1/H-C.skf
  /home/andersx/parameters/3ob-3-1/H-N.skf
  /home/andersx/parameters/3ob-3-1/H-H.skf
Done.

Starting initialization...
--------------------------------------------------------------------------------
Mode:                        Static calculation
Self consistent charges:     Yes
SCC-tolerance:                 0.100000E-05
Max. scc iterations:                    100
Ewald alpha parameter:         0.000000E+00
Spin polarisation:           No
Nr. of up electrons:            18.000000
Nr. of down electrons:          18.000000
Periodic boundaries:         No
Diagonalizer:                Divide and Conquer
Mixer:                       Anderson mixer
Mixing parameter:                  0.200000
Maximal SCC-cycles:                     100
Nr. of chrg. vectors to mix:              8
Electronic temperature:        0.100000E-07
Initial charges:             Set automatically (system chrg:   0.000E+00)
Included shells:              C:  s, p
                              N:  s, p
                              H:  s
Full 3rd order correction    Yes
Damped SCC                   Yes
Damped specie(s):            H                                                 
Extra options:
--------------------------------------------------------------------------------
 

********************************************************************************
** Geometry step: 0
********************************************************************************

  iSCC Total electronic   Diff electronic      SCC error    
    1   -0.15942804E+02    0.00000000E+00    0.57194040E+00
    2   -0.15943540E+02   -0.73587102E-03    0.55972622E+00
    3   -0.15959601E+02   -0.16061146E-01    0.15479208E+00
    4   -0.15959598E+02    0.35796916E-05    0.15085696E+00
    5   -0.15960400E+02   -0.80256086E-03    0.47280395E-01
    6   -0.15960395E+02    0.53663624E-05    0.47282632E-01
    7   -0.15960472E+02   -0.77243251E-04    0.31145909E-02
    8   -0.15960473E+02   -0.32383709E-06    0.27683984E-02
    9   -0.15960473E+02   -0.25405113E-06    0.29186133E-03
   10   -0.15960473E+02   -0.63143606E-08    0.16172651E-03
   11   -0.15960473E+02   -0.20321789E-08    0.26380806E-04
   12   -0.15960473E+02   -0.17928770E-10    0.44479825E-05
   13   -0.15960473E+02   -0.35704772E-12    0.63794776E-06
>> Charges saved for restart in charges.bin
 
 Total Energy:                     -15.5118175022 H
 Total Mermin free energy:         -15.5118175022 H
