================================================================================
==
==   Density Functional based Tight Binding with a lot of extensions (DFTB+)    
==
==                              Release: 1.2 (p2)
==
==                            (ParserVersion = 4)
==
================================================================================


********************************************************************************
** Parsing and initializing
********************************************************************************

Interpreting input file 'dftb_in.hsd'
--------------------------------------------------------------------------------
WARNING!
-> WriteHSDInput and WriteXMLInput both turned off. You won't eventually be 
 able to obtain the same results with a later version of the code!
Path: dftb_in/ParserOptions
Line: 60-63 (File: dftb_in.hsd)

Reading SK-files:
  /home/andersx/parameters/3ob-3-1/C-C.skf
  /home/andersx/parameters/3ob-3-1/C-H.skf
  /home/andersx/parameters/3ob-3-1/H-C.skf
  /home/andersx/parameters/3ob-3-1/H-H.skf
Done.

Starting initialization...
--------------------------------------------------------------------------------
Mode:                        Static calculation
Self consistent charges:     Yes
SCC-tolerance:                 0.100000E-05
Max. scc iterations:                    100
Ewald alpha parameter:         0.000000E+00
Spin polarisation:           No
Nr. of up electrons:            13.000000
Nr. of down electrons:          13.000000
Periodic boundaries:         No
Diagonalizer:                Divide and Conquer
Mixer:                       Anderson mixer
Mixing parameter:                  0.200000
Maximal SCC-cycles:                     100
Nr. of chrg. vectors to mix:              8
Electronic temperature:        0.100000E-07
Initial charges:             Set automatically (system chrg:   0.000E+00)
Included shells:              C:  s, p
                              H:  s
Full 3rd order correction    Yes
Damped SCC                   Yes
Damped specie(s):            H                                                 
Extra options:
--------------------------------------------------------------------------------
 

********************************************************************************
** Geometry step: 0
********************************************************************************

  iSCC Total electronic   Diff electronic      SCC error    
    1   -0.11309525E+02    0.00000000E+00    0.27214385E+00
    2   -0.11309559E+02   -0.33580540E-04    0.26959462E+00
    3   -0.11310068E+02   -0.50987466E-03    0.74242590E-01
    4   -0.11310073E+02   -0.44949203E-05    0.73185863E-01
    5   -0.11310605E+02   -0.53178450E-03    0.12834615E-01
    6   -0.11310625E+02   -0.20460368E-04    0.11734595E-01
    7   -0.11310646E+02   -0.21316598E-04    0.48213273E-02
    8   -0.11310648E+02   -0.17846221E-05    0.93963606E-04
    9   -0.11310648E+02   -0.12817640E-08    0.11658925E-05
   10   -0.11310648E+02   -0.20428104E-12    0.11148119E-07
>> Charges saved for restart in charges.bin
 
 Total Energy:                     -10.8156137968 H
 Total Mermin free energy:         -10.8156137968 H
