================================================================================
==
==   Density Functional based Tight Binding with a lot of extensions (DFTB+)    
==
==                              Release: 1.2 (p2)
==
==                            (ParserVersion = 4)
==
================================================================================


********************************************************************************
** Parsing and initializing
********************************************************************************

Interpreting input file 'dftb_in.hsd'
--------------------------------------------------------------------------------
WARNING!
-> WriteHSDInput and WriteXMLInput both turned off. You won't eventually be 
 able to obtain the same results with a later version of the code!
Path: dftb_in/ParserOptions
Line: 80-83 (File: dftb_in.hsd)

Reading SK-files:
  /home/andersx/parameters/3ob-3-1/C-C.skf
  /home/andersx/parameters/3ob-3-1/C-N.skf
  /home/andersx/parameters/3ob-3-1/C-H.skf
  /home/andersx/parameters/3ob-3-1/N-C.skf
  /home/andersx/parameters/3ob-3-1/N-N.skf
  /home/andersx/parameters/3ob-3-1/N-H.skf
  /home/andersx/parameters/3ob-3-1/H-C.skf
  /home/andersx/parameters/3ob-3-1/H-N.skf
  /home/andersx/parameters/3ob-3-1/H-H.skf
Done.

Starting initialization...
--------------------------------------------------------------------------------
Mode:                        Static calculation
Self consistent charges:     Yes
SCC-tolerance:                 0.100000E-05
Max. scc iterations:                    100
Ewald alpha parameter:         0.000000E+00
Spin polarisation:           No
Nr. of up electrons:            22.000000
Nr. of down electrons:          22.000000
Periodic boundaries:         No
Diagonalizer:                Divide and Conquer
Mixer:                       Anderson mixer
Mixing parameter:                  0.200000
Maximal SCC-cycles:                     100
Nr. of chrg. vectors to mix:              8
Electronic temperature:        0.100000E-07
Initial charges:             Set automatically (system chrg:   0.000E+00)
Included shells:              C:  s, p
                              N:  s, p
                              H:  s
Full 3rd order correction    Yes
Damped SCC                   Yes
Damped specie(s):            H                                                 
Extra options:
--------------------------------------------------------------------------------
 

********************************************************************************
** Geometry step: 0
********************************************************************************

  iSCC Total electronic   Diff electronic      SCC error    
    1   -0.18646104E+02    0.00000000E+00    0.46473001E+00
    2   -0.18646223E+02   -0.11905901E-03    0.45834898E+00
    3   -0.18649561E+02   -0.33378041E-02    0.41481233E-01
    4   -0.18649534E+02    0.26955208E-04    0.34706891E-01
    5   -0.18649537E+02   -0.28401615E-05    0.44835860E-01
    6   -0.18649614E+02   -0.76922520E-04    0.40604803E-02
    7   -0.18649614E+02    0.34486502E-06    0.31188983E-02
    8   -0.18649615E+02   -0.18788254E-05    0.15327245E-02
    9   -0.18649615E+02   -0.22409473E-07    0.11902726E-02
   10   -0.18649615E+02   -0.17384817E-07    0.75470484E-03
   11   -0.18649615E+02   -0.75513924E-08    0.22806463E-03
   12   -0.18649615E+02   -0.52014570E-09    0.28095273E-04
   13   -0.18649615E+02   -0.36273207E-11    0.50460928E-05
   14   -0.18649615E+02   -0.15134560E-11    0.32799092E-06
>> Charges saved for restart in charges.bin
 
 Total Energy:                     -18.6096951944 H
 Total Mermin free energy:         -18.6096951944 H
