================================================================================
==
==   Density Functional based Tight Binding with a lot of extensions (DFTB+)    
==
==                              Release: 1.2 (p2)
==
==                            (ParserVersion = 4)
==
================================================================================


********************************************************************************
** Parsing and initializing
********************************************************************************

Interpreting input file 'dftb_in.hsd'
--------------------------------------------------------------------------------
WARNING!
-> WriteHSDInput and WriteXMLInput both turned off. You won't eventually be 
 able to obtain the same results with a later version of the code!
Path: dftb_in/ParserOptions
Line: 78-81 (File: dftb_in.hsd)

Reading SK-files:
  /home/andersx/parameters/3ob-3-1/C-C.skf
  /home/andersx/parameters/3ob-3-1/C-N.skf
  /home/andersx/parameters/3ob-3-1/C-H.skf
  /home/andersx/parameters/3ob-3-1/N-C.skf
  /home/andersx/parameters/3ob-3-1/N-N.skf
  /home/andersx/parameters/3ob-3-1/N-H.skf
  /home/andersx/parameters/3ob-3-1/H-C.skf
  /home/andersx/parameters/3ob-3-1/H-N.skf
  /home/andersx/parameters/3ob-3-1/H-H.skf
Done.

Starting initialization...
--------------------------------------------------------------------------------
Mode:                        Static calculation
Self consistent charges:     Yes
SCC-tolerance:                 0.100000E-05
Max. scc iterations:                    100
Ewald alpha parameter:         0.000000E+00
Spin polarisation:           No
Nr. of up electrons:            21.000000
Nr. of down electrons:          21.000000
Periodic boundaries:         No
Diagonalizer:                Divide and Conquer
Mixer:                       Anderson mixer
Mixing parameter:                  0.200000
Maximal SCC-cycles:                     100
Nr. of chrg. vectors to mix:              8
Electronic temperature:        0.100000E-07
Initial charges:             Set automatically (system chrg:   0.000E+00)
Included shells:              C:  s, p
                              N:  s, p
                              H:  s
Full 3rd order correction    Yes
Damped SCC                   Yes
Damped specie(s):            H                                                 
Extra options:
--------------------------------------------------------------------------------
 

********************************************************************************
** Geometry step: 0
********************************************************************************

  iSCC Total electronic   Diff electronic      SCC error    
    1   -0.17963208E+02    0.00000000E+00    0.59200259E+00
    2   -0.17963291E+02   -0.83396463E-04    0.58486405E+00
    3   -0.17965273E+02   -0.19817695E-02    0.60828977E-01
    4   -0.17965210E+02    0.63352420E-04    0.45121784E-01
    5   -0.17965260E+02   -0.50657374E-04    0.82046847E-01
    6   -0.17965436E+02   -0.17531645E-03    0.16720539E-01
    7   -0.17965437E+02   -0.84739689E-06    0.91861479E-02
    8   -0.17965442E+02   -0.53285436E-05    0.85211852E-02
    9   -0.17965442E+02   -0.15448508E-06    0.23990947E-02
   10   -0.17965442E+02   -0.30993544E-07    0.22992195E-02
   11   -0.17965442E+02   -0.10918551E-06    0.34315751E-03
   12   -0.17965442E+02   -0.76359505E-08    0.23506933E-03
   13   -0.17965442E+02   -0.30033434E-08    0.40832783E-04
   14   -0.17965442E+02   -0.13400836E-09    0.46719245E-05
   15   -0.17965442E+02   -0.41211479E-12    0.10963632E-05
   16   -0.17965442E+02   -0.10658141E-12    0.90507333E-07
>> Charges saved for restart in charges.bin
 
 Total Energy:                     -17.8270384488 H
 Total Mermin free energy:         -17.8270384488 H
