================================================================================
==
==   Density Functional based Tight Binding with a lot of extensions (DFTB+)    
==
==                              Release: 1.2 (p2)
==
==                            (ParserVersion = 4)
==
================================================================================


********************************************************************************
** Parsing and initializing
********************************************************************************

Interpreting input file 'dftb_in.hsd'
--------------------------------------------------------------------------------
WARNING!
-> WriteHSDInput and WriteXMLInput both turned off. You won't eventually be 
 able to obtain the same results with a later version of the code!
Path: dftb_in/ParserOptions
Line: 76-79 (File: dftb_in.hsd)

Reading SK-files:
  /home/andersx/parameters/3ob-3-1/C-C.skf
  /home/andersx/parameters/3ob-3-1/C-N.skf
  /home/andersx/parameters/3ob-3-1/C-H.skf
  /home/andersx/parameters/3ob-3-1/N-C.skf
  /home/andersx/parameters/3ob-3-1/N-N.skf
  /home/andersx/parameters/3ob-3-1/N-H.skf
  /home/andersx/parameters/3ob-3-1/H-C.skf
  /home/andersx/parameters/3ob-3-1/H-N.skf
  /home/andersx/parameters/3ob-3-1/H-H.skf
Done.

Starting initialization...
--------------------------------------------------------------------------------
Mode:                        Static calculation
Self consistent charges:     Yes
SCC-tolerance:                 0.100000E-05
Max. scc iterations:                    100
Ewald alpha parameter:         0.000000E+00
Spin polarisation:           No
Nr. of up electrons:            20.000000
Nr. of down electrons:          20.000000
Periodic boundaries:         No
Diagonalizer:                Divide and Conquer
Mixer:                       Anderson mixer
Mixing parameter:                  0.200000
Maximal SCC-cycles:                     100
Nr. of chrg. vectors to mix:              8
Electronic temperature:        0.100000E-07
Initial charges:             Set automatically (system chrg:   0.000E+00)
Included shells:              C:  s, p
                              N:  s, p
                              H:  s
Full 3rd order correction    Yes
Damped SCC                   Yes
Damped specie(s):            H                                                 
Extra options:
--------------------------------------------------------------------------------
 

********************************************************************************
** Geometry step: 0
********************************************************************************

  iSCC Total electronic   Diff electronic      SCC error    
    1   -0.17292010E+02    0.00000000E+00    0.65097212E+00
    2   -0.17292573E+02   -0.56317041E-03    0.63917351E+00
    3   -0.17304193E+02   -0.11620246E-01    0.10867941E+00
    4   -0.17303982E+02    0.21120428E-03    0.94829785E-01
    5   -0.17305072E+02   -0.10898835E-02    0.76776093E-01
    6   -0.17305223E+02   -0.15146068E-03    0.24324786E-01
    7   -0.17305142E+02    0.81559606E-04    0.48861806E-01
    8   -0.17305252E+02   -0.11033625E-03    0.71837402E-02
    9   -0.17305254E+02   -0.19531606E-05    0.31883048E-02
   10   -0.17305255E+02   -0.11375232E-05    0.26568733E-02
   11   -0.17305257E+02   -0.13533754E-05    0.31937301E-03
   12   -0.17305257E+02   -0.12422298E-07    0.16393887E-03
   13   -0.17305257E+02   -0.31102800E-08    0.32263660E-04
   14   -0.17305257E+02   -0.34908965E-10    0.20927179E-05
   15   -0.17305257E+02   -0.71054274E-13    0.73977151E-06
>> Charges saved for restart in charges.bin
 
 Total Energy:                     -17.0729610407 H
 Total Mermin free energy:         -17.0729610407 H
