================================================================================
==
==   Density Functional based Tight Binding with a lot of extensions (DFTB+)    
==
==                              Release: 1.2 (p2)
==
==                            (ParserVersion = 4)
==
================================================================================


********************************************************************************
** Parsing and initializing
********************************************************************************

Interpreting input file 'dftb_in.hsd'
--------------------------------------------------------------------------------
WARNING!
-> WriteHSDInput and WriteXMLInput both turned off. You won't eventually be 
 able to obtain the same results with a later version of the code!
Path: dftb_in/ParserOptions
Line: 76-79 (File: dftb_in.hsd)

Reading SK-files:
  /home/andersx/parameters/3ob-3-1/C-C.skf
  /home/andersx/parameters/3ob-3-1/C-N.skf
  /home/andersx/parameters/3ob-3-1/C-H.skf
  /home/andersx/parameters/3ob-3-1/N-C.skf
  /home/andersx/parameters/3ob-3-1/N-N.skf
  /home/andersx/parameters/3ob-3-1/N-H.skf
  /home/andersx/parameters/3ob-3-1/H-C.skf
  /home/andersx/parameters/3ob-3-1/H-N.skf
  /home/andersx/parameters/3ob-3-1/H-H.skf
Done.

Starting initialization...
--------------------------------------------------------------------------------
Mode:                        Static calculation
Self consistent charges:     Yes
SCC-tolerance:                 0.100000E-05
Max. scc iterations:                    100
Ewald alpha parameter:         0.000000E+00
Spin polarisation:           No
Nr. of up electrons:            20.000000
Nr. of down electrons:          20.000000
Periodic boundaries:         No
Diagonalizer:                Divide and Conquer
Mixer:                       Anderson mixer
Mixing parameter:                  0.200000
Maximal SCC-cycles:                     100
Nr. of chrg. vectors to mix:              8
Electronic temperature:        0.100000E-07
Initial charges:             Set automatically (system chrg:   0.000E+00)
Included shells:              C:  s, p
                              N:  s, p
                              H:  s
Full 3rd order correction    Yes
Damped SCC                   Yes
Damped specie(s):            H                                                 
Extra options:
--------------------------------------------------------------------------------
 

********************************************************************************
** Geometry step: 0
********************************************************************************

  iSCC Total electronic   Diff electronic      SCC error    
    1   -0.17305152E+02    0.00000000E+00    0.89534914E+00
    2   -0.17305692E+02   -0.53995470E-03    0.88076213E+00
    3   -0.17315044E+02   -0.93517115E-02    0.18504380E+00
    4   -0.17314382E+02    0.66181774E-03    0.17630335E+00
    5   -0.17314914E+02   -0.53164099E-03    0.21317533E+00
    6   -0.17316802E+02   -0.18878565E-02    0.63486079E-01
    7   -0.17316705E+02    0.96247345E-04    0.82389952E-01
    8   -0.17316920E+02   -0.21441169E-03    0.21620563E-01
    9   -0.17316951E+02   -0.31340532E-04    0.41673388E-02
   10   -0.17316952E+02   -0.42703812E-06    0.34173957E-02
   11   -0.17316952E+02   -0.77992151E-06    0.58401750E-03
   12   -0.17316952E+02   -0.22307347E-08    0.49612051E-03
   13   -0.17316952E+02   -0.23924649E-07    0.30643189E-04
   14   -0.17316952E+02   -0.83989704E-10    0.15681403E-04
   15   -0.17316952E+02   -0.64801498E-11    0.16281126E-05
   16   -0.17316952E+02   -0.35527137E-13    0.30725345E-06
>> Charges saved for restart in charges.bin
 
 Total Energy:                     -17.0906909941 H
 Total Mermin free energy:         -17.0906909941 H
