================================================================================
==
==   Density Functional based Tight Binding with a lot of extensions (DFTB+)    
==
==                              Release: 1.2 (p2)
==
==                            (ParserVersion = 4)
==
================================================================================


********************************************************************************
** Parsing and initializing
********************************************************************************

Interpreting input file 'dftb_in.hsd'
--------------------------------------------------------------------------------
WARNING!
-> WriteHSDInput and WriteXMLInput both turned off. You won't eventually be 
 able to obtain the same results with a later version of the code!
Path: dftb_in/ParserOptions
Line: 76-79 (File: dftb_in.hsd)

Reading SK-files:
  /home/andersx/parameters/3ob-3-1/C-C.skf
  /home/andersx/parameters/3ob-3-1/C-N.skf
  /home/andersx/parameters/3ob-3-1/C-H.skf
  /home/andersx/parameters/3ob-3-1/N-C.skf
  /home/andersx/parameters/3ob-3-1/N-N.skf
  /home/andersx/parameters/3ob-3-1/N-H.skf
  /home/andersx/parameters/3ob-3-1/H-C.skf
  /home/andersx/parameters/3ob-3-1/H-N.skf
  /home/andersx/parameters/3ob-3-1/H-H.skf
Done.

Starting initialization...
--------------------------------------------------------------------------------
Mode:                        Static calculation
Self consistent charges:     Yes
SCC-tolerance:                 0.100000E-05
Max. scc iterations:                    100
Ewald alpha parameter:         0.000000E+00
Spin polarisation:           No
Nr. of up electrons:            20.000000
Nr. of down electrons:          20.000000
Periodic boundaries:         No
Diagonalizer:                Divide and Conquer
Mixer:                       Anderson mixer
Mixing parameter:                  0.200000
Maximal SCC-cycles:                     100
Nr. of chrg. vectors to mix:              8
Electronic temperature:        0.100000E-07
Initial charges:             Set automatically (system chrg:   0.000E+00)
Included shells:              C:  s, p
                              N:  s, p
                              H:  s
Full 3rd order correction    Yes
Damped SCC                   Yes
Damped specie(s):            H                                                 
Extra options:
--------------------------------------------------------------------------------
 

********************************************************************************
** Geometry step: 0
********************************************************************************

  iSCC Total electronic   Diff electronic      SCC error    
    1   -0.17305468E+02    0.00000000E+00    0.88880524E+00
    2   -0.17305948E+02   -0.47982400E-03    0.87446603E+00
    3   -0.17314293E+02   -0.83453979E-02    0.18397058E+00
    4   -0.17313691E+02    0.60212059E-03    0.17537728E+00
    5   -0.17314112E+02   -0.42020396E-03    0.20212206E+00
    6   -0.17315905E+02   -0.17931025E-02    0.46990221E-01
    7   -0.17315964E+02   -0.59027250E-04    0.17797537E-01
    8   -0.17315976E+02   -0.11993203E-04    0.15425976E-01
    9   -0.17315982E+02   -0.62612328E-05    0.10977087E-01
   10   -0.17315983E+02   -0.14167774E-05    0.10449703E-01
   11   -0.17315986E+02   -0.24017554E-05    0.14512840E-02
   12   -0.17315986E+02   -0.87745605E-07    0.66743132E-03
   13   -0.17315986E+02   -0.42821746E-08    0.25043497E-03
   14   -0.17315986E+02   -0.28703120E-08    0.76025226E-04
   15   -0.17315986E+02   -0.77932327E-10    0.71739359E-05
   16   -0.17315986E+02   -0.24087399E-11    0.95740639E-06
>> Charges saved for restart in charges.bin
 
 Total Energy:                     -17.0897948318 H
 Total Mermin free energy:         -17.0897948318 H
