================================================================================
==
==   Density Functional based Tight Binding with a lot of extensions (DFTB+)    
==
==                              Release: 1.2 (p2)
==
==                            (ParserVersion = 4)
==
================================================================================


********************************************************************************
** Parsing and initializing
********************************************************************************

Interpreting input file 'dftb_in.hsd'
--------------------------------------------------------------------------------
WARNING!
-> WriteHSDInput and WriteXMLInput both turned off. You won't eventually be 
 able to obtain the same results with a later version of the code!
Path: dftb_in/ParserOptions
Line: 76-79 (File: dftb_in.hsd)

Reading SK-files:
  /home/andersx/parameters/3ob-3-1/C-C.skf
  /home/andersx/parameters/3ob-3-1/C-N.skf
  /home/andersx/parameters/3ob-3-1/C-H.skf
  /home/andersx/parameters/3ob-3-1/N-C.skf
  /home/andersx/parameters/3ob-3-1/N-N.skf
  /home/andersx/parameters/3ob-3-1/N-H.skf
  /home/andersx/parameters/3ob-3-1/H-C.skf
  /home/andersx/parameters/3ob-3-1/H-N.skf
  /home/andersx/parameters/3ob-3-1/H-H.skf
Done.

Starting initialization...
--------------------------------------------------------------------------------
Mode:                        Static calculation
Self consistent charges:     Yes
SCC-tolerance:                 0.100000E-05
Max. scc iterations:                    100
Ewald alpha parameter:         0.000000E+00
Spin polarisation:           No
Nr. of up electrons:            20.000000
Nr. of down electrons:          20.000000
Periodic boundaries:         No
Diagonalizer:                Divide and Conquer
Mixer:                       Anderson mixer
Mixing parameter:                  0.200000
Maximal SCC-cycles:                     100
Nr. of chrg. vectors to mix:              8
Electronic temperature:        0.100000E-07
Initial charges:             Set automatically (system chrg:   0.000E+00)
Included shells:              C:  s, p
                              N:  s, p
                              H:  s
Full 3rd order correction    Yes
Damped SCC                   Yes
Damped specie(s):            H                                                 
Extra options:
--------------------------------------------------------------------------------
 

********************************************************************************
** Geometry step: 0
********************************************************************************

  iSCC Total electronic   Diff electronic      SCC error    
    1   -0.17302426E+02    0.00000000E+00    0.89652403E+00
    2   -0.17302860E+02   -0.43397390E-03    0.88239239E+00
    3   -0.17311349E+02   -0.84889132E-02    0.17499271E+00
    4   -0.17310868E+02    0.48095005E-03    0.16617067E+00
    5   -0.17310636E+02    0.23167344E-03    0.23239003E+00
    6   -0.17312294E+02   -0.16580939E-02    0.62035700E-01
    7   -0.17312371E+02   -0.76840402E-04    0.14341519E-01
    8   -0.17312374E+02   -0.28260759E-05    0.12373456E-01
    9   -0.17312379E+02   -0.50032631E-05    0.19268791E-02
   10   -0.17312379E+02   -0.14239770E-06    0.20795815E-02
   11   -0.17312379E+02   -0.22495131E-06    0.46443749E-03
   12   -0.17312379E+02   -0.48625743E-08    0.22962923E-03
   13   -0.17312379E+02   -0.42729447E-08    0.31120304E-04
   14   -0.17312379E+02   -0.35591086E-10    0.16449350E-04
   15   -0.17312379E+02   -0.24513724E-11    0.15530374E-05
   16   -0.17312379E+02   -0.92370556E-13    0.74388592E-07
>> Charges saved for restart in charges.bin
 
 Total Energy:                     -17.0839173359 H
 Total Mermin free energy:         -17.0839173359 H
