================================================================================
==
==   Density Functional based Tight Binding with a lot of extensions (DFTB+)    
==
==                              Release: 1.2 (p2)
==
==                            (ParserVersion = 4)
==
================================================================================


********************************************************************************
** Parsing and initializing
********************************************************************************

Interpreting input file 'dftb_in.hsd'
--------------------------------------------------------------------------------
WARNING!
-> WriteHSDInput and WriteXMLInput both turned off. You won't eventually be 
 able to obtain the same results with a later version of the code!
Path: dftb_in/ParserOptions
Line: 76-79 (File: dftb_in.hsd)

Reading SK-files:
  /home/andersx/parameters/3ob-3-1/C-C.skf
  /home/andersx/parameters/3ob-3-1/C-N.skf
  /home/andersx/parameters/3ob-3-1/C-H.skf
  /home/andersx/parameters/3ob-3-1/N-C.skf
  /home/andersx/parameters/3ob-3-1/N-N.skf
  /home/andersx/parameters/3ob-3-1/N-H.skf
  /home/andersx/parameters/3ob-3-1/H-C.skf
  /home/andersx/parameters/3ob-3-1/H-N.skf
  /home/andersx/parameters/3ob-3-1/H-H.skf
Done.

Starting initialization...
--------------------------------------------------------------------------------
Mode:                        Static calculation
Self consistent charges:     Yes
SCC-tolerance:                 0.100000E-05
Max. scc iterations:                    100
Ewald alpha parameter:         0.000000E+00
Spin polarisation:           No
Nr. of up electrons:            20.000000
Nr. of down electrons:          20.000000
Periodic boundaries:         No
Diagonalizer:                Divide and Conquer
Mixer:                       Anderson mixer
Mixing parameter:                  0.200000
Maximal SCC-cycles:                     100
Nr. of chrg. vectors to mix:              8
Electronic temperature:        0.100000E-07
Initial charges:             Set automatically (system chrg:   0.000E+00)
Included shells:              C:  s, p
                              N:  s, p
                              H:  s
Full 3rd order correction    Yes
Damped SCC                   Yes
Damped specie(s):            H                                                 
Extra options:
--------------------------------------------------------------------------------
 

********************************************************************************
** Geometry step: 0
********************************************************************************

  iSCC Total electronic   Diff electronic      SCC error    
    1   -0.17197815E+02    0.00000000E+00    0.22501264E+00
    2   -0.17197931E+02   -0.11653183E-03    0.22228959E+00
    3   -0.17201044E+02   -0.31124939E-02    0.90230847E-01
    4   -0.17200994E+02    0.49627633E-04    0.98321827E-01
    5   -0.17201260E+02   -0.26560257E-03    0.27297175E-01
    6   -0.17201280E+02   -0.20408430E-04    0.81076012E-02
    7   -0.17201283E+02   -0.32870327E-05    0.90782962E-02
    8   -0.17201292E+02   -0.83010679E-05    0.22175444E-02
    9   -0.17201292E+02   -0.31603140E-07    0.20097765E-02
   10   -0.17201292E+02   -0.59357429E-07    0.15711794E-02
   11   -0.17201292E+02    0.35277381E-08    0.78340664E-03
   12   -0.17201292E+02   -0.19312409E-07    0.22391825E-03
   13   -0.17201292E+02   -0.19064679E-08    0.11758456E-03
   14   -0.17201292E+02   -0.76897777E-09    0.10179772E-04
   15   -0.17201292E+02   -0.80895290E-11    0.30074240E-05
   16   -0.17201292E+02   -0.12079227E-12    0.46932487E-06
>> Charges saved for restart in charges.bin
 
 Total Energy:                     -17.0080543305 H
 Total Mermin free energy:         -17.0080543305 H
