================================================================================
==
==   Density Functional based Tight Binding with a lot of extensions (DFTB+)    
==
==                              Release: 1.2 (p2)
==
==                            (ParserVersion = 4)
==
================================================================================


********************************************************************************
** Parsing and initializing
********************************************************************************

Interpreting input file 'dftb_in.hsd'
--------------------------------------------------------------------------------
WARNING!
-> WriteHSDInput and WriteXMLInput both turned off. You won't eventually be 
 able to obtain the same results with a later version of the code!
Path: dftb_in/ParserOptions
Line: 71-74 (File: dftb_in.hsd)

Reading SK-files:
  /home/andersx/parameters/3ob-3-1/C-C.skf
  /home/andersx/parameters/3ob-3-1/C-N.skf
  /home/andersx/parameters/3ob-3-1/C-H.skf
  /home/andersx/parameters/3ob-3-1/N-C.skf
  /home/andersx/parameters/3ob-3-1/N-N.skf
  /home/andersx/parameters/3ob-3-1/N-H.skf
  /home/andersx/parameters/3ob-3-1/H-C.skf
  /home/andersx/parameters/3ob-3-1/H-N.skf
  /home/andersx/parameters/3ob-3-1/H-H.skf
Done.

Starting initialization...
--------------------------------------------------------------------------------
Mode:                        Static calculation
Self consistent charges:     Yes
SCC-tolerance:                 0.100000E-05
Max. scc iterations:                    100
Ewald alpha parameter:         0.000000E+00
Spin polarisation:           No
Nr. of up electrons:            18.000000
Nr. of down electrons:          18.000000
Periodic boundaries:         No
Diagonalizer:                Divide and Conquer
Mixer:                       Anderson mixer
Mixing parameter:                  0.200000
Maximal SCC-cycles:                     100
Nr. of chrg. vectors to mix:              8
Electronic temperature:        0.100000E-07
Initial charges:             Set automatically (system chrg:   0.000E+00)
Included shells:              C:  s, p
                              N:  s, p
                              H:  s
Full 3rd order correction    Yes
Damped SCC                   Yes
Damped specie(s):            H                                                 
Extra options:
--------------------------------------------------------------------------------
 

********************************************************************************
** Geometry step: 0
********************************************************************************

  iSCC Total electronic   Diff electronic      SCC error    
    1   -0.16364788E+02    0.00000000E+00    0.66970777E+00
    2   -0.16365932E+02   -0.11439601E-02    0.65554200E+00
    3   -0.16390937E+02   -0.25004732E-01    0.95922896E-01
    4   -0.16390896E+02    0.40481381E-04    0.91901033E-01
    5   -0.16391333E+02   -0.43615432E-03    0.44120702E-01
    6   -0.16391335E+02   -0.26394211E-05    0.41831795E-01
    7   -0.16391337E+02   -0.12823005E-05    0.33118391E-01
    8   -0.16391390E+02   -0.52973134E-04    0.38142265E-02
    9   -0.16391390E+02   -0.25974000E-06    0.32783074E-02
   10   -0.16391390E+02   -0.63217065E-06    0.14280090E-02
   11   -0.16391390E+02   -0.74974253E-07    0.69321593E-03
   12   -0.16391391E+02   -0.37310937E-07    0.66009454E-04
   13   -0.16391391E+02   -0.12075425E-08    0.41589963E-04
   14   -0.16391391E+02   -0.29331915E-09    0.24644219E-04
   15   -0.16391391E+02   -0.17728041E-11    0.65534171E-06
>> Charges saved for restart in charges.bin
 
 Total Energy:                     -15.8157056695 H
 Total Mermin free energy:         -15.8157056695 H
