================================================================================
==
==   Density Functional based Tight Binding with a lot of extensions (DFTB+)    
==
==                              Release: 1.2 (p2)
==
==                            (ParserVersion = 4)
==
================================================================================


********************************************************************************
** Parsing and initializing
********************************************************************************

Interpreting input file 'dftb_in.hsd'
--------------------------------------------------------------------------------
WARNING!
-> WriteHSDInput and WriteXMLInput both turned off. You won't eventually be 
 able to obtain the same results with a later version of the code!
Path: dftb_in/ParserOptions
Line: 73-76 (File: dftb_in.hsd)

Reading SK-files:
  /home/andersx/parameters/3ob-3-1/C-C.skf
  /home/andersx/parameters/3ob-3-1/C-N.skf
  /home/andersx/parameters/3ob-3-1/C-H.skf
  /home/andersx/parameters/3ob-3-1/N-C.skf
  /home/andersx/parameters/3ob-3-1/N-N.skf
  /home/andersx/parameters/3ob-3-1/N-H.skf
  /home/andersx/parameters/3ob-3-1/H-C.skf
  /home/andersx/parameters/3ob-3-1/H-N.skf
  /home/andersx/parameters/3ob-3-1/H-H.skf
Done.

Starting initialization...
--------------------------------------------------------------------------------
Mode:                        Static calculation
Self consistent charges:     Yes
SCC-tolerance:                 0.100000E-05
Max. scc iterations:                    100
Ewald alpha parameter:         0.000000E+00
Spin polarisation:           No
Nr. of up electrons:            19.000000
Nr. of down electrons:          19.000000
Periodic boundaries:         No
Diagonalizer:                Divide and Conquer
Mixer:                       Anderson mixer
Mixing parameter:                  0.200000
Maximal SCC-cycles:                     100
Nr. of chrg. vectors to mix:              8
Electronic temperature:        0.100000E-07
Initial charges:             Set automatically (system chrg:   0.000E+00)
Included shells:              C:  s, p
                              N:  s, p
                              H:  s
Full 3rd order correction    Yes
Damped SCC                   Yes
Damped specie(s):            H                                                 
Extra options:
--------------------------------------------------------------------------------
 

********************************************************************************
** Geometry step: 0
********************************************************************************

  iSCC Total electronic   Diff electronic      SCC error    
    1   -0.17029388E+02    0.00000000E+00    0.59946755E+00
    2   -0.17030108E+02   -0.71968400E-03    0.58678307E+00
    3   -0.17046728E+02   -0.16619762E-01    0.97103798E-01
    4   -0.17046741E+02   -0.13186981E-04    0.92260400E-01
    5   -0.17046914E+02   -0.17338308E-03    0.40910361E-01
    6   -0.17046980E+02   -0.65166898E-04    0.32158176E-01
    7   -0.17046869E+02    0.11095622E-03    0.58096433E-01
    8   -0.17047007E+02   -0.13790702E-03    0.56790623E-02
    9   -0.17047007E+02   -0.85682285E-06    0.16112684E-02
   10   -0.17047008E+02   -0.38170849E-06    0.56489694E-03
   11   -0.17047008E+02   -0.20548033E-07    0.45056517E-03
   12   -0.17047008E+02   -0.78103639E-08    0.23430005E-04
   13   -0.17047008E+02   -0.56594729E-10    0.10538163E-04
   14   -0.17047008E+02   -0.26716407E-11    0.10534200E-05
   15   -0.17047008E+02   -0.14210855E-13    0.53454830E-07
>> Charges saved for restart in charges.bin
 
 Total Energy:                     -16.5860418323 H
 Total Mermin free energy:         -16.5860418323 H
