================================================================================
==
==   Density Functional based Tight Binding with a lot of extensions (DFTB+)    
==
==                              Release: 1.2 (p2)
==
==                            (ParserVersion = 4)
==
================================================================================


********************************************************************************
** Parsing and initializing
********************************************************************************

Interpreting input file 'dftb_in.hsd'
--------------------------------------------------------------------------------
WARNING!
-> WriteHSDInput and WriteXMLInput both turned off. You won't eventually be 
 able to obtain the same results with a later version of the code!
Path: dftb_in/ParserOptions
Line: 77-80 (File: dftb_in.hsd)

Reading SK-files:
  /home/andersx/parameters/3ob-3-1/N-N.skf
  /home/andersx/parameters/3ob-3-1/N-C.skf
  /home/andersx/parameters/3ob-3-1/N-H.skf
  /home/andersx/parameters/3ob-3-1/C-N.skf
  /home/andersx/parameters/3ob-3-1/C-C.skf
  /home/andersx/parameters/3ob-3-1/C-H.skf
  /home/andersx/parameters/3ob-3-1/H-N.skf
  /home/andersx/parameters/3ob-3-1/H-C.skf
  /home/andersx/parameters/3ob-3-1/H-H.skf
Done.

Starting initialization...
--------------------------------------------------------------------------------
Mode:                        Static calculation
Self consistent charges:     Yes
SCC-tolerance:                 0.100000E-05
Max. scc iterations:                    100
Ewald alpha parameter:         0.000000E+00
Spin polarisation:           No
Nr. of up electrons:            20.000000
Nr. of down electrons:          20.000000
Periodic boundaries:         No
Diagonalizer:                Divide and Conquer
Mixer:                       Anderson mixer
Mixing parameter:                  0.200000
Maximal SCC-cycles:                     100
Nr. of chrg. vectors to mix:              8
Electronic temperature:        0.100000E-07
Initial charges:             Set automatically (system chrg:   0.000E+00)
Included shells:              N:  s, p
                              C:  s, p
                              H:  s
Full 3rd order correction    Yes
Damped SCC                   Yes
Damped specie(s):            H                                                 
Extra options:
--------------------------------------------------------------------------------
 

********************************************************************************
** Geometry step: 0
********************************************************************************

  iSCC Total electronic   Diff electronic      SCC error    
    1   -0.16731194E+02    0.00000000E+00    0.58716405E+00
    2   -0.16731251E+02   -0.56389128E-04    0.58013345E+00
    3   -0.16732805E+02   -0.15543797E-02    0.54364333E-01
    4   -0.16732768E+02    0.37404831E-04    0.47515591E-01
    5   -0.16732765E+02    0.30552513E-05    0.39760425E-01
    6   -0.16732865E+02   -0.10078184E-03    0.66172095E-02
    7   -0.16732866E+02   -0.63102969E-06    0.79318966E-02
    8   -0.16732867E+02   -0.11611160E-05    0.12972621E-01
    9   -0.16732868E+02   -0.71089900E-06    0.28393549E-03
   10   -0.16732868E+02   -0.85039638E-08    0.48765884E-03
   11   -0.16732868E+02   -0.57064895E-08    0.16642648E-04
   12   -0.16732868E+02   -0.65337957E-10    0.64542863E-05
   13   -0.16732868E+02   -0.29451996E-11    0.17505367E-05
   14   -0.16732868E+02   -0.63948846E-13    0.13494184E-06
>> Charges saved for restart in charges.bin
 
 Total Energy:                     -16.7691527195 H
 Total Mermin free energy:         -16.7691527195 H
