================================================================================
==
==   Density Functional based Tight Binding with a lot of extensions (DFTB+)    
==
==                              Release: 1.2 (p2)
==
==                            (ParserVersion = 4)
==
================================================================================


********************************************************************************
** Parsing and initializing
********************************************************************************

Interpreting input file 'dftb_in.hsd'
--------------------------------------------------------------------------------
WARNING!
-> WriteHSDInput and WriteXMLInput both turned off. You won't eventually be 
 able to obtain the same results with a later version of the code!
Path: dftb_in/ParserOptions
Line: 74-77 (File: dftb_in.hsd)

Reading SK-files:
  /home/andersx/parameters/3ob-3-1/N-N.skf
  /home/andersx/parameters/3ob-3-1/N-C.skf
  /home/andersx/parameters/3ob-3-1/N-H.skf
  /home/andersx/parameters/3ob-3-1/C-N.skf
  /home/andersx/parameters/3ob-3-1/C-C.skf
  /home/andersx/parameters/3ob-3-1/C-H.skf
  /home/andersx/parameters/3ob-3-1/H-N.skf
  /home/andersx/parameters/3ob-3-1/H-C.skf
  /home/andersx/parameters/3ob-3-1/H-H.skf
Done.

Starting initialization...
--------------------------------------------------------------------------------
Mode:                        Static calculation
Self consistent charges:     Yes
SCC-tolerance:                 0.100000E-05
Max. scc iterations:                    100
Ewald alpha parameter:         0.000000E+00
Spin polarisation:           No
Nr. of up electrons:            19.000000
Nr. of down electrons:          19.000000
Periodic boundaries:         No
Diagonalizer:                Divide and Conquer
Mixer:                       Anderson mixer
Mixing parameter:                  0.200000
Maximal SCC-cycles:                     100
Nr. of chrg. vectors to mix:              8
Electronic temperature:        0.100000E-07
Initial charges:             Set automatically (system chrg:   0.000E+00)
Included shells:              N:  s, p
                              C:  s, p
                              H:  s
Full 3rd order correction    Yes
Damped SCC                   Yes
Damped specie(s):            H                                                 
Extra options:
--------------------------------------------------------------------------------
 

********************************************************************************
** Geometry step: 0
********************************************************************************

  iSCC Total electronic   Diff electronic      SCC error    
    1   -0.16423068E+02    0.00000000E+00    0.55811564E+00
    2   -0.16423175E+02   -0.10777029E-03    0.55169911E+00
    3   -0.16426028E+02   -0.28531317E-02    0.76859312E-01
    4   -0.16425960E+02    0.68472756E-04    0.46627873E-01
    5   -0.16425950E+02    0.99914124E-05    0.84107632E-01
    6   -0.16426140E+02   -0.18971052E-03    0.12821097E-01
    7   -0.16426140E+02   -0.24440034E-06    0.99741165E-02
    8   -0.16426145E+02   -0.50623770E-05    0.68674121E-02
    9   -0.16426146E+02   -0.62326236E-06    0.13704541E-02
   10   -0.16426146E+02   -0.11268634E-06    0.12006272E-02
   11   -0.16426146E+02   -0.41973109E-08    0.40370436E-03
   12   -0.16426146E+02   -0.37007730E-08    0.12561447E-03
   13   -0.16426146E+02   -0.16544632E-09    0.22948534E-04
   14   -0.16426146E+02   -0.67071682E-10    0.40986806E-05
   15   -0.16426146E+02   -0.17053026E-12    0.56610904E-06
>> Charges saved for restart in charges.bin
 
 Total Energy:                     -16.2417643831 H
 Total Mermin free energy:         -16.2417643831 H
