================================================================================
==
==   Density Functional based Tight Binding with a lot of extensions (DFTB+)    
==
==                              Release: 1.2 (p2)
==
==                            (ParserVersion = 4)
==
================================================================================


********************************************************************************
** Parsing and initializing
********************************************************************************

Interpreting input file 'dftb_in.hsd'
--------------------------------------------------------------------------------
WARNING!
-> WriteHSDInput and WriteXMLInput both turned off. You won't eventually be 
 able to obtain the same results with a later version of the code!
Path: dftb_in/ParserOptions
Line: 77-80 (File: dftb_in.hsd)

Reading SK-files:
  /home/andersx/parameters/3ob-3-1/N-N.skf
  /home/andersx/parameters/3ob-3-1/N-C.skf
  /home/andersx/parameters/3ob-3-1/N-H.skf
  /home/andersx/parameters/3ob-3-1/C-N.skf
  /home/andersx/parameters/3ob-3-1/C-C.skf
  /home/andersx/parameters/3ob-3-1/C-H.skf
  /home/andersx/parameters/3ob-3-1/H-N.skf
  /home/andersx/parameters/3ob-3-1/H-C.skf
  /home/andersx/parameters/3ob-3-1/H-H.skf
Done.

Starting initialization...
--------------------------------------------------------------------------------
Mode:                        Static calculation
Self consistent charges:     Yes
SCC-tolerance:                 0.100000E-05
Max. scc iterations:                    100
Ewald alpha parameter:         0.000000E+00
Spin polarisation:           No
Nr. of up electrons:            20.000000
Nr. of down electrons:          20.000000
Periodic boundaries:         No
Diagonalizer:                Divide and Conquer
Mixer:                       Anderson mixer
Mixing parameter:                  0.200000
Maximal SCC-cycles:                     100
Nr. of chrg. vectors to mix:              8
Electronic temperature:        0.100000E-07
Initial charges:             Set automatically (system chrg:   0.000E+00)
Included shells:              N:  s, p
                              C:  s, p
                              H:  s
Full 3rd order correction    Yes
Damped SCC                   Yes
Damped specie(s):            H                                                 
Extra options:
--------------------------------------------------------------------------------
 

********************************************************************************
** Geometry step: 0
********************************************************************************

  iSCC Total electronic   Diff electronic      SCC error    
    1   -0.16757180E+02    0.00000000E+00    0.56498314E+00
    2   -0.16757214E+02   -0.33451150E-04    0.55830163E+00
    3   -0.16758108E+02   -0.89381390E-03    0.47520580E-01
    4   -0.16758085E+02    0.22854178E-04    0.44317360E-01
    5   -0.16758090E+02   -0.50230856E-05    0.35692837E-01
    6   -0.16758154E+02   -0.64527685E-04    0.66406696E-02
    7   -0.16758155E+02   -0.33421218E-06    0.41026739E-02
    8   -0.16758156E+02   -0.10609609E-05    0.65353934E-02
    9   -0.16758156E+02   -0.51236835E-06    0.14145533E-02
   10   -0.16758156E+02   -0.42211035E-08    0.12012272E-02
   11   -0.16758156E+02   -0.14232455E-07    0.20201585E-03
   12   -0.16758156E+02   -0.10085692E-08    0.11917616E-03
   13   -0.16758156E+02   -0.37938719E-09    0.89213357E-05
   14   -0.16758156E+02   -0.15152324E-10    0.86942411E-06
>> Charges saved for restart in charges.bin
 
 Total Energy:                     -16.7401115886 H
 Total Mermin free energy:         -16.7401115886 H
