================================================================================
==
==   Density Functional based Tight Binding with a lot of extensions (DFTB+)    
==
==                              Release: 1.2 (p2)
==
==                            (ParserVersion = 4)
==
================================================================================


********************************************************************************
** Parsing and initializing
********************************************************************************

Interpreting input file 'dftb_in.hsd'
--------------------------------------------------------------------------------
WARNING!
-> WriteHSDInput and WriteXMLInput both turned off. You won't eventually be 
 able to obtain the same results with a later version of the code!
Path: dftb_in/ParserOptions
Line: 76-79 (File: dftb_in.hsd)

Reading SK-files:
  /home/andersx/parameters/3ob-3-1/N-N.skf
  /home/andersx/parameters/3ob-3-1/N-C.skf
  /home/andersx/parameters/3ob-3-1/N-H.skf
  /home/andersx/parameters/3ob-3-1/C-N.skf
  /home/andersx/parameters/3ob-3-1/C-C.skf
  /home/andersx/parameters/3ob-3-1/C-H.skf
  /home/andersx/parameters/3ob-3-1/H-N.skf
  /home/andersx/parameters/3ob-3-1/H-C.skf
  /home/andersx/parameters/3ob-3-1/H-H.skf
Done.

Starting initialization...
--------------------------------------------------------------------------------
Mode:                        Static calculation
Self consistent charges:     Yes
SCC-tolerance:                 0.100000E-05
Max. scc iterations:                    100
Ewald alpha parameter:         0.000000E+00
Spin polarisation:           No
Nr. of up electrons:            20.000000
Nr. of down electrons:          20.000000
Periodic boundaries:         No
Diagonalizer:                Divide and Conquer
Mixer:                       Anderson mixer
Mixing parameter:                  0.200000
Maximal SCC-cycles:                     100
Nr. of chrg. vectors to mix:              8
Electronic temperature:        0.100000E-07
Initial charges:             Set automatically (system chrg:   0.000E+00)
Included shells:              N:  s, p
                              C:  s, p
                              H:  s
Full 3rd order correction    Yes
Damped SCC                   Yes
Damped specie(s):            H                                                 
Extra options:
--------------------------------------------------------------------------------
 

********************************************************************************
** Geometry step: 0
********************************************************************************

  iSCC Total electronic   Diff electronic      SCC error    
    1   -0.17166682E+02    0.00000000E+00    0.58077628E+00
    2   -0.17166827E+02   -0.14424139E-03    0.57399250E+00
    3   -0.17170339E+02   -0.35125086E-02    0.80177365E-01
    4   -0.17170217E+02    0.12255538E-03    0.83838741E-01
    5   -0.17170162E+02    0.54312997E-04    0.15382438E+00
    6   -0.17170555E+02   -0.39273689E-03    0.21371079E-01
    7   -0.17170550E+02    0.51779436E-05    0.12639330E-01
    8   -0.17170557E+02   -0.67518742E-05    0.14027321E-01
    9   -0.17170559E+02   -0.28299849E-05    0.21849518E-02
   10   -0.17170559E+02   -0.35064929E-07    0.20131407E-02
   11   -0.17170560E+02   -0.11854343E-06    0.37033508E-03
   12   -0.17170560E+02   -0.58193308E-08    0.26210105E-03
   13   -0.17170560E+02   -0.23599043E-08    0.56429263E-04
   14   -0.17170560E+02   -0.11614887E-09    0.33156038E-05
   15   -0.17170560E+02   -0.35527137E-12    0.12068762E-05
   16   -0.17170560E+02   -0.63948846E-13    0.15672909E-06
>> Charges saved for restart in charges.bin
 
 Total Energy:                     -17.0225693971 H
 Total Mermin free energy:         -17.0225693971 H
