================================================================================
==
==   Density Functional based Tight Binding with a lot of extensions (DFTB+)    
==
==                              Release: 1.2 (p2)
==
==                            (ParserVersion = 4)
==
================================================================================


********************************************************************************
** Parsing and initializing
********************************************************************************

Interpreting input file 'dftb_in.hsd'
--------------------------------------------------------------------------------
WARNING!
-> WriteHSDInput and WriteXMLInput both turned off. You won't eventually be 
 able to obtain the same results with a later version of the code!
Path: dftb_in/ParserOptions
Line: 68-71 (File: dftb_in.hsd)

Reading SK-files:
  /home/andersx/parameters/3ob-3-1/C-C.skf
  /home/andersx/parameters/3ob-3-1/C-H.skf
  /home/andersx/parameters/3ob-3-1/H-C.skf
  /home/andersx/parameters/3ob-3-1/H-H.skf
Done.

Starting initialization...
--------------------------------------------------------------------------------
Mode:                        Static calculation
Self consistent charges:     Yes
SCC-tolerance:                 0.100000E-05
Max. scc iterations:                    100
Ewald alpha parameter:         0.000000E+00
Spin polarisation:           No
Nr. of up electrons:            17.000000
Nr. of down electrons:          17.000000
Periodic boundaries:         No
Diagonalizer:                Divide and Conquer
Mixer:                       Anderson mixer
Mixing parameter:                  0.200000
Maximal SCC-cycles:                     100
Nr. of chrg. vectors to mix:              8
Electronic temperature:        0.100000E-07
Initial charges:             Set automatically (system chrg:   0.000E+00)
Included shells:              C:  s, p
                              H:  s
Full 3rd order correction    Yes
Damped SCC                   Yes
Damped specie(s):            H                                                 
Extra options:
--------------------------------------------------------------------------------
 

********************************************************************************
** Geometry step: 0
********************************************************************************

  iSCC Total electronic   Diff electronic      SCC error    
    1   -0.13981829E+02    0.00000000E+00    0.32256767E+00
    2   -0.13981849E+02   -0.19801741E-04    0.31903959E+00
    3   -0.13982274E+02   -0.42520695E-03    0.54888780E-01
    4   -0.13982216E+02    0.57740248E-04    0.54497294E-01
    5   -0.13982322E+02   -0.10549741E-03    0.62898656E-01
    6   -0.13982431E+02   -0.10931666E-03    0.16338578E-01
    7   -0.13982425E+02    0.62909004E-05    0.34116445E-01
    8   -0.13982430E+02   -0.56544195E-05    0.23117558E-01
    9   -0.13982436E+02   -0.60695470E-05    0.25176769E-02
   10   -0.13982436E+02   -0.27218512E-08    0.15383992E-02
   11   -0.13982436E+02   -0.69380768E-08    0.10301079E-03
   12   -0.13982436E+02   -0.58598459E-10    0.19792391E-04
   13   -0.13982436E+02   -0.24801494E-10    0.92531485E-06
>> Charges saved for restart in charges.bin
 
 Total Energy:                     -14.0079219404 H
 Total Mermin free energy:         -14.0079219404 H
