================================================================================
==
==   Density Functional based Tight Binding with a lot of extensions (DFTB+)    
==
==                              Release: 1.2 (p2)
==
==                            (ParserVersion = 4)
==
================================================================================


********************************************************************************
** Parsing and initializing
********************************************************************************

Interpreting input file 'dftb_in.hsd'
--------------------------------------------------------------------------------
WARNING!
-> WriteHSDInput and WriteXMLInput both turned off. You won't eventually be 
 able to obtain the same results with a later version of the code!
Path: dftb_in/ParserOptions
Line: 75-78 (File: dftb_in.hsd)

Reading SK-files:
  /home/andersx/parameters/3ob-3-1/N-N.skf
  /home/andersx/parameters/3ob-3-1/N-C.skf
  /home/andersx/parameters/3ob-3-1/N-H.skf
  /home/andersx/parameters/3ob-3-1/C-N.skf
  /home/andersx/parameters/3ob-3-1/C-C.skf
  /home/andersx/parameters/3ob-3-1/C-H.skf
  /home/andersx/parameters/3ob-3-1/H-N.skf
  /home/andersx/parameters/3ob-3-1/H-C.skf
  /home/andersx/parameters/3ob-3-1/H-H.skf
Done.

Starting initialization...
--------------------------------------------------------------------------------
Mode:                        Static calculation
Self consistent charges:     Yes
SCC-tolerance:                 0.100000E-05
Max. scc iterations:                    100
Ewald alpha parameter:         0.000000E+00
Spin polarisation:           No
Nr. of up electrons:            19.000000
Nr. of down electrons:          19.000000
Periodic boundaries:         No
Diagonalizer:                Divide and Conquer
Mixer:                       Anderson mixer
Mixing parameter:                  0.200000
Maximal SCC-cycles:                     100
Nr. of chrg. vectors to mix:              8
Electronic temperature:        0.100000E-07
Initial charges:             Set automatically (system chrg:   0.000E+00)
Included shells:              N:  s, p
                              C:  s, p
                              H:  s
Full 3rd order correction    Yes
Damped SCC                   Yes
Damped specie(s):            H                                                 
Extra options:
--------------------------------------------------------------------------------
 

********************************************************************************
** Geometry step: 0
********************************************************************************

  iSCC Total electronic   Diff electronic      SCC error    
    1   -0.16124269E+02    0.00000000E+00    0.57882906E+00
    2   -0.16124310E+02   -0.40790445E-04    0.57206083E+00
    3   -0.16125368E+02   -0.10582208E-02    0.45423891E-01
    4   -0.16125327E+02    0.41306297E-04    0.40446095E-01
    5   -0.16125357E+02   -0.30188398E-04    0.33225482E-01
    6   -0.16125475E+02   -0.11768365E-03    0.11681857E-01
    7   -0.16125476E+02   -0.12299058E-05    0.20487843E-01
    8   -0.16125479E+02   -0.30081981E-05    0.86862679E-02
    9   -0.16125479E+02    0.15869010E-06    0.31250083E-02
   10   -0.16125479E+02   -0.64901396E-07    0.26552922E-02
   11   -0.16125479E+02   -0.16831450E-06    0.41314968E-03
   12   -0.16125479E+02   -0.16013999E-07    0.22899360E-03
   13   -0.16125479E+02   -0.63496124E-08    0.40731700E-04
   14   -0.16125479E+02   -0.22716051E-10    0.13860797E-04
   15   -0.16125479E+02   -0.11297629E-11    0.12649663E-05
   16   -0.16125479E+02   -0.81712415E-13    0.23310284E-06
>> Charges saved for restart in charges.bin
 
 Total Energy:                     -15.9609581524 H
 Total Mermin free energy:         -15.9609581524 H
