================================================================================
==
==   Density Functional based Tight Binding with a lot of extensions (DFTB+)    
==
==                              Release: 1.2 (p2)
==
==                            (ParserVersion = 4)
==
================================================================================


********************************************************************************
** Parsing and initializing
********************************************************************************

Interpreting input file 'dftb_in.hsd'
--------------------------------------------------------------------------------
WARNING!
-> WriteHSDInput and WriteXMLInput both turned off. You won't eventually be 
 able to obtain the same results with a later version of the code!
Path: dftb_in/ParserOptions
Line: 77-80 (File: dftb_in.hsd)

Reading SK-files:
  /home/andersx/parameters/3ob-3-1/N-N.skf
  /home/andersx/parameters/3ob-3-1/N-C.skf
  /home/andersx/parameters/3ob-3-1/N-H.skf
  /home/andersx/parameters/3ob-3-1/C-N.skf
  /home/andersx/parameters/3ob-3-1/C-C.skf
  /home/andersx/parameters/3ob-3-1/C-H.skf
  /home/andersx/parameters/3ob-3-1/H-N.skf
  /home/andersx/parameters/3ob-3-1/H-C.skf
  /home/andersx/parameters/3ob-3-1/H-H.skf
Done.

Starting initialization...
--------------------------------------------------------------------------------
Mode:                        Static calculation
Self consistent charges:     Yes
SCC-tolerance:                 0.100000E-05
Max. scc iterations:                    100
Ewald alpha parameter:         0.000000E+00
Spin polarisation:           No
Nr. of up electrons:            20.000000
Nr. of down electrons:          20.000000
Periodic boundaries:         No
Diagonalizer:                Divide and Conquer
Mixer:                       Anderson mixer
Mixing parameter:                  0.200000
Maximal SCC-cycles:                     100
Nr. of chrg. vectors to mix:              8
Electronic temperature:        0.100000E-07
Initial charges:             Set automatically (system chrg:   0.000E+00)
Included shells:              N:  s, p
                              C:  s, p
                              H:  s
Full 3rd order correction    Yes
Damped SCC                   Yes
Damped specie(s):            H                                                 
Extra options:
--------------------------------------------------------------------------------
 

********************************************************************************
** Geometry step: 0
********************************************************************************

  iSCC Total electronic   Diff electronic      SCC error    
    1   -0.16789549E+02    0.00000000E+00    0.57851972E+00
    2   -0.16789579E+02   -0.30038507E-04    0.57163995E+00
    3   -0.16790405E+02   -0.82660805E-03    0.46480708E-01
    4   -0.16790393E+02    0.12065930E-04    0.43389175E-01
    5   -0.16790392E+02    0.12669433E-05    0.38315636E-01
    6   -0.16790423E+02   -0.31192929E-04    0.45909700E-02
    7   -0.16790423E+02   -0.27994602E-06    0.18267220E-02
    8   -0.16790424E+02   -0.54991710E-06    0.12737802E-02
    9   -0.16790424E+02   -0.35296175E-08    0.56705409E-03
   10   -0.16790424E+02   -0.13708480E-07    0.23124938E-03
   11   -0.16790424E+02   -0.33090686E-09    0.37450164E-04
   12   -0.16790424E+02   -0.11229417E-09    0.38359993E-05
   13   -0.16790424E+02   -0.11723955E-12    0.42511631E-06
>> Charges saved for restart in charges.bin
 
 Total Energy:                     -16.7594930481 H
 Total Mermin free energy:         -16.7594930481 H
