================================================================================
==
==   Density Functional based Tight Binding with a lot of extensions (DFTB+)    
==
==                              Release: 1.2 (p2)
==
==                            (ParserVersion = 4)
==
================================================================================


********************************************************************************
** Parsing and initializing
********************************************************************************

Interpreting input file 'dftb_in.hsd'
--------------------------------------------------------------------------------
WARNING!
-> WriteHSDInput and WriteXMLInput both turned off. You won't eventually be 
 able to obtain the same results with a later version of the code!
Path: dftb_in/ParserOptions
Line: 77-80 (File: dftb_in.hsd)

Reading SK-files:
  /home/andersx/parameters/3ob-3-1/N-N.skf
  /home/andersx/parameters/3ob-3-1/N-C.skf
  /home/andersx/parameters/3ob-3-1/N-H.skf
  /home/andersx/parameters/3ob-3-1/C-N.skf
  /home/andersx/parameters/3ob-3-1/C-C.skf
  /home/andersx/parameters/3ob-3-1/C-H.skf
  /home/andersx/parameters/3ob-3-1/H-N.skf
  /home/andersx/parameters/3ob-3-1/H-C.skf
  /home/andersx/parameters/3ob-3-1/H-H.skf
Done.

Starting initialization...
--------------------------------------------------------------------------------
Mode:                        Static calculation
Self consistent charges:     Yes
SCC-tolerance:                 0.100000E-05
Max. scc iterations:                    100
Ewald alpha parameter:         0.000000E+00
Spin polarisation:           No
Nr. of up electrons:            20.000000
Nr. of down electrons:          20.000000
Periodic boundaries:         No
Diagonalizer:                Divide and Conquer
Mixer:                       Anderson mixer
Mixing parameter:                  0.200000
Maximal SCC-cycles:                     100
Nr. of chrg. vectors to mix:              8
Electronic temperature:        0.100000E-07
Initial charges:             Set automatically (system chrg:   0.000E+00)
Included shells:              N:  s, p
                              C:  s, p
                              H:  s
Full 3rd order correction    Yes
Damped SCC                   Yes
Damped specie(s):            H                                                 
Extra options:
--------------------------------------------------------------------------------
 

********************************************************************************
** Geometry step: 0
********************************************************************************

  iSCC Total electronic   Diff electronic      SCC error    
    1   -0.16791452E+02    0.00000000E+00    0.57523009E+00
    2   -0.16791480E+02   -0.28166176E-04    0.56844278E+00
    3   -0.16792217E+02   -0.73706344E-03    0.35132112E-01
    4   -0.16792199E+02    0.18379122E-04    0.29329275E-01
    5   -0.16792198E+02    0.74598252E-06    0.31202925E-01
    6   -0.16792253E+02   -0.54830818E-04    0.33192673E-02
    7   -0.16792254E+02   -0.76278562E-06    0.24104806E-02
    8   -0.16792255E+02   -0.12453344E-05    0.18934976E-02
    9   -0.16792255E+02   -0.20254902E-07    0.15061427E-02
   10   -0.16792255E+02   -0.20497648E-07    0.68951085E-03
   11   -0.16792255E+02   -0.42115254E-08    0.10839086E-03
   12   -0.16792255E+02   -0.16562254E-08    0.24917358E-04
   13   -0.16792255E+02   -0.19259261E-10    0.78850615E-05
   14   -0.16792255E+02   -0.11546319E-11    0.71668647E-06
>> Charges saved for restart in charges.bin
 
 Total Energy:                     -16.7598366793 H
 Total Mermin free energy:         -16.7598366793 H
