================================================================================
==
==   Density Functional based Tight Binding with a lot of extensions (DFTB+)    
==
==                              Release: 1.2 (p2)
==
==                            (ParserVersion = 4)
==
================================================================================


********************************************************************************
** Parsing and initializing
********************************************************************************

Interpreting input file 'dftb_in.hsd'
--------------------------------------------------------------------------------
WARNING!
-> WriteHSDInput and WriteXMLInput both turned off. You won't eventually be 
 able to obtain the same results with a later version of the code!
Path: dftb_in/ParserOptions
Line: 68-71 (File: dftb_in.hsd)

Reading SK-files:
  /home/andersx/parameters/3ob-3-1/C-C.skf
  /home/andersx/parameters/3ob-3-1/C-H.skf
  /home/andersx/parameters/3ob-3-1/H-C.skf
  /home/andersx/parameters/3ob-3-1/H-H.skf
Done.

Starting initialization...
--------------------------------------------------------------------------------
Mode:                        Static calculation
Self consistent charges:     Yes
SCC-tolerance:                 0.100000E-05
Max. scc iterations:                    100
Ewald alpha parameter:         0.000000E+00
Spin polarisation:           No
Nr. of up electrons:            17.000000
Nr. of down electrons:          17.000000
Periodic boundaries:         No
Diagonalizer:                Divide and Conquer
Mixer:                       Anderson mixer
Mixing parameter:                  0.200000
Maximal SCC-cycles:                     100
Nr. of chrg. vectors to mix:              8
Electronic temperature:        0.100000E-07
Initial charges:             Set automatically (system chrg:   0.000E+00)
Included shells:              C:  s, p
                              H:  s
Full 3rd order correction    Yes
Damped SCC                   Yes
Damped specie(s):            H                                                 
Extra options:
--------------------------------------------------------------------------------
 

********************************************************************************
** Geometry step: 0
********************************************************************************

  iSCC Total electronic   Diff electronic      SCC error    
    1   -0.13975726E+02    0.00000000E+00    0.35945729E+00
    2   -0.13975744E+02   -0.18587962E-04    0.35513074E+00
    3   -0.13976288E+02   -0.54366862E-03    0.43547122E-01
    4   -0.13976272E+02    0.16087546E-04    0.42826854E-01
    5   -0.13976272E+02   -0.68528658E-06    0.44510422E-01
    6   -0.13976314E+02   -0.41150884E-04    0.96035269E-02
    7   -0.13976314E+02   -0.65474003E-07    0.85187669E-02
    8   -0.13976317E+02   -0.31734823E-05    0.43914183E-02
    9   -0.13976317E+02   -0.42266171E-07    0.20720625E-02
   10   -0.13976317E+02   -0.56796228E-07    0.74509384E-03
   11   -0.13976317E+02   -0.37083403E-08    0.35264588E-03
   12   -0.13976317E+02   -0.82199012E-08    0.49281375E-04
   13   -0.13976317E+02   -0.15602275E-09    0.25768093E-04
   14   -0.13976317E+02   -0.17230661E-11    0.18070636E-05
   15   -0.13976317E+02   -0.44408921E-13    0.29282800E-06
>> Charges saved for restart in charges.bin
 
 Total Energy:                     -13.9991278814 H
 Total Mermin free energy:         -13.9991278814 H
