================================================================================
==
==   Density Functional based Tight Binding with a lot of extensions (DFTB+)    
==
==                              Release: 1.2 (p2)
==
==                            (ParserVersion = 4)
==
================================================================================


********************************************************************************
** Parsing and initializing
********************************************************************************

Interpreting input file 'dftb_in.hsd'
--------------------------------------------------------------------------------
WARNING!
-> WriteHSDInput and WriteXMLInput both turned off. You won't eventually be 
 able to obtain the same results with a later version of the code!
Path: dftb_in/ParserOptions
Line: 75-78 (File: dftb_in.hsd)

Reading SK-files:
  /home/andersx/parameters/3ob-3-1/N-N.skf
  /home/andersx/parameters/3ob-3-1/N-C.skf
  /home/andersx/parameters/3ob-3-1/N-H.skf
  /home/andersx/parameters/3ob-3-1/C-N.skf
  /home/andersx/parameters/3ob-3-1/C-C.skf
  /home/andersx/parameters/3ob-3-1/C-H.skf
  /home/andersx/parameters/3ob-3-1/H-N.skf
  /home/andersx/parameters/3ob-3-1/H-C.skf
  /home/andersx/parameters/3ob-3-1/H-H.skf
Done.

Starting initialization...
--------------------------------------------------------------------------------
Mode:                        Static calculation
Self consistent charges:     Yes
SCC-tolerance:                 0.100000E-05
Max. scc iterations:                    100
Ewald alpha parameter:         0.000000E+00
Spin polarisation:           No
Nr. of up electrons:            19.000000
Nr. of down electrons:          19.000000
Periodic boundaries:         No
Diagonalizer:                Divide and Conquer
Mixer:                       Anderson mixer
Mixing parameter:                  0.200000
Maximal SCC-cycles:                     100
Nr. of chrg. vectors to mix:              8
Electronic temperature:        0.100000E-07
Initial charges:             Set automatically (system chrg:   0.000E+00)
Included shells:              N:  s, p
                              C:  s, p
                              H:  s
Full 3rd order correction    Yes
Damped SCC                   Yes
Damped specie(s):            H                                                 
Extra options:
--------------------------------------------------------------------------------
 

********************************************************************************
** Geometry step: 0
********************************************************************************

  iSCC Total electronic   Diff electronic      SCC error    
    1   -0.16134112E+02    0.00000000E+00    0.59477808E+00
    2   -0.16134178E+02   -0.65974074E-04    0.58771362E+00
    3   -0.16135880E+02   -0.17022272E-02    0.60923366E-01
    4   -0.16135824E+02    0.56710527E-04    0.46942166E-01
    5   -0.16135872E+02   -0.47902484E-04    0.42245833E-01
    6   -0.16136047E+02   -0.17523410E-03    0.31013460E-01
    7   -0.16136052E+02   -0.48197840E-05    0.46203301E-01
    8   -0.16136055E+02   -0.32869810E-05    0.11578022E-01
    9   -0.16136055E+02    0.15310389E-06    0.13855396E-02
   10   -0.16136055E+02   -0.10090813E-06    0.99965311E-03
   11   -0.16136055E+02   -0.18384740E-06    0.13482184E-03
   12   -0.16136055E+02   -0.37967247E-08    0.86831173E-04
   13   -0.16136055E+02   -0.58895466E-09    0.75288364E-05
   14   -0.16136055E+02   -0.72795103E-11    0.28022452E-05
   15   -0.16136055E+02   -0.58264504E-12    0.42723380E-06
>> Charges saved for restart in charges.bin
 
 Total Energy:                     -16.0081639638 H
 Total Mermin free energy:         -16.0081639638 H
