================================================================================
==
==   Density Functional based Tight Binding with a lot of extensions (DFTB+)    
==
==                              Release: 1.2 (p2)
==
==                            (ParserVersion = 4)
==
================================================================================


********************************************************************************
** Parsing and initializing
********************************************************************************

Interpreting input file 'dftb_in.hsd'
--------------------------------------------------------------------------------
WARNING!
-> WriteHSDInput and WriteXMLInput both turned off. You won't eventually be 
 able to obtain the same results with a later version of the code!
Path: dftb_in/ParserOptions
Line: 76-79 (File: dftb_in.hsd)

Reading SK-files:
  /home/andersx/parameters/3ob-3-1/N-N.skf
  /home/andersx/parameters/3ob-3-1/N-C.skf
  /home/andersx/parameters/3ob-3-1/N-H.skf
  /home/andersx/parameters/3ob-3-1/C-N.skf
  /home/andersx/parameters/3ob-3-1/C-C.skf
  /home/andersx/parameters/3ob-3-1/C-H.skf
  /home/andersx/parameters/3ob-3-1/H-N.skf
  /home/andersx/parameters/3ob-3-1/H-C.skf
  /home/andersx/parameters/3ob-3-1/H-H.skf
Done.

Starting initialization...
--------------------------------------------------------------------------------
Mode:                        Static calculation
Self consistent charges:     Yes
SCC-tolerance:                 0.100000E-05
Max. scc iterations:                    100
Ewald alpha parameter:         0.000000E+00
Spin polarisation:           No
Nr. of up electrons:            20.000000
Nr. of down electrons:          20.000000
Periodic boundaries:         No
Diagonalizer:                Divide and Conquer
Mixer:                       Anderson mixer
Mixing parameter:                  0.200000
Maximal SCC-cycles:                     100
Nr. of chrg. vectors to mix:              8
Electronic temperature:        0.100000E-07
Initial charges:             Set automatically (system chrg:   0.000E+00)
Included shells:              N:  s, p
                              C:  s, p
                              H:  s
Full 3rd order correction    Yes
Damped SCC                   Yes
Damped specie(s):            H                                                 
Extra options:
--------------------------------------------------------------------------------
 

********************************************************************************
** Geometry step: 0
********************************************************************************

  iSCC Total electronic   Diff electronic      SCC error    
    1   -0.17277749E+02    0.00000000E+00    0.88207411E+00
    2   -0.17278055E+02   -0.30668680E-03    0.86861278E+00
    3   -0.17284332E+02   -0.62768750E-02    0.13402562E+00
    4   -0.17284016E+02    0.31636527E-03    0.11784804E+00
    5   -0.17283663E+02    0.35279387E-03    0.23767763E+00
    6   -0.17284788E+02   -0.11247047E-02    0.79315617E-01
    7   -0.17284898E+02   -0.11014183E-03    0.19850820E-01
    8   -0.17284898E+02   -0.34589746E-07    0.25835899E-01
    9   -0.17284915E+02   -0.16959981E-04    0.20782637E-02
   10   -0.17284915E+02   -0.37228848E-07    0.15443283E-02
   11   -0.17284915E+02   -0.11867529E-06    0.15652241E-03
   12   -0.17284915E+02   -0.97433883E-09    0.24745981E-03
   13   -0.17284915E+02   -0.11666970E-08    0.33679616E-04
   14   -0.17284915E+02   -0.25170976E-10    0.17273496E-04
   15   -0.17284915E+02   -0.19149127E-11    0.77119659E-06
>> Charges saved for restart in charges.bin
 
 Total Energy:                     -17.1214418652 H
 Total Mermin free energy:         -17.1214418652 H
