================================================================================
==
==   Density Functional based Tight Binding with a lot of extensions (DFTB+)    
==
==                              Release: 1.2 (p2)
==
==                            (ParserVersion = 4)
==
================================================================================


********************************************************************************
** Parsing and initializing
********************************************************************************

Interpreting input file 'dftb_in.hsd'
--------------------------------------------------------------------------------
WARNING!
-> WriteHSDInput and WriteXMLInput both turned off. You won't eventually be 
 able to obtain the same results with a later version of the code!
Path: dftb_in/ParserOptions
Line: 72-75 (File: dftb_in.hsd)

Reading SK-files:
  /home/andersx/parameters/3ob-3-1/N-N.skf
  /home/andersx/parameters/3ob-3-1/N-C.skf
  /home/andersx/parameters/3ob-3-1/N-H.skf
  /home/andersx/parameters/3ob-3-1/C-N.skf
  /home/andersx/parameters/3ob-3-1/C-C.skf
  /home/andersx/parameters/3ob-3-1/C-H.skf
  /home/andersx/parameters/3ob-3-1/H-N.skf
  /home/andersx/parameters/3ob-3-1/H-C.skf
  /home/andersx/parameters/3ob-3-1/H-H.skf
Done.

Starting initialization...
--------------------------------------------------------------------------------
Mode:                        Static calculation
Self consistent charges:     Yes
SCC-tolerance:                 0.100000E-05
Max. scc iterations:                    100
Ewald alpha parameter:         0.000000E+00
Spin polarisation:           No
Nr. of up electrons:            18.000000
Nr. of down electrons:          18.000000
Periodic boundaries:         No
Diagonalizer:                Divide and Conquer
Mixer:                       Anderson mixer
Mixing parameter:                  0.200000
Maximal SCC-cycles:                     100
Nr. of chrg. vectors to mix:              8
Electronic temperature:        0.100000E-07
Initial charges:             Set automatically (system chrg:   0.000E+00)
Included shells:              N:  s, p
                              C:  s, p
                              H:  s
Full 3rd order correction    Yes
Damped SCC                   Yes
Damped specie(s):            H                                                 
Extra options:
--------------------------------------------------------------------------------
 

********************************************************************************
** Geometry step: 0
********************************************************************************

  iSCC Total electronic   Diff electronic      SCC error    
    1   -0.15937745E+02    0.00000000E+00    0.44202558E+00
    2   -0.15938210E+02   -0.46479296E-03    0.43377904E+00
    3   -0.15946683E+02   -0.84729523E-02    0.19600383E+00
    4   -0.15946407E+02    0.27537169E-03    0.18721157E+00
    5   -0.15948761E+02   -0.23535885E-02    0.43497842E-01
    6   -0.15948764E+02   -0.28226819E-05    0.32152058E-01
    7   -0.15948809E+02   -0.45684850E-04    0.25354200E-01
    8   -0.15948842E+02   -0.32930182E-04    0.42617974E-02
    9   -0.15948843E+02   -0.19711841E-06    0.41065165E-02
   10   -0.15948843E+02   -0.91779707E-07    0.21728221E-02
   11   -0.15948843E+02   -0.59401447E-07    0.94359082E-03
   12   -0.15948843E+02   -0.10306990E-06    0.32417115E-03
   13   -0.15948843E+02   -0.16776612E-07    0.14027713E-03
   14   -0.15948843E+02   -0.16382860E-08    0.40963620E-04
   15   -0.15948843E+02   -0.15861090E-10    0.15760637E-05
   16   -0.15948843E+02   -0.90594199E-13    0.36398449E-06
>> Charges saved for restart in charges.bin
 
 Total Energy:                     -15.5874460851 H
 Total Mermin free energy:         -15.5874460851 H
