================================================================================
==
==   Density Functional based Tight Binding with a lot of extensions (DFTB+)    
==
==                              Release: 1.2 (p2)
==
==                            (ParserVersion = 4)
==
================================================================================


********************************************************************************
** Parsing and initializing
********************************************************************************

Interpreting input file 'dftb_in.hsd'
--------------------------------------------------------------------------------
WARNING!
-> WriteHSDInput and WriteXMLInput both turned off. You won't eventually be 
 able to obtain the same results with a later version of the code!
Path: dftb_in/ParserOptions
Line: 78-81 (File: dftb_in.hsd)

Reading SK-files:
  /home/andersx/parameters/3ob-3-1/N-N.skf
  /home/andersx/parameters/3ob-3-1/N-C.skf
  /home/andersx/parameters/3ob-3-1/N-H.skf
  /home/andersx/parameters/3ob-3-1/C-N.skf
  /home/andersx/parameters/3ob-3-1/C-C.skf
  /home/andersx/parameters/3ob-3-1/C-H.skf
  /home/andersx/parameters/3ob-3-1/H-N.skf
  /home/andersx/parameters/3ob-3-1/H-C.skf
  /home/andersx/parameters/3ob-3-1/H-H.skf
Done.

Starting initialization...
--------------------------------------------------------------------------------
Mode:                        Static calculation
Self consistent charges:     Yes
SCC-tolerance:                 0.100000E-05
Max. scc iterations:                    100
Ewald alpha parameter:         0.000000E+00
Spin polarisation:           No
Nr. of up electrons:            21.000000
Nr. of down electrons:          21.000000
Periodic boundaries:         No
Diagonalizer:                Divide and Conquer
Mixer:                       Anderson mixer
Mixing parameter:                  0.200000
Maximal SCC-cycles:                     100
Nr. of chrg. vectors to mix:              8
Electronic temperature:        0.100000E-07
Initial charges:             Set automatically (system chrg:   0.000E+00)
Included shells:              N:  s, p
                              C:  s, p
                              H:  s
Full 3rd order correction    Yes
Damped SCC                   Yes
Damped specie(s):            H                                                 
Extra options:
--------------------------------------------------------------------------------
 

********************************************************************************
** Geometry step: 0
********************************************************************************

  iSCC Total electronic   Diff electronic      SCC error    
    1   -0.17938835E+02    0.00000000E+00    0.60234623E+00
    2   -0.17938931E+02   -0.95780044E-04    0.59511125E+00
    3   -0.17941477E+02   -0.25463258E-02    0.66278003E-01
    4   -0.17941429E+02    0.48581676E-04    0.36555595E-01
    5   -0.17941425E+02    0.38966192E-05    0.49240596E-01
    6   -0.17941558E+02   -0.13324145E-03    0.47007344E-02
    7   -0.17941558E+02   -0.75644074E-07    0.59143922E-02
    8   -0.17941560E+02   -0.21751675E-05    0.93409377E-02
    9   -0.17941561E+02   -0.53649294E-06    0.76489397E-03
   10   -0.17941561E+02   -0.47182205E-08    0.86275773E-03
   11   -0.17941561E+02   -0.23493453E-07    0.14288620E-03
   12   -0.17941561E+02   -0.70413009E-09    0.80435460E-04
   13   -0.17941561E+02   -0.33667291E-09    0.71493785E-05
   14   -0.17941561E+02   -0.13358203E-11    0.15552526E-05
   15   -0.17941561E+02   -0.39079850E-13    0.11434696E-06
>> Charges saved for restart in charges.bin
 
 Total Energy:                     -17.8645175003 H
 Total Mermin free energy:         -17.8645175003 H
