================================================================================
==
==   Density Functional based Tight Binding with a lot of extensions (DFTB+)    
==
==                              Release: 1.2 (p2)
==
==                            (ParserVersion = 4)
==
================================================================================


********************************************************************************
** Parsing and initializing
********************************************************************************

Interpreting input file 'dftb_in.hsd'
--------------------------------------------------------------------------------
WARNING!
-> WriteHSDInput and WriteXMLInput both turned off. You won't eventually be 
 able to obtain the same results with a later version of the code!
Path: dftb_in/ParserOptions
Line: 76-79 (File: dftb_in.hsd)

Reading SK-files:
  /home/andersx/parameters/3ob-3-1/N-N.skf
  /home/andersx/parameters/3ob-3-1/N-C.skf
  /home/andersx/parameters/3ob-3-1/N-H.skf
  /home/andersx/parameters/3ob-3-1/C-N.skf
  /home/andersx/parameters/3ob-3-1/C-C.skf
  /home/andersx/parameters/3ob-3-1/C-H.skf
  /home/andersx/parameters/3ob-3-1/H-N.skf
  /home/andersx/parameters/3ob-3-1/H-C.skf
  /home/andersx/parameters/3ob-3-1/H-H.skf
Done.

Starting initialization...
--------------------------------------------------------------------------------
Mode:                        Static calculation
Self consistent charges:     Yes
SCC-tolerance:                 0.100000E-05
Max. scc iterations:                    100
Ewald alpha parameter:         0.000000E+00
Spin polarisation:           No
Nr. of up electrons:            20.000000
Nr. of down electrons:          20.000000
Periodic boundaries:         No
Diagonalizer:                Divide and Conquer
Mixer:                       Anderson mixer
Mixing parameter:                  0.200000
Maximal SCC-cycles:                     100
Nr. of chrg. vectors to mix:              8
Electronic temperature:        0.100000E-07
Initial charges:             Set automatically (system chrg:   0.000E+00)
Included shells:              N:  s, p
                              C:  s, p
                              H:  s
Full 3rd order correction    Yes
Damped SCC                   Yes
Damped specie(s):            H                                                 
Extra options:
--------------------------------------------------------------------------------
 

********************************************************************************
** Geometry step: 0
********************************************************************************

  iSCC Total electronic   Diff electronic      SCC error    
    1   -0.17104560E+02    0.00000000E+00    0.59353949E+00
    2   -0.17104820E+02   -0.25964298E-03    0.58642329E+00
    3   -0.17111531E+02   -0.67107396E-02    0.11849614E+00
    4   -0.17111386E+02    0.14520904E-03    0.96501637E-01
    5   -0.17111358E+02    0.27364018E-04    0.12082977E+00
    6   -0.17111762E+02   -0.40394504E-03    0.16114517E-01
    7   -0.17111762E+02    0.72948621E-06    0.15247504E-01
    8   -0.17111778E+02   -0.16589816E-04    0.12143596E-01
    9   -0.17111778E+02   -0.19703169E-06    0.20187772E-02
   10   -0.17111778E+02   -0.20400005E-07    0.21595406E-02
   11   -0.17111778E+02   -0.59086737E-07    0.41814443E-03
   12   -0.17111778E+02   -0.79221003E-08    0.23682948E-03
   13   -0.17111778E+02   -0.21457858E-08    0.34251872E-04
   14   -0.17111778E+02   -0.11675283E-09    0.24735735E-05
   15   -0.17111778E+02   -0.22026825E-12    0.88033426E-06
>> Charges saved for restart in charges.bin
 
 Total Energy:                     -17.0351152013 H
 Total Mermin free energy:         -17.0351152013 H
