================================================================================
==
==   Density Functional based Tight Binding with a lot of extensions (DFTB+)    
==
==                              Release: 1.2 (p2)
==
==                            (ParserVersion = 4)
==
================================================================================


********************************************************************************
** Parsing and initializing
********************************************************************************

Interpreting input file 'dftb_in.hsd'
--------------------------------------------------------------------------------
WARNING!
-> WriteHSDInput and WriteXMLInput both turned off. You won't eventually be 
 able to obtain the same results with a later version of the code!
Path: dftb_in/ParserOptions
Line: 76-79 (File: dftb_in.hsd)

Reading SK-files:
  /home/andersx/parameters/3ob-3-1/N-N.skf
  /home/andersx/parameters/3ob-3-1/N-C.skf
  /home/andersx/parameters/3ob-3-1/N-H.skf
  /home/andersx/parameters/3ob-3-1/C-N.skf
  /home/andersx/parameters/3ob-3-1/C-C.skf
  /home/andersx/parameters/3ob-3-1/C-H.skf
  /home/andersx/parameters/3ob-3-1/H-N.skf
  /home/andersx/parameters/3ob-3-1/H-C.skf
  /home/andersx/parameters/3ob-3-1/H-H.skf
Done.

Starting initialization...
--------------------------------------------------------------------------------
Mode:                        Static calculation
Self consistent charges:     Yes
SCC-tolerance:                 0.100000E-05
Max. scc iterations:                    100
Ewald alpha parameter:         0.000000E+00
Spin polarisation:           No
Nr. of up electrons:            20.000000
Nr. of down electrons:          20.000000
Periodic boundaries:         No
Diagonalizer:                Divide and Conquer
Mixer:                       Anderson mixer
Mixing parameter:                  0.200000
Maximal SCC-cycles:                     100
Nr. of chrg. vectors to mix:              8
Electronic temperature:        0.100000E-07
Initial charges:             Set automatically (system chrg:   0.000E+00)
Included shells:              N:  s, p
                              C:  s, p
                              H:  s
Full 3rd order correction    Yes
Damped SCC                   Yes
Damped specie(s):            H                                                 
Extra options:
--------------------------------------------------------------------------------
 

********************************************************************************
** Geometry step: 0
********************************************************************************

  iSCC Total electronic   Diff electronic      SCC error    
    1   -0.17206230E+02    0.00000000E+00    0.58123862E+00
    2   -0.17206317E+02   -0.87321749E-04    0.57443547E+00
    3   -0.17208641E+02   -0.23242174E-02    0.65397102E-01
    4   -0.17208596E+02    0.45250422E-04    0.52128160E-01
    5   -0.17208570E+02    0.26447152E-04    0.10737726E+00
    6   -0.17208708E+02   -0.13783601E-03    0.15621221E-01
    7   -0.17208708E+02   -0.74106406E-07    0.38276111E-02
    8   -0.17208708E+02   -0.68674256E-06    0.22731692E-02
    9   -0.17208709E+02   -0.45090946E-06    0.99426153E-03
   10   -0.17208709E+02   -0.52395283E-07    0.50660325E-03
   11   -0.17208709E+02   -0.12723550E-07    0.10816328E-03
   12   -0.17208709E+02   -0.54164673E-09    0.18842353E-04
   13   -0.17208709E+02   -0.73789863E-11    0.65197572E-05
   14   -0.17208709E+02   -0.75317530E-12    0.10323015E-05
   15   -0.17208709E+02   -0.31974423E-13    0.15056105E-06
>> Charges saved for restart in charges.bin
 
 Total Energy:                     -17.0416165333 H
 Total Mermin free energy:         -17.0416165333 H
