================================================================================
==
==   Density Functional based Tight Binding with a lot of extensions (DFTB+)    
==
==                              Release: 1.2 (p2)
==
==                            (ParserVersion = 4)
==
================================================================================


********************************************************************************
** Parsing and initializing
********************************************************************************

Interpreting input file 'dftb_in.hsd'
--------------------------------------------------------------------------------
WARNING!
-> WriteHSDInput and WriteXMLInput both turned off. You won't eventually be 
 able to obtain the same results with a later version of the code!
Path: dftb_in/ParserOptions
Line: 76-79 (File: dftb_in.hsd)

Reading SK-files:
  /home/andersx/parameters/3ob-3-1/N-N.skf
  /home/andersx/parameters/3ob-3-1/N-C.skf
  /home/andersx/parameters/3ob-3-1/N-H.skf
  /home/andersx/parameters/3ob-3-1/C-N.skf
  /home/andersx/parameters/3ob-3-1/C-C.skf
  /home/andersx/parameters/3ob-3-1/C-H.skf
  /home/andersx/parameters/3ob-3-1/H-N.skf
  /home/andersx/parameters/3ob-3-1/H-C.skf
  /home/andersx/parameters/3ob-3-1/H-H.skf
Done.

Starting initialization...
--------------------------------------------------------------------------------
Mode:                        Static calculation
Self consistent charges:     Yes
SCC-tolerance:                 0.100000E-05
Max. scc iterations:                    100
Ewald alpha parameter:         0.000000E+00
Spin polarisation:           No
Nr. of up electrons:            20.000000
Nr. of down electrons:          20.000000
Periodic boundaries:         No
Diagonalizer:                Divide and Conquer
Mixer:                       Anderson mixer
Mixing parameter:                  0.200000
Maximal SCC-cycles:                     100
Nr. of chrg. vectors to mix:              8
Electronic temperature:        0.100000E-07
Initial charges:             Set automatically (system chrg:   0.000E+00)
Included shells:              N:  s, p
                              C:  s, p
                              H:  s
Full 3rd order correction    Yes
Damped SCC                   Yes
Damped specie(s):            H                                                 
Extra options:
--------------------------------------------------------------------------------
 

********************************************************************************
** Geometry step: 0
********************************************************************************

  iSCC Total electronic   Diff electronic      SCC error    
    1   -0.17183177E+02    0.00000000E+00    0.59437528E+00
    2   -0.17183280E+02   -0.10329421E-03    0.58725970E+00
    3   -0.17186124E+02   -0.28434895E-02    0.64315438E-01
    4   -0.17186066E+02    0.57543238E-04    0.44278384E-01
    5   -0.17186051E+02    0.15468803E-04    0.70429928E-01
    6   -0.17186211E+02   -0.16037943E-03    0.96836704E-02
    7   -0.17186211E+02   -0.32195354E-06    0.57048124E-02
    8   -0.17186213E+02   -0.16318382E-05    0.44351837E-02
    9   -0.17186214E+02   -0.51932841E-06    0.11504599E-02
   10   -0.17186214E+02   -0.27284777E-07    0.50716526E-03
   11   -0.17186214E+02   -0.14192974E-07    0.80251621E-04
   12   -0.17186214E+02   -0.24126123E-09    0.12727574E-04
   13   -0.17186214E+02   -0.11109336E-10    0.36954121E-05
   14   -0.17186214E+02   -0.67856831E-12    0.50763697E-06
>> Charges saved for restart in charges.bin
 
 Total Energy:                     -17.0558602777 H
 Total Mermin free energy:         -17.0558602777 H
