================================================================================
==
==   Density Functional based Tight Binding with a lot of extensions (DFTB+)    
==
==                              Release: 1.2 (p2)
==
==                            (ParserVersion = 4)
==
================================================================================


********************************************************************************
** Parsing and initializing
********************************************************************************

Interpreting input file 'dftb_in.hsd'
--------------------------------------------------------------------------------
WARNING!
-> WriteHSDInput and WriteXMLInput both turned off. You won't eventually be 
 able to obtain the same results with a later version of the code!
Path: dftb_in/ParserOptions
Line: 78-81 (File: dftb_in.hsd)

Reading SK-files:
  /home/andersx/parameters/3ob-3-1/N-N.skf
  /home/andersx/parameters/3ob-3-1/N-C.skf
  /home/andersx/parameters/3ob-3-1/N-H.skf
  /home/andersx/parameters/3ob-3-1/C-N.skf
  /home/andersx/parameters/3ob-3-1/C-C.skf
  /home/andersx/parameters/3ob-3-1/C-H.skf
  /home/andersx/parameters/3ob-3-1/H-N.skf
  /home/andersx/parameters/3ob-3-1/H-C.skf
  /home/andersx/parameters/3ob-3-1/H-H.skf
Done.

Starting initialization...
--------------------------------------------------------------------------------
Mode:                        Static calculation
Self consistent charges:     Yes
SCC-tolerance:                 0.100000E-05
Max. scc iterations:                    100
Ewald alpha parameter:         0.000000E+00
Spin polarisation:           No
Nr. of up electrons:            21.000000
Nr. of down electrons:          21.000000
Periodic boundaries:         No
Diagonalizer:                Divide and Conquer
Mixer:                       Anderson mixer
Mixing parameter:                  0.200000
Maximal SCC-cycles:                     100
Nr. of chrg. vectors to mix:              8
Electronic temperature:        0.100000E-07
Initial charges:             Set automatically (system chrg:   0.000E+00)
Included shells:              N:  s, p
                              C:  s, p
                              H:  s
Full 3rd order correction    Yes
Damped SCC                   Yes
Damped specie(s):            H                                                 
Extra options:
--------------------------------------------------------------------------------
 

********************************************************************************
** Geometry step: 0
********************************************************************************

  iSCC Total electronic   Diff electronic      SCC error    
    1   -0.17941658E+02    0.00000000E+00    0.59048931E+00
    2   -0.17941714E+02   -0.56114658E-04    0.58334944E+00
    3   -0.17943167E+02   -0.14537439E-02    0.39603619E-01
    4   -0.17943146E+02    0.21239794E-04    0.28142290E-01
    5   -0.17943146E+02    0.19015821E-06    0.28356159E-01
    6   -0.17943205E+02   -0.59014549E-04    0.50347677E-02
    7   -0.17943205E+02    0.66708349E-07    0.74193965E-02
    8   -0.17943206E+02   -0.12692364E-05    0.57968107E-02
    9   -0.17943206E+02   -0.54857594E-07    0.12297797E-02
   10   -0.17943206E+02   -0.34448746E-08    0.10639513E-02
   11   -0.17943206E+02   -0.11805792E-07    0.12950544E-03
   12   -0.17943206E+02   -0.36752787E-08    0.67503904E-04
   13   -0.17943206E+02   -0.15777140E-08    0.13286498E-04
   14   -0.17943206E+02   -0.85726981E-11    0.22488852E-05
   15   -0.17943206E+02   -0.13145041E-12    0.40537393E-06
>> Charges saved for restart in charges.bin
 
 Total Energy:                     -17.8349689705 H
 Total Mermin free energy:         -17.8349689705 H
