================================================================================
==
==   Density Functional based Tight Binding with a lot of extensions (DFTB+)    
==
==                              Release: 1.2 (p2)
==
==                            (ParserVersion = 4)
==
================================================================================


********************************************************************************
** Parsing and initializing
********************************************************************************

Interpreting input file 'dftb_in.hsd'
--------------------------------------------------------------------------------
WARNING!
-> WriteHSDInput and WriteXMLInput both turned off. You won't eventually be 
 able to obtain the same results with a later version of the code!
Path: dftb_in/ParserOptions
Line: 75-78 (File: dftb_in.hsd)

Reading SK-files:
  /home/andersx/parameters/3ob-3-1/N-N.skf
  /home/andersx/parameters/3ob-3-1/N-C.skf
  /home/andersx/parameters/3ob-3-1/N-H.skf
  /home/andersx/parameters/3ob-3-1/C-N.skf
  /home/andersx/parameters/3ob-3-1/C-C.skf
  /home/andersx/parameters/3ob-3-1/C-H.skf
  /home/andersx/parameters/3ob-3-1/H-N.skf
  /home/andersx/parameters/3ob-3-1/H-C.skf
  /home/andersx/parameters/3ob-3-1/H-H.skf
Done.

Starting initialization...
--------------------------------------------------------------------------------
Mode:                        Static calculation
Self consistent charges:     Yes
SCC-tolerance:                 0.100000E-05
Max. scc iterations:                    100
Ewald alpha parameter:         0.000000E+00
Spin polarisation:           No
Nr. of up electrons:            19.000000
Nr. of down electrons:          19.000000
Periodic boundaries:         No
Diagonalizer:                Divide and Conquer
Mixer:                       Anderson mixer
Mixing parameter:                  0.200000
Maximal SCC-cycles:                     100
Nr. of chrg. vectors to mix:              8
Electronic temperature:        0.100000E-07
Initial charges:             Set automatically (system chrg:   0.000E+00)
Included shells:              N:  s, p
                              C:  s, p
                              H:  s
Full 3rd order correction    Yes
Damped SCC                   Yes
Damped specie(s):            H                                                 
Extra options:
--------------------------------------------------------------------------------
 

********************************************************************************
** Geometry step: 0
********************************************************************************

  iSCC Total electronic   Diff electronic      SCC error    
    1   -0.16161324E+02    0.00000000E+00    0.59833172E+00
    2   -0.16161886E+02   -0.56188396E-03    0.58594051E+00
    3   -0.16174193E+02   -0.12307395E-01    0.74508448E-01
    4   -0.16174155E+02    0.37816942E-04    0.71523981E-01
    5   -0.16174275E+02   -0.12012681E-03    0.49558027E-01
    6   -0.16174350E+02   -0.74290750E-04    0.15817898E-01
    7   -0.16174347E+02    0.25333282E-05    0.14978738E-01
    8   -0.16174354E+02   -0.73669595E-05    0.82965941E-03
    9   -0.16174354E+02    0.33676915E-07    0.13715147E-02
   10   -0.16174354E+02   -0.91620077E-07    0.36946289E-03
   11   -0.16174354E+02   -0.36585632E-08    0.43705031E-04
   12   -0.16174354E+02   -0.25046276E-09    0.13826037E-04
   13   -0.16174354E+02   -0.79545259E-11    0.32528071E-05
   14   -0.16174354E+02   -0.43698378E-12    0.17090456E-06
>> Charges saved for restart in charges.bin
 
 Total Energy:                     -16.0629875070 H
 Total Mermin free energy:         -16.0629875070 H
