================================================================================
==
==   Density Functional based Tight Binding with a lot of extensions (DFTB+)    
==
==                              Release: 1.2 (p2)
==
==                            (ParserVersion = 4)
==
================================================================================


********************************************************************************
** Parsing and initializing
********************************************************************************

Interpreting input file 'dftb_in.hsd'
--------------------------------------------------------------------------------
WARNING!
-> WriteHSDInput and WriteXMLInput both turned off. You won't eventually be 
 able to obtain the same results with a later version of the code!
Path: dftb_in/ParserOptions
Line: 75-78 (File: dftb_in.hsd)

Reading SK-files:
  /home/andersx/parameters/3ob-3-1/N-N.skf
  /home/andersx/parameters/3ob-3-1/N-C.skf
  /home/andersx/parameters/3ob-3-1/N-H.skf
  /home/andersx/parameters/3ob-3-1/C-N.skf
  /home/andersx/parameters/3ob-3-1/C-C.skf
  /home/andersx/parameters/3ob-3-1/C-H.skf
  /home/andersx/parameters/3ob-3-1/H-N.skf
  /home/andersx/parameters/3ob-3-1/H-C.skf
  /home/andersx/parameters/3ob-3-1/H-H.skf
Done.

Starting initialization...
--------------------------------------------------------------------------------
Mode:                        Static calculation
Self consistent charges:     Yes
SCC-tolerance:                 0.100000E-05
Max. scc iterations:                    100
Ewald alpha parameter:         0.000000E+00
Spin polarisation:           No
Nr. of up electrons:            19.000000
Nr. of down electrons:          19.000000
Periodic boundaries:         No
Diagonalizer:                Divide and Conquer
Mixer:                       Anderson mixer
Mixing parameter:                  0.200000
Maximal SCC-cycles:                     100
Nr. of chrg. vectors to mix:              8
Electronic temperature:        0.100000E-07
Initial charges:             Set automatically (system chrg:   0.000E+00)
Included shells:              N:  s, p
                              C:  s, p
                              H:  s
Full 3rd order correction    Yes
Damped SCC                   Yes
Damped specie(s):            H                                                 
Extra options:
--------------------------------------------------------------------------------
 

********************************************************************************
** Geometry step: 0
********************************************************************************

  iSCC Total electronic   Diff electronic      SCC error    
    1   -0.16129150E+02    0.00000000E+00    0.58474149E+00
    2   -0.16129239E+02   -0.88673967E-04    0.57773979E+00
    3   -0.16131327E+02   -0.20883553E-02    0.71687988E-01
    4   -0.16131230E+02    0.96915535E-04    0.75940590E-01
    5   -0.16131580E+02   -0.34959043E-03    0.65576106E-01
    6   -0.16131680E+02   -0.99929514E-04    0.15614914E-01
    7   -0.16131688E+02   -0.78123446E-05    0.35658266E-01
    8   -0.16131690E+02   -0.18690538E-05    0.11017562E-01
    9   -0.16131690E+02    0.19593390E-07    0.18758069E-02
   10   -0.16131690E+02   -0.76367172E-07    0.15036907E-02
   11   -0.16131690E+02   -0.14307251E-06    0.32952678E-03
   12   -0.16131690E+02   -0.75650455E-08    0.19397600E-03
   13   -0.16131690E+02   -0.19207107E-08    0.42022908E-04
   14   -0.16131690E+02   -0.81595175E-10    0.36000020E-05
   15   -0.16131690E+02   -0.58264504E-12    0.66005948E-06
>> Charges saved for restart in charges.bin
 
 Total Energy:                     -16.0101834872 H
 Total Mermin free energy:         -16.0101834872 H
