================================================================================
==
==   Density Functional based Tight Binding with a lot of extensions (DFTB+)    
==
==                              Release: 1.2 (p2)
==
==                            (ParserVersion = 4)
==
================================================================================


********************************************************************************
** Parsing and initializing
********************************************************************************

Interpreting input file 'dftb_in.hsd'
--------------------------------------------------------------------------------
WARNING!
-> WriteHSDInput and WriteXMLInput both turned off. You won't eventually be 
 able to obtain the same results with a later version of the code!
Path: dftb_in/ParserOptions
Line: 77-80 (File: dftb_in.hsd)

Reading SK-files:
  /home/andersx/parameters/3ob-3-1/N-N.skf
  /home/andersx/parameters/3ob-3-1/N-C.skf
  /home/andersx/parameters/3ob-3-1/N-H.skf
  /home/andersx/parameters/3ob-3-1/C-N.skf
  /home/andersx/parameters/3ob-3-1/C-C.skf
  /home/andersx/parameters/3ob-3-1/C-H.skf
  /home/andersx/parameters/3ob-3-1/H-N.skf
  /home/andersx/parameters/3ob-3-1/H-C.skf
  /home/andersx/parameters/3ob-3-1/H-H.skf
Done.

Starting initialization...
--------------------------------------------------------------------------------
Mode:                        Static calculation
Self consistent charges:     Yes
SCC-tolerance:                 0.100000E-05
Max. scc iterations:                    100
Ewald alpha parameter:         0.000000E+00
Spin polarisation:           No
Nr. of up electrons:            20.000000
Nr. of down electrons:          20.000000
Periodic boundaries:         No
Diagonalizer:                Divide and Conquer
Mixer:                       Anderson mixer
Mixing parameter:                  0.200000
Maximal SCC-cycles:                     100
Nr. of chrg. vectors to mix:              8
Electronic temperature:        0.100000E-07
Initial charges:             Set automatically (system chrg:   0.000E+00)
Included shells:              N:  s, p
                              C:  s, p
                              H:  s
Full 3rd order correction    Yes
Damped SCC                   Yes
Damped specie(s):            H                                                 
Extra options:
--------------------------------------------------------------------------------
 

********************************************************************************
** Geometry step: 0
********************************************************************************

  iSCC Total electronic   Diff electronic      SCC error    
    1   -0.16817257E+02    0.00000000E+00    0.59069632E+00
    2   -0.16817317E+02   -0.59324451E-04    0.58352926E+00
    3   -0.16819010E+02   -0.16928647E-02    0.54459118E-01
    4   -0.16818988E+02    0.21914159E-04    0.30764847E-01
    5   -0.16818987E+02    0.68707003E-06    0.29906976E-01
    6   -0.16819044E+02   -0.56477231E-04    0.66776184E-02
    7   -0.16819044E+02   -0.18426671E-06    0.11459045E-01
    8   -0.16819046E+02   -0.20210163E-05    0.87607501E-02
    9   -0.16819046E+02   -0.47111278E-07    0.31151373E-02
   10   -0.16819046E+02   -0.29432549E-07    0.24033922E-02
   11   -0.16819046E+02   -0.58180618E-07    0.31872157E-03
   12   -0.16819046E+02   -0.57889302E-08    0.18433485E-03
   13   -0.16819046E+02   -0.25796716E-08    0.13846991E-04
   14   -0.16819046E+02   -0.49364957E-10    0.22898521E-05
   15   -0.16819046E+02   -0.41566750E-12    0.69941517E-06
>> Charges saved for restart in charges.bin
 
 Total Energy:                     -16.7883771134 H
 Total Mermin free energy:         -16.7883771134 H
