================================================================================
==
==   Density Functional based Tight Binding with a lot of extensions (DFTB+)    
==
==                              Release: 1.2 (p2)
==
==                            (ParserVersion = 4)
==
================================================================================


********************************************************************************
** Parsing and initializing
********************************************************************************

Interpreting input file 'dftb_in.hsd'
--------------------------------------------------------------------------------
WARNING!
-> WriteHSDInput and WriteXMLInput both turned off. You won't eventually be 
 able to obtain the same results with a later version of the code!
Path: dftb_in/ParserOptions
Line: 71-74 (File: dftb_in.hsd)

Reading SK-files:
  /home/andersx/parameters/3ob-3-1/N-N.skf
  /home/andersx/parameters/3ob-3-1/N-C.skf
  /home/andersx/parameters/3ob-3-1/N-H.skf
  /home/andersx/parameters/3ob-3-1/C-N.skf
  /home/andersx/parameters/3ob-3-1/C-C.skf
  /home/andersx/parameters/3ob-3-1/C-H.skf
  /home/andersx/parameters/3ob-3-1/H-N.skf
  /home/andersx/parameters/3ob-3-1/H-C.skf
  /home/andersx/parameters/3ob-3-1/H-H.skf
Done.

Starting initialization...
--------------------------------------------------------------------------------
Mode:                        Static calculation
Self consistent charges:     Yes
SCC-tolerance:                 0.100000E-05
Max. scc iterations:                    100
Ewald alpha parameter:         0.000000E+00
Spin polarisation:           No
Nr. of up electrons:            18.000000
Nr. of down electrons:          18.000000
Periodic boundaries:         No
Diagonalizer:                Divide and Conquer
Mixer:                       Anderson mixer
Mixing parameter:                  0.200000
Maximal SCC-cycles:                     100
Nr. of chrg. vectors to mix:              8
Electronic temperature:        0.100000E-07
Initial charges:             Set automatically (system chrg:   0.000E+00)
Included shells:              N:  s, p
                              C:  s, p
                              H:  s
Full 3rd order correction    Yes
Damped SCC                   Yes
Damped specie(s):            H                                                 
Extra options:
--------------------------------------------------------------------------------
 

********************************************************************************
** Geometry step: 0
********************************************************************************

  iSCC Total electronic   Diff electronic      SCC error    
    1   -0.16292450E+02    0.00000000E+00    0.59865296E+00
    2   -0.16293314E+02   -0.86330327E-03    0.58595781E+00
    3   -0.16311892E+02   -0.18578026E-01    0.11090170E+00
    4   -0.16311878E+02    0.13173161E-04    0.10672429E+00
    5   -0.16312276E+02   -0.39721776E-03    0.30020549E-01
    6   -0.16312299E+02   -0.23578284E-04    0.21430162E-01
    7   -0.16312265E+02    0.34382258E-04    0.23313158E-01
    8   -0.16312330E+02   -0.64745808E-04    0.37772757E-02
    9   -0.16312329E+02    0.69812795E-06    0.38841274E-02
   10   -0.16312330E+02   -0.11852970E-05    0.16675310E-02
   11   -0.16312330E+02   -0.12498214E-06    0.64084753E-03
   12   -0.16312330E+02   -0.19007572E-07    0.46064563E-04
   13   -0.16312330E+02   -0.62989614E-10    0.21550007E-04
   14   -0.16312330E+02   -0.45581316E-11    0.16023616E-05
   15   -0.16312330E+02   -0.78159701E-13    0.20987492E-06
>> Charges saved for restart in charges.bin
 
 Total Energy:                     -15.8304761884 H
 Total Mermin free energy:         -15.8304761884 H
