================================================================================
==
==   Density Functional based Tight Binding with a lot of extensions (DFTB+)    
==
==                              Release: 1.2 (p2)
==
==                            (ParserVersion = 4)
==
================================================================================


********************************************************************************
** Parsing and initializing
********************************************************************************

Interpreting input file 'dftb_in.hsd'
--------------------------------------------------------------------------------
WARNING!
-> WriteHSDInput and WriteXMLInput both turned off. You won't eventually be 
 able to obtain the same results with a later version of the code!
Path: dftb_in/ParserOptions
Line: 78-81 (File: dftb_in.hsd)

Reading SK-files:
  /home/andersx/parameters/3ob-3-1/N-N.skf
  /home/andersx/parameters/3ob-3-1/N-C.skf
  /home/andersx/parameters/3ob-3-1/N-H.skf
  /home/andersx/parameters/3ob-3-1/C-N.skf
  /home/andersx/parameters/3ob-3-1/C-C.skf
  /home/andersx/parameters/3ob-3-1/C-H.skf
  /home/andersx/parameters/3ob-3-1/H-N.skf
  /home/andersx/parameters/3ob-3-1/H-C.skf
  /home/andersx/parameters/3ob-3-1/H-H.skf
Done.

Starting initialization...
--------------------------------------------------------------------------------
Mode:                        Static calculation
Self consistent charges:     Yes
SCC-tolerance:                 0.100000E-05
Max. scc iterations:                    100
Ewald alpha parameter:         0.000000E+00
Spin polarisation:           No
Nr. of up electrons:            21.000000
Nr. of down electrons:          21.000000
Periodic boundaries:         No
Diagonalizer:                Divide and Conquer
Mixer:                       Anderson mixer
Mixing parameter:                  0.200000
Maximal SCC-cycles:                     100
Nr. of chrg. vectors to mix:              8
Electronic temperature:        0.100000E-07
Initial charges:             Set automatically (system chrg:   0.000E+00)
Included shells:              N:  s, p
                              C:  s, p
                              H:  s
Full 3rd order correction    Yes
Damped SCC                   Yes
Damped specie(s):            H                                                 
Extra options:
--------------------------------------------------------------------------------
 

********************************************************************************
** Geometry step: 0
********************************************************************************

  iSCC Total electronic   Diff electronic      SCC error    
    1   -0.17945042E+02    0.00000000E+00    0.59016679E+00
    2   -0.17945091E+02   -0.49343959E-04    0.58301204E+00
    3   -0.17946327E+02   -0.12356057E-02    0.71818195E-01
    4   -0.17946293E+02    0.33972671E-04    0.64051409E-01
    5   -0.17946296E+02   -0.33821013E-05    0.73762750E-01
    6   -0.17946385E+02   -0.89202159E-04    0.57770341E-02
    7   -0.17946385E+02   -0.63323228E-07    0.56894372E-02
    8   -0.17946388E+02   -0.25365385E-05    0.16424163E-02
    9   -0.17946388E+02   -0.12103310E-07    0.88372010E-03
   10   -0.17946388E+02   -0.33321932E-07    0.57661814E-03
   11   -0.17946388E+02   -0.80262907E-10    0.70016809E-04
   12   -0.17946388E+02   -0.91289465E-09    0.25929730E-04
   13   -0.17946388E+02   -0.58072658E-10    0.54253597E-05
   14   -0.17946388E+02   -0.62883032E-12    0.40026447E-06
>> Charges saved for restart in charges.bin
 
 Total Energy:                     -17.8364302881 H
 Total Mermin free energy:         -17.8364302881 H
