================================================================================
==
==   Density Functional based Tight Binding with a lot of extensions (DFTB+)    
==
==                              Release: 1.2 (p2)
==
==                            (ParserVersion = 4)
==
================================================================================


********************************************************************************
** Parsing and initializing
********************************************************************************

Interpreting input file 'dftb_in.hsd'
--------------------------------------------------------------------------------
WARNING!
-> WriteHSDInput and WriteXMLInput both turned off. You won't eventually be 
 able to obtain the same results with a later version of the code!
Path: dftb_in/ParserOptions
Line: 79-82 (File: dftb_in.hsd)

Reading SK-files:
  /home/andersx/parameters/3ob-3-1/N-N.skf
  /home/andersx/parameters/3ob-3-1/N-C.skf
  /home/andersx/parameters/3ob-3-1/N-H.skf
  /home/andersx/parameters/3ob-3-1/C-N.skf
  /home/andersx/parameters/3ob-3-1/C-C.skf
  /home/andersx/parameters/3ob-3-1/C-H.skf
  /home/andersx/parameters/3ob-3-1/H-N.skf
  /home/andersx/parameters/3ob-3-1/H-C.skf
  /home/andersx/parameters/3ob-3-1/H-H.skf
Done.

Starting initialization...
--------------------------------------------------------------------------------
Mode:                        Static calculation
Self consistent charges:     Yes
SCC-tolerance:                 0.100000E-05
Max. scc iterations:                    100
Ewald alpha parameter:         0.000000E+00
Spin polarisation:           No
Nr. of up electrons:            21.000000
Nr. of down electrons:          21.000000
Periodic boundaries:         No
Diagonalizer:                Divide and Conquer
Mixer:                       Anderson mixer
Mixing parameter:                  0.200000
Maximal SCC-cycles:                     100
Nr. of chrg. vectors to mix:              8
Electronic temperature:        0.100000E-07
Initial charges:             Set automatically (system chrg:   0.000E+00)
Included shells:              N:  s, p
                              C:  s, p
                              H:  s
Full 3rd order correction    Yes
Damped SCC                   Yes
Damped specie(s):            H                                                 
Extra options:
--------------------------------------------------------------------------------
 

********************************************************************************
** Geometry step: 0
********************************************************************************

  iSCC Total electronic   Diff electronic      SCC error    
    1   -0.17499712E+02    0.00000000E+00    0.59123503E+00
    2   -0.17499746E+02   -0.33517641E-04    0.58407862E+00
    3   -0.17500657E+02   -0.91067055E-03    0.38130675E-01
    4   -0.17500651E+02    0.56823867E-05    0.38828487E-01
    5   -0.17500651E+02   -0.27560973E-06    0.38718469E-01
    6   -0.17500663E+02   -0.12099559E-04    0.20851633E-02
    7   -0.17500663E+02   -0.96270927E-07    0.30013833E-02
    8   -0.17500664E+02   -0.29899964E-06    0.20192231E-02
    9   -0.17500664E+02   -0.20894717E-08    0.17481285E-02
   10   -0.17500664E+02   -0.20714857E-07    0.42336458E-03
   11   -0.17500664E+02   -0.10219594E-08    0.95533919E-04
   12   -0.17500664E+02   -0.43622705E-09    0.11869026E-04
   13   -0.17500664E+02   -0.10068391E-10    0.25666336E-05
   14   -0.17500664E+02   -0.17408297E-12    0.59983677E-06
>> Charges saved for restart in charges.bin
 
 Total Energy:                     -17.5409235009 H
 Total Mermin free energy:         -17.5409235009 H
