================================================================================
==
==   Density Functional based Tight Binding with a lot of extensions (DFTB+)    
==
==                              Release: 1.2 (p2)
==
==                            (ParserVersion = 4)
==
================================================================================


********************************************************************************
** Parsing and initializing
********************************************************************************

Interpreting input file 'dftb_in.hsd'
--------------------------------------------------------------------------------
WARNING!
-> WriteHSDInput and WriteXMLInput both turned off. You won't eventually be 
 able to obtain the same results with a later version of the code!
Path: dftb_in/ParserOptions
Line: 77-80 (File: dftb_in.hsd)

Reading SK-files:
  /home/andersx/parameters/3ob-3-1/N-N.skf
  /home/andersx/parameters/3ob-3-1/N-C.skf
  /home/andersx/parameters/3ob-3-1/N-H.skf
  /home/andersx/parameters/3ob-3-1/C-N.skf
  /home/andersx/parameters/3ob-3-1/C-C.skf
  /home/andersx/parameters/3ob-3-1/C-H.skf
  /home/andersx/parameters/3ob-3-1/H-N.skf
  /home/andersx/parameters/3ob-3-1/H-C.skf
  /home/andersx/parameters/3ob-3-1/H-H.skf
Done.

Starting initialization...
--------------------------------------------------------------------------------
Mode:                        Static calculation
Self consistent charges:     Yes
SCC-tolerance:                 0.100000E-05
Max. scc iterations:                    100
Ewald alpha parameter:         0.000000E+00
Spin polarisation:           No
Nr. of up electrons:            20.000000
Nr. of down electrons:          20.000000
Periodic boundaries:         No
Diagonalizer:                Divide and Conquer
Mixer:                       Anderson mixer
Mixing parameter:                  0.200000
Maximal SCC-cycles:                     100
Nr. of chrg. vectors to mix:              8
Electronic temperature:        0.100000E-07
Initial charges:             Set automatically (system chrg:   0.000E+00)
Included shells:              N:  s, p
                              C:  s, p
                              H:  s
Full 3rd order correction    Yes
Damped SCC                   Yes
Damped specie(s):            H                                                 
Extra options:
--------------------------------------------------------------------------------
 

********************************************************************************
** Geometry step: 0
********************************************************************************

  iSCC Total electronic   Diff electronic      SCC error    
    1   -0.16802726E+02    0.00000000E+00    0.59632090E+00
    2   -0.16802756E+02   -0.29672601E-04    0.58918237E+00
    3   -0.16803464E+02   -0.70767169E-03    0.35155722E-01
    4   -0.16803450E+02    0.14074952E-04    0.20847904E-01
    5   -0.16803452E+02   -0.24862521E-05    0.22119759E-01
    6   -0.16803501E+02   -0.48483550E-04    0.38787042E-02
    7   -0.16803501E+02   -0.19875864E-06    0.50262059E-02
    8   -0.16803501E+02   -0.52164627E-06    0.44367023E-02
    9   -0.16803501E+02   -0.24877167E-09    0.35735854E-02
   10   -0.16803501E+02   -0.25874606E-07    0.19315387E-02
   11   -0.16803501E+02   -0.44060187E-08    0.44249083E-03
   12   -0.16803501E+02   -0.13275827E-07    0.65172710E-04
   13   -0.16803501E+02   -0.19685586E-10    0.34003140E-04
   14   -0.16803501E+02   -0.29739766E-10    0.17717360E-05
   15   -0.16803501E+02   -0.99475983E-13    0.28333902E-06
>> Charges saved for restart in charges.bin
 
 Total Energy:                     -16.7482509593 H
 Total Mermin free energy:         -16.7482509593 H
