================================================================================
==
==   Density Functional based Tight Binding with a lot of extensions (DFTB+)    
==
==                              Release: 1.2 (p2)
==
==                            (ParserVersion = 4)
==
================================================================================


********************************************************************************
** Parsing and initializing
********************************************************************************

Interpreting input file 'dftb_in.hsd'
--------------------------------------------------------------------------------
WARNING!
-> WriteHSDInput and WriteXMLInput both turned off. You won't eventually be 
 able to obtain the same results with a later version of the code!
Path: dftb_in/ParserOptions
Line: 68-71 (File: dftb_in.hsd)

Reading SK-files:
  /home/andersx/parameters/3ob-3-1/C-C.skf
  /home/andersx/parameters/3ob-3-1/C-H.skf
  /home/andersx/parameters/3ob-3-1/H-C.skf
  /home/andersx/parameters/3ob-3-1/H-H.skf
Done.

Starting initialization...
--------------------------------------------------------------------------------
Mode:                        Static calculation
Self consistent charges:     Yes
SCC-tolerance:                 0.100000E-05
Max. scc iterations:                    100
Ewald alpha parameter:         0.000000E+00
Spin polarisation:           No
Nr. of up electrons:            17.000000
Nr. of down electrons:          17.000000
Periodic boundaries:         No
Diagonalizer:                Divide and Conquer
Mixer:                       Anderson mixer
Mixing parameter:                  0.200000
Maximal SCC-cycles:                     100
Nr. of chrg. vectors to mix:              8
Electronic temperature:        0.100000E-07
Initial charges:             Set automatically (system chrg:   0.000E+00)
Included shells:              C:  s, p
                              H:  s
Full 3rd order correction    Yes
Damped SCC                   Yes
Damped specie(s):            H                                                 
Extra options:
--------------------------------------------------------------------------------
 

********************************************************************************
** Geometry step: 0
********************************************************************************

  iSCC Total electronic   Diff electronic      SCC error    
    1   -0.14005734E+02    0.00000000E+00    0.36143983E+00
    2   -0.14005780E+02   -0.45809935E-04    0.35696181E+00
    3   -0.14007160E+02   -0.13792970E-02    0.48385332E-01
    4   -0.14007123E+02    0.36044629E-04    0.53810718E-01
    5   -0.14007133E+02   -0.97681525E-05    0.48340521E-01
    6   -0.14007233E+02   -0.10004615E-03    0.56249039E-02
    7   -0.14007234E+02   -0.25839296E-06    0.56322392E-02
    8   -0.14007236E+02   -0.24625536E-05    0.24714714E-02
    9   -0.14007236E+02    0.13869643E-06    0.43155119E-02
   10   -0.14007236E+02   -0.15013805E-06    0.28401039E-02
   11   -0.14007236E+02   -0.75575119E-07    0.74751957E-03
   12   -0.14007236E+02   -0.41433884E-07    0.18109524E-03
   13   -0.14007236E+02   -0.57973004E-09    0.60333198E-04
   14   -0.14007236E+02   -0.20979130E-09    0.56106110E-05
   15   -0.14007236E+02   -0.28972380E-11    0.15128455E-05
   16   -0.14007236E+02   -0.40856207E-13    0.27239259E-06
>> Charges saved for restart in charges.bin
 
 Total Energy:                     -13.9891028242 H
 Total Mermin free energy:         -13.9891028242 H
