================================================================================
==
==   Density Functional based Tight Binding with a lot of extensions (DFTB+)    
==
==                              Release: 1.2 (p2)
==
==                            (ParserVersion = 4)
==
================================================================================


********************************************************************************
** Parsing and initializing
********************************************************************************

Interpreting input file 'dftb_in.hsd'
--------------------------------------------------------------------------------
WARNING!
-> WriteHSDInput and WriteXMLInput both turned off. You won't eventually be 
 able to obtain the same results with a later version of the code!
Path: dftb_in/ParserOptions
Line: 75-78 (File: dftb_in.hsd)

Reading SK-files:
  /home/andersx/parameters/3ob-3-1/N-N.skf
  /home/andersx/parameters/3ob-3-1/N-C.skf
  /home/andersx/parameters/3ob-3-1/N-H.skf
  /home/andersx/parameters/3ob-3-1/C-N.skf
  /home/andersx/parameters/3ob-3-1/C-C.skf
  /home/andersx/parameters/3ob-3-1/C-H.skf
  /home/andersx/parameters/3ob-3-1/H-N.skf
  /home/andersx/parameters/3ob-3-1/H-C.skf
  /home/andersx/parameters/3ob-3-1/H-H.skf
Done.

Starting initialization...
--------------------------------------------------------------------------------
Mode:                        Static calculation
Self consistent charges:     Yes
SCC-tolerance:                 0.100000E-05
Max. scc iterations:                    100
Ewald alpha parameter:         0.000000E+00
Spin polarisation:           No
Nr. of up electrons:            19.000000
Nr. of down electrons:          19.000000
Periodic boundaries:         No
Diagonalizer:                Divide and Conquer
Mixer:                       Anderson mixer
Mixing parameter:                  0.200000
Maximal SCC-cycles:                     100
Nr. of chrg. vectors to mix:              8
Electronic temperature:        0.100000E-07
Initial charges:             Set automatically (system chrg:   0.000E+00)
Included shells:              N:  s, p
                              C:  s, p
                              H:  s
Full 3rd order correction    Yes
Damped SCC                   Yes
Damped specie(s):            H                                                 
Extra options:
--------------------------------------------------------------------------------
 

********************************************************************************
** Geometry step: 0
********************************************************************************

  iSCC Total electronic   Diff electronic      SCC error    
    1   -0.16183651E+02    0.00000000E+00    0.58821283E+00
    2   -0.16183708E+02   -0.56857939E-04    0.58118856E+00
    3   -0.16185201E+02   -0.14928768E-02    0.51627906E-01
    4   -0.16185165E+02    0.35476858E-04    0.46614601E-01
    5   -0.16185231E+02   -0.65428001E-04    0.32478653E-01
    6   -0.16185324E+02   -0.93120258E-04    0.14823069E-01
    7   -0.16185325E+02   -0.58346129E-06    0.19608714E-01
    8   -0.16185330E+02   -0.54820290E-05    0.48011992E-02
    9   -0.16185330E+02   -0.43984478E-07    0.25165811E-02
   10   -0.16185330E+02   -0.17689485E-06    0.55856398E-03
   11   -0.16185330E+02   -0.10067950E-07    0.19903812E-03
   12   -0.16185330E+02   -0.24131523E-08    0.20478823E-04
   13   -0.16185330E+02   -0.21682212E-10    0.39848112E-05
   14   -0.16185330E+02   -0.48672177E-12    0.38899150E-06
>> Charges saved for restart in charges.bin
 
 Total Energy:                     -15.9575424200 H
 Total Mermin free energy:         -15.9575424200 H
