================================================================================
==
==   Density Functional based Tight Binding with a lot of extensions (DFTB+)    
==
==                              Release: 1.2 (p2)
==
==                            (ParserVersion = 4)
==
================================================================================


********************************************************************************
** Parsing and initializing
********************************************************************************

Interpreting input file 'dftb_in.hsd'
--------------------------------------------------------------------------------
WARNING!
-> WriteHSDInput and WriteXMLInput both turned off. You won't eventually be 
 able to obtain the same results with a later version of the code!
Path: dftb_in/ParserOptions
Line: 75-78 (File: dftb_in.hsd)

Reading SK-files:
  /home/andersx/parameters/3ob-3-1/N-N.skf
  /home/andersx/parameters/3ob-3-1/N-C.skf
  /home/andersx/parameters/3ob-3-1/N-H.skf
  /home/andersx/parameters/3ob-3-1/C-N.skf
  /home/andersx/parameters/3ob-3-1/C-C.skf
  /home/andersx/parameters/3ob-3-1/C-H.skf
  /home/andersx/parameters/3ob-3-1/H-N.skf
  /home/andersx/parameters/3ob-3-1/H-C.skf
  /home/andersx/parameters/3ob-3-1/H-H.skf
Done.

Starting initialization...
--------------------------------------------------------------------------------
Mode:                        Static calculation
Self consistent charges:     Yes
SCC-tolerance:                 0.100000E-05
Max. scc iterations:                    100
Ewald alpha parameter:         0.000000E+00
Spin polarisation:           No
Nr. of up electrons:            19.000000
Nr. of down electrons:          19.000000
Periodic boundaries:         No
Diagonalizer:                Divide and Conquer
Mixer:                       Anderson mixer
Mixing parameter:                  0.200000
Maximal SCC-cycles:                     100
Nr. of chrg. vectors to mix:              8
Electronic temperature:        0.100000E-07
Initial charges:             Set automatically (system chrg:   0.000E+00)
Included shells:              N:  s, p
                              C:  s, p
                              H:  s
Full 3rd order correction    Yes
Damped SCC                   Yes
Damped specie(s):            H                                                 
Extra options:
--------------------------------------------------------------------------------
 

********************************************************************************
** Geometry step: 0
********************************************************************************

  iSCC Total electronic   Diff electronic      SCC error    
    1   -0.16200471E+02    0.00000000E+00    0.58682817E+00
    2   -0.16200543E+02   -0.71912560E-04    0.57982119E+00
    3   -0.16202388E+02   -0.18449736E-02    0.67728549E-01
    4   -0.16202303E+02    0.84667041E-04    0.74607819E-01
    5   -0.16202444E+02   -0.14034044E-03    0.58707005E-01
    6   -0.16202614E+02   -0.17083892E-03    0.11196126E-01
    7   -0.16202617E+02   -0.27773535E-05    0.11982661E-01
    8   -0.16202623E+02   -0.55339207E-05    0.55586914E-02
    9   -0.16202623E+02   -0.14656301E-06    0.19656821E-02
   10   -0.16202623E+02   -0.70347667E-07    0.16942539E-02
   11   -0.16202623E+02    0.23390285E-08    0.62291670E-03
   12   -0.16202623E+02   -0.24055137E-07    0.23925644E-03
   13   -0.16202623E+02   -0.19341222E-08    0.11083350E-03
   14   -0.16202623E+02   -0.61538685E-09    0.97013072E-05
   15   -0.16202623E+02   -0.77839957E-11    0.43294318E-05
   16   -0.16202623E+02   -0.78159701E-13    0.36807994E-06
>> Charges saved for restart in charges.bin
 
 Total Energy:                     -15.9693775751 H
 Total Mermin free energy:         -15.9693775751 H
