================================================================================
==
==   Density Functional based Tight Binding with a lot of extensions (DFTB+)    
==
==                              Release: 1.2 (p2)
==
==                            (ParserVersion = 4)
==
================================================================================


********************************************************************************
** Parsing and initializing
********************************************************************************

Interpreting input file 'dftb_in.hsd'
--------------------------------------------------------------------------------
WARNING!
-> WriteHSDInput and WriteXMLInput both turned off. You won't eventually be 
 able to obtain the same results with a later version of the code!
Path: dftb_in/ParserOptions
Line: 73-76 (File: dftb_in.hsd)

Reading SK-files:
  /home/andersx/parameters/3ob-3-1/N-N.skf
  /home/andersx/parameters/3ob-3-1/N-C.skf
  /home/andersx/parameters/3ob-3-1/N-H.skf
  /home/andersx/parameters/3ob-3-1/C-N.skf
  /home/andersx/parameters/3ob-3-1/C-C.skf
  /home/andersx/parameters/3ob-3-1/C-H.skf
  /home/andersx/parameters/3ob-3-1/H-N.skf
  /home/andersx/parameters/3ob-3-1/H-C.skf
  /home/andersx/parameters/3ob-3-1/H-H.skf
Done.

Starting initialization...
--------------------------------------------------------------------------------
Mode:                        Static calculation
Self consistent charges:     Yes
SCC-tolerance:                 0.100000E-05
Max. scc iterations:                    100
Ewald alpha parameter:         0.000000E+00
Spin polarisation:           No
Nr. of up electrons:            18.000000
Nr. of down electrons:          18.000000
Periodic boundaries:         No
Diagonalizer:                Divide and Conquer
Mixer:                       Anderson mixer
Mixing parameter:                  0.200000
Maximal SCC-cycles:                     100
Nr. of chrg. vectors to mix:              8
Electronic temperature:        0.100000E-07
Initial charges:             Set automatically (system chrg:   0.000E+00)
Included shells:              N:  s, p
                              C:  s, p
                              H:  s
Full 3rd order correction    Yes
Damped SCC                   Yes
Damped specie(s):            H                                                 
Extra options:
--------------------------------------------------------------------------------
 

********************************************************************************
** Geometry step: 0
********************************************************************************

  iSCC Total electronic   Diff electronic      SCC error    
    1   -0.15542920E+02    0.00000000E+00    0.58615714E+00
    2   -0.15543016E+02   -0.96262006E-04    0.57914248E+00
    3   -0.15544354E+02   -0.13376569E-02    0.98305427E-01
    4   -0.15544138E+02    0.21647839E-03    0.10350582E+00
    5   -0.15545220E+02   -0.10820037E-02    0.68958543E-01
    6   -0.15545389E+02   -0.16926641E-03    0.11039609E-01
    7   -0.15545393E+02   -0.39555461E-05    0.13026979E-01
    8   -0.15545397E+02   -0.38240506E-05    0.53433527E-02
    9   -0.15545397E+02   -0.12389746E-06    0.17097742E-02
   10   -0.15545397E+02   -0.27921856E-06    0.11805012E-02
   11   -0.15545397E+02   -0.75750997E-08    0.56813594E-03
   12   -0.15545397E+02   -0.14926256E-07    0.53567204E-04
   13   -0.15545397E+02   -0.16042989E-09    0.22770461E-04
   14   -0.15545397E+02   -0.84217078E-11    0.20062686E-05
   15   -0.15545397E+02   -0.44408921E-13    0.42383390E-06
>> Charges saved for restart in charges.bin
 
 Total Energy:                     -15.1695888557 H
 Total Mermin free energy:         -15.1695888557 H
