================================================================================
==
==   Density Functional based Tight Binding with a lot of extensions (DFTB+)    
==
==                              Release: 1.2 (p2)
==
==                            (ParserVersion = 4)
==
================================================================================


********************************************************************************
** Parsing and initializing
********************************************************************************

Interpreting input file 'dftb_in.hsd'
--------------------------------------------------------------------------------
WARNING!
-> WriteHSDInput and WriteXMLInput both turned off. You won't eventually be 
 able to obtain the same results with a later version of the code!
Path: dftb_in/ParserOptions
Line: 70-73 (File: dftb_in.hsd)

Reading SK-files:
  /home/andersx/parameters/3ob-3-1/N-N.skf
  /home/andersx/parameters/3ob-3-1/N-C.skf
  /home/andersx/parameters/3ob-3-1/N-H.skf
  /home/andersx/parameters/3ob-3-1/C-N.skf
  /home/andersx/parameters/3ob-3-1/C-C.skf
  /home/andersx/parameters/3ob-3-1/C-H.skf
  /home/andersx/parameters/3ob-3-1/H-N.skf
  /home/andersx/parameters/3ob-3-1/H-C.skf
  /home/andersx/parameters/3ob-3-1/H-H.skf
Done.

Starting initialization...
--------------------------------------------------------------------------------
Mode:                        Static calculation
Self consistent charges:     Yes
SCC-tolerance:                 0.100000E-05
Max. scc iterations:                    100
Ewald alpha parameter:         0.000000E+00
Spin polarisation:           No
Nr. of up electrons:            17.000000
Nr. of down electrons:          17.000000
Periodic boundaries:         No
Diagonalizer:                Divide and Conquer
Mixer:                       Anderson mixer
Mixing parameter:                  0.200000
Maximal SCC-cycles:                     100
Nr. of chrg. vectors to mix:              8
Electronic temperature:        0.100000E-07
Initial charges:             Set automatically (system chrg:   0.000E+00)
Included shells:              N:  s, p
                              C:  s, p
                              H:  s
Full 3rd order correction    Yes
Damped SCC                   Yes
Damped specie(s):            H                                                 
Extra options:
--------------------------------------------------------------------------------
 

********************************************************************************
** Geometry step: 0
********************************************************************************

  iSCC Total electronic   Diff electronic      SCC error    
    1   -0.15277305E+02    0.00000000E+00    0.59667297E+00
    2   -0.15278902E+02   -0.15971748E-02    0.58329159E+00
    3   -0.15312160E+02   -0.33257875E-01    0.10283615E+00
    4   -0.15312161E+02   -0.14201247E-05    0.10285606E+00
    5   -0.15312294E+02   -0.13301245E-03    0.19291533E-01
    6   -0.15312325E+02   -0.31045449E-04    0.16087283E-01
    7   -0.15312306E+02    0.19391497E-04    0.17637160E-01
    8   -0.15312340E+02   -0.34341010E-04    0.16209859E-02
    9   -0.15312340E+02    0.10885835E-06    0.15430288E-02
   10   -0.15312340E+02   -0.33376173E-06    0.37206571E-03
   11   -0.15312340E+02   -0.75188922E-08    0.18954207E-03
   12   -0.15312340E+02   -0.59385030E-09    0.10548949E-04
   13   -0.15312340E+02   -0.97610808E-11    0.30494124E-05
   14   -0.15312340E+02   -0.12079227E-12    0.28701424E-06
>> Charges saved for restart in charges.bin
 
 Total Energy:                     -14.8133203079 H
 Total Mermin free energy:         -14.8133203079 H
