================================================================================
==
==   Density Functional based Tight Binding with a lot of extensions (DFTB+)    
==
==                              Release: 1.2 (p2)
==
==                            (ParserVersion = 4)
==
================================================================================


********************************************************************************
** Parsing and initializing
********************************************************************************

Interpreting input file 'dftb_in.hsd'
--------------------------------------------------------------------------------
WARNING!
-> WriteHSDInput and WriteXMLInput both turned off. You won't eventually be 
 able to obtain the same results with a later version of the code!
Path: dftb_in/ParserOptions
Line: 72-75 (File: dftb_in.hsd)

Reading SK-files:
  /home/andersx/parameters/3ob-3-1/N-N.skf
  /home/andersx/parameters/3ob-3-1/N-C.skf
  /home/andersx/parameters/3ob-3-1/N-H.skf
  /home/andersx/parameters/3ob-3-1/C-N.skf
  /home/andersx/parameters/3ob-3-1/C-C.skf
  /home/andersx/parameters/3ob-3-1/C-H.skf
  /home/andersx/parameters/3ob-3-1/H-N.skf
  /home/andersx/parameters/3ob-3-1/H-C.skf
  /home/andersx/parameters/3ob-3-1/H-H.skf
Done.

Starting initialization...
--------------------------------------------------------------------------------
Mode:                        Static calculation
Self consistent charges:     Yes
SCC-tolerance:                 0.100000E-05
Max. scc iterations:                    100
Ewald alpha parameter:         0.000000E+00
Spin polarisation:           No
Nr. of up electrons:            18.000000
Nr. of down electrons:          18.000000
Periodic boundaries:         No
Diagonalizer:                Divide and Conquer
Mixer:                       Anderson mixer
Mixing parameter:                  0.200000
Maximal SCC-cycles:                     100
Nr. of chrg. vectors to mix:              8
Electronic temperature:        0.100000E-07
Initial charges:             Set automatically (system chrg:   0.000E+00)
Included shells:              N:  s, p
                              C:  s, p
                              H:  s
Full 3rd order correction    Yes
Damped SCC                   Yes
Damped specie(s):            H                                                 
Extra options:
--------------------------------------------------------------------------------
 

********************************************************************************
** Geometry step: 0
********************************************************************************

  iSCC Total electronic   Diff electronic      SCC error    
    1   -0.15976589E+02    0.00000000E+00    0.65867824E+00
    2   -0.15977856E+02   -0.12667287E-02    0.64498765E+00
    3   -0.16002793E+02   -0.24936696E-01    0.26157592E+00
    4   -0.16002733E+02    0.59862429E-04    0.25813353E+00
    5   -0.16004206E+02   -0.14729342E-02    0.52049383E-01
    6   -0.16004197E+02    0.84930248E-05    0.55724145E-01
    7   -0.16004236E+02   -0.38430916E-04    0.24924714E-01
    8   -0.16004277E+02   -0.40855449E-04    0.30670035E-02
    9   -0.16004277E+02   -0.18146881E-06    0.27943279E-02
   10   -0.16004278E+02   -0.11100626E-05    0.21356728E-02
   11   -0.16004278E+02   -0.28651152E-06    0.12478335E-02
   12   -0.16004278E+02   -0.59513987E-07    0.34703229E-03
   13   -0.16004278E+02   -0.11032938E-07    0.26491778E-03
   14   -0.16004278E+02   -0.18370301E-08    0.32158842E-04
   15   -0.16004278E+02   -0.84241947E-10    0.19403697E-04
   16   -0.16004278E+02   -0.10270895E-10    0.39381566E-05
   17   -0.16004278E+02   -0.40856207E-12    0.12050153E-06
>> Charges saved for restart in charges.bin
 
 Total Energy:                     -15.5618399041 H
 Total Mermin free energy:         -15.5618399041 H
