================================================================================
==
==   Density Functional based Tight Binding with a lot of extensions (DFTB+)    
==
==                              Release: 1.2 (p2)
==
==                            (ParserVersion = 4)
==
================================================================================


********************************************************************************
** Parsing and initializing
********************************************************************************

Interpreting input file 'dftb_in.hsd'
--------------------------------------------------------------------------------
WARNING!
-> WriteHSDInput and WriteXMLInput both turned off. You won't eventually be 
 able to obtain the same results with a later version of the code!
Path: dftb_in/ParserOptions
Line: 72-75 (File: dftb_in.hsd)

Reading SK-files:
  /home/andersx/parameters/3ob-3-1/N-N.skf
  /home/andersx/parameters/3ob-3-1/N-C.skf
  /home/andersx/parameters/3ob-3-1/N-H.skf
  /home/andersx/parameters/3ob-3-1/C-N.skf
  /home/andersx/parameters/3ob-3-1/C-C.skf
  /home/andersx/parameters/3ob-3-1/C-H.skf
  /home/andersx/parameters/3ob-3-1/H-N.skf
  /home/andersx/parameters/3ob-3-1/H-C.skf
  /home/andersx/parameters/3ob-3-1/H-H.skf
Done.

Starting initialization...
--------------------------------------------------------------------------------
Mode:                        Static calculation
Self consistent charges:     Yes
SCC-tolerance:                 0.100000E-05
Max. scc iterations:                    100
Ewald alpha parameter:         0.000000E+00
Spin polarisation:           No
Nr. of up electrons:            18.000000
Nr. of down electrons:          18.000000
Periodic boundaries:         No
Diagonalizer:                Divide and Conquer
Mixer:                       Anderson mixer
Mixing parameter:                  0.200000
Maximal SCC-cycles:                     100
Nr. of chrg. vectors to mix:              8
Electronic temperature:        0.100000E-07
Initial charges:             Set automatically (system chrg:   0.000E+00)
Included shells:              N:  s, p
                              C:  s, p
                              H:  s
Full 3rd order correction    Yes
Damped SCC                   Yes
Damped specie(s):            H                                                 
Extra options:
--------------------------------------------------------------------------------
 

********************************************************************************
** Geometry step: 0
********************************************************************************

  iSCC Total electronic   Diff electronic      SCC error    
    1   -0.15982783E+02    0.00000000E+00    0.68641182E+00
    2   -0.15983812E+02   -0.10290282E-02    0.67197921E+00
    3   -0.16004492E+02   -0.20680413E-01    0.24853788E+00
    4   -0.16004247E+02    0.24498706E-03    0.24307113E+00
    5   -0.16005418E+02   -0.11703652E-02    0.58209234E-01
    6   -0.16005501E+02   -0.82843247E-04    0.41834300E-01
    7   -0.16005437E+02    0.63981515E-04    0.55774990E-01
    8   -0.16005547E+02   -0.11091379E-03    0.64102325E-02
    9   -0.16005548E+02   -0.34516635E-06    0.53851828E-02
   10   -0.16005549E+02   -0.16567479E-05    0.10859758E-02
   11   -0.16005549E+02   -0.27008369E-07    0.86383362E-03
   12   -0.16005550E+02   -0.39392525E-07    0.12766085E-03
   13   -0.16005550E+02   -0.11455761E-08    0.77234051E-04
   14   -0.16005550E+02   -0.15252510E-09    0.65793905E-05
   15   -0.16005550E+02   -0.15916157E-11    0.27141330E-05
   16   -0.16005550E+02   -0.14921397E-12    0.23851784E-06
>> Charges saved for restart in charges.bin
 
 Total Energy:                     -15.5645968447 H
 Total Mermin free energy:         -15.5645968447 H
