================================================================================
==
==   Density Functional based Tight Binding with a lot of extensions (DFTB+)    
==
==                              Release: 1.2 (p2)
==
==                            (ParserVersion = 4)
==
================================================================================


********************************************************************************
** Parsing and initializing
********************************************************************************

Interpreting input file 'dftb_in.hsd'
--------------------------------------------------------------------------------
WARNING!
-> WriteHSDInput and WriteXMLInput both turned off. You won't eventually be 
 able to obtain the same results with a later version of the code!
Path: dftb_in/ParserOptions
Line: 78-81 (File: dftb_in.hsd)

Reading SK-files:
  /home/andersx/parameters/3ob-3-1/N-N.skf
  /home/andersx/parameters/3ob-3-1/N-C.skf
  /home/andersx/parameters/3ob-3-1/N-H.skf
  /home/andersx/parameters/3ob-3-1/C-N.skf
  /home/andersx/parameters/3ob-3-1/C-C.skf
  /home/andersx/parameters/3ob-3-1/C-H.skf
  /home/andersx/parameters/3ob-3-1/H-N.skf
  /home/andersx/parameters/3ob-3-1/H-C.skf
  /home/andersx/parameters/3ob-3-1/H-H.skf
Done.

Starting initialization...
--------------------------------------------------------------------------------
Mode:                        Static calculation
Self consistent charges:     Yes
SCC-tolerance:                 0.100000E-05
Max. scc iterations:                    100
Ewald alpha parameter:         0.000000E+00
Spin polarisation:           No
Nr. of up electrons:            21.000000
Nr. of down electrons:          21.000000
Periodic boundaries:         No
Diagonalizer:                Divide and Conquer
Mixer:                       Anderson mixer
Mixing parameter:                  0.200000
Maximal SCC-cycles:                     100
Nr. of chrg. vectors to mix:              8
Electronic temperature:        0.100000E-07
Initial charges:             Set automatically (system chrg:   0.000E+00)
Included shells:              N:  s, p
                              C:  s, p
                              H:  s
Full 3rd order correction    Yes
Damped SCC                   Yes
Damped specie(s):            H                                                 
Extra options:
--------------------------------------------------------------------------------
 

********************************************************************************
** Geometry step: 0
********************************************************************************

  iSCC Total electronic   Diff electronic      SCC error    
    1   -0.17885476E+02    0.00000000E+00    0.59157573E+00
    2   -0.17885695E+02   -0.21928989E-03    0.58444899E+00
    3   -0.17891463E+02   -0.57677021E-02    0.10791234E+00
    4   -0.17891344E+02    0.11836970E-03    0.10442307E+00
    5   -0.17891387E+02   -0.42568206E-04    0.10455981E+00
    6   -0.17891674E+02   -0.28740740E-03    0.88640832E-02
    7   -0.17891674E+02    0.32211010E-06    0.87159817E-02
    8   -0.17891678E+02   -0.42999621E-05    0.80499589E-02
    9   -0.17891679E+02   -0.32374931E-06    0.10921561E-02
   10   -0.17891679E+02   -0.96940980E-08    0.98432195E-03
   11   -0.17891679E+02   -0.20313525E-07    0.22168796E-03
   12   -0.17891679E+02   -0.28698217E-08    0.12597785E-03
   13   -0.17891679E+02   -0.94398089E-09    0.18818843E-04
   14   -0.17891679E+02   -0.91127106E-11    0.16771258E-05
   15   -0.17891679E+02   -0.46185278E-13    0.44323545E-06
>> Charges saved for restart in charges.bin
 
 Total Energy:                     -17.8068991575 H
 Total Mermin free energy:         -17.8068991575 H
