================================================================================
==
==   Density Functional based Tight Binding with a lot of extensions (DFTB+)    
==
==                              Release: 1.2 (p2)
==
==                            (ParserVersion = 4)
==
================================================================================


********************************************************************************
** Parsing and initializing
********************************************************************************

Interpreting input file 'dftb_in.hsd'
--------------------------------------------------------------------------------
WARNING!
-> WriteHSDInput and WriteXMLInput both turned off. You won't eventually be 
 able to obtain the same results with a later version of the code!
Path: dftb_in/ParserOptions
Line: 74-77 (File: dftb_in.hsd)

Reading SK-files:
  /home/andersx/parameters/3ob-3-1/N-N.skf
  /home/andersx/parameters/3ob-3-1/N-C.skf
  /home/andersx/parameters/3ob-3-1/N-H.skf
  /home/andersx/parameters/3ob-3-1/C-N.skf
  /home/andersx/parameters/3ob-3-1/C-C.skf
  /home/andersx/parameters/3ob-3-1/C-H.skf
  /home/andersx/parameters/3ob-3-1/H-N.skf
  /home/andersx/parameters/3ob-3-1/H-C.skf
  /home/andersx/parameters/3ob-3-1/H-H.skf
Done.

Starting initialization...
--------------------------------------------------------------------------------
Mode:                        Static calculation
Self consistent charges:     Yes
SCC-tolerance:                 0.100000E-05
Max. scc iterations:                    100
Ewald alpha parameter:         0.000000E+00
Spin polarisation:           No
Nr. of up electrons:            19.000000
Nr. of down electrons:          19.000000
Periodic boundaries:         No
Diagonalizer:                Divide and Conquer
Mixer:                       Anderson mixer
Mixing parameter:                  0.200000
Maximal SCC-cycles:                     100
Nr. of chrg. vectors to mix:              8
Electronic temperature:        0.100000E-07
Initial charges:             Set automatically (system chrg:   0.000E+00)
Included shells:              N:  s, p
                              C:  s, p
                              H:  s
Full 3rd order correction    Yes
Damped SCC                   Yes
Damped specie(s):            H                                                 
Extra options:
--------------------------------------------------------------------------------
 

********************************************************************************
** Geometry step: 0
********************************************************************************

  iSCC Total electronic   Diff electronic      SCC error    
    1   -0.16536804E+02    0.00000000E+00    0.59898163E+00
    2   -0.16537526E+02   -0.72228187E-03    0.58647840E+00
    3   -0.16554331E+02   -0.16805181E-01    0.82877585E-01
    4   -0.16554349E+02   -0.18227753E-04    0.80661701E-01
    5   -0.16554542E+02   -0.19233691E-03    0.37228319E-01
    6   -0.16554610E+02   -0.68423827E-04    0.18488108E-01
    7   -0.16554593E+02    0.17500228E-04    0.28273388E-01
    8   -0.16554617E+02   -0.24646618E-04    0.47682901E-02
    9   -0.16554618E+02   -0.57890731E-06    0.32520618E-02
   10   -0.16554618E+02   -0.61607805E-06    0.35334213E-03
   11   -0.16554618E+02   -0.92500230E-09    0.19556941E-03
   12   -0.16554618E+02   -0.10397123E-08    0.59187380E-05
   13   -0.16554618E+02   -0.31583625E-11    0.20692860E-05
   14   -0.16554618E+02   -0.35171865E-12    0.14826559E-06
>> Charges saved for restart in charges.bin
 
 Total Energy:                     -16.2935081687 H
 Total Mermin free energy:         -16.2935081687 H
