================================================================================
==
==   Density Functional based Tight Binding with a lot of extensions (DFTB+)    
==
==                              Release: 1.2 (p2)
==
==                            (ParserVersion = 4)
==
================================================================================


********************************************************************************
** Parsing and initializing
********************************************************************************

Interpreting input file 'dftb_in.hsd'
--------------------------------------------------------------------------------
WARNING!
-> WriteHSDInput and WriteXMLInput both turned off. You won't eventually be 
 able to obtain the same results with a later version of the code!
Path: dftb_in/ParserOptions
Line: 76-79 (File: dftb_in.hsd)

Reading SK-files:
  /home/andersx/parameters/3ob-3-1/N-N.skf
  /home/andersx/parameters/3ob-3-1/N-C.skf
  /home/andersx/parameters/3ob-3-1/N-H.skf
  /home/andersx/parameters/3ob-3-1/C-N.skf
  /home/andersx/parameters/3ob-3-1/C-C.skf
  /home/andersx/parameters/3ob-3-1/C-H.skf
  /home/andersx/parameters/3ob-3-1/H-N.skf
  /home/andersx/parameters/3ob-3-1/H-C.skf
  /home/andersx/parameters/3ob-3-1/H-H.skf
Done.

Starting initialization...
--------------------------------------------------------------------------------
Mode:                        Static calculation
Self consistent charges:     Yes
SCC-tolerance:                 0.100000E-05
Max. scc iterations:                    100
Ewald alpha parameter:         0.000000E+00
Spin polarisation:           No
Nr. of up electrons:            20.000000
Nr. of down electrons:          20.000000
Periodic boundaries:         No
Diagonalizer:                Divide and Conquer
Mixer:                       Anderson mixer
Mixing parameter:                  0.200000
Maximal SCC-cycles:                     100
Nr. of chrg. vectors to mix:              8
Electronic temperature:        0.100000E-07
Initial charges:             Set automatically (system chrg:   0.000E+00)
Included shells:              N:  s, p
                              C:  s, p
                              H:  s
Full 3rd order correction    Yes
Damped SCC                   Yes
Damped specie(s):            H                                                 
Extra options:
--------------------------------------------------------------------------------
 

********************************************************************************
** Geometry step: 0
********************************************************************************

  iSCC Total electronic   Diff electronic      SCC error    
    1   -0.17323654E+02    0.00000000E+00    0.58676531E+00
    2   -0.17323713E+02   -0.59682141E-04    0.57971353E+00
    3   -0.17325353E+02   -0.16392229E-02    0.40104435E-01
    4   -0.17325329E+02    0.23409707E-04    0.46306640E-01
    5   -0.17325331E+02   -0.19624088E-05    0.47219493E-01
    6   -0.17325386E+02   -0.55205609E-04    0.46147500E-02
    7   -0.17325386E+02   -0.54399244E-07    0.46947064E-02
    8   -0.17325388E+02   -0.12998531E-05    0.20443776E-02
    9   -0.17325388E+02   -0.15601408E-07    0.23121966E-02
   10   -0.17325388E+02   -0.90167493E-07    0.13283771E-02
   11   -0.17325388E+02   -0.14325636E-07    0.28895842E-03
   12   -0.17325388E+02   -0.24799984E-07    0.51538601E-04
   13   -0.17325388E+02   -0.15285906E-09    0.31836397E-04
   14   -0.17325388E+02   -0.61334049E-10    0.24801237E-05
   15   -0.17325388E+02   -0.14210855E-12    0.42390013E-06
>> Charges saved for restart in charges.bin
 
 Total Energy:                     -17.0432796277 H
 Total Mermin free energy:         -17.0432796277 H
