================================================================================
==
==   Density Functional based Tight Binding with a lot of extensions (DFTB+)    
==
==                              Release: 1.2 (p2)
==
==                            (ParserVersion = 4)
==
================================================================================


********************************************************************************
** Parsing and initializing
********************************************************************************

Interpreting input file 'dftb_in.hsd'
--------------------------------------------------------------------------------
WARNING!
-> WriteHSDInput and WriteXMLInput both turned off. You won't eventually be 
 able to obtain the same results with a later version of the code!
Path: dftb_in/ParserOptions
Line: 76-79 (File: dftb_in.hsd)

Reading SK-files:
  /home/andersx/parameters/3ob-3-1/N-N.skf
  /home/andersx/parameters/3ob-3-1/N-C.skf
  /home/andersx/parameters/3ob-3-1/N-H.skf
  /home/andersx/parameters/3ob-3-1/C-N.skf
  /home/andersx/parameters/3ob-3-1/C-C.skf
  /home/andersx/parameters/3ob-3-1/C-H.skf
  /home/andersx/parameters/3ob-3-1/H-N.skf
  /home/andersx/parameters/3ob-3-1/H-C.skf
  /home/andersx/parameters/3ob-3-1/H-H.skf
Done.

Starting initialization...
--------------------------------------------------------------------------------
Mode:                        Static calculation
Self consistent charges:     Yes
SCC-tolerance:                 0.100000E-05
Max. scc iterations:                    100
Ewald alpha parameter:         0.000000E+00
Spin polarisation:           No
Nr. of up electrons:            20.000000
Nr. of down electrons:          20.000000
Periodic boundaries:         No
Diagonalizer:                Divide and Conquer
Mixer:                       Anderson mixer
Mixing parameter:                  0.200000
Maximal SCC-cycles:                     100
Nr. of chrg. vectors to mix:              8
Electronic temperature:        0.100000E-07
Initial charges:             Set automatically (system chrg:   0.000E+00)
Included shells:              N:  s, p
                              C:  s, p
                              H:  s
Full 3rd order correction    Yes
Damped SCC                   Yes
Damped specie(s):            H                                                 
Extra options:
--------------------------------------------------------------------------------
 

********************************************************************************
** Geometry step: 0
********************************************************************************

  iSCC Total electronic   Diff electronic      SCC error    
    1   -0.17321018E+02    0.00000000E+00    0.59086993E+00
    2   -0.17321099E+02   -0.81643948E-04    0.58381237E+00
    3   -0.17323274E+02   -0.21748514E-02    0.45505640E-01
    4   -0.17323224E+02    0.50240765E-04    0.39621473E-01
    5   -0.17323237E+02   -0.12904474E-04    0.37908719E-01
    6   -0.17323380E+02   -0.14334118E-03    0.47643672E-02
    7   -0.17323380E+02    0.29516528E-06    0.46950160E-02
    8   -0.17323382E+02   -0.19115934E-05    0.43662451E-02
    9   -0.17323382E+02   -0.63726111E-06    0.20542546E-02
   10   -0.17323382E+02   -0.36336811E-07    0.15692922E-02
   11   -0.17323382E+02   -0.78106765E-09    0.51967476E-03
   12   -0.17323382E+02   -0.19399934E-07    0.42244681E-04
   13   -0.17323382E+02   -0.36727954E-10    0.12257037E-04
   14   -0.17323382E+02   -0.42987836E-11    0.13800725E-05
   15   -0.17323382E+02   -0.46185278E-13    0.24680183E-06
>> Charges saved for restart in charges.bin
 
 Total Energy:                     -17.0429033250 H
 Total Mermin free energy:         -17.0429033250 H
