================================================================================
==
==   Density Functional based Tight Binding with a lot of extensions (DFTB+)    
==
==                              Release: 1.2 (p2)
==
==                            (ParserVersion = 4)
==
================================================================================


********************************************************************************
** Parsing and initializing
********************************************************************************

Interpreting input file 'dftb_in.hsd'
--------------------------------------------------------------------------------
WARNING!
-> WriteHSDInput and WriteXMLInput both turned off. You won't eventually be 
 able to obtain the same results with a later version of the code!
Path: dftb_in/ParserOptions
Line: 78-81 (File: dftb_in.hsd)

Reading SK-files:
  /home/andersx/parameters/3ob-3-1/N-N.skf
  /home/andersx/parameters/3ob-3-1/N-C.skf
  /home/andersx/parameters/3ob-3-1/N-H.skf
  /home/andersx/parameters/3ob-3-1/C-N.skf
  /home/andersx/parameters/3ob-3-1/C-C.skf
  /home/andersx/parameters/3ob-3-1/C-H.skf
  /home/andersx/parameters/3ob-3-1/H-N.skf
  /home/andersx/parameters/3ob-3-1/H-C.skf
  /home/andersx/parameters/3ob-3-1/H-H.skf
Done.

Starting initialization...
--------------------------------------------------------------------------------
Mode:                        Static calculation
Self consistent charges:     Yes
SCC-tolerance:                 0.100000E-05
Max. scc iterations:                    100
Ewald alpha parameter:         0.000000E+00
Spin polarisation:           No
Nr. of up electrons:            21.000000
Nr. of down electrons:          21.000000
Periodic boundaries:         No
Diagonalizer:                Divide and Conquer
Mixer:                       Anderson mixer
Mixing parameter:                  0.200000
Maximal SCC-cycles:                     100
Nr. of chrg. vectors to mix:              8
Electronic temperature:        0.100000E-07
Initial charges:             Set automatically (system chrg:   0.000E+00)
Included shells:              N:  s, p
                              C:  s, p
                              H:  s
Full 3rd order correction    Yes
Damped SCC                   Yes
Damped specie(s):            H                                                 
Extra options:
--------------------------------------------------------------------------------
 

********************************************************************************
** Geometry step: 0
********************************************************************************

  iSCC Total electronic   Diff electronic      SCC error    
    1   -0.17986906E+02    0.00000000E+00    0.60051764E+00
    2   -0.17986958E+02   -0.51824058E-04    0.59327653E+00
    3   -0.17988170E+02   -0.12118889E-02    0.38390491E-01
    4   -0.17988143E+02    0.26420853E-04    0.28086798E-01
    5   -0.17988143E+02    0.63880822E-06    0.27281577E-01
    6   -0.17988225E+02   -0.82409015E-04    0.58568741E-02
    7   -0.17988226E+02   -0.25465783E-06    0.61252127E-02
    8   -0.17988227E+02   -0.10704535E-05    0.61314766E-02
    9   -0.17988227E+02   -0.16456241E-08    0.59708521E-02
   10   -0.17988227E+02   -0.40850167E-06    0.29357219E-03
   11   -0.17988227E+02   -0.10234764E-08    0.81575388E-04
   12   -0.17988227E+02   -0.54967231E-09    0.96808370E-05
   13   -0.17988227E+02   -0.99049657E-11    0.36522234E-05
   14   -0.17988227E+02   -0.26645353E-12    0.62845189E-06
>> Charges saved for restart in charges.bin
 
 Total Energy:                     -17.8425577724 H
 Total Mermin free energy:         -17.8425577724 H
