================================================================================
==
==   Density Functional based Tight Binding with a lot of extensions (DFTB+)    
==
==                              Release: 1.2 (p2)
==
==                            (ParserVersion = 4)
==
================================================================================


********************************************************************************
** Parsing and initializing
********************************************************************************

Interpreting input file 'dftb_in.hsd'
--------------------------------------------------------------------------------
WARNING!
-> WriteHSDInput and WriteXMLInput both turned off. You won't eventually be 
 able to obtain the same results with a later version of the code!
Path: dftb_in/ParserOptions
Line: 70-73 (File: dftb_in.hsd)

Reading SK-files:
  /home/andersx/parameters/3ob-3-1/C-C.skf
  /home/andersx/parameters/3ob-3-1/C-H.skf
  /home/andersx/parameters/3ob-3-1/H-C.skf
  /home/andersx/parameters/3ob-3-1/H-H.skf
Done.

Starting initialization...
--------------------------------------------------------------------------------
Mode:                        Static calculation
Self consistent charges:     Yes
SCC-tolerance:                 0.100000E-05
Max. scc iterations:                    100
Ewald alpha parameter:         0.000000E+00
Spin polarisation:           No
Nr. of up electrons:            18.000000
Nr. of down electrons:          18.000000
Periodic boundaries:         No
Diagonalizer:                Divide and Conquer
Mixer:                       Anderson mixer
Mixing parameter:                  0.200000
Maximal SCC-cycles:                     100
Nr. of chrg. vectors to mix:              8
Electronic temperature:        0.100000E-07
Initial charges:             Set automatically (system chrg:   0.000E+00)
Included shells:              C:  s, p
                              H:  s
Full 3rd order correction    Yes
Damped SCC                   Yes
Damped specie(s):            H                                                 
Extra options:
--------------------------------------------------------------------------------
 

********************************************************************************
** Geometry step: 0
********************************************************************************

  iSCC Total electronic   Diff electronic      SCC error    
    1   -0.14675481E+02    0.00000000E+00    0.25199296E+00
    2   -0.14675502E+02   -0.21513053E-04    0.24936644E+00
    3   -0.14676119E+02   -0.61660992E-03    0.39369631E-01
    4   -0.14676104E+02    0.15145043E-04    0.28358418E-01
    5   -0.14676116E+02   -0.11705713E-04    0.42869707E-01
    6   -0.14676149E+02   -0.33539466E-04    0.39701096E-02
    7   -0.14676149E+02    0.27531161E-07    0.31731934E-02
    8   -0.14676150E+02   -0.46260807E-06    0.13318694E-02
    9   -0.14676150E+02   -0.18245927E-06    0.24865539E-03
   10   -0.14676150E+02   -0.22792612E-09    0.29080431E-03
   11   -0.14676150E+02   -0.27648284E-09    0.16335382E-04
   12   -0.14676150E+02   -0.25307756E-10    0.47740351E-05
   13   -0.14676150E+02   -0.11510792E-11    0.25323071E-06
>> Charges saved for restart in charges.bin
 
 Total Energy:                     -14.7920020675 H
 Total Mermin free energy:         -14.7920020675 H
