================================================================================
==
==   Density Functional based Tight Binding with a lot of extensions (DFTB+)    
==
==                              Release: 1.2 (p2)
==
==                            (ParserVersion = 4)
==
================================================================================


********************************************************************************
** Parsing and initializing
********************************************************************************

Interpreting input file 'dftb_in.hsd'
--------------------------------------------------------------------------------
WARNING!
-> WriteHSDInput and WriteXMLInput both turned off. You won't eventually be 
 able to obtain the same results with a later version of the code!
Path: dftb_in/ParserOptions
Line: 74-77 (File: dftb_in.hsd)

Reading SK-files:
  /home/andersx/parameters/3ob-3-1/N-N.skf
  /home/andersx/parameters/3ob-3-1/N-C.skf
  /home/andersx/parameters/3ob-3-1/N-H.skf
  /home/andersx/parameters/3ob-3-1/C-N.skf
  /home/andersx/parameters/3ob-3-1/C-C.skf
  /home/andersx/parameters/3ob-3-1/C-H.skf
  /home/andersx/parameters/3ob-3-1/H-N.skf
  /home/andersx/parameters/3ob-3-1/H-C.skf
  /home/andersx/parameters/3ob-3-1/H-H.skf
Done.

Starting initialization...
--------------------------------------------------------------------------------
Mode:                        Static calculation
Self consistent charges:     Yes
SCC-tolerance:                 0.100000E-05
Max. scc iterations:                    100
Ewald alpha parameter:         0.000000E+00
Spin polarisation:           No
Nr. of up electrons:            19.000000
Nr. of down electrons:          19.000000
Periodic boundaries:         No
Diagonalizer:                Divide and Conquer
Mixer:                       Anderson mixer
Mixing parameter:                  0.200000
Maximal SCC-cycles:                     100
Nr. of chrg. vectors to mix:              8
Electronic temperature:        0.100000E-07
Initial charges:             Set automatically (system chrg:   0.000E+00)
Included shells:              N:  s, p
                              C:  s, p
                              H:  s
Full 3rd order correction    Yes
Damped SCC                   Yes
Damped specie(s):            H                                                 
Extra options:
--------------------------------------------------------------------------------
 

********************************************************************************
** Geometry step: 0
********************************************************************************

  iSCC Total electronic   Diff electronic      SCC error    
    1   -0.16621388E+02    0.00000000E+00    0.86392725E+00
    2   -0.16621850E+02   -0.46215206E-03    0.85006347E+00
    3   -0.16630334E+02   -0.84832832E-02    0.23439286E+00
    4   -0.16629805E+02    0.52926682E-03    0.21984475E+00
    5   -0.16630338E+02   -0.53349019E-03    0.18551766E+00
    6   -0.16631691E+02   -0.13531142E-02    0.62177012E-01
    7   -0.16631638E+02    0.53264625E-04    0.79794321E-01
    8   -0.16631792E+02   -0.15452321E-03    0.21161713E-01
    9   -0.16631807E+02   -0.14578671E-04    0.23937170E-02
   10   -0.16631807E+02   -0.18267962E-06    0.24046313E-02
   11   -0.16631808E+02   -0.40320279E-06    0.56950834E-03
   12   -0.16631808E+02   -0.18472939E-07    0.35141562E-03
   13   -0.16631808E+02   -0.36491876E-08    0.44593086E-04
   14   -0.16631808E+02   -0.93880459E-10    0.53266979E-05
   15   -0.16631808E+02   -0.29132252E-12    0.61650717E-06
>> Charges saved for restart in charges.bin
 
 Total Energy:                     -16.3081521973 H
 Total Mermin free energy:         -16.3081521973 H
