================================================================================
==
==   Density Functional based Tight Binding with a lot of extensions (DFTB+)    
==
==                              Release: 1.2 (p2)
==
==                            (ParserVersion = 4)
==
================================================================================


********************************************************************************
** Parsing and initializing
********************************************************************************

Interpreting input file 'dftb_in.hsd'
--------------------------------------------------------------------------------
WARNING!
-> WriteHSDInput and WriteXMLInput both turned off. You won't eventually be 
 able to obtain the same results with a later version of the code!
Path: dftb_in/ParserOptions
Line: 72-75 (File: dftb_in.hsd)

Reading SK-files:
  /home/andersx/parameters/3ob-3-1/N-N.skf
  /home/andersx/parameters/3ob-3-1/N-C.skf
  /home/andersx/parameters/3ob-3-1/N-H.skf
  /home/andersx/parameters/3ob-3-1/C-N.skf
  /home/andersx/parameters/3ob-3-1/C-C.skf
  /home/andersx/parameters/3ob-3-1/C-H.skf
  /home/andersx/parameters/3ob-3-1/H-N.skf
  /home/andersx/parameters/3ob-3-1/H-C.skf
  /home/andersx/parameters/3ob-3-1/H-H.skf
Done.

Starting initialization...
--------------------------------------------------------------------------------
Mode:                        Static calculation
Self consistent charges:     Yes
SCC-tolerance:                 0.100000E-05
Max. scc iterations:                    100
Ewald alpha parameter:         0.000000E+00
Spin polarisation:           No
Nr. of up electrons:            18.000000
Nr. of down electrons:          18.000000
Periodic boundaries:         No
Diagonalizer:                Divide and Conquer
Mixer:                       Anderson mixer
Mixing parameter:                  0.200000
Maximal SCC-cycles:                     100
Nr. of chrg. vectors to mix:              8
Electronic temperature:        0.100000E-07
Initial charges:             Set automatically (system chrg:   0.000E+00)
Included shells:              N:  s, p
                              C:  s, p
                              H:  s
Full 3rd order correction    Yes
Damped SCC                   Yes
Damped specie(s):            H                                                 
Extra options:
--------------------------------------------------------------------------------
 

********************************************************************************
** Geometry step: 0
********************************************************************************

  iSCC Total electronic   Diff electronic      SCC error    
    1   -0.15847872E+02    0.00000000E+00    0.24039223E+00
    2   -0.15849310E+02   -0.14382390E-02    0.23731466E+00
    3   -0.15871511E+02   -0.22200082E-01    0.21335072E+00
    4   -0.15871425E+02    0.85280906E-04    0.22585445E+00
    5   -0.15871106E+02    0.31924843E-03    0.13696045E+00
    6   -0.15872178E+02   -0.10720686E-02    0.54348244E-01
    7   -0.15872171E+02    0.72786586E-05    0.56608638E-01
    8   -0.15872456E+02   -0.28555373E-03    0.14849945E-01
    9   -0.15872458E+02   -0.21428325E-05    0.90452790E-02
   10   -0.15872458E+02    0.22759863E-06    0.52255746E-02
   11   -0.15872461E+02   -0.32399502E-05    0.51584366E-03
   12   -0.15872462E+02   -0.38202581E-07    0.37362317E-03
   13   -0.15872462E+02   -0.97209476E-08    0.44962455E-04
   14   -0.15872462E+02   -0.21451463E-09    0.72576909E-05
   15   -0.15872462E+02   -0.80646601E-12    0.29829389E-05
   16   -0.15872462E+02   -0.40856207E-12    0.28810309E-06
>> Charges saved for restart in charges.bin
 
 Total Energy:                     -15.4999800802 H
 Total Mermin free energy:         -15.4999800802 H
