================================================================================
==
==   Density Functional based Tight Binding with a lot of extensions (DFTB+)    
==
==                              Release: 1.2 (p2)
==
==                            (ParserVersion = 4)
==
================================================================================


********************************************************************************
** Parsing and initializing
********************************************************************************

Interpreting input file 'dftb_in.hsd'
--------------------------------------------------------------------------------
WARNING!
-> WriteHSDInput and WriteXMLInput both turned off. You won't eventually be 
 able to obtain the same results with a later version of the code!
Path: dftb_in/ParserOptions
Line: 76-79 (File: dftb_in.hsd)

Reading SK-files:
  /home/andersx/parameters/3ob-3-1/N-N.skf
  /home/andersx/parameters/3ob-3-1/N-C.skf
  /home/andersx/parameters/3ob-3-1/N-H.skf
  /home/andersx/parameters/3ob-3-1/C-N.skf
  /home/andersx/parameters/3ob-3-1/C-C.skf
  /home/andersx/parameters/3ob-3-1/C-H.skf
  /home/andersx/parameters/3ob-3-1/H-N.skf
  /home/andersx/parameters/3ob-3-1/H-C.skf
  /home/andersx/parameters/3ob-3-1/H-H.skf
Done.

Starting initialization...
--------------------------------------------------------------------------------
Mode:                        Static calculation
Self consistent charges:     Yes
SCC-tolerance:                 0.100000E-05
Max. scc iterations:                    100
Ewald alpha parameter:         0.000000E+00
Spin polarisation:           No
Nr. of up electrons:            20.000000
Nr. of down electrons:          20.000000
Periodic boundaries:         No
Diagonalizer:                Divide and Conquer
Mixer:                       Anderson mixer
Mixing parameter:                  0.200000
Maximal SCC-cycles:                     100
Nr. of chrg. vectors to mix:              8
Electronic temperature:        0.100000E-07
Initial charges:             Set automatically (system chrg:   0.000E+00)
Included shells:              N:  s, p
                              C:  s, p
                              H:  s
Full 3rd order correction    Yes
Damped SCC                   Yes
Damped specie(s):            H                                                 
Extra options:
--------------------------------------------------------------------------------
 

********************************************************************************
** Geometry step: 0
********************************************************************************

  iSCC Total electronic   Diff electronic      SCC error    
    1   -0.17198212E+02    0.00000000E+00    0.31344607E+00
    2   -0.17198340E+02   -0.12838510E-03    0.31015276E+00
    3   -0.17201741E+02   -0.34007018E-02    0.83320813E-01
    4   -0.17201666E+02    0.74113066E-04    0.94244327E-01
    5   -0.17201808E+02   -0.14184734E-03    0.71291795E-01
    6   -0.17201949E+02   -0.14088517E-03    0.10902379E-01
    7   -0.17201947E+02    0.23395031E-05    0.14127825E-01
    8   -0.17201962E+02   -0.15337906E-04    0.18297771E-02
    9   -0.17201962E+02    0.18953625E-06    0.27979423E-02
   10   -0.17201962E+02   -0.21034074E-06    0.18753068E-02
   11   -0.17201962E+02   -0.87088065E-07    0.54906224E-03
   12   -0.17201962E+02   -0.18523981E-07    0.11432889E-03
   13   -0.17201962E+02   -0.17603696E-09    0.92180075E-04
   14   -0.17201962E+02   -0.41659121E-10    0.37185639E-05
   15   -0.17201962E+02   -0.12327916E-11    0.14090872E-05
   16   -0.17201962E+02   -0.92370556E-13    0.24567312E-06
>> Charges saved for restart in charges.bin
 
 Total Energy:                     -17.0305417180 H
 Total Mermin free energy:         -17.0305417180 H
