================================================================================
==
==   Density Functional based Tight Binding with a lot of extensions (DFTB+)    
==
==                              Release: 1.2 (p2)
==
==                            (ParserVersion = 4)
==
================================================================================


********************************************************************************
** Parsing and initializing
********************************************************************************

Interpreting input file 'dftb_in.hsd'
--------------------------------------------------------------------------------
WARNING!
-> WriteHSDInput and WriteXMLInput both turned off. You won't eventually be 
 able to obtain the same results with a later version of the code!
Path: dftb_in/ParserOptions
Line: 72-75 (File: dftb_in.hsd)

Reading SK-files:
  /home/andersx/parameters/3ob-3-1/C-C.skf
  /home/andersx/parameters/3ob-3-1/C-O.skf
  /home/andersx/parameters/3ob-3-1/C-H.skf
  /home/andersx/parameters/3ob-3-1/O-C.skf
  /home/andersx/parameters/3ob-3-1/O-O.skf
  /home/andersx/parameters/3ob-3-1/O-H.skf
  /home/andersx/parameters/3ob-3-1/H-C.skf
  /home/andersx/parameters/3ob-3-1/H-O.skf
  /home/andersx/parameters/3ob-3-1/H-H.skf
Done.

Starting initialization...
--------------------------------------------------------------------------------
Mode:                        Static calculation
Self consistent charges:     Yes
SCC-tolerance:                 0.100000E-05
Max. scc iterations:                    100
Ewald alpha parameter:         0.000000E+00
Spin polarisation:           No
Nr. of up electrons:            19.000000
Nr. of down electrons:          19.000000
Periodic boundaries:         No
Diagonalizer:                Divide and Conquer
Mixer:                       Anderson mixer
Mixing parameter:                  0.200000
Maximal SCC-cycles:                     100
Nr. of chrg. vectors to mix:              8
Electronic temperature:        0.100000E-07
Initial charges:             Set automatically (system chrg:   0.000E+00)
Included shells:              C:  s, p
                              O:  s, p
                              H:  s
Full 3rd order correction    Yes
Damped SCC                   Yes
Damped specie(s):            H                                                 
Extra options:
--------------------------------------------------------------------------------
 

********************************************************************************
** Geometry step: 0
********************************************************************************

  iSCC Total electronic   Diff electronic      SCC error    
    1   -0.17297070E+02    0.00000000E+00    0.69137498E+00
    2   -0.17297951E+02   -0.88055198E-03    0.68044478E+00
    3   -0.17323253E+02   -0.25302085E-01    0.65050769E-01
    4   -0.17323247E+02    0.58089111E-05    0.61931359E-01
    5   -0.17323302E+02   -0.55103812E-04    0.24343034E-01
    6   -0.17323314E+02   -0.11912019E-04    0.11586218E-01
    7   -0.17323302E+02    0.12030972E-04    0.23389682E-01
    8   -0.17323324E+02   -0.21848127E-04    0.11100781E-02
    9   -0.17323324E+02   -0.42829882E-07    0.75878597E-03
   10   -0.17323324E+02   -0.65860039E-07    0.35655241E-04
   11   -0.17323324E+02   -0.16577317E-09    0.10317779E-04
   12   -0.17323324E+02   -0.80397911E-11    0.14707804E-05
   13   -0.17323324E+02   -0.88817842E-13    0.63027217E-07
>> Charges saved for restart in charges.bin
 
 Total Energy:                     -17.3001794117 H
 Total Mermin free energy:         -17.3001794117 H
