================================================================================
==
==   Density Functional based Tight Binding with a lot of extensions (DFTB+)    
==
==                              Release: 1.2 (p2)
==
==                            (ParserVersion = 4)
==
================================================================================


********************************************************************************
** Parsing and initializing
********************************************************************************

Interpreting input file 'dftb_in.hsd'
--------------------------------------------------------------------------------
WARNING!
-> WriteHSDInput and WriteXMLInput both turned off. You won't eventually be 
 able to obtain the same results with a later version of the code!
Path: dftb_in/ParserOptions
Line: 72-75 (File: dftb_in.hsd)

Reading SK-files:
  /home/andersx/parameters/3ob-3-1/C-C.skf
  /home/andersx/parameters/3ob-3-1/C-O.skf
  /home/andersx/parameters/3ob-3-1/C-H.skf
  /home/andersx/parameters/3ob-3-1/O-C.skf
  /home/andersx/parameters/3ob-3-1/O-O.skf
  /home/andersx/parameters/3ob-3-1/O-H.skf
  /home/andersx/parameters/3ob-3-1/H-C.skf
  /home/andersx/parameters/3ob-3-1/H-O.skf
  /home/andersx/parameters/3ob-3-1/H-H.skf
Done.

Starting initialization...
--------------------------------------------------------------------------------
Mode:                        Static calculation
Self consistent charges:     Yes
SCC-tolerance:                 0.100000E-05
Max. scc iterations:                    100
Ewald alpha parameter:         0.000000E+00
Spin polarisation:           No
Nr. of up electrons:            19.000000
Nr. of down electrons:          19.000000
Periodic boundaries:         No
Diagonalizer:                Divide and Conquer
Mixer:                       Anderson mixer
Mixing parameter:                  0.200000
Maximal SCC-cycles:                     100
Nr. of chrg. vectors to mix:              8
Electronic temperature:        0.100000E-07
Initial charges:             Set automatically (system chrg:   0.000E+00)
Included shells:              C:  s, p
                              O:  s, p
                              H:  s
Full 3rd order correction    Yes
Damped SCC                   Yes
Damped specie(s):            H                                                 
Extra options:
--------------------------------------------------------------------------------
 

********************************************************************************
** Geometry step: 0
********************************************************************************

  iSCC Total electronic   Diff electronic      SCC error    
    1   -0.17357689E+02    0.00000000E+00    0.45627858E+00
    2   -0.17358185E+02   -0.49534974E-03    0.44884964E+00
    3   -0.17371825E+02   -0.13640396E-01    0.13134715E+00
    4   -0.17371798E+02    0.26962644E-04    0.12966128E+00
    5   -0.17371960E+02   -0.16219319E-03    0.13449488E-01
    6   -0.17371964E+02   -0.32800494E-05    0.67330599E-02
    7   -0.17371962E+02    0.16101206E-05    0.67477516E-02
    8   -0.17371970E+02   -0.76584952E-05    0.90388484E-03
    9   -0.17371970E+02   -0.63659193E-08    0.63275436E-03
   10   -0.17371970E+02   -0.24807502E-07    0.52319687E-04
   11   -0.17371970E+02   -0.27879565E-09    0.28295220E-04
   12   -0.17371970E+02   -0.10260592E-09    0.10602287E-05
   13   -0.17371970E+02   -0.12079227E-12    0.16114362E-06
>> Charges saved for restart in charges.bin
 
 Total Energy:                     -17.2653017002 H
 Total Mermin free energy:         -17.2653017002 H
