================================================================================
==
==   Density Functional based Tight Binding with a lot of extensions (DFTB+)    
==
==                              Release: 1.2 (p2)
==
==                            (ParserVersion = 4)
==
================================================================================


********************************************************************************
** Parsing and initializing
********************************************************************************

Interpreting input file 'dftb_in.hsd'
--------------------------------------------------------------------------------
WARNING!
-> WriteHSDInput and WriteXMLInput both turned off. You won't eventually be 
 able to obtain the same results with a later version of the code!
Path: dftb_in/ParserOptions
Line: 76-79 (File: dftb_in.hsd)

Reading SK-files:
  /home/andersx/parameters/3ob-3-1/C-C.skf
  /home/andersx/parameters/3ob-3-1/C-O.skf
  /home/andersx/parameters/3ob-3-1/C-H.skf
  /home/andersx/parameters/3ob-3-1/O-C.skf
  /home/andersx/parameters/3ob-3-1/O-O.skf
  /home/andersx/parameters/3ob-3-1/O-H.skf
  /home/andersx/parameters/3ob-3-1/H-C.skf
  /home/andersx/parameters/3ob-3-1/H-O.skf
  /home/andersx/parameters/3ob-3-1/H-H.skf
Done.

Starting initialization...
--------------------------------------------------------------------------------
Mode:                        Static calculation
Self consistent charges:     Yes
SCC-tolerance:                 0.100000E-05
Max. scc iterations:                    100
Ewald alpha parameter:         0.000000E+00
Spin polarisation:           No
Nr. of up electrons:            20.000000
Nr. of down electrons:          20.000000
Periodic boundaries:         No
Diagonalizer:                Divide and Conquer
Mixer:                       Anderson mixer
Mixing parameter:                  0.200000
Maximal SCC-cycles:                     100
Nr. of chrg. vectors to mix:              8
Electronic temperature:        0.100000E-07
Initial charges:             Set automatically (system chrg:   0.000E+00)
Included shells:              C:  s, p
                              O:  s, p
                              H:  s
Full 3rd order correction    Yes
Damped SCC                   Yes
Damped specie(s):            H                                                 
Extra options:
--------------------------------------------------------------------------------
 

********************************************************************************
** Geometry step: 0
********************************************************************************

  iSCC Total electronic   Diff electronic      SCC error    
    1   -0.17198972E+02    0.00000000E+00    0.58286684E+00
    2   -0.17199307E+02   -0.33466902E-03    0.57394513E+00
    3   -0.17208333E+02   -0.90266303E-02    0.79885583E-01
    4   -0.17208203E+02    0.12986075E-03    0.71243278E-01
    5   -0.17208461E+02   -0.25730844E-03    0.90870689E-01
    6   -0.17208632E+02   -0.17139180E-03    0.11407123E-01
    7   -0.17208632E+02   -0.12595172E-06    0.11074890E-01
    8   -0.17208645E+02   -0.12830592E-04    0.42172681E-02
    9   -0.17208646E+02   -0.49487859E-06    0.87724777E-03
   10   -0.17208646E+02   -0.83225785E-07    0.24690351E-03
   11   -0.17208646E+02   -0.43239012E-09    0.14148776E-03
   12   -0.17208646E+02   -0.32453329E-09    0.67486873E-05
   13   -0.17208646E+02   -0.83453244E-11    0.22645089E-05
   14   -0.17208646E+02   -0.27000624E-12    0.28360678E-06
>> Charges saved for restart in charges.bin
 
 Total Energy:                     -17.3055602803 H
 Total Mermin free energy:         -17.3055602803 H
