================================================================================
==
==   Density Functional based Tight Binding with a lot of extensions (DFTB+)    
==
==                              Release: 1.2 (p2)
==
==                            (ParserVersion = 4)
==
================================================================================


********************************************************************************
** Parsing and initializing
********************************************************************************

Interpreting input file 'dftb_in.hsd'
--------------------------------------------------------------------------------
WARNING!
-> WriteHSDInput and WriteXMLInput both turned off. You won't eventually be 
 able to obtain the same results with a later version of the code!
Path: dftb_in/ParserOptions
Line: 74-77 (File: dftb_in.hsd)

Reading SK-files:
  /home/andersx/parameters/3ob-3-1/C-C.skf
  /home/andersx/parameters/3ob-3-1/C-O.skf
  /home/andersx/parameters/3ob-3-1/C-H.skf
  /home/andersx/parameters/3ob-3-1/O-C.skf
  /home/andersx/parameters/3ob-3-1/O-O.skf
  /home/andersx/parameters/3ob-3-1/O-H.skf
  /home/andersx/parameters/3ob-3-1/H-C.skf
  /home/andersx/parameters/3ob-3-1/H-O.skf
  /home/andersx/parameters/3ob-3-1/H-H.skf
Done.

Starting initialization...
--------------------------------------------------------------------------------
Mode:                        Static calculation
Self consistent charges:     Yes
SCC-tolerance:                 0.100000E-05
Max. scc iterations:                    100
Ewald alpha parameter:         0.000000E+00
Spin polarisation:           No
Nr. of up electrons:            20.000000
Nr. of down electrons:          20.000000
Periodic boundaries:         No
Diagonalizer:                Divide and Conquer
Mixer:                       Anderson mixer
Mixing parameter:                  0.200000
Maximal SCC-cycles:                     100
Nr. of chrg. vectors to mix:              8
Electronic temperature:        0.100000E-07
Initial charges:             Set automatically (system chrg:   0.000E+00)
Included shells:              C:  s, p
                              O:  s, p
                              H:  s
Full 3rd order correction    Yes
Damped SCC                   Yes
Damped specie(s):            H                                                 
Extra options:
--------------------------------------------------------------------------------
 

********************************************************************************
** Geometry step: 0
********************************************************************************

  iSCC Total electronic   Diff electronic      SCC error    
    1   -0.18108360E+02    0.00000000E+00    0.65383466E+00
    2   -0.18109287E+02   -0.92658381E-03    0.64269195E+00
    3   -0.18134775E+02   -0.25488316E-01    0.91271967E-01
    4   -0.18134747E+02    0.27944469E-04    0.88698520E-01
    5   -0.18134944E+02   -0.19708077E-03    0.14881123E-01
    6   -0.18134953E+02   -0.91416217E-05    0.66480288E-02
    7   -0.18134953E+02    0.32947220E-07    0.78066458E-02
    8   -0.18134956E+02   -0.22515581E-05    0.59165383E-03
    9   -0.18134956E+02   -0.10715592E-07    0.48088764E-03
   10   -0.18134956E+02   -0.22630076E-07    0.36614631E-04
   11   -0.18134956E+02   -0.80802920E-10    0.93050903E-05
   12   -0.18134956E+02   -0.36450842E-11    0.96138681E-06
>> Charges saved for restart in charges.bin
 
 Total Energy:                     -18.1247960702 H
 Total Mermin free energy:         -18.1247960702 H
