================================================================================
==
==   Density Functional based Tight Binding with a lot of extensions (DFTB+)    
==
==                              Release: 1.2 (p2)
==
==                            (ParserVersion = 4)
==
================================================================================


********************************************************************************
** Parsing and initializing
********************************************************************************

Interpreting input file 'dftb_in.hsd'
--------------------------------------------------------------------------------
WARNING!
-> WriteHSDInput and WriteXMLInput both turned off. You won't eventually be 
 able to obtain the same results with a later version of the code!
Path: dftb_in/ParserOptions
Line: 72-75 (File: dftb_in.hsd)

Reading SK-files:
  /home/andersx/parameters/3ob-3-1/C-C.skf
  /home/andersx/parameters/3ob-3-1/C-O.skf
  /home/andersx/parameters/3ob-3-1/C-H.skf
  /home/andersx/parameters/3ob-3-1/O-C.skf
  /home/andersx/parameters/3ob-3-1/O-O.skf
  /home/andersx/parameters/3ob-3-1/O-H.skf
  /home/andersx/parameters/3ob-3-1/H-C.skf
  /home/andersx/parameters/3ob-3-1/H-O.skf
  /home/andersx/parameters/3ob-3-1/H-H.skf
Done.

Starting initialization...
--------------------------------------------------------------------------------
Mode:                        Static calculation
Self consistent charges:     Yes
SCC-tolerance:                 0.100000E-05
Max. scc iterations:                    100
Ewald alpha parameter:         0.000000E+00
Spin polarisation:           No
Nr. of up electrons:            18.000000
Nr. of down electrons:          18.000000
Periodic boundaries:         No
Diagonalizer:                Divide and Conquer
Mixer:                       Anderson mixer
Mixing parameter:                  0.200000
Maximal SCC-cycles:                     100
Nr. of chrg. vectors to mix:              8
Electronic temperature:        0.100000E-07
Initial charges:             Set automatically (system chrg:   0.000E+00)
Included shells:              C:  s, p
                              O:  s, p
                              H:  s
Full 3rd order correction    Yes
Damped SCC                   Yes
Damped specie(s):            H                                                 
Extra options:
--------------------------------------------------------------------------------
 

********************************************************************************
** Geometry step: 0
********************************************************************************

  iSCC Total electronic   Diff electronic      SCC error    
    1   -0.15846346E+02    0.00000000E+00    0.27747914E+00
    2   -0.15846531E+02   -0.18483589E-03    0.27302475E+00
    3   -0.15852012E+02   -0.54811302E-02    0.38695648E-01
    4   -0.15852012E+02    0.37206500E-06    0.36219426E-01
    5   -0.15852000E+02    0.11086626E-04    0.15742092E-01
    6   -0.15852015E+02   -0.14469005E-04    0.31159705E-02
    7   -0.15852016E+02   -0.71333634E-06    0.37638379E-02
    8   -0.15852018E+02   -0.23401945E-05    0.28315577E-02
    9   -0.15852018E+02    0.11022214E-07    0.28308842E-02
   10   -0.15852018E+02   -0.45747649E-07    0.25690130E-02
   11   -0.15852018E+02   -0.70489511E-07    0.10290111E-02
   12   -0.15852018E+02   -0.12886277E-06    0.12370288E-03
   13   -0.15852018E+02   -0.32972807E-08    0.16647152E-06
>> Charges saved for restart in charges.bin
 
 Total Energy:                     -15.7436280528 H
 Total Mermin free energy:         -15.7436280528 H
