================================================================================
==
==   Density Functional based Tight Binding with a lot of extensions (DFTB+)    
==
==                              Release: 1.2 (p2)
==
==                            (ParserVersion = 4)
==
================================================================================


********************************************************************************
** Parsing and initializing
********************************************************************************

Interpreting input file 'dftb_in.hsd'
--------------------------------------------------------------------------------
WARNING!
-> WriteHSDInput and WriteXMLInput both turned off. You won't eventually be 
 able to obtain the same results with a later version of the code!
Path: dftb_in/ParserOptions
Line: 76-79 (File: dftb_in.hsd)

Reading SK-files:
  /home/andersx/parameters/3ob-3-1/C-C.skf
  /home/andersx/parameters/3ob-3-1/C-O.skf
  /home/andersx/parameters/3ob-3-1/C-H.skf
  /home/andersx/parameters/3ob-3-1/O-C.skf
  /home/andersx/parameters/3ob-3-1/O-O.skf
  /home/andersx/parameters/3ob-3-1/O-H.skf
  /home/andersx/parameters/3ob-3-1/H-C.skf
  /home/andersx/parameters/3ob-3-1/H-O.skf
  /home/andersx/parameters/3ob-3-1/H-H.skf
Done.

Starting initialization...
--------------------------------------------------------------------------------
Mode:                        Static calculation
Self consistent charges:     Yes
SCC-tolerance:                 0.100000E-05
Max. scc iterations:                    100
Ewald alpha parameter:         0.000000E+00
Spin polarisation:           No
Nr. of up electrons:            20.000000
Nr. of down electrons:          20.000000
Periodic boundaries:         No
Diagonalizer:                Divide and Conquer
Mixer:                       Anderson mixer
Mixing parameter:                  0.200000
Maximal SCC-cycles:                     100
Nr. of chrg. vectors to mix:              8
Electronic temperature:        0.100000E-07
Initial charges:             Set automatically (system chrg:   0.000E+00)
Included shells:              C:  s, p
                              O:  s, p
                              H:  s
Full 3rd order correction    Yes
Damped SCC                   Yes
Damped specie(s):            H                                                 
Extra options:
--------------------------------------------------------------------------------
 

********************************************************************************
** Geometry step: 0
********************************************************************************

  iSCC Total electronic   Diff electronic      SCC error    
    1   -0.17157601E+02    0.00000000E+00    0.62627435E+00
    2   -0.17157980E+02   -0.37972352E-03    0.61648628E+00
    3   -0.17168671E+02   -0.10690652E-01    0.51123109E-01
    4   -0.17168613E+02    0.57784308E-04    0.46996012E-01
    5   -0.17168614E+02   -0.10080387E-05    0.79881986E-01
    6   -0.17168769E+02   -0.15454359E-03    0.36744775E-02
    7   -0.17168770E+02   -0.10175110E-05    0.26636203E-02
    8   -0.17168772E+02   -0.26519462E-05    0.45766664E-03
    9   -0.17168772E+02    0.54904667E-08    0.66294309E-03
   10   -0.17168772E+02   -0.62549823E-08    0.39918242E-03
   11   -0.17168772E+02   -0.32387462E-08    0.52215378E-04
   12   -0.17168772E+02   -0.24859759E-09    0.39197067E-05
   13   -0.17168772E+02   -0.17337243E-11    0.16016352E-05
   14   -0.17168772E+02   -0.11368684E-12    0.32982753E-07
>> Charges saved for restart in charges.bin
 
 Total Energy:                     -17.2697984403 H
 Total Mermin free energy:         -17.2697984403 H
