================================================================================
==
==   Density Functional based Tight Binding with a lot of extensions (DFTB+)    
==
==                              Release: 1.2 (p2)
==
==                            (ParserVersion = 4)
==
================================================================================


********************************************************************************
** Parsing and initializing
********************************************************************************

Interpreting input file 'dftb_in.hsd'
--------------------------------------------------------------------------------
WARNING!
-> WriteHSDInput and WriteXMLInput both turned off. You won't eventually be 
 able to obtain the same results with a later version of the code!
Path: dftb_in/ParserOptions
Line: 74-77 (File: dftb_in.hsd)

Reading SK-files:
  /home/andersx/parameters/3ob-3-1/C-C.skf
  /home/andersx/parameters/3ob-3-1/C-O.skf
  /home/andersx/parameters/3ob-3-1/C-H.skf
  /home/andersx/parameters/3ob-3-1/O-C.skf
  /home/andersx/parameters/3ob-3-1/O-O.skf
  /home/andersx/parameters/3ob-3-1/O-H.skf
  /home/andersx/parameters/3ob-3-1/H-C.skf
  /home/andersx/parameters/3ob-3-1/H-O.skf
  /home/andersx/parameters/3ob-3-1/H-H.skf
Done.

Starting initialization...
--------------------------------------------------------------------------------
Mode:                        Static calculation
Self consistent charges:     Yes
SCC-tolerance:                 0.100000E-05
Max. scc iterations:                    100
Ewald alpha parameter:         0.000000E+00
Spin polarisation:           No
Nr. of up electrons:            19.000000
Nr. of down electrons:          19.000000
Periodic boundaries:         No
Diagonalizer:                Divide and Conquer
Mixer:                       Anderson mixer
Mixing parameter:                  0.200000
Maximal SCC-cycles:                     100
Nr. of chrg. vectors to mix:              8
Electronic temperature:        0.100000E-07
Initial charges:             Set automatically (system chrg:   0.000E+00)
Included shells:              C:  s, p
                              O:  s, p
                              H:  s
Full 3rd order correction    Yes
Damped SCC                   Yes
Damped specie(s):            H                                                 
Extra options:
--------------------------------------------------------------------------------
 

********************************************************************************
** Geometry step: 0
********************************************************************************

  iSCC Total electronic   Diff electronic      SCC error    
    1   -0.16479547E+02    0.00000000E+00    0.42955001E+00
    2   -0.16479777E+02   -0.23020440E-03    0.42269591E+00
    3   -0.16485258E+02   -0.54810672E-02    0.93732747E-01
    4   -0.16485141E+02    0.11721109E-03    0.91448589E-01
    5   -0.16485942E+02   -0.80134669E-03    0.36102325E-01
    6   -0.16485965E+02   -0.22865588E-04    0.21991813E-01
    7   -0.16485978E+02   -0.13194339E-04    0.23178312E-01
    8   -0.16486003E+02   -0.25203948E-04    0.23676571E-02
    9   -0.16486004E+02   -0.27862621E-06    0.18210873E-02
   10   -0.16486004E+02   -0.35067845E-06    0.15626927E-03
   11   -0.16486004E+02   -0.25016789E-08    0.78316312E-04
   12   -0.16486004E+02   -0.58340532E-09    0.21607984E-04
   13   -0.16486004E+02   -0.12885693E-10    0.32234510E-05
   14   -0.16486004E+02   -0.56843419E-13    0.42567098E-06
>> Charges saved for restart in charges.bin
 
 Total Energy:                     -16.4652317246 H
 Total Mermin free energy:         -16.4652317246 H
