================================================================================
==
==   Density Functional based Tight Binding with a lot of extensions (DFTB+)    
==
==                              Release: 1.2 (p2)
==
==                            (ParserVersion = 4)
==
================================================================================


********************************************************************************
** Parsing and initializing
********************************************************************************

Interpreting input file 'dftb_in.hsd'
--------------------------------------------------------------------------------
WARNING!
-> WriteHSDInput and WriteXMLInput both turned off. You won't eventually be 
 able to obtain the same results with a later version of the code!
Path: dftb_in/ParserOptions
Line: 74-77 (File: dftb_in.hsd)

Reading SK-files:
  /home/andersx/parameters/3ob-3-1/C-C.skf
  /home/andersx/parameters/3ob-3-1/C-O.skf
  /home/andersx/parameters/3ob-3-1/C-H.skf
  /home/andersx/parameters/3ob-3-1/O-C.skf
  /home/andersx/parameters/3ob-3-1/O-O.skf
  /home/andersx/parameters/3ob-3-1/O-H.skf
  /home/andersx/parameters/3ob-3-1/H-C.skf
  /home/andersx/parameters/3ob-3-1/H-O.skf
  /home/andersx/parameters/3ob-3-1/H-H.skf
Done.

Starting initialization...
--------------------------------------------------------------------------------
Mode:                        Static calculation
Self consistent charges:     Yes
SCC-tolerance:                 0.100000E-05
Max. scc iterations:                    100
Ewald alpha parameter:         0.000000E+00
Spin polarisation:           No
Nr. of up electrons:            20.000000
Nr. of down electrons:          20.000000
Periodic boundaries:         No
Diagonalizer:                Divide and Conquer
Mixer:                       Anderson mixer
Mixing parameter:                  0.200000
Maximal SCC-cycles:                     100
Nr. of chrg. vectors to mix:              8
Electronic temperature:        0.100000E-07
Initial charges:             Set automatically (system chrg:   0.000E+00)
Included shells:              C:  s, p
                              O:  s, p
                              H:  s
Full 3rd order correction    Yes
Damped SCC                   Yes
Damped specie(s):            H                                                 
Extra options:
--------------------------------------------------------------------------------
 

********************************************************************************
** Geometry step: 0
********************************************************************************

  iSCC Total electronic   Diff electronic      SCC error    
    1   -0.18181583E+02    0.00000000E+00    0.56956159E+00
    2   -0.18182133E+02   -0.54911832E-03    0.56075181E+00
    3   -0.18197449E+02   -0.15316388E-01    0.11321798E+00
    4   -0.18197379E+02    0.69512532E-04    0.10602352E+00
    5   -0.18197820E+02   -0.44064733E-03    0.24616383E-01
    6   -0.18197839E+02   -0.18845902E-04    0.16162479E-01
    7   -0.18197845E+02   -0.62943467E-05    0.12879979E-01
    8   -0.18197864E+02   -0.19052361E-04    0.17468631E-02
    9   -0.18197864E+02   -0.79637640E-07    0.15606106E-02
   10   -0.18197865E+02   -0.24473178E-06    0.61926701E-03
   11   -0.18197865E+02   -0.15435990E-07    0.33226003E-03
   12   -0.18197865E+02   -0.17427766E-08    0.16539343E-04
   13   -0.18197865E+02   -0.12228440E-10    0.44455161E-05
   14   -0.18197865E+02   -0.28421709E-12    0.40511287E-06
>> Charges saved for restart in charges.bin
 
 Total Energy:                     -18.1285827769 H
 Total Mermin free energy:         -18.1285827769 H
