================================================================================
==
==   Density Functional based Tight Binding with a lot of extensions (DFTB+)    
==
==                              Release: 1.2 (p2)
==
==                            (ParserVersion = 4)
==
================================================================================


********************************************************************************
** Parsing and initializing
********************************************************************************

Interpreting input file 'dftb_in.hsd'
--------------------------------------------------------------------------------
WARNING!
-> WriteHSDInput and WriteXMLInput both turned off. You won't eventually be 
 able to obtain the same results with a later version of the code!
Path: dftb_in/ParserOptions
Line: 74-77 (File: dftb_in.hsd)

Reading SK-files:
  /home/andersx/parameters/3ob-3-1/C-C.skf
  /home/andersx/parameters/3ob-3-1/C-O.skf
  /home/andersx/parameters/3ob-3-1/C-H.skf
  /home/andersx/parameters/3ob-3-1/O-C.skf
  /home/andersx/parameters/3ob-3-1/O-O.skf
  /home/andersx/parameters/3ob-3-1/O-H.skf
  /home/andersx/parameters/3ob-3-1/H-C.skf
  /home/andersx/parameters/3ob-3-1/H-O.skf
  /home/andersx/parameters/3ob-3-1/H-H.skf
Done.

Starting initialization...
--------------------------------------------------------------------------------
Mode:                        Static calculation
Self consistent charges:     Yes
SCC-tolerance:                 0.100000E-05
Max. scc iterations:                    100
Ewald alpha parameter:         0.000000E+00
Spin polarisation:           No
Nr. of up electrons:            20.000000
Nr. of down electrons:          20.000000
Periodic boundaries:         No
Diagonalizer:                Divide and Conquer
Mixer:                       Anderson mixer
Mixing parameter:                  0.200000
Maximal SCC-cycles:                     100
Nr. of chrg. vectors to mix:              8
Electronic temperature:        0.100000E-07
Initial charges:             Set automatically (system chrg:   0.000E+00)
Included shells:              C:  s, p
                              O:  s, p
                              H:  s
Full 3rd order correction    Yes
Damped SCC                   Yes
Damped specie(s):            H                                                 
Extra options:
--------------------------------------------------------------------------------
 

********************************************************************************
** Geometry step: 0
********************************************************************************

  iSCC Total electronic   Diff electronic      SCC error    
    1   -0.18135780E+02    0.00000000E+00    0.61411754E+00
    2   -0.18136386E+02   -0.60639917E-03    0.60495118E+00
    3   -0.18152876E+02   -0.16490083E-01    0.96776543E-01
    4   -0.18152739E+02    0.13775556E-03    0.78255015E-01
    5   -0.18153265E+02   -0.52639582E-03    0.51591598E-01
    6   -0.18153391E+02   -0.12642952E-03    0.10926363E-01
    7   -0.18153378E+02    0.13346514E-04    0.96723886E-02
    8   -0.18153399E+02   -0.21254116E-04    0.23026031E-02
    9   -0.18153400E+02   -0.71009580E-06    0.44664083E-03
   10   -0.18153400E+02   -0.42774779E-07    0.46727354E-04
   11   -0.18153400E+02   -0.22831159E-09    0.28958598E-04
   12   -0.18153400E+02   -0.72066797E-10    0.24223253E-05
   13   -0.18153400E+02   -0.35527137E-13    0.32951715E-06
>> Charges saved for restart in charges.bin
 
 Total Energy:                     -18.1601844879 H
 Total Mermin free energy:         -18.1601844879 H
