================================================================================
==
==   Density Functional based Tight Binding with a lot of extensions (DFTB+)    
==
==                              Release: 1.2 (p2)
==
==                            (ParserVersion = 4)
==
================================================================================


********************************************************************************
** Parsing and initializing
********************************************************************************

Interpreting input file 'dftb_in.hsd'
--------------------------------------------------------------------------------
WARNING!
-> WriteHSDInput and WriteXMLInput both turned off. You won't eventually be 
 able to obtain the same results with a later version of the code!
Path: dftb_in/ParserOptions
Line: 74-77 (File: dftb_in.hsd)

Reading SK-files:
  /home/andersx/parameters/3ob-3-1/C-C.skf
  /home/andersx/parameters/3ob-3-1/C-O.skf
  /home/andersx/parameters/3ob-3-1/C-H.skf
  /home/andersx/parameters/3ob-3-1/O-C.skf
  /home/andersx/parameters/3ob-3-1/O-O.skf
  /home/andersx/parameters/3ob-3-1/O-H.skf
  /home/andersx/parameters/3ob-3-1/H-C.skf
  /home/andersx/parameters/3ob-3-1/H-O.skf
  /home/andersx/parameters/3ob-3-1/H-H.skf
Done.

Starting initialization...
--------------------------------------------------------------------------------
Mode:                        Static calculation
Self consistent charges:     Yes
SCC-tolerance:                 0.100000E-05
Max. scc iterations:                    100
Ewald alpha parameter:         0.000000E+00
Spin polarisation:           No
Nr. of up electrons:            20.000000
Nr. of down electrons:          20.000000
Periodic boundaries:         No
Diagonalizer:                Divide and Conquer
Mixer:                       Anderson mixer
Mixing parameter:                  0.200000
Maximal SCC-cycles:                     100
Nr. of chrg. vectors to mix:              8
Electronic temperature:        0.100000E-07
Initial charges:             Set automatically (system chrg:   0.000E+00)
Included shells:              C:  s, p
                              O:  s, p
                              H:  s
Full 3rd order correction    Yes
Damped SCC                   Yes
Damped specie(s):            H                                                 
Extra options:
--------------------------------------------------------------------------------
 

********************************************************************************
** Geometry step: 0
********************************************************************************

  iSCC Total electronic   Diff electronic      SCC error    
    1   -0.18055359E+02    0.00000000E+00    0.59158172E+00
    2   -0.18055840E+02   -0.48035042E-03    0.58293084E+00
    3   -0.18069654E+02   -0.13814639E-01    0.81828111E-01
    4   -0.18069602E+02    0.52408190E-04    0.78826712E-01
    5   -0.18069859E+02   -0.25770429E-03    0.26791565E-01
    6   -0.18069885E+02   -0.26041343E-04    0.60218889E-02
    7   -0.18069877E+02    0.85777393E-05    0.65282863E-02
    8   -0.18069895E+02   -0.18221415E-04    0.98961550E-03
    9   -0.18069895E+02   -0.14829366E-06    0.43372041E-03
   10   -0.18069895E+02   -0.38802479E-07    0.64852835E-04
   11   -0.18069895E+02   -0.10781420E-09    0.32531510E-04
   12   -0.18069895E+02   -0.19110402E-09    0.18652581E-05
   13   -0.18069895E+02   -0.67501560E-13    0.15546230E-06
>> Charges saved for restart in charges.bin
 
 Total Energy:                     -18.0832729849 H
 Total Mermin free energy:         -18.0832729849 H
