================================================================================
==
==   Density Functional based Tight Binding with a lot of extensions (DFTB+)    
==
==                              Release: 1.2 (p2)
==
==                            (ParserVersion = 4)
==
================================================================================


********************************************************************************
** Parsing and initializing
********************************************************************************

Interpreting input file 'dftb_in.hsd'
--------------------------------------------------------------------------------
WARNING!
-> WriteHSDInput and WriteXMLInput both turned off. You won't eventually be 
 able to obtain the same results with a later version of the code!
Path: dftb_in/ParserOptions
Line: 74-77 (File: dftb_in.hsd)

Reading SK-files:
  /home/andersx/parameters/3ob-3-1/C-C.skf
  /home/andersx/parameters/3ob-3-1/C-O.skf
  /home/andersx/parameters/3ob-3-1/C-H.skf
  /home/andersx/parameters/3ob-3-1/O-C.skf
  /home/andersx/parameters/3ob-3-1/O-O.skf
  /home/andersx/parameters/3ob-3-1/O-H.skf
  /home/andersx/parameters/3ob-3-1/H-C.skf
  /home/andersx/parameters/3ob-3-1/H-O.skf
  /home/andersx/parameters/3ob-3-1/H-H.skf
Done.

Starting initialization...
--------------------------------------------------------------------------------
Mode:                        Static calculation
Self consistent charges:     Yes
SCC-tolerance:                 0.100000E-05
Max. scc iterations:                    100
Ewald alpha parameter:         0.000000E+00
Spin polarisation:           No
Nr. of up electrons:            19.000000
Nr. of down electrons:          19.000000
Periodic boundaries:         No
Diagonalizer:                Divide and Conquer
Mixer:                       Anderson mixer
Mixing parameter:                  0.200000
Maximal SCC-cycles:                     100
Nr. of chrg. vectors to mix:              8
Electronic temperature:        0.100000E-07
Initial charges:             Set automatically (system chrg:   0.000E+00)
Included shells:              C:  s, p
                              O:  s, p
                              H:  s
Full 3rd order correction    Yes
Damped SCC                   Yes
Damped specie(s):            H                                                 
Extra options:
--------------------------------------------------------------------------------
 

********************************************************************************
** Geometry step: 0
********************************************************************************

  iSCC Total electronic   Diff electronic      SCC error    
    1   -0.16509535E+02    0.00000000E+00    0.63947778E+00
    2   -0.16509997E+02   -0.46136876E-03    0.62924015E+00
    3   -0.16522225E+02   -0.12228102E-01    0.74966457E-01
    4   -0.16522121E+02    0.10387026E-03    0.66546472E-01
    5   -0.16522500E+02   -0.37849032E-03    0.63745701E-01
    6   -0.16522606E+02   -0.10620378E-03    0.24606508E-01
    7   -0.16522582E+02    0.24144342E-04    0.35768251E-01
    8   -0.16522625E+02   -0.43518990E-04    0.58078616E-02
    9   -0.16522626E+02   -0.81334944E-06    0.23348352E-02
   10   -0.16522626E+02   -0.30406674E-06    0.19413994E-03
   11   -0.16522626E+02   -0.15449295E-08    0.11021030E-03
   12   -0.16522626E+02   -0.71617379E-09    0.12274835E-04
   13   -0.16522626E+02   -0.16537882E-10    0.27141592E-05
   14   -0.16522626E+02   -0.20605739E-12    0.66346101E-06
>> Charges saved for restart in charges.bin
 
 Total Energy:                     -16.5290480808 H
 Total Mermin free energy:         -16.5290480808 H
