================================================================================
==
==   Density Functional based Tight Binding with a lot of extensions (DFTB+)    
==
==                              Release: 1.2 (p2)
==
==                            (ParserVersion = 4)
==
================================================================================


********************************************************************************
** Parsing and initializing
********************************************************************************

Interpreting input file 'dftb_in.hsd'
--------------------------------------------------------------------------------
WARNING!
-> WriteHSDInput and WriteXMLInput both turned off. You won't eventually be 
 able to obtain the same results with a later version of the code!
Path: dftb_in/ParserOptions
Line: 74-77 (File: dftb_in.hsd)

Reading SK-files:
  /home/andersx/parameters/3ob-3-1/C-C.skf
  /home/andersx/parameters/3ob-3-1/C-O.skf
  /home/andersx/parameters/3ob-3-1/C-H.skf
  /home/andersx/parameters/3ob-3-1/O-C.skf
  /home/andersx/parameters/3ob-3-1/O-O.skf
  /home/andersx/parameters/3ob-3-1/O-H.skf
  /home/andersx/parameters/3ob-3-1/H-C.skf
  /home/andersx/parameters/3ob-3-1/H-O.skf
  /home/andersx/parameters/3ob-3-1/H-H.skf
Done.

Starting initialization...
--------------------------------------------------------------------------------
Mode:                        Static calculation
Self consistent charges:     Yes
SCC-tolerance:                 0.100000E-05
Max. scc iterations:                    100
Ewald alpha parameter:         0.000000E+00
Spin polarisation:           No
Nr. of up electrons:            19.000000
Nr. of down electrons:          19.000000
Periodic boundaries:         No
Diagonalizer:                Divide and Conquer
Mixer:                       Anderson mixer
Mixing parameter:                  0.200000
Maximal SCC-cycles:                     100
Nr. of chrg. vectors to mix:              8
Electronic temperature:        0.100000E-07
Initial charges:             Set automatically (system chrg:   0.000E+00)
Included shells:              C:  s, p
                              O:  s, p
                              H:  s
Full 3rd order correction    Yes
Damped SCC                   Yes
Damped specie(s):            H                                                 
Extra options:
--------------------------------------------------------------------------------
 

********************************************************************************
** Geometry step: 0
********************************************************************************

  iSCC Total electronic   Diff electronic      SCC error    
    1   -0.16510617E+02    0.00000000E+00    0.63678783E+00
    2   -0.16511074E+02   -0.45770745E-03    0.62665238E+00
    3   -0.16523626E+02   -0.12551874E-01    0.66667511E-01
    4   -0.16523549E+02    0.77181399E-04    0.58888128E-01
    5   -0.16523684E+02   -0.13539833E-03    0.64698377E-01
    6   -0.16523803E+02   -0.11899956E-03    0.12585122E-01
    7   -0.16523797E+02    0.65863054E-05    0.18737629E-01
    8   -0.16523817E+02   -0.19989254E-04    0.51447807E-02
    9   -0.16523818E+02   -0.92787051E-06    0.14632730E-02
   10   -0.16523818E+02   -0.17928512E-06    0.32817169E-03
   11   -0.16523818E+02   -0.38049457E-08    0.80769593E-04
   12   -0.16523818E+02   -0.57341509E-09    0.10424504E-04
   13   -0.16523818E+02   -0.83062446E-11    0.16769685E-05
   14   -0.16523818E+02   -0.85265128E-13    0.20471026E-06
>> Charges saved for restart in charges.bin
 
 Total Energy:                     -16.5290563096 H
 Total Mermin free energy:         -16.5290563096 H
