================================================================================
==
==   Density Functional based Tight Binding with a lot of extensions (DFTB+)    
==
==                              Release: 1.2 (p2)
==
==                            (ParserVersion = 4)
==
================================================================================


********************************************************************************
** Parsing and initializing
********************************************************************************

Interpreting input file 'dftb_in.hsd'
--------------------------------------------------------------------------------
WARNING!
-> WriteHSDInput and WriteXMLInput both turned off. You won't eventually be 
 able to obtain the same results with a later version of the code!
Path: dftb_in/ParserOptions
Line: 70-73 (File: dftb_in.hsd)

Reading SK-files:
  /home/andersx/parameters/3ob-3-1/C-C.skf
  /home/andersx/parameters/3ob-3-1/C-O.skf
  /home/andersx/parameters/3ob-3-1/C-H.skf
  /home/andersx/parameters/3ob-3-1/O-C.skf
  /home/andersx/parameters/3ob-3-1/O-O.skf
  /home/andersx/parameters/3ob-3-1/O-H.skf
  /home/andersx/parameters/3ob-3-1/H-C.skf
  /home/andersx/parameters/3ob-3-1/H-O.skf
  /home/andersx/parameters/3ob-3-1/H-H.skf
Done.

Starting initialization...
--------------------------------------------------------------------------------
Mode:                        Static calculation
Self consistent charges:     Yes
SCC-tolerance:                 0.100000E-05
Max. scc iterations:                    100
Ewald alpha parameter:         0.000000E+00
Spin polarisation:           No
Nr. of up electrons:            18.000000
Nr. of down electrons:          18.000000
Periodic boundaries:         No
Diagonalizer:                Divide and Conquer
Mixer:                       Anderson mixer
Mixing parameter:                  0.200000
Maximal SCC-cycles:                     100
Nr. of chrg. vectors to mix:              8
Electronic temperature:        0.100000E-07
Initial charges:             Set automatically (system chrg:   0.000E+00)
Included shells:              C:  s, p
                              O:  s, p
                              H:  s
Full 3rd order correction    Yes
Damped SCC                   Yes
Damped specie(s):            H                                                 
Extra options:
--------------------------------------------------------------------------------
 

********************************************************************************
** Geometry step: 0
********************************************************************************

  iSCC Total electronic   Diff electronic      SCC error    
    1   -0.16738743E+02    0.00000000E+00    0.54268701E+00
    2   -0.16739214E+02   -0.47046413E-03    0.53381088E+00
    3   -0.16752250E+02   -0.13035757E-01    0.98461510E-01
    4   -0.16752229E+02    0.20855197E-04    0.95340951E-01
    5   -0.16752506E+02   -0.27700344E-03    0.15169175E-01
    6   -0.16752502E+02    0.39375587E-05    0.10995702E-01
    7   -0.16752520E+02   -0.18374087E-04    0.67463546E-02
    8   -0.16752523E+02   -0.24598418E-05    0.35972849E-02
    9   -0.16752523E+02   -0.59524593E-06    0.48400896E-03
   10   -0.16752523E+02   -0.22297638E-07    0.27572080E-03
   11   -0.16752523E+02   -0.87126644E-08    0.76931642E-04
   12   -0.16752523E+02   -0.84209972E-10    0.45585865E-05
   13   -0.16752523E+02   -0.54356519E-12    0.11872384E-05
   14   -0.16752523E+02   -0.71054274E-13    0.55281168E-07
>> Charges saved for restart in charges.bin
 
 Total Energy:                     -16.5548371760 H
 Total Mermin free energy:         -16.5548371760 H
