================================================================================
==
==   Density Functional based Tight Binding with a lot of extensions (DFTB+)    
==
==                              Release: 1.2 (p2)
==
==                            (ParserVersion = 4)
==
================================================================================


********************************************************************************
** Parsing and initializing
********************************************************************************

Interpreting input file 'dftb_in.hsd'
--------------------------------------------------------------------------------
WARNING!
-> WriteHSDInput and WriteXMLInput both turned off. You won't eventually be 
 able to obtain the same results with a later version of the code!
Path: dftb_in/ParserOptions
Line: 74-77 (File: dftb_in.hsd)

Reading SK-files:
  /home/andersx/parameters/3ob-3-1/C-C.skf
  /home/andersx/parameters/3ob-3-1/C-O.skf
  /home/andersx/parameters/3ob-3-1/C-H.skf
  /home/andersx/parameters/3ob-3-1/O-C.skf
  /home/andersx/parameters/3ob-3-1/O-O.skf
  /home/andersx/parameters/3ob-3-1/O-H.skf
  /home/andersx/parameters/3ob-3-1/H-C.skf
  /home/andersx/parameters/3ob-3-1/H-O.skf
  /home/andersx/parameters/3ob-3-1/H-H.skf
Done.

Starting initialization...
--------------------------------------------------------------------------------
Mode:                        Static calculation
Self consistent charges:     Yes
SCC-tolerance:                 0.100000E-05
Max. scc iterations:                    100
Ewald alpha parameter:         0.000000E+00
Spin polarisation:           No
Nr. of up electrons:            20.000000
Nr. of down electrons:          20.000000
Periodic boundaries:         No
Diagonalizer:                Divide and Conquer
Mixer:                       Anderson mixer
Mixing parameter:                  0.200000
Maximal SCC-cycles:                     100
Nr. of chrg. vectors to mix:              8
Electronic temperature:        0.100000E-07
Initial charges:             Set automatically (system chrg:   0.000E+00)
Included shells:              C:  s, p
                              O:  s, p
                              H:  s
Full 3rd order correction    Yes
Damped SCC                   Yes
Damped specie(s):            H                                                 
Extra options:
--------------------------------------------------------------------------------
 

********************************************************************************
** Geometry step: 0
********************************************************************************

  iSCC Total electronic   Diff electronic      SCC error    
    1   -0.18134301E+02    0.00000000E+00    0.59239855E+00
    2   -0.18134719E+02   -0.41847094E-03    0.58390344E+00
    3   -0.18146762E+02   -0.12042874E-01    0.65377678E-01
    4   -0.18146683E+02    0.79525743E-04    0.59283092E-01
    5   -0.18146912E+02   -0.22960543E-03    0.47752466E-01
    6   -0.18146998E+02   -0.85480547E-04    0.61276996E-02
    7   -0.18146995E+02    0.23918638E-05    0.65706819E-02
    8   -0.18147001E+02   -0.58305158E-05    0.21657623E-02
    9   -0.18147001E+02   -0.22382378E-06    0.14108108E-02
   10   -0.18147001E+02   -0.11419483E-06    0.44749443E-03
   11   -0.18147001E+02   -0.92660954E-08    0.19093065E-03
   12   -0.18147001E+02   -0.17670629E-08    0.26078376E-04
   13   -0.18147001E+02   -0.16207480E-10    0.24488646E-05
   14   -0.18147001E+02   -0.13855583E-12    0.44630225E-06
>> Charges saved for restart in charges.bin
 
 Total Energy:                     -18.1231233825 H
 Total Mermin free energy:         -18.1231233825 H
