================================================================================
==
==   Density Functional based Tight Binding with a lot of extensions (DFTB+)    
==
==                              Release: 1.2 (p2)
==
==                            (ParserVersion = 4)
==
================================================================================


********************************************************************************
** Parsing and initializing
********************************************************************************

Interpreting input file 'dftb_in.hsd'
--------------------------------------------------------------------------------
WARNING!
-> WriteHSDInput and WriteXMLInput both turned off. You won't eventually be 
 able to obtain the same results with a later version of the code!
Path: dftb_in/ParserOptions
Line: 74-77 (File: dftb_in.hsd)

Reading SK-files:
  /home/andersx/parameters/3ob-3-1/C-C.skf
  /home/andersx/parameters/3ob-3-1/C-O.skf
  /home/andersx/parameters/3ob-3-1/C-H.skf
  /home/andersx/parameters/3ob-3-1/O-C.skf
  /home/andersx/parameters/3ob-3-1/O-O.skf
  /home/andersx/parameters/3ob-3-1/O-H.skf
  /home/andersx/parameters/3ob-3-1/H-C.skf
  /home/andersx/parameters/3ob-3-1/H-O.skf
  /home/andersx/parameters/3ob-3-1/H-H.skf
Done.

Starting initialization...
--------------------------------------------------------------------------------
Mode:                        Static calculation
Self consistent charges:     Yes
SCC-tolerance:                 0.100000E-05
Max. scc iterations:                    100
Ewald alpha parameter:         0.000000E+00
Spin polarisation:           No
Nr. of up electrons:            19.000000
Nr. of down electrons:          19.000000
Periodic boundaries:         No
Diagonalizer:                Divide and Conquer
Mixer:                       Anderson mixer
Mixing parameter:                  0.200000
Maximal SCC-cycles:                     100
Nr. of chrg. vectors to mix:              8
Electronic temperature:        0.100000E-07
Initial charges:             Set automatically (system chrg:   0.000E+00)
Included shells:              C:  s, p
                              O:  s, p
                              H:  s
Full 3rd order correction    Yes
Damped SCC                   Yes
Damped specie(s):            H                                                 
Extra options:
--------------------------------------------------------------------------------
 

********************************************************************************
** Geometry step: 0
********************************************************************************

  iSCC Total electronic   Diff electronic      SCC error    
    1   -0.16558635E+02    0.00000000E+00    0.44070828E+00
    2   -0.16558843E+02   -0.20706046E-03    0.43370367E+00
    3   -0.16563690E+02   -0.48470787E-02    0.84930562E-01
    4   -0.16563527E+02    0.16249807E-03    0.10324046E+00
    5   -0.16564417E+02   -0.88979666E-03    0.56020987E-01
    6   -0.16564460E+02   -0.42908400E-04    0.25991307E-01
    7   -0.16564467E+02   -0.69673737E-05    0.27420177E-01
    8   -0.16564514E+02   -0.47124657E-04    0.33386620E-02
    9   -0.16564514E+02   -0.26704457E-06    0.23425539E-02
   10   -0.16564515E+02   -0.54725203E-06    0.90648369E-03
   11   -0.16564515E+02   -0.21581815E-07    0.53526507E-03
   12   -0.16564515E+02   -0.51092286E-08    0.75528479E-04
   13   -0.16564515E+02   -0.77722717E-10    0.32166671E-04
   14   -0.16564515E+02   -0.37818637E-10    0.20513519E-05
   15   -0.16564515E+02   -0.19539925E-12    0.47708602E-06
>> Charges saved for restart in charges.bin
 
 Total Energy:                     -16.5287020008 H
 Total Mermin free energy:         -16.5287020008 H
