================================================================================
==
==   Density Functional based Tight Binding with a lot of extensions (DFTB+)    
==
==                              Release: 1.2 (p2)
==
==                            (ParserVersion = 4)
==
================================================================================


********************************************************************************
** Parsing and initializing
********************************************************************************

Interpreting input file 'dftb_in.hsd'
--------------------------------------------------------------------------------
WARNING!
-> WriteHSDInput and WriteXMLInput both turned off. You won't eventually be 
 able to obtain the same results with a later version of the code!
Path: dftb_in/ParserOptions
Line: 64-67 (File: dftb_in.hsd)

Reading SK-files:
  /home/andersx/parameters/3ob-3-1/C-C.skf
  /home/andersx/parameters/3ob-3-1/C-H.skf
  /home/andersx/parameters/3ob-3-1/H-C.skf
  /home/andersx/parameters/3ob-3-1/H-H.skf
Done.

Starting initialization...
--------------------------------------------------------------------------------
Mode:                        Static calculation
Self consistent charges:     Yes
SCC-tolerance:                 0.100000E-05
Max. scc iterations:                    100
Ewald alpha parameter:         0.000000E+00
Spin polarisation:           No
Nr. of up electrons:            15.000000
Nr. of down electrons:          15.000000
Periodic boundaries:         No
Diagonalizer:                Divide and Conquer
Mixer:                       Anderson mixer
Mixing parameter:                  0.200000
Maximal SCC-cycles:                     100
Nr. of chrg. vectors to mix:              8
Electronic temperature:        0.100000E-07
Initial charges:             Set automatically (system chrg:   0.000E+00)
Included shells:              C:  s, p
                              H:  s
Full 3rd order correction    Yes
Damped SCC                   Yes
Damped specie(s):            H                                                 
Extra options:
--------------------------------------------------------------------------------
 

********************************************************************************
** Geometry step: 0
********************************************************************************

  iSCC Total electronic   Diff electronic      SCC error    
    1   -0.12662386E+02    0.00000000E+00    0.30648090E+00
    2   -0.12662480E+02   -0.94345814E-04    0.30354041E+00
    3   -0.12663755E+02   -0.12749176E-02    0.99816923E-01
    4   -0.12663703E+02    0.51518057E-04    0.10061081E+00
    5   -0.12664850E+02   -0.11463641E-02    0.18501628E-01
    6   -0.12664853E+02   -0.36941439E-05    0.14916139E-01
    7   -0.12664863E+02   -0.99899976E-05    0.16143526E-01
    8   -0.12664869E+02   -0.54512747E-05    0.44214209E-02
    9   -0.12664869E+02    0.22446450E-07    0.56045490E-02
   10   -0.12664869E+02   -0.69384260E-06    0.15339173E-02
   11   -0.12664870E+02   -0.46709127E-07    0.49507706E-03
   12   -0.12664870E+02   -0.24069815E-07    0.76371886E-04
   13   -0.12664870E+02   -0.71747053E-11    0.30879781E-04
   14   -0.12664870E+02   -0.70343731E-12    0.98935523E-06
>> Charges saved for restart in charges.bin
 
 Total Energy:                     -12.4068573514 H
 Total Mermin free energy:         -12.4068573514 H
