================================================================================
==
==   Density Functional based Tight Binding with a lot of extensions (DFTB+)    
==
==                              Release: 1.2 (p2)
==
==                            (ParserVersion = 4)
==
================================================================================


********************************************************************************
** Parsing and initializing
********************************************************************************

Interpreting input file 'dftb_in.hsd'
--------------------------------------------------------------------------------
WARNING!
-> WriteHSDInput and WriteXMLInput both turned off. You won't eventually be 
 able to obtain the same results with a later version of the code!
Path: dftb_in/ParserOptions
Line: 76-79 (File: dftb_in.hsd)

Reading SK-files:
  /home/andersx/parameters/3ob-3-1/C-C.skf
  /home/andersx/parameters/3ob-3-1/C-O.skf
  /home/andersx/parameters/3ob-3-1/C-H.skf
  /home/andersx/parameters/3ob-3-1/O-C.skf
  /home/andersx/parameters/3ob-3-1/O-O.skf
  /home/andersx/parameters/3ob-3-1/O-H.skf
  /home/andersx/parameters/3ob-3-1/H-C.skf
  /home/andersx/parameters/3ob-3-1/H-O.skf
  /home/andersx/parameters/3ob-3-1/H-H.skf
Done.

Starting initialization...
--------------------------------------------------------------------------------
Mode:                        Static calculation
Self consistent charges:     Yes
SCC-tolerance:                 0.100000E-05
Max. scc iterations:                    100
Ewald alpha parameter:         0.000000E+00
Spin polarisation:           No
Nr. of up electrons:            20.000000
Nr. of down electrons:          20.000000
Periodic boundaries:         No
Diagonalizer:                Divide and Conquer
Mixer:                       Anderson mixer
Mixing parameter:                  0.200000
Maximal SCC-cycles:                     100
Nr. of chrg. vectors to mix:              8
Electronic temperature:        0.100000E-07
Initial charges:             Set automatically (system chrg:   0.000E+00)
Included shells:              C:  s, p
                              O:  s, p
                              H:  s
Full 3rd order correction    Yes
Damped SCC                   Yes
Damped specie(s):            H                                                 
Extra options:
--------------------------------------------------------------------------------
 

********************************************************************************
** Geometry step: 0
********************************************************************************

  iSCC Total electronic   Diff electronic      SCC error    
    1   -0.17191328E+02    0.00000000E+00    0.63221840E+00
    2   -0.17191736E+02   -0.40779043E-03    0.62234794E+00
    3   -0.17202103E+02   -0.10367438E-01    0.10241870E+00
    4   -0.17201855E+02    0.24833135E-03    0.87646956E-01
    5   -0.17202265E+02   -0.41002447E-03    0.14793160E+00
    6   -0.17202678E+02   -0.41271625E-03    0.21623932E-01
    7   -0.17202675E+02    0.24494873E-05    0.25450641E-01
    8   -0.17202699E+02   -0.23241212E-04    0.73580053E-02
    9   -0.17202699E+02   -0.67157862E-06    0.14972984E-02
   10   -0.17202699E+02   -0.50063225E-07    0.13075554E-02
   11   -0.17202699E+02   -0.11504630E-06    0.20393067E-03
   12   -0.17202699E+02   -0.20329516E-08    0.12490150E-03
   13   -0.17202699E+02   -0.86626528E-09    0.13400223E-04
   14   -0.17202699E+02   -0.74322770E-11    0.17374834E-05
   15   -0.17202699E+02   -0.17763568E-13    0.46540381E-06
>> Charges saved for restart in charges.bin
 
 Total Energy:                     -17.3015996418 H
 Total Mermin free energy:         -17.3015996418 H
