================================================================================
==
==   Density Functional based Tight Binding with a lot of extensions (DFTB+)    
==
==                              Release: 1.2 (p2)
==
==                            (ParserVersion = 4)
==
================================================================================


********************************************************************************
** Parsing and initializing
********************************************************************************

Interpreting input file 'dftb_in.hsd'
--------------------------------------------------------------------------------
WARNING!
-> WriteHSDInput and WriteXMLInput both turned off. You won't eventually be 
 able to obtain the same results with a later version of the code!
Path: dftb_in/ParserOptions
Line: 74-77 (File: dftb_in.hsd)

Reading SK-files:
  /home/andersx/parameters/3ob-3-1/C-C.skf
  /home/andersx/parameters/3ob-3-1/C-O.skf
  /home/andersx/parameters/3ob-3-1/C-H.skf
  /home/andersx/parameters/3ob-3-1/O-C.skf
  /home/andersx/parameters/3ob-3-1/O-O.skf
  /home/andersx/parameters/3ob-3-1/O-H.skf
  /home/andersx/parameters/3ob-3-1/H-C.skf
  /home/andersx/parameters/3ob-3-1/H-O.skf
  /home/andersx/parameters/3ob-3-1/H-H.skf
Done.

Starting initialization...
--------------------------------------------------------------------------------
Mode:                        Static calculation
Self consistent charges:     Yes
SCC-tolerance:                 0.100000E-05
Max. scc iterations:                    100
Ewald alpha parameter:         0.000000E+00
Spin polarisation:           No
Nr. of up electrons:            19.000000
Nr. of down electrons:          19.000000
Periodic boundaries:         No
Diagonalizer:                Divide and Conquer
Mixer:                       Anderson mixer
Mixing parameter:                  0.200000
Maximal SCC-cycles:                     100
Nr. of chrg. vectors to mix:              8
Electronic temperature:        0.100000E-07
Initial charges:             Set automatically (system chrg:   0.000E+00)
Included shells:              C:  s, p
                              O:  s, p
                              H:  s
Full 3rd order correction    Yes
Damped SCC                   Yes
Damped specie(s):            H                                                 
Extra options:
--------------------------------------------------------------------------------
 

********************************************************************************
** Geometry step: 0
********************************************************************************

  iSCC Total electronic   Diff electronic      SCC error    
    1   -0.16563093E+02    0.00000000E+00    0.44610568E+00
    2   -0.16563301E+02   -0.20762545E-03    0.43913839E+00
    3   -0.16568431E+02   -0.51299631E-02    0.82478087E-01
    4   -0.16568252E+02    0.17897442E-03    0.97350512E-01
    5   -0.16568912E+02   -0.66023563E-03    0.68339330E-01
    6   -0.16569006E+02   -0.94092045E-04    0.22454045E-01
    7   -0.16568964E+02    0.42232362E-04    0.41077987E-01
    8   -0.16569062E+02   -0.98456427E-04    0.22344405E-02
    9   -0.16569062E+02    0.24859994E-06    0.28398491E-02
   10   -0.16569063E+02   -0.46817817E-06    0.88344095E-03
   11   -0.16569063E+02   -0.11387584E-08    0.24035807E-03
   12   -0.16569063E+02   -0.79475271E-08    0.70530880E-04
   13   -0.16569063E+02   -0.28741454E-10    0.25507106E-04
   14   -0.16569063E+02   -0.38507864E-10    0.13405713E-05
   15   -0.16569063E+02   -0.12789769E-12    0.24497816E-06
>> Charges saved for restart in charges.bin
 
 Total Energy:                     -16.5324766578 H
 Total Mermin free energy:         -16.5324766578 H
