================================================================================
==
==   Density Functional based Tight Binding with a lot of extensions (DFTB+)    
==
==                              Release: 1.2 (p2)
==
==                            (ParserVersion = 4)
==
================================================================================


********************************************************************************
** Parsing and initializing
********************************************************************************

Interpreting input file 'dftb_in.hsd'
--------------------------------------------------------------------------------
WARNING!
-> WriteHSDInput and WriteXMLInput both turned off. You won't eventually be 
 able to obtain the same results with a later version of the code!
Path: dftb_in/ParserOptions
Line: 76-79 (File: dftb_in.hsd)

Reading SK-files:
  /home/andersx/parameters/3ob-3-1/C-C.skf
  /home/andersx/parameters/3ob-3-1/C-O.skf
  /home/andersx/parameters/3ob-3-1/C-H.skf
  /home/andersx/parameters/3ob-3-1/O-C.skf
  /home/andersx/parameters/3ob-3-1/O-O.skf
  /home/andersx/parameters/3ob-3-1/O-H.skf
  /home/andersx/parameters/3ob-3-1/H-C.skf
  /home/andersx/parameters/3ob-3-1/H-O.skf
  /home/andersx/parameters/3ob-3-1/H-H.skf
Done.

Starting initialization...
--------------------------------------------------------------------------------
Mode:                        Static calculation
Self consistent charges:     Yes
SCC-tolerance:                 0.100000E-05
Max. scc iterations:                    100
Ewald alpha parameter:         0.000000E+00
Spin polarisation:           No
Nr. of up electrons:            20.000000
Nr. of down electrons:          20.000000
Periodic boundaries:         No
Diagonalizer:                Divide and Conquer
Mixer:                       Anderson mixer
Mixing parameter:                  0.200000
Maximal SCC-cycles:                     100
Nr. of chrg. vectors to mix:              8
Electronic temperature:        0.100000E-07
Initial charges:             Set automatically (system chrg:   0.000E+00)
Included shells:              C:  s, p
                              O:  s, p
                              H:  s
Full 3rd order correction    Yes
Damped SCC                   Yes
Damped specie(s):            H                                                 
Extra options:
--------------------------------------------------------------------------------
 

********************************************************************************
** Geometry step: 0
********************************************************************************

  iSCC Total electronic   Diff electronic      SCC error    
    1   -0.17215355E+02    0.00000000E+00    0.66209941E+00
    2   -0.17215959E+02   -0.60404270E-03    0.65086753E+00
    3   -0.17232032E+02   -0.16073138E-01    0.10107449E+00
    4   -0.17231971E+02    0.60904071E-04    0.96739286E-01
    5   -0.17232191E+02   -0.22018981E-03    0.37006697E-01
    6   -0.17232226E+02   -0.34707355E-04    0.10943279E-01
    7   -0.17232218E+02    0.83174247E-05    0.14263062E-01
    8   -0.17232236E+02   -0.18278245E-04    0.24343671E-02
    9   -0.17232236E+02   -0.14664583E-06    0.12249901E-02
   10   -0.17232236E+02   -0.60717579E-07    0.29457765E-03
   11   -0.17232236E+02   -0.40371155E-08    0.16110750E-03
   12   -0.17232236E+02   -0.22023272E-09    0.10620338E-04
   13   -0.17232236E+02   -0.51478821E-11    0.26662854E-05
   14   -0.17232236E+02   -0.18474111E-12    0.13163084E-06
>> Charges saved for restart in charges.bin
 
 Total Energy:                     -17.3079813727 H
 Total Mermin free energy:         -17.3079813727 H
