================================================================================
==
==   Density Functional based Tight Binding with a lot of extensions (DFTB+)    
==
==                              Release: 1.2 (p2)
==
==                            (ParserVersion = 4)
==
================================================================================


********************************************************************************
** Parsing and initializing
********************************************************************************

Interpreting input file 'dftb_in.hsd'
--------------------------------------------------------------------------------
WARNING!
-> WriteHSDInput and WriteXMLInput both turned off. You won't eventually be 
 able to obtain the same results with a later version of the code!
Path: dftb_in/ParserOptions
Line: 76-79 (File: dftb_in.hsd)

Reading SK-files:
  /home/andersx/parameters/3ob-3-1/C-C.skf
  /home/andersx/parameters/3ob-3-1/C-O.skf
  /home/andersx/parameters/3ob-3-1/C-H.skf
  /home/andersx/parameters/3ob-3-1/O-C.skf
  /home/andersx/parameters/3ob-3-1/O-O.skf
  /home/andersx/parameters/3ob-3-1/O-H.skf
  /home/andersx/parameters/3ob-3-1/H-C.skf
  /home/andersx/parameters/3ob-3-1/H-O.skf
  /home/andersx/parameters/3ob-3-1/H-H.skf
Done.

Starting initialization...
--------------------------------------------------------------------------------
Mode:                        Static calculation
Self consistent charges:     Yes
SCC-tolerance:                 0.100000E-05
Max. scc iterations:                    100
Ewald alpha parameter:         0.000000E+00
Spin polarisation:           No
Nr. of up electrons:            20.000000
Nr. of down electrons:          20.000000
Periodic boundaries:         No
Diagonalizer:                Divide and Conquer
Mixer:                       Anderson mixer
Mixing parameter:                  0.200000
Maximal SCC-cycles:                     100
Nr. of chrg. vectors to mix:              8
Electronic temperature:        0.100000E-07
Initial charges:             Set automatically (system chrg:   0.000E+00)
Included shells:              C:  s, p
                              O:  s, p
                              H:  s
Full 3rd order correction    Yes
Damped SCC                   Yes
Damped specie(s):            H                                                 
Extra options:
--------------------------------------------------------------------------------
 

********************************************************************************
** Geometry step: 0
********************************************************************************

  iSCC Total electronic   Diff electronic      SCC error    
    1   -0.17272533E+02    0.00000000E+00    0.69866410E+00
    2   -0.17273204E+02   -0.67057329E-03    0.68633813E+00
    3   -0.17290174E+02   -0.16970922E-01    0.96479430E-01
    4   -0.17290295E+02   -0.12067048E-03    0.98125056E-01
    5   -0.17290736E+02   -0.44111533E-03    0.24149628E-01
    6   -0.17290732E+02    0.39786013E-05    0.18094819E-01
    7   -0.17290736E+02   -0.37431967E-05    0.10021300E-01
    8   -0.17290741E+02   -0.51761349E-05    0.12744101E-02
    9   -0.17290741E+02   -0.49707388E-07    0.10461687E-02
   10   -0.17290741E+02   -0.13591545E-06    0.10990239E-03
   11   -0.17290741E+02   -0.13948807E-08    0.73559261E-04
   12   -0.17290741E+02   -0.61169914E-09    0.23472927E-04
   13   -0.17290741E+02   -0.96314068E-11    0.12814188E-05
   14   -0.17290741E+02   -0.39079850E-13    0.35327666E-06
>> Charges saved for restart in charges.bin
 
 Total Energy:                     -17.3241484810 H
 Total Mermin free energy:         -17.3241484810 H
