================================================================================
==
==   Density Functional based Tight Binding with a lot of extensions (DFTB+)    
==
==                              Release: 1.2 (p2)
==
==                            (ParserVersion = 4)
==
================================================================================


********************************************************************************
** Parsing and initializing
********************************************************************************

Interpreting input file 'dftb_in.hsd'
--------------------------------------------------------------------------------
WARNING!
-> WriteHSDInput and WriteXMLInput both turned off. You won't eventually be 
 able to obtain the same results with a later version of the code!
Path: dftb_in/ParserOptions
Line: 72-75 (File: dftb_in.hsd)

Reading SK-files:
  /home/andersx/parameters/3ob-3-1/C-C.skf
  /home/andersx/parameters/3ob-3-1/C-O.skf
  /home/andersx/parameters/3ob-3-1/C-H.skf
  /home/andersx/parameters/3ob-3-1/O-C.skf
  /home/andersx/parameters/3ob-3-1/O-O.skf
  /home/andersx/parameters/3ob-3-1/O-H.skf
  /home/andersx/parameters/3ob-3-1/H-C.skf
  /home/andersx/parameters/3ob-3-1/H-O.skf
  /home/andersx/parameters/3ob-3-1/H-H.skf
Done.

Starting initialization...
--------------------------------------------------------------------------------
Mode:                        Static calculation
Self consistent charges:     Yes
SCC-tolerance:                 0.100000E-05
Max. scc iterations:                    100
Ewald alpha parameter:         0.000000E+00
Spin polarisation:           No
Nr. of up electrons:            18.000000
Nr. of down electrons:          18.000000
Periodic boundaries:         No
Diagonalizer:                Divide and Conquer
Mixer:                       Anderson mixer
Mixing parameter:                  0.200000
Maximal SCC-cycles:                     100
Nr. of chrg. vectors to mix:              8
Electronic temperature:        0.100000E-07
Initial charges:             Set automatically (system chrg:   0.000E+00)
Included shells:              C:  s, p
                              O:  s, p
                              H:  s
Full 3rd order correction    Yes
Damped SCC                   Yes
Damped specie(s):            H                                                 
Extra options:
--------------------------------------------------------------------------------
 

********************************************************************************
** Geometry step: 0
********************************************************************************

  iSCC Total electronic   Diff electronic      SCC error    
    1   -0.15822503E+02    0.00000000E+00    0.64127701E+00
    2   -0.15823089E+02   -0.58564035E-03    0.63014573E+00
    3   -0.15839074E+02   -0.15984927E-01    0.12258670E+00
    4   -0.15839048E+02    0.25591141E-04    0.11901913E+00
    5   -0.15839190E+02   -0.14159645E-03    0.12451165E-01
    6   -0.15839192E+02   -0.22239994E-05    0.65186084E-02
    7   -0.15839199E+02   -0.71092374E-05    0.66291993E-02
    8   -0.15839205E+02   -0.61149949E-05    0.31984308E-02
    9   -0.15839206E+02   -0.79264869E-06    0.69019762E-03
   10   -0.15839206E+02   -0.22688299E-07    0.23556804E-03
   11   -0.15839206E+02   -0.44717687E-08    0.61062575E-04
   12   -0.15839206E+02   -0.84170892E-10    0.69909197E-05
   13   -0.15839206E+02   -0.43378634E-11    0.13345898E-05
   14   -0.15839206E+02   -0.28421709E-13    0.32499893E-06
>> Charges saved for restart in charges.bin
 
 Total Energy:                     -15.7303098207 H
 Total Mermin free energy:         -15.7303098207 H
