================================================================================
==
==   Density Functional based Tight Binding with a lot of extensions (DFTB+)    
==
==                              Release: 1.2 (p2)
==
==                            (ParserVersion = 4)
==
================================================================================


********************************************************************************
** Parsing and initializing
********************************************************************************

Interpreting input file 'dftb_in.hsd'
--------------------------------------------------------------------------------
WARNING!
-> WriteHSDInput and WriteXMLInput both turned off. You won't eventually be 
 able to obtain the same results with a later version of the code!
Path: dftb_in/ParserOptions
Line: 74-77 (File: dftb_in.hsd)

Reading SK-files:
  /home/andersx/parameters/3ob-3-1/C-C.skf
  /home/andersx/parameters/3ob-3-1/C-O.skf
  /home/andersx/parameters/3ob-3-1/C-H.skf
  /home/andersx/parameters/3ob-3-1/O-C.skf
  /home/andersx/parameters/3ob-3-1/O-O.skf
  /home/andersx/parameters/3ob-3-1/O-H.skf
  /home/andersx/parameters/3ob-3-1/H-C.skf
  /home/andersx/parameters/3ob-3-1/H-O.skf
  /home/andersx/parameters/3ob-3-1/H-H.skf
Done.

Starting initialization...
--------------------------------------------------------------------------------
Mode:                        Static calculation
Self consistent charges:     Yes
SCC-tolerance:                 0.100000E-05
Max. scc iterations:                    100
Ewald alpha parameter:         0.000000E+00
Spin polarisation:           No
Nr. of up electrons:            19.000000
Nr. of down electrons:          19.000000
Periodic boundaries:         No
Diagonalizer:                Divide and Conquer
Mixer:                       Anderson mixer
Mixing parameter:                  0.200000
Maximal SCC-cycles:                     100
Nr. of chrg. vectors to mix:              8
Electronic temperature:        0.100000E-07
Initial charges:             Set automatically (system chrg:   0.000E+00)
Included shells:              C:  s, p
                              O:  s, p
                              H:  s
Full 3rd order correction    Yes
Damped SCC                   Yes
Damped specie(s):            H                                                 
Extra options:
--------------------------------------------------------------------------------
 

********************************************************************************
** Geometry step: 0
********************************************************************************

  iSCC Total electronic   Diff electronic      SCC error    
    1   -0.16512701E+02    0.00000000E+00    0.65416236E+00
    2   -0.16513326E+02   -0.62457194E-03    0.64291288E+00
    3   -0.16530125E+02   -0.16799384E-01    0.89262319E-01
    4   -0.16530084E+02    0.40926565E-04    0.85660331E-01
    5   -0.16530259E+02   -0.17444452E-03    0.23125326E-01
    6   -0.16530273E+02   -0.14957709E-04    0.13688526E-01
    7   -0.16530272E+02    0.12568468E-05    0.19725131E-01
    8   -0.16530289E+02   -0.17076137E-04    0.46783965E-02
    9   -0.16530289E+02   -0.93513819E-07    0.38238575E-02
   10   -0.16530290E+02   -0.82417096E-06    0.39759626E-03
   11   -0.16530290E+02   -0.12168691E-07    0.22990802E-03
   12   -0.16530290E+02   -0.23026239E-08    0.18920208E-04
   13   -0.16530290E+02   -0.15894841E-10    0.44774478E-05
   14   -0.16530290E+02   -0.35882408E-12    0.89516920E-06
>> Charges saved for restart in charges.bin
 
 Total Energy:                     -16.5145133797 H
 Total Mermin free energy:         -16.5145133797 H
