================================================================================
==
==   Density Functional based Tight Binding with a lot of extensions (DFTB+)    
==
==                              Release: 1.2 (p2)
==
==                            (ParserVersion = 4)
==
================================================================================


********************************************************************************
** Parsing and initializing
********************************************************************************

Interpreting input file 'dftb_in.hsd'
--------------------------------------------------------------------------------
WARNING!
-> WriteHSDInput and WriteXMLInput both turned off. You won't eventually be 
 able to obtain the same results with a later version of the code!
Path: dftb_in/ParserOptions
Line: 72-75 (File: dftb_in.hsd)

Reading SK-files:
  /home/andersx/parameters/3ob-3-1/C-C.skf
  /home/andersx/parameters/3ob-3-1/C-O.skf
  /home/andersx/parameters/3ob-3-1/C-H.skf
  /home/andersx/parameters/3ob-3-1/O-C.skf
  /home/andersx/parameters/3ob-3-1/O-O.skf
  /home/andersx/parameters/3ob-3-1/O-H.skf
  /home/andersx/parameters/3ob-3-1/H-C.skf
  /home/andersx/parameters/3ob-3-1/H-O.skf
  /home/andersx/parameters/3ob-3-1/H-H.skf
Done.

Starting initialization...
--------------------------------------------------------------------------------
Mode:                        Static calculation
Self consistent charges:     Yes
SCC-tolerance:                 0.100000E-05
Max. scc iterations:                    100
Ewald alpha parameter:         0.000000E+00
Spin polarisation:           No
Nr. of up electrons:            18.000000
Nr. of down electrons:          18.000000
Periodic boundaries:         No
Diagonalizer:                Divide and Conquer
Mixer:                       Anderson mixer
Mixing parameter:                  0.200000
Maximal SCC-cycles:                     100
Nr. of chrg. vectors to mix:              8
Electronic temperature:        0.100000E-07
Initial charges:             Set automatically (system chrg:   0.000E+00)
Included shells:              C:  s, p
                              O:  s, p
                              H:  s
Full 3rd order correction    Yes
Damped SCC                   Yes
Damped specie(s):            H                                                 
Extra options:
--------------------------------------------------------------------------------
 

********************************************************************************
** Geometry step: 0
********************************************************************************

  iSCC Total electronic   Diff electronic      SCC error    
    1   -0.15926098E+02    0.00000000E+00    0.76833592E+00
    2   -0.15926990E+02   -0.89182405E-03    0.75468834E+00
    3   -0.15945468E+02   -0.18478102E-01    0.14824093E+00
    4   -0.15946023E+02   -0.55494943E-03    0.14119393E+00
    5   -0.15947999E+02   -0.19758664E-02    0.43955027E-01
    6   -0.15948018E+02   -0.19065039E-04    0.45602274E-01
    7   -0.15948072E+02   -0.53629313E-04    0.11850340E-01
    8   -0.15948079E+02   -0.75532065E-05    0.57522323E-02
    9   -0.15948079E+02    0.56258217E-06    0.40279995E-02
   10   -0.15948081E+02   -0.21199277E-05    0.27883621E-03
   11   -0.15948081E+02   -0.36529002E-08    0.19156209E-03
   12   -0.15948081E+02   -0.22190623E-08    0.36059993E-04
   13   -0.15948081E+02   -0.21065460E-09    0.53477710E-05
   14   -0.15948081E+02   -0.66258110E-12    0.96026229E-06
>> Charges saved for restart in charges.bin
 
 Total Energy:                     -15.7911282196 H
 Total Mermin free energy:         -15.7911282196 H
