================================================================================
==
==   Density Functional based Tight Binding with a lot of extensions (DFTB+)    
==
==                              Release: 1.2 (p2)
==
==                            (ParserVersion = 4)
==
================================================================================


********************************************************************************
** Parsing and initializing
********************************************************************************

Interpreting input file 'dftb_in.hsd'
--------------------------------------------------------------------------------
WARNING!
-> WriteHSDInput and WriteXMLInput both turned off. You won't eventually be 
 able to obtain the same results with a later version of the code!
Path: dftb_in/ParserOptions
Line: 74-77 (File: dftb_in.hsd)

Reading SK-files:
  /home/andersx/parameters/3ob-3-1/C-C.skf
  /home/andersx/parameters/3ob-3-1/C-O.skf
  /home/andersx/parameters/3ob-3-1/C-H.skf
  /home/andersx/parameters/3ob-3-1/O-C.skf
  /home/andersx/parameters/3ob-3-1/O-O.skf
  /home/andersx/parameters/3ob-3-1/O-H.skf
  /home/andersx/parameters/3ob-3-1/H-C.skf
  /home/andersx/parameters/3ob-3-1/H-O.skf
  /home/andersx/parameters/3ob-3-1/H-H.skf
Done.

Starting initialization...
--------------------------------------------------------------------------------
Mode:                        Static calculation
Self consistent charges:     Yes
SCC-tolerance:                 0.100000E-05
Max. scc iterations:                    100
Ewald alpha parameter:         0.000000E+00
Spin polarisation:           No
Nr. of up electrons:            19.000000
Nr. of down electrons:          19.000000
Periodic boundaries:         No
Diagonalizer:                Divide and Conquer
Mixer:                       Anderson mixer
Mixing parameter:                  0.200000
Maximal SCC-cycles:                     100
Nr. of chrg. vectors to mix:              8
Electronic temperature:        0.100000E-07
Initial charges:             Set automatically (system chrg:   0.000E+00)
Included shells:              C:  s, p
                              O:  s, p
                              H:  s
Full 3rd order correction    Yes
Damped SCC                   Yes
Damped specie(s):            H                                                 
Extra options:
--------------------------------------------------------------------------------
 

********************************************************************************
** Geometry step: 0
********************************************************************************

  iSCC Total electronic   Diff electronic      SCC error    
    1   -0.16668057E+02    0.00000000E+00    0.29545223E+00
    2   -0.16668178E+02   -0.12054529E-03    0.29087861E+00
    3   -0.16671389E+02   -0.32111746E-02    0.77590748E-01
    4   -0.16671283E+02    0.10634132E-03    0.67408079E-01
    5   -0.16671307E+02   -0.24487687E-04    0.75498110E-01
    6   -0.16671537E+02   -0.22958953E-03    0.16588622E-01
    7   -0.16671536E+02    0.11948780E-05    0.20859092E-01
    8   -0.16671557E+02   -0.21299229E-04    0.76657196E-02
    9   -0.16671559E+02   -0.24654387E-05    0.22127649E-02
   10   -0.16671559E+02   -0.17783591E-07    0.18503692E-02
   11   -0.16671559E+02   -0.23779528E-07    0.24732179E-03
   12   -0.16671559E+02   -0.35450505E-08    0.13625816E-03
   13   -0.16671559E+02   -0.11043895E-08    0.26460577E-05
   14   -0.16671559E+02   -0.34106051E-12    0.85422145E-06
>> Charges saved for restart in charges.bin
 
 Total Energy:                     -16.5863873048 H
 Total Mermin free energy:         -16.5863873048 H
