================================================================================
==
==   Density Functional based Tight Binding with a lot of extensions (DFTB+)    
==
==                              Release: 1.2 (p2)
==
==                            (ParserVersion = 4)
==
================================================================================


********************************************************************************
** Parsing and initializing
********************************************************************************

Interpreting input file 'dftb_in.hsd'
--------------------------------------------------------------------------------
WARNING!
-> WriteHSDInput and WriteXMLInput both turned off. You won't eventually be 
 able to obtain the same results with a later version of the code!
Path: dftb_in/ParserOptions
Line: 76-79 (File: dftb_in.hsd)

Reading SK-files:
  /home/andersx/parameters/3ob-3-1/C-C.skf
  /home/andersx/parameters/3ob-3-1/C-O.skf
  /home/andersx/parameters/3ob-3-1/C-H.skf
  /home/andersx/parameters/3ob-3-1/O-C.skf
  /home/andersx/parameters/3ob-3-1/O-O.skf
  /home/andersx/parameters/3ob-3-1/O-H.skf
  /home/andersx/parameters/3ob-3-1/H-C.skf
  /home/andersx/parameters/3ob-3-1/H-O.skf
  /home/andersx/parameters/3ob-3-1/H-H.skf
Done.

Starting initialization...
--------------------------------------------------------------------------------
Mode:                        Static calculation
Self consistent charges:     Yes
SCC-tolerance:                 0.100000E-05
Max. scc iterations:                    100
Ewald alpha parameter:         0.000000E+00
Spin polarisation:           No
Nr. of up electrons:            20.000000
Nr. of down electrons:          20.000000
Periodic boundaries:         No
Diagonalizer:                Divide and Conquer
Mixer:                       Anderson mixer
Mixing parameter:                  0.200000
Maximal SCC-cycles:                     100
Nr. of chrg. vectors to mix:              8
Electronic temperature:        0.100000E-07
Initial charges:             Set automatically (system chrg:   0.000E+00)
Included shells:              C:  s, p
                              O:  s, p
                              H:  s
Full 3rd order correction    Yes
Damped SCC                   Yes
Damped specie(s):            H                                                 
Extra options:
--------------------------------------------------------------------------------
 

********************************************************************************
** Geometry step: 0
********************************************************************************

  iSCC Total electronic   Diff electronic      SCC error    
    1   -0.17312923E+02    0.00000000E+00    0.50237872E+00
    2   -0.17313165E+02   -0.24206268E-03    0.49450700E+00
    3   -0.17318765E+02   -0.55997616E-02    0.91692101E-01
    4   -0.17318536E+02    0.22957617E-03    0.11650542E+00
    5   -0.17319550E+02   -0.10141229E-02    0.79789669E-01
    6   -0.17319658E+02   -0.10815395E-03    0.25125272E-01
    7   -0.17319636E+02    0.22157348E-04    0.38091101E-01
    8   -0.17319709E+02   -0.73499965E-04    0.17028642E-02
    9   -0.17319709E+02    0.50686381E-07    0.12836179E-02
   10   -0.17319709E+02   -0.14937416E-06    0.12579790E-03
   11   -0.17319709E+02   -0.16612063E-08    0.76445197E-04
   12   -0.17319709E+02   -0.95475627E-10    0.10216290E-04
   13   -0.17319709E+02   -0.37552184E-11    0.12301937E-05
   14   -0.17319709E+02   -0.11013412E-12    0.17389267E-06
>> Charges saved for restart in charges.bin
 
 Total Energy:                     -17.3372575976 H
 Total Mermin free energy:         -17.3372575976 H
