================================================================================
==
==   Density Functional based Tight Binding with a lot of extensions (DFTB+)    
==
==                              Release: 1.2 (p2)
==
==                            (ParserVersion = 4)
==
================================================================================


********************************************************************************
** Parsing and initializing
********************************************************************************

Interpreting input file 'dftb_in.hsd'
--------------------------------------------------------------------------------
WARNING!
-> WriteHSDInput and WriteXMLInput both turned off. You won't eventually be 
 able to obtain the same results with a later version of the code!
Path: dftb_in/ParserOptions
Line: 78-81 (File: dftb_in.hsd)

Reading SK-files:
  /home/andersx/parameters/3ob-3-1/C-C.skf
  /home/andersx/parameters/3ob-3-1/C-O.skf
  /home/andersx/parameters/3ob-3-1/C-H.skf
  /home/andersx/parameters/3ob-3-1/O-C.skf
  /home/andersx/parameters/3ob-3-1/O-O.skf
  /home/andersx/parameters/3ob-3-1/O-H.skf
  /home/andersx/parameters/3ob-3-1/H-C.skf
  /home/andersx/parameters/3ob-3-1/H-O.skf
  /home/andersx/parameters/3ob-3-1/H-H.skf
Done.

Starting initialization...
--------------------------------------------------------------------------------
Mode:                        Static calculation
Self consistent charges:     Yes
SCC-tolerance:                 0.100000E-05
Max. scc iterations:                    100
Ewald alpha parameter:         0.000000E+00
Spin polarisation:           No
Nr. of up electrons:            21.000000
Nr. of down electrons:          21.000000
Periodic boundaries:         No
Diagonalizer:                Divide and Conquer
Mixer:                       Anderson mixer
Mixing parameter:                  0.200000
Maximal SCC-cycles:                     100
Nr. of chrg. vectors to mix:              8
Electronic temperature:        0.100000E-07
Initial charges:             Set automatically (system chrg:   0.000E+00)
Included shells:              C:  s, p
                              O:  s, p
                              H:  s
Full 3rd order correction    Yes
Damped SCC                   Yes
Damped specie(s):            H                                                 
Extra options:
--------------------------------------------------------------------------------
 

********************************************************************************
** Geometry step: 0
********************************************************************************

  iSCC Total electronic   Diff electronic      SCC error    
    1   -0.17979371E+02    0.00000000E+00    0.62285404E+00
    2   -0.17979751E+02   -0.37991707E-03    0.61328837E+00
    3   -0.17989584E+02   -0.98333756E-02    0.75978438E-01
    4   -0.17989362E+02    0.22153491E-03    0.88673927E-01
    5   -0.17989769E+02   -0.40662737E-03    0.12178940E+00
    6   -0.17990102E+02   -0.33332365E-03    0.13129355E-01
    7   -0.17990100E+02    0.19748522E-05    0.23088338E-01
    8   -0.17990111E+02   -0.10170504E-04    0.32365427E-02
    9   -0.17990111E+02   -0.16285614E-06    0.11356366E-02
   10   -0.17990111E+02   -0.33879534E-07    0.59403169E-03
   11   -0.17990111E+02   -0.11014873E-07    0.72324606E-04
   12   -0.17990111E+02   -0.18232171E-09    0.10313804E-04
   13   -0.17990111E+02   -0.34070524E-11    0.17525757E-05
   14   -0.17990111E+02   -0.14566126E-12    0.80854990E-07
>> Charges saved for restart in charges.bin
 
 Total Energy:                     -18.1112257061 H
 Total Mermin free energy:         -18.1112257061 H
