================================================================================
==
==   Density Functional based Tight Binding with a lot of extensions (DFTB+)    
==
==                              Release: 1.2 (p2)
==
==                            (ParserVersion = 4)
==
================================================================================


********************************************************************************
** Parsing and initializing
********************************************************************************

Interpreting input file 'dftb_in.hsd'
--------------------------------------------------------------------------------
WARNING!
-> WriteHSDInput and WriteXMLInput both turned off. You won't eventually be 
 able to obtain the same results with a later version of the code!
Path: dftb_in/ParserOptions
Line: 74-77 (File: dftb_in.hsd)

Reading SK-files:
  /home/andersx/parameters/3ob-3-1/C-C.skf
  /home/andersx/parameters/3ob-3-1/C-O.skf
  /home/andersx/parameters/3ob-3-1/C-H.skf
  /home/andersx/parameters/3ob-3-1/O-C.skf
  /home/andersx/parameters/3ob-3-1/O-O.skf
  /home/andersx/parameters/3ob-3-1/O-H.skf
  /home/andersx/parameters/3ob-3-1/H-C.skf
  /home/andersx/parameters/3ob-3-1/H-O.skf
  /home/andersx/parameters/3ob-3-1/H-H.skf
Done.

Starting initialization...
--------------------------------------------------------------------------------
Mode:                        Static calculation
Self consistent charges:     Yes
SCC-tolerance:                 0.100000E-05
Max. scc iterations:                    100
Ewald alpha parameter:         0.000000E+00
Spin polarisation:           No
Nr. of up electrons:            19.000000
Nr. of down electrons:          19.000000
Periodic boundaries:         No
Diagonalizer:                Divide and Conquer
Mixer:                       Anderson mixer
Mixing parameter:                  0.200000
Maximal SCC-cycles:                     100
Nr. of chrg. vectors to mix:              8
Electronic temperature:        0.100000E-07
Initial charges:             Set automatically (system chrg:   0.000E+00)
Included shells:              C:  s, p
                              O:  s, p
                              H:  s
Full 3rd order correction    Yes
Damped SCC                   Yes
Damped specie(s):            H                                                 
Extra options:
--------------------------------------------------------------------------------
 

********************************************************************************
** Geometry step: 0
********************************************************************************

  iSCC Total electronic   Diff electronic      SCC error    
    1   -0.16628714E+02    0.00000000E+00    0.54483495E+00
    2   -0.16629029E+02   -0.31554379E-03    0.53775365E+00
    3   -0.16636084E+02   -0.70547621E-02    0.95856091E-01
    4   -0.16635800E+02    0.28452665E-03    0.99740951E-01
    5   -0.16636703E+02   -0.90298987E-03    0.96754452E-01
    6   -0.16637136E+02   -0.43301265E-03    0.38515557E-01
    7   -0.16637180E+02   -0.44037762E-04    0.49143092E-01
    8   -0.16637194E+02   -0.14099378E-04    0.53426364E-02
    9   -0.16637192E+02    0.16626846E-05    0.42003412E-02
   10   -0.16637196E+02   -0.37188015E-05    0.22885133E-02
   11   -0.16637197E+02   -0.97113801E-06    0.65168539E-03
   12   -0.16637197E+02   -0.23773023E-07    0.12158495E-03
   13   -0.16637197E+02   -0.15431922E-09    0.22150105E-04
   14   -0.16637197E+02   -0.96754604E-10    0.23651697E-05
   15   -0.16637197E+02   -0.13855583E-12    0.47117676E-06
>> Charges saved for restart in charges.bin
 
 Total Energy:                     -16.5571686768 H
 Total Mermin free energy:         -16.5571686768 H
