================================================================================
==
==   Density Functional based Tight Binding with a lot of extensions (DFTB+)    
==
==                              Release: 1.2 (p2)
==
==                            (ParserVersion = 4)
==
================================================================================


********************************************************************************
** Parsing and initializing
********************************************************************************

Interpreting input file 'dftb_in.hsd'
--------------------------------------------------------------------------------
WARNING!
-> WriteHSDInput and WriteXMLInput both turned off. You won't eventually be 
 able to obtain the same results with a later version of the code!
Path: dftb_in/ParserOptions
Line: 76-79 (File: dftb_in.hsd)

Reading SK-files:
  /home/andersx/parameters/3ob-3-1/C-C.skf
  /home/andersx/parameters/3ob-3-1/C-O.skf
  /home/andersx/parameters/3ob-3-1/C-H.skf
  /home/andersx/parameters/3ob-3-1/O-C.skf
  /home/andersx/parameters/3ob-3-1/O-O.skf
  /home/andersx/parameters/3ob-3-1/O-H.skf
  /home/andersx/parameters/3ob-3-1/H-C.skf
  /home/andersx/parameters/3ob-3-1/H-O.skf
  /home/andersx/parameters/3ob-3-1/H-H.skf
Done.

Starting initialization...
--------------------------------------------------------------------------------
Mode:                        Static calculation
Self consistent charges:     Yes
SCC-tolerance:                 0.100000E-05
Max. scc iterations:                    100
Ewald alpha parameter:         0.000000E+00
Spin polarisation:           No
Nr. of up electrons:            20.000000
Nr. of down electrons:          20.000000
Periodic boundaries:         No
Diagonalizer:                Divide and Conquer
Mixer:                       Anderson mixer
Mixing parameter:                  0.200000
Maximal SCC-cycles:                     100
Nr. of chrg. vectors to mix:              8
Electronic temperature:        0.100000E-07
Initial charges:             Set automatically (system chrg:   0.000E+00)
Included shells:              C:  s, p
                              O:  s, p
                              H:  s
Full 3rd order correction    Yes
Damped SCC                   Yes
Damped specie(s):            H                                                 
Extra options:
--------------------------------------------------------------------------------
 

********************************************************************************
** Geometry step: 0
********************************************************************************

  iSCC Total electronic   Diff electronic      SCC error    
    1   -0.17320114E+02    0.00000000E+00    0.73518040E+00
    2   -0.17320740E+02   -0.62584873E-03    0.72261892E+00
    3   -0.17336489E+02   -0.15748647E-01    0.12261629E+00
    4   -0.17336562E+02   -0.73541335E-04    0.12148795E+00
    5   -0.17337182E+02   -0.62003154E-03    0.20453529E-01
    6   -0.17337181E+02    0.16450772E-05    0.19466413E-01
    7   -0.17337181E+02    0.55395738E-07    0.17273533E-01
    8   -0.17337185E+02   -0.43974645E-05    0.26149792E-02
    9   -0.17337185E+02   -0.12976557E-07    0.18260082E-02
   10   -0.17337185E+02   -0.84867978E-07    0.25665507E-03
   11   -0.17337185E+02   -0.17249633E-08    0.55627775E-04
   12   -0.17337185E+02   -0.56736127E-09    0.94103197E-05
   13   -0.17337185E+02   -0.57198690E-11    0.24299271E-05
   14   -0.17337185E+02   -0.25579538E-12    0.35711074E-06
>> Charges saved for restart in charges.bin
 
 Total Energy:                     -17.3647811165 H
 Total Mermin free energy:         -17.3647811165 H
