================================================================================
==
==   Density Functional based Tight Binding with a lot of extensions (DFTB+)    
==
==                              Release: 1.2 (p2)
==
==                            (ParserVersion = 4)
==
================================================================================


********************************************************************************
** Parsing and initializing
********************************************************************************

Interpreting input file 'dftb_in.hsd'
--------------------------------------------------------------------------------
WARNING!
-> WriteHSDInput and WriteXMLInput both turned off. You won't eventually be 
 able to obtain the same results with a later version of the code!
Path: dftb_in/ParserOptions
Line: 74-77 (File: dftb_in.hsd)

Reading SK-files:
  /home/andersx/parameters/3ob-3-1/C-C.skf
  /home/andersx/parameters/3ob-3-1/C-O.skf
  /home/andersx/parameters/3ob-3-1/C-H.skf
  /home/andersx/parameters/3ob-3-1/O-C.skf
  /home/andersx/parameters/3ob-3-1/O-O.skf
  /home/andersx/parameters/3ob-3-1/O-H.skf
  /home/andersx/parameters/3ob-3-1/H-C.skf
  /home/andersx/parameters/3ob-3-1/H-O.skf
  /home/andersx/parameters/3ob-3-1/H-H.skf
Done.

Starting initialization...
--------------------------------------------------------------------------------
Mode:                        Static calculation
Self consistent charges:     Yes
SCC-tolerance:                 0.100000E-05
Max. scc iterations:                    100
Ewald alpha parameter:         0.000000E+00
Spin polarisation:           No
Nr. of up electrons:            19.000000
Nr. of down electrons:          19.000000
Periodic boundaries:         No
Diagonalizer:                Divide and Conquer
Mixer:                       Anderson mixer
Mixing parameter:                  0.200000
Maximal SCC-cycles:                     100
Nr. of chrg. vectors to mix:              8
Electronic temperature:        0.100000E-07
Initial charges:             Set automatically (system chrg:   0.000E+00)
Included shells:              C:  s, p
                              O:  s, p
                              H:  s
Full 3rd order correction    Yes
Damped SCC                   Yes
Damped specie(s):            H                                                 
Extra options:
--------------------------------------------------------------------------------
 

********************************************************************************
** Geometry step: 0
********************************************************************************

  iSCC Total electronic   Diff electronic      SCC error    
    1   -0.16581501E+02    0.00000000E+00    0.64809706E+00
    2   -0.16581955E+02   -0.45370891E-03    0.63778870E+00
    3   -0.16594330E+02   -0.12375767E-01    0.10362147E+00
    4   -0.16594235E+02    0.95752731E-04    0.99357652E-01
    5   -0.16594663E+02   -0.42810504E-03    0.44735286E-01
    6   -0.16594711E+02   -0.48028683E-04    0.14759422E-01
    7   -0.16594695E+02    0.15563225E-04    0.16533401E-01
    8   -0.16594721E+02   -0.25905204E-04    0.42283029E-02
    9   -0.16594722E+02   -0.29924281E-06    0.35149640E-02
   10   -0.16594722E+02   -0.65714554E-06    0.53103782E-03
   11   -0.16594722E+02   -0.11155979E-07    0.29187616E-03
   12   -0.16594722E+02   -0.27742253E-08    0.16517427E-04
   13   -0.16594722E+02   -0.13837820E-10    0.57799499E-05
   14   -0.16594722E+02   -0.11901591E-11    0.51161767E-06
>> Charges saved for restart in charges.bin
 
 Total Energy:                     -16.4946579101 H
 Total Mermin free energy:         -16.4946579101 H
