================================================================================
==
==   Density Functional based Tight Binding with a lot of extensions (DFTB+)    
==
==                              Release: 1.2 (p2)
==
==                            (ParserVersion = 4)
==
================================================================================


********************************************************************************
** Parsing and initializing
********************************************************************************

Interpreting input file 'dftb_in.hsd'
--------------------------------------------------------------------------------
WARNING!
-> WriteHSDInput and WriteXMLInput both turned off. You won't eventually be 
 able to obtain the same results with a later version of the code!
Path: dftb_in/ParserOptions
Line: 74-77 (File: dftb_in.hsd)

Reading SK-files:
  /home/andersx/parameters/3ob-3-1/C-C.skf
  /home/andersx/parameters/3ob-3-1/C-O.skf
  /home/andersx/parameters/3ob-3-1/C-H.skf
  /home/andersx/parameters/3ob-3-1/O-C.skf
  /home/andersx/parameters/3ob-3-1/O-O.skf
  /home/andersx/parameters/3ob-3-1/O-H.skf
  /home/andersx/parameters/3ob-3-1/H-C.skf
  /home/andersx/parameters/3ob-3-1/H-O.skf
  /home/andersx/parameters/3ob-3-1/H-H.skf
Done.

Starting initialization...
--------------------------------------------------------------------------------
Mode:                        Static calculation
Self consistent charges:     Yes
SCC-tolerance:                 0.100000E-05
Max. scc iterations:                    100
Ewald alpha parameter:         0.000000E+00
Spin polarisation:           No
Nr. of up electrons:            19.000000
Nr. of down electrons:          19.000000
Periodic boundaries:         No
Diagonalizer:                Divide and Conquer
Mixer:                       Anderson mixer
Mixing parameter:                  0.200000
Maximal SCC-cycles:                     100
Nr. of chrg. vectors to mix:              8
Electronic temperature:        0.100000E-07
Initial charges:             Set automatically (system chrg:   0.000E+00)
Included shells:              C:  s, p
                              O:  s, p
                              H:  s
Full 3rd order correction    Yes
Damped SCC                   Yes
Damped specie(s):            H                                                 
Extra options:
--------------------------------------------------------------------------------
 

********************************************************************************
** Geometry step: 0
********************************************************************************

  iSCC Total electronic   Diff electronic      SCC error    
    1   -0.16620137E+02    0.00000000E+00    0.49123296E+00
    2   -0.16620360E+02   -0.22231439E-03    0.48548808E+00
    3   -0.16626236E+02   -0.58766095E-02    0.76014192E-01
    4   -0.16626123E+02    0.11304915E-03    0.92690592E-01
    5   -0.16626588E+02   -0.46495177E-03    0.52756307E-01
    6   -0.16626665E+02   -0.77036346E-04    0.10823791E-01
    7   -0.16626667E+02   -0.14825841E-05    0.83562648E-02
    8   -0.16626677E+02   -0.10643065E-04    0.42237477E-02
    9   -0.16626678E+02   -0.26300802E-06    0.35616076E-02
   10   -0.16626678E+02   -0.91464735E-06    0.59885046E-03
   11   -0.16626679E+02   -0.92767749E-08    0.24692654E-03
   12   -0.16626679E+02   -0.32987693E-08    0.25308061E-04
   13   -0.16626679E+02   -0.45901061E-10    0.48844838E-05
   14   -0.16626679E+02   -0.33395509E-12    0.14575679E-05
   15   -0.16626679E+02   -0.24868996E-13    0.15354343E-06
>> Charges saved for restart in charges.bin
 
 Total Energy:                     -16.5495808356 H
 Total Mermin free energy:         -16.5495808356 H
