================================================================================
==
==   Density Functional based Tight Binding with a lot of extensions (DFTB+)    
==
==                              Release: 1.2 (p2)
==
==                            (ParserVersion = 4)
==
================================================================================


********************************************************************************
** Parsing and initializing
********************************************************************************

Interpreting input file 'dftb_in.hsd'
--------------------------------------------------------------------------------
WARNING!
-> WriteHSDInput and WriteXMLInput both turned off. You won't eventually be 
 able to obtain the same results with a later version of the code!
Path: dftb_in/ParserOptions
Line: 72-75 (File: dftb_in.hsd)

Reading SK-files:
  /home/andersx/parameters/3ob-3-1/C-C.skf
  /home/andersx/parameters/3ob-3-1/C-O.skf
  /home/andersx/parameters/3ob-3-1/C-H.skf
  /home/andersx/parameters/3ob-3-1/O-C.skf
  /home/andersx/parameters/3ob-3-1/O-O.skf
  /home/andersx/parameters/3ob-3-1/O-H.skf
  /home/andersx/parameters/3ob-3-1/H-C.skf
  /home/andersx/parameters/3ob-3-1/H-O.skf
  /home/andersx/parameters/3ob-3-1/H-H.skf
Done.

Starting initialization...
--------------------------------------------------------------------------------
Mode:                        Static calculation
Self consistent charges:     Yes
SCC-tolerance:                 0.100000E-05
Max. scc iterations:                    100
Ewald alpha parameter:         0.000000E+00
Spin polarisation:           No
Nr. of up electrons:            18.000000
Nr. of down electrons:          18.000000
Periodic boundaries:         No
Diagonalizer:                Divide and Conquer
Mixer:                       Anderson mixer
Mixing parameter:                  0.200000
Maximal SCC-cycles:                     100
Nr. of chrg. vectors to mix:              8
Electronic temperature:        0.100000E-07
Initial charges:             Set automatically (system chrg:   0.000E+00)
Included shells:              C:  s, p
                              O:  s, p
                              H:  s
Full 3rd order correction    Yes
Damped SCC                   Yes
Damped specie(s):            H                                                 
Extra options:
--------------------------------------------------------------------------------
 

********************************************************************************
** Geometry step: 0
********************************************************************************

  iSCC Total electronic   Diff electronic      SCC error    
    1   -0.15933004E+02    0.00000000E+00    0.75866207E+00
    2   -0.15933790E+02   -0.78532947E-03    0.74529078E+00
    3   -0.15951512E+02   -0.17722468E-01    0.12817861E+00
    4   -0.15951895E+02   -0.38321255E-03    0.12761785E+00
    5   -0.15953295E+02   -0.13995303E-02    0.42987329E-01
    6   -0.15953295E+02   -0.21165558E-06    0.43041359E-01
    7   -0.15953417E+02   -0.12218618E-03    0.13971589E-01
    8   -0.15953418E+02   -0.10016323E-05    0.10691238E-01
    9   -0.15953424E+02   -0.53839823E-05    0.31168351E-02
   10   -0.15953424E+02    0.58026561E-08    0.78265507E-03
   11   -0.15953424E+02   -0.17661566E-06    0.24651833E-03
   12   -0.15953424E+02   -0.12456434E-07    0.15576836E-03
   13   -0.15953424E+02   -0.28161118E-09    0.71286685E-05
   14   -0.15953424E+02   -0.74784623E-12    0.22105017E-05
   15   -0.15953424E+02   -0.74606987E-13    0.37765117E-06
>> Charges saved for restart in charges.bin
 
 Total Energy:                     -15.7955344170 H
 Total Mermin free energy:         -15.7955344170 H
