================================================================================
==
==   Density Functional based Tight Binding with a lot of extensions (DFTB+)    
==
==                              Release: 1.2 (p2)
==
==                            (ParserVersion = 4)
==
================================================================================


********************************************************************************
** Parsing and initializing
********************************************************************************

Interpreting input file 'dftb_in.hsd'
--------------------------------------------------------------------------------
WARNING!
-> WriteHSDInput and WriteXMLInput both turned off. You won't eventually be 
 able to obtain the same results with a later version of the code!
Path: dftb_in/ParserOptions
Line: 74-77 (File: dftb_in.hsd)

Reading SK-files:
  /home/andersx/parameters/3ob-3-1/C-C.skf
  /home/andersx/parameters/3ob-3-1/C-O.skf
  /home/andersx/parameters/3ob-3-1/C-H.skf
  /home/andersx/parameters/3ob-3-1/O-C.skf
  /home/andersx/parameters/3ob-3-1/O-O.skf
  /home/andersx/parameters/3ob-3-1/O-H.skf
  /home/andersx/parameters/3ob-3-1/H-C.skf
  /home/andersx/parameters/3ob-3-1/H-O.skf
  /home/andersx/parameters/3ob-3-1/H-H.skf
Done.

Starting initialization...
--------------------------------------------------------------------------------
Mode:                        Static calculation
Self consistent charges:     Yes
SCC-tolerance:                 0.100000E-05
Max. scc iterations:                    100
Ewald alpha parameter:         0.000000E+00
Spin polarisation:           No
Nr. of up electrons:            19.000000
Nr. of down electrons:          19.000000
Periodic boundaries:         No
Diagonalizer:                Divide and Conquer
Mixer:                       Anderson mixer
Mixing parameter:                  0.200000
Maximal SCC-cycles:                     100
Nr. of chrg. vectors to mix:              8
Electronic temperature:        0.100000E-07
Initial charges:             Set automatically (system chrg:   0.000E+00)
Included shells:              C:  s, p
                              O:  s, p
                              H:  s
Full 3rd order correction    Yes
Damped SCC                   Yes
Damped specie(s):            H                                                 
Extra options:
--------------------------------------------------------------------------------
 

********************************************************************************
** Geometry step: 0
********************************************************************************

  iSCC Total electronic   Diff electronic      SCC error    
    1   -0.16617534E+02    0.00000000E+00    0.41588084E+00
    2   -0.16617729E+02   -0.19470879E-03    0.40957809E+00
    3   -0.16623462E+02   -0.57325882E-02    0.66084713E-01
    4   -0.16623406E+02    0.55409393E-04    0.65386739E-01
    5   -0.16623414E+02   -0.75370057E-05    0.66970736E-01
    6   -0.16623539E+02   -0.12561973E-03    0.13782349E-01
    7   -0.16623547E+02   -0.80880282E-05    0.24698049E-01
    8   -0.16623559E+02   -0.11565226E-04    0.11062593E-01
    9   -0.16623559E+02   -0.33463531E-06    0.51902581E-02
   10   -0.16623560E+02   -0.20957721E-06    0.33122700E-02
   11   -0.16623560E+02   -0.26805394E-06    0.42285185E-03
   12   -0.16623560E+02   -0.16603980E-07    0.27691124E-03
   13   -0.16623560E+02   -0.32705394E-08    0.46478414E-04
   14   -0.16623560E+02   -0.18763302E-09    0.45557562E-05
   15   -0.16623560E+02   -0.69633188E-12    0.16425261E-05
   16   -0.16623560E+02   -0.92370556E-13    0.13746495E-06
>> Charges saved for restart in charges.bin
 
 Total Energy:                     -16.5462306146 H
 Total Mermin free energy:         -16.5462306146 H
