================================================================================
==
==   Density Functional based Tight Binding with a lot of extensions (DFTB+)    
==
==                              Release: 1.2 (p2)
==
==                            (ParserVersion = 4)
==
================================================================================


********************************************************************************
** Parsing and initializing
********************************************************************************

Interpreting input file 'dftb_in.hsd'
--------------------------------------------------------------------------------
WARNING!
-> WriteHSDInput and WriteXMLInput both turned off. You won't eventually be 
 able to obtain the same results with a later version of the code!
Path: dftb_in/ParserOptions
Line: 76-79 (File: dftb_in.hsd)

Reading SK-files:
  /home/andersx/parameters/3ob-3-1/C-C.skf
  /home/andersx/parameters/3ob-3-1/C-O.skf
  /home/andersx/parameters/3ob-3-1/C-H.skf
  /home/andersx/parameters/3ob-3-1/O-C.skf
  /home/andersx/parameters/3ob-3-1/O-O.skf
  /home/andersx/parameters/3ob-3-1/O-H.skf
  /home/andersx/parameters/3ob-3-1/H-C.skf
  /home/andersx/parameters/3ob-3-1/H-O.skf
  /home/andersx/parameters/3ob-3-1/H-H.skf
Done.

Starting initialization...
--------------------------------------------------------------------------------
Mode:                        Static calculation
Self consistent charges:     Yes
SCC-tolerance:                 0.100000E-05
Max. scc iterations:                    100
Ewald alpha parameter:         0.000000E+00
Spin polarisation:           No
Nr. of up electrons:            20.000000
Nr. of down electrons:          20.000000
Periodic boundaries:         No
Diagonalizer:                Divide and Conquer
Mixer:                       Anderson mixer
Mixing parameter:                  0.200000
Maximal SCC-cycles:                     100
Nr. of chrg. vectors to mix:              8
Electronic temperature:        0.100000E-07
Initial charges:             Set automatically (system chrg:   0.000E+00)
Included shells:              C:  s, p
                              O:  s, p
                              H:  s
Full 3rd order correction    Yes
Damped SCC                   Yes
Damped specie(s):            H                                                 
Extra options:
--------------------------------------------------------------------------------
 

********************************************************************************
** Geometry step: 0
********************************************************************************

  iSCC Total electronic   Diff electronic      SCC error    
    1   -0.17318807E+02    0.00000000E+00    0.69233250E+00
    2   -0.17318947E+02   -0.14080935E-03    0.68329452E+00
    3   -0.17322649E+02   -0.37017003E-02    0.56702508E-01
    4   -0.17322577E+02    0.71886498E-04    0.45785333E-01
    5   -0.17322643E+02   -0.66051659E-04    0.90302171E-01
    6   -0.17322833E+02   -0.19023603E-03    0.25470957E-01
    7   -0.17322832E+02    0.14097660E-05    0.26971496E-01
    8   -0.17322847E+02   -0.15083252E-04    0.64004812E-02
    9   -0.17322847E+02   -0.78835726E-07    0.30039150E-02
   10   -0.17322847E+02   -0.45513413E-07    0.29528213E-02
   11   -0.17322847E+02   -0.10569399E-06    0.75085689E-03
   12   -0.17322847E+02   -0.82237612E-08    0.62012749E-03
   13   -0.17322847E+02   -0.19823613E-07    0.41722993E-04
   14   -0.17322847E+02   -0.87151619E-10    0.13076317E-04
   15   -0.17322847E+02   -0.54356519E-11    0.11502996E-05
   16   -0.17322847E+02   -0.24868996E-13    0.39885423E-06
>> Charges saved for restart in charges.bin
 
 Total Energy:                     -17.3343855666 H
 Total Mermin free energy:         -17.3343855666 H
