================================================================================
==
==   Density Functional based Tight Binding with a lot of extensions (DFTB+)    
==
==                              Release: 1.2 (p2)
==
==                            (ParserVersion = 4)
==
================================================================================


********************************************************************************
** Parsing and initializing
********************************************************************************

Interpreting input file 'dftb_in.hsd'
--------------------------------------------------------------------------------
WARNING!
-> WriteHSDInput and WriteXMLInput both turned off. You won't eventually be 
 able to obtain the same results with a later version of the code!
Path: dftb_in/ParserOptions
Line: 78-81 (File: dftb_in.hsd)

Reading SK-files:
  /home/andersx/parameters/3ob-3-1/C-C.skf
  /home/andersx/parameters/3ob-3-1/C-O.skf
  /home/andersx/parameters/3ob-3-1/C-H.skf
  /home/andersx/parameters/3ob-3-1/O-C.skf
  /home/andersx/parameters/3ob-3-1/O-O.skf
  /home/andersx/parameters/3ob-3-1/O-H.skf
  /home/andersx/parameters/3ob-3-1/H-C.skf
  /home/andersx/parameters/3ob-3-1/H-O.skf
  /home/andersx/parameters/3ob-3-1/H-H.skf
Done.

Starting initialization...
--------------------------------------------------------------------------------
Mode:                        Static calculation
Self consistent charges:     Yes
SCC-tolerance:                 0.100000E-05
Max. scc iterations:                    100
Ewald alpha parameter:         0.000000E+00
Spin polarisation:           No
Nr. of up electrons:            21.000000
Nr. of down electrons:          21.000000
Periodic boundaries:         No
Diagonalizer:                Divide and Conquer
Mixer:                       Anderson mixer
Mixing parameter:                  0.200000
Maximal SCC-cycles:                     100
Nr. of chrg. vectors to mix:              8
Electronic temperature:        0.100000E-07
Initial charges:             Set automatically (system chrg:   0.000E+00)
Included shells:              C:  s, p
                              O:  s, p
                              H:  s
Full 3rd order correction    Yes
Damped SCC                   Yes
Damped specie(s):            H                                                 
Extra options:
--------------------------------------------------------------------------------
 

********************************************************************************
** Geometry step: 0
********************************************************************************

  iSCC Total electronic   Diff electronic      SCC error    
    1   -0.17989748E+02    0.00000000E+00    0.68456695E+00
    2   -0.17989891E+02   -0.14295185E-03    0.67556427E+00
    3   -0.17993890E+02   -0.39987933E-02    0.58734865E-01
    4   -0.17993840E+02    0.50432637E-04    0.56053033E-01
    5   -0.17993818E+02    0.21750208E-04    0.13734110E+00
    6   -0.17993976E+02   -0.15796698E-03    0.16033729E-01
    7   -0.17993971E+02    0.51975296E-05    0.15366371E-01
    8   -0.17993982E+02   -0.11148419E-04    0.94611886E-02
    9   -0.17993985E+02   -0.33356472E-05    0.14703036E-02
   10   -0.17993985E+02   -0.22660792E-07    0.13919438E-02
   11   -0.17993985E+02   -0.64203750E-07    0.31020009E-03
   12   -0.17993985E+02   -0.85708862E-09    0.20005281E-03
   13   -0.17993985E+02   -0.43643311E-09    0.11202997E-04
   14   -0.17993985E+02   -0.12239099E-10    0.17281066E-05
   15   -0.17993985E+02   -0.15987212E-12    0.39000032E-06
>> Charges saved for restart in charges.bin
 
 Total Energy:                     -18.0778573342 H
 Total Mermin free energy:         -18.0778573342 H
