================================================================================
==
==   Density Functional based Tight Binding with a lot of extensions (DFTB+)    
==
==                              Release: 1.2 (p2)
==
==                            (ParserVersion = 4)
==
================================================================================


********************************************************************************
** Parsing and initializing
********************************************************************************

Interpreting input file 'dftb_in.hsd'
--------------------------------------------------------------------------------
WARNING!
-> WriteHSDInput and WriteXMLInput both turned off. You won't eventually be 
 able to obtain the same results with a later version of the code!
Path: dftb_in/ParserOptions
Line: 76-79 (File: dftb_in.hsd)

Reading SK-files:
  /home/andersx/parameters/3ob-3-1/C-C.skf
  /home/andersx/parameters/3ob-3-1/C-O.skf
  /home/andersx/parameters/3ob-3-1/C-H.skf
  /home/andersx/parameters/3ob-3-1/O-C.skf
  /home/andersx/parameters/3ob-3-1/O-O.skf
  /home/andersx/parameters/3ob-3-1/O-H.skf
  /home/andersx/parameters/3ob-3-1/H-C.skf
  /home/andersx/parameters/3ob-3-1/H-O.skf
  /home/andersx/parameters/3ob-3-1/H-H.skf
Done.

Starting initialization...
--------------------------------------------------------------------------------
Mode:                        Static calculation
Self consistent charges:     Yes
SCC-tolerance:                 0.100000E-05
Max. scc iterations:                    100
Ewald alpha parameter:         0.000000E+00
Spin polarisation:           No
Nr. of up electrons:            21.000000
Nr. of down electrons:          21.000000
Periodic boundaries:         No
Diagonalizer:                Divide and Conquer
Mixer:                       Anderson mixer
Mixing parameter:                  0.200000
Maximal SCC-cycles:                     100
Nr. of chrg. vectors to mix:              8
Electronic temperature:        0.100000E-07
Initial charges:             Set automatically (system chrg:   0.000E+00)
Included shells:              C:  s, p
                              O:  s, p
                              H:  s
Full 3rd order correction    Yes
Damped SCC                   Yes
Damped specie(s):            H                                                 
Extra options:
--------------------------------------------------------------------------------
 

********************************************************************************
** Geometry step: 0
********************************************************************************

  iSCC Total electronic   Diff electronic      SCC error    
    1   -0.18889073E+02    0.00000000E+00    0.62083809E+00
    2   -0.18889566E+02   -0.49288071E-03    0.61178047E+00
    3   -0.18903676E+02   -0.14110360E-01    0.88027868E-01
    4   -0.18903597E+02    0.78869968E-04    0.81966799E-01
    5   -0.18903913E+02   -0.31621666E-03    0.38444094E-01
    6   -0.18903958E+02   -0.44962775E-04    0.12502501E-01
    7   -0.18903948E+02    0.10038710E-04    0.10378484E-01
    8   -0.18903971E+02   -0.22827784E-04    0.18162605E-02
    9   -0.18903971E+02   -0.54338852E-07    0.15591303E-02
   10   -0.18903971E+02   -0.11240737E-06    0.38314264E-03
   11   -0.18903971E+02   -0.58267915E-08    0.15258266E-03
   12   -0.18903971E+02   -0.15590267E-08    0.12464511E-04
   13   -0.18903971E+02   -0.23273827E-10    0.14865286E-05
   14   -0.18903971E+02   -0.28421709E-12    0.51095952E-06
>> Charges saved for restart in charges.bin
 
 Total Energy:                     -18.9367647558 H
 Total Mermin free energy:         -18.9367647558 H
