================================================================================
==
==   Density Functional based Tight Binding with a lot of extensions (DFTB+)    
==
==                              Release: 1.2 (p2)
==
==                            (ParserVersion = 4)
==
================================================================================


********************************************************************************
** Parsing and initializing
********************************************************************************

Interpreting input file 'dftb_in.hsd'
--------------------------------------------------------------------------------
WARNING!
-> WriteHSDInput and WriteXMLInput both turned off. You won't eventually be 
 able to obtain the same results with a later version of the code!
Path: dftb_in/ParserOptions
Line: 74-77 (File: dftb_in.hsd)

Reading SK-files:
  /home/andersx/parameters/3ob-3-1/C-C.skf
  /home/andersx/parameters/3ob-3-1/C-O.skf
  /home/andersx/parameters/3ob-3-1/C-H.skf
  /home/andersx/parameters/3ob-3-1/O-C.skf
  /home/andersx/parameters/3ob-3-1/O-O.skf
  /home/andersx/parameters/3ob-3-1/O-H.skf
  /home/andersx/parameters/3ob-3-1/H-C.skf
  /home/andersx/parameters/3ob-3-1/H-O.skf
  /home/andersx/parameters/3ob-3-1/H-H.skf
Done.

Starting initialization...
--------------------------------------------------------------------------------
Mode:                        Static calculation
Self consistent charges:     Yes
SCC-tolerance:                 0.100000E-05
Max. scc iterations:                    100
Ewald alpha parameter:         0.000000E+00
Spin polarisation:           No
Nr. of up electrons:            19.000000
Nr. of down electrons:          19.000000
Periodic boundaries:         No
Diagonalizer:                Divide and Conquer
Mixer:                       Anderson mixer
Mixing parameter:                  0.200000
Maximal SCC-cycles:                     100
Nr. of chrg. vectors to mix:              8
Electronic temperature:        0.100000E-07
Initial charges:             Set automatically (system chrg:   0.000E+00)
Included shells:              C:  s, p
                              O:  s, p
                              H:  s
Full 3rd order correction    Yes
Damped SCC                   Yes
Damped specie(s):            H                                                 
Extra options:
--------------------------------------------------------------------------------
 

********************************************************************************
** Geometry step: 0
********************************************************************************

  iSCC Total electronic   Diff electronic      SCC error    
    1   -0.16577881E+02    0.00000000E+00    0.62952137E+00
    2   -0.16578313E+02   -0.43146567E-03    0.61946471E+00
    3   -0.16590420E+02   -0.12107006E-01    0.84525202E-01
    4   -0.16590349E+02    0.70595166E-04    0.79224412E-01
    5   -0.16590584E+02   -0.23515126E-03    0.41674001E-01
    6   -0.16590631E+02   -0.46628828E-04    0.12562507E-01
    7   -0.16590627E+02    0.37391885E-05    0.12853681E-01
    8   -0.16590635E+02   -0.81346783E-05    0.35304613E-02
    9   -0.16590635E+02   -0.15234630E-06    0.30425244E-02
   10   -0.16590636E+02   -0.57180955E-06    0.43793118E-03
   11   -0.16590636E+02   -0.15864856E-07    0.20896422E-03
   12   -0.16590636E+02   -0.38971493E-08    0.22295998E-04
   13   -0.16590636E+02   -0.36976644E-10    0.40625872E-05
   14   -0.16590636E+02   -0.14210855E-12    0.63648438E-06
>> Charges saved for restart in charges.bin
 
 Total Energy:                     -16.4914023938 H
 Total Mermin free energy:         -16.4914023938 H
