================================================================================
==
==   Density Functional based Tight Binding with a lot of extensions (DFTB+)    
==
==                              Release: 1.2 (p2)
==
==                            (ParserVersion = 4)
==
================================================================================


********************************************************************************
** Parsing and initializing
********************************************************************************

Interpreting input file 'dftb_in.hsd'
--------------------------------------------------------------------------------
WARNING!
-> WriteHSDInput and WriteXMLInput both turned off. You won't eventually be 
 able to obtain the same results with a later version of the code!
Path: dftb_in/ParserOptions
Line: 76-79 (File: dftb_in.hsd)

Reading SK-files:
  /home/andersx/parameters/3ob-3-1/C-C.skf
  /home/andersx/parameters/3ob-3-1/C-O.skf
  /home/andersx/parameters/3ob-3-1/C-H.skf
  /home/andersx/parameters/3ob-3-1/O-C.skf
  /home/andersx/parameters/3ob-3-1/O-O.skf
  /home/andersx/parameters/3ob-3-1/O-H.skf
  /home/andersx/parameters/3ob-3-1/H-C.skf
  /home/andersx/parameters/3ob-3-1/H-O.skf
  /home/andersx/parameters/3ob-3-1/H-H.skf
Done.

Starting initialization...
--------------------------------------------------------------------------------
Mode:                        Static calculation
Self consistent charges:     Yes
SCC-tolerance:                 0.100000E-05
Max. scc iterations:                    100
Ewald alpha parameter:         0.000000E+00
Spin polarisation:           No
Nr. of up electrons:            21.000000
Nr. of down electrons:          21.000000
Periodic boundaries:         No
Diagonalizer:                Divide and Conquer
Mixer:                       Anderson mixer
Mixing parameter:                  0.200000
Maximal SCC-cycles:                     100
Nr. of chrg. vectors to mix:              8
Electronic temperature:        0.100000E-07
Initial charges:             Set automatically (system chrg:   0.000E+00)
Included shells:              C:  s, p
                              O:  s, p
                              H:  s
Full 3rd order correction    Yes
Damped SCC                   Yes
Damped specie(s):            H                                                 
Extra options:
--------------------------------------------------------------------------------
 

********************************************************************************
** Geometry step: 0
********************************************************************************

  iSCC Total electronic   Diff electronic      SCC error    
    1   -0.18919447E+02    0.00000000E+00    0.68455279E+00
    2   -0.18919731E+02   -0.28324917E-03    0.67547655E+00
    3   -0.18927631E+02   -0.79001184E-02    0.79225000E-01
    4   -0.18927546E+02    0.84401840E-04    0.74187518E-01
    5   -0.18927602E+02   -0.55280134E-04    0.91389744E-01
    6   -0.18927818E+02   -0.21663409E-03    0.10645210E-01
    7   -0.18927815E+02    0.32917195E-05    0.14418526E-01
    8   -0.18927818E+02   -0.26342600E-05    0.11385999E-01
    9   -0.18927821E+02   -0.36905207E-05    0.84907168E-03
   10   -0.18927821E+02   -0.12753695E-07    0.71910297E-03
   11   -0.18927821E+02   -0.26872211E-07    0.14873296E-03
   12   -0.18927821E+02   -0.24876634E-08    0.85670149E-04
   13   -0.18927821E+02   -0.82048857E-09    0.95444309E-05
   14   -0.18927821E+02   -0.10654588E-10    0.35322867E-05
   15   -0.18927821E+02   -0.48316906E-12    0.46708535E-06
>> Charges saved for restart in charges.bin
 
 Total Energy:                     -18.9034761359 H
 Total Mermin free energy:         -18.9034761359 H
