================================================================================
==
==   Density Functional based Tight Binding with a lot of extensions (DFTB+)    
==
==                              Release: 1.2 (p2)
==
==                            (ParserVersion = 4)
==
================================================================================


********************************************************************************
** Parsing and initializing
********************************************************************************

Interpreting input file 'dftb_in.hsd'
--------------------------------------------------------------------------------
WARNING!
-> WriteHSDInput and WriteXMLInput both turned off. You won't eventually be 
 able to obtain the same results with a later version of the code!
Path: dftb_in/ParserOptions
Line: 74-77 (File: dftb_in.hsd)

Reading SK-files:
  /home/andersx/parameters/3ob-3-1/C-C.skf
  /home/andersx/parameters/3ob-3-1/C-O.skf
  /home/andersx/parameters/3ob-3-1/C-H.skf
  /home/andersx/parameters/3ob-3-1/O-C.skf
  /home/andersx/parameters/3ob-3-1/O-O.skf
  /home/andersx/parameters/3ob-3-1/O-H.skf
  /home/andersx/parameters/3ob-3-1/H-C.skf
  /home/andersx/parameters/3ob-3-1/H-O.skf
  /home/andersx/parameters/3ob-3-1/H-H.skf
Done.

Starting initialization...
--------------------------------------------------------------------------------
Mode:                        Static calculation
Self consistent charges:     Yes
SCC-tolerance:                 0.100000E-05
Max. scc iterations:                    100
Ewald alpha parameter:         0.000000E+00
Spin polarisation:           No
Nr. of up electrons:            19.000000
Nr. of down electrons:          19.000000
Periodic boundaries:         No
Diagonalizer:                Divide and Conquer
Mixer:                       Anderson mixer
Mixing parameter:                  0.200000
Maximal SCC-cycles:                     100
Nr. of chrg. vectors to mix:              8
Electronic temperature:        0.100000E-07
Initial charges:             Set automatically (system chrg:   0.000E+00)
Included shells:              C:  s, p
                              O:  s, p
                              H:  s
Full 3rd order correction    Yes
Damped SCC                   Yes
Damped specie(s):            H                                                 
Extra options:
--------------------------------------------------------------------------------
 

********************************************************************************
** Geometry step: 0
********************************************************************************

  iSCC Total electronic   Diff electronic      SCC error    
    1   -0.16656728E+02    0.00000000E+00    0.25261036E+00
    2   -0.16656862E+02   -0.13414152E-03    0.24855241E+00
    3   -0.16660819E+02   -0.39571143E-02    0.71208973E-01
    4   -0.16660791E+02    0.27697370E-04    0.65802772E-01
    5   -0.16660823E+02   -0.31660194E-04    0.22530075E-01
    6   -0.16660855E+02   -0.32097503E-04    0.18353185E-02
    7   -0.16660855E+02   -0.24391051E-06    0.16308181E-02
    8   -0.16660856E+02   -0.75511099E-06    0.76776226E-03
    9   -0.16660856E+02   -0.19707009E-08    0.71628625E-03
   10   -0.16660856E+02    0.76128543E-08    0.54935728E-03
   11   -0.16660856E+02   -0.13434196E-07    0.22242884E-03
   12   -0.16660856E+02   -0.37745167E-08    0.60887403E-05
   13   -0.16660856E+02   -0.10789591E-10    0.33960161E-05
   14   -0.16660856E+02   -0.72475359E-12    0.12591252E-08
>> Charges saved for restart in charges.bin
 
 Total Energy:                     -16.5777539178 H
 Total Mermin free energy:         -16.5777539178 H
