================================================================================
==
==   Density Functional based Tight Binding with a lot of extensions (DFTB+)    
==
==                              Release: 1.2 (p2)
==
==                            (ParserVersion = 4)
==
================================================================================


********************************************************************************
** Parsing and initializing
********************************************************************************

Interpreting input file 'dftb_in.hsd'
--------------------------------------------------------------------------------
WARNING!
-> WriteHSDInput and WriteXMLInput both turned off. You won't eventually be 
 able to obtain the same results with a later version of the code!
Path: dftb_in/ParserOptions
Line: 78-81 (File: dftb_in.hsd)

Reading SK-files:
  /home/andersx/parameters/3ob-3-1/C-C.skf
  /home/andersx/parameters/3ob-3-1/C-O.skf
  /home/andersx/parameters/3ob-3-1/C-H.skf
  /home/andersx/parameters/3ob-3-1/O-C.skf
  /home/andersx/parameters/3ob-3-1/O-O.skf
  /home/andersx/parameters/3ob-3-1/O-H.skf
  /home/andersx/parameters/3ob-3-1/H-C.skf
  /home/andersx/parameters/3ob-3-1/H-O.skf
  /home/andersx/parameters/3ob-3-1/H-H.skf
Done.

Starting initialization...
--------------------------------------------------------------------------------
Mode:                        Static calculation
Self consistent charges:     Yes
SCC-tolerance:                 0.100000E-05
Max. scc iterations:                    100
Ewald alpha parameter:         0.000000E+00
Spin polarisation:           No
Nr. of up electrons:            21.000000
Nr. of down electrons:          21.000000
Periodic boundaries:         No
Diagonalizer:                Divide and Conquer
Mixer:                       Anderson mixer
Mixing parameter:                  0.200000
Maximal SCC-cycles:                     100
Nr. of chrg. vectors to mix:              8
Electronic temperature:        0.100000E-07
Initial charges:             Set automatically (system chrg:   0.000E+00)
Included shells:              C:  s, p
                              O:  s, p
                              H:  s
Full 3rd order correction    Yes
Damped SCC                   Yes
Damped specie(s):            H                                                 
Extra options:
--------------------------------------------------------------------------------
 

********************************************************************************
** Geometry step: 0
********************************************************************************

  iSCC Total electronic   Diff electronic      SCC error    
    1   -0.17973443E+02    0.00000000E+00    0.58775161E+00
    2   -0.17973760E+02   -0.31747833E-03    0.57871216E+00
    3   -0.17982751E+02   -0.89902535E-02    0.80004102E-01
    4   -0.17982665E+02    0.85500673E-04    0.72101763E-01
    5   -0.17982700E+02   -0.34353527E-04    0.88988516E-01
    6   -0.17982878E+02   -0.17804085E-03    0.92284768E-02
    7   -0.17982873E+02    0.47279394E-05    0.19728910E-01
    8   -0.17982882E+02   -0.90569811E-05    0.23692534E-02
    9   -0.17982882E+02    0.37592180E-07    0.95376122E-03
   10   -0.17982882E+02   -0.41717893E-07    0.52292929E-03
   11   -0.17982882E+02   -0.56118985E-08    0.55265182E-04
   12   -0.17982882E+02   -0.68841643E-09    0.13616150E-04
   13   -0.17982882E+02   -0.47521098E-10    0.15363656E-05
   14   -0.17982882E+02   -0.25579538E-12    0.12814796E-06
>> Charges saved for restart in charges.bin
 
 Total Energy:                     -18.1056400598 H
 Total Mermin free energy:         -18.1056400598 H
