================================================================================
==
==   Density Functional based Tight Binding with a lot of extensions (DFTB+)    
==
==                              Release: 1.2 (p2)
==
==                            (ParserVersion = 4)
==
================================================================================


********************************************************************************
** Parsing and initializing
********************************************************************************

Interpreting input file 'dftb_in.hsd'
--------------------------------------------------------------------------------
WARNING!
-> WriteHSDInput and WriteXMLInput both turned off. You won't eventually be 
 able to obtain the same results with a later version of the code!
Path: dftb_in/ParserOptions
Line: 71-74 (File: dftb_in.hsd)

Reading SK-files:
  /home/andersx/parameters/3ob-3-1/C-C.skf
  /home/andersx/parameters/3ob-3-1/C-N.skf
  /home/andersx/parameters/3ob-3-1/C-H.skf
  /home/andersx/parameters/3ob-3-1/N-C.skf
  /home/andersx/parameters/3ob-3-1/N-N.skf
  /home/andersx/parameters/3ob-3-1/N-H.skf
  /home/andersx/parameters/3ob-3-1/H-C.skf
  /home/andersx/parameters/3ob-3-1/H-N.skf
  /home/andersx/parameters/3ob-3-1/H-H.skf
Done.

Starting initialization...
--------------------------------------------------------------------------------
Mode:                        Static calculation
Self consistent charges:     Yes
SCC-tolerance:                 0.100000E-05
Max. scc iterations:                    100
Ewald alpha parameter:         0.000000E+00
Spin polarisation:           No
Nr. of up electrons:            16.000000
Nr. of down electrons:          16.000000
Periodic boundaries:         No
Diagonalizer:                Divide and Conquer
Mixer:                       Anderson mixer
Mixing parameter:                  0.200000
Maximal SCC-cycles:                     100
Nr. of chrg. vectors to mix:              8
Electronic temperature:        0.100000E-07
Initial charges:             Set automatically (system chrg:   0.000E+00)
Included shells:              C:  s, p
                              N:  s, p
                              H:  s
Full 3rd order correction    Yes
Damped SCC                   Yes
Damped specie(s):            H                                                 
Extra options:
--------------------------------------------------------------------------------
 

********************************************************************************
** Geometry step: 0
********************************************************************************

  iSCC Total electronic   Diff electronic      SCC error    
    1   -0.14128637E+02    0.00000000E+00    0.67898396E+00
    2   -0.14129471E+02   -0.83420559E-03    0.66635420E+00
    3   -0.14146391E+02   -0.16920169E-01    0.18076280E+00
    4   -0.14146206E+02    0.18565033E-03    0.17886384E+00
    5   -0.14147691E+02   -0.14853573E-02    0.45797236E-01
    6   -0.14147766E+02   -0.75168126E-04    0.26624374E-01
    7   -0.14147766E+02   -0.48489527E-07    0.26685949E-01
    8   -0.14147796E+02   -0.30134274E-04    0.61892001E-02
    9   -0.14147798E+02   -0.11074950E-05    0.41454963E-02
   10   -0.14147799E+02   -0.10687449E-05    0.17912948E-02
   11   -0.14147799E+02   -0.21934678E-07    0.93408406E-03
   12   -0.14147799E+02   -0.45885233E-07    0.57987585E-04
   13   -0.14147799E+02   -0.15269386E-09    0.20147918E-04
   14   -0.14147799E+02   -0.14654944E-10    0.29727961E-05
   15   -0.14147799E+02   -0.29132252E-12    0.43025569E-06
>> Charges saved for restart in charges.bin
 
 Total Energy:                     -13.8492628996 H
 Total Mermin free energy:         -13.8492628996 H
