================================================================================
==
==   Density Functional based Tight Binding with a lot of extensions (DFTB+)    
==
==                              Release: 1.2 (p2)
==
==                            (ParserVersion = 4)
==
================================================================================


********************************************************************************
** Parsing and initializing
********************************************************************************

Interpreting input file 'dftb_in.hsd'
--------------------------------------------------------------------------------
WARNING!
-> WriteHSDInput and WriteXMLInput both turned off. You won't eventually be 
 able to obtain the same results with a later version of the code!
Path: dftb_in/ParserOptions
Line: 69-72 (File: dftb_in.hsd)

Reading SK-files:
  /home/andersx/parameters/3ob-3-1/C-C.skf
  /home/andersx/parameters/3ob-3-1/C-N.skf
  /home/andersx/parameters/3ob-3-1/C-H.skf
  /home/andersx/parameters/3ob-3-1/N-C.skf
  /home/andersx/parameters/3ob-3-1/N-N.skf
  /home/andersx/parameters/3ob-3-1/N-H.skf
  /home/andersx/parameters/3ob-3-1/H-C.skf
  /home/andersx/parameters/3ob-3-1/H-N.skf
  /home/andersx/parameters/3ob-3-1/H-H.skf
Done.

Starting initialization...
--------------------------------------------------------------------------------
Mode:                        Static calculation
Self consistent charges:     Yes
SCC-tolerance:                 0.100000E-05
Max. scc iterations:                    100
Ewald alpha parameter:         0.000000E+00
Spin polarisation:           No
Nr. of up electrons:            15.000000
Nr. of down electrons:          15.000000
Periodic boundaries:         No
Diagonalizer:                Divide and Conquer
Mixer:                       Anderson mixer
Mixing parameter:                  0.200000
Maximal SCC-cycles:                     100
Nr. of chrg. vectors to mix:              8
Electronic temperature:        0.100000E-07
Initial charges:             Set automatically (system chrg:   0.000E+00)
Included shells:              C:  s, p
                              N:  s, p
                              H:  s
Full 3rd order correction    Yes
Damped SCC                   Yes
Damped specie(s):            H                                                 
Extra options:
--------------------------------------------------------------------------------
 

********************************************************************************
** Geometry step: 0
********************************************************************************

  iSCC Total electronic   Diff electronic      SCC error    
    1   -0.13380915E+02    0.00000000E+00    0.27561178E+00
    2   -0.13381553E+02   -0.63808437E-03    0.26940988E+00
    3   -0.13394252E+02   -0.12698809E-01    0.89011441E-01
    4   -0.13394189E+02    0.63286261E-04    0.89075338E-01
    5   -0.13394485E+02   -0.29575316E-03    0.19568132E-01
    6   -0.13394545E+02   -0.60567735E-04    0.44109807E-02
    7   -0.13394546E+02   -0.13123680E-05    0.38137189E-02
    8   -0.13394549E+02   -0.20487966E-05    0.33265893E-03
    9   -0.13394548E+02    0.55566201E-08    0.32145546E-03
   10   -0.13394549E+02   -0.14397115E-07    0.96559944E-05
   11   -0.13394549E+02   -0.17459811E-10    0.83922872E-07
>> Charges saved for restart in charges.bin
 
 Total Energy:                     -13.0615038007 H
 Total Mermin free energy:         -13.0615038007 H
