================================================================================
==
==   Density Functional based Tight Binding with a lot of extensions (DFTB+)    
==
==                              Release: 1.2 (p2)
==
==                            (ParserVersion = 4)
==
================================================================================


********************************************************************************
** Parsing and initializing
********************************************************************************

Interpreting input file 'dftb_in.hsd'
--------------------------------------------------------------------------------
WARNING!
-> WriteHSDInput and WriteXMLInput both turned off. You won't eventually be 
 able to obtain the same results with a later version of the code!
Path: dftb_in/ParserOptions
Line: 78-81 (File: dftb_in.hsd)

Reading SK-files:
  /home/andersx/parameters/3ob-3-1/C-C.skf
  /home/andersx/parameters/3ob-3-1/C-O.skf
  /home/andersx/parameters/3ob-3-1/C-H.skf
  /home/andersx/parameters/3ob-3-1/O-C.skf
  /home/andersx/parameters/3ob-3-1/O-O.skf
  /home/andersx/parameters/3ob-3-1/O-H.skf
  /home/andersx/parameters/3ob-3-1/H-C.skf
  /home/andersx/parameters/3ob-3-1/H-O.skf
  /home/andersx/parameters/3ob-3-1/H-H.skf
Done.

Starting initialization...
--------------------------------------------------------------------------------
Mode:                        Static calculation
Self consistent charges:     Yes
SCC-tolerance:                 0.100000E-05
Max. scc iterations:                    100
Ewald alpha parameter:         0.000000E+00
Spin polarisation:           No
Nr. of up electrons:            21.000000
Nr. of down electrons:          21.000000
Periodic boundaries:         No
Diagonalizer:                Divide and Conquer
Mixer:                       Anderson mixer
Mixing parameter:                  0.200000
Maximal SCC-cycles:                     100
Nr. of chrg. vectors to mix:              8
Electronic temperature:        0.100000E-07
Initial charges:             Set automatically (system chrg:   0.000E+00)
Included shells:              C:  s, p
                              O:  s, p
                              H:  s
Full 3rd order correction    Yes
Damped SCC                   Yes
Damped specie(s):            H                                                 
Extra options:
--------------------------------------------------------------------------------
 

********************************************************************************
** Geometry step: 0
********************************************************************************

  iSCC Total electronic   Diff electronic      SCC error    
    1   -0.17971871E+02    0.00000000E+00    0.68127347E+00
    2   -0.17972024E+02   -0.15321059E-03    0.67230946E+00
    3   -0.17976257E+02   -0.42329890E-02    0.67172049E-01
    4   -0.17976201E+02    0.56332344E-04    0.56412631E-01
    5   -0.17976228E+02   -0.27164141E-04    0.10575759E+00
    6   -0.17976370E+02   -0.14236650E-03    0.13851252E-01
    7   -0.17976369E+02    0.98223593E-06    0.69782288E-02
    8   -0.17976373E+02   -0.38351423E-05    0.48533275E-02
    9   -0.17976374E+02   -0.11457362E-05    0.20170380E-02
   10   -0.17976374E+02   -0.25668921E-07    0.20627014E-02
   11   -0.17976374E+02   -0.21362190E-07    0.35004132E-03
   12   -0.17976374E+02   -0.82040366E-08    0.14012376E-03
   13   -0.17976374E+02   -0.44716941E-09    0.21449742E-04
   14   -0.17976374E+02   -0.24694913E-10    0.15931897E-05
   15   -0.17976374E+02   -0.81712415E-13    0.44847733E-06
>> Charges saved for restart in charges.bin
 
 Total Energy:                     -18.0859882253 H
 Total Mermin free energy:         -18.0859882253 H
