================================================================================
==
==   Density Functional based Tight Binding with a lot of extensions (DFTB+)    
==
==                              Release: 1.2 (p2)
==
==                            (ParserVersion = 4)
==
================================================================================


********************************************************************************
** Parsing and initializing
********************************************************************************

Interpreting input file 'dftb_in.hsd'
--------------------------------------------------------------------------------
WARNING!
-> WriteHSDInput and WriteXMLInput both turned off. You won't eventually be 
 able to obtain the same results with a later version of the code!
Path: dftb_in/ParserOptions
Line: 76-79 (File: dftb_in.hsd)

Reading SK-files:
  /home/andersx/parameters/3ob-3-1/C-C.skf
  /home/andersx/parameters/3ob-3-1/C-O.skf
  /home/andersx/parameters/3ob-3-1/C-H.skf
  /home/andersx/parameters/3ob-3-1/O-C.skf
  /home/andersx/parameters/3ob-3-1/O-O.skf
  /home/andersx/parameters/3ob-3-1/O-H.skf
  /home/andersx/parameters/3ob-3-1/H-C.skf
  /home/andersx/parameters/3ob-3-1/H-O.skf
  /home/andersx/parameters/3ob-3-1/H-H.skf
Done.

Starting initialization...
--------------------------------------------------------------------------------
Mode:                        Static calculation
Self consistent charges:     Yes
SCC-tolerance:                 0.100000E-05
Max. scc iterations:                    100
Ewald alpha parameter:         0.000000E+00
Spin polarisation:           No
Nr. of up electrons:            20.000000
Nr. of down electrons:          20.000000
Periodic boundaries:         No
Diagonalizer:                Divide and Conquer
Mixer:                       Anderson mixer
Mixing parameter:                  0.200000
Maximal SCC-cycles:                     100
Nr. of chrg. vectors to mix:              8
Electronic temperature:        0.100000E-07
Initial charges:             Set automatically (system chrg:   0.000E+00)
Included shells:              C:  s, p
                              O:  s, p
                              H:  s
Full 3rd order correction    Yes
Damped SCC                   Yes
Damped specie(s):            H                                                 
Extra options:
--------------------------------------------------------------------------------
 

********************************************************************************
** Geometry step: 0
********************************************************************************

  iSCC Total electronic   Diff electronic      SCC error    
    1   -0.17304240E+02    0.00000000E+00    0.44229106E+00
    2   -0.17304429E+02   -0.18898852E-03    0.43539580E+00
    3   -0.17309420E+02   -0.49905625E-02    0.77893434E-01
    4   -0.17309334E+02    0.85991611E-04    0.76157651E-01
    5   -0.17309792E+02   -0.45830811E-03    0.45659015E-01
    6   -0.17309831E+02   -0.38271084E-04    0.22342131E-01
    7   -0.17309840E+02   -0.95565618E-05    0.25730401E-01
    8   -0.17309857E+02   -0.17155982E-04    0.29648943E-02
    9   -0.17309858E+02   -0.31489460E-06    0.15446880E-02
   10   -0.17309858E+02   -0.30401507E-06    0.21399913E-03
   11   -0.17309858E+02   -0.19317170E-08    0.10762002E-03
   12   -0.17309858E+02   -0.10112622E-08    0.15363180E-04
   13   -0.17309858E+02   -0.10775381E-10    0.32846172E-05
   14   -0.17309858E+02   -0.13145041E-12    0.48999291E-06
>> Charges saved for restart in charges.bin
 
 Total Energy:                     -17.3264942939 H
 Total Mermin free energy:         -17.3264942939 H
