================================================================================
==
==   Density Functional based Tight Binding with a lot of extensions (DFTB+)    
==
==                              Release: 1.2 (p2)
==
==                            (ParserVersion = 4)
==
================================================================================


********************************************************************************
** Parsing and initializing
********************************************************************************

Interpreting input file 'dftb_in.hsd'
--------------------------------------------------------------------------------
WARNING!
-> WriteHSDInput and WriteXMLInput both turned off. You won't eventually be 
 able to obtain the same results with a later version of the code!
Path: dftb_in/ParserOptions
Line: 76-79 (File: dftb_in.hsd)

Reading SK-files:
  /home/andersx/parameters/3ob-3-1/C-C.skf
  /home/andersx/parameters/3ob-3-1/C-O.skf
  /home/andersx/parameters/3ob-3-1/C-H.skf
  /home/andersx/parameters/3ob-3-1/O-C.skf
  /home/andersx/parameters/3ob-3-1/O-O.skf
  /home/andersx/parameters/3ob-3-1/O-H.skf
  /home/andersx/parameters/3ob-3-1/H-C.skf
  /home/andersx/parameters/3ob-3-1/H-O.skf
  /home/andersx/parameters/3ob-3-1/H-H.skf
Done.

Starting initialization...
--------------------------------------------------------------------------------
Mode:                        Static calculation
Self consistent charges:     Yes
SCC-tolerance:                 0.100000E-05
Max. scc iterations:                    100
Ewald alpha parameter:         0.000000E+00
Spin polarisation:           No
Nr. of up electrons:            20.000000
Nr. of down electrons:          20.000000
Periodic boundaries:         No
Diagonalizer:                Divide and Conquer
Mixer:                       Anderson mixer
Mixing parameter:                  0.200000
Maximal SCC-cycles:                     100
Nr. of chrg. vectors to mix:              8
Electronic temperature:        0.100000E-07
Initial charges:             Set automatically (system chrg:   0.000E+00)
Included shells:              C:  s, p
                              O:  s, p
                              H:  s
Full 3rd order correction    Yes
Damped SCC                   Yes
Damped specie(s):            H                                                 
Extra options:
--------------------------------------------------------------------------------
 

********************************************************************************
** Geometry step: 0
********************************************************************************

  iSCC Total electronic   Diff electronic      SCC error    
    1   -0.17306663E+02    0.00000000E+00    0.48644251E+00
    2   -0.17306895E+02   -0.23167021E-03    0.47883566E+00
    3   -0.17312724E+02   -0.58292843E-02    0.84610141E-01
    4   -0.17312541E+02    0.18319002E-03    0.10407148E+00
    5   -0.17313170E+02   -0.62872424E-03    0.90627447E-01
    6   -0.17313300E+02   -0.12995710E-03    0.23039788E-01
    7   -0.17313262E+02    0.37708488E-04    0.42599879E-01
    8   -0.17313356E+02   -0.94407255E-04    0.19482041E-02
    9   -0.17313356E+02    0.22994714E-06    0.20781250E-02
   10   -0.17313356E+02   -0.31539740E-06    0.82373090E-03
   11   -0.17313356E+02   -0.21959110E-08    0.19428057E-03
   12   -0.17313356E+02   -0.38848391E-08    0.70884627E-04
   13   -0.17313356E+02   -0.32752467E-10    0.16926432E-04
   14   -0.17313356E+02   -0.31050718E-11    0.73089679E-06
>> Charges saved for restart in charges.bin
 
 Total Energy:                     -17.3323632520 H
 Total Mermin free energy:         -17.3323632520 H
