================================================================================
==
==   Density Functional based Tight Binding with a lot of extensions (DFTB+)    
==
==                              Release: 1.2 (p2)
==
==                            (ParserVersion = 4)
==
================================================================================


********************************************************************************
** Parsing and initializing
********************************************************************************

Interpreting input file 'dftb_in.hsd'
--------------------------------------------------------------------------------
WARNING!
-> WriteHSDInput and WriteXMLInput both turned off. You won't eventually be 
 able to obtain the same results with a later version of the code!
Path: dftb_in/ParserOptions
Line: 76-79 (File: dftb_in.hsd)

Reading SK-files:
  /home/andersx/parameters/3ob-3-1/C-C.skf
  /home/andersx/parameters/3ob-3-1/C-O.skf
  /home/andersx/parameters/3ob-3-1/C-H.skf
  /home/andersx/parameters/3ob-3-1/O-C.skf
  /home/andersx/parameters/3ob-3-1/O-O.skf
  /home/andersx/parameters/3ob-3-1/O-H.skf
  /home/andersx/parameters/3ob-3-1/H-C.skf
  /home/andersx/parameters/3ob-3-1/H-O.skf
  /home/andersx/parameters/3ob-3-1/H-H.skf
Done.

Starting initialization...
--------------------------------------------------------------------------------
Mode:                        Static calculation
Self consistent charges:     Yes
SCC-tolerance:                 0.100000E-05
Max. scc iterations:                    100
Ewald alpha parameter:         0.000000E+00
Spin polarisation:           No
Nr. of up electrons:            20.000000
Nr. of down electrons:          20.000000
Periodic boundaries:         No
Diagonalizer:                Divide and Conquer
Mixer:                       Anderson mixer
Mixing parameter:                  0.200000
Maximal SCC-cycles:                     100
Nr. of chrg. vectors to mix:              8
Electronic temperature:        0.100000E-07
Initial charges:             Set automatically (system chrg:   0.000E+00)
Included shells:              C:  s, p
                              O:  s, p
                              H:  s
Full 3rd order correction    Yes
Damped SCC                   Yes
Damped specie(s):            H                                                 
Extra options:
--------------------------------------------------------------------------------
 

********************************************************************************
** Geometry step: 0
********************************************************************************

  iSCC Total electronic   Diff electronic      SCC error    
    1   -0.17282479E+02    0.00000000E+00    0.56753045E+00
    2   -0.17282790E+02   -0.31073410E-03    0.55888317E+00
    3   -0.17291629E+02   -0.88385414E-02    0.86702117E-01
    4   -0.17291561E+02    0.67035267E-04    0.79692591E-01
    5   -0.17291646E+02   -0.84505523E-04    0.65526803E-01
    6   -0.17291753E+02   -0.10711872E-03    0.11989771E-01
    7   -0.17291750E+02    0.35933063E-05    0.14122425E-01
    8   -0.17291760E+02   -0.10589855E-04    0.29159167E-02
    9   -0.17291760E+02   -0.11964803E-06    0.28692546E-02
   10   -0.17291761E+02   -0.30708578E-06    0.16491931E-02
   11   -0.17291761E+02   -0.65104068E-07    0.37658699E-03
   12   -0.17291761E+02   -0.17058365E-07    0.38160409E-04
   13   -0.17291761E+02   -0.18201263E-09    0.24609125E-04
   14   -0.17291761E+02   -0.77111650E-10    0.18737363E-05
   15   -0.17291761E+02   -0.92370556E-13    0.56610005E-06
>> Charges saved for restart in charges.bin
 
 Total Energy:                     -17.3168597127 H
 Total Mermin free energy:         -17.3168597127 H
