================================================================================
==
==   Density Functional based Tight Binding with a lot of extensions (DFTB+)    
==
==                              Release: 1.2 (p2)
==
==                            (ParserVersion = 4)
==
================================================================================


********************************************************************************
** Parsing and initializing
********************************************************************************

Interpreting input file 'dftb_in.hsd'
--------------------------------------------------------------------------------
WARNING!
-> WriteHSDInput and WriteXMLInput both turned off. You won't eventually be 
 able to obtain the same results with a later version of the code!
Path: dftb_in/ParserOptions
Line: 74-77 (File: dftb_in.hsd)

Reading SK-files:
  /home/andersx/parameters/3ob-3-1/C-C.skf
  /home/andersx/parameters/3ob-3-1/C-O.skf
  /home/andersx/parameters/3ob-3-1/C-H.skf
  /home/andersx/parameters/3ob-3-1/O-C.skf
  /home/andersx/parameters/3ob-3-1/O-O.skf
  /home/andersx/parameters/3ob-3-1/O-H.skf
  /home/andersx/parameters/3ob-3-1/H-C.skf
  /home/andersx/parameters/3ob-3-1/H-O.skf
  /home/andersx/parameters/3ob-3-1/H-H.skf
Done.

Starting initialization...
--------------------------------------------------------------------------------
Mode:                        Static calculation
Self consistent charges:     Yes
SCC-tolerance:                 0.100000E-05
Max. scc iterations:                    100
Ewald alpha parameter:         0.000000E+00
Spin polarisation:           No
Nr. of up electrons:            20.000000
Nr. of down electrons:          20.000000
Periodic boundaries:         No
Diagonalizer:                Divide and Conquer
Mixer:                       Anderson mixer
Mixing parameter:                  0.200000
Maximal SCC-cycles:                     100
Nr. of chrg. vectors to mix:              8
Electronic temperature:        0.100000E-07
Initial charges:             Set automatically (system chrg:   0.000E+00)
Included shells:              C:  s, p
                              O:  s, p
                              H:  s
Full 3rd order correction    Yes
Damped SCC                   Yes
Damped specie(s):            H                                                 
Extra options:
--------------------------------------------------------------------------------
 

********************************************************************************
** Geometry step: 0
********************************************************************************

  iSCC Total electronic   Diff electronic      SCC error    
    1   -0.18192183E+02    0.00000000E+00    0.56882835E+00
    2   -0.18192664E+02   -0.48077934E-03    0.56017035E+00
    3   -0.18207164E+02   -0.14500861E-01    0.10455300E+00
    4   -0.18207136E+02    0.28299901E-04    0.96742206E-01
    5   -0.18207232E+02   -0.95435066E-04    0.19592993E-01
    6   -0.18207238E+02   -0.68850882E-05    0.77154237E-02
    7   -0.18207242E+02   -0.32606647E-05    0.70183243E-02
    8   -0.18207249E+02   -0.74560848E-05    0.13823352E-02
    9   -0.18207249E+02   -0.60752885E-07    0.11353880E-02
   10   -0.18207249E+02   -0.17079449E-06    0.27367493E-03
   11   -0.18207249E+02   -0.25633362E-08    0.16410016E-03
   12   -0.18207249E+02   -0.82739149E-09    0.10162251E-04
   13   -0.18207249E+02   -0.13280044E-10    0.11965849E-05
   14   -0.18207249E+02   -0.42632564E-13    0.33666438E-06
>> Charges saved for restart in charges.bin
 
 Total Energy:                     -18.1382186849 H
 Total Mermin free energy:         -18.1382186849 H
