================================================================================
==
==   Density Functional based Tight Binding with a lot of extensions (DFTB+)    
==
==                              Release: 1.2 (p2)
==
==                            (ParserVersion = 4)
==
================================================================================


********************************************************************************
** Parsing and initializing
********************************************************************************

Interpreting input file 'dftb_in.hsd'
--------------------------------------------------------------------------------
WARNING!
-> WriteHSDInput and WriteXMLInput both turned off. You won't eventually be 
 able to obtain the same results with a later version of the code!
Path: dftb_in/ParserOptions
Line: 74-77 (File: dftb_in.hsd)

Reading SK-files:
  /home/andersx/parameters/3ob-3-1/C-C.skf
  /home/andersx/parameters/3ob-3-1/C-O.skf
  /home/andersx/parameters/3ob-3-1/C-H.skf
  /home/andersx/parameters/3ob-3-1/O-C.skf
  /home/andersx/parameters/3ob-3-1/O-O.skf
  /home/andersx/parameters/3ob-3-1/O-H.skf
  /home/andersx/parameters/3ob-3-1/H-C.skf
  /home/andersx/parameters/3ob-3-1/H-O.skf
  /home/andersx/parameters/3ob-3-1/H-H.skf
Done.

Starting initialization...
--------------------------------------------------------------------------------
Mode:                        Static calculation
Self consistent charges:     Yes
SCC-tolerance:                 0.100000E-05
Max. scc iterations:                    100
Ewald alpha parameter:         0.000000E+00
Spin polarisation:           No
Nr. of up electrons:            20.000000
Nr. of down electrons:          20.000000
Periodic boundaries:         No
Diagonalizer:                Divide and Conquer
Mixer:                       Anderson mixer
Mixing parameter:                  0.200000
Maximal SCC-cycles:                     100
Nr. of chrg. vectors to mix:              8
Electronic temperature:        0.100000E-07
Initial charges:             Set automatically (system chrg:   0.000E+00)
Included shells:              C:  s, p
                              O:  s, p
                              H:  s
Full 3rd order correction    Yes
Damped SCC                   Yes
Damped specie(s):            H                                                 
Extra options:
--------------------------------------------------------------------------------
 

********************************************************************************
** Geometry step: 0
********************************************************************************

  iSCC Total electronic   Diff electronic      SCC error    
    1   -0.18137075E+02    0.00000000E+00    0.61031897E+00
    2   -0.18137542E+02   -0.46661029E-03    0.60291331E+00
    3   -0.18150880E+02   -0.13338882E-01    0.98382608E-01
    4   -0.18150807E+02    0.72917093E-04    0.91902342E-01
    5   -0.18151139E+02   -0.33151885E-03    0.34146876E-01
    6   -0.18151182E+02   -0.43431280E-04    0.11965858E-01
    7   -0.18151169E+02    0.13420661E-04    0.98892597E-02
    8   -0.18151196E+02   -0.27201534E-04    0.11345817E-02
    9   -0.18151196E+02   -0.50721223E-07    0.70811609E-03
   10   -0.18151196E+02   -0.28400191E-07    0.74311944E-04
   11   -0.18151196E+02   -0.45524473E-10    0.55622227E-04
   12   -0.18151196E+02   -0.22300384E-10    0.16360644E-05
   13   -0.18151196E+02   -0.11013412E-12    0.29260630E-06
>> Charges saved for restart in charges.bin
 
 Total Energy:                     -18.1277870258 H
 Total Mermin free energy:         -18.1277870258 H
