================================================================================
==
==   Density Functional based Tight Binding with a lot of extensions (DFTB+)    
==
==                              Release: 1.2 (p2)
==
==                            (ParserVersion = 4)
==
================================================================================


********************************************************************************
** Parsing and initializing
********************************************************************************

Interpreting input file 'dftb_in.hsd'
--------------------------------------------------------------------------------
WARNING!
-> WriteHSDInput and WriteXMLInput both turned off. You won't eventually be 
 able to obtain the same results with a later version of the code!
Path: dftb_in/ParserOptions
Line: 74-77 (File: dftb_in.hsd)

Reading SK-files:
  /home/andersx/parameters/3ob-3-1/C-C.skf
  /home/andersx/parameters/3ob-3-1/C-O.skf
  /home/andersx/parameters/3ob-3-1/C-H.skf
  /home/andersx/parameters/3ob-3-1/O-C.skf
  /home/andersx/parameters/3ob-3-1/O-O.skf
  /home/andersx/parameters/3ob-3-1/O-H.skf
  /home/andersx/parameters/3ob-3-1/H-C.skf
  /home/andersx/parameters/3ob-3-1/H-O.skf
  /home/andersx/parameters/3ob-3-1/H-H.skf
Done.

Starting initialization...
--------------------------------------------------------------------------------
Mode:                        Static calculation
Self consistent charges:     Yes
SCC-tolerance:                 0.100000E-05
Max. scc iterations:                    100
Ewald alpha parameter:         0.000000E+00
Spin polarisation:           No
Nr. of up electrons:            19.000000
Nr. of down electrons:          19.000000
Periodic boundaries:         No
Diagonalizer:                Divide and Conquer
Mixer:                       Anderson mixer
Mixing parameter:                  0.200000
Maximal SCC-cycles:                     100
Nr. of chrg. vectors to mix:              8
Electronic temperature:        0.100000E-07
Initial charges:             Set automatically (system chrg:   0.000E+00)
Included shells:              C:  s, p
                              O:  s, p
                              H:  s
Full 3rd order correction    Yes
Damped SCC                   Yes
Damped specie(s):            H                                                 
Extra options:
--------------------------------------------------------------------------------
 

********************************************************************************
** Geometry step: 0
********************************************************************************

  iSCC Total electronic   Diff electronic      SCC error    
    1   -0.16581468E+02    0.00000000E+00    0.63605055E+00
    2   -0.16581897E+02   -0.42922215E-03    0.62598288E+00
    3   -0.16593744E+02   -0.11846771E-01    0.89665080E-01
    4   -0.16593669E+02    0.74778860E-04    0.82967592E-01
    5   -0.16593948E+02   -0.27864852E-03    0.61356164E-01
    6   -0.16594027E+02   -0.78755930E-04    0.33275806E-01
    7   -0.16593964E+02    0.62903169E-04    0.33577808E-01
    8   -0.16594056E+02   -0.92422332E-04    0.36273613E-02
    9   -0.16594056E+02    0.13976353E-06    0.52222712E-02
   10   -0.16594057E+02   -0.11619885E-05    0.19946713E-02
   11   -0.16594057E+02   -0.10421319E-06    0.73478726E-03
   12   -0.16594057E+02   -0.38974715E-07    0.63234206E-04
   13   -0.16594057E+02   -0.45664805E-09    0.35854156E-04
   14   -0.16594057E+02   -0.12724399E-09    0.33488690E-05
   15   -0.16594057E+02   -0.40856207E-12    0.29925425E-06
>> Charges saved for restart in charges.bin
 
 Total Energy:                     -16.4923124204 H
 Total Mermin free energy:         -16.4923124204 H
