================================================================================
==
==   Density Functional based Tight Binding with a lot of extensions (DFTB+)    
==
==                              Release: 1.2 (p2)
==
==                            (ParserVersion = 4)
==
================================================================================


********************************************************************************
** Parsing and initializing
********************************************************************************

Interpreting input file 'dftb_in.hsd'
--------------------------------------------------------------------------------
WARNING!
-> WriteHSDInput and WriteXMLInput both turned off. You won't eventually be 
 able to obtain the same results with a later version of the code!
Path: dftb_in/ParserOptions
Line: 74-77 (File: dftb_in.hsd)

Reading SK-files:
  /home/andersx/parameters/3ob-3-1/C-C.skf
  /home/andersx/parameters/3ob-3-1/C-O.skf
  /home/andersx/parameters/3ob-3-1/C-H.skf
  /home/andersx/parameters/3ob-3-1/O-C.skf
  /home/andersx/parameters/3ob-3-1/O-O.skf
  /home/andersx/parameters/3ob-3-1/O-H.skf
  /home/andersx/parameters/3ob-3-1/H-C.skf
  /home/andersx/parameters/3ob-3-1/H-O.skf
  /home/andersx/parameters/3ob-3-1/H-H.skf
Done.

Starting initialization...
--------------------------------------------------------------------------------
Mode:                        Static calculation
Self consistent charges:     Yes
SCC-tolerance:                 0.100000E-05
Max. scc iterations:                    100
Ewald alpha parameter:         0.000000E+00
Spin polarisation:           No
Nr. of up electrons:            20.000000
Nr. of down electrons:          20.000000
Periodic boundaries:         No
Diagonalizer:                Divide and Conquer
Mixer:                       Anderson mixer
Mixing parameter:                  0.200000
Maximal SCC-cycles:                     100
Nr. of chrg. vectors to mix:              8
Electronic temperature:        0.100000E-07
Initial charges:             Set automatically (system chrg:   0.000E+00)
Included shells:              C:  s, p
                              O:  s, p
                              H:  s
Full 3rd order correction    Yes
Damped SCC                   Yes
Damped specie(s):            H                                                 
Extra options:
--------------------------------------------------------------------------------
 

********************************************************************************
** Geometry step: 0
********************************************************************************

  iSCC Total electronic   Diff electronic      SCC error    
    1   -0.18186896E+02    0.00000000E+00    0.67927907E+00
    2   -0.18187864E+02   -0.96769675E-03    0.66772026E+00
    3   -0.18215848E+02   -0.27983821E-01    0.95453562E-01
    4   -0.18216006E+02   -0.15867798E-03    0.99468546E-01
    5   -0.18216238E+02   -0.23141017E-03    0.39693116E-01
    6   -0.18216288E+02   -0.50423997E-04    0.23342226E-01
    7   -0.18216279E+02    0.87975364E-05    0.24034561E-01
    8   -0.18216346E+02   -0.66745072E-04    0.18451155E-02
    9   -0.18216346E+02   -0.11271083E-06    0.14965409E-02
   10   -0.18216346E+02   -0.29920368E-06    0.30272795E-03
   11   -0.18216346E+02   -0.16037980E-08    0.12698258E-03
   12   -0.18216346E+02   -0.40592951E-09    0.33402147E-05
   13   -0.18216346E+02   -0.13855583E-11    0.11812634E-05
   14   -0.18216346E+02   -0.99475983E-13    0.64306235E-07
>> Charges saved for restart in charges.bin
 
 Total Energy:                     -18.1553990878 H
 Total Mermin free energy:         -18.1553990878 H
