================================================================================
==
==   Density Functional based Tight Binding with a lot of extensions (DFTB+)    
==
==                              Release: 1.2 (p2)
==
==                            (ParserVersion = 4)
==
================================================================================


********************************************************************************
** Parsing and initializing
********************************************************************************

Interpreting input file 'dftb_in.hsd'
--------------------------------------------------------------------------------
WARNING!
-> WriteHSDInput and WriteXMLInput both turned off. You won't eventually be 
 able to obtain the same results with a later version of the code!
Path: dftb_in/ParserOptions
Line: 76-79 (File: dftb_in.hsd)

Reading SK-files:
  /home/andersx/parameters/3ob-3-1/C-C.skf
  /home/andersx/parameters/3ob-3-1/C-O.skf
  /home/andersx/parameters/3ob-3-1/C-H.skf
  /home/andersx/parameters/3ob-3-1/O-C.skf
  /home/andersx/parameters/3ob-3-1/O-O.skf
  /home/andersx/parameters/3ob-3-1/O-H.skf
  /home/andersx/parameters/3ob-3-1/H-C.skf
  /home/andersx/parameters/3ob-3-1/H-O.skf
  /home/andersx/parameters/3ob-3-1/H-H.skf
Done.

Starting initialization...
--------------------------------------------------------------------------------
Mode:                        Static calculation
Self consistent charges:     Yes
SCC-tolerance:                 0.100000E-05
Max. scc iterations:                    100
Ewald alpha parameter:         0.000000E+00
Spin polarisation:           No
Nr. of up electrons:            20.000000
Nr. of down electrons:          20.000000
Periodic boundaries:         No
Diagonalizer:                Divide and Conquer
Mixer:                       Anderson mixer
Mixing parameter:                  0.200000
Maximal SCC-cycles:                     100
Nr. of chrg. vectors to mix:              8
Electronic temperature:        0.100000E-07
Initial charges:             Set automatically (system chrg:   0.000E+00)
Included shells:              C:  s, p
                              O:  s, p
                              H:  s
Full 3rd order correction    Yes
Damped SCC                   Yes
Damped specie(s):            H                                                 
Extra options:
--------------------------------------------------------------------------------
 

********************************************************************************
** Geometry step: 0
********************************************************************************

  iSCC Total electronic   Diff electronic      SCC error    
    1   -0.17292853E+02    0.00000000E+00    0.60062285E+00
    2   -0.17293194E+02   -0.34056125E-03    0.59147429E+00
    3   -0.17302522E+02   -0.93278600E-02    0.81007767E-01
    4   -0.17302391E+02    0.13073230E-03    0.72215244E-01
    5   -0.17302607E+02   -0.21645344E-03    0.92360162E-01
    6   -0.17302798E+02   -0.19030853E-03    0.14489516E-01
    7   -0.17302796E+02    0.16316284E-05    0.17898477E-01
    8   -0.17302808E+02   -0.11757215E-04    0.23484999E-02
    9   -0.17302808E+02   -0.23994314E-07    0.32705368E-02
   10   -0.17302808E+02   -0.37408823E-06    0.92505834E-03
   11   -0.17302808E+02   -0.24106640E-07    0.28683290E-03
   12   -0.17302808E+02   -0.10298983E-07    0.53675520E-04
   13   -0.17302808E+02   -0.42380321E-10    0.18729748E-04
   14   -0.17302808E+02   -0.31867842E-11    0.18660098E-05
   15   -0.17302808E+02   -0.85265128E-13    0.43739187E-06
>> Charges saved for restart in charges.bin
 
 Total Energy:                     -17.3263344510 H
 Total Mermin free energy:         -17.3263344510 H
