================================================================================
==
==   Density Functional based Tight Binding with a lot of extensions (DFTB+)    
==
==                              Release: 1.2 (p2)
==
==                            (ParserVersion = 4)
==
================================================================================


********************************************************************************
** Parsing and initializing
********************************************************************************

Interpreting input file 'dftb_in.hsd'
--------------------------------------------------------------------------------
WARNING!
-> WriteHSDInput and WriteXMLInput both turned off. You won't eventually be 
 able to obtain the same results with a later version of the code!
Path: dftb_in/ParserOptions
Line: 76-79 (File: dftb_in.hsd)

Reading SK-files:
  /home/andersx/parameters/3ob-3-1/C-C.skf
  /home/andersx/parameters/3ob-3-1/C-O.skf
  /home/andersx/parameters/3ob-3-1/C-H.skf
  /home/andersx/parameters/3ob-3-1/O-C.skf
  /home/andersx/parameters/3ob-3-1/O-O.skf
  /home/andersx/parameters/3ob-3-1/O-H.skf
  /home/andersx/parameters/3ob-3-1/H-C.skf
  /home/andersx/parameters/3ob-3-1/H-O.skf
  /home/andersx/parameters/3ob-3-1/H-H.skf
Done.

Starting initialization...
--------------------------------------------------------------------------------
Mode:                        Static calculation
Self consistent charges:     Yes
SCC-tolerance:                 0.100000E-05
Max. scc iterations:                    100
Ewald alpha parameter:         0.000000E+00
Spin polarisation:           No
Nr. of up electrons:            20.000000
Nr. of down electrons:          20.000000
Periodic boundaries:         No
Diagonalizer:                Divide and Conquer
Mixer:                       Anderson mixer
Mixing parameter:                  0.200000
Maximal SCC-cycles:                     100
Nr. of chrg. vectors to mix:              8
Electronic temperature:        0.100000E-07
Initial charges:             Set automatically (system chrg:   0.000E+00)
Included shells:              C:  s, p
                              O:  s, p
                              H:  s
Full 3rd order correction    Yes
Damped SCC                   Yes
Damped specie(s):            H                                                 
Extra options:
--------------------------------------------------------------------------------
 

********************************************************************************
** Geometry step: 0
********************************************************************************

  iSCC Total electronic   Diff electronic      SCC error    
    1   -0.17284706E+02    0.00000000E+00    0.58777184E+00
    2   -0.17285039E+02   -0.33262552E-03    0.57882088E+00
    3   -0.17294186E+02   -0.91467996E-02    0.91887731E-01
    4   -0.17294071E+02    0.11413501E-03    0.83463632E-01
    5   -0.17294272E+02   -0.20104795E-03    0.83818347E-01
    6   -0.17294431E+02   -0.15872122E-03    0.10359085E-01
    7   -0.17294431E+02    0.33768465E-06    0.92713057E-02
    8   -0.17294440E+02   -0.95853535E-05    0.22654309E-02
    9   -0.17294440E+02    0.30933978E-06    0.39817681E-02
   10   -0.17294441E+02   -0.46589961E-06    0.10966385E-02
   11   -0.17294441E+02   -0.35736587E-07    0.37664317E-03
   12   -0.17294441E+02   -0.84576470E-08    0.46417258E-04
   13   -0.17294441E+02   -0.81797680E-10    0.14811100E-04
   14   -0.17294441E+02   -0.57340799E-11    0.15029119E-05
   15   -0.17294441E+02   -0.21316282E-13    0.25335736E-06
>> Charges saved for restart in charges.bin
 
 Total Energy:                     -17.3191565770 H
 Total Mermin free energy:         -17.3191565770 H
