================================================================================
==
==   Density Functional based Tight Binding with a lot of extensions (DFTB+)    
==
==                              Release: 1.2 (p2)
==
==                            (ParserVersion = 4)
==
================================================================================


********************************************************************************
** Parsing and initializing
********************************************************************************

Interpreting input file 'dftb_in.hsd'
--------------------------------------------------------------------------------
WARNING!
-> WriteHSDInput and WriteXMLInput both turned off. You won't eventually be 
 able to obtain the same results with a later version of the code!
Path: dftb_in/ParserOptions
Line: 74-77 (File: dftb_in.hsd)

Reading SK-files:
  /home/andersx/parameters/3ob-3-1/C-C.skf
  /home/andersx/parameters/3ob-3-1/C-O.skf
  /home/andersx/parameters/3ob-3-1/C-H.skf
  /home/andersx/parameters/3ob-3-1/O-C.skf
  /home/andersx/parameters/3ob-3-1/O-O.skf
  /home/andersx/parameters/3ob-3-1/O-H.skf
  /home/andersx/parameters/3ob-3-1/H-C.skf
  /home/andersx/parameters/3ob-3-1/H-O.skf
  /home/andersx/parameters/3ob-3-1/H-H.skf
Done.

Starting initialization...
--------------------------------------------------------------------------------
Mode:                        Static calculation
Self consistent charges:     Yes
SCC-tolerance:                 0.100000E-05
Max. scc iterations:                    100
Ewald alpha parameter:         0.000000E+00
Spin polarisation:           No
Nr. of up electrons:            20.000000
Nr. of down electrons:          20.000000
Periodic boundaries:         No
Diagonalizer:                Divide and Conquer
Mixer:                       Anderson mixer
Mixing parameter:                  0.200000
Maximal SCC-cycles:                     100
Nr. of chrg. vectors to mix:              8
Electronic temperature:        0.100000E-07
Initial charges:             Set automatically (system chrg:   0.000E+00)
Included shells:              C:  s, p
                              O:  s, p
                              H:  s
Full 3rd order correction    Yes
Damped SCC                   Yes
Damped specie(s):            H                                                 
Extra options:
--------------------------------------------------------------------------------
 

********************************************************************************
** Geometry step: 0
********************************************************************************

  iSCC Total electronic   Diff electronic      SCC error    
    1   -0.18221535E+02    0.00000000E+00    0.61055300E+00
    2   -0.18221940E+02   -0.40490827E-03    0.60315727E+00
    3   -0.18233562E+02   -0.11622203E-01    0.89936410E-01
    4   -0.18233511E+02    0.50727510E-04    0.85012781E-01
    5   -0.18233818E+02   -0.30690001E-03    0.22575056E-01
    6   -0.18233831E+02   -0.12252284E-04    0.15032754E-01
    7   -0.18233818E+02    0.12048984E-04    0.12282258E-01
    8   -0.18233842E+02   -0.24014130E-04    0.11276626E-02
    9   -0.18233843E+02   -0.14704719E-06    0.10104923E-02
   10   -0.18233843E+02   -0.16183632E-06    0.24263807E-03
   11   -0.18233843E+02   -0.97587716E-08    0.13356972E-03
   12   -0.18233843E+02   -0.13990551E-08    0.25702085E-04
   13   -0.18233843E+02   -0.41815440E-11    0.33811854E-05
   14   -0.18233843E+02   -0.31974423E-13    0.37449874E-06
>> Charges saved for restart in charges.bin
 
 Total Energy:                     -18.1577721346 H
 Total Mermin free energy:         -18.1577721346 H
