================================================================================
==
==   Density Functional based Tight Binding with a lot of extensions (DFTB+)    
==
==                              Release: 1.2 (p2)
==
==                            (ParserVersion = 4)
==
================================================================================


********************************************************************************
** Parsing and initializing
********************************************************************************

Interpreting input file 'dftb_in.hsd'
--------------------------------------------------------------------------------
WARNING!
-> WriteHSDInput and WriteXMLInput both turned off. You won't eventually be 
 able to obtain the same results with a later version of the code!
Path: dftb_in/ParserOptions
Line: 76-79 (File: dftb_in.hsd)

Reading SK-files:
  /home/andersx/parameters/3ob-3-1/C-C.skf
  /home/andersx/parameters/3ob-3-1/C-O.skf
  /home/andersx/parameters/3ob-3-1/C-H.skf
  /home/andersx/parameters/3ob-3-1/O-C.skf
  /home/andersx/parameters/3ob-3-1/O-O.skf
  /home/andersx/parameters/3ob-3-1/O-H.skf
  /home/andersx/parameters/3ob-3-1/H-C.skf
  /home/andersx/parameters/3ob-3-1/H-O.skf
  /home/andersx/parameters/3ob-3-1/H-H.skf
Done.

Starting initialization...
--------------------------------------------------------------------------------
Mode:                        Static calculation
Self consistent charges:     Yes
SCC-tolerance:                 0.100000E-05
Max. scc iterations:                    100
Ewald alpha parameter:         0.000000E+00
Spin polarisation:           No
Nr. of up electrons:            21.000000
Nr. of down electrons:          21.000000
Periodic boundaries:         No
Diagonalizer:                Divide and Conquer
Mixer:                       Anderson mixer
Mixing parameter:                  0.200000
Maximal SCC-cycles:                     100
Nr. of chrg. vectors to mix:              8
Electronic temperature:        0.100000E-07
Initial charges:             Set automatically (system chrg:   0.000E+00)
Included shells:              C:  s, p
                              O:  s, p
                              H:  s
Full 3rd order correction    Yes
Damped SCC                   Yes
Damped specie(s):            H                                                 
Extra options:
--------------------------------------------------------------------------------
 

********************************************************************************
** Geometry step: 0
********************************************************************************

  iSCC Total electronic   Diff electronic      SCC error    
    1   -0.18902529E+02    0.00000000E+00    0.70703040E+00
    2   -0.18903000E+02   -0.47038405E-03    0.69777313E+00
    3   -0.18916035E+02   -0.13035438E-01    0.98544930E-01
    4   -0.18915881E+02    0.15365644E-03    0.90305073E-01
    5   -0.18916182E+02   -0.30044868E-03    0.83558001E-01
    6   -0.18916399E+02   -0.21712562E-03    0.14712662E-01
    7   -0.18916397E+02    0.24243717E-05    0.13021400E-01
    8   -0.18916405E+02   -0.89797064E-05    0.29419686E-02
    9   -0.18916405E+02    0.35452601E-08    0.11946918E-02
   10   -0.18916406E+02   -0.49763724E-07    0.12943993E-02
   11   -0.18916406E+02   -0.19972180E-07    0.42675252E-03
   12   -0.18916406E+02   -0.54382099E-08    0.51188644E-04
   13   -0.18916406E+02   -0.10559376E-09    0.25052865E-04
   14   -0.18916406E+02   -0.86792795E-10    0.16442318E-05
   15   -0.18916406E+02   -0.12079227E-12    0.20004603E-06
>> Charges saved for restart in charges.bin
 
 Total Energy:                     -18.9360495981 H
 Total Mermin free energy:         -18.9360495981 H
