================================================================================
==
==   Density Functional based Tight Binding with a lot of extensions (DFTB+)    
==
==                              Release: 1.2 (p2)
==
==                            (ParserVersion = 4)
==
================================================================================


********************************************************************************
** Parsing and initializing
********************************************************************************

Interpreting input file 'dftb_in.hsd'
--------------------------------------------------------------------------------
WARNING!
-> WriteHSDInput and WriteXMLInput both turned off. You won't eventually be 
 able to obtain the same results with a later version of the code!
Path: dftb_in/ParserOptions
Line: 72-75 (File: dftb_in.hsd)

Reading SK-files:
  /home/andersx/parameters/3ob-3-1/C-C.skf
  /home/andersx/parameters/3ob-3-1/C-O.skf
  /home/andersx/parameters/3ob-3-1/C-H.skf
  /home/andersx/parameters/3ob-3-1/O-C.skf
  /home/andersx/parameters/3ob-3-1/O-O.skf
  /home/andersx/parameters/3ob-3-1/O-H.skf
  /home/andersx/parameters/3ob-3-1/H-C.skf
  /home/andersx/parameters/3ob-3-1/H-O.skf
  /home/andersx/parameters/3ob-3-1/H-H.skf
Done.

Starting initialization...
--------------------------------------------------------------------------------
Mode:                        Static calculation
Self consistent charges:     Yes
SCC-tolerance:                 0.100000E-05
Max. scc iterations:                    100
Ewald alpha parameter:         0.000000E+00
Spin polarisation:           No
Nr. of up electrons:            19.000000
Nr. of down electrons:          19.000000
Periodic boundaries:         No
Diagonalizer:                Divide and Conquer
Mixer:                       Anderson mixer
Mixing parameter:                  0.200000
Maximal SCC-cycles:                     100
Nr. of chrg. vectors to mix:              8
Electronic temperature:        0.100000E-07
Initial charges:             Set automatically (system chrg:   0.000E+00)
Included shells:              C:  s, p
                              O:  s, p
                              H:  s
Full 3rd order correction    Yes
Damped SCC                   Yes
Damped specie(s):            H                                                 
Extra options:
--------------------------------------------------------------------------------
 

********************************************************************************
** Geometry step: 0
********************************************************************************

  iSCC Total electronic   Diff electronic      SCC error    
    1   -0.17548891E+02    0.00000000E+00    0.56376943E+00
    2   -0.17549186E+02   -0.29446858E-03    0.55632666E+00
    3   -0.17557326E+02   -0.81398940E-02    0.74615908E-01
    4   -0.17557293E+02    0.33049424E-04    0.78274437E-01
    5   -0.17558059E+02   -0.76651195E-03    0.29962856E-01
    6   -0.17558078E+02   -0.18619535E-04    0.30040230E-01
    7   -0.17558113E+02   -0.35227859E-04    0.22614735E-01
    8   -0.17558118E+02   -0.48035046E-05    0.80742311E-02
    9   -0.17558118E+02   -0.10417381E-06    0.91724602E-02
   10   -0.17558120E+02   -0.21118850E-05    0.49569009E-03
   11   -0.17558120E+02   -0.22736604E-07    0.20034193E-03
   12   -0.17558120E+02   -0.59898717E-08    0.38279629E-04
   13   -0.17558120E+02   -0.44494186E-10    0.37351830E-05
   14   -0.17558120E+02   -0.27711167E-12    0.24709066E-06
>> Charges saved for restart in charges.bin
 
 Total Energy:                     -17.3756289043 H
 Total Mermin free energy:         -17.3756289043 H
