================================================================================
==
==   Density Functional based Tight Binding with a lot of extensions (DFTB+)    
==
==                              Release: 1.2 (p2)
==
==                            (ParserVersion = 4)
==
================================================================================


********************************************************************************
** Parsing and initializing
********************************************************************************

Interpreting input file 'dftb_in.hsd'
--------------------------------------------------------------------------------
WARNING!
-> WriteHSDInput and WriteXMLInput both turned off. You won't eventually be 
 able to obtain the same results with a later version of the code!
Path: dftb_in/ParserOptions
Line: 73-76 (File: dftb_in.hsd)

Reading SK-files:
  /home/andersx/parameters/3ob-3-1/C-C.skf
  /home/andersx/parameters/3ob-3-1/C-N.skf
  /home/andersx/parameters/3ob-3-1/C-H.skf
  /home/andersx/parameters/3ob-3-1/N-C.skf
  /home/andersx/parameters/3ob-3-1/N-N.skf
  /home/andersx/parameters/3ob-3-1/N-H.skf
  /home/andersx/parameters/3ob-3-1/H-C.skf
  /home/andersx/parameters/3ob-3-1/H-N.skf
  /home/andersx/parameters/3ob-3-1/H-H.skf
Done.

Starting initialization...
--------------------------------------------------------------------------------
Mode:                        Static calculation
Self consistent charges:     Yes
SCC-tolerance:                 0.100000E-05
Max. scc iterations:                    100
Ewald alpha parameter:         0.000000E+00
Spin polarisation:           No
Nr. of up electrons:            17.000000
Nr. of down electrons:          17.000000
Periodic boundaries:         No
Diagonalizer:                Divide and Conquer
Mixer:                       Anderson mixer
Mixing parameter:                  0.200000
Maximal SCC-cycles:                     100
Nr. of chrg. vectors to mix:              8
Electronic temperature:        0.100000E-07
Initial charges:             Set automatically (system chrg:   0.000E+00)
Included shells:              C:  s, p
                              N:  s, p
                              H:  s
Full 3rd order correction    Yes
Damped SCC                   Yes
Damped specie(s):            H                                                 
Extra options:
--------------------------------------------------------------------------------
 

********************************************************************************
** Geometry step: 0
********************************************************************************

  iSCC Total electronic   Diff electronic      SCC error    
    1   -0.14688452E+02    0.00000000E+00    0.55004152E+00
    2   -0.14688662E+02   -0.21064224E-03    0.54209357E+00
    3   -0.14694287E+02   -0.56247384E-02    0.46268636E-01
    4   -0.14694228E+02    0.58910684E-04    0.36577847E-01
    5   -0.14694169E+02    0.59566825E-04    0.64454608E-01
    6   -0.14694362E+02   -0.19377752E-03    0.10769200E-01
    7   -0.14694366E+02   -0.39728162E-05    0.62497829E-02
    8   -0.14694367E+02   -0.44982865E-06    0.49766502E-02
    9   -0.14694367E+02   -0.42158290E-06    0.19050858E-02
   10   -0.14694367E+02   -0.21289750E-07    0.16291758E-02
   11   -0.14694367E+02   -0.45491570E-07    0.22108361E-03
   12   -0.14694367E+02   -0.24403359E-08    0.15388591E-03
   13   -0.14694367E+02   -0.10008581E-08    0.35293854E-04
   14   -0.14694367E+02   -0.67585049E-10    0.55592392E-05
   15   -0.14694367E+02   -0.84732221E-12    0.85092690E-06
>> Charges saved for restart in charges.bin
 
 Total Energy:                     -14.5370500739 H
 Total Mermin free energy:         -14.5370500739 H
