================================================================================
==
==   Density Functional based Tight Binding with a lot of extensions (DFTB+)    
==
==                              Release: 1.2 (p2)
==
==                            (ParserVersion = 4)
==
================================================================================


********************************************************************************
** Parsing and initializing
********************************************************************************

Interpreting input file 'dftb_in.hsd'
--------------------------------------------------------------------------------
WARNING!
-> WriteHSDInput and WriteXMLInput both turned off. You won't eventually be 
 able to obtain the same results with a later version of the code!
Path: dftb_in/ParserOptions
Line: 72-75 (File: dftb_in.hsd)

Reading SK-files:
  /home/andersx/parameters/3ob-3-1/C-C.skf
  /home/andersx/parameters/3ob-3-1/C-O.skf
  /home/andersx/parameters/3ob-3-1/C-H.skf
  /home/andersx/parameters/3ob-3-1/O-C.skf
  /home/andersx/parameters/3ob-3-1/O-O.skf
  /home/andersx/parameters/3ob-3-1/O-H.skf
  /home/andersx/parameters/3ob-3-1/H-C.skf
  /home/andersx/parameters/3ob-3-1/H-O.skf
  /home/andersx/parameters/3ob-3-1/H-H.skf
Done.

Starting initialization...
--------------------------------------------------------------------------------
Mode:                        Static calculation
Self consistent charges:     Yes
SCC-tolerance:                 0.100000E-05
Max. scc iterations:                    100
Ewald alpha parameter:         0.000000E+00
Spin polarisation:           No
Nr. of up electrons:            19.000000
Nr. of down electrons:          19.000000
Periodic boundaries:         No
Diagonalizer:                Divide and Conquer
Mixer:                       Anderson mixer
Mixing parameter:                  0.200000
Maximal SCC-cycles:                     100
Nr. of chrg. vectors to mix:              8
Electronic temperature:        0.100000E-07
Initial charges:             Set automatically (system chrg:   0.000E+00)
Included shells:              C:  s, p
                              O:  s, p
                              H:  s
Full 3rd order correction    Yes
Damped SCC                   Yes
Damped specie(s):            H                                                 
Extra options:
--------------------------------------------------------------------------------
 

********************************************************************************
** Geometry step: 0
********************************************************************************

  iSCC Total electronic   Diff electronic      SCC error    
    1   -0.17577693E+02    0.00000000E+00    0.91288241E+00
    2   -0.17578554E+02   -0.86104867E-03    0.90103714E+00
    3   -0.17599445E+02   -0.20890723E-01    0.16597688E+00
    4   -0.17599871E+02   -0.42589045E-03    0.16054692E+00
    5   -0.17601906E+02   -0.20349676E-02    0.51090233E-01
    6   -0.17601919E+02   -0.13434830E-04    0.52627029E-01
    7   -0.17601982E+02   -0.62966339E-04    0.15187016E-01
    8   -0.17602000E+02   -0.17478219E-04    0.83251134E-02
    9   -0.17602000E+02   -0.35791576E-07    0.72314211E-02
   10   -0.17602002E+02   -0.17774229E-05    0.65179585E-03
   11   -0.17602002E+02   -0.76290050E-08    0.50305918E-03
   12   -0.17602002E+02   -0.17969370E-07    0.71256761E-04
   13   -0.17602002E+02   -0.54965454E-09    0.11269236E-04
   14   -0.17602002E+02   -0.19802826E-10    0.20295598E-05
   15   -0.17602002E+02   -0.19184654E-12    0.91628550E-07
>> Charges saved for restart in charges.bin
 
 Total Energy:                     -17.4269524688 H
 Total Mermin free energy:         -17.4269524688 H
