================================================================================
==
==   Density Functional based Tight Binding with a lot of extensions (DFTB+)    
==
==                              Release: 1.2 (p2)
==
==                            (ParserVersion = 4)
==
================================================================================


********************************************************************************
** Parsing and initializing
********************************************************************************

Interpreting input file 'dftb_in.hsd'
--------------------------------------------------------------------------------
WARNING!
-> WriteHSDInput and WriteXMLInput both turned off. You won't eventually be 
 able to obtain the same results with a later version of the code!
Path: dftb_in/ParserOptions
Line: 76-79 (File: dftb_in.hsd)

Reading SK-files:
  /home/andersx/parameters/3ob-3-1/C-C.skf
  /home/andersx/parameters/3ob-3-1/C-O.skf
  /home/andersx/parameters/3ob-3-1/C-H.skf
  /home/andersx/parameters/3ob-3-1/O-C.skf
  /home/andersx/parameters/3ob-3-1/O-O.skf
  /home/andersx/parameters/3ob-3-1/O-H.skf
  /home/andersx/parameters/3ob-3-1/H-C.skf
  /home/andersx/parameters/3ob-3-1/H-O.skf
  /home/andersx/parameters/3ob-3-1/H-H.skf
Done.

Starting initialization...
--------------------------------------------------------------------------------
Mode:                        Static calculation
Self consistent charges:     Yes
SCC-tolerance:                 0.100000E-05
Max. scc iterations:                    100
Ewald alpha parameter:         0.000000E+00
Spin polarisation:           No
Nr. of up electrons:            20.000000
Nr. of down electrons:          20.000000
Periodic boundaries:         No
Diagonalizer:                Divide and Conquer
Mixer:                       Anderson mixer
Mixing parameter:                  0.200000
Maximal SCC-cycles:                     100
Nr. of chrg. vectors to mix:              8
Electronic temperature:        0.100000E-07
Initial charges:             Set automatically (system chrg:   0.000E+00)
Included shells:              C:  s, p
                              O:  s, p
                              H:  s
Full 3rd order correction    Yes
Damped SCC                   Yes
Damped specie(s):            H                                                 
Extra options:
--------------------------------------------------------------------------------
 

********************************************************************************
** Geometry step: 0
********************************************************************************

  iSCC Total electronic   Diff electronic      SCC error    
    1   -0.17293460E+02    0.00000000E+00    0.72713887E+00
    2   -0.17294190E+02   -0.72980739E-03    0.71432556E+00
    3   -0.17312479E+02   -0.18289249E-01    0.94631986E-01
    4   -0.17312630E+02   -0.15039715E-03    0.96477868E-01
    5   -0.17313154E+02   -0.52427812E-03    0.19072833E-01
    6   -0.17313151E+02    0.31726636E-05    0.18114774E-01
    7   -0.17313156E+02   -0.51018899E-05    0.96379611E-02
    8   -0.17313159E+02   -0.31207197E-05    0.30526503E-02
    9   -0.17313159E+02   -0.11480401E-06    0.23473675E-02
   10   -0.17313159E+02   -0.22393533E-06    0.32524965E-03
   11   -0.17313159E+02   -0.37040770E-08    0.19698782E-03
   12   -0.17313159E+02   -0.15949873E-08    0.13381474E-04
   13   -0.17313159E+02   -0.10771828E-10    0.24075115E-05
   14   -0.17313159E+02   -0.39079850E-12    0.39177140E-06
>> Charges saved for restart in charges.bin
 
 Total Energy:                     -17.3192839950 H
 Total Mermin free energy:         -17.3192839950 H
