================================================================================
==
==   Density Functional based Tight Binding with a lot of extensions (DFTB+)    
==
==                              Release: 1.2 (p2)
==
==                            (ParserVersion = 4)
==
================================================================================


********************************************************************************
** Parsing and initializing
********************************************************************************

Interpreting input file 'dftb_in.hsd'
--------------------------------------------------------------------------------
WARNING!
-> WriteHSDInput and WriteXMLInput both turned off. You won't eventually be 
 able to obtain the same results with a later version of the code!
Path: dftb_in/ParserOptions
Line: 78-81 (File: dftb_in.hsd)

Reading SK-files:
  /home/andersx/parameters/3ob-3-1/C-C.skf
  /home/andersx/parameters/3ob-3-1/C-O.skf
  /home/andersx/parameters/3ob-3-1/C-H.skf
  /home/andersx/parameters/3ob-3-1/O-C.skf
  /home/andersx/parameters/3ob-3-1/O-O.skf
  /home/andersx/parameters/3ob-3-1/O-H.skf
  /home/andersx/parameters/3ob-3-1/H-C.skf
  /home/andersx/parameters/3ob-3-1/H-O.skf
  /home/andersx/parameters/3ob-3-1/H-H.skf
Done.

Starting initialization...
--------------------------------------------------------------------------------
Mode:                        Static calculation
Self consistent charges:     Yes
SCC-tolerance:                 0.100000E-05
Max. scc iterations:                    100
Ewald alpha parameter:         0.000000E+00
Spin polarisation:           No
Nr. of up electrons:            21.000000
Nr. of down electrons:          21.000000
Periodic boundaries:         No
Diagonalizer:                Divide and Conquer
Mixer:                       Anderson mixer
Mixing parameter:                  0.200000
Maximal SCC-cycles:                     100
Nr. of chrg. vectors to mix:              8
Electronic temperature:        0.100000E-07
Initial charges:             Set automatically (system chrg:   0.000E+00)
Included shells:              C:  s, p
                              O:  s, p
                              H:  s
Full 3rd order correction    Yes
Damped SCC                   Yes
Damped specie(s):            H                                                 
Extra options:
--------------------------------------------------------------------------------
 

********************************************************************************
** Geometry step: 0
********************************************************************************

  iSCC Total electronic   Diff electronic      SCC error    
    1   -0.17957299E+02    0.00000000E+00    0.53074569E+00
    2   -0.17957581E+02   -0.28246467E-03    0.52258804E+00
    3   -0.17965397E+02   -0.78157835E-02    0.67847943E-01
    4   -0.17965286E+02    0.11125023E-03    0.64326889E-01
    5   -0.17965476E+02   -0.18961103E-03    0.82110183E-01
    6   -0.17965627E+02   -0.15158190E-03    0.10281034E-01
    7   -0.17965626E+02    0.73899683E-06    0.12938407E-01
    8   -0.17965631E+02   -0.49032359E-05    0.37960784E-02
    9   -0.17965631E+02    0.34545224E-07    0.98928427E-03
   10   -0.17965631E+02   -0.70802592E-07    0.24791432E-03
   11   -0.17965631E+02   -0.10564811E-08    0.14555661E-03
   12   -0.17965631E+02   -0.45140425E-09    0.12545653E-04
   13   -0.17965631E+02   -0.13500312E-10    0.27779195E-05
   14   -0.17965631E+02   -0.39790393E-12    0.88037030E-06
>> Charges saved for restart in charges.bin
 
 Total Energy:                     -18.0610913052 H
 Total Mermin free energy:         -18.0610913052 H
