================================================================================
==
==   Density Functional based Tight Binding with a lot of extensions (DFTB+)    
==
==                              Release: 1.2 (p2)
==
==                            (ParserVersion = 4)
==
================================================================================


********************************************************************************
** Parsing and initializing
********************************************************************************

Interpreting input file 'dftb_in.hsd'
--------------------------------------------------------------------------------
WARNING!
-> WriteHSDInput and WriteXMLInput both turned off. You won't eventually be 
 able to obtain the same results with a later version of the code!
Path: dftb_in/ParserOptions
Line: 78-81 (File: dftb_in.hsd)

Reading SK-files:
  /home/andersx/parameters/3ob-3-1/C-C.skf
  /home/andersx/parameters/3ob-3-1/C-O.skf
  /home/andersx/parameters/3ob-3-1/C-H.skf
  /home/andersx/parameters/3ob-3-1/O-C.skf
  /home/andersx/parameters/3ob-3-1/O-O.skf
  /home/andersx/parameters/3ob-3-1/O-H.skf
  /home/andersx/parameters/3ob-3-1/H-C.skf
  /home/andersx/parameters/3ob-3-1/H-O.skf
  /home/andersx/parameters/3ob-3-1/H-H.skf
Done.

Starting initialization...
--------------------------------------------------------------------------------
Mode:                        Static calculation
Self consistent charges:     Yes
SCC-tolerance:                 0.100000E-05
Max. scc iterations:                    100
Ewald alpha parameter:         0.000000E+00
Spin polarisation:           No
Nr. of up electrons:            21.000000
Nr. of down electrons:          21.000000
Periodic boundaries:         No
Diagonalizer:                Divide and Conquer
Mixer:                       Anderson mixer
Mixing parameter:                  0.200000
Maximal SCC-cycles:                     100
Nr. of chrg. vectors to mix:              8
Electronic temperature:        0.100000E-07
Initial charges:             Set automatically (system chrg:   0.000E+00)
Included shells:              C:  s, p
                              O:  s, p
                              H:  s
Full 3rd order correction    Yes
Damped SCC                   Yes
Damped specie(s):            H                                                 
Extra options:
--------------------------------------------------------------------------------
 

********************************************************************************
** Geometry step: 0
********************************************************************************

  iSCC Total electronic   Diff electronic      SCC error    
    1   -0.17991719E+02    0.00000000E+00    0.65662203E+00
    2   -0.17991853E+02   -0.13376980E-03    0.64807512E+00
    3   -0.17995480E+02   -0.36273515E-02    0.74740827E-01
    4   -0.17995408E+02    0.72358517E-04    0.63571821E-01
    5   -0.17995495E+02   -0.87312436E-04    0.12320284E+00
    6   -0.17995649E+02   -0.15433752E-03    0.14951546E-01
    7   -0.17995649E+02    0.23737440E-06    0.99522357E-02
    8   -0.17995653E+02   -0.35348019E-05    0.61101929E-02
    9   -0.17995653E+02   -0.35263758E-06    0.90856317E-03
   10   -0.17995653E+02   -0.12541307E-06    0.38927755E-03
   11   -0.17995653E+02   -0.18201099E-07    0.10473489E-03
   12   -0.17995653E+02   -0.54856386E-09    0.95622964E-05
   13   -0.17995653E+02   -0.41531223E-11    0.37497186E-05
   14   -0.17995653E+02   -0.39790393E-12    0.62309144E-06
>> Charges saved for restart in charges.bin
 
 Total Energy:                     -18.0764141139 H
 Total Mermin free energy:         -18.0764141139 H
