================================================================================
==
==   Density Functional based Tight Binding with a lot of extensions (DFTB+)    
==
==                              Release: 1.2 (p2)
==
==                            (ParserVersion = 4)
==
================================================================================


********************************************************************************
** Parsing and initializing
********************************************************************************

Interpreting input file 'dftb_in.hsd'
--------------------------------------------------------------------------------
WARNING!
-> WriteHSDInput and WriteXMLInput both turned off. You won't eventually be 
 able to obtain the same results with a later version of the code!
Path: dftb_in/ParserOptions
Line: 74-77 (File: dftb_in.hsd)

Reading SK-files:
  /home/andersx/parameters/3ob-3-1/C-C.skf
  /home/andersx/parameters/3ob-3-1/C-O.skf
  /home/andersx/parameters/3ob-3-1/C-H.skf
  /home/andersx/parameters/3ob-3-1/O-C.skf
  /home/andersx/parameters/3ob-3-1/O-O.skf
  /home/andersx/parameters/3ob-3-1/O-H.skf
  /home/andersx/parameters/3ob-3-1/H-C.skf
  /home/andersx/parameters/3ob-3-1/H-O.skf
  /home/andersx/parameters/3ob-3-1/H-H.skf
Done.

Starting initialization...
--------------------------------------------------------------------------------
Mode:                        Static calculation
Self consistent charges:     Yes
SCC-tolerance:                 0.100000E-05
Max. scc iterations:                    100
Ewald alpha parameter:         0.000000E+00
Spin polarisation:           No
Nr. of up electrons:            19.000000
Nr. of down electrons:          19.000000
Periodic boundaries:         No
Diagonalizer:                Divide and Conquer
Mixer:                       Anderson mixer
Mixing parameter:                  0.200000
Maximal SCC-cycles:                     100
Nr. of chrg. vectors to mix:              8
Electronic temperature:        0.100000E-07
Initial charges:             Set automatically (system chrg:   0.000E+00)
Included shells:              C:  s, p
                              O:  s, p
                              H:  s
Full 3rd order correction    Yes
Damped SCC                   Yes
Damped specie(s):            H                                                 
Extra options:
--------------------------------------------------------------------------------
 

********************************************************************************
** Geometry step: 0
********************************************************************************

  iSCC Total electronic   Diff electronic      SCC error    
    1   -0.16608023E+02    0.00000000E+00    0.59220390E+00
    2   -0.16608364E+02   -0.34044696E-03    0.58309668E+00
    3   -0.16618000E+02   -0.96363557E-02    0.66562469E-01
    4   -0.16617924E+02    0.75934389E-04    0.65842373E-01
    5   -0.16618166E+02   -0.24215611E-03    0.51548058E-01
    6   -0.16618227E+02   -0.61086610E-04    0.80258154E-02
    7   -0.16618220E+02    0.77575955E-05    0.15092711E-01
    8   -0.16618239E+02   -0.19536321E-04    0.30439207E-02
    9   -0.16618240E+02   -0.51398752E-06    0.17441910E-02
   10   -0.16618240E+02   -0.65198244E-06    0.43191611E-03
   11   -0.16618240E+02   -0.47541455E-08    0.17943288E-03
   12   -0.16618240E+02   -0.86865981E-09    0.22614546E-04
   13   -0.16618240E+02   -0.34642511E-10    0.56818686E-05
   14   -0.16618240E+02   -0.43343107E-12    0.26490488E-06
>> Charges saved for restart in charges.bin
 
 Total Energy:                     -16.5131056270 H
 Total Mermin free energy:         -16.5131056270 H
