================================================================================
==
==   Density Functional based Tight Binding with a lot of extensions (DFTB+)    
==
==                              Release: 1.2 (p2)
==
==                            (ParserVersion = 4)
==
================================================================================


********************************************************************************
** Parsing and initializing
********************************************************************************

Interpreting input file 'dftb_in.hsd'
--------------------------------------------------------------------------------
WARNING!
-> WriteHSDInput and WriteXMLInput both turned off. You won't eventually be 
 able to obtain the same results with a later version of the code!
Path: dftb_in/ParserOptions
Line: 74-77 (File: dftb_in.hsd)

Reading SK-files:
  /home/andersx/parameters/3ob-3-1/C-C.skf
  /home/andersx/parameters/3ob-3-1/C-O.skf
  /home/andersx/parameters/3ob-3-1/C-H.skf
  /home/andersx/parameters/3ob-3-1/O-C.skf
  /home/andersx/parameters/3ob-3-1/O-O.skf
  /home/andersx/parameters/3ob-3-1/O-H.skf
  /home/andersx/parameters/3ob-3-1/H-C.skf
  /home/andersx/parameters/3ob-3-1/H-O.skf
  /home/andersx/parameters/3ob-3-1/H-H.skf
Done.

Starting initialization...
--------------------------------------------------------------------------------
Mode:                        Static calculation
Self consistent charges:     Yes
SCC-tolerance:                 0.100000E-05
Max. scc iterations:                    100
Ewald alpha parameter:         0.000000E+00
Spin polarisation:           No
Nr. of up electrons:            19.000000
Nr. of down electrons:          19.000000
Periodic boundaries:         No
Diagonalizer:                Divide and Conquer
Mixer:                       Anderson mixer
Mixing parameter:                  0.200000
Maximal SCC-cycles:                     100
Nr. of chrg. vectors to mix:              8
Electronic temperature:        0.100000E-07
Initial charges:             Set automatically (system chrg:   0.000E+00)
Included shells:              C:  s, p
                              O:  s, p
                              H:  s
Full 3rd order correction    Yes
Damped SCC                   Yes
Damped specie(s):            H                                                 
Extra options:
--------------------------------------------------------------------------------
 

********************************************************************************
** Geometry step: 0
********************************************************************************

  iSCC Total electronic   Diff electronic      SCC error    
    1   -0.16630055E+02    0.00000000E+00    0.37454785E+00
    2   -0.16630218E+02   -0.16275700E-03    0.36860784E+00
    3   -0.16634019E+02   -0.38014656E-02    0.72098038E-01
    4   -0.16633869E+02    0.15001508E-03    0.89499579E-01
    5   -0.16634580E+02   -0.71079824E-03    0.53581401E-01
    6   -0.16634669E+02   -0.88726892E-04    0.19405934E-01
    7   -0.16634689E+02   -0.20076297E-04    0.30630169E-01
    8   -0.16634693E+02   -0.44114397E-05    0.77168102E-02
    9   -0.16634693E+02    0.10197101E-06    0.43279236E-02
   10   -0.16634693E+02   -0.20104703E-06    0.22383997E-02
   11   -0.16634693E+02   -0.15804853E-06    0.71789065E-03
   12   -0.16634693E+02   -0.18432594E-07    0.25029533E-03
   13   -0.16634693E+02   -0.23262778E-08    0.45976549E-04
   14   -0.16634693E+02   -0.60911276E-10    0.45712215E-05
   15   -0.16634693E+02   -0.72830630E-12    0.69399508E-06
>> Charges saved for restart in charges.bin
 
 Total Energy:                     -16.5516366611 H
 Total Mermin free energy:         -16.5516366611 H
