================================================================================
==
==   Density Functional based Tight Binding with a lot of extensions (DFTB+)    
==
==                              Release: 1.2 (p2)
==
==                            (ParserVersion = 4)
==
================================================================================


********************************************************************************
** Parsing and initializing
********************************************************************************

Interpreting input file 'dftb_in.hsd'
--------------------------------------------------------------------------------
WARNING!
-> WriteHSDInput and WriteXMLInput both turned off. You won't eventually be 
 able to obtain the same results with a later version of the code!
Path: dftb_in/ParserOptions
Line: 72-75 (File: dftb_in.hsd)

Reading SK-files:
  /home/andersx/parameters/3ob-3-1/C-C.skf
  /home/andersx/parameters/3ob-3-1/C-O.skf
  /home/andersx/parameters/3ob-3-1/C-H.skf
  /home/andersx/parameters/3ob-3-1/O-C.skf
  /home/andersx/parameters/3ob-3-1/O-O.skf
  /home/andersx/parameters/3ob-3-1/O-H.skf
  /home/andersx/parameters/3ob-3-1/H-C.skf
  /home/andersx/parameters/3ob-3-1/H-O.skf
  /home/andersx/parameters/3ob-3-1/H-H.skf
Done.

Starting initialization...
--------------------------------------------------------------------------------
Mode:                        Static calculation
Self consistent charges:     Yes
SCC-tolerance:                 0.100000E-05
Max. scc iterations:                    100
Ewald alpha parameter:         0.000000E+00
Spin polarisation:           No
Nr. of up electrons:            19.000000
Nr. of down electrons:          19.000000
Periodic boundaries:         No
Diagonalizer:                Divide and Conquer
Mixer:                       Anderson mixer
Mixing parameter:                  0.200000
Maximal SCC-cycles:                     100
Nr. of chrg. vectors to mix:              8
Electronic temperature:        0.100000E-07
Initial charges:             Set automatically (system chrg:   0.000E+00)
Included shells:              C:  s, p
                              O:  s, p
                              H:  s
Full 3rd order correction    Yes
Damped SCC                   Yes
Damped specie(s):            H                                                 
Extra options:
--------------------------------------------------------------------------------
 

********************************************************************************
** Geometry step: 0
********************************************************************************

  iSCC Total electronic   Diff electronic      SCC error    
    1   -0.17538155E+02    0.00000000E+00    0.93055180E+00
    2   -0.17538964E+02   -0.80814929E-03    0.91788517E+00
    3   -0.17561181E+02   -0.22217492E-01    0.17715185E+00
    4   -0.17561458E+02   -0.27691415E-03    0.17604809E+00
    5   -0.17562338E+02   -0.88003216E-03    0.30570456E-01
    6   -0.17562356E+02   -0.18143852E-04    0.35112249E-01
    7   -0.17562369E+02   -0.12379068E-04    0.25887518E-01
    8   -0.17562401E+02   -0.32690778E-04    0.44532958E-02
    9   -0.17562401E+02   -0.24649448E-06    0.34497584E-02
   10   -0.17562402E+02   -0.67263146E-06    0.12835803E-02
   11   -0.17562402E+02   -0.93408374E-07    0.90736601E-03
   12   -0.17562402E+02   -0.76356216E-07    0.30390443E-03
   13   -0.17562402E+02   -0.19542412E-08    0.13688416E-03
   14   -0.17562402E+02   -0.30423308E-09    0.82911383E-05
   15   -0.17562402E+02   -0.19817037E-10    0.58851086E-06
>> Charges saved for restart in charges.bin
 
 Total Energy:                     -17.3909363308 H
 Total Mermin free energy:         -17.3909363308 H
