================================================================================
==
==   Density Functional based Tight Binding with a lot of extensions (DFTB+)    
==
==                              Release: 1.2 (p2)
==
==                            (ParserVersion = 4)
==
================================================================================


********************************************************************************
** Parsing and initializing
********************************************************************************

Interpreting input file 'dftb_in.hsd'
--------------------------------------------------------------------------------
WARNING!
-> WriteHSDInput and WriteXMLInput both turned off. You won't eventually be 
 able to obtain the same results with a later version of the code!
Path: dftb_in/ParserOptions
Line: 74-77 (File: dftb_in.hsd)

Reading SK-files:
  /home/andersx/parameters/3ob-3-1/C-C.skf
  /home/andersx/parameters/3ob-3-1/C-O.skf
  /home/andersx/parameters/3ob-3-1/C-H.skf
  /home/andersx/parameters/3ob-3-1/O-C.skf
  /home/andersx/parameters/3ob-3-1/O-O.skf
  /home/andersx/parameters/3ob-3-1/O-H.skf
  /home/andersx/parameters/3ob-3-1/H-C.skf
  /home/andersx/parameters/3ob-3-1/H-O.skf
  /home/andersx/parameters/3ob-3-1/H-H.skf
Done.

Starting initialization...
--------------------------------------------------------------------------------
Mode:                        Static calculation
Self consistent charges:     Yes
SCC-tolerance:                 0.100000E-05
Max. scc iterations:                    100
Ewald alpha parameter:         0.000000E+00
Spin polarisation:           No
Nr. of up electrons:            19.000000
Nr. of down electrons:          19.000000
Periodic boundaries:         No
Diagonalizer:                Divide and Conquer
Mixer:                       Anderson mixer
Mixing parameter:                  0.200000
Maximal SCC-cycles:                     100
Nr. of chrg. vectors to mix:              8
Electronic temperature:        0.100000E-07
Initial charges:             Set automatically (system chrg:   0.000E+00)
Included shells:              C:  s, p
                              O:  s, p
                              H:  s
Full 3rd order correction    Yes
Damped SCC                   Yes
Damped specie(s):            H                                                 
Extra options:
--------------------------------------------------------------------------------
 

********************************************************************************
** Geometry step: 0
********************************************************************************

  iSCC Total electronic   Diff electronic      SCC error    
    1   -0.16591372E+02    0.00000000E+00    0.46163332E+00
    2   -0.16591622E+02   -0.24985911E-03    0.45423123E+00
    3   -0.16598370E+02   -0.67485580E-02    0.89206110E-01
    4   -0.16598299E+02    0.70821496E-04    0.80354124E-01
    5   -0.16598759E+02   -0.45999535E-03    0.32895677E-01
    6   -0.16598786E+02   -0.26901574E-04    0.22596195E-01
    7   -0.16598800E+02   -0.13584681E-04    0.29305254E-01
    8   -0.16598803E+02   -0.35848187E-05    0.39828484E-02
    9   -0.16598804E+02   -0.87866688E-07    0.37498261E-02
   10   -0.16598804E+02   -0.25516946E-06    0.15577126E-02
   11   -0.16598804E+02   -0.44970971E-07    0.62268393E-03
   12   -0.16598804E+02   -0.44711111E-07    0.17088326E-03
   13   -0.16598804E+02   -0.24751472E-08    0.83899281E-04
   14   -0.16598804E+02   -0.41412207E-09    0.12078986E-04
   15   -0.16598804E+02   -0.48530069E-11    0.42966928E-05
   16   -0.16598804E+02   -0.14566126E-12    0.22265866E-06
>> Charges saved for restart in charges.bin
 
 Total Energy:                     -16.5258781679 H
 Total Mermin free energy:         -16.5258781679 H
