================================================================================
==
==   Density Functional based Tight Binding with a lot of extensions (DFTB+)    
==
==                              Release: 1.2 (p2)
==
==                            (ParserVersion = 4)
==
================================================================================


********************************************************************************
** Parsing and initializing
********************************************************************************

Interpreting input file 'dftb_in.hsd'
--------------------------------------------------------------------------------
WARNING!
-> WriteHSDInput and WriteXMLInput both turned off. You won't eventually be 
 able to obtain the same results with a later version of the code!
Path: dftb_in/ParserOptions
Line: 72-75 (File: dftb_in.hsd)

Reading SK-files:
  /home/andersx/parameters/3ob-3-1/C-C.skf
  /home/andersx/parameters/3ob-3-1/C-O.skf
  /home/andersx/parameters/3ob-3-1/C-H.skf
  /home/andersx/parameters/3ob-3-1/O-C.skf
  /home/andersx/parameters/3ob-3-1/O-O.skf
  /home/andersx/parameters/3ob-3-1/O-H.skf
  /home/andersx/parameters/3ob-3-1/H-C.skf
  /home/andersx/parameters/3ob-3-1/H-O.skf
  /home/andersx/parameters/3ob-3-1/H-H.skf
Done.

Starting initialization...
--------------------------------------------------------------------------------
Mode:                        Static calculation
Self consistent charges:     Yes
SCC-tolerance:                 0.100000E-05
Max. scc iterations:                    100
Ewald alpha parameter:         0.000000E+00
Spin polarisation:           No
Nr. of up electrons:            18.000000
Nr. of down electrons:          18.000000
Periodic boundaries:         No
Diagonalizer:                Divide and Conquer
Mixer:                       Anderson mixer
Mixing parameter:                  0.200000
Maximal SCC-cycles:                     100
Nr. of chrg. vectors to mix:              8
Electronic temperature:        0.100000E-07
Initial charges:             Set automatically (system chrg:   0.000E+00)
Included shells:              C:  s, p
                              O:  s, p
                              H:  s
Full 3rd order correction    Yes
Damped SCC                   Yes
Damped specie(s):            H                                                 
Extra options:
--------------------------------------------------------------------------------
 

********************************************************************************
** Geometry step: 0
********************************************************************************

  iSCC Total electronic   Diff electronic      SCC error    
    1   -0.15945456E+02    0.00000000E+00    0.43163826E+00
    2   -0.15945675E+02   -0.21870495E-03    0.42492632E+00
    3   -0.15952418E+02   -0.67430761E-02    0.68372508E-01
    4   -0.15952400E+02    0.17763418E-04    0.59176275E-01
    5   -0.15952417E+02   -0.16624419E-04    0.29762871E-01
    6   -0.15952444E+02   -0.27457099E-04    0.98981624E-02
    7   -0.15952450E+02   -0.63223282E-05    0.89937112E-02
    8   -0.15952461E+02   -0.10593897E-04    0.21323724E-02
    9   -0.15952461E+02   -0.24626781E-07    0.18844069E-02
   10   -0.15952461E+02   -0.24061590E-07    0.23992616E-02
   11   -0.15952461E+02   -0.92796121E-07    0.63465386E-03
   12   -0.15952461E+02   -0.33797251E-07    0.38017260E-03
   13   -0.15952461E+02   -0.11132357E-08    0.13265189E-03
   14   -0.15952461E+02   -0.80003559E-10    0.78450909E-05
   15   -0.15952461E+02   -0.31992187E-11    0.70055460E-06
>> Charges saved for restart in charges.bin
 
 Total Energy:                     -15.7403290975 H
 Total Mermin free energy:         -15.7403290975 H
