================================================================================
==
==   Density Functional based Tight Binding with a lot of extensions (DFTB+)    
==
==                              Release: 1.2 (p2)
==
==                            (ParserVersion = 4)
==
================================================================================


********************************************************************************
** Parsing and initializing
********************************************************************************

Interpreting input file 'dftb_in.hsd'
--------------------------------------------------------------------------------
WARNING!
-> WriteHSDInput and WriteXMLInput both turned off. You won't eventually be 
 able to obtain the same results with a later version of the code!
Path: dftb_in/ParserOptions
Line: 72-75 (File: dftb_in.hsd)

Reading SK-files:
  /home/andersx/parameters/3ob-3-1/C-C.skf
  /home/andersx/parameters/3ob-3-1/C-O.skf
  /home/andersx/parameters/3ob-3-1/C-H.skf
  /home/andersx/parameters/3ob-3-1/O-C.skf
  /home/andersx/parameters/3ob-3-1/O-O.skf
  /home/andersx/parameters/3ob-3-1/O-H.skf
  /home/andersx/parameters/3ob-3-1/H-C.skf
  /home/andersx/parameters/3ob-3-1/H-O.skf
  /home/andersx/parameters/3ob-3-1/H-H.skf
Done.

Starting initialization...
--------------------------------------------------------------------------------
Mode:                        Static calculation
Self consistent charges:     Yes
SCC-tolerance:                 0.100000E-05
Max. scc iterations:                    100
Ewald alpha parameter:         0.000000E+00
Spin polarisation:           No
Nr. of up electrons:            18.000000
Nr. of down electrons:          18.000000
Periodic boundaries:         No
Diagonalizer:                Divide and Conquer
Mixer:                       Anderson mixer
Mixing parameter:                  0.200000
Maximal SCC-cycles:                     100
Nr. of chrg. vectors to mix:              8
Electronic temperature:        0.100000E-07
Initial charges:             Set automatically (system chrg:   0.000E+00)
Included shells:              C:  s, p
                              O:  s, p
                              H:  s
Full 3rd order correction    Yes
Damped SCC                   Yes
Damped specie(s):            H                                                 
Extra options:
--------------------------------------------------------------------------------
 

********************************************************************************
** Geometry step: 0
********************************************************************************

  iSCC Total electronic   Diff electronic      SCC error    
    1   -0.15931430E+02    0.00000000E+00    0.45430026E+00
    2   -0.15931672E+02   -0.24204107E-03    0.44704430E+00
    3   -0.15938449E+02   -0.67763198E-02    0.87131354E-01
    4   -0.15938411E+02    0.37246927E-04    0.80212377E-01
    5   -0.15938862E+02   -0.45051428E-03    0.23109300E-01
    6   -0.15938862E+02    0.46034007E-06    0.22915353E-01
    7   -0.15938878E+02   -0.16042549E-04    0.17691760E-01
    8   -0.15938885E+02   -0.71328485E-05    0.15282305E-02
    9   -0.15938885E+02   -0.11567089E-06    0.11101685E-02
   10   -0.15938885E+02   -0.21819598E-06    0.45562519E-03
   11   -0.15938885E+02   -0.31422882E-08    0.19090231E-03
   12   -0.15938885E+02   -0.77345597E-09    0.42018276E-04
   13   -0.15938885E+02   -0.25721647E-10    0.23968041E-05
   14   -0.15938885E+02   -0.12079227E-12    0.42808952E-06
>> Charges saved for restart in charges.bin
 
 Total Energy:                     -15.7296574444 H
 Total Mermin free energy:         -15.7296574444 H
