================================================================================
==
==   Density Functional based Tight Binding with a lot of extensions (DFTB+)    
==
==                              Release: 1.2 (p2)
==
==                            (ParserVersion = 4)
==
================================================================================


********************************************************************************
** Parsing and initializing
********************************************************************************

Interpreting input file 'dftb_in.hsd'
--------------------------------------------------------------------------------
WARNING!
-> WriteHSDInput and WriteXMLInput both turned off. You won't eventually be 
 able to obtain the same results with a later version of the code!
Path: dftb_in/ParserOptions
Line: 74-77 (File: dftb_in.hsd)

Reading SK-files:
  /home/andersx/parameters/3ob-3-1/C-C.skf
  /home/andersx/parameters/3ob-3-1/C-O.skf
  /home/andersx/parameters/3ob-3-1/C-H.skf
  /home/andersx/parameters/3ob-3-1/O-C.skf
  /home/andersx/parameters/3ob-3-1/O-O.skf
  /home/andersx/parameters/3ob-3-1/O-H.skf
  /home/andersx/parameters/3ob-3-1/H-C.skf
  /home/andersx/parameters/3ob-3-1/H-O.skf
  /home/andersx/parameters/3ob-3-1/H-H.skf
Done.

Starting initialization...
--------------------------------------------------------------------------------
Mode:                        Static calculation
Self consistent charges:     Yes
SCC-tolerance:                 0.100000E-05
Max. scc iterations:                    100
Ewald alpha parameter:         0.000000E+00
Spin polarisation:           No
Nr. of up electrons:            20.000000
Nr. of down electrons:          20.000000
Periodic boundaries:         No
Diagonalizer:                Divide and Conquer
Mixer:                       Anderson mixer
Mixing parameter:                  0.200000
Maximal SCC-cycles:                     100
Nr. of chrg. vectors to mix:              8
Electronic temperature:        0.100000E-07
Initial charges:             Set automatically (system chrg:   0.000E+00)
Included shells:              C:  s, p
                              O:  s, p
                              H:  s
Full 3rd order correction    Yes
Damped SCC                   Yes
Damped specie(s):            H                                                 
Extra options:
--------------------------------------------------------------------------------
 

********************************************************************************
** Geometry step: 0
********************************************************************************

  iSCC Total electronic   Diff electronic      SCC error    
    1   -0.18186269E+02    0.00000000E+00    0.60346667E+00
    2   -0.18186719E+02   -0.45030694E-03    0.59465780E+00
    3   -0.18200134E+02   -0.13414689E-01    0.61026034E-01
    4   -0.18200096E+02    0.37855309E-04    0.50752255E-01
    5   -0.18200216E+02   -0.11947198E-03    0.29638576E-01
    6   -0.18200253E+02   -0.37098164E-04    0.91875172E-02
    7   -0.18200250E+02    0.26003349E-05    0.84422641E-02
    8   -0.18200255E+02   -0.47986039E-05    0.69852195E-03
    9   -0.18200255E+02   -0.36932619E-07    0.45764263E-03
   10   -0.18200255E+02   -0.23763892E-07    0.72237068E-04
   11   -0.18200255E+02   -0.11599255E-08    0.25174397E-04
   12   -0.18200255E+02   -0.97053032E-10    0.55215804E-05
   13   -0.18200255E+02   -0.36237680E-12    0.19590540E-06
>> Charges saved for restart in charges.bin
 
 Total Energy:                     -18.1391053529 H
 Total Mermin free energy:         -18.1391053529 H
