================================================================================
==
==   Density Functional based Tight Binding with a lot of extensions (DFTB+)    
==
==                              Release: 1.2 (p2)
==
==                            (ParserVersion = 4)
==
================================================================================


********************************************************************************
** Parsing and initializing
********************************************************************************

Interpreting input file 'dftb_in.hsd'
--------------------------------------------------------------------------------
WARNING!
-> WriteHSDInput and WriteXMLInput both turned off. You won't eventually be 
 able to obtain the same results with a later version of the code!
Path: dftb_in/ParserOptions
Line: 72-75 (File: dftb_in.hsd)

Reading SK-files:
  /home/andersx/parameters/3ob-3-1/C-C.skf
  /home/andersx/parameters/3ob-3-1/C-O.skf
  /home/andersx/parameters/3ob-3-1/C-H.skf
  /home/andersx/parameters/3ob-3-1/O-C.skf
  /home/andersx/parameters/3ob-3-1/O-O.skf
  /home/andersx/parameters/3ob-3-1/O-H.skf
  /home/andersx/parameters/3ob-3-1/H-C.skf
  /home/andersx/parameters/3ob-3-1/H-O.skf
  /home/andersx/parameters/3ob-3-1/H-H.skf
Done.

Starting initialization...
--------------------------------------------------------------------------------
Mode:                        Static calculation
Self consistent charges:     Yes
SCC-tolerance:                 0.100000E-05
Max. scc iterations:                    100
Ewald alpha parameter:         0.000000E+00
Spin polarisation:           No
Nr. of up electrons:            19.000000
Nr. of down electrons:          19.000000
Periodic boundaries:         No
Diagonalizer:                Divide and Conquer
Mixer:                       Anderson mixer
Mixing parameter:                  0.200000
Maximal SCC-cycles:                     100
Nr. of chrg. vectors to mix:              8
Electronic temperature:        0.100000E-07
Initial charges:             Set automatically (system chrg:   0.000E+00)
Included shells:              C:  s, p
                              O:  s, p
                              H:  s
Full 3rd order correction    Yes
Damped SCC                   Yes
Damped specie(s):            H                                                 
Extra options:
--------------------------------------------------------------------------------
 

********************************************************************************
** Geometry step: 0
********************************************************************************

  iSCC Total electronic   Diff electronic      SCC error    
    1   -0.17525376E+02    0.00000000E+00    0.52088121E+00
    2   -0.17525816E+02   -0.43945325E-03    0.51292555E+00
    3   -0.17537221E+02   -0.11405496E-01    0.11159987E+00
    4   -0.17537201E+02    0.19670796E-04    0.11261982E+00
    5   -0.17538165E+02   -0.96379636E-03    0.30599929E-01
    6   -0.17538166E+02   -0.69852958E-06    0.34219936E-01
    7   -0.17538210E+02   -0.44395910E-04    0.11979722E-01
    8   -0.17538215E+02   -0.42108812E-05    0.66356945E-02
    9   -0.17538215E+02   -0.62333149E-06    0.56519959E-02
   10   -0.17538220E+02   -0.51696112E-05    0.67550458E-03
   11   -0.17538220E+02   -0.67961601E-08    0.49882324E-03
   12   -0.17538220E+02   -0.44703263E-07    0.72128586E-04
   13   -0.17538220E+02   -0.43294079E-09    0.40113886E-04
   14   -0.17538220E+02   -0.14536994E-09    0.29055706E-05
   15   -0.17538220E+02   -0.29132252E-12    0.87728934E-06
>> Charges saved for restart in charges.bin
 
 Total Energy:                     -17.3688708620 H
 Total Mermin free energy:         -17.3688708620 H
