================================================================================
==
==   Density Functional based Tight Binding with a lot of extensions (DFTB+)    
==
==                              Release: 1.2 (p2)
==
==                            (ParserVersion = 4)
==
================================================================================


********************************************************************************
** Parsing and initializing
********************************************************************************

Interpreting input file 'dftb_in.hsd'
--------------------------------------------------------------------------------
WARNING!
-> WriteHSDInput and WriteXMLInput both turned off. You won't eventually be 
 able to obtain the same results with a later version of the code!
Path: dftb_in/ParserOptions
Line: 70-73 (File: dftb_in.hsd)

Reading SK-files:
  /home/andersx/parameters/3ob-3-1/C-C.skf
  /home/andersx/parameters/3ob-3-1/C-O.skf
  /home/andersx/parameters/3ob-3-1/C-H.skf
  /home/andersx/parameters/3ob-3-1/O-C.skf
  /home/andersx/parameters/3ob-3-1/O-O.skf
  /home/andersx/parameters/3ob-3-1/O-H.skf
  /home/andersx/parameters/3ob-3-1/H-C.skf
  /home/andersx/parameters/3ob-3-1/H-O.skf
  /home/andersx/parameters/3ob-3-1/H-H.skf
Done.

Starting initialization...
--------------------------------------------------------------------------------
Mode:                        Static calculation
Self consistent charges:     Yes
SCC-tolerance:                 0.100000E-05
Max. scc iterations:                    100
Ewald alpha parameter:         0.000000E+00
Spin polarisation:           No
Nr. of up electrons:            18.000000
Nr. of down electrons:          18.000000
Periodic boundaries:         No
Diagonalizer:                Divide and Conquer
Mixer:                       Anderson mixer
Mixing parameter:                  0.200000
Maximal SCC-cycles:                     100
Nr. of chrg. vectors to mix:              8
Electronic temperature:        0.100000E-07
Initial charges:             Set automatically (system chrg:   0.000E+00)
Included shells:              C:  s, p
                              O:  s, p
                              H:  s
Full 3rd order correction    Yes
Damped SCC                   Yes
Damped specie(s):            H                                                 
Extra options:
--------------------------------------------------------------------------------
 

********************************************************************************
** Geometry step: 0
********************************************************************************

  iSCC Total electronic   Diff electronic      SCC error    
    1   -0.16858171E+02    0.00000000E+00    0.51717020E+00
    2   -0.16858545E+02   -0.37446466E-03    0.50937953E+00
    3   -0.16869659E+02   -0.11113988E-01    0.10314525E+00
    4   -0.16869664E+02   -0.48425211E-05    0.10261222E+00
    5   -0.16870044E+02   -0.38016125E-03    0.22625171E-01
    6   -0.16870041E+02    0.30985077E-05    0.22795875E-01
    7   -0.16870076E+02   -0.34604093E-04    0.41704799E-02
    8   -0.16870077E+02   -0.92132777E-06    0.34356026E-02
    9   -0.16870078E+02   -0.97437648E-06    0.41977569E-03
   10   -0.16870078E+02   -0.28301177E-07    0.20275695E-03
   11   -0.16870078E+02   -0.35541987E-08    0.56674708E-04
   12   -0.16870078E+02   -0.16538593E-09    0.51046878E-05
   13   -0.16870078E+02   -0.58619776E-12    0.18490091E-05
   14   -0.16870078E+02   -0.60396133E-13    0.80467677E-07
>> Charges saved for restart in charges.bin
 
 Total Energy:                     -16.5642475765 H
 Total Mermin free energy:         -16.5642475765 H
