================================================================================
==
==   Density Functional based Tight Binding with a lot of extensions (DFTB+)    
==
==                              Release: 1.2 (p2)
==
==                            (ParserVersion = 4)
==
================================================================================


********************************************************************************
** Parsing and initializing
********************************************************************************

Interpreting input file 'dftb_in.hsd'
--------------------------------------------------------------------------------
WARNING!
-> WriteHSDInput and WriteXMLInput both turned off. You won't eventually be 
 able to obtain the same results with a later version of the code!
Path: dftb_in/ParserOptions
Line: 72-75 (File: dftb_in.hsd)

Reading SK-files:
  /home/andersx/parameters/3ob-3-1/C-C.skf
  /home/andersx/parameters/3ob-3-1/C-N.skf
  /home/andersx/parameters/3ob-3-1/C-H.skf
  /home/andersx/parameters/3ob-3-1/N-C.skf
  /home/andersx/parameters/3ob-3-1/N-N.skf
  /home/andersx/parameters/3ob-3-1/N-H.skf
  /home/andersx/parameters/3ob-3-1/H-C.skf
  /home/andersx/parameters/3ob-3-1/H-N.skf
  /home/andersx/parameters/3ob-3-1/H-H.skf
Done.

Starting initialization...
--------------------------------------------------------------------------------
Mode:                        Static calculation
Self consistent charges:     Yes
SCC-tolerance:                 0.100000E-05
Max. scc iterations:                    100
Ewald alpha parameter:         0.000000E+00
Spin polarisation:           No
Nr. of up electrons:            16.000000
Nr. of down electrons:          16.000000
Periodic boundaries:         No
Diagonalizer:                Divide and Conquer
Mixer:                       Anderson mixer
Mixing parameter:                  0.200000
Maximal SCC-cycles:                     100
Nr. of chrg. vectors to mix:              8
Electronic temperature:        0.100000E-07
Initial charges:             Set automatically (system chrg:   0.000E+00)
Included shells:              C:  s, p
                              N:  s, p
                              H:  s
Full 3rd order correction    Yes
Damped SCC                   Yes
Damped specie(s):            H                                                 
Extra options:
--------------------------------------------------------------------------------
 

********************************************************************************
** Geometry step: 0
********************************************************************************

  iSCC Total electronic   Diff electronic      SCC error    
    1   -0.13712857E+02    0.00000000E+00    0.61578292E+00
    2   -0.13713451E+02   -0.59480766E-03    0.60297757E+00
    3   -0.13726402E+02   -0.12951034E-01    0.12093712E+00
    4   -0.13726352E+02    0.50741221E-04    0.11574553E+00
    5   -0.13726396E+02   -0.43917637E-04    0.68007855E-01
    6   -0.13726543E+02   -0.14727761E-03    0.18140934E-01
    7   -0.13726544E+02   -0.90810644E-06    0.18391203E-01
    8   -0.13726553E+02   -0.96254531E-05    0.10540340E-01
    9   -0.13726557E+02   -0.37649596E-05    0.32964361E-02
   10   -0.13726558E+02   -0.57817511E-06    0.21512236E-02
   11   -0.13726558E+02   -0.16266079E-06    0.12275965E-03
   12   -0.13726558E+02   -0.86241059E-09    0.83238188E-04
   13   -0.13726558E+02   -0.46479087E-09    0.15914469E-04
   14   -0.13726558E+02   -0.70805584E-11    0.42701281E-05
   15   -0.13726558E+02   -0.30908609E-12    0.33704376E-06
>> Charges saved for restart in charges.bin
 
 Total Energy:                     -13.5597625214 H
 Total Mermin free energy:         -13.5597625214 H
