================================================================================
==
==   Density Functional based Tight Binding with a lot of extensions (DFTB+)    
==
==                              Release: 1.2 (p2)
==
==                            (ParserVersion = 4)
==
================================================================================


********************************************************************************
** Parsing and initializing
********************************************************************************

Interpreting input file 'dftb_in.hsd'
--------------------------------------------------------------------------------
WARNING!
-> WriteHSDInput and WriteXMLInput both turned off. You won't eventually be 
 able to obtain the same results with a later version of the code!
Path: dftb_in/ParserOptions
Line: 78-81 (File: dftb_in.hsd)

Reading SK-files:
  /home/andersx/parameters/3ob-3-1/C-C.skf
  /home/andersx/parameters/3ob-3-1/C-O.skf
  /home/andersx/parameters/3ob-3-1/C-H.skf
  /home/andersx/parameters/3ob-3-1/O-C.skf
  /home/andersx/parameters/3ob-3-1/O-O.skf
  /home/andersx/parameters/3ob-3-1/O-H.skf
  /home/andersx/parameters/3ob-3-1/H-C.skf
  /home/andersx/parameters/3ob-3-1/H-O.skf
  /home/andersx/parameters/3ob-3-1/H-H.skf
Done.

Starting initialization...
--------------------------------------------------------------------------------
Mode:                        Static calculation
Self consistent charges:     Yes
SCC-tolerance:                 0.100000E-05
Max. scc iterations:                    100
Ewald alpha parameter:         0.000000E+00
Spin polarisation:           No
Nr. of up electrons:            21.000000
Nr. of down electrons:          21.000000
Periodic boundaries:         No
Diagonalizer:                Divide and Conquer
Mixer:                       Anderson mixer
Mixing parameter:                  0.200000
Maximal SCC-cycles:                     100
Nr. of chrg. vectors to mix:              8
Electronic temperature:        0.100000E-07
Initial charges:             Set automatically (system chrg:   0.000E+00)
Included shells:              C:  s, p
                              O:  s, p
                              H:  s
Full 3rd order correction    Yes
Damped SCC                   Yes
Damped specie(s):            H                                                 
Extra options:
--------------------------------------------------------------------------------
 

********************************************************************************
** Geometry step: 0
********************************************************************************

  iSCC Total electronic   Diff electronic      SCC error    
    1   -0.17978247E+02    0.00000000E+00    0.69957246E+00
    2   -0.17978388E+02   -0.14117669E-03    0.69043335E+00
    3   -0.17982067E+02   -0.36787507E-02    0.65201636E-01
    4   -0.17981964E+02    0.10273234E-03    0.53540166E-01
    5   -0.17981939E+02    0.24888431E-04    0.10710592E+00
    6   -0.17982248E+02   -0.30920624E-03    0.22033487E-01
    7   -0.17982248E+02    0.49365566E-06    0.76543461E-02
    8   -0.17982254E+02   -0.61510779E-05    0.91501508E-02
    9   -0.17982255E+02   -0.10049701E-05    0.18129193E-02
   10   -0.17982255E+02   -0.16771359E-07    0.13939487E-02
   11   -0.17982255E+02   -0.72293261E-07    0.17364469E-03
   12   -0.17982255E+02   -0.21184583E-08    0.11524016E-03
   13   -0.17982255E+02   -0.97816866E-09    0.14451447E-04
   14   -0.17982255E+02   -0.14001245E-10    0.16432319E-05
   15   -0.17982255E+02   -0.63948846E-13    0.36996809E-06
>> Charges saved for restart in charges.bin
 
 Total Energy:                     -18.0909613008 H
 Total Mermin free energy:         -18.0909613008 H
