================================================================================
==
==   Density Functional based Tight Binding with a lot of extensions (DFTB+)    
==
==                              Release: 1.2 (p2)
==
==                            (ParserVersion = 4)
==
================================================================================


********************************************************************************
** Parsing and initializing
********************************************************************************

Interpreting input file 'dftb_in.hsd'
--------------------------------------------------------------------------------
WARNING!
-> WriteHSDInput and WriteXMLInput both turned off. You won't eventually be 
 able to obtain the same results with a later version of the code!
Path: dftb_in/ParserOptions
Line: 74-77 (File: dftb_in.hsd)

Reading SK-files:
  /home/andersx/parameters/3ob-3-1/C-C.skf
  /home/andersx/parameters/3ob-3-1/C-O.skf
  /home/andersx/parameters/3ob-3-1/C-H.skf
  /home/andersx/parameters/3ob-3-1/O-C.skf
  /home/andersx/parameters/3ob-3-1/O-O.skf
  /home/andersx/parameters/3ob-3-1/O-H.skf
  /home/andersx/parameters/3ob-3-1/H-C.skf
  /home/andersx/parameters/3ob-3-1/H-O.skf
  /home/andersx/parameters/3ob-3-1/H-H.skf
Done.

Starting initialization...
--------------------------------------------------------------------------------
Mode:                        Static calculation
Self consistent charges:     Yes
SCC-tolerance:                 0.100000E-05
Max. scc iterations:                    100
Ewald alpha parameter:         0.000000E+00
Spin polarisation:           No
Nr. of up electrons:            20.000000
Nr. of down electrons:          20.000000
Periodic boundaries:         No
Diagonalizer:                Divide and Conquer
Mixer:                       Anderson mixer
Mixing parameter:                  0.200000
Maximal SCC-cycles:                     100
Nr. of chrg. vectors to mix:              8
Electronic temperature:        0.100000E-07
Initial charges:             Set automatically (system chrg:   0.000E+00)
Included shells:              C:  s, p
                              O:  s, p
                              H:  s
Full 3rd order correction    Yes
Damped SCC                   Yes
Damped specie(s):            H                                                 
Extra options:
--------------------------------------------------------------------------------
 

********************************************************************************
** Geometry step: 0
********************************************************************************

  iSCC Total electronic   Diff electronic      SCC error    
    1   -0.18188178E+02    0.00000000E+00    0.62226031E+00
    2   -0.18188643E+02   -0.46529353E-03    0.61476480E+00
    3   -0.18201983E+02   -0.13340012E-01    0.79577342E-01
    4   -0.18201920E+02    0.63035868E-04    0.70269257E-01
    5   -0.18202191E+02   -0.27162476E-03    0.39035819E-01
    6   -0.18202254E+02   -0.62149451E-04    0.27867243E-01
    7   -0.18202228E+02    0.25110083E-04    0.25343714E-01
    8   -0.18202276E+02   -0.47526466E-04    0.24590960E-02
    9   -0.18202277E+02   -0.63038362E-06    0.19934321E-02
   10   -0.18202277E+02   -0.49998141E-06    0.35314405E-03
   11   -0.18202277E+02   -0.14865137E-07    0.19925145E-03
   12   -0.18202277E+02   -0.14325323E-08    0.98265916E-05
   13   -0.18202277E+02   -0.15262458E-10    0.17771339E-05
   14   -0.18202277E+02   -0.24868996E-12    0.28931414E-06
>> Charges saved for restart in charges.bin
 
 Total Energy:                     -18.1404802120 H
 Total Mermin free energy:         -18.1404802120 H
