================================================================================
==
==   Density Functional based Tight Binding with a lot of extensions (DFTB+)    
==
==                              Release: 1.2 (p2)
==
==                            (ParserVersion = 4)
==
================================================================================


********************************************************************************
** Parsing and initializing
********************************************************************************

Interpreting input file 'dftb_in.hsd'
--------------------------------------------------------------------------------
WARNING!
-> WriteHSDInput and WriteXMLInput both turned off. You won't eventually be 
 able to obtain the same results with a later version of the code!
Path: dftb_in/ParserOptions
Line: 76-79 (File: dftb_in.hsd)

Reading SK-files:
  /home/andersx/parameters/3ob-3-1/C-C.skf
  /home/andersx/parameters/3ob-3-1/C-N.skf
  /home/andersx/parameters/3ob-3-1/C-H.skf
  /home/andersx/parameters/3ob-3-1/N-C.skf
  /home/andersx/parameters/3ob-3-1/N-N.skf
  /home/andersx/parameters/3ob-3-1/N-H.skf
  /home/andersx/parameters/3ob-3-1/H-C.skf
  /home/andersx/parameters/3ob-3-1/H-N.skf
  /home/andersx/parameters/3ob-3-1/H-H.skf
Done.

Starting initialization...
--------------------------------------------------------------------------------
Mode:                        Static calculation
Self consistent charges:     Yes
SCC-tolerance:                 0.100000E-05
Max. scc iterations:                    100
Ewald alpha parameter:         0.000000E+00
Spin polarisation:           No
Nr. of up electrons:            18.000000
Nr. of down electrons:          18.000000
Periodic boundaries:         No
Diagonalizer:                Divide and Conquer
Mixer:                       Anderson mixer
Mixing parameter:                  0.200000
Maximal SCC-cycles:                     100
Nr. of chrg. vectors to mix:              8
Electronic temperature:        0.100000E-07
Initial charges:             Set automatically (system chrg:   0.000E+00)
Included shells:              C:  s, p
                              N:  s, p
                              H:  s
Full 3rd order correction    Yes
Damped SCC                   Yes
Damped specie(s):            H                                                 
Extra options:
--------------------------------------------------------------------------------
 

********************************************************************************
** Geometry step: 0
********************************************************************************

  iSCC Total electronic   Diff electronic      SCC error    
    1   -0.15050379E+02    0.00000000E+00    0.57811516E+00
    2   -0.15050406E+02   -0.26982688E-04    0.57126534E+00
    3   -0.15051106E+02   -0.69963153E-03    0.50753485E-01
    4   -0.15051088E+02    0.18272271E-04    0.48444434E-01
    5   -0.15051087E+02    0.16561309E-06    0.47449485E-01
    6   -0.15051137E+02   -0.49398591E-04    0.10466875E-01
    7   -0.15051137E+02   -0.16700973E-06    0.49923023E-02
    8   -0.15051137E+02   -0.41984277E-06    0.21761675E-02
    9   -0.15051138E+02   -0.33021693E-06    0.10443885E-02
   10   -0.15051138E+02   -0.27846294E-08    0.13725376E-02
   11   -0.15051138E+02   -0.79997697E-09    0.10951002E-03
   12   -0.15051138E+02   -0.19503599E-08    0.58971812E-04
   13   -0.15051138E+02   -0.83757001E-09    0.16774471E-04
   14   -0.15051138E+02   -0.10484058E-10    0.51924165E-05
   15   -0.15051138E+02   -0.41922021E-12    0.39241809E-06
>> Charges saved for restart in charges.bin
 
 Total Energy:                     -15.0833632245 H
 Total Mermin free energy:         -15.0833632245 H
