================================================================================
==
==   Density Functional based Tight Binding with a lot of extensions (DFTB+)    
==
==                              Release: 1.2 (p2)
==
==                            (ParserVersion = 4)
==
================================================================================


********************************************************************************
** Parsing and initializing
********************************************************************************

Interpreting input file 'dftb_in.hsd'
--------------------------------------------------------------------------------
WARNING!
-> WriteHSDInput and WriteXMLInput both turned off. You won't eventually be 
 able to obtain the same results with a later version of the code!
Path: dftb_in/ParserOptions
Line: 72-75 (File: dftb_in.hsd)

Reading SK-files:
  /home/andersx/parameters/3ob-3-1/C-C.skf
  /home/andersx/parameters/3ob-3-1/C-O.skf
  /home/andersx/parameters/3ob-3-1/C-H.skf
  /home/andersx/parameters/3ob-3-1/O-C.skf
  /home/andersx/parameters/3ob-3-1/O-O.skf
  /home/andersx/parameters/3ob-3-1/O-H.skf
  /home/andersx/parameters/3ob-3-1/H-C.skf
  /home/andersx/parameters/3ob-3-1/H-O.skf
  /home/andersx/parameters/3ob-3-1/H-H.skf
Done.

Starting initialization...
--------------------------------------------------------------------------------
Mode:                        Static calculation
Self consistent charges:     Yes
SCC-tolerance:                 0.100000E-05
Max. scc iterations:                    100
Ewald alpha parameter:         0.000000E+00
Spin polarisation:           No
Nr. of up electrons:            19.000000
Nr. of down electrons:          19.000000
Periodic boundaries:         No
Diagonalizer:                Divide and Conquer
Mixer:                       Anderson mixer
Mixing parameter:                  0.200000
Maximal SCC-cycles:                     100
Nr. of chrg. vectors to mix:              8
Electronic temperature:        0.100000E-07
Initial charges:             Set automatically (system chrg:   0.000E+00)
Included shells:              C:  s, p
                              O:  s, p
                              H:  s
Full 3rd order correction    Yes
Damped SCC                   Yes
Damped specie(s):            H                                                 
Extra options:
--------------------------------------------------------------------------------
 

********************************************************************************
** Geometry step: 0
********************************************************************************

  iSCC Total electronic   Diff electronic      SCC error    
    1   -0.17522162E+02    0.00000000E+00    0.71129241E+00
    2   -0.17522591E+02   -0.42912827E-03    0.70246739E+00
    3   -0.17535893E+02   -0.13302046E-01    0.50328025E-01
    4   -0.17535884E+02    0.91939554E-05    0.41832619E-01
    5   -0.17536020E+02   -0.13614745E-03    0.10914715E-01
    6   -0.17536026E+02   -0.52796015E-05    0.38814276E-02
    7   -0.17536027E+02   -0.14715229E-05    0.29348113E-02
    8   -0.17536030E+02   -0.27440069E-05    0.22985839E-02
    9   -0.17536030E+02   -0.49518952E-07    0.11448611E-02
   10   -0.17536030E+02   -0.71354130E-07    0.12672698E-03
   11   -0.17536030E+02   -0.13709460E-08    0.41276828E-04
   12   -0.17536030E+02   -0.11675994E-09    0.34082758E-05
   13   -0.17536030E+02   -0.14210855E-12    0.17264747E-06
>> Charges saved for restart in charges.bin
 
 Total Energy:                     -17.3418051812 H
 Total Mermin free energy:         -17.3418051812 H
