================================================================================
==
==   Density Functional based Tight Binding with a lot of extensions (DFTB+)    
==
==                              Release: 1.2 (p2)
==
==                            (ParserVersion = 4)
==
================================================================================


********************************************************************************
** Parsing and initializing
********************************************************************************

Interpreting input file 'dftb_in.hsd'
--------------------------------------------------------------------------------
WARNING!
-> WriteHSDInput and WriteXMLInput both turned off. You won't eventually be 
 able to obtain the same results with a later version of the code!
Path: dftb_in/ParserOptions
Line: 76-79 (File: dftb_in.hsd)

Reading SK-files:
  /home/andersx/parameters/3ob-3-1/C-C.skf
  /home/andersx/parameters/3ob-3-1/C-O.skf
  /home/andersx/parameters/3ob-3-1/C-H.skf
  /home/andersx/parameters/3ob-3-1/O-C.skf
  /home/andersx/parameters/3ob-3-1/O-O.skf
  /home/andersx/parameters/3ob-3-1/O-H.skf
  /home/andersx/parameters/3ob-3-1/H-C.skf
  /home/andersx/parameters/3ob-3-1/H-O.skf
  /home/andersx/parameters/3ob-3-1/H-H.skf
Done.

Starting initialization...
--------------------------------------------------------------------------------
Mode:                        Static calculation
Self consistent charges:     Yes
SCC-tolerance:                 0.100000E-05
Max. scc iterations:                    100
Ewald alpha parameter:         0.000000E+00
Spin polarisation:           No
Nr. of up electrons:            20.000000
Nr. of down electrons:          20.000000
Periodic boundaries:         No
Diagonalizer:                Divide and Conquer
Mixer:                       Anderson mixer
Mixing parameter:                  0.200000
Maximal SCC-cycles:                     100
Nr. of chrg. vectors to mix:              8
Electronic temperature:        0.100000E-07
Initial charges:             Set automatically (system chrg:   0.000E+00)
Included shells:              C:  s, p
                              O:  s, p
                              H:  s
Full 3rd order correction    Yes
Damped SCC                   Yes
Damped specie(s):            H                                                 
Extra options:
--------------------------------------------------------------------------------
 

********************************************************************************
** Geometry step: 0
********************************************************************************

  iSCC Total electronic   Diff electronic      SCC error    
    1   -0.17300096E+02    0.00000000E+00    0.65755012E+00
    2   -0.17300215E+02   -0.11954499E-03    0.64901115E+00
    3   -0.17303662E+02   -0.34470146E-02    0.54823895E-01
    4   -0.17303626E+02    0.36055038E-04    0.44297942E-01
    5   -0.17303626E+02    0.30482598E-06    0.76762448E-01
    6   -0.17303727E+02   -0.10106229E-03    0.14258810E-01
    7   -0.17303726E+02    0.11586919E-05    0.16084299E-01
    8   -0.17303735E+02   -0.92073399E-05    0.68334403E-02
    9   -0.17303735E+02   -0.53787048E-07    0.18784623E-02
   10   -0.17303735E+02   -0.69323324E-07    0.17516560E-02
   11   -0.17303735E+02   -0.16152931E-06    0.41711371E-03
   12   -0.17303735E+02   -0.10102013E-07    0.23075107E-03
   13   -0.17303735E+02   -0.34204604E-08    0.23009394E-04
   14   -0.17303735E+02   -0.40873971E-10    0.30723515E-05
   15   -0.17303735E+02   -0.14921397E-12    0.99980049E-06
>> Charges saved for restart in charges.bin
 
 Total Energy:                     -17.2887280916 H
 Total Mermin free energy:         -17.2887280916 H
