================================================================================
==
==   Density Functional based Tight Binding with a lot of extensions (DFTB+)    
==
==                              Release: 1.2 (p2)
==
==                            (ParserVersion = 4)
==
================================================================================


********************************************************************************
** Parsing and initializing
********************************************************************************

Interpreting input file 'dftb_in.hsd'
--------------------------------------------------------------------------------
WARNING!
-> WriteHSDInput and WriteXMLInput both turned off. You won't eventually be 
 able to obtain the same results with a later version of the code!
Path: dftb_in/ParserOptions
Line: 78-81 (File: dftb_in.hsd)

Reading SK-files:
  /home/andersx/parameters/3ob-3-1/C-C.skf
  /home/andersx/parameters/3ob-3-1/C-O.skf
  /home/andersx/parameters/3ob-3-1/C-H.skf
  /home/andersx/parameters/3ob-3-1/O-C.skf
  /home/andersx/parameters/3ob-3-1/O-O.skf
  /home/andersx/parameters/3ob-3-1/O-H.skf
  /home/andersx/parameters/3ob-3-1/H-C.skf
  /home/andersx/parameters/3ob-3-1/H-O.skf
  /home/andersx/parameters/3ob-3-1/H-H.skf
Done.

Starting initialization...
--------------------------------------------------------------------------------
Mode:                        Static calculation
Self consistent charges:     Yes
SCC-tolerance:                 0.100000E-05
Max. scc iterations:                    100
Ewald alpha parameter:         0.000000E+00
Spin polarisation:           No
Nr. of up electrons:            21.000000
Nr. of down electrons:          21.000000
Periodic boundaries:         No
Diagonalizer:                Divide and Conquer
Mixer:                       Anderson mixer
Mixing parameter:                  0.200000
Maximal SCC-cycles:                     100
Nr. of chrg. vectors to mix:              8
Electronic temperature:        0.100000E-07
Initial charges:             Set automatically (system chrg:   0.000E+00)
Included shells:              C:  s, p
                              O:  s, p
                              H:  s
Full 3rd order correction    Yes
Damped SCC                   Yes
Damped specie(s):            H                                                 
Extra options:
--------------------------------------------------------------------------------
 

********************************************************************************
** Geometry step: 0
********************************************************************************

  iSCC Total electronic   Diff electronic      SCC error    
    1   -0.17990781E+02    0.00000000E+00    0.65880991E+00
    2   -0.17990900E+02   -0.11907386E-03    0.65024345E+00
    3   -0.17994298E+02   -0.33982293E-02    0.52080686E-01
    4   -0.17994257E+02    0.41727068E-04    0.40408529E-01
    5   -0.17994256E+02    0.26787858E-06    0.10504974E+00
    6   -0.17994376E+02   -0.12002264E-03    0.11709161E-01
    7   -0.17994376E+02    0.20824614E-06    0.97570886E-02
    8   -0.17994380E+02   -0.39089889E-05    0.65004414E-02
    9   -0.17994380E+02   -0.30080819E-06    0.13446098E-02
   10   -0.17994380E+02   -0.76585032E-08    0.12477174E-02
   11   -0.17994380E+02   -0.21935836E-07    0.23623850E-03
   12   -0.17994380E+02   -0.27582878E-08    0.16345334E-03
   13   -0.17994381E+02   -0.15393695E-08    0.13012625E-04
   14   -0.17994381E+02   -0.35484504E-10    0.15679804E-05
   15   -0.17994381E+02   -0.15987212E-12    0.33915112E-06
>> Charges saved for restart in charges.bin
 
 Total Energy:                     -18.0748039421 H
 Total Mermin free energy:         -18.0748039421 H
