================================================================================
==
==   Density Functional based Tight Binding with a lot of extensions (DFTB+)    
==
==                              Release: 1.2 (p2)
==
==                            (ParserVersion = 4)
==
================================================================================


********************************************************************************
** Parsing and initializing
********************************************************************************

Interpreting input file 'dftb_in.hsd'
--------------------------------------------------------------------------------
WARNING!
-> WriteHSDInput and WriteXMLInput both turned off. You won't eventually be 
 able to obtain the same results with a later version of the code!
Path: dftb_in/ParserOptions
Line: 76-79 (File: dftb_in.hsd)

Reading SK-files:
  /home/andersx/parameters/3ob-3-1/C-C.skf
  /home/andersx/parameters/3ob-3-1/C-O.skf
  /home/andersx/parameters/3ob-3-1/C-H.skf
  /home/andersx/parameters/3ob-3-1/O-C.skf
  /home/andersx/parameters/3ob-3-1/O-O.skf
  /home/andersx/parameters/3ob-3-1/O-H.skf
  /home/andersx/parameters/3ob-3-1/H-C.skf
  /home/andersx/parameters/3ob-3-1/H-O.skf
  /home/andersx/parameters/3ob-3-1/H-H.skf
Done.

Starting initialization...
--------------------------------------------------------------------------------
Mode:                        Static calculation
Self consistent charges:     Yes
SCC-tolerance:                 0.100000E-05
Max. scc iterations:                    100
Ewald alpha parameter:         0.000000E+00
Spin polarisation:           No
Nr. of up electrons:            20.000000
Nr. of down electrons:          20.000000
Periodic boundaries:         No
Diagonalizer:                Divide and Conquer
Mixer:                       Anderson mixer
Mixing parameter:                  0.200000
Maximal SCC-cycles:                     100
Nr. of chrg. vectors to mix:              8
Electronic temperature:        0.100000E-07
Initial charges:             Set automatically (system chrg:   0.000E+00)
Included shells:              C:  s, p
                              O:  s, p
                              H:  s
Full 3rd order correction    Yes
Damped SCC                   Yes
Damped specie(s):            H                                                 
Extra options:
--------------------------------------------------------------------------------
 

********************************************************************************
** Geometry step: 0
********************************************************************************

  iSCC Total electronic   Diff electronic      SCC error    
    1   -0.17246767E+02    0.00000000E+00    0.63517436E+00
    2   -0.17247287E+02   -0.52016314E-03    0.62499806E+00
    3   -0.17260344E+02   -0.13056460E-01    0.10256343E+00
    4   -0.17260175E+02    0.16914283E-03    0.97535112E-01
    5   -0.17260822E+02   -0.64769180E-03    0.70950373E-01
    6   -0.17260967E+02   -0.14439932E-03    0.28386945E-01
    7   -0.17260972E+02   -0.55548522E-05    0.35802871E-01
    8   -0.17260994E+02   -0.21467002E-04    0.46078816E-02
    9   -0.17260995E+02   -0.13278131E-05    0.38647798E-02
   10   -0.17260997E+02   -0.14191303E-05    0.54907629E-03
   11   -0.17260997E+02    0.76705930E-09    0.44416702E-03
   12   -0.17260997E+02   -0.12255121E-07    0.19949248E-04
   13   -0.17260997E+02   -0.38362202E-10    0.84868329E-05
   14   -0.17260997E+02   -0.27036151E-11    0.10010063E-05
   15   -0.17260997E+02   -0.28421709E-13    0.11073063E-06
>> Charges saved for restart in charges.bin
 
 Total Energy:                     -17.2948343002 H
 Total Mermin free energy:         -17.2948343002 H
