================================================================================
==
==   Density Functional based Tight Binding with a lot of extensions (DFTB+)    
==
==                              Release: 1.2 (p2)
==
==                            (ParserVersion = 4)
==
================================================================================


********************************************************************************
** Parsing and initializing
********************************************************************************

Interpreting input file 'dftb_in.hsd'
--------------------------------------------------------------------------------
WARNING!
-> WriteHSDInput and WriteXMLInput both turned off. You won't eventually be 
 able to obtain the same results with a later version of the code!
Path: dftb_in/ParserOptions
Line: 74-77 (File: dftb_in.hsd)

Reading SK-files:
  /home/andersx/parameters/3ob-3-1/C-C.skf
  /home/andersx/parameters/3ob-3-1/C-O.skf
  /home/andersx/parameters/3ob-3-1/C-H.skf
  /home/andersx/parameters/3ob-3-1/O-C.skf
  /home/andersx/parameters/3ob-3-1/O-O.skf
  /home/andersx/parameters/3ob-3-1/O-H.skf
  /home/andersx/parameters/3ob-3-1/H-C.skf
  /home/andersx/parameters/3ob-3-1/H-O.skf
  /home/andersx/parameters/3ob-3-1/H-H.skf
Done.

Starting initialization...
--------------------------------------------------------------------------------
Mode:                        Static calculation
Self consistent charges:     Yes
SCC-tolerance:                 0.100000E-05
Max. scc iterations:                    100
Ewald alpha parameter:         0.000000E+00
Spin polarisation:           No
Nr. of up electrons:            19.000000
Nr. of down electrons:          19.000000
Periodic boundaries:         No
Diagonalizer:                Divide and Conquer
Mixer:                       Anderson mixer
Mixing parameter:                  0.200000
Maximal SCC-cycles:                     100
Nr. of chrg. vectors to mix:              8
Electronic temperature:        0.100000E-07
Initial charges:             Set automatically (system chrg:   0.000E+00)
Included shells:              C:  s, p
                              O:  s, p
                              H:  s
Full 3rd order correction    Yes
Damped SCC                   Yes
Damped specie(s):            H                                                 
Extra options:
--------------------------------------------------------------------------------
 

********************************************************************************
** Geometry step: 0
********************************************************************************

  iSCC Total electronic   Diff electronic      SCC error    
    1   -0.16570964E+02    0.00000000E+00    0.62663003E+00
    2   -0.16571444E+02   -0.47981394E-03    0.61654826E+00
    3   -0.16584753E+02   -0.13309072E-01    0.66940557E-01
    4   -0.16584686E+02    0.67224491E-04    0.65246608E-01
    5   -0.16584822E+02   -0.13593762E-03    0.63244985E-01
    6   -0.16584943E+02   -0.12183814E-03    0.30906392E-01
    7   -0.16584889E+02    0.54794934E-04    0.37603941E-01
    8   -0.16584963E+02   -0.74097776E-04    0.30327437E-02
    9   -0.16584963E+02    0.11057041E-06    0.22691609E-02
   10   -0.16584963E+02   -0.74440404E-06    0.91891297E-03
   11   -0.16584963E+02   -0.38335568E-07    0.25461327E-03
   12   -0.16584963E+02   -0.38358259E-08    0.19546717E-04
   13   -0.16584963E+02   -0.26762592E-10    0.63556887E-05
   14   -0.16584963E+02   -0.13713475E-11    0.68921142E-06
>> Charges saved for restart in charges.bin
 
 Total Energy:                     -16.4870438183 H
 Total Mermin free energy:         -16.4870438183 H
