================================================================================
==
==   Density Functional based Tight Binding with a lot of extensions (DFTB+)    
==
==                              Release: 1.2 (p2)
==
==                            (ParserVersion = 4)
==
================================================================================


********************************************************************************
** Parsing and initializing
********************************************************************************

Interpreting input file 'dftb_in.hsd'
--------------------------------------------------------------------------------
WARNING!
-> WriteHSDInput and WriteXMLInput both turned off. You won't eventually be 
 able to obtain the same results with a later version of the code!
Path: dftb_in/ParserOptions
Line: 78-81 (File: dftb_in.hsd)

Reading SK-files:
  /home/andersx/parameters/3ob-3-1/C-C.skf
  /home/andersx/parameters/3ob-3-1/C-O.skf
  /home/andersx/parameters/3ob-3-1/C-H.skf
  /home/andersx/parameters/3ob-3-1/O-C.skf
  /home/andersx/parameters/3ob-3-1/O-O.skf
  /home/andersx/parameters/3ob-3-1/O-H.skf
  /home/andersx/parameters/3ob-3-1/H-C.skf
  /home/andersx/parameters/3ob-3-1/H-O.skf
  /home/andersx/parameters/3ob-3-1/H-H.skf
Done.

Starting initialization...
--------------------------------------------------------------------------------
Mode:                        Static calculation
Self consistent charges:     Yes
SCC-tolerance:                 0.100000E-05
Max. scc iterations:                    100
Ewald alpha parameter:         0.000000E+00
Spin polarisation:           No
Nr. of up electrons:            21.000000
Nr. of down electrons:          21.000000
Periodic boundaries:         No
Diagonalizer:                Divide and Conquer
Mixer:                       Anderson mixer
Mixing parameter:                  0.200000
Maximal SCC-cycles:                     100
Nr. of chrg. vectors to mix:              8
Electronic temperature:        0.100000E-07
Initial charges:             Set automatically (system chrg:   0.000E+00)
Included shells:              C:  s, p
                              O:  s, p
                              H:  s
Full 3rd order correction    Yes
Damped SCC                   Yes
Damped specie(s):            H                                                 
Extra options:
--------------------------------------------------------------------------------
 

********************************************************************************
** Geometry step: 0
********************************************************************************

  iSCC Total electronic   Diff electronic      SCC error    
    1   -0.17995816E+02    0.00000000E+00    0.67532016E+00
    2   -0.17995953E+02   -0.13679083E-03    0.66653434E+00
    3   -0.17999413E+02   -0.34600499E-02    0.81668474E-01
    4   -0.17999287E+02    0.12582309E-03    0.69889055E-01
    5   -0.17999308E+02   -0.21014248E-04    0.13483128E+00
    6   -0.17999684E+02   -0.37543051E-03    0.23614740E-01
    7   -0.17999683E+02    0.60638858E-06    0.12432013E-01
    8   -0.17999691E+02   -0.79474270E-05    0.10283638E-01
    9   -0.17999692E+02   -0.88279073E-06    0.22531614E-02
   10   -0.17999692E+02   -0.19503968E-07    0.19674172E-02
   11   -0.17999692E+02   -0.10901726E-06    0.32491211E-03
   12   -0.17999692E+02   -0.46264894E-08    0.20099077E-03
   13   -0.17999692E+02   -0.22154261E-08    0.30141410E-04
   14   -0.17999692E+02   -0.57042371E-10    0.35257053E-05
   15   -0.17999692E+02   -0.20605739E-12    0.72780895E-06
>> Charges saved for restart in charges.bin
 
 Total Energy:                     -18.0803314616 H
 Total Mermin free energy:         -18.0803314616 H
