================================================================================
==
==   Density Functional based Tight Binding with a lot of extensions (DFTB+)    
==
==                              Release: 1.2 (p2)
==
==                            (ParserVersion = 4)
==
================================================================================


********************************************************************************
** Parsing and initializing
********************************************************************************

Interpreting input file 'dftb_in.hsd'
--------------------------------------------------------------------------------
WARNING!
-> WriteHSDInput and WriteXMLInput both turned off. You won't eventually be 
 able to obtain the same results with a later version of the code!
Path: dftb_in/ParserOptions
Line: 70-73 (File: dftb_in.hsd)

Reading SK-files:
  /home/andersx/parameters/3ob-3-1/C-C.skf
  /home/andersx/parameters/3ob-3-1/C-O.skf
  /home/andersx/parameters/3ob-3-1/C-H.skf
  /home/andersx/parameters/3ob-3-1/O-C.skf
  /home/andersx/parameters/3ob-3-1/O-O.skf
  /home/andersx/parameters/3ob-3-1/O-H.skf
  /home/andersx/parameters/3ob-3-1/H-C.skf
  /home/andersx/parameters/3ob-3-1/H-O.skf
  /home/andersx/parameters/3ob-3-1/H-H.skf
Done.

Starting initialization...
--------------------------------------------------------------------------------
Mode:                        Static calculation
Self consistent charges:     Yes
SCC-tolerance:                 0.100000E-05
Max. scc iterations:                    100
Ewald alpha parameter:         0.000000E+00
Spin polarisation:           No
Nr. of up electrons:            17.000000
Nr. of down electrons:          17.000000
Periodic boundaries:         No
Diagonalizer:                Divide and Conquer
Mixer:                       Anderson mixer
Mixing parameter:                  0.200000
Maximal SCC-cycles:                     100
Nr. of chrg. vectors to mix:              8
Electronic temperature:        0.100000E-07
Initial charges:             Set automatically (system chrg:   0.000E+00)
Included shells:              C:  s, p
                              O:  s, p
                              H:  s
Full 3rd order correction    Yes
Damped SCC                   Yes
Damped specie(s):            H                                                 
Extra options:
--------------------------------------------------------------------------------
 

********************************************************************************
** Geometry step: 0
********************************************************************************

  iSCC Total electronic   Diff electronic      SCC error    
    1   -0.15239058E+02    0.00000000E+00    0.62034297E+00
    2   -0.15239667E+02   -0.60876108E-03    0.60968164E+00
    3   -0.15256077E+02   -0.16409925E-01    0.11002451E+00
    4   -0.15256074E+02    0.29859900E-05    0.10763955E+00
    5   -0.15256341E+02   -0.26670269E-03    0.31295325E-01
    6   -0.15256347E+02   -0.59611577E-05    0.32356584E-01
    7   -0.15256399E+02   -0.52315486E-04    0.29534886E-02
    8   -0.15256399E+02   -0.27411786E-06    0.16755162E-02
    9   -0.15256400E+02   -0.47670464E-06    0.60224321E-03
   10   -0.15256400E+02   -0.60823442E-07    0.56865974E-03
   11   -0.15256400E+02   -0.14262923E-07    0.55701089E-04
   12   -0.15256400E+02   -0.11610268E-09    0.90262251E-05
   13   -0.15256400E+02   -0.91304742E-12    0.85999994E-06
>> Charges saved for restart in charges.bin
 
 Total Energy:                     -14.8935864628 H
 Total Mermin free energy:         -14.8935864628 H
