================================================================================
==
==   Density Functional based Tight Binding with a lot of extensions (DFTB+)    
==
==                              Release: 1.2 (p2)
==
==                            (ParserVersion = 4)
==
================================================================================


********************************************************************************
** Parsing and initializing
********************************************************************************

Interpreting input file 'dftb_in.hsd'
--------------------------------------------------------------------------------
WARNING!
-> WriteHSDInput and WriteXMLInput both turned off. You won't eventually be 
 able to obtain the same results with a later version of the code!
Path: dftb_in/ParserOptions
Line: 76-79 (File: dftb_in.hsd)

Reading SK-files:
  /home/andersx/parameters/3ob-3-1/C-C.skf
  /home/andersx/parameters/3ob-3-1/C-O.skf
  /home/andersx/parameters/3ob-3-1/C-H.skf
  /home/andersx/parameters/3ob-3-1/O-C.skf
  /home/andersx/parameters/3ob-3-1/O-O.skf
  /home/andersx/parameters/3ob-3-1/O-H.skf
  /home/andersx/parameters/3ob-3-1/H-C.skf
  /home/andersx/parameters/3ob-3-1/H-O.skf
  /home/andersx/parameters/3ob-3-1/H-H.skf
Done.

Starting initialization...
--------------------------------------------------------------------------------
Mode:                        Static calculation
Self consistent charges:     Yes
SCC-tolerance:                 0.100000E-05
Max. scc iterations:                    100
Ewald alpha parameter:         0.000000E+00
Spin polarisation:           No
Nr. of up electrons:            20.000000
Nr. of down electrons:          20.000000
Periodic boundaries:         No
Diagonalizer:                Divide and Conquer
Mixer:                       Anderson mixer
Mixing parameter:                  0.200000
Maximal SCC-cycles:                     100
Nr. of chrg. vectors to mix:              8
Electronic temperature:        0.100000E-07
Initial charges:             Set automatically (system chrg:   0.000E+00)
Included shells:              C:  s, p
                              O:  s, p
                              H:  s
Full 3rd order correction    Yes
Damped SCC                   Yes
Damped specie(s):            H                                                 
Extra options:
--------------------------------------------------------------------------------
 

********************************************************************************
** Geometry step: 0
********************************************************************************

  iSCC Total electronic   Diff electronic      SCC error    
    1   -0.17253483E+02    0.00000000E+00    0.64235343E+00
    2   -0.17254018E+02   -0.53477882E-03    0.63147756E+00
    3   -0.17268707E+02   -0.14688895E-01    0.84345782E-01
    4   -0.17268672E+02    0.35293544E-04    0.80510271E-01
    5   -0.17268761E+02   -0.89372886E-04    0.34626954E-01
    6   -0.17268797E+02   -0.36306822E-04    0.16177462E-01
    7   -0.17268793E+02    0.45079735E-05    0.16692846E-01
    8   -0.17268806E+02   -0.13699421E-04    0.35643340E-02
    9   -0.17268807E+02   -0.14677527E-06    0.34574147E-02
   10   -0.17268807E+02   -0.25507063E-06    0.35805281E-03
   11   -0.17268807E+02   -0.52611711E-08    0.20775527E-03
   12   -0.17268807E+02   -0.18957138E-08    0.34926737E-04
   13   -0.17268807E+02   -0.15507595E-10    0.24819185E-05
   14   -0.17268807E+02   -0.49737992E-13    0.43231033E-06
>> Charges saved for restart in charges.bin
 
 Total Energy:                     -17.2807362260 H
 Total Mermin free energy:         -17.2807362260 H
