================================================================================
==
==   Density Functional based Tight Binding with a lot of extensions (DFTB+)    
==
==                              Release: 1.2 (p2)
==
==                            (ParserVersion = 4)
==
================================================================================


********************************************************************************
** Parsing and initializing
********************************************************************************

Interpreting input file 'dftb_in.hsd'
--------------------------------------------------------------------------------
WARNING!
-> WriteHSDInput and WriteXMLInput both turned off. You won't eventually be 
 able to obtain the same results with a later version of the code!
Path: dftb_in/ParserOptions
Line: 76-79 (File: dftb_in.hsd)

Reading SK-files:
  /home/andersx/parameters/3ob-3-1/C-C.skf
  /home/andersx/parameters/3ob-3-1/C-O.skf
  /home/andersx/parameters/3ob-3-1/C-H.skf
  /home/andersx/parameters/3ob-3-1/O-C.skf
  /home/andersx/parameters/3ob-3-1/O-O.skf
  /home/andersx/parameters/3ob-3-1/O-H.skf
  /home/andersx/parameters/3ob-3-1/H-C.skf
  /home/andersx/parameters/3ob-3-1/H-O.skf
  /home/andersx/parameters/3ob-3-1/H-H.skf
Done.

Starting initialization...
--------------------------------------------------------------------------------
Mode:                        Static calculation
Self consistent charges:     Yes
SCC-tolerance:                 0.100000E-05
Max. scc iterations:                    100
Ewald alpha parameter:         0.000000E+00
Spin polarisation:           No
Nr. of up electrons:            20.000000
Nr. of down electrons:          20.000000
Periodic boundaries:         No
Diagonalizer:                Divide and Conquer
Mixer:                       Anderson mixer
Mixing parameter:                  0.200000
Maximal SCC-cycles:                     100
Nr. of chrg. vectors to mix:              8
Electronic temperature:        0.100000E-07
Initial charges:             Set automatically (system chrg:   0.000E+00)
Included shells:              C:  s, p
                              O:  s, p
                              H:  s
Full 3rd order correction    Yes
Damped SCC                   Yes
Damped specie(s):            H                                                 
Extra options:
--------------------------------------------------------------------------------
 

********************************************************************************
** Geometry step: 0
********************************************************************************

  iSCC Total electronic   Diff electronic      SCC error    
    1   -0.17258031E+02    0.00000000E+00    0.64057240E+00
    2   -0.17258594E+02   -0.56333288E-03    0.62961620E+00
    3   -0.17273994E+02   -0.15399610E-01    0.92288384E-01
    4   -0.17273946E+02    0.47353046E-04    0.88453001E-01
    5   -0.17274088E+02   -0.14138287E-03    0.35123910E-01
    6   -0.17274118E+02   -0.30311449E-04    0.35467137E-01
    7   -0.17274120E+02   -0.16365499E-05    0.27285912E-01
    8   -0.17274147E+02   -0.27576982E-04    0.33874898E-02
    9   -0.17274147E+02    0.10584370E-06    0.43565276E-02
   10   -0.17274148E+02   -0.52918184E-06    0.59836029E-03
   11   -0.17274148E+02   -0.95707406E-08    0.36514607E-03
   12   -0.17274148E+02   -0.18521732E-07    0.45739525E-04
   13   -0.17274148E+02   -0.12399326E-09    0.20362411E-04
   14   -0.17274148E+02   -0.49169557E-11    0.11272271E-05
   15   -0.17274148E+02   -0.42632564E-13    0.40751324E-06
>> Charges saved for restart in charges.bin
 
 Total Energy:                     -17.2864592055 H
 Total Mermin free energy:         -17.2864592055 H
