================================================================================
==
==   Density Functional based Tight Binding with a lot of extensions (DFTB+)    
==
==                              Release: 1.2 (p2)
==
==                            (ParserVersion = 4)
==
================================================================================


********************************************************************************
** Parsing and initializing
********************************************************************************

Interpreting input file 'dftb_in.hsd'
--------------------------------------------------------------------------------
WARNING!
-> WriteHSDInput and WriteXMLInput both turned off. You won't eventually be 
 able to obtain the same results with a later version of the code!
Path: dftb_in/ParserOptions
Line: 72-75 (File: dftb_in.hsd)

Reading SK-files:
  /home/andersx/parameters/3ob-3-1/C-C.skf
  /home/andersx/parameters/3ob-3-1/C-N.skf
  /home/andersx/parameters/3ob-3-1/C-H.skf
  /home/andersx/parameters/3ob-3-1/N-C.skf
  /home/andersx/parameters/3ob-3-1/N-N.skf
  /home/andersx/parameters/3ob-3-1/N-H.skf
  /home/andersx/parameters/3ob-3-1/H-C.skf
  /home/andersx/parameters/3ob-3-1/H-N.skf
  /home/andersx/parameters/3ob-3-1/H-H.skf
Done.

Starting initialization...
--------------------------------------------------------------------------------
Mode:                        Static calculation
Self consistent charges:     Yes
SCC-tolerance:                 0.100000E-05
Max. scc iterations:                    100
Ewald alpha parameter:         0.000000E+00
Spin polarisation:           No
Nr. of up electrons:            16.000000
Nr. of down electrons:          16.000000
Periodic boundaries:         No
Diagonalizer:                Divide and Conquer
Mixer:                       Anderson mixer
Mixing parameter:                  0.200000
Maximal SCC-cycles:                     100
Nr. of chrg. vectors to mix:              8
Electronic temperature:        0.100000E-07
Initial charges:             Set automatically (system chrg:   0.000E+00)
Included shells:              C:  s, p
                              N:  s, p
                              H:  s
Full 3rd order correction    Yes
Damped SCC                   Yes
Damped specie(s):            H                                                 
Extra options:
--------------------------------------------------------------------------------
 

********************************************************************************
** Geometry step: 0
********************************************************************************

  iSCC Total electronic   Diff electronic      SCC error    
    1   -0.13752052E+02    0.00000000E+00    0.32729751E+00
    2   -0.13752393E+02   -0.34162026E-03    0.32150417E+00
    3   -0.13759926E+02   -0.75323969E-02    0.10721328E+00
    4   -0.13759699E+02    0.22615390E-03    0.10775916E+00
    5   -0.13760078E+02   -0.37875513E-03    0.59503564E-01
    6   -0.13760526E+02   -0.44815983E-03    0.24070344E-01
    7   -0.13760475E+02    0.50876460E-04    0.23877366E-01
    8   -0.13760540E+02   -0.64077180E-04    0.41432460E-02
    9   -0.13760541E+02   -0.16198340E-05    0.14890642E-02
   10   -0.13760541E+02   -0.17584508E-06    0.47590585E-03
   11   -0.13760541E+02   -0.10666719E-07    0.16821336E-03
   12   -0.13760541E+02   -0.97064934E-09    0.32820251E-04
   13   -0.13760541E+02   -0.22374103E-09    0.11556983E-04
   14   -0.13760541E+02   -0.16999735E-11    0.20186362E-05
   15   -0.13760541E+02   -0.20072832E-12    0.25812772E-06
>> Charges saved for restart in charges.bin
 
 Total Energy:                     -13.5810396981 H
 Total Mermin free energy:         -13.5810396981 H
