================================================================================
==
==   Density Functional based Tight Binding with a lot of extensions (DFTB+)    
==
==                              Release: 1.2 (p2)
==
==                            (ParserVersion = 4)
==
================================================================================


********************************************************************************
** Parsing and initializing
********************************************************************************

Interpreting input file 'dftb_in.hsd'
--------------------------------------------------------------------------------
WARNING!
-> WriteHSDInput and WriteXMLInput both turned off. You won't eventually be 
 able to obtain the same results with a later version of the code!
Path: dftb_in/ParserOptions
Line: 76-79 (File: dftb_in.hsd)

Reading SK-files:
  /home/andersx/parameters/3ob-3-1/C-C.skf
  /home/andersx/parameters/3ob-3-1/C-O.skf
  /home/andersx/parameters/3ob-3-1/C-H.skf
  /home/andersx/parameters/3ob-3-1/O-C.skf
  /home/andersx/parameters/3ob-3-1/O-O.skf
  /home/andersx/parameters/3ob-3-1/O-H.skf
  /home/andersx/parameters/3ob-3-1/H-C.skf
  /home/andersx/parameters/3ob-3-1/H-O.skf
  /home/andersx/parameters/3ob-3-1/H-H.skf
Done.

Starting initialization...
--------------------------------------------------------------------------------
Mode:                        Static calculation
Self consistent charges:     Yes
SCC-tolerance:                 0.100000E-05
Max. scc iterations:                    100
Ewald alpha parameter:         0.000000E+00
Spin polarisation:           No
Nr. of up electrons:            20.000000
Nr. of down electrons:          20.000000
Periodic boundaries:         No
Diagonalizer:                Divide and Conquer
Mixer:                       Anderson mixer
Mixing parameter:                  0.200000
Maximal SCC-cycles:                     100
Nr. of chrg. vectors to mix:              8
Electronic temperature:        0.100000E-07
Initial charges:             Set automatically (system chrg:   0.000E+00)
Included shells:              C:  s, p
                              O:  s, p
                              H:  s
Full 3rd order correction    Yes
Damped SCC                   Yes
Damped specie(s):            H                                                 
Extra options:
--------------------------------------------------------------------------------
 

********************************************************************************
** Geometry step: 0
********************************************************************************

  iSCC Total electronic   Diff electronic      SCC error    
    1   -0.17340279E+02    0.00000000E+00    0.68782700E+00
    2   -0.17340976E+02   -0.69743549E-03    0.67561155E+00
    3   -0.17358437E+02   -0.17461042E-01    0.85064462E-01
    4   -0.17358595E+02   -0.15737559E-03    0.86871263E-01
    5   -0.17359138E+02   -0.54329366E-03    0.22663107E-01
    6   -0.17359132E+02    0.61983691E-05    0.17955910E-01
    7   -0.17359143E+02   -0.11179910E-04    0.88812676E-02
    8   -0.17359149E+02   -0.61819879E-05    0.44411660E-02
    9   -0.17359149E+02   -0.26209740E-06    0.32489815E-02
   10   -0.17359150E+02   -0.34992900E-06    0.29731573E-03
   11   -0.17359150E+02   -0.89463335E-08    0.18308009E-03
   12   -0.17359150E+02   -0.25844606E-08    0.22950397E-04
   13   -0.17359150E+02   -0.19724666E-10    0.36116066E-05
   14   -0.17359150E+02   -0.53290705E-13    0.56899646E-06
>> Charges saved for restart in charges.bin
 
 Total Energy:                     -17.3255529702 H
 Total Mermin free energy:         -17.3255529702 H
