================================================================================
==
==   Density Functional based Tight Binding with a lot of extensions (DFTB+)    
==
==                              Release: 1.2 (p2)
==
==                            (ParserVersion = 4)
==
================================================================================


********************************************************************************
** Parsing and initializing
********************************************************************************

Interpreting input file 'dftb_in.hsd'
--------------------------------------------------------------------------------
WARNING!
-> WriteHSDInput and WriteXMLInput both turned off. You won't eventually be 
 able to obtain the same results with a later version of the code!
Path: dftb_in/ParserOptions
Line: 74-77 (File: dftb_in.hsd)

Reading SK-files:
  /home/andersx/parameters/3ob-3-1/C-C.skf
  /home/andersx/parameters/3ob-3-1/C-O.skf
  /home/andersx/parameters/3ob-3-1/C-H.skf
  /home/andersx/parameters/3ob-3-1/O-C.skf
  /home/andersx/parameters/3ob-3-1/O-O.skf
  /home/andersx/parameters/3ob-3-1/O-H.skf
  /home/andersx/parameters/3ob-3-1/H-C.skf
  /home/andersx/parameters/3ob-3-1/H-O.skf
  /home/andersx/parameters/3ob-3-1/H-H.skf
Done.

Starting initialization...
--------------------------------------------------------------------------------
Mode:                        Static calculation
Self consistent charges:     Yes
SCC-tolerance:                 0.100000E-05
Max. scc iterations:                    100
Ewald alpha parameter:         0.000000E+00
Spin polarisation:           No
Nr. of up electrons:            19.000000
Nr. of down electrons:          19.000000
Periodic boundaries:         No
Diagonalizer:                Divide and Conquer
Mixer:                       Anderson mixer
Mixing parameter:                  0.200000
Maximal SCC-cycles:                     100
Nr. of chrg. vectors to mix:              8
Electronic temperature:        0.100000E-07
Initial charges:             Set automatically (system chrg:   0.000E+00)
Included shells:              C:  s, p
                              O:  s, p
                              H:  s
Full 3rd order correction    Yes
Damped SCC                   Yes
Damped specie(s):            H                                                 
Extra options:
--------------------------------------------------------------------------------
 

********************************************************************************
** Geometry step: 0
********************************************************************************

  iSCC Total electronic   Diff electronic      SCC error    
    1   -0.16647764E+02    0.00000000E+00    0.73011863E+00
    2   -0.16648612E+02   -0.84759032E-03    0.71678892E+00
    3   -0.16668080E+02   -0.19468119E-01    0.11632030E+00
    4   -0.16668451E+02   -0.37175712E-03    0.11876124E+00
    5   -0.16669465E+02   -0.10130756E-02    0.35453795E-01
    6   -0.16669464E+02    0.33199437E-06    0.36599578E-01
    7   -0.16669608E+02   -0.14385530E-03    0.11818004E-01
    8   -0.16669611E+02   -0.25223587E-05    0.98058312E-02
    9   -0.16669613E+02   -0.27941064E-05    0.50618403E-02
   10   -0.16669614E+02   -0.10154013E-05    0.19159103E-02
   11   -0.16669615E+02   -0.25433634E-06    0.43331774E-03
   12   -0.16669615E+02   -0.70123392E-08    0.99187265E-04
   13   -0.16669615E+02   -0.10037766E-08    0.11309836E-04
   14   -0.16669615E+02   -0.12320811E-10    0.39378923E-05
   15   -0.16669615E+02   -0.91660013E-12    0.10710855E-05
   16   -0.16669615E+02    0.00000000E+00    0.31360818E-06
>> Charges saved for restart in charges.bin
 
 Total Energy:                     -16.5475921648 H
 Total Mermin free energy:         -16.5475921648 H
