================================================================================
==
==   Density Functional based Tight Binding with a lot of extensions (DFTB+)    
==
==                              Release: 1.2 (p2)
==
==                            (ParserVersion = 4)
==
================================================================================


********************************************************************************
** Parsing and initializing
********************************************************************************

Interpreting input file 'dftb_in.hsd'
--------------------------------------------------------------------------------
WARNING!
-> WriteHSDInput and WriteXMLInput both turned off. You won't eventually be 
 able to obtain the same results with a later version of the code!
Path: dftb_in/ParserOptions
Line: 76-79 (File: dftb_in.hsd)

Reading SK-files:
  /home/andersx/parameters/3ob-3-1/C-C.skf
  /home/andersx/parameters/3ob-3-1/C-O.skf
  /home/andersx/parameters/3ob-3-1/C-H.skf
  /home/andersx/parameters/3ob-3-1/O-C.skf
  /home/andersx/parameters/3ob-3-1/O-O.skf
  /home/andersx/parameters/3ob-3-1/O-H.skf
  /home/andersx/parameters/3ob-3-1/H-C.skf
  /home/andersx/parameters/3ob-3-1/H-O.skf
  /home/andersx/parameters/3ob-3-1/H-H.skf
Done.

Starting initialization...
--------------------------------------------------------------------------------
Mode:                        Static calculation
Self consistent charges:     Yes
SCC-tolerance:                 0.100000E-05
Max. scc iterations:                    100
Ewald alpha parameter:         0.000000E+00
Spin polarisation:           No
Nr. of up electrons:            20.000000
Nr. of down electrons:          20.000000
Periodic boundaries:         No
Diagonalizer:                Divide and Conquer
Mixer:                       Anderson mixer
Mixing parameter:                  0.200000
Maximal SCC-cycles:                     100
Nr. of chrg. vectors to mix:              8
Electronic temperature:        0.100000E-07
Initial charges:             Set automatically (system chrg:   0.000E+00)
Included shells:              C:  s, p
                              O:  s, p
                              H:  s
Full 3rd order correction    Yes
Damped SCC                   Yes
Damped specie(s):            H                                                 
Extra options:
--------------------------------------------------------------------------------
 

********************************************************************************
** Geometry step: 0
********************************************************************************

  iSCC Total electronic   Diff electronic      SCC error    
    1   -0.17342553E+02    0.00000000E+00    0.67883482E+00
    2   -0.17342747E+02   -0.19398826E-03    0.66978599E+00
    3   -0.17348057E+02   -0.53092119E-02    0.63392047E-01
    4   -0.17347961E+02    0.95256190E-04    0.54352963E-01
    5   -0.17348091E+02   -0.12941799E-03    0.10171593E+00
    6   -0.17348281E+02   -0.19041644E-03    0.12947662E-01
    7   -0.17348278E+02    0.34657436E-05    0.18974404E-01
    8   -0.17348286E+02   -0.88532736E-05    0.74617418E-02
    9   -0.17348288E+02   -0.11742709E-05    0.15758202E-02
   10   -0.17348288E+02   -0.23570424E-06    0.13363280E-02
   11   -0.17348288E+02   -0.37172380E-06    0.38455168E-03
   12   -0.17348288E+02   -0.13647249E-07    0.19218459E-03
   13   -0.17348288E+02   -0.21323601E-08    0.47633793E-04
   14   -0.17348288E+02   -0.79673157E-10    0.43644799E-05
   15   -0.17348288E+02   -0.44764192E-12    0.10991746E-05
   16   -0.17348288E+02   -0.60396133E-13    0.14917050E-06
>> Charges saved for restart in charges.bin
 
 Total Energy:                     -17.2990530436 H
 Total Mermin free energy:         -17.2990530436 H
