================================================================================
==
==   Density Functional based Tight Binding with a lot of extensions (DFTB+)    
==
==                              Release: 1.2 (p2)
==
==                            (ParserVersion = 4)
==
================================================================================


********************************************************************************
** Parsing and initializing
********************************************************************************

Interpreting input file 'dftb_in.hsd'
--------------------------------------------------------------------------------
WARNING!
-> WriteHSDInput and WriteXMLInput both turned off. You won't eventually be 
 able to obtain the same results with a later version of the code!
Path: dftb_in/ParserOptions
Line: 78-81 (File: dftb_in.hsd)

Reading SK-files:
  /home/andersx/parameters/3ob-3-1/C-C.skf
  /home/andersx/parameters/3ob-3-1/C-O.skf
  /home/andersx/parameters/3ob-3-1/C-H.skf
  /home/andersx/parameters/3ob-3-1/O-C.skf
  /home/andersx/parameters/3ob-3-1/O-O.skf
  /home/andersx/parameters/3ob-3-1/O-H.skf
  /home/andersx/parameters/3ob-3-1/H-C.skf
  /home/andersx/parameters/3ob-3-1/H-O.skf
  /home/andersx/parameters/3ob-3-1/H-H.skf
Done.

Starting initialization...
--------------------------------------------------------------------------------
Mode:                        Static calculation
Self consistent charges:     Yes
SCC-tolerance:                 0.100000E-05
Max. scc iterations:                    100
Ewald alpha parameter:         0.000000E+00
Spin polarisation:           No
Nr. of up electrons:            21.000000
Nr. of down electrons:          21.000000
Periodic boundaries:         No
Diagonalizer:                Divide and Conquer
Mixer:                       Anderson mixer
Mixing parameter:                  0.200000
Maximal SCC-cycles:                     100
Nr. of chrg. vectors to mix:              8
Electronic temperature:        0.100000E-07
Initial charges:             Set automatically (system chrg:   0.000E+00)
Included shells:              C:  s, p
                              O:  s, p
                              H:  s
Full 3rd order correction    Yes
Damped SCC                   Yes
Damped specie(s):            H                                                 
Extra options:
--------------------------------------------------------------------------------
 

********************************************************************************
** Geometry step: 0
********************************************************************************

  iSCC Total electronic   Diff electronic      SCC error    
    1   -0.18045025E+02    0.00000000E+00    0.71050459E+00
    2   -0.18045174E+02   -0.14968591E-03    0.70119622E+00
    3   -0.18049224E+02   -0.40497836E-02    0.88844777E-01
    4   -0.18049147E+02    0.77135254E-04    0.77284236E-01
    5   -0.18049164E+02   -0.16941069E-04    0.13736975E+00
    6   -0.18049369E+02   -0.20469794E-03    0.25986227E-01
    7   -0.18049368E+02    0.23402480E-06    0.31659504E-01
    8   -0.18049377E+02   -0.83950894E-05    0.15557677E-01
    9   -0.18049377E+02   -0.28188342E-06    0.25540961E-02
   10   -0.18049377E+02   -0.29823752E-06    0.22355396E-02
   11   -0.18049378E+02   -0.77046959E-06    0.50640325E-03
   12   -0.18049378E+02   -0.51829794E-08    0.29344989E-03
   13   -0.18049378E+02   -0.21609274E-08    0.41132954E-04
   14   -0.18049378E+02   -0.97241326E-10    0.63814886E-05
   15   -0.18049378E+02   -0.36948222E-12    0.16706389E-05
   16   -0.18049378E+02   -0.63948846E-13    0.12230533E-06
>> Charges saved for restart in charges.bin
 
 Total Energy:                     -18.0931704302 H
 Total Mermin free energy:         -18.0931704302 H
