================================================================================
==
==   Density Functional based Tight Binding with a lot of extensions (DFTB+)    
==
==                              Release: 1.2 (p2)
==
==                            (ParserVersion = 4)
==
================================================================================


********************************************************************************
** Parsing and initializing
********************************************************************************

Interpreting input file 'dftb_in.hsd'
--------------------------------------------------------------------------------
WARNING!
-> WriteHSDInput and WriteXMLInput both turned off. You won't eventually be 
 able to obtain the same results with a later version of the code!
Path: dftb_in/ParserOptions
Line: 76-79 (File: dftb_in.hsd)

Reading SK-files:
  /home/andersx/parameters/3ob-3-1/C-C.skf
  /home/andersx/parameters/3ob-3-1/C-O.skf
  /home/andersx/parameters/3ob-3-1/C-H.skf
  /home/andersx/parameters/3ob-3-1/O-C.skf
  /home/andersx/parameters/3ob-3-1/O-O.skf
  /home/andersx/parameters/3ob-3-1/O-H.skf
  /home/andersx/parameters/3ob-3-1/H-C.skf
  /home/andersx/parameters/3ob-3-1/H-O.skf
  /home/andersx/parameters/3ob-3-1/H-H.skf
Done.

Starting initialization...
--------------------------------------------------------------------------------
Mode:                        Static calculation
Self consistent charges:     Yes
SCC-tolerance:                 0.100000E-05
Max. scc iterations:                    100
Ewald alpha parameter:         0.000000E+00
Spin polarisation:           No
Nr. of up electrons:            20.000000
Nr. of down electrons:          20.000000
Periodic boundaries:         No
Diagonalizer:                Divide and Conquer
Mixer:                       Anderson mixer
Mixing parameter:                  0.200000
Maximal SCC-cycles:                     100
Nr. of chrg. vectors to mix:              8
Electronic temperature:        0.100000E-07
Initial charges:             Set automatically (system chrg:   0.000E+00)
Included shells:              C:  s, p
                              O:  s, p
                              H:  s
Full 3rd order correction    Yes
Damped SCC                   Yes
Damped specie(s):            H                                                 
Extra options:
--------------------------------------------------------------------------------
 

********************************************************************************
** Geometry step: 0
********************************************************************************

  iSCC Total electronic   Diff electronic      SCC error    
    1   -0.17351094E+02    0.00000000E+00    0.74750940E+00
    2   -0.17351818E+02   -0.72418272E-03    0.73460558E+00
    3   -0.17369667E+02   -0.17848350E-01    0.14601616E+00
    4   -0.17369839E+02   -0.17204525E-03    0.14609808E+00
    5   -0.17370770E+02   -0.93092716E-03    0.31838402E-01
    6   -0.17370756E+02    0.13506231E-04    0.32029874E-01
    7   -0.17370763E+02   -0.67975258E-05    0.17865468E-01
    8   -0.17370786E+02   -0.22819623E-04    0.29963776E-02
    9   -0.17370786E+02   -0.48150792E-07    0.19390565E-02
   10   -0.17370786E+02   -0.16142702E-06    0.44328831E-03
   11   -0.17370786E+02   -0.11668430E-07    0.18116828E-03
   12   -0.17370786E+02   -0.37483829E-08    0.50265522E-04
   13   -0.17370786E+02   -0.99458219E-10    0.68687076E-05
   14   -0.17370786E+02   -0.28421709E-12    0.19210823E-05
   15   -0.17370786E+02   -0.74606987E-13    0.20668225E-06
>> Charges saved for restart in charges.bin
 
 Total Energy:                     -17.3379011680 H
 Total Mermin free energy:         -17.3379011680 H
