================================================================================
==
==   Density Functional based Tight Binding with a lot of extensions (DFTB+)    
==
==                              Release: 1.2 (p2)
==
==                            (ParserVersion = 4)
==
================================================================================


********************************************************************************
** Parsing and initializing
********************************************************************************

Interpreting input file 'dftb_in.hsd'
--------------------------------------------------------------------------------
WARNING!
-> WriteHSDInput and WriteXMLInput both turned off. You won't eventually be 
 able to obtain the same results with a later version of the code!
Path: dftb_in/ParserOptions
Line: 76-79 (File: dftb_in.hsd)

Reading SK-files:
  /home/andersx/parameters/3ob-3-1/C-C.skf
  /home/andersx/parameters/3ob-3-1/C-O.skf
  /home/andersx/parameters/3ob-3-1/C-H.skf
  /home/andersx/parameters/3ob-3-1/O-C.skf
  /home/andersx/parameters/3ob-3-1/O-O.skf
  /home/andersx/parameters/3ob-3-1/O-H.skf
  /home/andersx/parameters/3ob-3-1/H-C.skf
  /home/andersx/parameters/3ob-3-1/H-O.skf
  /home/andersx/parameters/3ob-3-1/H-H.skf
Done.

Starting initialization...
--------------------------------------------------------------------------------
Mode:                        Static calculation
Self consistent charges:     Yes
SCC-tolerance:                 0.100000E-05
Max. scc iterations:                    100
Ewald alpha parameter:         0.000000E+00
Spin polarisation:           No
Nr. of up electrons:            20.000000
Nr. of down electrons:          20.000000
Periodic boundaries:         No
Diagonalizer:                Divide and Conquer
Mixer:                       Anderson mixer
Mixing parameter:                  0.200000
Maximal SCC-cycles:                     100
Nr. of chrg. vectors to mix:              8
Electronic temperature:        0.100000E-07
Initial charges:             Set automatically (system chrg:   0.000E+00)
Included shells:              C:  s, p
                              O:  s, p
                              H:  s
Full 3rd order correction    Yes
Damped SCC                   Yes
Damped specie(s):            H                                                 
Extra options:
--------------------------------------------------------------------------------
 

********************************************************************************
** Geometry step: 0
********************************************************************************

  iSCC Total electronic   Diff electronic      SCC error    
    1   -0.17339277E+02    0.00000000E+00    0.74590021E+00
    2   -0.17340180E+02   -0.90327083E-03    0.73239723E+00
    3   -0.17359929E+02   -0.19748734E-01    0.11190560E+00
    4   -0.17360289E+02   -0.36007683E-03    0.11344806E+00
    5   -0.17361847E+02   -0.15580694E-02    0.58305818E-01
    6   -0.17361863E+02   -0.15829653E-04    0.54050829E-01
    7   -0.17361922E+02   -0.59499225E-04    0.85974790E-02
    8   -0.17361923E+02   -0.24714778E-06    0.90621415E-02
    9   -0.17361924E+02   -0.17599272E-05    0.58258235E-02
   10   -0.17361927E+02   -0.27864022E-05    0.59504758E-03
   11   -0.17361927E+02   -0.11504209E-07    0.72653078E-03
   12   -0.17361927E+02   -0.53135167E-08    0.18464024E-03
   13   -0.17361927E+02   -0.13036505E-08    0.66687863E-04
   14   -0.17361927E+02   -0.22238922E-09    0.89770867E-05
   15   -0.17361927E+02   -0.16093793E-11    0.18771015E-05
   16   -0.17361927E+02   -0.74606987E-13    0.18532416E-06
>> Charges saved for restart in charges.bin
 
 Total Energy:                     -17.3359513614 H
 Total Mermin free energy:         -17.3359513614 H
