================================================================================
==
==   Density Functional based Tight Binding with a lot of extensions (DFTB+)    
==
==                              Release: 1.2 (p2)
==
==                            (ParserVersion = 4)
==
================================================================================


********************************************************************************
** Parsing and initializing
********************************************************************************

Interpreting input file 'dftb_in.hsd'
--------------------------------------------------------------------------------
WARNING!
-> WriteHSDInput and WriteXMLInput both turned off. You won't eventually be 
 able to obtain the same results with a later version of the code!
Path: dftb_in/ParserOptions
Line: 72-75 (File: dftb_in.hsd)

Reading SK-files:
  /home/andersx/parameters/3ob-3-1/C-C.skf
  /home/andersx/parameters/3ob-3-1/C-O.skf
  /home/andersx/parameters/3ob-3-1/C-H.skf
  /home/andersx/parameters/3ob-3-1/O-C.skf
  /home/andersx/parameters/3ob-3-1/O-O.skf
  /home/andersx/parameters/3ob-3-1/O-H.skf
  /home/andersx/parameters/3ob-3-1/H-C.skf
  /home/andersx/parameters/3ob-3-1/H-O.skf
  /home/andersx/parameters/3ob-3-1/H-H.skf
Done.

Starting initialization...
--------------------------------------------------------------------------------
Mode:                        Static calculation
Self consistent charges:     Yes
SCC-tolerance:                 0.100000E-05
Max. scc iterations:                    100
Ewald alpha parameter:         0.000000E+00
Spin polarisation:           No
Nr. of up electrons:            18.000000
Nr. of down electrons:          18.000000
Periodic boundaries:         No
Diagonalizer:                Divide and Conquer
Mixer:                       Anderson mixer
Mixing parameter:                  0.200000
Maximal SCC-cycles:                     100
Nr. of chrg. vectors to mix:              8
Electronic temperature:        0.100000E-07
Initial charges:             Set automatically (system chrg:   0.000E+00)
Included shells:              C:  s, p
                              O:  s, p
                              H:  s
Full 3rd order correction    Yes
Damped SCC                   Yes
Damped specie(s):            H                                                 
Extra options:
--------------------------------------------------------------------------------
 

********************************************************************************
** Geometry step: 0
********************************************************************************

  iSCC Total electronic   Diff electronic      SCC error    
    1   -0.15991584E+02    0.00000000E+00    0.73085371E+00
    2   -0.15992484E+02   -0.89965268E-03    0.71751562E+00
    3   -0.16014257E+02   -0.21772510E-01    0.79500572E-01
    4   -0.16014532E+02   -0.27527202E-03    0.77292779E-01
    5   -0.16015235E+02   -0.70284235E-03    0.37068095E-01
    6   -0.16015268E+02   -0.33793596E-04    0.36755694E-01
    7   -0.16015347E+02   -0.78814715E-04    0.83328728E-02
    8   -0.16015356E+02   -0.91006576E-05    0.56976470E-02
    9   -0.16015357E+02   -0.29582549E-06    0.45464570E-02
   10   -0.16015357E+02   -0.49414451E-06    0.63379899E-03
   11   -0.16015357E+02   -0.18758303E-07    0.40163414E-03
   12   -0.16015357E+02   -0.16302277E-07    0.89183006E-04
   13   -0.16015357E+02   -0.41558934E-09    0.13088880E-04
   14   -0.16015357E+02   -0.85016438E-11    0.61726294E-05
   15   -0.16015357E+02   -0.44764192E-12    0.62535697E-06
>> Charges saved for restart in charges.bin
 
 Total Energy:                     -15.7507438134 H
 Total Mermin free energy:         -15.7507438134 H
