================================================================================
==
==   Density Functional based Tight Binding with a lot of extensions (DFTB+)    
==
==                              Release: 1.2 (p2)
==
==                            (ParserVersion = 4)
==
================================================================================


********************************************************************************
** Parsing and initializing
********************************************************************************

Interpreting input file 'dftb_in.hsd'
--------------------------------------------------------------------------------
WARNING!
-> WriteHSDInput and WriteXMLInput both turned off. You won't eventually be 
 able to obtain the same results with a later version of the code!
Path: dftb_in/ParserOptions
Line: 76-79 (File: dftb_in.hsd)

Reading SK-files:
  /home/andersx/parameters/3ob-3-1/C-C.skf
  /home/andersx/parameters/3ob-3-1/C-O.skf
  /home/andersx/parameters/3ob-3-1/C-H.skf
  /home/andersx/parameters/3ob-3-1/O-C.skf
  /home/andersx/parameters/3ob-3-1/O-O.skf
  /home/andersx/parameters/3ob-3-1/O-H.skf
  /home/andersx/parameters/3ob-3-1/H-C.skf
  /home/andersx/parameters/3ob-3-1/H-O.skf
  /home/andersx/parameters/3ob-3-1/H-H.skf
Done.

Starting initialization...
--------------------------------------------------------------------------------
Mode:                        Static calculation
Self consistent charges:     Yes
SCC-tolerance:                 0.100000E-05
Max. scc iterations:                    100
Ewald alpha parameter:         0.000000E+00
Spin polarisation:           No
Nr. of up electrons:            20.000000
Nr. of down electrons:          20.000000
Periodic boundaries:         No
Diagonalizer:                Divide and Conquer
Mixer:                       Anderson mixer
Mixing parameter:                  0.200000
Maximal SCC-cycles:                     100
Nr. of chrg. vectors to mix:              8
Electronic temperature:        0.100000E-07
Initial charges:             Set automatically (system chrg:   0.000E+00)
Included shells:              C:  s, p
                              O:  s, p
                              H:  s
Full 3rd order correction    Yes
Damped SCC                   Yes
Damped specie(s):            H                                                 
Extra options:
--------------------------------------------------------------------------------
 

********************************************************************************
** Geometry step: 0
********************************************************************************

  iSCC Total electronic   Diff electronic      SCC error    
    1   -0.17343654E+02    0.00000000E+00    0.72578444E+00
    2   -0.17344470E+02   -0.81577405E-03    0.71266720E+00
    3   -0.17362947E+02   -0.18476939E-01    0.12889232E+00
    4   -0.17363232E+02   -0.28486430E-03    0.12454793E+00
    5   -0.17364405E+02   -0.11730475E-02    0.38479071E-01
    6   -0.17364419E+02   -0.14589496E-04    0.33551383E-01
    7   -0.17364475E+02   -0.56033186E-04    0.10737404E-01
    8   -0.17364474E+02    0.16876000E-05    0.97287722E-02
    9   -0.17364474E+02   -0.68019459E-06    0.58876267E-02
   10   -0.17364477E+02   -0.21971944E-05    0.54412944E-03
   11   -0.17364477E+02   -0.14256152E-08    0.60004148E-03
   12   -0.17364477E+02   -0.81092111E-08    0.67903595E-04
   13   -0.17364477E+02   -0.90498276E-10    0.18609380E-04
   14   -0.17364477E+02   -0.87680974E-11    0.31088182E-05
   15   -0.17364477E+02   -0.30553338E-12    0.23009964E-06
>> Charges saved for restart in charges.bin
 
 Total Energy:                     -17.3340499742 H
 Total Mermin free energy:         -17.3340499742 H
