================================================================================
==
==   Density Functional based Tight Binding with a lot of extensions (DFTB+)    
==
==                              Release: 1.2 (p2)
==
==                            (ParserVersion = 4)
==
================================================================================


********************************************************************************
** Parsing and initializing
********************************************************************************

Interpreting input file 'dftb_in.hsd'
--------------------------------------------------------------------------------
WARNING!
-> WriteHSDInput and WriteXMLInput both turned off. You won't eventually be 
 able to obtain the same results with a later version of the code!
Path: dftb_in/ParserOptions
Line: 78-81 (File: dftb_in.hsd)

Reading SK-files:
  /home/andersx/parameters/3ob-3-1/C-C.skf
  /home/andersx/parameters/3ob-3-1/C-O.skf
  /home/andersx/parameters/3ob-3-1/C-H.skf
  /home/andersx/parameters/3ob-3-1/O-C.skf
  /home/andersx/parameters/3ob-3-1/O-O.skf
  /home/andersx/parameters/3ob-3-1/O-H.skf
  /home/andersx/parameters/3ob-3-1/H-C.skf
  /home/andersx/parameters/3ob-3-1/H-O.skf
  /home/andersx/parameters/3ob-3-1/H-H.skf
Done.

Starting initialization...
--------------------------------------------------------------------------------
Mode:                        Static calculation
Self consistent charges:     Yes
SCC-tolerance:                 0.100000E-05
Max. scc iterations:                    100
Ewald alpha parameter:         0.000000E+00
Spin polarisation:           No
Nr. of up electrons:            21.000000
Nr. of down electrons:          21.000000
Periodic boundaries:         No
Diagonalizer:                Divide and Conquer
Mixer:                       Anderson mixer
Mixing parameter:                  0.200000
Maximal SCC-cycles:                     100
Nr. of chrg. vectors to mix:              8
Electronic temperature:        0.100000E-07
Initial charges:             Set automatically (system chrg:   0.000E+00)
Included shells:              C:  s, p
                              O:  s, p
                              H:  s
Full 3rd order correction    Yes
Damped SCC                   Yes
Damped specie(s):            H                                                 
Extra options:
--------------------------------------------------------------------------------
 

********************************************************************************
** Geometry step: 0
********************************************************************************

  iSCC Total electronic   Diff electronic      SCC error    
    1   -0.18045221E+02    0.00000000E+00    0.69739840E+00
    2   -0.18045348E+02   -0.12675304E-03    0.68826715E+00
    3   -0.18048803E+02   -0.34551804E-02    0.72274145E-01
    4   -0.18048760E+02    0.42628939E-04    0.59628284E-01
    5   -0.18048771E+02   -0.10934957E-04    0.11823931E+00
    6   -0.18048881E+02   -0.11041356E-03    0.16421827E-01
    7   -0.18048871E+02    0.10319509E-04    0.16757993E-01
    8   -0.18048889E+02   -0.17782054E-04    0.12212953E-01
    9   -0.18048893E+02   -0.37377021E-05    0.17545324E-02
   10   -0.18048893E+02   -0.81893941E-07    0.15431615E-02
   11   -0.18048893E+02   -0.19875969E-06    0.14887742E-03
   12   -0.18048893E+02   -0.25834197E-08    0.10244993E-03
   13   -0.18048893E+02   -0.10665850E-08    0.14874936E-04
   14   -0.18048893E+02   -0.11191048E-10    0.26664132E-05
   15   -0.18048893E+02   -0.60396133E-13    0.74676576E-06
>> Charges saved for restart in charges.bin
 
 Total Energy:                     -18.0915432454 H
 Total Mermin free energy:         -18.0915432454 H
