================================================================================
==
==   Density Functional based Tight Binding with a lot of extensions (DFTB+)    
==
==                              Release: 1.2 (p2)
==
==                            (ParserVersion = 4)
==
================================================================================


********************************************************************************
** Parsing and initializing
********************************************************************************

Interpreting input file 'dftb_in.hsd'
--------------------------------------------------------------------------------
WARNING!
-> WriteHSDInput and WriteXMLInput both turned off. You won't eventually be 
 able to obtain the same results with a later version of the code!
Path: dftb_in/ParserOptions
Line: 80-83 (File: dftb_in.hsd)

Reading SK-files:
  /home/andersx/parameters/3ob-3-1/C-C.skf
  /home/andersx/parameters/3ob-3-1/C-O.skf
  /home/andersx/parameters/3ob-3-1/C-H.skf
  /home/andersx/parameters/3ob-3-1/O-C.skf
  /home/andersx/parameters/3ob-3-1/O-O.skf
  /home/andersx/parameters/3ob-3-1/O-H.skf
  /home/andersx/parameters/3ob-3-1/H-C.skf
  /home/andersx/parameters/3ob-3-1/H-O.skf
  /home/andersx/parameters/3ob-3-1/H-H.skf
Done.

Starting initialization...
--------------------------------------------------------------------------------
Mode:                        Static calculation
Self consistent charges:     Yes
SCC-tolerance:                 0.100000E-05
Max. scc iterations:                    100
Ewald alpha parameter:         0.000000E+00
Spin polarisation:           No
Nr. of up electrons:            22.000000
Nr. of down electrons:          22.000000
Periodic boundaries:         No
Diagonalizer:                Divide and Conquer
Mixer:                       Anderson mixer
Mixing parameter:                  0.200000
Maximal SCC-cycles:                     100
Nr. of chrg. vectors to mix:              8
Electronic temperature:        0.100000E-07
Initial charges:             Set automatically (system chrg:   0.000E+00)
Included shells:              C:  s, p
                              O:  s, p
                              H:  s
Full 3rd order correction    Yes
Damped SCC                   Yes
Damped specie(s):            H                                                 
Extra options:
--------------------------------------------------------------------------------
 

********************************************************************************
** Geometry step: 0
********************************************************************************

  iSCC Total electronic   Diff electronic      SCC error    
    1   -0.18734572E+02    0.00000000E+00    0.68351520E+00
    2   -0.18734700E+02   -0.12735139E-03    0.67454737E+00
    3   -0.18738307E+02   -0.36077800E-02    0.51986740E-01
    4   -0.18738274E+02    0.33307117E-04    0.39779460E-01
    5   -0.18738251E+02    0.23352226E-04    0.11687745E+00
    6   -0.18738359E+02   -0.10867301E-03    0.14129054E-01
    7   -0.18738358E+02    0.18504317E-05    0.79467136E-02
    8   -0.18738360E+02   -0.28774205E-05    0.77321201E-02
    9   -0.18738362E+02   -0.15032538E-05    0.76240945E-03
   10   -0.18738362E+02   -0.88527266E-08    0.64575210E-03
   11   -0.18738362E+02   -0.29107984E-07    0.10790049E-03
   12   -0.18738362E+02   -0.56150284E-09    0.64743623E-04
   13   -0.18738362E+02   -0.20290258E-09    0.88020561E-05
   14   -0.18738362E+02   -0.13489654E-10    0.11433879E-05
   15   -0.18738362E+02   -0.10658141E-13    0.40220168E-06
>> Charges saved for restart in charges.bin
 
 Total Energy:                     -18.8763086480 H
 Total Mermin free energy:         -18.8763086480 H
