================================================================================
==
==   Density Functional based Tight Binding with a lot of extensions (DFTB+)    
==
==                              Release: 1.2 (p2)
==
==                            (ParserVersion = 4)
==
================================================================================


********************************************************************************
** Parsing and initializing
********************************************************************************

Interpreting input file 'dftb_in.hsd'
--------------------------------------------------------------------------------
WARNING!
-> WriteHSDInput and WriteXMLInput both turned off. You won't eventually be 
 able to obtain the same results with a later version of the code!
Path: dftb_in/ParserOptions
Line: 78-81 (File: dftb_in.hsd)

Reading SK-files:
  /home/andersx/parameters/3ob-3-1/C-C.skf
  /home/andersx/parameters/3ob-3-1/C-O.skf
  /home/andersx/parameters/3ob-3-1/C-H.skf
  /home/andersx/parameters/3ob-3-1/O-C.skf
  /home/andersx/parameters/3ob-3-1/O-O.skf
  /home/andersx/parameters/3ob-3-1/O-H.skf
  /home/andersx/parameters/3ob-3-1/H-C.skf
  /home/andersx/parameters/3ob-3-1/H-O.skf
  /home/andersx/parameters/3ob-3-1/H-H.skf
Done.

Starting initialization...
--------------------------------------------------------------------------------
Mode:                        Static calculation
Self consistent charges:     Yes
SCC-tolerance:                 0.100000E-05
Max. scc iterations:                    100
Ewald alpha parameter:         0.000000E+00
Spin polarisation:           No
Nr. of up electrons:            21.000000
Nr. of down electrons:          21.000000
Periodic boundaries:         No
Diagonalizer:                Divide and Conquer
Mixer:                       Anderson mixer
Mixing parameter:                  0.200000
Maximal SCC-cycles:                     100
Nr. of chrg. vectors to mix:              8
Electronic temperature:        0.100000E-07
Initial charges:             Set automatically (system chrg:   0.000E+00)
Included shells:              C:  s, p
                              O:  s, p
                              H:  s
Full 3rd order correction    Yes
Damped SCC                   Yes
Damped specie(s):            H                                                 
Extra options:
--------------------------------------------------------------------------------
 

********************************************************************************
** Geometry step: 0
********************************************************************************

  iSCC Total electronic   Diff electronic      SCC error    
    1   -0.18032249E+02    0.00000000E+00    0.69189236E+00
    2   -0.18032932E+02   -0.68306099E-03    0.67969606E+00
    3   -0.18049733E+02   -0.16800944E-01    0.11109237E+00
    4   -0.18049898E+02   -0.16467412E-03    0.11214871E+00
    5   -0.18050584E+02   -0.68644271E-03    0.24392200E-01
    6   -0.18050573E+02    0.11917171E-04    0.29638125E-01
    7   -0.18050575E+02   -0.26426057E-05    0.15060039E-01
    8   -0.18050593E+02   -0.18102246E-04    0.19594810E-02
    9   -0.18050593E+02   -0.79313967E-07    0.13864486E-02
   10   -0.18050593E+02   -0.78501206E-07    0.37575209E-03
   11   -0.18050593E+02   -0.16343122E-08    0.21285109E-03
   12   -0.18050593E+02   -0.37557157E-09    0.32211745E-04
   13   -0.18050593E+02   -0.29839242E-10    0.52119736E-05
   14   -0.18050593E+02   -0.11191048E-11    0.95745545E-06
>> Charges saved for restart in charges.bin
 
 Total Energy:                     -18.1127389400 H
 Total Mermin free energy:         -18.1127389400 H
