================================================================================
==
==   Density Functional based Tight Binding with a lot of extensions (DFTB+)    
==
==                              Release: 1.2 (p2)
==
==                            (ParserVersion = 4)
==
================================================================================


********************************************************************************
** Parsing and initializing
********************************************************************************

Interpreting input file 'dftb_in.hsd'
--------------------------------------------------------------------------------
WARNING!
-> WriteHSDInput and WriteXMLInput both turned off. You won't eventually be 
 able to obtain the same results with a later version of the code!
Path: dftb_in/ParserOptions
Line: 78-81 (File: dftb_in.hsd)

Reading SK-files:
  /home/andersx/parameters/3ob-3-1/C-C.skf
  /home/andersx/parameters/3ob-3-1/C-O.skf
  /home/andersx/parameters/3ob-3-1/C-H.skf
  /home/andersx/parameters/3ob-3-1/O-C.skf
  /home/andersx/parameters/3ob-3-1/O-O.skf
  /home/andersx/parameters/3ob-3-1/O-H.skf
  /home/andersx/parameters/3ob-3-1/H-C.skf
  /home/andersx/parameters/3ob-3-1/H-O.skf
  /home/andersx/parameters/3ob-3-1/H-H.skf
Done.

Starting initialization...
--------------------------------------------------------------------------------
Mode:                        Static calculation
Self consistent charges:     Yes
SCC-tolerance:                 0.100000E-05
Max. scc iterations:                    100
Ewald alpha parameter:         0.000000E+00
Spin polarisation:           No
Nr. of up electrons:            21.000000
Nr. of down electrons:          21.000000
Periodic boundaries:         No
Diagonalizer:                Divide and Conquer
Mixer:                       Anderson mixer
Mixing parameter:                  0.200000
Maximal SCC-cycles:                     100
Nr. of chrg. vectors to mix:              8
Electronic temperature:        0.100000E-07
Initial charges:             Set automatically (system chrg:   0.000E+00)
Included shells:              C:  s, p
                              O:  s, p
                              H:  s
Full 3rd order correction    Yes
Damped SCC                   Yes
Damped specie(s):            H                                                 
Extra options:
--------------------------------------------------------------------------------
 

********************************************************************************
** Geometry step: 0
********************************************************************************

  iSCC Total electronic   Diff electronic      SCC error    
    1   -0.18034916E+02    0.00000000E+00    0.69272784E+00
    2   -0.18035575E+02   -0.65865486E-03    0.68056369E+00
    3   -0.18051902E+02   -0.16327775E-01    0.91986611E-01
    4   -0.18052023E+02   -0.12027046E-03    0.93231849E-01
    5   -0.18052585E+02   -0.56239037E-03    0.19477518E-01
    6   -0.18052580E+02    0.49349176E-05    0.12712119E-01
    7   -0.18052579E+02    0.88611214E-06    0.15246590E-01
    8   -0.18052589E+02   -0.96768607E-05    0.10375448E-02
    9   -0.18052589E+02   -0.15272359E-07    0.85692769E-03
   10   -0.18052589E+02   -0.78639395E-07    0.23669771E-03
   11   -0.18052589E+02   -0.35551651E-09    0.11914369E-03
   12   -0.18052589E+02   -0.15130297E-09    0.94202861E-05
   13   -0.18052589E+02   -0.14839685E-10    0.12079121E-05
   14   -0.18052589E+02   -0.85265128E-13    0.16315817E-06
>> Charges saved for restart in charges.bin
 
 Total Energy:                     -18.1149108173 H
 Total Mermin free energy:         -18.1149108173 H
