================================================================================
==
==   Density Functional based Tight Binding with a lot of extensions (DFTB+)    
==
==                              Release: 1.2 (p2)
==
==                            (ParserVersion = 4)
==
================================================================================


********************************************************************************
** Parsing and initializing
********************************************************************************

Interpreting input file 'dftb_in.hsd'
--------------------------------------------------------------------------------
WARNING!
-> WriteHSDInput and WriteXMLInput both turned off. You won't eventually be 
 able to obtain the same results with a later version of the code!
Path: dftb_in/ParserOptions
Line: 74-77 (File: dftb_in.hsd)

Reading SK-files:
  /home/andersx/parameters/3ob-3-1/C-C.skf
  /home/andersx/parameters/3ob-3-1/C-O.skf
  /home/andersx/parameters/3ob-3-1/C-H.skf
  /home/andersx/parameters/3ob-3-1/O-C.skf
  /home/andersx/parameters/3ob-3-1/O-O.skf
  /home/andersx/parameters/3ob-3-1/O-H.skf
  /home/andersx/parameters/3ob-3-1/H-C.skf
  /home/andersx/parameters/3ob-3-1/H-O.skf
  /home/andersx/parameters/3ob-3-1/H-H.skf
Done.

Starting initialization...
--------------------------------------------------------------------------------
Mode:                        Static calculation
Self consistent charges:     Yes
SCC-tolerance:                 0.100000E-05
Max. scc iterations:                    100
Ewald alpha parameter:         0.000000E+00
Spin polarisation:           No
Nr. of up electrons:            19.000000
Nr. of down electrons:          19.000000
Periodic boundaries:         No
Diagonalizer:                Divide and Conquer
Mixer:                       Anderson mixer
Mixing parameter:                  0.200000
Maximal SCC-cycles:                     100
Nr. of chrg. vectors to mix:              8
Electronic temperature:        0.100000E-07
Initial charges:             Set automatically (system chrg:   0.000E+00)
Included shells:              C:  s, p
                              O:  s, p
                              H:  s
Full 3rd order correction    Yes
Damped SCC                   Yes
Damped specie(s):            H                                                 
Extra options:
--------------------------------------------------------------------------------
 

********************************************************************************
** Geometry step: 0
********************************************************************************

  iSCC Total electronic   Diff electronic      SCC error    
    1   -0.16681088E+02    0.00000000E+00    0.70544812E+00
    2   -0.16681780E+02   -0.69246218E-03    0.69290633E+00
    3   -0.16699676E+02   -0.17895895E-01    0.97399543E-01
    4   -0.16699838E+02   -0.16172211E-03    0.99789318E-01
    5   -0.16700341E+02   -0.50325670E-03    0.27117162E-01
    6   -0.16700339E+02    0.24365193E-05    0.28414960E-01
    7   -0.16700373E+02   -0.34634848E-04    0.11040977E-01
    8   -0.16700376E+02   -0.29492431E-05    0.96628148E-02
    9   -0.16700378E+02   -0.17504643E-05    0.64911073E-02
   10   -0.16700379E+02   -0.13354177E-05    0.79613778E-03
   11   -0.16700379E+02   -0.18552424E-07    0.51694221E-03
   12   -0.16700379E+02   -0.11206414E-07    0.58140792E-04
   13   -0.16700379E+02   -0.19243629E-09    0.33638586E-04
   14   -0.16700379E+02   -0.73498541E-10    0.15742967E-05
   15   -0.16700379E+02   -0.12789769E-12    0.23638805E-06
>> Charges saved for restart in charges.bin
 
 Total Energy:                     -16.5334305020 H
 Total Mermin free energy:         -16.5334305020 H
