================================================================================
==
==   Density Functional based Tight Binding with a lot of extensions (DFTB+)    
==
==                              Release: 1.2 (p2)
==
==                            (ParserVersion = 4)
==
================================================================================


********************************************************************************
** Parsing and initializing
********************************************************************************

Interpreting input file 'dftb_in.hsd'
--------------------------------------------------------------------------------
WARNING!
-> WriteHSDInput and WriteXMLInput both turned off. You won't eventually be 
 able to obtain the same results with a later version of the code!
Path: dftb_in/ParserOptions
Line: 73-76 (File: dftb_in.hsd)

Reading SK-files:
  /home/andersx/parameters/3ob-3-1/C-C.skf
  /home/andersx/parameters/3ob-3-1/C-N.skf
  /home/andersx/parameters/3ob-3-1/C-H.skf
  /home/andersx/parameters/3ob-3-1/N-C.skf
  /home/andersx/parameters/3ob-3-1/N-N.skf
  /home/andersx/parameters/3ob-3-1/N-H.skf
  /home/andersx/parameters/3ob-3-1/H-C.skf
  /home/andersx/parameters/3ob-3-1/H-N.skf
  /home/andersx/parameters/3ob-3-1/H-H.skf
Done.

Starting initialization...
--------------------------------------------------------------------------------
Mode:                        Static calculation
Self consistent charges:     Yes
SCC-tolerance:                 0.100000E-05
Max. scc iterations:                    100
Ewald alpha parameter:         0.000000E+00
Spin polarisation:           No
Nr. of up electrons:            17.000000
Nr. of down electrons:          17.000000
Periodic boundaries:         No
Diagonalizer:                Divide and Conquer
Mixer:                       Anderson mixer
Mixing parameter:                  0.200000
Maximal SCC-cycles:                     100
Nr. of chrg. vectors to mix:              8
Electronic temperature:        0.100000E-07
Initial charges:             Set automatically (system chrg:   0.000E+00)
Included shells:              C:  s, p
                              N:  s, p
                              H:  s
Full 3rd order correction    Yes
Damped SCC                   Yes
Damped specie(s):            H                                                 
Extra options:
--------------------------------------------------------------------------------
 

********************************************************************************
** Geometry step: 0
********************************************************************************

  iSCC Total electronic   Diff electronic      SCC error    
    1   -0.14769050E+02    0.00000000E+00    0.77817484E+00
    2   -0.14769346E+02   -0.29577070E-03    0.76609759E+00
    3   -0.14776156E+02   -0.68094922E-02    0.84027522E-01
    4   -0.14775974E+02    0.18147849E-03    0.70619282E-01
    5   -0.14775873E+02    0.10064305E-03    0.13499825E+00
    6   -0.14776502E+02   -0.62834851E-03    0.25305926E-01
    7   -0.14776486E+02    0.15929177E-04    0.29998710E-01
    8   -0.14776491E+02   -0.47415594E-05    0.33773635E-01
    9   -0.14776529E+02   -0.37995393E-04    0.11804350E-01
   10   -0.14776529E+02   -0.71974547E-07    0.11865315E-01
   11   -0.14776530E+02   -0.17474941E-05    0.16958416E-02
   12   -0.14776530E+02   -0.42597181E-07    0.11113328E-02
   13   -0.14776531E+02   -0.29041178E-07    0.23180501E-03
   14   -0.14776531E+02   -0.13499548E-08    0.92117677E-04
   15   -0.14776531E+02   -0.21786839E-09    0.11652244E-04
   16   -0.14776531E+02   -0.65920602E-11    0.17085924E-05
   17   -0.14776531E+02   -0.35527137E-13    0.29574482E-06
>> Charges saved for restart in charges.bin
 
 Total Energy:                     -14.5787137137 H
 Total Mermin free energy:         -14.5787137137 H
