================================================================================
==
==   Density Functional based Tight Binding with a lot of extensions (DFTB+)    
==
==                              Release: 1.2 (p2)
==
==                            (ParserVersion = 4)
==
================================================================================


********************************************************************************
** Parsing and initializing
********************************************************************************

Interpreting input file 'dftb_in.hsd'
--------------------------------------------------------------------------------
WARNING!
-> WriteHSDInput and WriteXMLInput both turned off. You won't eventually be 
 able to obtain the same results with a later version of the code!
Path: dftb_in/ParserOptions
Line: 74-77 (File: dftb_in.hsd)

Reading SK-files:
  /home/andersx/parameters/3ob-3-1/C-C.skf
  /home/andersx/parameters/3ob-3-1/C-O.skf
  /home/andersx/parameters/3ob-3-1/C-H.skf
  /home/andersx/parameters/3ob-3-1/O-C.skf
  /home/andersx/parameters/3ob-3-1/O-O.skf
  /home/andersx/parameters/3ob-3-1/O-H.skf
  /home/andersx/parameters/3ob-3-1/H-C.skf
  /home/andersx/parameters/3ob-3-1/H-O.skf
  /home/andersx/parameters/3ob-3-1/H-H.skf
Done.

Starting initialization...
--------------------------------------------------------------------------------
Mode:                        Static calculation
Self consistent charges:     Yes
SCC-tolerance:                 0.100000E-05
Max. scc iterations:                    100
Ewald alpha parameter:         0.000000E+00
Spin polarisation:           No
Nr. of up electrons:            20.000000
Nr. of down electrons:          20.000000
Periodic boundaries:         No
Diagonalizer:                Divide and Conquer
Mixer:                       Anderson mixer
Mixing parameter:                  0.200000
Maximal SCC-cycles:                     100
Nr. of chrg. vectors to mix:              8
Electronic temperature:        0.100000E-07
Initial charges:             Set automatically (system chrg:   0.000E+00)
Included shells:              C:  s, p
                              O:  s, p
                              H:  s
Full 3rd order correction    Yes
Damped SCC                   Yes
Damped specie(s):            H                                                 
Extra options:
--------------------------------------------------------------------------------
 

********************************************************************************
** Geometry step: 0
********************************************************************************

  iSCC Total electronic   Diff electronic      SCC error    
    1   -0.18333759E+02    0.00000000E+00    0.94256922E+00
    2   -0.18334305E+02   -0.54516194E-03    0.92958832E+00
    3   -0.18348280E+02   -0.13975476E-01    0.14624030E+00
    4   -0.18348495E+02   -0.21470841E-03    0.14921504E+00
    5   -0.18349956E+02   -0.14610106E-02    0.22781929E-01
    6   -0.18349945E+02    0.10628752E-04    0.27621465E-01
    7   -0.18349971E+02   -0.25556422E-04    0.87054577E-02
    8   -0.18349983E+02   -0.12672659E-04    0.47704743E-02
    9   -0.18349983E+02   -0.13738926E-06    0.42448486E-02
   10   -0.18349984E+02   -0.67211772E-07    0.40136757E-03
   11   -0.18349984E+02   -0.18685643E-07    0.17432708E-03
   12   -0.18349984E+02   -0.55408051E-08    0.21916202E-04
   13   -0.18349984E+02   -0.23060664E-10    0.37867734E-05
   14   -0.18349984E+02   -0.67501560E-13    0.63778788E-06
>> Charges saved for restart in charges.bin
 
 Total Energy:                     -18.1941349673 H
 Total Mermin free energy:         -18.1941349673 H
