================================================================================
==
==   Density Functional based Tight Binding with a lot of extensions (DFTB+)    
==
==                              Release: 1.2 (p2)
==
==                            (ParserVersion = 4)
==
================================================================================


********************************************************************************
** Parsing and initializing
********************************************************************************

Interpreting input file 'dftb_in.hsd'
--------------------------------------------------------------------------------
WARNING!
-> WriteHSDInput and WriteXMLInput both turned off. You won't eventually be 
 able to obtain the same results with a later version of the code!
Path: dftb_in/ParserOptions
Line: 76-79 (File: dftb_in.hsd)

Reading SK-files:
  /home/andersx/parameters/3ob-3-1/C-C.skf
  /home/andersx/parameters/3ob-3-1/C-O.skf
  /home/andersx/parameters/3ob-3-1/C-H.skf
  /home/andersx/parameters/3ob-3-1/O-C.skf
  /home/andersx/parameters/3ob-3-1/O-O.skf
  /home/andersx/parameters/3ob-3-1/O-H.skf
  /home/andersx/parameters/3ob-3-1/H-C.skf
  /home/andersx/parameters/3ob-3-1/H-O.skf
  /home/andersx/parameters/3ob-3-1/H-H.skf
Done.

Starting initialization...
--------------------------------------------------------------------------------
Mode:                        Static calculation
Self consistent charges:     Yes
SCC-tolerance:                 0.100000E-05
Max. scc iterations:                    100
Ewald alpha parameter:         0.000000E+00
Spin polarisation:           No
Nr. of up electrons:            21.000000
Nr. of down electrons:          21.000000
Periodic boundaries:         No
Diagonalizer:                Divide and Conquer
Mixer:                       Anderson mixer
Mixing parameter:                  0.200000
Maximal SCC-cycles:                     100
Nr. of chrg. vectors to mix:              8
Electronic temperature:        0.100000E-07
Initial charges:             Set automatically (system chrg:   0.000E+00)
Included shells:              C:  s, p
                              O:  s, p
                              H:  s
Full 3rd order correction    Yes
Damped SCC                   Yes
Damped specie(s):            H                                                 
Extra options:
--------------------------------------------------------------------------------
 

********************************************************************************
** Geometry step: 0
********************************************************************************

  iSCC Total electronic   Diff electronic      SCC error    
    1   -0.19025612E+02    0.00000000E+00    0.92561312E+00
    2   -0.19026132E+02   -0.52012441E-03    0.91277008E+00
    3   -0.19039388E+02   -0.13256388E-01    0.14292120E+00
    4   -0.19039606E+02   -0.21799224E-03    0.14570294E+00
    5   -0.19041145E+02   -0.15384797E-02    0.23441759E-01
    6   -0.19041145E+02   -0.40705629E-07    0.21648988E-01
    7   -0.19041133E+02    0.12371513E-04    0.18283086E-01
    8   -0.19041153E+02   -0.20529205E-04    0.18123912E-02
    9   -0.19041153E+02   -0.40289905E-09    0.13335323E-02
   10   -0.19041154E+02   -0.49777323E-06    0.65403692E-03
   11   -0.19041154E+02   -0.64777943E-08    0.53427456E-03
   12   -0.19041154E+02   -0.60696657E-08    0.40705162E-04
   13   -0.19041154E+02   -0.13239188E-09    0.13789489E-04
   14   -0.19041154E+02   -0.50732751E-11    0.38286978E-05
   15   -0.19041154E+02   -0.42632564E-13    0.68890142E-06
>> Charges saved for restart in charges.bin
 
 Total Energy:                     -18.9830114436 H
 Total Mermin free energy:         -18.9830114436 H
