================================================================================
==
==   Density Functional based Tight Binding with a lot of extensions (DFTB+)    
==
==                              Release: 1.2 (p2)
==
==                            (ParserVersion = 4)
==
================================================================================


********************************************************************************
** Parsing and initializing
********************************************************************************

Interpreting input file 'dftb_in.hsd'
--------------------------------------------------------------------------------
WARNING!
-> WriteHSDInput and WriteXMLInput both turned off. You won't eventually be 
 able to obtain the same results with a later version of the code!
Path: dftb_in/ParserOptions
Line: 76-79 (File: dftb_in.hsd)

Reading SK-files:
  /home/andersx/parameters/3ob-3-1/C-C.skf
  /home/andersx/parameters/3ob-3-1/C-O.skf
  /home/andersx/parameters/3ob-3-1/C-H.skf
  /home/andersx/parameters/3ob-3-1/O-C.skf
  /home/andersx/parameters/3ob-3-1/O-O.skf
  /home/andersx/parameters/3ob-3-1/O-H.skf
  /home/andersx/parameters/3ob-3-1/H-C.skf
  /home/andersx/parameters/3ob-3-1/H-O.skf
  /home/andersx/parameters/3ob-3-1/H-H.skf
Done.

Starting initialization...
--------------------------------------------------------------------------------
Mode:                        Static calculation
Self consistent charges:     Yes
SCC-tolerance:                 0.100000E-05
Max. scc iterations:                    100
Ewald alpha parameter:         0.000000E+00
Spin polarisation:           No
Nr. of up electrons:            21.000000
Nr. of down electrons:          21.000000
Periodic boundaries:         No
Diagonalizer:                Divide and Conquer
Mixer:                       Anderson mixer
Mixing parameter:                  0.200000
Maximal SCC-cycles:                     100
Nr. of chrg. vectors to mix:              8
Electronic temperature:        0.100000E-07
Initial charges:             Set automatically (system chrg:   0.000E+00)
Included shells:              C:  s, p
                              O:  s, p
                              H:  s
Full 3rd order correction    Yes
Damped SCC                   Yes
Damped specie(s):            H                                                 
Extra options:
--------------------------------------------------------------------------------
 

********************************************************************************
** Geometry step: 0
********************************************************************************

  iSCC Total electronic   Diff electronic      SCC error    
    1   -0.19028050E+02    0.00000000E+00    0.93433907E+00
    2   -0.19028570E+02   -0.52008908E-03    0.92150447E+00
    3   -0.19042045E+02   -0.13475156E-01    0.14292860E+00
    4   -0.19042185E+02   -0.13956368E-03    0.14409484E+00
    5   -0.19043506E+02   -0.13210008E-02    0.21663464E-01
    6   -0.19043499E+02    0.74208451E-05    0.18290282E-01
    7   -0.19043506E+02   -0.73894248E-05    0.16601932E-01
    8   -0.19043515E+02   -0.89011598E-05    0.25963699E-02
    9   -0.19043515E+02   -0.22307547E-06    0.29719218E-02
   10   -0.19043516E+02   -0.89513568E-06    0.55848140E-03
   11   -0.19043516E+02   -0.12083365E-07    0.19270957E-03
   12   -0.19043516E+02   -0.26085516E-08    0.22189179E-04
   13   -0.19043516E+02   -0.22744473E-10    0.71670529E-05
   14   -0.19043516E+02   -0.94857455E-12    0.73405447E-06
>> Charges saved for restart in charges.bin
 
 Total Energy:                     -18.9842732743 H
 Total Mermin free energy:         -18.9842732743 H
