================================================================================
==
==   Density Functional based Tight Binding with a lot of extensions (DFTB+)    
==
==                              Release: 1.2 (p2)
==
==                            (ParserVersion = 4)
==
================================================================================


********************************************************************************
** Parsing and initializing
********************************************************************************

Interpreting input file 'dftb_in.hsd'
--------------------------------------------------------------------------------
WARNING!
-> WriteHSDInput and WriteXMLInput both turned off. You won't eventually be 
 able to obtain the same results with a later version of the code!
Path: dftb_in/ParserOptions
Line: 72-75 (File: dftb_in.hsd)

Reading SK-files:
  /home/andersx/parameters/3ob-3-1/C-C.skf
  /home/andersx/parameters/3ob-3-1/C-O.skf
  /home/andersx/parameters/3ob-3-1/C-H.skf
  /home/andersx/parameters/3ob-3-1/O-C.skf
  /home/andersx/parameters/3ob-3-1/O-O.skf
  /home/andersx/parameters/3ob-3-1/O-H.skf
  /home/andersx/parameters/3ob-3-1/H-C.skf
  /home/andersx/parameters/3ob-3-1/H-O.skf
  /home/andersx/parameters/3ob-3-1/H-H.skf
Done.

Starting initialization...
--------------------------------------------------------------------------------
Mode:                        Static calculation
Self consistent charges:     Yes
SCC-tolerance:                 0.100000E-05
Max. scc iterations:                    100
Ewald alpha parameter:         0.000000E+00
Spin polarisation:           No
Nr. of up electrons:            19.000000
Nr. of down electrons:          19.000000
Periodic boundaries:         No
Diagonalizer:                Divide and Conquer
Mixer:                       Anderson mixer
Mixing parameter:                  0.200000
Maximal SCC-cycles:                     100
Nr. of chrg. vectors to mix:              8
Electronic temperature:        0.100000E-07
Initial charges:             Set automatically (system chrg:   0.000E+00)
Included shells:              C:  s, p
                              O:  s, p
                              H:  s
Full 3rd order correction    Yes
Damped SCC                   Yes
Damped specie(s):            H                                                 
Extra options:
--------------------------------------------------------------------------------
 

********************************************************************************
** Geometry step: 0
********************************************************************************

  iSCC Total electronic   Diff electronic      SCC error    
    1   -0.17657140E+02    0.00000000E+00    0.94107152E+00
    2   -0.17657874E+02   -0.73397789E-03    0.92790588E+00
    3   -0.17676241E+02   -0.18366470E-01    0.16383515E+00
    4   -0.17676886E+02   -0.64506769E-03    0.17301955E+00
    5   -0.17678718E+02   -0.18316604E-02    0.59069637E-01
    6   -0.17678879E+02   -0.16143763E-03    0.50943466E-01
    7   -0.17678925E+02   -0.46308670E-04    0.26818936E-01
    8   -0.17678946E+02   -0.20845189E-04    0.62040268E-02
    9   -0.17678947E+02   -0.33083028E-06    0.54861008E-02
   10   -0.17678947E+02   -0.72033419E-06    0.63426462E-03
   11   -0.17678947E+02   -0.13792263E-07    0.57502175E-03
   12   -0.17678947E+02   -0.29640820E-07    0.48437819E-04
   13   -0.17678947E+02   -0.76017415E-10    0.17435884E-04
   14   -0.17678947E+02   -0.91588959E-11    0.99578217E-06
>> Charges saved for restart in charges.bin
 
 Total Energy:                     -17.3861248392 H
 Total Mermin free energy:         -17.3861248392 H
