================================================================================
==
==   Density Functional based Tight Binding with a lot of extensions (DFTB+)    
==
==                              Release: 1.2 (p2)
==
==                            (ParserVersion = 4)
==
================================================================================


********************************************************************************
** Parsing and initializing
********************************************************************************

Interpreting input file 'dftb_in.hsd'
--------------------------------------------------------------------------------
WARNING!
-> WriteHSDInput and WriteXMLInput both turned off. You won't eventually be 
 able to obtain the same results with a later version of the code!
Path: dftb_in/ParserOptions
Line: 72-75 (File: dftb_in.hsd)

Reading SK-files:
  /home/andersx/parameters/3ob-3-1/C-C.skf
  /home/andersx/parameters/3ob-3-1/C-O.skf
  /home/andersx/parameters/3ob-3-1/C-H.skf
  /home/andersx/parameters/3ob-3-1/O-C.skf
  /home/andersx/parameters/3ob-3-1/O-O.skf
  /home/andersx/parameters/3ob-3-1/O-H.skf
  /home/andersx/parameters/3ob-3-1/H-C.skf
  /home/andersx/parameters/3ob-3-1/H-O.skf
  /home/andersx/parameters/3ob-3-1/H-H.skf
Done.

Starting initialization...
--------------------------------------------------------------------------------
Mode:                        Static calculation
Self consistent charges:     Yes
SCC-tolerance:                 0.100000E-05
Max. scc iterations:                    100
Ewald alpha parameter:         0.000000E+00
Spin polarisation:           No
Nr. of up electrons:            19.000000
Nr. of down electrons:          19.000000
Periodic boundaries:         No
Diagonalizer:                Divide and Conquer
Mixer:                       Anderson mixer
Mixing parameter:                  0.200000
Maximal SCC-cycles:                     100
Nr. of chrg. vectors to mix:              8
Electronic temperature:        0.100000E-07
Initial charges:             Set automatically (system chrg:   0.000E+00)
Included shells:              C:  s, p
                              O:  s, p
                              H:  s
Full 3rd order correction    Yes
Damped SCC                   Yes
Damped specie(s):            H                                                 
Extra options:
--------------------------------------------------------------------------------
 

********************************************************************************
** Geometry step: 0
********************************************************************************

  iSCC Total electronic   Diff electronic      SCC error    
    1   -0.17678592E+02    0.00000000E+00    0.10179456E+01
    2   -0.17679090E+02   -0.49773386E-03    0.10043182E+01
    3   -0.17692861E+02   -0.13771252E-01    0.14590349E+00
    4   -0.17693066E+02   -0.20498382E-03    0.15004808E+00
    5   -0.17694191E+02   -0.11248797E-02    0.30645581E-01
    6   -0.17694218E+02   -0.27236803E-04    0.21963622E-01
    7   -0.17694221E+02   -0.24894376E-05    0.15866738E-01
    8   -0.17694233E+02   -0.12092499E-04    0.56959451E-02
    9   -0.17694233E+02    0.64398186E-07    0.57020255E-02
   10   -0.17694235E+02   -0.27001841E-05    0.81153418E-03
   11   -0.17694235E+02   -0.20972362E-07    0.63834806E-03
   12   -0.17694235E+02   -0.19785858E-07    0.33549799E-04
   13   -0.17694235E+02   -0.27639757E-09    0.13659311E-04
   14   -0.17694235E+02   -0.16513013E-10    0.11660999E-05
   15   -0.17694235E+02   -0.71054274E-13    0.47426362E-06
>> Charges saved for restart in charges.bin
 
 Total Energy:                     -17.4004399691 H
 Total Mermin free energy:         -17.4004399691 H
