================================================================================
==
==   Density Functional based Tight Binding with a lot of extensions (DFTB+)    
==
==                              Release: 1.2 (p2)
==
==                            (ParserVersion = 4)
==
================================================================================


********************************************************************************
** Parsing and initializing
********************************************************************************

Interpreting input file 'dftb_in.hsd'
--------------------------------------------------------------------------------
WARNING!
-> WriteHSDInput and WriteXMLInput both turned off. You won't eventually be 
 able to obtain the same results with a later version of the code!
Path: dftb_in/ParserOptions
Line: 72-75 (File: dftb_in.hsd)

Reading SK-files:
  /home/andersx/parameters/3ob-3-1/C-C.skf
  /home/andersx/parameters/3ob-3-1/C-O.skf
  /home/andersx/parameters/3ob-3-1/C-H.skf
  /home/andersx/parameters/3ob-3-1/O-C.skf
  /home/andersx/parameters/3ob-3-1/O-O.skf
  /home/andersx/parameters/3ob-3-1/O-H.skf
  /home/andersx/parameters/3ob-3-1/H-C.skf
  /home/andersx/parameters/3ob-3-1/H-O.skf
  /home/andersx/parameters/3ob-3-1/H-H.skf
Done.

Starting initialization...
--------------------------------------------------------------------------------
Mode:                        Static calculation
Self consistent charges:     Yes
SCC-tolerance:                 0.100000E-05
Max. scc iterations:                    100
Ewald alpha parameter:         0.000000E+00
Spin polarisation:           No
Nr. of up electrons:            18.000000
Nr. of down electrons:          18.000000
Periodic boundaries:         No
Diagonalizer:                Divide and Conquer
Mixer:                       Anderson mixer
Mixing parameter:                  0.200000
Maximal SCC-cycles:                     100
Nr. of chrg. vectors to mix:              8
Electronic temperature:        0.100000E-07
Initial charges:             Set automatically (system chrg:   0.000E+00)
Included shells:              C:  s, p
                              O:  s, p
                              H:  s
Full 3rd order correction    Yes
Damped SCC                   Yes
Damped specie(s):            H                                                 
Extra options:
--------------------------------------------------------------------------------
 

********************************************************************************
** Geometry step: 0
********************************************************************************

  iSCC Total electronic   Diff electronic      SCC error    
    1   -0.15967182E+02    0.00000000E+00    0.67240296E+00
    2   -0.15967917E+02   -0.73490480E-03    0.66049411E+00
    3   -0.15985853E+02   -0.17935662E-01    0.76427463E-01
    4   -0.15986108E+02   -0.25515089E-03    0.79140697E-01
    5   -0.15986990E+02   -0.88237259E-03    0.39998796E-01
    6   -0.15987025E+02   -0.35146767E-04    0.45053432E-01
    7   -0.15987076E+02   -0.50439061E-04    0.13475237E-01
    8   -0.15987082E+02   -0.62145980E-05    0.27509196E-02
    9   -0.15987082E+02   -0.47438056E-06    0.23893993E-02
   10   -0.15987083E+02   -0.86593126E-06    0.37504514E-03
   11   -0.15987083E+02   -0.74492572E-08    0.24926242E-03
   12   -0.15987083E+02   -0.23649580E-08    0.40543407E-04
   13   -0.15987083E+02   -0.17501911E-09    0.40894427E-05
   14   -0.15987083E+02   -0.33217873E-12    0.14190529E-05
   15   -0.15987083E+02   -0.35527137E-14    0.19416590E-06
>> Charges saved for restart in charges.bin
 
 Total Energy:                     -15.7248506768 H
 Total Mermin free energy:         -15.7248506768 H
