================================================================================
==
==   Density Functional based Tight Binding with a lot of extensions (DFTB+)    
==
==                              Release: 1.2 (p2)
==
==                            (ParserVersion = 4)
==
================================================================================


********************************************************************************
** Parsing and initializing
********************************************************************************

Interpreting input file 'dftb_in.hsd'
--------------------------------------------------------------------------------
WARNING!
-> WriteHSDInput and WriteXMLInput both turned off. You won't eventually be 
 able to obtain the same results with a later version of the code!
Path: dftb_in/ParserOptions
Line: 74-77 (File: dftb_in.hsd)

Reading SK-files:
  /home/andersx/parameters/3ob-3-1/C-C.skf
  /home/andersx/parameters/3ob-3-1/C-O.skf
  /home/andersx/parameters/3ob-3-1/C-H.skf
  /home/andersx/parameters/3ob-3-1/O-C.skf
  /home/andersx/parameters/3ob-3-1/O-O.skf
  /home/andersx/parameters/3ob-3-1/O-H.skf
  /home/andersx/parameters/3ob-3-1/H-C.skf
  /home/andersx/parameters/3ob-3-1/H-O.skf
  /home/andersx/parameters/3ob-3-1/H-H.skf
Done.

Starting initialization...
--------------------------------------------------------------------------------
Mode:                        Static calculation
Self consistent charges:     Yes
SCC-tolerance:                 0.100000E-05
Max. scc iterations:                    100
Ewald alpha parameter:         0.000000E+00
Spin polarisation:           No
Nr. of up electrons:            19.000000
Nr. of down electrons:          19.000000
Periodic boundaries:         No
Diagonalizer:                Divide and Conquer
Mixer:                       Anderson mixer
Mixing parameter:                  0.200000
Maximal SCC-cycles:                     100
Nr. of chrg. vectors to mix:              8
Electronic temperature:        0.100000E-07
Initial charges:             Set automatically (system chrg:   0.000E+00)
Included shells:              C:  s, p
                              O:  s, p
                              H:  s
Full 3rd order correction    Yes
Damped SCC                   Yes
Damped specie(s):            H                                                 
Extra options:
--------------------------------------------------------------------------------
 

********************************************************************************
** Geometry step: 0
********************************************************************************

  iSCC Total electronic   Diff electronic      SCC error    
    1   -0.16680271E+02    0.00000000E+00    0.67534395E+00
    2   -0.16680474E+02   -0.20269525E-03    0.66634362E+00
    3   -0.16685794E+02   -0.53200963E-02    0.79388419E-01
    4   -0.16685695E+02    0.99245855E-04    0.76343500E-01
    5   -0.16686004E+02   -0.30873499E-03    0.71160817E-01
    6   -0.16686157E+02   -0.15326595E-03    0.16356437E-01
    7   -0.16686161E+02   -0.37251331E-05    0.18960146E-01
    8   -0.16686170E+02   -0.94133917E-05    0.42959362E-02
    9   -0.16686170E+02   -0.97599500E-07    0.28727471E-02
   10   -0.16686170E+02   -0.86040838E-07    0.26235979E-02
   11   -0.16686170E+02   -0.10367149E-06    0.82747520E-03
   12   -0.16686170E+02   -0.69735769E-07    0.24255743E-03
   13   -0.16686170E+02   -0.21491680E-08    0.14544088E-03
   14   -0.16686170E+02   -0.82221518E-09    0.14395761E-04
   15   -0.16686170E+02   -0.86828322E-11    0.19444352E-05
   16   -0.16686170E+02   -0.10658141E-12    0.17432236E-06
>> Charges saved for restart in charges.bin
 
 Total Energy:                     -16.5011173627 H
 Total Mermin free energy:         -16.5011173627 H
