================================================================================
==
==   Density Functional based Tight Binding with a lot of extensions (DFTB+)    
==
==                              Release: 1.2 (p2)
==
==                            (ParserVersion = 4)
==
================================================================================


********************************************************************************
** Parsing and initializing
********************************************************************************

Interpreting input file 'dftb_in.hsd'
--------------------------------------------------------------------------------
WARNING!
-> WriteHSDInput and WriteXMLInput both turned off. You won't eventually be 
 able to obtain the same results with a later version of the code!
Path: dftb_in/ParserOptions
Line: 76-79 (File: dftb_in.hsd)

Reading SK-files:
  /home/andersx/parameters/3ob-3-1/C-C.skf
  /home/andersx/parameters/3ob-3-1/C-O.skf
  /home/andersx/parameters/3ob-3-1/C-H.skf
  /home/andersx/parameters/3ob-3-1/O-C.skf
  /home/andersx/parameters/3ob-3-1/O-O.skf
  /home/andersx/parameters/3ob-3-1/O-H.skf
  /home/andersx/parameters/3ob-3-1/H-C.skf
  /home/andersx/parameters/3ob-3-1/H-O.skf
  /home/andersx/parameters/3ob-3-1/H-H.skf
Done.

Starting initialization...
--------------------------------------------------------------------------------
Mode:                        Static calculation
Self consistent charges:     Yes
SCC-tolerance:                 0.100000E-05
Max. scc iterations:                    100
Ewald alpha parameter:         0.000000E+00
Spin polarisation:           No
Nr. of up electrons:            20.000000
Nr. of down electrons:          20.000000
Periodic boundaries:         No
Diagonalizer:                Divide and Conquer
Mixer:                       Anderson mixer
Mixing parameter:                  0.200000
Maximal SCC-cycles:                     100
Nr. of chrg. vectors to mix:              8
Electronic temperature:        0.100000E-07
Initial charges:             Set automatically (system chrg:   0.000E+00)
Included shells:              C:  s, p
                              O:  s, p
                              H:  s
Full 3rd order correction    Yes
Damped SCC                   Yes
Damped specie(s):            H                                                 
Extra options:
--------------------------------------------------------------------------------
 

********************************************************************************
** Geometry step: 0
********************************************************************************

  iSCC Total electronic   Diff electronic      SCC error    
    1   -0.17355275E+02    0.00000000E+00    0.47249758E+00
    2   -0.17355471E+02   -0.19635445E-03    0.46670942E+00
    3   -0.17360587E+02   -0.51162353E-02    0.66382640E-01
    4   -0.17360487E+02    0.10012797E-03    0.61720756E-01
    5   -0.17360889E+02   -0.40162379E-03    0.43898822E-01
    6   -0.17360925E+02   -0.36424723E-04    0.60166291E-02
    7   -0.17360926E+02   -0.27286441E-06    0.65961427E-02
    8   -0.17360930E+02   -0.46184317E-05    0.41097838E-02
    9   -0.17360930E+02    0.33012079E-06    0.61256506E-02
   10   -0.17360930E+02   -0.52094878E-06    0.38337370E-02
   11   -0.17360931E+02   -0.15609517E-06    0.92215790E-03
   12   -0.17360931E+02   -0.68623461E-07    0.25727063E-03
   13   -0.17360931E+02   -0.12931203E-08    0.15336162E-03
   14   -0.17360931E+02   -0.52982330E-09    0.12331769E-04
   15   -0.17360931E+02   -0.25401903E-11    0.41474575E-05
   16   -0.17360931E+02   -0.23803182E-12    0.36014370E-06
>> Charges saved for restart in charges.bin
 
 Total Energy:                     -17.3037165666 H
 Total Mermin free energy:         -17.3037165666 H
