================================================================================
==
==   Density Functional based Tight Binding with a lot of extensions (DFTB+)    
==
==                              Release: 1.2 (p2)
==
==                            (ParserVersion = 4)
==
================================================================================


********************************************************************************
** Parsing and initializing
********************************************************************************

Interpreting input file 'dftb_in.hsd'
--------------------------------------------------------------------------------
WARNING!
-> WriteHSDInput and WriteXMLInput both turned off. You won't eventually be 
 able to obtain the same results with a later version of the code!
Path: dftb_in/ParserOptions
Line: 78-81 (File: dftb_in.hsd)

Reading SK-files:
  /home/andersx/parameters/3ob-3-1/C-C.skf
  /home/andersx/parameters/3ob-3-1/C-O.skf
  /home/andersx/parameters/3ob-3-1/C-H.skf
  /home/andersx/parameters/3ob-3-1/O-C.skf
  /home/andersx/parameters/3ob-3-1/O-O.skf
  /home/andersx/parameters/3ob-3-1/O-H.skf
  /home/andersx/parameters/3ob-3-1/H-C.skf
  /home/andersx/parameters/3ob-3-1/H-O.skf
  /home/andersx/parameters/3ob-3-1/H-H.skf
Done.

Starting initialization...
--------------------------------------------------------------------------------
Mode:                        Static calculation
Self consistent charges:     Yes
SCC-tolerance:                 0.100000E-05
Max. scc iterations:                    100
Ewald alpha parameter:         0.000000E+00
Spin polarisation:           No
Nr. of up electrons:            21.000000
Nr. of down electrons:          21.000000
Periodic boundaries:         No
Diagonalizer:                Divide and Conquer
Mixer:                       Anderson mixer
Mixing parameter:                  0.200000
Maximal SCC-cycles:                     100
Nr. of chrg. vectors to mix:              8
Electronic temperature:        0.100000E-07
Initial charges:             Set automatically (system chrg:   0.000E+00)
Included shells:              C:  s, p
                              O:  s, p
                              H:  s
Full 3rd order correction    Yes
Damped SCC                   Yes
Damped specie(s):            H                                                 
Extra options:
--------------------------------------------------------------------------------
 

********************************************************************************
** Geometry step: 0
********************************************************************************

  iSCC Total electronic   Diff electronic      SCC error    
    1   -0.18039626E+02    0.00000000E+00    0.68903884E+00
    2   -0.18039774E+02   -0.14876831E-03    0.68000920E+00
    3   -0.18043383E+02   -0.36083454E-02    0.63854530E-01
    4   -0.18043284E+02    0.99033258E-04    0.60584745E-01
    5   -0.18043600E+02   -0.31662178E-03    0.11700012E+00
    6   -0.18043742E+02   -0.14126748E-03    0.26321371E-01
    7   -0.18043739E+02    0.26607709E-05    0.33994665E-01
    8   -0.18043753E+02   -0.13615807E-04    0.97286546E-02
    9   -0.18043753E+02   -0.55804275E-07    0.41584532E-02
   10   -0.18043753E+02   -0.30253640E-06    0.32655707E-02
   11   -0.18043753E+02   -0.35620882E-06    0.44855294E-03
   12   -0.18043753E+02   -0.44041393E-08    0.25271538E-03
   13   -0.18043753E+02   -0.17985045E-08    0.20925247E-04
   14   -0.18043753E+02   -0.17088553E-10    0.29659493E-05
   15   -0.18043753E+02   -0.15631940E-12    0.73293560E-06
>> Charges saved for restart in charges.bin
 
 Total Energy:                     -18.0865620972 H
 Total Mermin free energy:         -18.0865620972 H
