================================================================================
==
==   Density Functional based Tight Binding with a lot of extensions (DFTB+)    
==
==                              Release: 1.2 (p2)
==
==                            (ParserVersion = 4)
==
================================================================================


********************************************************************************
** Parsing and initializing
********************************************************************************

Interpreting input file 'dftb_in.hsd'
--------------------------------------------------------------------------------
WARNING!
-> WriteHSDInput and WriteXMLInput both turned off. You won't eventually be 
 able to obtain the same results with a later version of the code!
Path: dftb_in/ParserOptions
Line: 76-79 (File: dftb_in.hsd)

Reading SK-files:
  /home/andersx/parameters/3ob-3-1/C-C.skf
  /home/andersx/parameters/3ob-3-1/C-O.skf
  /home/andersx/parameters/3ob-3-1/C-H.skf
  /home/andersx/parameters/3ob-3-1/O-C.skf
  /home/andersx/parameters/3ob-3-1/O-O.skf
  /home/andersx/parameters/3ob-3-1/O-H.skf
  /home/andersx/parameters/3ob-3-1/H-C.skf
  /home/andersx/parameters/3ob-3-1/H-O.skf
  /home/andersx/parameters/3ob-3-1/H-H.skf
Done.

Starting initialization...
--------------------------------------------------------------------------------
Mode:                        Static calculation
Self consistent charges:     Yes
SCC-tolerance:                 0.100000E-05
Max. scc iterations:                    100
Ewald alpha parameter:         0.000000E+00
Spin polarisation:           No
Nr. of up electrons:            20.000000
Nr. of down electrons:          20.000000
Periodic boundaries:         No
Diagonalizer:                Divide and Conquer
Mixer:                       Anderson mixer
Mixing parameter:                  0.200000
Maximal SCC-cycles:                     100
Nr. of chrg. vectors to mix:              8
Electronic temperature:        0.100000E-07
Initial charges:             Set automatically (system chrg:   0.000E+00)
Included shells:              C:  s, p
                              O:  s, p
                              H:  s
Full 3rd order correction    Yes
Damped SCC                   Yes
Damped specie(s):            H                                                 
Extra options:
--------------------------------------------------------------------------------
 

********************************************************************************
** Geometry step: 0
********************************************************************************

  iSCC Total electronic   Diff electronic      SCC error    
    1   -0.17375587E+02    0.00000000E+00    0.68402039E+00
    2   -0.17375707E+02   -0.11940760E-03    0.67518698E+00
    3   -0.17379129E+02   -0.34217698E-02    0.54290724E-01
    4   -0.17379097E+02    0.31286823E-04    0.44990478E-01
    5   -0.17379168E+02   -0.70535436E-04    0.74175804E-01
    6   -0.17379212E+02   -0.44446448E-04    0.16253549E-01
    7   -0.17379211E+02    0.94006509E-06    0.20958932E-01
    8   -0.17379229E+02   -0.17315998E-04    0.41729656E-02
    9   -0.17379228E+02    0.11758202E-06    0.35037119E-02
   10   -0.17379229E+02   -0.39091852E-06    0.27814887E-03
   11   -0.17379229E+02   -0.22274378E-08    0.19524870E-03
   12   -0.17379229E+02   -0.14480577E-08    0.12952300E-04
   13   -0.17379229E+02   -0.92974517E-11    0.51232210E-05
   14   -0.17379229E+02   -0.30908609E-12    0.86885533E-06
>> Charges saved for restart in charges.bin
 
 Total Energy:                     -17.2886041065 H
 Total Mermin free energy:         -17.2886041065 H
