================================================================================
==
==   Density Functional based Tight Binding with a lot of extensions (DFTB+)    
==
==                              Release: 1.2 (p2)
==
==                            (ParserVersion = 4)
==
================================================================================


********************************************************************************
** Parsing and initializing
********************************************************************************

Interpreting input file 'dftb_in.hsd'
--------------------------------------------------------------------------------
WARNING!
-> WriteHSDInput and WriteXMLInput both turned off. You won't eventually be 
 able to obtain the same results with a later version of the code!
Path: dftb_in/ParserOptions
Line: 72-75 (File: dftb_in.hsd)

Reading SK-files:
  /home/andersx/parameters/3ob-3-1/C-C.skf
  /home/andersx/parameters/3ob-3-1/C-O.skf
  /home/andersx/parameters/3ob-3-1/C-H.skf
  /home/andersx/parameters/3ob-3-1/O-C.skf
  /home/andersx/parameters/3ob-3-1/O-O.skf
  /home/andersx/parameters/3ob-3-1/O-H.skf
  /home/andersx/parameters/3ob-3-1/H-C.skf
  /home/andersx/parameters/3ob-3-1/H-O.skf
  /home/andersx/parameters/3ob-3-1/H-H.skf
Done.

Starting initialization...
--------------------------------------------------------------------------------
Mode:                        Static calculation
Self consistent charges:     Yes
SCC-tolerance:                 0.100000E-05
Max. scc iterations:                    100
Ewald alpha parameter:         0.000000E+00
Spin polarisation:           No
Nr. of up electrons:            18.000000
Nr. of down electrons:          18.000000
Periodic boundaries:         No
Diagonalizer:                Divide and Conquer
Mixer:                       Anderson mixer
Mixing parameter:                  0.200000
Maximal SCC-cycles:                     100
Nr. of chrg. vectors to mix:              8
Electronic temperature:        0.100000E-07
Initial charges:             Set automatically (system chrg:   0.000E+00)
Included shells:              C:  s, p
                              O:  s, p
                              H:  s
Full 3rd order correction    Yes
Damped SCC                   Yes
Damped specie(s):            H                                                 
Extra options:
--------------------------------------------------------------------------------
 

********************************************************************************
** Geometry step: 0
********************************************************************************

  iSCC Total electronic   Diff electronic      SCC error    
    1   -0.15989884E+02    0.00000000E+00    0.77267582E+00
    2   -0.15990670E+02   -0.78558022E-03    0.75902943E+00
    3   -0.16009160E+02   -0.18490183E-01    0.14797537E+00
    4   -0.16009504E+02   -0.34362551E-03    0.14572101E+00
    5   -0.16010735E+02   -0.12315225E-02    0.42349273E-01
    6   -0.16010799E+02   -0.64259549E-04    0.41032310E-01
    7   -0.16010920E+02   -0.12083869E-03    0.12546088E-01
    8   -0.16010923E+02   -0.28812319E-05    0.74180775E-02
    9   -0.16010924E+02   -0.37125197E-06    0.62815332E-02
   10   -0.16010927E+02   -0.32951684E-05    0.15027619E-02
   11   -0.16010927E+02   -0.43818666E-07    0.61925410E-03
   12   -0.16010927E+02   -0.81336893E-08    0.10678789E-03
   13   -0.16010927E+02   -0.17443860E-08    0.30363340E-04
   14   -0.16010927E+02   -0.70986772E-10    0.26178085E-05
   15   -0.16010927E+02   -0.56843419E-12    0.85356851E-06
>> Charges saved for restart in charges.bin
 
 Total Energy:                     -15.7510405932 H
 Total Mermin free energy:         -15.7510405932 H
