================================================================================
==
==   Density Functional based Tight Binding with a lot of extensions (DFTB+)    
==
==                              Release: 1.2 (p2)
==
==                            (ParserVersion = 4)
==
================================================================================


********************************************************************************
** Parsing and initializing
********************************************************************************

Interpreting input file 'dftb_in.hsd'
--------------------------------------------------------------------------------
WARNING!
-> WriteHSDInput and WriteXMLInput both turned off. You won't eventually be 
 able to obtain the same results with a later version of the code!
Path: dftb_in/ParserOptions
Line: 74-77 (File: dftb_in.hsd)

Reading SK-files:
  /home/andersx/parameters/3ob-3-1/C-C.skf
  /home/andersx/parameters/3ob-3-1/C-O.skf
  /home/andersx/parameters/3ob-3-1/C-H.skf
  /home/andersx/parameters/3ob-3-1/O-C.skf
  /home/andersx/parameters/3ob-3-1/O-O.skf
  /home/andersx/parameters/3ob-3-1/O-H.skf
  /home/andersx/parameters/3ob-3-1/H-C.skf
  /home/andersx/parameters/3ob-3-1/H-O.skf
  /home/andersx/parameters/3ob-3-1/H-H.skf
Done.

Starting initialization...
--------------------------------------------------------------------------------
Mode:                        Static calculation
Self consistent charges:     Yes
SCC-tolerance:                 0.100000E-05
Max. scc iterations:                    100
Ewald alpha parameter:         0.000000E+00
Spin polarisation:           No
Nr. of up electrons:            19.000000
Nr. of down electrons:          19.000000
Periodic boundaries:         No
Diagonalizer:                Divide and Conquer
Mixer:                       Anderson mixer
Mixing parameter:                  0.200000
Maximal SCC-cycles:                     100
Nr. of chrg. vectors to mix:              8
Electronic temperature:        0.100000E-07
Initial charges:             Set automatically (system chrg:   0.000E+00)
Included shells:              C:  s, p
                              O:  s, p
                              H:  s
Full 3rd order correction    Yes
Damped SCC                   Yes
Damped specie(s):            H                                                 
Extra options:
--------------------------------------------------------------------------------
 

********************************************************************************
** Geometry step: 0
********************************************************************************

  iSCC Total electronic   Diff electronic      SCC error    
    1   -0.16678540E+02    0.00000000E+00    0.49181745E+00
    2   -0.16678756E+02   -0.21578445E-03    0.48665509E+00
    3   -0.16684913E+02   -0.61566872E-02    0.11282781E+00
    4   -0.16684866E+02    0.46716112E-04    0.10387749E+00
    5   -0.16685276E+02   -0.41044990E-03    0.20559446E-01
    6   -0.16685284E+02   -0.77410887E-05    0.12955297E-01
    7   -0.16685318E+02   -0.34141663E-04    0.15212930E-01
    8   -0.16685323E+02   -0.46178163E-05    0.32295402E-02
    9   -0.16685323E+02   -0.11325740E-06    0.26967222E-02
   10   -0.16685323E+02   -0.26523442E-06    0.10953118E-02
   11   -0.16685323E+02   -0.16310022E-07    0.84737261E-03
   12   -0.16685323E+02   -0.20005519E-07    0.17760136E-03
   13   -0.16685323E+02   -0.94404484E-09    0.11491006E-03
   14   -0.16685323E+02   -0.57340799E-10    0.83702376E-05
   15   -0.16685323E+02   -0.55848659E-11    0.20380517E-05
   16   -0.16685323E+02   -0.71054274E-13    0.69645236E-06
>> Charges saved for restart in charges.bin
 
 Total Energy:                     -16.4983824517 H
 Total Mermin free energy:         -16.4983824517 H
