================================================================================
==
==   Density Functional based Tight Binding with a lot of extensions (DFTB+)    
==
==                              Release: 1.2 (p2)
==
==                            (ParserVersion = 4)
==
================================================================================


********************************************************************************
** Parsing and initializing
********************************************************************************

Interpreting input file 'dftb_in.hsd'
--------------------------------------------------------------------------------
WARNING!
-> WriteHSDInput and WriteXMLInput both turned off. You won't eventually be 
 able to obtain the same results with a later version of the code!
Path: dftb_in/ParserOptions
Line: 78-81 (File: dftb_in.hsd)

Reading SK-files:
  /home/andersx/parameters/3ob-3-1/C-C.skf
  /home/andersx/parameters/3ob-3-1/C-O.skf
  /home/andersx/parameters/3ob-3-1/C-H.skf
  /home/andersx/parameters/3ob-3-1/O-C.skf
  /home/andersx/parameters/3ob-3-1/O-O.skf
  /home/andersx/parameters/3ob-3-1/O-H.skf
  /home/andersx/parameters/3ob-3-1/H-C.skf
  /home/andersx/parameters/3ob-3-1/H-O.skf
  /home/andersx/parameters/3ob-3-1/H-H.skf
Done.

Starting initialization...
--------------------------------------------------------------------------------
Mode:                        Static calculation
Self consistent charges:     Yes
SCC-tolerance:                 0.100000E-05
Max. scc iterations:                    100
Ewald alpha parameter:         0.000000E+00
Spin polarisation:           No
Nr. of up electrons:            21.000000
Nr. of down electrons:          21.000000
Periodic boundaries:         No
Diagonalizer:                Divide and Conquer
Mixer:                       Anderson mixer
Mixing parameter:                  0.200000
Maximal SCC-cycles:                     100
Nr. of chrg. vectors to mix:              8
Electronic temperature:        0.100000E-07
Initial charges:             Set automatically (system chrg:   0.000E+00)
Included shells:              C:  s, p
                              O:  s, p
                              H:  s
Full 3rd order correction    Yes
Damped SCC                   Yes
Damped specie(s):            H                                                 
Extra options:
--------------------------------------------------------------------------------
 

********************************************************************************
** Geometry step: 0
********************************************************************************

  iSCC Total electronic   Diff electronic      SCC error    
    1   -0.18043190E+02    0.00000000E+00    0.68123609E+00
    2   -0.18043324E+02   -0.13393471E-03    0.67228414E+00
    3   -0.18047028E+02   -0.37036259E-02    0.50613518E-01
    4   -0.18046982E+02    0.45933417E-04    0.40714006E-01
    5   -0.18047015E+02   -0.33419765E-04    0.10641098E+00
    6   -0.18047127E+02   -0.11124571E-03    0.16541382E-01
    7   -0.18047126E+02    0.70436824E-06    0.22229184E-01
    8   -0.18047134E+02   -0.79012897E-05    0.56189952E-02
    9   -0.18047133E+02    0.35537450E-06    0.31753570E-02
   10   -0.18047134E+02   -0.42938662E-06    0.10247226E-02
   11   -0.18047134E+02   -0.29818512E-07    0.29284311E-03
   12   -0.18047134E+02   -0.15067297E-07    0.64007114E-04
   13   -0.18047134E+02   -0.66311401E-10    0.15509553E-04
   14   -0.18047134E+02   -0.51016968E-11    0.16471234E-05
   15   -0.18047134E+02   -0.78159701E-13    0.17898780E-06
>> Charges saved for restart in charges.bin
 
 Total Energy:                     -18.0915850926 H
 Total Mermin free energy:         -18.0915850926 H
