================================================================================
==
==   Density Functional based Tight Binding with a lot of extensions (DFTB+)    
==
==                              Release: 1.2 (p2)
==
==                            (ParserVersion = 4)
==
================================================================================


********************************************************************************
** Parsing and initializing
********************************************************************************

Interpreting input file 'dftb_in.hsd'
--------------------------------------------------------------------------------
WARNING!
-> WriteHSDInput and WriteXMLInput both turned off. You won't eventually be 
 able to obtain the same results with a later version of the code!
Path: dftb_in/ParserOptions
Line: 76-79 (File: dftb_in.hsd)

Reading SK-files:
  /home/andersx/parameters/3ob-3-1/C-C.skf
  /home/andersx/parameters/3ob-3-1/C-O.skf
  /home/andersx/parameters/3ob-3-1/C-H.skf
  /home/andersx/parameters/3ob-3-1/O-C.skf
  /home/andersx/parameters/3ob-3-1/O-O.skf
  /home/andersx/parameters/3ob-3-1/O-H.skf
  /home/andersx/parameters/3ob-3-1/H-C.skf
  /home/andersx/parameters/3ob-3-1/H-O.skf
  /home/andersx/parameters/3ob-3-1/H-H.skf
Done.

Starting initialization...
--------------------------------------------------------------------------------
Mode:                        Static calculation
Self consistent charges:     Yes
SCC-tolerance:                 0.100000E-05
Max. scc iterations:                    100
Ewald alpha parameter:         0.000000E+00
Spin polarisation:           No
Nr. of up electrons:            20.000000
Nr. of down electrons:          20.000000
Periodic boundaries:         No
Diagonalizer:                Divide and Conquer
Mixer:                       Anderson mixer
Mixing parameter:                  0.200000
Maximal SCC-cycles:                     100
Nr. of chrg. vectors to mix:              8
Electronic temperature:        0.100000E-07
Initial charges:             Set automatically (system chrg:   0.000E+00)
Included shells:              C:  s, p
                              O:  s, p
                              H:  s
Full 3rd order correction    Yes
Damped SCC                   Yes
Damped specie(s):            H                                                 
Extra options:
--------------------------------------------------------------------------------
 

********************************************************************************
** Geometry step: 0
********************************************************************************

  iSCC Total electronic   Diff electronic      SCC error    
    1   -0.17372149E+02    0.00000000E+00    0.67413967E+00
    2   -0.17372316E+02   -0.16715635E-03    0.66527895E+00
    3   -0.17376933E+02   -0.46165997E-02    0.48037956E-01
    4   -0.17376870E+02    0.62990879E-04    0.51286784E-01
    5   -0.17376948E+02   -0.78603954E-04    0.77335749E-01
    6   -0.17377085E+02   -0.13640907E-03    0.17565891E-01
    7   -0.17377072E+02    0.13005445E-04    0.31394863E-01
    8   -0.17377101E+02   -0.29305223E-04    0.71932259E-02
    9   -0.17377102E+02   -0.11195087E-05    0.33703538E-02
   10   -0.17377102E+02   -0.67610664E-07    0.33623378E-02
   11   -0.17377102E+02   -0.20153202E-06    0.40602743E-03
   12   -0.17377102E+02   -0.64459229E-08    0.22781245E-03
   13   -0.17377102E+02   -0.27477931E-08    0.10699911E-04
   14   -0.17377102E+02   -0.17706725E-10    0.28872639E-05
   15   -0.17377102E+02   -0.35527137E-12    0.52123463E-06
>> Charges saved for restart in charges.bin
 
 Total Energy:                     -17.2863283181 H
 Total Mermin free energy:         -17.2863283181 H
