================================================================================
==
==   Density Functional based Tight Binding with a lot of extensions (DFTB+)    
==
==                              Release: 1.2 (p2)
==
==                            (ParserVersion = 4)
==
================================================================================


********************************************************************************
** Parsing and initializing
********************************************************************************

Interpreting input file 'dftb_in.hsd'
--------------------------------------------------------------------------------
WARNING!
-> WriteHSDInput and WriteXMLInput both turned off. You won't eventually be 
 able to obtain the same results with a later version of the code!
Path: dftb_in/ParserOptions
Line: 69-72 (File: dftb_in.hsd)

Reading SK-files:
  /home/andersx/parameters/3ob-3-1/C-C.skf
  /home/andersx/parameters/3ob-3-1/C-N.skf
  /home/andersx/parameters/3ob-3-1/C-H.skf
  /home/andersx/parameters/3ob-3-1/N-C.skf
  /home/andersx/parameters/3ob-3-1/N-N.skf
  /home/andersx/parameters/3ob-3-1/N-H.skf
  /home/andersx/parameters/3ob-3-1/H-C.skf
  /home/andersx/parameters/3ob-3-1/H-N.skf
  /home/andersx/parameters/3ob-3-1/H-H.skf
Done.

Starting initialization...
--------------------------------------------------------------------------------
Mode:                        Static calculation
Self consistent charges:     Yes
SCC-tolerance:                 0.100000E-05
Max. scc iterations:                    100
Ewald alpha parameter:         0.000000E+00
Spin polarisation:           No
Nr. of up electrons:            15.000000
Nr. of down electrons:          15.000000
Periodic boundaries:         No
Diagonalizer:                Divide and Conquer
Mixer:                       Anderson mixer
Mixing parameter:                  0.200000
Maximal SCC-cycles:                     100
Nr. of chrg. vectors to mix:              8
Electronic temperature:        0.100000E-07
Initial charges:             Set automatically (system chrg:   0.000E+00)
Included shells:              C:  s, p
                              N:  s, p
                              H:  s
Full 3rd order correction    Yes
Damped SCC                   Yes
Damped specie(s):            H                                                 
Extra options:
--------------------------------------------------------------------------------
 

********************************************************************************
** Geometry step: 0
********************************************************************************

  iSCC Total electronic   Diff electronic      SCC error    
    1   -0.13321256E+02    0.00000000E+00    0.38955436E+00
    2   -0.13322677E+02   -0.14206840E-02    0.38013691E+00
    3   -0.13349517E+02   -0.26840137E-01    0.20411459E+00
    4   -0.13349515E+02    0.17690823E-05    0.20015010E+00
    5   -0.13349737E+02   -0.22122954E-03    0.13567190E-01
    6   -0.13349721E+02    0.15176217E-04    0.12628665E-01
    7   -0.13349766E+02   -0.44421692E-04    0.13781436E-01
    8   -0.13349780E+02   -0.14423430E-04    0.57811114E-02
    9   -0.13349781E+02   -0.66883213E-06    0.93913148E-02
   10   -0.13349782E+02   -0.13603704E-05    0.12799194E-02
   11   -0.13349782E+02   -0.36526295E-07    0.12903595E-03
   12   -0.13349782E+02   -0.14278250E-08    0.18029241E-04
   13   -0.13349782E+02   -0.26824765E-10    0.16458132E-06
>> Charges saved for restart in charges.bin
 
 Total Energy:                     -13.0254895869 H
 Total Mermin free energy:         -13.0254895869 H
