================================================================================
==
==   Density Functional based Tight Binding with a lot of extensions (DFTB+)    
==
==                              Release: 1.2 (p2)
==
==                            (ParserVersion = 4)
==
================================================================================


********************************************************************************
** Parsing and initializing
********************************************************************************

Interpreting input file 'dftb_in.hsd'
--------------------------------------------------------------------------------
WARNING!
-> WriteHSDInput and WriteXMLInput both turned off. You won't eventually be 
 able to obtain the same results with a later version of the code!
Path: dftb_in/ParserOptions
Line: 72-75 (File: dftb_in.hsd)

Reading SK-files:
  /home/andersx/parameters/3ob-3-1/C-C.skf
  /home/andersx/parameters/3ob-3-1/C-O.skf
  /home/andersx/parameters/3ob-3-1/C-H.skf
  /home/andersx/parameters/3ob-3-1/O-C.skf
  /home/andersx/parameters/3ob-3-1/O-O.skf
  /home/andersx/parameters/3ob-3-1/O-H.skf
  /home/andersx/parameters/3ob-3-1/H-C.skf
  /home/andersx/parameters/3ob-3-1/H-O.skf
  /home/andersx/parameters/3ob-3-1/H-H.skf
Done.

Starting initialization...
--------------------------------------------------------------------------------
Mode:                        Static calculation
Self consistent charges:     Yes
SCC-tolerance:                 0.100000E-05
Max. scc iterations:                    100
Ewald alpha parameter:         0.000000E+00
Spin polarisation:           No
Nr. of up electrons:            19.000000
Nr. of down electrons:          19.000000
Periodic boundaries:         No
Diagonalizer:                Divide and Conquer
Mixer:                       Anderson mixer
Mixing parameter:                  0.200000
Maximal SCC-cycles:                     100
Nr. of chrg. vectors to mix:              8
Electronic temperature:        0.100000E-07
Initial charges:             Set automatically (system chrg:   0.000E+00)
Included shells:              C:  s, p
                              O:  s, p
                              H:  s
Full 3rd order correction    Yes
Damped SCC                   Yes
Damped specie(s):            H                                                 
Extra options:
--------------------------------------------------------------------------------
 

********************************************************************************
** Geometry step: 0
********************************************************************************

  iSCC Total electronic   Diff electronic      SCC error    
    1   -0.17555114E+02    0.00000000E+00    0.72198842E+00
    2   -0.17556477E+02   -0.13628309E-02    0.70939185E+00
    3   -0.17593404E+02   -0.36926743E-01    0.10527873E+00
    4   -0.17593908E+02   -0.50478907E-03    0.11115668E+00
    5   -0.17593442E+02    0.46596374E-03    0.93458517E-01
    6   -0.17594224E+02   -0.78126271E-03    0.51663337E-01
    7   -0.17594244E+02   -0.20808406E-04    0.48306493E-01
    8   -0.17594314E+02   -0.69882060E-04    0.45923447E-02
    9   -0.17594315E+02   -0.34459255E-06    0.40842407E-02
   10   -0.17594315E+02   -0.64566730E-06    0.95468076E-03
   11   -0.17594315E+02   -0.31746097E-07    0.53334528E-03
   12   -0.17594315E+02   -0.26707529E-07    0.58432954E-04
   13   -0.17594315E+02   -0.25534774E-09    0.17697238E-04
   14   -0.17594315E+02   -0.23590019E-11    0.62206143E-05
   15   -0.17594315E+02   -0.20961011E-12    0.52202274E-06
>> Charges saved for restart in charges.bin
 
 Total Energy:                     -17.3904148777 H
 Total Mermin free energy:         -17.3904148777 H
