================================================================================
==
==   Density Functional based Tight Binding with a lot of extensions (DFTB+)    
==
==                              Release: 1.2 (p2)
==
==                            (ParserVersion = 4)
==
================================================================================


********************************************************************************
** Parsing and initializing
********************************************************************************

Interpreting input file 'dftb_in.hsd'
--------------------------------------------------------------------------------
WARNING!
-> WriteHSDInput and WriteXMLInput both turned off. You won't eventually be 
 able to obtain the same results with a later version of the code!
Path: dftb_in/ParserOptions
Line: 74-77 (File: dftb_in.hsd)

Reading SK-files:
  /home/andersx/parameters/3ob-3-1/C-C.skf
  /home/andersx/parameters/3ob-3-1/C-O.skf
  /home/andersx/parameters/3ob-3-1/C-H.skf
  /home/andersx/parameters/3ob-3-1/O-C.skf
  /home/andersx/parameters/3ob-3-1/O-O.skf
  /home/andersx/parameters/3ob-3-1/O-H.skf
  /home/andersx/parameters/3ob-3-1/H-C.skf
  /home/andersx/parameters/3ob-3-1/H-O.skf
  /home/andersx/parameters/3ob-3-1/H-H.skf
Done.

Starting initialization...
--------------------------------------------------------------------------------
Mode:                        Static calculation
Self consistent charges:     Yes
SCC-tolerance:                 0.100000E-05
Max. scc iterations:                    100
Ewald alpha parameter:         0.000000E+00
Spin polarisation:           No
Nr. of up electrons:            20.000000
Nr. of down electrons:          20.000000
Periodic boundaries:         No
Diagonalizer:                Divide and Conquer
Mixer:                       Anderson mixer
Mixing parameter:                  0.200000
Maximal SCC-cycles:                     100
Nr. of chrg. vectors to mix:              8
Electronic temperature:        0.100000E-07
Initial charges:             Set automatically (system chrg:   0.000E+00)
Included shells:              C:  s, p
                              O:  s, p
                              H:  s
Full 3rd order correction    Yes
Damped SCC                   Yes
Damped specie(s):            H                                                 
Extra options:
--------------------------------------------------------------------------------
 

********************************************************************************
** Geometry step: 0
********************************************************************************

  iSCC Total electronic   Diff electronic      SCC error    
    1   -0.18292273E+02    0.00000000E+00    0.84277319E+00
    2   -0.18292845E+02   -0.57127059E-03    0.83112509E+00
    3   -0.18308986E+02   -0.16141307E-01    0.88529489E-01
    4   -0.18309144E+02   -0.15815370E-03    0.88589883E-01
    5   -0.18309997E+02   -0.85303580E-03    0.27168841E-01
    6   -0.18309996E+02    0.12098672E-05    0.28963611E-01
    7   -0.18310021E+02   -0.25034772E-04    0.88397300E-02
    8   -0.18310020E+02    0.68221507E-06    0.38975900E-02
    9   -0.18310021E+02   -0.65514299E-06    0.27344009E-02
   10   -0.18310022E+02   -0.72082771E-06    0.64848498E-03
   11   -0.18310022E+02   -0.17461289E-07    0.35845367E-03
   12   -0.18310022E+02   -0.65117298E-08    0.46255239E-04
   13   -0.18310022E+02   -0.93052677E-10    0.20129682E-05
   14   -0.18310022E+02   -0.15987212E-12    0.77608773E-06
>> Charges saved for restart in charges.bin
 
 Total Energy:                     -18.1697002722 H
 Total Mermin free energy:         -18.1697002722 H
