================================================================================
==
==   Density Functional based Tight Binding with a lot of extensions (DFTB+)    
==
==                              Release: 1.2 (p2)
==
==                            (ParserVersion = 4)
==
================================================================================


********************************************************************************
** Parsing and initializing
********************************************************************************

Interpreting input file 'dftb_in.hsd'
--------------------------------------------------------------------------------
WARNING!
-> WriteHSDInput and WriteXMLInput both turned off. You won't eventually be 
 able to obtain the same results with a later version of the code!
Path: dftb_in/ParserOptions
Line: 76-79 (File: dftb_in.hsd)

Reading SK-files:
  /home/andersx/parameters/3ob-3-1/C-C.skf
  /home/andersx/parameters/3ob-3-1/C-O.skf
  /home/andersx/parameters/3ob-3-1/C-H.skf
  /home/andersx/parameters/3ob-3-1/O-C.skf
  /home/andersx/parameters/3ob-3-1/O-O.skf
  /home/andersx/parameters/3ob-3-1/O-H.skf
  /home/andersx/parameters/3ob-3-1/H-C.skf
  /home/andersx/parameters/3ob-3-1/H-O.skf
  /home/andersx/parameters/3ob-3-1/H-H.skf
Done.

Starting initialization...
--------------------------------------------------------------------------------
Mode:                        Static calculation
Self consistent charges:     Yes
SCC-tolerance:                 0.100000E-05
Max. scc iterations:                    100
Ewald alpha parameter:         0.000000E+00
Spin polarisation:           No
Nr. of up electrons:            21.000000
Nr. of down electrons:          21.000000
Periodic boundaries:         No
Diagonalizer:                Divide and Conquer
Mixer:                       Anderson mixer
Mixing parameter:                  0.200000
Maximal SCC-cycles:                     100
Nr. of chrg. vectors to mix:              8
Electronic temperature:        0.100000E-07
Initial charges:             Set automatically (system chrg:   0.000E+00)
Included shells:              C:  s, p
                              O:  s, p
                              H:  s
Full 3rd order correction    Yes
Damped SCC                   Yes
Damped specie(s):            H                                                 
Extra options:
--------------------------------------------------------------------------------
 

********************************************************************************
** Geometry step: 0
********************************************************************************

  iSCC Total electronic   Diff electronic      SCC error    
    1   -0.18992151E+02    0.00000000E+00    0.84919621E+00
    2   -0.18992719E+02   -0.56746625E-03    0.83756304E+00
    3   -0.19007871E+02   -0.15152335E-01    0.11249076E+00
    4   -0.19008037E+02   -0.16646458E-03    0.99670258E-01
    5   -0.19009240E+02   -0.12021343E-02    0.40763068E-01
    6   -0.19009215E+02    0.24634367E-04    0.43992718E-01
    7   -0.19009316E+02   -0.10143982E-03    0.56055773E-02
    8   -0.19009318E+02   -0.20303895E-05    0.41500064E-02
    9   -0.19009320E+02   -0.17170703E-05    0.15068489E-02
   10   -0.19009320E+02   -0.13232657E-06    0.80780588E-03
   11   -0.19009320E+02   -0.23949095E-07    0.24035858E-03
   12   -0.19009320E+02   -0.15898536E-08    0.32274273E-04
   13   -0.19009320E+02   -0.22026825E-10    0.37640881E-05
   14   -0.19009320E+02   -0.99475983E-13    0.72477633E-06
>> Charges saved for restart in charges.bin
 
 Total Energy:                     -18.9643439934 H
 Total Mermin free energy:         -18.9643439934 H
