================================================================================
==
==   Density Functional based Tight Binding with a lot of extensions (DFTB+)    
==
==                              Release: 1.2 (p2)
==
==                            (ParserVersion = 4)
==
================================================================================


********************************************************************************
** Parsing and initializing
********************************************************************************

Interpreting input file 'dftb_in.hsd'
--------------------------------------------------------------------------------
WARNING!
-> WriteHSDInput and WriteXMLInput both turned off. You won't eventually be 
 able to obtain the same results with a later version of the code!
Path: dftb_in/ParserOptions
Line: 74-77 (File: dftb_in.hsd)

Reading SK-files:
  /home/andersx/parameters/3ob-3-1/C-C.skf
  /home/andersx/parameters/3ob-3-1/C-O.skf
  /home/andersx/parameters/3ob-3-1/C-H.skf
  /home/andersx/parameters/3ob-3-1/O-C.skf
  /home/andersx/parameters/3ob-3-1/O-O.skf
  /home/andersx/parameters/3ob-3-1/O-H.skf
  /home/andersx/parameters/3ob-3-1/H-C.skf
  /home/andersx/parameters/3ob-3-1/H-O.skf
  /home/andersx/parameters/3ob-3-1/H-H.skf
Done.

Starting initialization...
--------------------------------------------------------------------------------
Mode:                        Static calculation
Self consistent charges:     Yes
SCC-tolerance:                 0.100000E-05
Max. scc iterations:                    100
Ewald alpha parameter:         0.000000E+00
Spin polarisation:           No
Nr. of up electrons:            20.000000
Nr. of down electrons:          20.000000
Periodic boundaries:         No
Diagonalizer:                Divide and Conquer
Mixer:                       Anderson mixer
Mixing parameter:                  0.200000
Maximal SCC-cycles:                     100
Nr. of chrg. vectors to mix:              8
Electronic temperature:        0.100000E-07
Initial charges:             Set automatically (system chrg:   0.000E+00)
Included shells:              C:  s, p
                              O:  s, p
                              H:  s
Full 3rd order correction    Yes
Damped SCC                   Yes
Damped specie(s):            H                                                 
Extra options:
--------------------------------------------------------------------------------
 

********************************************************************************
** Geometry step: 0
********************************************************************************

  iSCC Total electronic   Diff electronic      SCC error    
    1   -0.18256188E+02    0.00000000E+00    0.69964397E+00
    2   -0.18257557E+02   -0.13692585E-02    0.68725273E+00
    3   -0.18293619E+02   -0.36062196E-01    0.11536468E+00
    4   -0.18293826E+02   -0.20678011E-03    0.11718714E+00
    5   -0.18294119E+02   -0.29350837E-03    0.19738173E-01
    6   -0.18294143E+02   -0.23406274E-04    0.12910098E-01
    7   -0.18294144E+02   -0.13576769E-05    0.11803060E-01
    8   -0.18294149E+02   -0.50434851E-05    0.11928589E-02
    9   -0.18294149E+02   -0.61802936E-08    0.79951802E-03
   10   -0.18294149E+02   -0.85104940E-07    0.16440283E-03
   11   -0.18294149E+02   -0.45430326E-09    0.78637893E-04
   12   -0.18294149E+02   -0.21853097E-09    0.10307754E-04
   13   -0.18294149E+02   -0.46611603E-11    0.86419602E-06
>> Charges saved for restart in charges.bin
 
 Total Energy:                     -18.1766597993 H
 Total Mermin free energy:         -18.1766597993 H
