================================================================================
==
==   Density Functional based Tight Binding with a lot of extensions (DFTB+)    
==
==                              Release: 1.2 (p2)
==
==                            (ParserVersion = 4)
==
================================================================================


********************************************************************************
** Parsing and initializing
********************************************************************************

Interpreting input file 'dftb_in.hsd'
--------------------------------------------------------------------------------
WARNING!
-> WriteHSDInput and WriteXMLInput both turned off. You won't eventually be 
 able to obtain the same results with a later version of the code!
Path: dftb_in/ParserOptions
Line: 70-73 (File: dftb_in.hsd)

Reading SK-files:
  /home/andersx/parameters/3ob-3-1/C-C.skf
  /home/andersx/parameters/3ob-3-1/C-O.skf
  /home/andersx/parameters/3ob-3-1/C-H.skf
  /home/andersx/parameters/3ob-3-1/O-C.skf
  /home/andersx/parameters/3ob-3-1/O-O.skf
  /home/andersx/parameters/3ob-3-1/O-H.skf
  /home/andersx/parameters/3ob-3-1/H-C.skf
  /home/andersx/parameters/3ob-3-1/H-O.skf
  /home/andersx/parameters/3ob-3-1/H-H.skf
Done.

Starting initialization...
--------------------------------------------------------------------------------
Mode:                        Static calculation
Self consistent charges:     Yes
SCC-tolerance:                 0.100000E-05
Max. scc iterations:                    100
Ewald alpha parameter:         0.000000E+00
Spin polarisation:           No
Nr. of up electrons:            18.000000
Nr. of down electrons:          18.000000
Periodic boundaries:         No
Diagonalizer:                Divide and Conquer
Mixer:                       Anderson mixer
Mixing parameter:                  0.200000
Maximal SCC-cycles:                     100
Nr. of chrg. vectors to mix:              8
Electronic temperature:        0.100000E-07
Initial charges:             Set automatically (system chrg:   0.000E+00)
Included shells:              C:  s, p
                              O:  s, p
                              H:  s
Full 3rd order correction    Yes
Damped SCC                   Yes
Damped specie(s):            H                                                 
Extra options:
--------------------------------------------------------------------------------
 

********************************************************************************
** Geometry step: 0
********************************************************************************

  iSCC Total electronic   Diff electronic      SCC error    
    1   -0.16904142E+02    0.00000000E+00    0.73755549E+00
    2   -0.16905532E+02   -0.13898578E-02    0.72551261E+00
    3   -0.16945404E+02   -0.39871651E-01    0.95845443E-01
    4   -0.16945803E+02   -0.39922892E-03    0.79766408E-01
    5   -0.16945428E+02    0.37510260E-03    0.98149356E-01
    6   -0.16946001E+02   -0.57336363E-03    0.31651051E-01
    7   -0.16946021E+02   -0.19145454E-04    0.31093868E-01
    8   -0.16946074E+02   -0.53580329E-04    0.66231311E-02
    9   -0.16946074E+02   -0.10464855E-06    0.62174880E-02
   10   -0.16946076E+02   -0.13973723E-05    0.25251476E-02
   11   -0.16946076E+02   -0.39042828E-06    0.86428060E-03
   12   -0.16946076E+02   -0.66397170E-07    0.14090889E-03
   13   -0.16946076E+02   -0.12566659E-08    0.79423357E-04
   14   -0.16946076E+02   -0.32644820E-09    0.24723675E-05
   15   -0.16946076E+02   -0.11155521E-11    0.80893945E-06
>> Charges saved for restart in charges.bin
 
 Total Energy:                     -16.5955960093 H
 Total Mermin free energy:         -16.5955960093 H
