================================================================================
==
==   Density Functional based Tight Binding with a lot of extensions (DFTB+)    
==
==                              Release: 1.2 (p2)
==
==                            (ParserVersion = 4)
==
================================================================================


********************************************************************************
** Parsing and initializing
********************************************************************************

Interpreting input file 'dftb_in.hsd'
--------------------------------------------------------------------------------
WARNING!
-> WriteHSDInput and WriteXMLInput both turned off. You won't eventually be 
 able to obtain the same results with a later version of the code!
Path: dftb_in/ParserOptions
Line: 78-81 (File: dftb_in.hsd)

Reading SK-files:
  /home/andersx/parameters/3ob-3-1/C-C.skf
  /home/andersx/parameters/3ob-3-1/C-O.skf
  /home/andersx/parameters/3ob-3-1/C-H.skf
  /home/andersx/parameters/3ob-3-1/O-C.skf
  /home/andersx/parameters/3ob-3-1/O-O.skf
  /home/andersx/parameters/3ob-3-1/O-H.skf
  /home/andersx/parameters/3ob-3-1/H-C.skf
  /home/andersx/parameters/3ob-3-1/H-O.skf
  /home/andersx/parameters/3ob-3-1/H-H.skf
Done.

Starting initialization...
--------------------------------------------------------------------------------
Mode:                        Static calculation
Self consistent charges:     Yes
SCC-tolerance:                 0.100000E-05
Max. scc iterations:                    100
Ewald alpha parameter:         0.000000E+00
Spin polarisation:           No
Nr. of up electrons:            22.000000
Nr. of down electrons:          22.000000
Periodic boundaries:         No
Diagonalizer:                Divide and Conquer
Mixer:                       Anderson mixer
Mixing parameter:                  0.200000
Maximal SCC-cycles:                     100
Nr. of chrg. vectors to mix:              8
Electronic temperature:        0.100000E-07
Initial charges:             Set automatically (system chrg:   0.000E+00)
Included shells:              C:  s, p
                              O:  s, p
                              H:  s
Full 3rd order correction    Yes
Damped SCC                   Yes
Damped specie(s):            H                                                 
Extra options:
--------------------------------------------------------------------------------
 

********************************************************************************
** Geometry step: 0
********************************************************************************

  iSCC Total electronic   Diff electronic      SCC error    
    1   -0.19663337E+02    0.00000000E+00    0.68964242E+00
    2   -0.19663585E+02   -0.24811446E-03    0.68066316E+00
    3   -0.19670113E+02   -0.65280262E-02    0.59156187E-01
    4   -0.19670002E+02    0.11062039E-03    0.57241234E-01
    5   -0.19670069E+02   -0.66228895E-04    0.10672039E+00
    6   -0.19670351E+02   -0.28195777E-03    0.13849587E-01
    7   -0.19670352E+02   -0.15282800E-05    0.11256739E-01
    8   -0.19670353E+02   -0.55757243E-06    0.95127368E-02
    9   -0.19670354E+02   -0.13905810E-05    0.57145835E-03
   10   -0.19670354E+02   -0.12665030E-07    0.52384109E-03
   11   -0.19670354E+02   -0.35300321E-07    0.11145943E-03
   12   -0.19670354E+02   -0.72434858E-09    0.61852740E-04
   13   -0.19670354E+02   -0.28377301E-09    0.11686137E-04
   14   -0.19670354E+02   -0.35313974E-11    0.95997860E-06
>> Charges saved for restart in charges.bin
 
 Total Energy:                     -19.7073491740 H
 Total Mermin free energy:         -19.7073491740 H
