================================================================================
==
==   Density Functional based Tight Binding with a lot of extensions (DFTB+)    
==
==                              Release: 1.2 (p2)
==
==                            (ParserVersion = 4)
==
================================================================================


********************************************************************************
** Parsing and initializing
********************************************************************************

Interpreting input file 'dftb_in.hsd'
--------------------------------------------------------------------------------
WARNING!
-> WriteHSDInput and WriteXMLInput both turned off. You won't eventually be 
 able to obtain the same results with a later version of the code!
Path: dftb_in/ParserOptions
Line: 76-79 (File: dftb_in.hsd)

Reading SK-files:
  /home/andersx/parameters/3ob-3-1/C-C.skf
  /home/andersx/parameters/3ob-3-1/C-O.skf
  /home/andersx/parameters/3ob-3-1/C-H.skf
  /home/andersx/parameters/3ob-3-1/O-C.skf
  /home/andersx/parameters/3ob-3-1/O-O.skf
  /home/andersx/parameters/3ob-3-1/O-H.skf
  /home/andersx/parameters/3ob-3-1/H-C.skf
  /home/andersx/parameters/3ob-3-1/H-O.skf
  /home/andersx/parameters/3ob-3-1/H-H.skf
Done.

Starting initialization...
--------------------------------------------------------------------------------
Mode:                        Static calculation
Self consistent charges:     Yes
SCC-tolerance:                 0.100000E-05
Max. scc iterations:                    100
Ewald alpha parameter:         0.000000E+00
Spin polarisation:           No
Nr. of up electrons:            21.000000
Nr. of down electrons:          21.000000
Periodic boundaries:         No
Diagonalizer:                Divide and Conquer
Mixer:                       Anderson mixer
Mixing parameter:                  0.200000
Maximal SCC-cycles:                     100
Nr. of chrg. vectors to mix:              8
Electronic temperature:        0.100000E-07
Initial charges:             Set automatically (system chrg:   0.000E+00)
Included shells:              C:  s, p
                              O:  s, p
                              H:  s
Full 3rd order correction    Yes
Damped SCC                   Yes
Damped specie(s):            H                                                 
Extra options:
--------------------------------------------------------------------------------
 

********************************************************************************
** Geometry step: 0
********************************************************************************

  iSCC Total electronic   Diff electronic      SCC error    
    1   -0.18987985E+02    0.00000000E+00    0.84341447E+00
    2   -0.18988552E+02   -0.56693904E-03    0.83181128E+00
    3   -0.19004263E+02   -0.15711125E-01    0.88958336E-01
    4   -0.19004415E+02   -0.15164602E-03    0.92204235E-01
    5   -0.19005302E+02   -0.88753050E-03    0.24953011E-01
    6   -0.19005298E+02    0.43977858E-05    0.24436138E-01
    7   -0.19005320E+02   -0.22136910E-04    0.76086804E-02
    8   -0.19005320E+02    0.20705316E-06    0.26262885E-02
    9   -0.19005320E+02   -0.12200506E-06    0.25260142E-02
   10   -0.19005320E+02   -0.39160525E-06    0.83003081E-03
   11   -0.19005320E+02    0.73754336E-09    0.49830801E-03
   12   -0.19005320E+02   -0.16538959E-07    0.91388094E-04
   13   -0.19005320E+02   -0.10904699E-09    0.59111767E-04
   14   -0.19005320E+02   -0.55205618E-10    0.18713883E-05
   15   -0.19005320E+02   -0.19539925E-12    0.36151703E-06
>> Charges saved for restart in charges.bin
 
 Total Energy:                     -18.9596005370 H
 Total Mermin free energy:         -18.9596005370 H
