================================================================================
==
==   Density Functional based Tight Binding with a lot of extensions (DFTB+)    
==
==                              Release: 1.2 (p2)
==
==                            (ParserVersion = 4)
==
================================================================================


********************************************************************************
** Parsing and initializing
********************************************************************************

Interpreting input file 'dftb_in.hsd'
--------------------------------------------------------------------------------
WARNING!
-> WriteHSDInput and WriteXMLInput both turned off. You won't eventually be 
 able to obtain the same results with a later version of the code!
Path: dftb_in/ParserOptions
Line: 78-81 (File: dftb_in.hsd)

Reading SK-files:
  /home/andersx/parameters/3ob-3-1/C-C.skf
  /home/andersx/parameters/3ob-3-1/C-O.skf
  /home/andersx/parameters/3ob-3-1/C-H.skf
  /home/andersx/parameters/3ob-3-1/O-C.skf
  /home/andersx/parameters/3ob-3-1/O-O.skf
  /home/andersx/parameters/3ob-3-1/O-H.skf
  /home/andersx/parameters/3ob-3-1/H-C.skf
  /home/andersx/parameters/3ob-3-1/H-O.skf
  /home/andersx/parameters/3ob-3-1/H-H.skf
Done.

Starting initialization...
--------------------------------------------------------------------------------
Mode:                        Static calculation
Self consistent charges:     Yes
SCC-tolerance:                 0.100000E-05
Max. scc iterations:                    100
Ewald alpha parameter:         0.000000E+00
Spin polarisation:           No
Nr. of up electrons:            21.000000
Nr. of down electrons:          21.000000
Periodic boundaries:         No
Diagonalizer:                Divide and Conquer
Mixer:                       Anderson mixer
Mixing parameter:                  0.200000
Maximal SCC-cycles:                     100
Nr. of chrg. vectors to mix:              8
Electronic temperature:        0.100000E-07
Initial charges:             Set automatically (system chrg:   0.000E+00)
Included shells:              C:  s, p
                              O:  s, p
                              H:  s
Full 3rd order correction    Yes
Damped SCC                   Yes
Damped specie(s):            H                                                 
Extra options:
--------------------------------------------------------------------------------
 

********************************************************************************
** Geometry step: 0
********************************************************************************

  iSCC Total electronic   Diff electronic      SCC error    
    1   -0.17995056E+02    0.00000000E+00    0.70735375E+00
    2   -0.17995235E+02   -0.17882459E-03    0.69803703E+00
    3   -0.17999703E+02   -0.44682496E-02    0.88463495E-01
    4   -0.17999546E+02    0.15778290E-03    0.75033250E-01
    5   -0.17999585E+02   -0.38914884E-04    0.18225638E+00
    6   -0.18000035E+02   -0.45019042E-03    0.28118933E-01
    7   -0.18000031E+02    0.35932623E-05    0.10366675E-01
    8   -0.18000043E+02   -0.11588716E-04    0.77051023E-02
    9   -0.18000044E+02   -0.15993874E-05    0.36038888E-02
   10   -0.18000044E+02   -0.60165579E-07    0.34695584E-02
   11   -0.18000045E+02   -0.30871432E-06    0.91120168E-03
   12   -0.18000045E+02   -0.51813522E-08    0.68310047E-03
   13   -0.18000045E+02   -0.28766479E-07    0.78029330E-04
   14   -0.18000045E+02   -0.44089532E-09    0.48438786E-04
   15   -0.18000045E+02   -0.15010215E-09    0.53786980E-05
   16   -0.18000045E+02   -0.88462571E-12    0.88651734E-06
>> Charges saved for restart in charges.bin
 
 Total Energy:                     -18.0820526895 H
 Total Mermin free energy:         -18.0820526895 H
