================================================================================
==
==   Density Functional based Tight Binding with a lot of extensions (DFTB+)    
==
==                              Release: 1.2 (p2)
==
==                            (ParserVersion = 4)
==
================================================================================


********************************************************************************
** Parsing and initializing
********************************************************************************

Interpreting input file 'dftb_in.hsd'
--------------------------------------------------------------------------------
WARNING!
-> WriteHSDInput and WriteXMLInput both turned off. You won't eventually be 
 able to obtain the same results with a later version of the code!
Path: dftb_in/ParserOptions
Line: 76-79 (File: dftb_in.hsd)

Reading SK-files:
  /home/andersx/parameters/3ob-3-1/C-C.skf
  /home/andersx/parameters/3ob-3-1/C-O.skf
  /home/andersx/parameters/3ob-3-1/C-H.skf
  /home/andersx/parameters/3ob-3-1/O-C.skf
  /home/andersx/parameters/3ob-3-1/O-O.skf
  /home/andersx/parameters/3ob-3-1/O-H.skf
  /home/andersx/parameters/3ob-3-1/H-C.skf
  /home/andersx/parameters/3ob-3-1/H-O.skf
  /home/andersx/parameters/3ob-3-1/H-H.skf
Done.

Starting initialization...
--------------------------------------------------------------------------------
Mode:                        Static calculation
Self consistent charges:     Yes
SCC-tolerance:                 0.100000E-05
Max. scc iterations:                    100
Ewald alpha parameter:         0.000000E+00
Spin polarisation:           No
Nr. of up electrons:            21.000000
Nr. of down electrons:          21.000000
Periodic boundaries:         No
Diagonalizer:                Divide and Conquer
Mixer:                       Anderson mixer
Mixing parameter:                  0.200000
Maximal SCC-cycles:                     100
Nr. of chrg. vectors to mix:              8
Electronic temperature:        0.100000E-07
Initial charges:             Set automatically (system chrg:   0.000E+00)
Included shells:              C:  s, p
                              O:  s, p
                              H:  s
Full 3rd order correction    Yes
Damped SCC                   Yes
Damped specie(s):            H                                                 
Extra options:
--------------------------------------------------------------------------------
 

********************************************************************************
** Geometry step: 0
********************************************************************************

  iSCC Total electronic   Diff electronic      SCC error    
    1   -0.18869482E+02    0.00000000E+00    0.68800996E+00
    2   -0.18870229E+02   -0.74718990E-03    0.67895726E+00
    3   -0.18888995E+02   -0.18765464E-01    0.11168400E+00
    4   -0.18888763E+02    0.23206372E-03    0.10183066E+00
    5   -0.18889623E+02   -0.86037368E-03    0.59314780E-01
    6   -0.18889768E+02   -0.14503000E-03    0.95151417E-02
    7   -0.18889766E+02    0.19350455E-05    0.13849952E-01
    8   -0.18889772E+02   -0.63791084E-05    0.24491388E-02
    9   -0.18889772E+02    0.33269174E-07    0.21310283E-02
   10   -0.18889773E+02   -0.10692826E-06    0.99925814E-03
   11   -0.18889773E+02   -0.17770638E-07    0.27393304E-03
   12   -0.18889773E+02   -0.65857648E-08    0.29443758E-04
   13   -0.18889773E+02   -0.44913406E-10    0.76196843E-05
   14   -0.18889773E+02   -0.21813662E-11    0.88108454E-06
>> Charges saved for restart in charges.bin
 
 Total Energy:                     -18.8975509107 H
 Total Mermin free energy:         -18.8975509107 H
