================================================================================
==
==   Density Functional based Tight Binding with a lot of extensions (DFTB+)    
==
==                              Release: 1.2 (p2)
==
==                            (ParserVersion = 4)
==
================================================================================


********************************************************************************
** Parsing and initializing
********************************************************************************

Interpreting input file 'dftb_in.hsd'
--------------------------------------------------------------------------------
WARNING!
-> WriteHSDInput and WriteXMLInput both turned off. You won't eventually be 
 able to obtain the same results with a later version of the code!
Path: dftb_in/ParserOptions
Line: 74-77 (File: dftb_in.hsd)

Reading SK-files:
  /home/andersx/parameters/3ob-3-1/C-C.skf
  /home/andersx/parameters/3ob-3-1/C-O.skf
  /home/andersx/parameters/3ob-3-1/C-H.skf
  /home/andersx/parameters/3ob-3-1/O-C.skf
  /home/andersx/parameters/3ob-3-1/O-O.skf
  /home/andersx/parameters/3ob-3-1/O-H.skf
  /home/andersx/parameters/3ob-3-1/H-C.skf
  /home/andersx/parameters/3ob-3-1/H-O.skf
  /home/andersx/parameters/3ob-3-1/H-H.skf
Done.

Starting initialization...
--------------------------------------------------------------------------------
Mode:                        Static calculation
Self consistent charges:     Yes
SCC-tolerance:                 0.100000E-05
Max. scc iterations:                    100
Ewald alpha parameter:         0.000000E+00
Spin polarisation:           No
Nr. of up electrons:            20.000000
Nr. of down electrons:          20.000000
Periodic boundaries:         No
Diagonalizer:                Divide and Conquer
Mixer:                       Anderson mixer
Mixing parameter:                  0.200000
Maximal SCC-cycles:                     100
Nr. of chrg. vectors to mix:              8
Electronic temperature:        0.100000E-07
Initial charges:             Set automatically (system chrg:   0.000E+00)
Included shells:              C:  s, p
                              O:  s, p
                              H:  s
Full 3rd order correction    Yes
Damped SCC                   Yes
Damped specie(s):            H                                                 
Extra options:
--------------------------------------------------------------------------------
 

********************************************************************************
** Geometry step: 0
********************************************************************************

  iSCC Total electronic   Diff electronic      SCC error    
    1   -0.18168038E+02    0.00000000E+00    0.75428043E+00
    2   -0.18169647E+02   -0.16094169E-02    0.74077542E+00
    3   -0.18211220E+02   -0.41572956E-01    0.11270323E+00
    4   -0.18211522E+02   -0.30162341E-03    0.11257699E+00
    5   -0.18211882E+02   -0.36029849E-03    0.39062276E-01
    6   -0.18211977E+02   -0.94799516E-04    0.22492047E-01
    7   -0.18211980E+02   -0.30202227E-05    0.22096247E-01
    8   -0.18212025E+02   -0.44982310E-04    0.44549686E-02
    9   -0.18212025E+02   -0.17872818E-06    0.32721173E-02
   10   -0.18212025E+02   -0.12493715E-06    0.12708935E-02
   11   -0.18212025E+02   -0.31596191E-07    0.74580177E-03
   12   -0.18212026E+02   -0.71786211E-07    0.16413874E-03
   13   -0.18212026E+02   -0.17959891E-08    0.89874958E-04
   14   -0.18212026E+02   -0.49537618E-09    0.49845458E-05
   15   -0.18212026E+02   -0.32329694E-11    0.15308837E-05
   16   -0.18212026E+02   -0.95923269E-13    0.16125839E-06
>> Charges saved for restart in charges.bin
 
 Total Energy:                     -18.1374523629 H
 Total Mermin free energy:         -18.1374523629 H
