================================================================================
==
==   Density Functional based Tight Binding with a lot of extensions (DFTB+)    
==
==                              Release: 1.2 (p2)
==
==                            (ParserVersion = 4)
==
================================================================================


********************************************************************************
** Parsing and initializing
********************************************************************************

Interpreting input file 'dftb_in.hsd'
--------------------------------------------------------------------------------
WARNING!
-> WriteHSDInput and WriteXMLInput both turned off. You won't eventually be 
 able to obtain the same results with a later version of the code!
Path: dftb_in/ParserOptions
Line: 74-77 (File: dftb_in.hsd)

Reading SK-files:
  /home/andersx/parameters/3ob-3-1/C-C.skf
  /home/andersx/parameters/3ob-3-1/C-O.skf
  /home/andersx/parameters/3ob-3-1/C-H.skf
  /home/andersx/parameters/3ob-3-1/O-C.skf
  /home/andersx/parameters/3ob-3-1/O-O.skf
  /home/andersx/parameters/3ob-3-1/O-H.skf
  /home/andersx/parameters/3ob-3-1/H-C.skf
  /home/andersx/parameters/3ob-3-1/H-O.skf
  /home/andersx/parameters/3ob-3-1/H-H.skf
Done.

Starting initialization...
--------------------------------------------------------------------------------
Mode:                        Static calculation
Self consistent charges:     Yes
SCC-tolerance:                 0.100000E-05
Max. scc iterations:                    100
Ewald alpha parameter:         0.000000E+00
Spin polarisation:           No
Nr. of up electrons:            19.000000
Nr. of down electrons:          19.000000
Periodic boundaries:         No
Diagonalizer:                Divide and Conquer
Mixer:                       Anderson mixer
Mixing parameter:                  0.200000
Maximal SCC-cycles:                     100
Nr. of chrg. vectors to mix:              8
Electronic temperature:        0.100000E-07
Initial charges:             Set automatically (system chrg:   0.000E+00)
Included shells:              C:  s, p
                              O:  s, p
                              H:  s
Full 3rd order correction    Yes
Damped SCC                   Yes
Damped specie(s):            H                                                 
Extra options:
--------------------------------------------------------------------------------
 

********************************************************************************
** Geometry step: 0
********************************************************************************

  iSCC Total electronic   Diff electronic      SCC error    
    1   -0.16674245E+02    0.00000000E+00    0.53473267E+00
    2   -0.16674430E+02   -0.18508449E-03    0.52893271E+00
    3   -0.16679730E+02   -0.52994002E-02    0.10512364E+00
    4   -0.16679642E+02    0.87308708E-04    0.91870355E-01
    5   -0.16680058E+02   -0.41619328E-03    0.48291251E-01
    6   -0.16680088E+02   -0.29523637E-04    0.20073611E-01
    7   -0.16680114E+02   -0.25576579E-04    0.27343718E-01
    8   -0.16680130E+02   -0.16713661E-04    0.67259445E-02
    9   -0.16680130E+02   -0.12919962E-07    0.54605144E-02
   10   -0.16680131E+02   -0.41633628E-06    0.23159414E-02
   11   -0.16680131E+02   -0.35530803E-07    0.85399511E-03
   12   -0.16680131E+02   -0.32253077E-07    0.12497232E-03
   13   -0.16680131E+02   -0.35198156E-09    0.53254706E-04
   14   -0.16680131E+02   -0.16755664E-09    0.50069404E-05
   15   -0.16680131E+02   -0.23270275E-11    0.11631289E-05
   16   -0.16680131E+02   -0.46185278E-13    0.19535446E-06
>> Charges saved for restart in charges.bin
 
 Total Energy:                     -16.4973111898 H
 Total Mermin free energy:         -16.4973111898 H
