================================================================================
==
==   Density Functional based Tight Binding with a lot of extensions (DFTB+)    
==
==                              Release: 1.2 (p2)
==
==                            (ParserVersion = 4)
==
================================================================================


********************************************************************************
** Parsing and initializing
********************************************************************************

Interpreting input file 'dftb_in.hsd'
--------------------------------------------------------------------------------
WARNING!
-> WriteHSDInput and WriteXMLInput both turned off. You won't eventually be 
 able to obtain the same results with a later version of the code!
Path: dftb_in/ParserOptions
Line: 78-81 (File: dftb_in.hsd)

Reading SK-files:
  /home/andersx/parameters/3ob-3-1/C-C.skf
  /home/andersx/parameters/3ob-3-1/C-O.skf
  /home/andersx/parameters/3ob-3-1/C-H.skf
  /home/andersx/parameters/3ob-3-1/O-C.skf
  /home/andersx/parameters/3ob-3-1/O-O.skf
  /home/andersx/parameters/3ob-3-1/O-H.skf
  /home/andersx/parameters/3ob-3-1/H-C.skf
  /home/andersx/parameters/3ob-3-1/H-O.skf
  /home/andersx/parameters/3ob-3-1/H-H.skf
Done.

Starting initialization...
--------------------------------------------------------------------------------
Mode:                        Static calculation
Self consistent charges:     Yes
SCC-tolerance:                 0.100000E-05
Max. scc iterations:                    100
Ewald alpha parameter:         0.000000E+00
Spin polarisation:           No
Nr. of up electrons:            21.000000
Nr. of down electrons:          21.000000
Periodic boundaries:         No
Diagonalizer:                Divide and Conquer
Mixer:                       Anderson mixer
Mixing parameter:                  0.200000
Maximal SCC-cycles:                     100
Nr. of chrg. vectors to mix:              8
Electronic temperature:        0.100000E-07
Initial charges:             Set automatically (system chrg:   0.000E+00)
Included shells:              C:  s, p
                              O:  s, p
                              H:  s
Full 3rd order correction    Yes
Damped SCC                   Yes
Damped specie(s):            H                                                 
Extra options:
--------------------------------------------------------------------------------
 

********************************************************************************
** Geometry step: 0
********************************************************************************

  iSCC Total electronic   Diff electronic      SCC error    
    1   -0.18035536E+02    0.00000000E+00    0.68125538E+00
    2   -0.18035676E+02   -0.13994047E-03    0.67228983E+00
    3   -0.18039499E+02   -0.38232746E-02    0.48121131E-01
    4   -0.18039451E+02    0.47885964E-04    0.36385682E-01
    5   -0.18039504E+02   -0.52252916E-04    0.90016365E-01
    6   -0.18039622E+02   -0.11852564E-03    0.16902456E-01
    7   -0.18039620E+02    0.18218735E-05    0.20329799E-01
    8   -0.18039629E+02   -0.88583075E-05    0.65553551E-02
    9   -0.18039629E+02   -0.20069628E-06    0.23331728E-02
   10   -0.18039630E+02   -0.84588791E-07    0.24088742E-02
   11   -0.18039630E+02   -0.18311348E-06    0.49141942E-03
   12   -0.18039630E+02   -0.48523887E-08    0.30323593E-03
   13   -0.18039630E+02   -0.17000659E-08    0.20146693E-04
   14   -0.18039630E+02   -0.56960658E-10    0.23004996E-05
   15   -0.18039630E+02   -0.33750780E-12    0.84996385E-06
>> Charges saved for restart in charges.bin
 
 Total Energy:                     -18.0834253080 H
 Total Mermin free energy:         -18.0834253080 H
