================================================================================
==
==   Density Functional based Tight Binding with a lot of extensions (DFTB+)    
==
==                              Release: 1.2 (p2)
==
==                            (ParserVersion = 4)
==
================================================================================


********************************************************************************
** Parsing and initializing
********************************************************************************

Interpreting input file 'dftb_in.hsd'
--------------------------------------------------------------------------------
WARNING!
-> WriteHSDInput and WriteXMLInput both turned off. You won't eventually be 
 able to obtain the same results with a later version of the code!
Path: dftb_in/ParserOptions
Line: 78-81 (File: dftb_in.hsd)

Reading SK-files:
  /home/andersx/parameters/3ob-3-1/C-C.skf
  /home/andersx/parameters/3ob-3-1/C-O.skf
  /home/andersx/parameters/3ob-3-1/C-H.skf
  /home/andersx/parameters/3ob-3-1/O-C.skf
  /home/andersx/parameters/3ob-3-1/O-O.skf
  /home/andersx/parameters/3ob-3-1/O-H.skf
  /home/andersx/parameters/3ob-3-1/H-C.skf
  /home/andersx/parameters/3ob-3-1/H-O.skf
  /home/andersx/parameters/3ob-3-1/H-H.skf
Done.

Starting initialization...
--------------------------------------------------------------------------------
Mode:                        Static calculation
Self consistent charges:     Yes
SCC-tolerance:                 0.100000E-05
Max. scc iterations:                    100
Ewald alpha parameter:         0.000000E+00
Spin polarisation:           No
Nr. of up electrons:            21.000000
Nr. of down electrons:          21.000000
Periodic boundaries:         No
Diagonalizer:                Divide and Conquer
Mixer:                       Anderson mixer
Mixing parameter:                  0.200000
Maximal SCC-cycles:                     100
Nr. of chrg. vectors to mix:              8
Electronic temperature:        0.100000E-07
Initial charges:             Set automatically (system chrg:   0.000E+00)
Included shells:              C:  s, p
                              O:  s, p
                              H:  s
Full 3rd order correction    Yes
Damped SCC                   Yes
Damped specie(s):            H                                                 
Extra options:
--------------------------------------------------------------------------------
 

********************************************************************************
** Geometry step: 0
********************************************************************************

  iSCC Total electronic   Diff electronic      SCC error    
    1   -0.18045065E+02    0.00000000E+00    0.69733533E+00
    2   -0.18045201E+02   -0.13568337E-03    0.68817016E+00
    3   -0.18048773E+02   -0.35724085E-02    0.46445878E-01
    4   -0.18048710E+02    0.63402044E-04    0.37930102E-01
    5   -0.18048766E+02   -0.56130432E-04    0.11654873E+00
    6   -0.18048921E+02   -0.15451336E-03    0.21456656E-01
    7   -0.18048918E+02    0.22630049E-05    0.18041362E-01
    8   -0.18048933E+02   -0.14635739E-04    0.77036961E-02
    9   -0.18048933E+02    0.81234770E-07    0.29001230E-02
   10   -0.18048933E+02   -0.11840958E-06    0.23695472E-02
   11   -0.18048933E+02   -0.34263582E-06    0.17939337E-03
   12   -0.18048933E+02   -0.39938719E-08    0.11994419E-03
   13   -0.18048933E+02   -0.17324346E-08    0.16519023E-04
   14   -0.18048933E+02   -0.25249136E-10    0.31598915E-05
   15   -0.18048933E+02   -0.39079850E-13    0.11803788E-05
   16   -0.18048933E+02   -0.10658141E-13    0.13622642E-06
>> Charges saved for restart in charges.bin
 
 Total Energy:                     -18.0917552025 H
 Total Mermin free energy:         -18.0917552025 H
