================================================================================
==
==   Density Functional based Tight Binding with a lot of extensions (DFTB+)    
==
==                              Release: 1.2 (p2)
==
==                            (ParserVersion = 4)
==
================================================================================


********************************************************************************
** Parsing and initializing
********************************************************************************

Interpreting input file 'dftb_in.hsd'
--------------------------------------------------------------------------------
WARNING!
-> WriteHSDInput and WriteXMLInput both turned off. You won't eventually be 
 able to obtain the same results with a later version of the code!
Path: dftb_in/ParserOptions
Line: 78-81 (File: dftb_in.hsd)

Reading SK-files:
  /home/andersx/parameters/3ob-3-1/C-C.skf
  /home/andersx/parameters/3ob-3-1/C-O.skf
  /home/andersx/parameters/3ob-3-1/C-H.skf
  /home/andersx/parameters/3ob-3-1/O-C.skf
  /home/andersx/parameters/3ob-3-1/O-O.skf
  /home/andersx/parameters/3ob-3-1/O-H.skf
  /home/andersx/parameters/3ob-3-1/H-C.skf
  /home/andersx/parameters/3ob-3-1/H-O.skf
  /home/andersx/parameters/3ob-3-1/H-H.skf
Done.

Starting initialization...
--------------------------------------------------------------------------------
Mode:                        Static calculation
Self consistent charges:     Yes
SCC-tolerance:                 0.100000E-05
Max. scc iterations:                    100
Ewald alpha parameter:         0.000000E+00
Spin polarisation:           No
Nr. of up electrons:            21.000000
Nr. of down electrons:          21.000000
Periodic boundaries:         No
Diagonalizer:                Divide and Conquer
Mixer:                       Anderson mixer
Mixing parameter:                  0.200000
Maximal SCC-cycles:                     100
Nr. of chrg. vectors to mix:              8
Electronic temperature:        0.100000E-07
Initial charges:             Set automatically (system chrg:   0.000E+00)
Included shells:              C:  s, p
                              O:  s, p
                              H:  s
Full 3rd order correction    Yes
Damped SCC                   Yes
Damped specie(s):            H                                                 
Extra options:
--------------------------------------------------------------------------------
 

********************************************************************************
** Geometry step: 0
********************************************************************************

  iSCC Total electronic   Diff electronic      SCC error    
    1   -0.18043861E+02    0.00000000E+00    0.69454632E+00
    2   -0.18043990E+02   -0.12888286E-03    0.68542386E+00
    3   -0.18047427E+02   -0.34373664E-02    0.47460221E-01
    4   -0.18047373E+02    0.53965188E-04    0.41764448E-01
    5   -0.18047419E+02   -0.46041242E-04    0.11715437E+00
    6   -0.18047553E+02   -0.13428457E-03    0.16885331E-01
    7   -0.18047553E+02    0.69270154E-07    0.15088914E-01
    8   -0.18047557E+02   -0.32077062E-05    0.38494037E-02
    9   -0.18047557E+02    0.22551156E-07    0.20527729E-02
   10   -0.18047557E+02   -0.13246185E-06    0.83127443E-03
   11   -0.18047557E+02   -0.19636630E-08    0.29537181E-03
   12   -0.18047557E+02   -0.24846898E-08    0.59784628E-04
   13   -0.18047557E+02   -0.10894752E-09    0.10524114E-04
   14   -0.18047557E+02   -0.20925484E-11    0.15836243E-05
   15   -0.18047557E+02   -0.10302870E-12    0.29214764E-06
>> Charges saved for restart in charges.bin
 
 Total Energy:                     -18.0917254725 H
 Total Mermin free energy:         -18.0917254725 H
