================================================================================
==
==   Density Functional based Tight Binding with a lot of extensions (DFTB+)    
==
==                              Release: 1.2 (p2)
==
==                            (ParserVersion = 4)
==
================================================================================


********************************************************************************
** Parsing and initializing
********************************************************************************

Interpreting input file 'dftb_in.hsd'
--------------------------------------------------------------------------------
WARNING!
-> WriteHSDInput and WriteXMLInput both turned off. You won't eventually be 
 able to obtain the same results with a later version of the code!
Path: dftb_in/ParserOptions
Line: 74-77 (File: dftb_in.hsd)

Reading SK-files:
  /home/andersx/parameters/3ob-3-1/C-C.skf
  /home/andersx/parameters/3ob-3-1/C-O.skf
  /home/andersx/parameters/3ob-3-1/C-H.skf
  /home/andersx/parameters/3ob-3-1/O-C.skf
  /home/andersx/parameters/3ob-3-1/O-O.skf
  /home/andersx/parameters/3ob-3-1/O-H.skf
  /home/andersx/parameters/3ob-3-1/H-C.skf
  /home/andersx/parameters/3ob-3-1/H-O.skf
  /home/andersx/parameters/3ob-3-1/H-H.skf
Done.

Starting initialization...
--------------------------------------------------------------------------------
Mode:                        Static calculation
Self consistent charges:     Yes
SCC-tolerance:                 0.100000E-05
Max. scc iterations:                    100
Ewald alpha parameter:         0.000000E+00
Spin polarisation:           No
Nr. of up electrons:            20.000000
Nr. of down electrons:          20.000000
Periodic boundaries:         No
Diagonalizer:                Divide and Conquer
Mixer:                       Anderson mixer
Mixing parameter:                  0.200000
Maximal SCC-cycles:                     100
Nr. of chrg. vectors to mix:              8
Electronic temperature:        0.100000E-07
Initial charges:             Set automatically (system chrg:   0.000E+00)
Included shells:              C:  s, p
                              O:  s, p
                              H:  s
Full 3rd order correction    Yes
Damped SCC                   Yes
Damped specie(s):            H                                                 
Extra options:
--------------------------------------------------------------------------------
 

********************************************************************************
** Geometry step: 0
********************************************************************************

  iSCC Total electronic   Diff electronic      SCC error    
    1   -0.18318523E+02    0.00000000E+00    0.93750341E+00
    2   -0.18319083E+02   -0.55972460E-03    0.92463255E+00
    3   -0.18334551E+02   -0.15468053E-01    0.14513774E+00
    4   -0.18334776E+02   -0.22540624E-03    0.14652244E+00
    5   -0.18335734E+02   -0.95739622E-03    0.33092052E-01
    6   -0.18335708E+02    0.25729333E-04    0.31935081E-01
    7   -0.18335747E+02   -0.38819959E-04    0.15671844E-01
    8   -0.18335763E+02   -0.16535845E-04    0.33096695E-02
    9   -0.18335763E+02   -0.95012705E-07    0.31114158E-02
   10   -0.18335764E+02   -0.25508815E-06    0.10402149E-02
   11   -0.18335764E+02   -0.24018060E-07    0.79621001E-03
   12   -0.18335764E+02   -0.50373981E-07    0.13559682E-03
   13   -0.18335764E+02   -0.25439206E-09    0.79020703E-04
   14   -0.18335764E+02   -0.10479084E-09    0.55625905E-05
   15   -0.18335764E+02   -0.16839863E-11    0.13691621E-05
   16   -0.18335764E+02   -0.39079850E-13    0.42397199E-06
>> Charges saved for restart in charges.bin
 
 Total Energy:                     -18.1869335205 H
 Total Mermin free energy:         -18.1869335205 H
