================================================================================
==
==   Density Functional based Tight Binding with a lot of extensions (DFTB+)    
==
==                              Release: 1.2 (p2)
==
==                            (ParserVersion = 4)
==
================================================================================


********************************************************************************
** Parsing and initializing
********************************************************************************

Interpreting input file 'dftb_in.hsd'
--------------------------------------------------------------------------------
WARNING!
-> WriteHSDInput and WriteXMLInput both turned off. You won't eventually be 
 able to obtain the same results with a later version of the code!
Path: dftb_in/ParserOptions
Line: 76-79 (File: dftb_in.hsd)

Reading SK-files:
  /home/andersx/parameters/3ob-3-1/C-C.skf
  /home/andersx/parameters/3ob-3-1/C-O.skf
  /home/andersx/parameters/3ob-3-1/C-H.skf
  /home/andersx/parameters/3ob-3-1/O-C.skf
  /home/andersx/parameters/3ob-3-1/O-O.skf
  /home/andersx/parameters/3ob-3-1/O-H.skf
  /home/andersx/parameters/3ob-3-1/H-C.skf
  /home/andersx/parameters/3ob-3-1/H-O.skf
  /home/andersx/parameters/3ob-3-1/H-H.skf
Done.

Starting initialization...
--------------------------------------------------------------------------------
Mode:                        Static calculation
Self consistent charges:     Yes
SCC-tolerance:                 0.100000E-05
Max. scc iterations:                    100
Ewald alpha parameter:         0.000000E+00
Spin polarisation:           No
Nr. of up electrons:            21.000000
Nr. of down electrons:          21.000000
Periodic boundaries:         No
Diagonalizer:                Divide and Conquer
Mixer:                       Anderson mixer
Mixing parameter:                  0.200000
Maximal SCC-cycles:                     100
Nr. of chrg. vectors to mix:              8
Electronic temperature:        0.100000E-07
Initial charges:             Set automatically (system chrg:   0.000E+00)
Included shells:              C:  s, p
                              O:  s, p
                              H:  s
Full 3rd order correction    Yes
Damped SCC                   Yes
Damped specie(s):            H                                                 
Extra options:
--------------------------------------------------------------------------------
 

********************************************************************************
** Geometry step: 0
********************************************************************************

  iSCC Total electronic   Diff electronic      SCC error    
    1   -0.19005490E+02    0.00000000E+00    0.93987599E+00
    2   -0.19006028E+02   -0.53709905E-03    0.92711745E+00
    3   -0.19020827E+02   -0.14799341E-01    0.14255121E+00
    4   -0.19020904E+02   -0.77478202E-04    0.14156809E+00
    5   -0.19021787E+02   -0.88286490E-03    0.32376713E-01
    6   -0.19021781E+02    0.63680774E-05    0.34608261E-01
    7   -0.19021844E+02   -0.62616598E-04    0.58605224E-02
    8   -0.19021844E+02   -0.26779992E-06    0.28162861E-02
    9   -0.19021844E+02   -0.23809448E-06    0.88603952E-03
   10   -0.19021844E+02   -0.55379417E-08    0.61488167E-03
   11   -0.19021844E+02   -0.62457843E-08    0.56096365E-04
   12   -0.19021844E+02   -0.54829030E-10    0.65455024E-05
   13   -0.19021844E+02   -0.32613912E-11    0.52772206E-06
>> Charges saved for restart in charges.bin
 
 Total Energy:                     -18.9758796920 H
 Total Mermin free energy:         -18.9758796920 H
