================================================================================
==
==   Density Functional based Tight Binding with a lot of extensions (DFTB+)    
==
==                              Release: 1.2 (p2)
==
==                            (ParserVersion = 4)
==
================================================================================


********************************************************************************
** Parsing and initializing
********************************************************************************

Interpreting input file 'dftb_in.hsd'
--------------------------------------------------------------------------------
WARNING!
-> WriteHSDInput and WriteXMLInput both turned off. You won't eventually be 
 able to obtain the same results with a later version of the code!
Path: dftb_in/ParserOptions
Line: 78-81 (File: dftb_in.hsd)

Reading SK-files:
  /home/andersx/parameters/3ob-3-1/C-C.skf
  /home/andersx/parameters/3ob-3-1/C-O.skf
  /home/andersx/parameters/3ob-3-1/C-H.skf
  /home/andersx/parameters/3ob-3-1/O-C.skf
  /home/andersx/parameters/3ob-3-1/O-O.skf
  /home/andersx/parameters/3ob-3-1/O-H.skf
  /home/andersx/parameters/3ob-3-1/H-C.skf
  /home/andersx/parameters/3ob-3-1/H-O.skf
  /home/andersx/parameters/3ob-3-1/H-H.skf
Done.

Starting initialization...
--------------------------------------------------------------------------------
Mode:                        Static calculation
Self consistent charges:     Yes
SCC-tolerance:                 0.100000E-05
Max. scc iterations:                    100
Ewald alpha parameter:         0.000000E+00
Spin polarisation:           No
Nr. of up electrons:            22.000000
Nr. of down electrons:          22.000000
Periodic boundaries:         No
Diagonalizer:                Divide and Conquer
Mixer:                       Anderson mixer
Mixing parameter:                  0.200000
Maximal SCC-cycles:                     100
Nr. of chrg. vectors to mix:              8
Electronic temperature:        0.100000E-07
Initial charges:             Set automatically (system chrg:   0.000E+00)
Included shells:              C:  s, p
                              O:  s, p
                              H:  s
Full 3rd order correction    Yes
Damped SCC                   Yes
Damped specie(s):            H                                                 
Extra options:
--------------------------------------------------------------------------------
 

********************************************************************************
** Geometry step: 0
********************************************************************************

  iSCC Total electronic   Diff electronic      SCC error    
    1   -0.19614858E+02    0.00000000E+00    0.59985116E+00
    2   -0.19615258E+02   -0.39960283E-03    0.59274859E+00
    3   -0.19626757E+02   -0.11498812E-01    0.82766852E-01
    4   -0.19626668E+02    0.89094841E-04    0.62130232E-01
    5   -0.19626749E+02   -0.81768171E-04    0.76135739E-01
    6   -0.19626933E+02   -0.18355577E-03    0.12670261E-01
    7   -0.19626919E+02    0.14122059E-04    0.18651768E-01
    8   -0.19626938E+02   -0.18749807E-04    0.66793784E-02
    9   -0.19626939E+02   -0.11770920E-05    0.23412843E-02
   10   -0.19626939E+02   -0.62460217E-07    0.20427401E-02
   11   -0.19626939E+02   -0.19913592E-06    0.27366014E-03
   12   -0.19626939E+02   -0.54422955E-08    0.14999380E-03
   13   -0.19626939E+02   -0.17552502E-08    0.14482923E-04
   14   -0.19626939E+02   -0.30183855E-10    0.22832181E-05
   15   -0.19626939E+02   -0.17763568E-13    0.72286361E-06
>> Charges saved for restart in charges.bin
 
 Total Energy:                     -19.6876818413 H
 Total Mermin free energy:         -19.6876818413 H
