================================================================================
==
==   Density Functional based Tight Binding with a lot of extensions (DFTB+)    
==
==                              Release: 1.2 (p2)
==
==                            (ParserVersion = 4)
==
================================================================================


********************************************************************************
** Parsing and initializing
********************************************************************************

Interpreting input file 'dftb_in.hsd'
--------------------------------------------------------------------------------
WARNING!
-> WriteHSDInput and WriteXMLInput both turned off. You won't eventually be 
 able to obtain the same results with a later version of the code!
Path: dftb_in/ParserOptions
Line: 74-77 (File: dftb_in.hsd)

Reading SK-files:
  /home/andersx/parameters/3ob-3-1/C-C.skf
  /home/andersx/parameters/3ob-3-1/C-O.skf
  /home/andersx/parameters/3ob-3-1/C-H.skf
  /home/andersx/parameters/3ob-3-1/O-C.skf
  /home/andersx/parameters/3ob-3-1/O-O.skf
  /home/andersx/parameters/3ob-3-1/O-H.skf
  /home/andersx/parameters/3ob-3-1/H-C.skf
  /home/andersx/parameters/3ob-3-1/H-O.skf
  /home/andersx/parameters/3ob-3-1/H-H.skf
Done.

Starting initialization...
--------------------------------------------------------------------------------
Mode:                        Static calculation
Self consistent charges:     Yes
SCC-tolerance:                 0.100000E-05
Max. scc iterations:                    100
Ewald alpha parameter:         0.000000E+00
Spin polarisation:           No
Nr. of up electrons:            20.000000
Nr. of down electrons:          20.000000
Periodic boundaries:         No
Diagonalizer:                Divide and Conquer
Mixer:                       Anderson mixer
Mixing parameter:                  0.200000
Maximal SCC-cycles:                     100
Nr. of chrg. vectors to mix:              8
Electronic temperature:        0.100000E-07
Initial charges:             Set automatically (system chrg:   0.000E+00)
Included shells:              C:  s, p
                              O:  s, p
                              H:  s
Full 3rd order correction    Yes
Damped SCC                   Yes
Damped specie(s):            H                                                 
Extra options:
--------------------------------------------------------------------------------
 

********************************************************************************
** Geometry step: 0
********************************************************************************

  iSCC Total electronic   Diff electronic      SCC error    
    1   -0.18313294E+02    0.00000000E+00    0.93297789E+00
    2   -0.18313889E+02   -0.59468146E-03    0.92002402E+00
    3   -0.18329833E+02   -0.15944516E-01    0.12140770E+00
    4   -0.18330186E+02   -0.35312029E-03    0.12058242E+00
    5   -0.18331426E+02   -0.12397688E-02    0.35001290E-01
    6   -0.18331441E+02   -0.14676082E-04    0.32374645E-01
    7   -0.18331462E+02   -0.21389989E-04    0.23571700E-01
    8   -0.18331490E+02   -0.27759203E-04    0.54095772E-02
    9   -0.18331490E+02   -0.16812155E-06    0.48443234E-02
   10   -0.18331490E+02   -0.44382311E-06    0.64257033E-03
   11   -0.18331490E+02   -0.18936497E-07    0.51361104E-03
   12   -0.18331490E+02   -0.38759353E-07    0.39583795E-04
   13   -0.18331490E+02   -0.14389911E-09    0.30053388E-04
   14   -0.18331490E+02   -0.59934280E-11    0.61036157E-05
   15   -0.18331490E+02   -0.19539925E-12    0.15738648E-05
   16   -0.18331490E+02   -0.14210855E-13    0.18836476E-06
>> Charges saved for restart in charges.bin
 
 Total Energy:                     -18.1830475522 H
 Total Mermin free energy:         -18.1830475522 H
