================================================================================
==
==   Density Functional based Tight Binding with a lot of extensions (DFTB+)    
==
==                              Release: 1.2 (p2)
==
==                            (ParserVersion = 4)
==
================================================================================


********************************************************************************
** Parsing and initializing
********************************************************************************

Interpreting input file 'dftb_in.hsd'
--------------------------------------------------------------------------------
WARNING!
-> WriteHSDInput and WriteXMLInput both turned off. You won't eventually be 
 able to obtain the same results with a later version of the code!
Path: dftb_in/ParserOptions
Line: 78-81 (File: dftb_in.hsd)

Reading SK-files:
  /home/andersx/parameters/3ob-3-1/C-C.skf
  /home/andersx/parameters/3ob-3-1/C-O.skf
  /home/andersx/parameters/3ob-3-1/C-H.skf
  /home/andersx/parameters/3ob-3-1/O-C.skf
  /home/andersx/parameters/3ob-3-1/O-O.skf
  /home/andersx/parameters/3ob-3-1/O-H.skf
  /home/andersx/parameters/3ob-3-1/H-C.skf
  /home/andersx/parameters/3ob-3-1/H-O.skf
  /home/andersx/parameters/3ob-3-1/H-H.skf
Done.

Starting initialization...
--------------------------------------------------------------------------------
Mode:                        Static calculation
Self consistent charges:     Yes
SCC-tolerance:                 0.100000E-05
Max. scc iterations:                    100
Ewald alpha parameter:         0.000000E+00
Spin polarisation:           No
Nr. of up electrons:            21.000000
Nr. of down electrons:          21.000000
Periodic boundaries:         No
Diagonalizer:                Divide and Conquer
Mixer:                       Anderson mixer
Mixing parameter:                  0.200000
Maximal SCC-cycles:                     100
Nr. of chrg. vectors to mix:              8
Electronic temperature:        0.100000E-07
Initial charges:             Set automatically (system chrg:   0.000E+00)
Included shells:              C:  s, p
                              O:  s, p
                              H:  s
Full 3rd order correction    Yes
Damped SCC                   Yes
Damped specie(s):            H                                                 
Extra options:
--------------------------------------------------------------------------------
 

********************************************************************************
** Geometry step: 0
********************************************************************************

  iSCC Total electronic   Diff electronic      SCC error    
    1   -0.17962100E+02    0.00000000E+00    0.54631068E+00
    2   -0.17962398E+02   -0.29810147E-03    0.53796353E+00
    3   -0.17970362E+02   -0.79634012E-02    0.66992093E-01
    4   -0.17970217E+02    0.14443441E-03    0.75940095E-01
    5   -0.17970601E+02   -0.38419713E-03    0.75915620E-01
    6   -0.17970741E+02   -0.13989640E-03    0.10561542E-01
    7   -0.17970740E+02    0.14561552E-05    0.14840657E-01
    8   -0.17970745E+02   -0.50012030E-05    0.17411021E-02
    9   -0.17970745E+02   -0.70879089E-08    0.78090363E-03
   10   -0.17970745E+02   -0.71217062E-07    0.29616478E-03
   11   -0.17970745E+02   -0.74427930E-09    0.16592222E-03
   12   -0.17970745E+02   -0.28120795E-09    0.17357857E-04
   13   -0.17970745E+02   -0.13116619E-10    0.26752906E-05
   14   -0.17970745E+02   -0.71054274E-13    0.40778940E-06
>> Charges saved for restart in charges.bin
 
 Total Energy:                     -18.0649227797 H
 Total Mermin free energy:         -18.0649227797 H
