================================================================================
==
==   Density Functional based Tight Binding with a lot of extensions (DFTB+)    
==
==                              Release: 1.2 (p2)
==
==                            (ParserVersion = 4)
==
================================================================================


********************************************************************************
** Parsing and initializing
********************************************************************************

Interpreting input file 'dftb_in.hsd'
--------------------------------------------------------------------------------
WARNING!
-> WriteHSDInput and WriteXMLInput both turned off. You won't eventually be 
 able to obtain the same results with a later version of the code!
Path: dftb_in/ParserOptions
Line: 78-81 (File: dftb_in.hsd)

Reading SK-files:
  /home/andersx/parameters/3ob-3-1/C-C.skf
  /home/andersx/parameters/3ob-3-1/C-O.skf
  /home/andersx/parameters/3ob-3-1/C-H.skf
  /home/andersx/parameters/3ob-3-1/O-C.skf
  /home/andersx/parameters/3ob-3-1/O-O.skf
  /home/andersx/parameters/3ob-3-1/O-H.skf
  /home/andersx/parameters/3ob-3-1/H-C.skf
  /home/andersx/parameters/3ob-3-1/H-O.skf
  /home/andersx/parameters/3ob-3-1/H-H.skf
Done.

Starting initialization...
--------------------------------------------------------------------------------
Mode:                        Static calculation
Self consistent charges:     Yes
SCC-tolerance:                 0.100000E-05
Max. scc iterations:                    100
Ewald alpha parameter:         0.000000E+00
Spin polarisation:           No
Nr. of up electrons:            21.000000
Nr. of down electrons:          21.000000
Periodic boundaries:         No
Diagonalizer:                Divide and Conquer
Mixer:                       Anderson mixer
Mixing parameter:                  0.200000
Maximal SCC-cycles:                     100
Nr. of chrg. vectors to mix:              8
Electronic temperature:        0.100000E-07
Initial charges:             Set automatically (system chrg:   0.000E+00)
Included shells:              C:  s, p
                              O:  s, p
                              H:  s
Full 3rd order correction    Yes
Damped SCC                   Yes
Damped specie(s):            H                                                 
Extra options:
--------------------------------------------------------------------------------
 

********************************************************************************
** Geometry step: 0
********************************************************************************

  iSCC Total electronic   Diff electronic      SCC error    
    1   -0.17994803E+02    0.00000000E+00    0.69443076E+00
    2   -0.17994947E+02   -0.14466922E-03    0.68533744E+00
    3   -0.17998825E+02   -0.38773685E-02    0.80295714E-01
    4   -0.17998760E+02    0.64506465E-04    0.68072968E-01
    5   -0.17998816E+02   -0.55445016E-04    0.12236923E+00
    6   -0.17998971E+02   -0.15503269E-03    0.16575888E-01
    7   -0.17998970E+02    0.90185604E-06    0.11236050E-01
    8   -0.17998978E+02   -0.77470870E-05    0.40174403E-02
    9   -0.17998978E+02   -0.53325287E-06    0.15915390E-02
   10   -0.17998978E+02   -0.10444661E-06    0.82410208E-03
   11   -0.17998978E+02   -0.26746662E-07    0.30787271E-03
   12   -0.17998978E+02   -0.42377124E-08    0.35808221E-04
   13   -0.17998978E+02   -0.14892976E-10    0.60033873E-05
   14   -0.17998978E+02   -0.30908609E-11    0.16041023E-05
   15   -0.17998978E+02   -0.53290705E-13    0.19935297E-06
>> Charges saved for restart in charges.bin
 
 Total Energy:                     -18.0807843019 H
 Total Mermin free energy:         -18.0807843019 H
