================================================================================
==
==   Density Functional based Tight Binding with a lot of extensions (DFTB+)    
==
==                              Release: 1.2 (p2)
==
==                            (ParserVersion = 4)
==
================================================================================


********************************************************************************
** Parsing and initializing
********************************************************************************

Interpreting input file 'dftb_in.hsd'
--------------------------------------------------------------------------------
WARNING!
-> WriteHSDInput and WriteXMLInput both turned off. You won't eventually be 
 able to obtain the same results with a later version of the code!
Path: dftb_in/ParserOptions
Line: 74-77 (File: dftb_in.hsd)

Reading SK-files:
  /home/andersx/parameters/3ob-3-1/C-C.skf
  /home/andersx/parameters/3ob-3-1/C-O.skf
  /home/andersx/parameters/3ob-3-1/C-H.skf
  /home/andersx/parameters/3ob-3-1/O-C.skf
  /home/andersx/parameters/3ob-3-1/O-O.skf
  /home/andersx/parameters/3ob-3-1/O-H.skf
  /home/andersx/parameters/3ob-3-1/H-C.skf
  /home/andersx/parameters/3ob-3-1/H-O.skf
  /home/andersx/parameters/3ob-3-1/H-H.skf
Done.

Starting initialization...
--------------------------------------------------------------------------------
Mode:                        Static calculation
Self consistent charges:     Yes
SCC-tolerance:                 0.100000E-05
Max. scc iterations:                    100
Ewald alpha parameter:         0.000000E+00
Spin polarisation:           No
Nr. of up electrons:            20.000000
Nr. of down electrons:          20.000000
Periodic boundaries:         No
Diagonalizer:                Divide and Conquer
Mixer:                       Anderson mixer
Mixing parameter:                  0.200000
Maximal SCC-cycles:                     100
Nr. of chrg. vectors to mix:              8
Electronic temperature:        0.100000E-07
Initial charges:             Set automatically (system chrg:   0.000E+00)
Included shells:              C:  s, p
                              O:  s, p
                              H:  s
Full 3rd order correction    Yes
Damped SCC                   Yes
Damped specie(s):            H                                                 
Extra options:
--------------------------------------------------------------------------------
 

********************************************************************************
** Geometry step: 0
********************************************************************************

  iSCC Total electronic   Diff electronic      SCC error    
    1   -0.18160893E+02    0.00000000E+00    0.74572143E+00
    2   -0.18162349E+02   -0.14560983E-02    0.73227445E+00
    3   -0.18200462E+02   -0.38113070E-01    0.16187767E+00
    4   -0.18200816E+02   -0.35354709E-03    0.16405967E+00
    5   -0.18201278E+02   -0.46212448E-03    0.42715039E-01
    6   -0.18201417E+02   -0.13886230E-03    0.17826684E-01
    7   -0.18201416E+02    0.58556573E-06    0.22537104E-01
    8   -0.18201442E+02   -0.25777966E-04    0.34093975E-02
    9   -0.18201442E+02   -0.11103407E-06    0.31366366E-02
   10   -0.18201442E+02   -0.36344924E-06    0.79725327E-03
   11   -0.18201442E+02   -0.63739698E-08    0.45640341E-03
   12   -0.18201443E+02   -0.26396020E-07    0.21049095E-04
   13   -0.18201443E+02   -0.44050097E-10    0.76982376E-05
   14   -0.18201443E+02   -0.24407143E-11    0.52819475E-06
>> Charges saved for restart in charges.bin
 
 Total Energy:                     -18.1488946783 H
 Total Mermin free energy:         -18.1488946783 H
