================================================================================
==
==   Density Functional based Tight Binding with a lot of extensions (DFTB+)    
==
==                              Release: 1.2 (p2)
==
==                            (ParserVersion = 4)
==
================================================================================


********************************************************************************
** Parsing and initializing
********************************************************************************

Interpreting input file 'dftb_in.hsd'
--------------------------------------------------------------------------------
WARNING!
-> WriteHSDInput and WriteXMLInput both turned off. You won't eventually be 
 able to obtain the same results with a later version of the code!
Path: dftb_in/ParserOptions
Line: 76-79 (File: dftb_in.hsd)

Reading SK-files:
  /home/andersx/parameters/3ob-3-1/C-C.skf
  /home/andersx/parameters/3ob-3-1/C-O.skf
  /home/andersx/parameters/3ob-3-1/C-H.skf
  /home/andersx/parameters/3ob-3-1/O-C.skf
  /home/andersx/parameters/3ob-3-1/O-O.skf
  /home/andersx/parameters/3ob-3-1/O-H.skf
  /home/andersx/parameters/3ob-3-1/H-C.skf
  /home/andersx/parameters/3ob-3-1/H-O.skf
  /home/andersx/parameters/3ob-3-1/H-H.skf
Done.

Starting initialization...
--------------------------------------------------------------------------------
Mode:                        Static calculation
Self consistent charges:     Yes
SCC-tolerance:                 0.100000E-05
Max. scc iterations:                    100
Ewald alpha parameter:         0.000000E+00
Spin polarisation:           No
Nr. of up electrons:            21.000000
Nr. of down electrons:          21.000000
Periodic boundaries:         No
Diagonalizer:                Divide and Conquer
Mixer:                       Anderson mixer
Mixing parameter:                  0.200000
Maximal SCC-cycles:                     100
Nr. of chrg. vectors to mix:              8
Electronic temperature:        0.100000E-07
Initial charges:             Set automatically (system chrg:   0.000E+00)
Included shells:              C:  s, p
                              O:  s, p
                              H:  s
Full 3rd order correction    Yes
Damped SCC                   Yes
Damped specie(s):            H                                                 
Extra options:
--------------------------------------------------------------------------------
 

********************************************************************************
** Geometry step: 0
********************************************************************************

  iSCC Total electronic   Diff electronic      SCC error    
    1   -0.18874904E+02    0.00000000E+00    0.68966551E+00
    2   -0.18875710E+02   -0.80663761E-03    0.68038924E+00
    3   -0.18897528E+02   -0.21817179E-01    0.11879581E+00
    4   -0.18897416E+02    0.11157534E-03    0.11428303E+00
    5   -0.18897975E+02   -0.55922812E-03    0.27651019E-01
    6   -0.18898009E+02   -0.33537765E-04    0.91854772E-02
    7   -0.18898007E+02    0.20152130E-05    0.16472613E-01
    8   -0.18898011E+02   -0.45191957E-05    0.13726730E-02
    9   -0.18898011E+02   -0.11140745E-07    0.11750649E-02
   10   -0.18898011E+02   -0.41498254E-07    0.46496204E-03
   11   -0.18898011E+02   -0.34397942E-08    0.97612091E-04
   12   -0.18898011E+02   -0.99825215E-09    0.26417540E-04
   13   -0.18898011E+02   -0.15894841E-10    0.23691808E-05
   14   -0.18898011E+02   -0.22026825E-12    0.40016107E-06
>> Charges saved for restart in charges.bin
 
 Total Energy:                     -18.8989699021 H
 Total Mermin free energy:         -18.8989699021 H
