================================================================================
==
==   Density Functional based Tight Binding with a lot of extensions (DFTB+)    
==
==                              Release: 1.2 (p2)
==
==                            (ParserVersion = 4)
==
================================================================================


********************************************************************************
** Parsing and initializing
********************************************************************************

Interpreting input file 'dftb_in.hsd'
--------------------------------------------------------------------------------
WARNING!
-> WriteHSDInput and WriteXMLInput both turned off. You won't eventually be 
 able to obtain the same results with a later version of the code!
Path: dftb_in/ParserOptions
Line: 76-79 (File: dftb_in.hsd)

Reading SK-files:
  /home/andersx/parameters/3ob-3-1/C-C.skf
  /home/andersx/parameters/3ob-3-1/C-O.skf
  /home/andersx/parameters/3ob-3-1/C-H.skf
  /home/andersx/parameters/3ob-3-1/O-C.skf
  /home/andersx/parameters/3ob-3-1/O-O.skf
  /home/andersx/parameters/3ob-3-1/O-H.skf
  /home/andersx/parameters/3ob-3-1/H-C.skf
  /home/andersx/parameters/3ob-3-1/H-O.skf
  /home/andersx/parameters/3ob-3-1/H-H.skf
Done.

Starting initialization...
--------------------------------------------------------------------------------
Mode:                        Static calculation
Self consistent charges:     Yes
SCC-tolerance:                 0.100000E-05
Max. scc iterations:                    100
Ewald alpha parameter:         0.000000E+00
Spin polarisation:           No
Nr. of up electrons:            21.000000
Nr. of down electrons:          21.000000
Periodic boundaries:         No
Diagonalizer:                Divide and Conquer
Mixer:                       Anderson mixer
Mixing parameter:                  0.200000
Maximal SCC-cycles:                     100
Nr. of chrg. vectors to mix:              8
Electronic temperature:        0.100000E-07
Initial charges:             Set automatically (system chrg:   0.000E+00)
Included shells:              C:  s, p
                              O:  s, p
                              H:  s
Full 3rd order correction    Yes
Damped SCC                   Yes
Damped specie(s):            H                                                 
Extra options:
--------------------------------------------------------------------------------
 

********************************************************************************
** Geometry step: 0
********************************************************************************

  iSCC Total electronic   Diff electronic      SCC error    
    1   -0.18845589E+02    0.00000000E+00    0.63999138E+00
    2   -0.18846283E+02   -0.69402684E-03    0.62943770E+00
    3   -0.18866329E+02   -0.20046310E-01    0.90413119E-01
    4   -0.18866304E+02    0.25857475E-04    0.85111223E-01
    5   -0.18866319E+02   -0.15746421E-04    0.37788271E-01
    6   -0.18866381E+02   -0.61828933E-04    0.12528338E-01
    7   -0.18866381E+02    0.81933855E-07    0.12766322E-01
    8   -0.18866388E+02   -0.68210971E-05    0.12547833E-02
    9   -0.18866388E+02   -0.41435136E-07    0.10040518E-02
   10   -0.18866388E+02   -0.38827835E-07    0.22321046E-03
   11   -0.18866388E+02   -0.23609239E-08    0.65273412E-04
   12   -0.18866388E+02   -0.23806734E-09    0.71085716E-05
   13   -0.18866388E+02   -0.57056582E-11    0.81031004E-06
>> Charges saved for restart in charges.bin
 
 Total Energy:                     -18.8841963149 H
 Total Mermin free energy:         -18.8841963149 H
