================================================================================
==
==   Density Functional based Tight Binding with a lot of extensions (DFTB+)    
==
==                              Release: 1.2 (p2)
==
==                            (ParserVersion = 4)
==
================================================================================


********************************************************************************
** Parsing and initializing
********************************************************************************

Interpreting input file 'dftb_in.hsd'
--------------------------------------------------------------------------------
WARNING!
-> WriteHSDInput and WriteXMLInput both turned off. You won't eventually be 
 able to obtain the same results with a later version of the code!
Path: dftb_in/ParserOptions
Line: 76-79 (File: dftb_in.hsd)

Reading SK-files:
  /home/andersx/parameters/3ob-3-1/C-C.skf
  /home/andersx/parameters/3ob-3-1/C-O.skf
  /home/andersx/parameters/3ob-3-1/C-H.skf
  /home/andersx/parameters/3ob-3-1/O-C.skf
  /home/andersx/parameters/3ob-3-1/O-O.skf
  /home/andersx/parameters/3ob-3-1/O-H.skf
  /home/andersx/parameters/3ob-3-1/H-C.skf
  /home/andersx/parameters/3ob-3-1/H-O.skf
  /home/andersx/parameters/3ob-3-1/H-H.skf
Done.

Starting initialization...
--------------------------------------------------------------------------------
Mode:                        Static calculation
Self consistent charges:     Yes
SCC-tolerance:                 0.100000E-05
Max. scc iterations:                    100
Ewald alpha parameter:         0.000000E+00
Spin polarisation:           No
Nr. of up electrons:            21.000000
Nr. of down electrons:          21.000000
Periodic boundaries:         No
Diagonalizer:                Divide and Conquer
Mixer:                       Anderson mixer
Mixing parameter:                  0.200000
Maximal SCC-cycles:                     100
Nr. of chrg. vectors to mix:              8
Electronic temperature:        0.100000E-07
Initial charges:             Set automatically (system chrg:   0.000E+00)
Included shells:              C:  s, p
                              O:  s, p
                              H:  s
Full 3rd order correction    Yes
Damped SCC                   Yes
Damped specie(s):            H                                                 
Extra options:
--------------------------------------------------------------------------------
 

********************************************************************************
** Geometry step: 0
********************************************************************************

  iSCC Total electronic   Diff electronic      SCC error    
    1   -0.18877470E+02    0.00000000E+00    0.69670615E+00
    2   -0.18878113E+02   -0.64284812E-03    0.68761820E+00
    3   -0.18895644E+02   -0.17531460E-01    0.10014905E+00
    4   -0.18895489E+02    0.15474346E-03    0.11633421E+00
    5   -0.18895863E+02   -0.37374989E-03    0.69082456E-01
    6   -0.18896036E+02   -0.17242726E-03    0.14634451E-01
    7   -0.18896033E+02    0.28188159E-05    0.21379295E-01
    8   -0.18896043E+02   -0.10408688E-04    0.30087030E-02
    9   -0.18896043E+02    0.10452787E-07    0.13241663E-02
   10   -0.18896043E+02   -0.12729182E-06    0.10368873E-02
   11   -0.18896043E+02   -0.88801499E-08    0.30955111E-03
   12   -0.18896043E+02   -0.21523228E-08    0.39966613E-04
   13   -0.18896043E+02   -0.46764370E-10    0.84470741E-05
   14   -0.18896043E+02   -0.36308734E-11    0.11315518E-05
   15   -0.18896043E+02   -0.85265128E-13    0.90095254E-07
>> Charges saved for restart in charges.bin
 
 Total Energy:                     -18.8991906545 H
 Total Mermin free energy:         -18.8991906545 H
