================================================================================
==
==   Density Functional based Tight Binding with a lot of extensions (DFTB+)    
==
==                              Release: 1.2 (p2)
==
==                            (ParserVersion = 4)
==
================================================================================


********************************************************************************
** Parsing and initializing
********************************************************************************

Interpreting input file 'dftb_in.hsd'
--------------------------------------------------------------------------------
WARNING!
-> WriteHSDInput and WriteXMLInput both turned off. You won't eventually be 
 able to obtain the same results with a later version of the code!
Path: dftb_in/ParserOptions
Line: 73-76 (File: dftb_in.hsd)

Reading SK-files:
  /home/andersx/parameters/3ob-3-1/C-C.skf
  /home/andersx/parameters/3ob-3-1/C-N.skf
  /home/andersx/parameters/3ob-3-1/C-H.skf
  /home/andersx/parameters/3ob-3-1/N-C.skf
  /home/andersx/parameters/3ob-3-1/N-N.skf
  /home/andersx/parameters/3ob-3-1/N-H.skf
  /home/andersx/parameters/3ob-3-1/H-C.skf
  /home/andersx/parameters/3ob-3-1/H-N.skf
  /home/andersx/parameters/3ob-3-1/H-H.skf
Done.

Starting initialization...
--------------------------------------------------------------------------------
Mode:                        Static calculation
Self consistent charges:     Yes
SCC-tolerance:                 0.100000E-05
Max. scc iterations:                    100
Ewald alpha parameter:         0.000000E+00
Spin polarisation:           No
Nr. of up electrons:            17.000000
Nr. of down electrons:          17.000000
Periodic boundaries:         No
Diagonalizer:                Divide and Conquer
Mixer:                       Anderson mixer
Mixing parameter:                  0.200000
Maximal SCC-cycles:                     100
Nr. of chrg. vectors to mix:              8
Electronic temperature:        0.100000E-07
Initial charges:             Set automatically (system chrg:   0.000E+00)
Included shells:              C:  s, p
                              N:  s, p
                              H:  s
Full 3rd order correction    Yes
Damped SCC                   Yes
Damped specie(s):            H                                                 
Extra options:
--------------------------------------------------------------------------------
 

********************************************************************************
** Geometry step: 0
********************************************************************************

  iSCC Total electronic   Diff electronic      SCC error    
    1   -0.14770676E+02    0.00000000E+00    0.37639894E+00
    2   -0.14770978E+02   -0.30183849E-03    0.36907379E+00
    3   -0.14777717E+02   -0.67390476E-02    0.10592292E+00
    4   -0.14777559E+02    0.15843158E-03    0.97390387E-01
    5   -0.14777770E+02   -0.21113700E-03    0.84880378E-01
    6   -0.14778138E+02   -0.36775816E-03    0.22687064E-01
    7   -0.14778062E+02    0.76086379E-04    0.41379188E-01
    8   -0.14778166E+02   -0.10485633E-03    0.87959186E-02
    9   -0.14778171E+02   -0.49766732E-05    0.43167123E-02
   10   -0.14778172E+02   -0.22563197E-06    0.37667288E-02
   11   -0.14778172E+02   -0.69993691E-06    0.39146429E-03
   12   -0.14778172E+02   -0.97520587E-08    0.22849663E-03
   13   -0.14778172E+02   -0.22288127E-08    0.11611821E-04
   14   -0.14778172E+02   -0.12015278E-10    0.48830313E-05
   15   -0.14778172E+02   -0.85798035E-12    0.40824015E-06
>> Charges saved for restart in charges.bin
 
 Total Energy:                     -14.5918151441 H
 Total Mermin free energy:         -14.5918151441 H
