================================================================================
==
==   Density Functional based Tight Binding with a lot of extensions (DFTB+)    
==
==                              Release: 1.2 (p2)
==
==                            (ParserVersion = 4)
==
================================================================================


********************************************************************************
** Parsing and initializing
********************************************************************************

Interpreting input file 'dftb_in.hsd'
--------------------------------------------------------------------------------
WARNING!
-> WriteHSDInput and WriteXMLInput both turned off. You won't eventually be 
 able to obtain the same results with a later version of the code!
Path: dftb_in/ParserOptions
Line: 72-75 (File: dftb_in.hsd)

Reading SK-files:
  /home/andersx/parameters/3ob-3-1/C-C.skf
  /home/andersx/parameters/3ob-3-1/C-O.skf
  /home/andersx/parameters/3ob-3-1/C-H.skf
  /home/andersx/parameters/3ob-3-1/O-C.skf
  /home/andersx/parameters/3ob-3-1/O-O.skf
  /home/andersx/parameters/3ob-3-1/O-H.skf
  /home/andersx/parameters/3ob-3-1/H-C.skf
  /home/andersx/parameters/3ob-3-1/H-O.skf
  /home/andersx/parameters/3ob-3-1/H-H.skf
Done.

Starting initialization...
--------------------------------------------------------------------------------
Mode:                        Static calculation
Self consistent charges:     Yes
SCC-tolerance:                 0.100000E-05
Max. scc iterations:                    100
Ewald alpha parameter:         0.000000E+00
Spin polarisation:           No
Nr. of up electrons:            18.000000
Nr. of down electrons:          18.000000
Periodic boundaries:         No
Diagonalizer:                Divide and Conquer
Mixer:                       Anderson mixer
Mixing parameter:                  0.200000
Maximal SCC-cycles:                     100
Nr. of chrg. vectors to mix:              8
Electronic temperature:        0.100000E-07
Initial charges:             Set automatically (system chrg:   0.000E+00)
Included shells:              C:  s, p
                              O:  s, p
                              H:  s
Full 3rd order correction    Yes
Damped SCC                   Yes
Damped specie(s):            H                                                 
Extra options:
--------------------------------------------------------------------------------
 

********************************************************************************
** Geometry step: 0
********************************************************************************

  iSCC Total electronic   Diff electronic      SCC error    
    1   -0.15991005E+02    0.00000000E+00    0.48893440E+00
    2   -0.15991141E+02   -0.13603798E-03    0.48232775E+00
    3   -0.15994751E+02   -0.36105514E-02    0.42969196E-01
    4   -0.15994756E+02   -0.43250953E-05    0.42046788E-01
    5   -0.15995180E+02   -0.42387629E-03    0.22308456E-01
    6   -0.15995187E+02   -0.73501901E-05    0.22026170E-01
    7   -0.15995223E+02   -0.36305453E-04    0.48066439E-02
    8   -0.15995224E+02   -0.87405666E-06    0.40487039E-02
    9   -0.15995225E+02   -0.90607894E-06    0.31850929E-03
   10   -0.15995225E+02   -0.17733180E-07    0.20853481E-03
   11   -0.15995225E+02   -0.27600411E-08    0.10275529E-03
   12   -0.15995225E+02   -0.31766589E-09    0.51631525E-05
   13   -0.15995225E+02   -0.37001513E-11    0.26546753E-05
   14   -0.15995225E+02   -0.11723955E-12    0.49127473E-06
>> Charges saved for restart in charges.bin
 
 Total Energy:                     -15.7111479379 H
 Total Mermin free energy:         -15.7111479379 H
