================================================================================
==
==   Density Functional based Tight Binding with a lot of extensions (DFTB+)    
==
==                              Release: 1.2 (p2)
==
==                            (ParserVersion = 4)
==
================================================================================


********************************************************************************
** Parsing and initializing
********************************************************************************

Interpreting input file 'dftb_in.hsd'
--------------------------------------------------------------------------------
WARNING!
-> WriteHSDInput and WriteXMLInput both turned off. You won't eventually be 
 able to obtain the same results with a later version of the code!
Path: dftb_in/ParserOptions
Line: 74-77 (File: dftb_in.hsd)

Reading SK-files:
  /home/andersx/parameters/3ob-3-1/C-C.skf
  /home/andersx/parameters/3ob-3-1/C-O.skf
  /home/andersx/parameters/3ob-3-1/C-H.skf
  /home/andersx/parameters/3ob-3-1/O-C.skf
  /home/andersx/parameters/3ob-3-1/O-O.skf
  /home/andersx/parameters/3ob-3-1/O-H.skf
  /home/andersx/parameters/3ob-3-1/H-C.skf
  /home/andersx/parameters/3ob-3-1/H-O.skf
  /home/andersx/parameters/3ob-3-1/H-H.skf
Done.

Starting initialization...
--------------------------------------------------------------------------------
Mode:                        Static calculation
Self consistent charges:     Yes
SCC-tolerance:                 0.100000E-05
Max. scc iterations:                    100
Ewald alpha parameter:         0.000000E+00
Spin polarisation:           No
Nr. of up electrons:            19.000000
Nr. of down electrons:          19.000000
Periodic boundaries:         No
Diagonalizer:                Divide and Conquer
Mixer:                       Anderson mixer
Mixing parameter:                  0.200000
Maximal SCC-cycles:                     100
Nr. of chrg. vectors to mix:              8
Electronic temperature:        0.100000E-07
Initial charges:             Set automatically (system chrg:   0.000E+00)
Included shells:              C:  s, p
                              O:  s, p
                              H:  s
Full 3rd order correction    Yes
Damped SCC                   Yes
Damped specie(s):            H                                                 
Extra options:
--------------------------------------------------------------------------------
 

********************************************************************************
** Geometry step: 0
********************************************************************************

  iSCC Total electronic   Diff electronic      SCC error    
    1   -0.16682514E+02    0.00000000E+00    0.69284228E+00
    2   -0.16682695E+02   -0.18024325E-03    0.68368081E+00
    3   -0.16687639E+02   -0.49442964E-02    0.89697346E-01
    4   -0.16687560E+02    0.78973940E-04    0.86950307E-01
    5   -0.16687745E+02   -0.18494653E-03    0.91970227E-01
    6   -0.16687866E+02   -0.12111151E-03    0.17969305E-01
    7   -0.16687868E+02   -0.16223555E-05    0.18815581E-01
    8   -0.16687885E+02   -0.17753184E-04    0.38004617E-02
    9   -0.16687885E+02   -0.50577135E-07    0.26272542E-02
   10   -0.16687885E+02    0.13900855E-06    0.35574747E-02
   11   -0.16687885E+02   -0.16967183E-06    0.10544486E-02
   12   -0.16687886E+02   -0.92875371E-07    0.37258870E-03
   13   -0.16687886E+02   -0.71684880E-08    0.23242824E-03
   14   -0.16687886E+02   -0.19139250E-08    0.16642969E-04
   15   -0.16687886E+02   -0.39207748E-10    0.26182556E-05
   16   -0.16687886E+02   -0.18829382E-12    0.77241318E-06
>> Charges saved for restart in charges.bin
 
 Total Energy:                     -16.5007316574 H
 Total Mermin free energy:         -16.5007316574 H
