================================================================================
==
==   Density Functional based Tight Binding with a lot of extensions (DFTB+)    
==
==                              Release: 1.2 (p2)
==
==                            (ParserVersion = 4)
==
================================================================================


********************************************************************************
** Parsing and initializing
********************************************************************************

Interpreting input file 'dftb_in.hsd'
--------------------------------------------------------------------------------
WARNING!
-> WriteHSDInput and WriteXMLInput both turned off. You won't eventually be 
 able to obtain the same results with a later version of the code!
Path: dftb_in/ParserOptions
Line: 72-75 (File: dftb_in.hsd)

Reading SK-files:
  /home/andersx/parameters/3ob-3-1/C-C.skf
  /home/andersx/parameters/3ob-3-1/C-O.skf
  /home/andersx/parameters/3ob-3-1/C-H.skf
  /home/andersx/parameters/3ob-3-1/O-C.skf
  /home/andersx/parameters/3ob-3-1/O-O.skf
  /home/andersx/parameters/3ob-3-1/O-H.skf
  /home/andersx/parameters/3ob-3-1/H-C.skf
  /home/andersx/parameters/3ob-3-1/H-O.skf
  /home/andersx/parameters/3ob-3-1/H-H.skf
Done.

Starting initialization...
--------------------------------------------------------------------------------
Mode:                        Static calculation
Self consistent charges:     Yes
SCC-tolerance:                 0.100000E-05
Max. scc iterations:                    100
Ewald alpha parameter:         0.000000E+00
Spin polarisation:           No
Nr. of up electrons:            18.000000
Nr. of down electrons:          18.000000
Periodic boundaries:         No
Diagonalizer:                Divide and Conquer
Mixer:                       Anderson mixer
Mixing parameter:                  0.200000
Maximal SCC-cycles:                     100
Nr. of chrg. vectors to mix:              8
Electronic temperature:        0.100000E-07
Initial charges:             Set automatically (system chrg:   0.000E+00)
Included shells:              C:  s, p
                              O:  s, p
                              H:  s
Full 3rd order correction    Yes
Damped SCC                   Yes
Damped specie(s):            H                                                 
Extra options:
--------------------------------------------------------------------------------
 

********************************************************************************
** Geometry step: 0
********************************************************************************

  iSCC Total electronic   Diff electronic      SCC error    
    1   -0.16031524E+02    0.00000000E+00    0.68433855E+00
    2   -0.16031707E+02   -0.18301264E-03    0.67540709E+00
    3   -0.16035645E+02   -0.39379818E-02    0.13431384E+00
    4   -0.16035521E+02    0.12346203E-03    0.13281202E+00
    5   -0.16036635E+02   -0.11137028E-02    0.61487163E-01
    6   -0.16036662E+02   -0.26742320E-04    0.29564978E-01
    7   -0.16036643E+02    0.18448378E-04    0.39335451E-01
    8   -0.16036684E+02   -0.40553395E-04    0.59090880E-02
    9   -0.16036684E+02   -0.31811663E-06    0.47260587E-02
   10   -0.16036685E+02   -0.71983541E-06    0.59999686E-03
   11   -0.16036685E+02   -0.94387183E-08    0.30920879E-03
   12   -0.16036685E+02   -0.47880278E-08    0.26023334E-04
   13   -0.16036685E+02   -0.36898484E-10    0.93145558E-05
   14   -0.16036685E+02   -0.26005864E-11    0.20318166E-05
   15   -0.16036685E+02   -0.63948846E-13    0.13229772E-06
>> Charges saved for restart in charges.bin
 
 Total Energy:                     -15.7062092699 H
 Total Mermin free energy:         -15.7062092699 H
