================================================================================
==
==   Density Functional based Tight Binding with a lot of extensions (DFTB+)    
==
==                              Release: 1.2 (p2)
==
==                            (ParserVersion = 4)
==
================================================================================


********************************************************************************
** Parsing and initializing
********************************************************************************

Interpreting input file 'dftb_in.hsd'
--------------------------------------------------------------------------------
WARNING!
-> WriteHSDInput and WriteXMLInput both turned off. You won't eventually be 
 able to obtain the same results with a later version of the code!
Path: dftb_in/ParserOptions
Line: 74-77 (File: dftb_in.hsd)

Reading SK-files:
  /home/andersx/parameters/3ob-3-1/C-C.skf
  /home/andersx/parameters/3ob-3-1/C-O.skf
  /home/andersx/parameters/3ob-3-1/C-H.skf
  /home/andersx/parameters/3ob-3-1/O-C.skf
  /home/andersx/parameters/3ob-3-1/O-O.skf
  /home/andersx/parameters/3ob-3-1/O-H.skf
  /home/andersx/parameters/3ob-3-1/H-C.skf
  /home/andersx/parameters/3ob-3-1/H-O.skf
  /home/andersx/parameters/3ob-3-1/H-H.skf
Done.

Starting initialization...
--------------------------------------------------------------------------------
Mode:                        Static calculation
Self consistent charges:     Yes
SCC-tolerance:                 0.100000E-05
Max. scc iterations:                    100
Ewald alpha parameter:         0.000000E+00
Spin polarisation:           No
Nr. of up electrons:            19.000000
Nr. of down electrons:          19.000000
Periodic boundaries:         No
Diagonalizer:                Divide and Conquer
Mixer:                       Anderson mixer
Mixing parameter:                  0.200000
Maximal SCC-cycles:                     100
Nr. of chrg. vectors to mix:              8
Electronic temperature:        0.100000E-07
Initial charges:             Set automatically (system chrg:   0.000E+00)
Included shells:              C:  s, p
                              O:  s, p
                              H:  s
Full 3rd order correction    Yes
Damped SCC                   Yes
Damped specie(s):            H                                                 
Extra options:
--------------------------------------------------------------------------------
 

********************************************************************************
** Geometry step: 0
********************************************************************************

  iSCC Total electronic   Diff electronic      SCC error    
    1   -0.16662566E+02    0.00000000E+00    0.47948929E+00
    2   -0.16662811E+02   -0.24510289E-03    0.47373840E+00
    3   -0.16669735E+02   -0.69244972E-02    0.71749788E-01
    4   -0.16669686E+02    0.49184677E-04    0.67411696E-01
    5   -0.16670100E+02   -0.41383995E-03    0.27027753E-01
    6   -0.16670110E+02   -0.94592182E-05    0.26871971E-01
    7   -0.16670132E+02   -0.22563606E-04    0.12189566E-01
    8   -0.16670133E+02   -0.90268257E-06    0.35116642E-02
    9   -0.16670133E+02   -0.40242822E-06    0.30668320E-02
   10   -0.16670134E+02   -0.83574058E-06    0.14991780E-02
   11   -0.16670134E+02   -0.19315003E-07    0.84710218E-03
   12   -0.16670134E+02   -0.26274222E-07    0.18157177E-03
   13   -0.16670134E+02   -0.31413308E-08    0.13217999E-03
   14   -0.16670134E+02   -0.49460169E-09    0.11681865E-04
   15   -0.16670134E+02   -0.15955237E-10    0.35383675E-05
   16   -0.16670134E+02   -0.27711167E-12    0.69260309E-06
>> Charges saved for restart in charges.bin
 
 Total Energy:                     -16.4898619565 H
 Total Mermin free energy:         -16.4898619565 H
