================================================================================
==
==   Density Functional based Tight Binding with a lot of extensions (DFTB+)    
==
==                              Release: 1.2 (p2)
==
==                            (ParserVersion = 4)
==
================================================================================


********************************************************************************
** Parsing and initializing
********************************************************************************

Interpreting input file 'dftb_in.hsd'
--------------------------------------------------------------------------------
WARNING!
-> WriteHSDInput and WriteXMLInput both turned off. You won't eventually be 
 able to obtain the same results with a later version of the code!
Path: dftb_in/ParserOptions
Line: 74-77 (File: dftb_in.hsd)

Reading SK-files:
  /home/andersx/parameters/3ob-3-1/C-C.skf
  /home/andersx/parameters/3ob-3-1/C-O.skf
  /home/andersx/parameters/3ob-3-1/C-H.skf
  /home/andersx/parameters/3ob-3-1/O-C.skf
  /home/andersx/parameters/3ob-3-1/O-O.skf
  /home/andersx/parameters/3ob-3-1/O-H.skf
  /home/andersx/parameters/3ob-3-1/H-C.skf
  /home/andersx/parameters/3ob-3-1/H-O.skf
  /home/andersx/parameters/3ob-3-1/H-H.skf
Done.

Starting initialization...
--------------------------------------------------------------------------------
Mode:                        Static calculation
Self consistent charges:     Yes
SCC-tolerance:                 0.100000E-05
Max. scc iterations:                    100
Ewald alpha parameter:         0.000000E+00
Spin polarisation:           No
Nr. of up electrons:            19.000000
Nr. of down electrons:          19.000000
Periodic boundaries:         No
Diagonalizer:                Divide and Conquer
Mixer:                       Anderson mixer
Mixing parameter:                  0.200000
Maximal SCC-cycles:                     100
Nr. of chrg. vectors to mix:              8
Electronic temperature:        0.100000E-07
Initial charges:             Set automatically (system chrg:   0.000E+00)
Included shells:              C:  s, p
                              O:  s, p
                              H:  s
Full 3rd order correction    Yes
Damped SCC                   Yes
Damped specie(s):            H                                                 
Extra options:
--------------------------------------------------------------------------------
 

********************************************************************************
** Geometry step: 0
********************************************************************************

  iSCC Total electronic   Diff electronic      SCC error    
    1   -0.16676206E+02    0.00000000E+00    0.49551823E+00
    2   -0.16676367E+02   -0.16094159E-03    0.48952179E+00
    3   -0.16680257E+02   -0.38901959E-02    0.12089298E+00
    4   -0.16680219E+02    0.38239214E-04    0.11251670E+00
    5   -0.16681003E+02   -0.78380759E-03    0.24225947E-01
    6   -0.16680986E+02    0.17411033E-04    0.18401212E-01
    7   -0.16681010E+02   -0.24039651E-04    0.15234866E-01
    8   -0.16681026E+02   -0.15882726E-04    0.42540586E-02
    9   -0.16681026E+02   -0.47092144E-06    0.34828180E-02
   10   -0.16681027E+02   -0.10595831E-05    0.59146927E-03
   11   -0.16681027E+02   -0.23844038E-08    0.47815883E-03
   12   -0.16681027E+02   -0.76893159E-08    0.13832489E-04
   13   -0.16681027E+02   -0.31310066E-10    0.45216356E-05
   14   -0.16681027E+02   -0.22311042E-11    0.10534277E-05
   15   -0.16681027E+02   -0.21316282E-13    0.27758550E-06
>> Charges saved for restart in charges.bin
 
 Total Energy:                     -16.4989522624 H
 Total Mermin free energy:         -16.4989522624 H
