================================================================================
==
==   Density Functional based Tight Binding with a lot of extensions (DFTB+)    
==
==                              Release: 1.2 (p2)
==
==                            (ParserVersion = 4)
==
================================================================================


********************************************************************************
** Parsing and initializing
********************************************************************************

Interpreting input file 'dftb_in.hsd'
--------------------------------------------------------------------------------
WARNING!
-> WriteHSDInput and WriteXMLInput both turned off. You won't eventually be 
 able to obtain the same results with a later version of the code!
Path: dftb_in/ParserOptions
Line: 74-77 (File: dftb_in.hsd)

Reading SK-files:
  /home/andersx/parameters/3ob-3-1/C-C.skf
  /home/andersx/parameters/3ob-3-1/C-N.skf
  /home/andersx/parameters/3ob-3-1/C-H.skf
  /home/andersx/parameters/3ob-3-1/N-C.skf
  /home/andersx/parameters/3ob-3-1/N-N.skf
  /home/andersx/parameters/3ob-3-1/N-H.skf
  /home/andersx/parameters/3ob-3-1/H-C.skf
  /home/andersx/parameters/3ob-3-1/H-N.skf
  /home/andersx/parameters/3ob-3-1/H-H.skf
Done.

Starting initialization...
--------------------------------------------------------------------------------
Mode:                        Static calculation
Self consistent charges:     Yes
SCC-tolerance:                 0.100000E-05
Max. scc iterations:                    100
Ewald alpha parameter:         0.000000E+00
Spin polarisation:           No
Nr. of up electrons:            17.000000
Nr. of down electrons:          17.000000
Periodic boundaries:         No
Diagonalizer:                Divide and Conquer
Mixer:                       Anderson mixer
Mixing parameter:                  0.200000
Maximal SCC-cycles:                     100
Nr. of chrg. vectors to mix:              8
Electronic temperature:        0.100000E-07
Initial charges:             Set automatically (system chrg:   0.000E+00)
Included shells:              C:  s, p
                              N:  s, p
                              H:  s
Full 3rd order correction    Yes
Damped SCC                   Yes
Damped specie(s):            H                                                 
Extra options:
--------------------------------------------------------------------------------
 

********************************************************************************
** Geometry step: 0
********************************************************************************

  iSCC Total electronic   Diff electronic      SCC error    
    1   -0.14315811E+02    0.00000000E+00    0.54501364E+00
    2   -0.14315904E+02   -0.93624004E-04    0.53735483E+00
    3   -0.14318311E+02   -0.24069853E-02    0.56025769E-01
    4   -0.14318259E+02    0.52593375E-04    0.40111476E-01
    5   -0.14318260E+02   -0.75743326E-06    0.86965062E-01
    6   -0.14318404E+02   -0.14473931E-03    0.10542366E-01
    7   -0.14318404E+02    0.22238162E-06    0.87312648E-02
    8   -0.14318410E+02   -0.59870377E-05    0.39328993E-02
    9   -0.14318411E+02   -0.60768683E-06    0.12570889E-02
   10   -0.14318411E+02   -0.13367909E-06    0.44488407E-03
   11   -0.14318411E+02   -0.26213925E-07    0.21802093E-03
   12   -0.14318411E+02   -0.86649621E-09    0.30714599E-04
   13   -0.14318411E+02   -0.20351720E-10    0.68507460E-05
   14   -0.14318411E+02   -0.22755131E-11    0.10762777E-05
   15   -0.14318411E+02   -0.23092639E-13    0.69170755E-07
>> Charges saved for restart in charges.bin
 
 Total Energy:                     -14.2767956405 H
 Total Mermin free energy:         -14.2767956405 H
