================================================================================
==
==   Density Functional based Tight Binding with a lot of extensions (DFTB+)    
==
==                              Release: 1.2 (p2)
==
==                            (ParserVersion = 4)
==
================================================================================


********************************************************************************
** Parsing and initializing
********************************************************************************

Interpreting input file 'dftb_in.hsd'
--------------------------------------------------------------------------------
WARNING!
-> WriteHSDInput and WriteXMLInput both turned off. You won't eventually be 
 able to obtain the same results with a later version of the code!
Path: dftb_in/ParserOptions
Line: 78-81 (File: dftb_in.hsd)

Reading SK-files:
  /home/andersx/parameters/3ob-3-1/C-C.skf
  /home/andersx/parameters/3ob-3-1/C-O.skf
  /home/andersx/parameters/3ob-3-1/C-H.skf
  /home/andersx/parameters/3ob-3-1/O-C.skf
  /home/andersx/parameters/3ob-3-1/O-O.skf
  /home/andersx/parameters/3ob-3-1/O-H.skf
  /home/andersx/parameters/3ob-3-1/H-C.skf
  /home/andersx/parameters/3ob-3-1/H-O.skf
  /home/andersx/parameters/3ob-3-1/H-H.skf
Done.

Starting initialization...
--------------------------------------------------------------------------------
Mode:                        Static calculation
Self consistent charges:     Yes
SCC-tolerance:                 0.100000E-05
Max. scc iterations:                    100
Ewald alpha parameter:         0.000000E+00
Spin polarisation:           No
Nr. of up electrons:            21.000000
Nr. of down electrons:          21.000000
Periodic boundaries:         No
Diagonalizer:                Divide and Conquer
Mixer:                       Anderson mixer
Mixing parameter:                  0.200000
Maximal SCC-cycles:                     100
Nr. of chrg. vectors to mix:              8
Electronic temperature:        0.100000E-07
Initial charges:             Set automatically (system chrg:   0.000E+00)
Included shells:              C:  s, p
                              O:  s, p
                              H:  s
Full 3rd order correction    Yes
Damped SCC                   Yes
Damped specie(s):            H                                                 
Extra options:
--------------------------------------------------------------------------------
 

********************************************************************************
** Geometry step: 0
********************************************************************************

  iSCC Total electronic   Diff electronic      SCC error    
    1   -0.18006993E+02    0.00000000E+00    0.58277989E+00
    2   -0.18007306E+02   -0.31279538E-03    0.57387762E+00
    3   -0.18015472E+02   -0.81660001E-02    0.79128354E-01
    4   -0.18015317E+02    0.15456212E-03    0.85330581E-01
    5   -0.18015797E+02   -0.47976071E-03    0.80331738E-01
    6   -0.18015942E+02   -0.14498656E-03    0.17995252E-01
    7   -0.18015939E+02    0.31522006E-05    0.18237202E-01
    8   -0.18015968E+02   -0.29173714E-04    0.33556077E-02
    9   -0.18015967E+02    0.59466374E-06    0.69320768E-02
   10   -0.18015968E+02   -0.67503032E-06    0.25909942E-02
   11   -0.18015968E+02   -0.15246480E-06    0.79206801E-03
   12   -0.18015968E+02   -0.78392830E-08    0.14966255E-03
   13   -0.18015968E+02   -0.68785866E-09    0.96013393E-04
   14   -0.18015968E+02   -0.37357850E-09    0.85886751E-05
   15   -0.18015968E+02   -0.69952932E-11    0.35170675E-05
   16   -0.18015968E+02   -0.48672177E-12    0.44992885E-06
>> Charges saved for restart in charges.bin
 
 Total Energy:                     -18.0737825695 H
 Total Mermin free energy:         -18.0737825695 H
