================================================================================
==
==   Density Functional based Tight Binding with a lot of extensions (DFTB+)    
==
==                              Release: 1.2 (p2)
==
==                            (ParserVersion = 4)
==
================================================================================


********************************************************************************
** Parsing and initializing
********************************************************************************

Interpreting input file 'dftb_in.hsd'
--------------------------------------------------------------------------------
WARNING!
-> WriteHSDInput and WriteXMLInput both turned off. You won't eventually be 
 able to obtain the same results with a later version of the code!
Path: dftb_in/ParserOptions
Line: 78-81 (File: dftb_in.hsd)

Reading SK-files:
  /home/andersx/parameters/3ob-3-1/C-C.skf
  /home/andersx/parameters/3ob-3-1/C-O.skf
  /home/andersx/parameters/3ob-3-1/C-H.skf
  /home/andersx/parameters/3ob-3-1/O-C.skf
  /home/andersx/parameters/3ob-3-1/O-O.skf
  /home/andersx/parameters/3ob-3-1/O-H.skf
  /home/andersx/parameters/3ob-3-1/H-C.skf
  /home/andersx/parameters/3ob-3-1/H-O.skf
  /home/andersx/parameters/3ob-3-1/H-H.skf
Done.

Starting initialization...
--------------------------------------------------------------------------------
Mode:                        Static calculation
Self consistent charges:     Yes
SCC-tolerance:                 0.100000E-05
Max. scc iterations:                    100
Ewald alpha parameter:         0.000000E+00
Spin polarisation:           No
Nr. of up electrons:            21.000000
Nr. of down electrons:          21.000000
Periodic boundaries:         No
Diagonalizer:                Divide and Conquer
Mixer:                       Anderson mixer
Mixing parameter:                  0.200000
Maximal SCC-cycles:                     100
Nr. of chrg. vectors to mix:              8
Electronic temperature:        0.100000E-07
Initial charges:             Set automatically (system chrg:   0.000E+00)
Included shells:              C:  s, p
                              O:  s, p
                              H:  s
Full 3rd order correction    Yes
Damped SCC                   Yes
Damped specie(s):            H                                                 
Extra options:
--------------------------------------------------------------------------------
 

********************************************************************************
** Geometry step: 0
********************************************************************************

  iSCC Total electronic   Diff electronic      SCC error    
    1   -0.18009800E+02    0.00000000E+00    0.56571593E+00
    2   -0.18010150E+02   -0.35058842E-03    0.55695390E+00
    3   -0.18019748E+02   -0.95981522E-02    0.72407865E-01
    4   -0.18019647E+02    0.10143771E-03    0.64853192E-01
    5   -0.18019912E+02   -0.26521657E-03    0.62652235E-01
    6   -0.18020008E+02   -0.95390889E-04    0.24466550E-01
    7   -0.18020003E+02    0.41844975E-05    0.26347908E-01
    8   -0.18020031E+02   -0.27887588E-04    0.28486622E-02
    9   -0.18020032E+02   -0.23377136E-06    0.21443866E-02
   10   -0.18020032E+02   -0.17500455E-06    0.21916947E-03
   11   -0.18020032E+02   -0.15956090E-08    0.15224572E-03
   12   -0.18020032E+02   -0.52805049E-09    0.15043463E-04
   13   -0.18020032E+02   -0.68460793E-11    0.38087761E-05
   14   -0.18020032E+02   -0.19539925E-12    0.37648623E-06
>> Charges saved for restart in charges.bin
 
 Total Energy:                     -18.0762781623 H
 Total Mermin free energy:         -18.0762781623 H
