================================================================================
==
==   Density Functional based Tight Binding with a lot of extensions (DFTB+)    
==
==                              Release: 1.2 (p2)
==
==                            (ParserVersion = 4)
==
================================================================================


********************************************************************************
** Parsing and initializing
********************************************************************************

Interpreting input file 'dftb_in.hsd'
--------------------------------------------------------------------------------
WARNING!
-> WriteHSDInput and WriteXMLInput both turned off. You won't eventually be 
 able to obtain the same results with a later version of the code!
Path: dftb_in/ParserOptions
Line: 78-81 (File: dftb_in.hsd)

Reading SK-files:
  /home/andersx/parameters/3ob-3-1/C-C.skf
  /home/andersx/parameters/3ob-3-1/C-O.skf
  /home/andersx/parameters/3ob-3-1/C-H.skf
  /home/andersx/parameters/3ob-3-1/O-C.skf
  /home/andersx/parameters/3ob-3-1/O-O.skf
  /home/andersx/parameters/3ob-3-1/O-H.skf
  /home/andersx/parameters/3ob-3-1/H-C.skf
  /home/andersx/parameters/3ob-3-1/H-O.skf
  /home/andersx/parameters/3ob-3-1/H-H.skf
Done.

Starting initialization...
--------------------------------------------------------------------------------
Mode:                        Static calculation
Self consistent charges:     Yes
SCC-tolerance:                 0.100000E-05
Max. scc iterations:                    100
Ewald alpha parameter:         0.000000E+00
Spin polarisation:           No
Nr. of up electrons:            21.000000
Nr. of down electrons:          21.000000
Periodic boundaries:         No
Diagonalizer:                Divide and Conquer
Mixer:                       Anderson mixer
Mixing parameter:                  0.200000
Maximal SCC-cycles:                     100
Nr. of chrg. vectors to mix:              8
Electronic temperature:        0.100000E-07
Initial charges:             Set automatically (system chrg:   0.000E+00)
Included shells:              C:  s, p
                              O:  s, p
                              H:  s
Full 3rd order correction    Yes
Damped SCC                   Yes
Damped specie(s):            H                                                 
Extra options:
--------------------------------------------------------------------------------
 

********************************************************************************
** Geometry step: 0
********************************************************************************

  iSCC Total electronic   Diff electronic      SCC error    
    1   -0.18010230E+02    0.00000000E+00    0.56378581E+00
    2   -0.18010560E+02   -0.32971032E-03    0.55510273E+00
    3   -0.18019589E+02   -0.90294035E-02    0.77464412E-01
    4   -0.18019470E+02    0.11933582E-03    0.73605607E-01
    5   -0.18019774E+02   -0.30432990E-03    0.67487676E-01
    6   -0.18019885E+02   -0.11061602E-03    0.10969151E-01
    7   -0.18019882E+02    0.30437693E-05    0.14456820E-01
    8   -0.18019900E+02   -0.17873652E-04    0.34276539E-02
    9   -0.18019900E+02   -0.22612768E-06    0.27942639E-02
   10   -0.18019900E+02   -0.41818278E-06    0.97004974E-03
   11   -0.18019900E+02   -0.15832832E-07    0.42451354E-03
   12   -0.18019900E+02   -0.42635300E-08    0.38500801E-04
   13   -0.18019900E+02   -0.12117241E-09    0.19790529E-04
   14   -0.18019900E+02   -0.82494012E-11    0.13877375E-05
   15   -0.18019900E+02   -0.15276669E-12    0.19487934E-06
>> Charges saved for restart in charges.bin
 
 Total Energy:                     -18.0768941155 H
 Total Mermin free energy:         -18.0768941155 H
