================================================================================
==
==   Density Functional based Tight Binding with a lot of extensions (DFTB+)    
==
==                              Release: 1.2 (p2)
==
==                            (ParserVersion = 4)
==
================================================================================


********************************************************************************
** Parsing and initializing
********************************************************************************

Interpreting input file 'dftb_in.hsd'
--------------------------------------------------------------------------------
WARNING!
-> WriteHSDInput and WriteXMLInput both turned off. You won't eventually be 
 able to obtain the same results with a later version of the code!
Path: dftb_in/ParserOptions
Line: 78-81 (File: dftb_in.hsd)

Reading SK-files:
  /home/andersx/parameters/3ob-3-1/C-C.skf
  /home/andersx/parameters/3ob-3-1/C-O.skf
  /home/andersx/parameters/3ob-3-1/C-H.skf
  /home/andersx/parameters/3ob-3-1/O-C.skf
  /home/andersx/parameters/3ob-3-1/O-O.skf
  /home/andersx/parameters/3ob-3-1/O-H.skf
  /home/andersx/parameters/3ob-3-1/H-C.skf
  /home/andersx/parameters/3ob-3-1/H-O.skf
  /home/andersx/parameters/3ob-3-1/H-H.skf
Done.

Starting initialization...
--------------------------------------------------------------------------------
Mode:                        Static calculation
Self consistent charges:     Yes
SCC-tolerance:                 0.100000E-05
Max. scc iterations:                    100
Ewald alpha parameter:         0.000000E+00
Spin polarisation:           No
Nr. of up electrons:            22.000000
Nr. of down electrons:          22.000000
Periodic boundaries:         No
Diagonalizer:                Divide and Conquer
Mixer:                       Anderson mixer
Mixing parameter:                  0.200000
Maximal SCC-cycles:                     100
Nr. of chrg. vectors to mix:              8
Electronic temperature:        0.100000E-07
Initial charges:             Set automatically (system chrg:   0.000E+00)
Included shells:              C:  s, p
                              O:  s, p
                              H:  s
Full 3rd order correction    Yes
Damped SCC                   Yes
Damped specie(s):            H                                                 
Extra options:
--------------------------------------------------------------------------------
 

********************************************************************************
** Geometry step: 0
********************************************************************************

  iSCC Total electronic   Diff electronic      SCC error    
    1   -0.19633258E+02    0.00000000E+00    0.69046776E+00
    2   -0.19633708E+02   -0.45028149E-03    0.68146044E+00
    3   -0.19645385E+02   -0.11677005E-01    0.78581529E-01
    4   -0.19645145E+02    0.24005125E-03    0.78623370E-01
    5   -0.19645548E+02   -0.40305783E-03    0.96056068E-01
    6   -0.19645946E+02   -0.39835103E-03    0.12931637E-01
    7   -0.19645943E+02    0.29797828E-05    0.18360543E-01
    8   -0.19645948E+02   -0.50718225E-05    0.76696601E-02
    9   -0.19645949E+02   -0.98530860E-06    0.83841884E-03
   10   -0.19645949E+02   -0.92883212E-08    0.73496402E-03
   11   -0.19645949E+02   -0.24790598E-07    0.80692276E-04
   12   -0.19645949E+02   -0.32564174E-09    0.48861444E-04
   13   -0.19645949E+02   -0.18279067E-09    0.32380785E-05
   14   -0.19645949E+02   -0.48672177E-12    0.10302809E-05
   15   -0.19645949E+02   -0.24868996E-13    0.11010499E-06
>> Charges saved for restart in charges.bin
 
 Total Energy:                     -19.6961817269 H
 Total Mermin free energy:         -19.6961817269 H
