================================================================================
==
==   Density Functional based Tight Binding with a lot of extensions (DFTB+)    
==
==                              Release: 1.2 (p2)
==
==                            (ParserVersion = 4)
==
================================================================================


********************************************************************************
** Parsing and initializing
********************************************************************************

Interpreting input file 'dftb_in.hsd'
--------------------------------------------------------------------------------
WARNING!
-> WriteHSDInput and WriteXMLInput both turned off. You won't eventually be 
 able to obtain the same results with a later version of the code!
Path: dftb_in/ParserOptions
Line: 76-79 (File: dftb_in.hsd)

Reading SK-files:
  /home/andersx/parameters/3ob-3-1/C-C.skf
  /home/andersx/parameters/3ob-3-1/C-O.skf
  /home/andersx/parameters/3ob-3-1/C-H.skf
  /home/andersx/parameters/3ob-3-1/O-C.skf
  /home/andersx/parameters/3ob-3-1/O-O.skf
  /home/andersx/parameters/3ob-3-1/O-H.skf
  /home/andersx/parameters/3ob-3-1/H-C.skf
  /home/andersx/parameters/3ob-3-1/H-O.skf
  /home/andersx/parameters/3ob-3-1/H-H.skf
Done.

Starting initialization...
--------------------------------------------------------------------------------
Mode:                        Static calculation
Self consistent charges:     Yes
SCC-tolerance:                 0.100000E-05
Max. scc iterations:                    100
Ewald alpha parameter:         0.000000E+00
Spin polarisation:           No
Nr. of up electrons:            21.000000
Nr. of down electrons:          21.000000
Periodic boundaries:         No
Diagonalizer:                Divide and Conquer
Mixer:                       Anderson mixer
Mixing parameter:                  0.200000
Maximal SCC-cycles:                     100
Nr. of chrg. vectors to mix:              8
Electronic temperature:        0.100000E-07
Initial charges:             Set automatically (system chrg:   0.000E+00)
Included shells:              C:  s, p
                              O:  s, p
                              H:  s
Full 3rd order correction    Yes
Damped SCC                   Yes
Damped specie(s):            H                                                 
Extra options:
--------------------------------------------------------------------------------
 

********************************************************************************
** Geometry step: 0
********************************************************************************

  iSCC Total electronic   Diff electronic      SCC error    
    1   -0.18970133E+02    0.00000000E+00    0.75679608E+00
    2   -0.18970993E+02   -0.86000388E-03    0.74373941E+00
    3   -0.18992263E+02   -0.21269654E-01    0.14301737E+00
    4   -0.18992324E+02   -0.61444022E-04    0.14139733E+00
    5   -0.18993701E+02   -0.13764837E-02    0.20142526E-01
    6   -0.18993696E+02    0.41919722E-05    0.16766041E-01
    7   -0.18993719E+02   -0.22893000E-04    0.90689092E-02
    8   -0.18993720E+02   -0.11139159E-05    0.15523268E-02
    9   -0.18993720E+02    0.74790236E-08    0.19146943E-02
   10   -0.18993721E+02   -0.22828729E-06    0.56087560E-03
   11   -0.18993721E+02   -0.36773642E-08    0.21625686E-03
   12   -0.18993721E+02   -0.86151744E-08    0.22373680E-04
   13   -0.18993721E+02   -0.41328718E-10    0.70631192E-05
   14   -0.18993721E+02   -0.29487524E-11    0.71128946E-06
>> Charges saved for restart in charges.bin
 
 Total Energy:                     -18.9516498404 H
 Total Mermin free energy:         -18.9516498404 H
