================================================================================
==
==   Density Functional based Tight Binding with a lot of extensions (DFTB+)    
==
==                              Release: 1.2 (p2)
==
==                            (ParserVersion = 4)
==
================================================================================


********************************************************************************
** Parsing and initializing
********************************************************************************

Interpreting input file 'dftb_in.hsd'
--------------------------------------------------------------------------------
WARNING!
-> WriteHSDInput and WriteXMLInput both turned off. You won't eventually be 
 able to obtain the same results with a later version of the code!
Path: dftb_in/ParserOptions
Line: 72-75 (File: dftb_in.hsd)

Reading SK-files:
  /home/andersx/parameters/3ob-3-1/C-C.skf
  /home/andersx/parameters/3ob-3-1/C-O.skf
  /home/andersx/parameters/3ob-3-1/C-H.skf
  /home/andersx/parameters/3ob-3-1/O-C.skf
  /home/andersx/parameters/3ob-3-1/O-O.skf
  /home/andersx/parameters/3ob-3-1/O-H.skf
  /home/andersx/parameters/3ob-3-1/H-C.skf
  /home/andersx/parameters/3ob-3-1/H-O.skf
  /home/andersx/parameters/3ob-3-1/H-H.skf
Done.

Starting initialization...
--------------------------------------------------------------------------------
Mode:                        Static calculation
Self consistent charges:     Yes
SCC-tolerance:                 0.100000E-05
Max. scc iterations:                    100
Ewald alpha parameter:         0.000000E+00
Spin polarisation:           No
Nr. of up electrons:            19.000000
Nr. of down electrons:          19.000000
Periodic boundaries:         No
Diagonalizer:                Divide and Conquer
Mixer:                       Anderson mixer
Mixing parameter:                  0.200000
Maximal SCC-cycles:                     100
Nr. of chrg. vectors to mix:              8
Electronic temperature:        0.100000E-07
Initial charges:             Set automatically (system chrg:   0.000E+00)
Included shells:              C:  s, p
                              O:  s, p
                              H:  s
Full 3rd order correction    Yes
Damped SCC                   Yes
Damped specie(s):            H                                                 
Extra options:
--------------------------------------------------------------------------------
 

********************************************************************************
** Geometry step: 0
********************************************************************************

  iSCC Total electronic   Diff electronic      SCC error    
    1   -0.17561926E+02    0.00000000E+00    0.76285243E+00
    2   -0.17563514E+02   -0.15880920E-02    0.74932183E+00
    3   -0.17602898E+02   -0.39384040E-01    0.15389777E+00
    4   -0.17603578E+02   -0.67942244E-03    0.15540110E+00
    5   -0.17604228E+02   -0.65010034E-03    0.71452271E-01
    6   -0.17604553E+02   -0.32502936E-03    0.23122001E-01
    7   -0.17604557E+02   -0.42558245E-05    0.21848748E-01
    8   -0.17604590E+02   -0.32632187E-04    0.91118989E-02
    9   -0.17604592E+02   -0.19129473E-05    0.79165100E-02
   10   -0.17604599E+02   -0.70199997E-05    0.19184762E-02
   11   -0.17604599E+02   -0.96801916E-07    0.43567815E-03
   12   -0.17604599E+02   -0.81100850E-08    0.22681892E-03
   13   -0.17604599E+02   -0.10420855E-08    0.27856560E-04
   14   -0.17604599E+02   -0.49407589E-10    0.37950862E-05
   15   -0.17604599E+02   -0.28776981E-12    0.42145580E-06
>> Charges saved for restart in charges.bin
 
 Total Energy:                     -17.4009017842 H
 Total Mermin free energy:         -17.4009017842 H
