================================================================================
==
==   Density Functional based Tight Binding with a lot of extensions (DFTB+)    
==
==                              Release: 1.2 (p2)
==
==                            (ParserVersion = 4)
==
================================================================================


********************************************************************************
** Parsing and initializing
********************************************************************************

Interpreting input file 'dftb_in.hsd'
--------------------------------------------------------------------------------
WARNING!
-> WriteHSDInput and WriteXMLInput both turned off. You won't eventually be 
 able to obtain the same results with a later version of the code!
Path: dftb_in/ParserOptions
Line: 74-77 (File: dftb_in.hsd)

Reading SK-files:
  /home/andersx/parameters/3ob-3-1/C-C.skf
  /home/andersx/parameters/3ob-3-1/C-O.skf
  /home/andersx/parameters/3ob-3-1/C-H.skf
  /home/andersx/parameters/3ob-3-1/O-C.skf
  /home/andersx/parameters/3ob-3-1/O-O.skf
  /home/andersx/parameters/3ob-3-1/O-H.skf
  /home/andersx/parameters/3ob-3-1/H-C.skf
  /home/andersx/parameters/3ob-3-1/H-O.skf
  /home/andersx/parameters/3ob-3-1/H-H.skf
Done.

Starting initialization...
--------------------------------------------------------------------------------
Mode:                        Static calculation
Self consistent charges:     Yes
SCC-tolerance:                 0.100000E-05
Max. scc iterations:                    100
Ewald alpha parameter:         0.000000E+00
Spin polarisation:           No
Nr. of up electrons:            20.000000
Nr. of down electrons:          20.000000
Periodic boundaries:         No
Diagonalizer:                Divide and Conquer
Mixer:                       Anderson mixer
Mixing parameter:                  0.200000
Maximal SCC-cycles:                     100
Nr. of chrg. vectors to mix:              8
Electronic temperature:        0.100000E-07
Initial charges:             Set automatically (system chrg:   0.000E+00)
Included shells:              C:  s, p
                              O:  s, p
                              H:  s
Full 3rd order correction    Yes
Damped SCC                   Yes
Damped specie(s):            H                                                 
Extra options:
--------------------------------------------------------------------------------
 

********************************************************************************
** Geometry step: 0
********************************************************************************

  iSCC Total electronic   Diff electronic      SCC error    
    1   -0.18254406E+02    0.00000000E+00    0.68821840E+00
    2   -0.18255189E+02   -0.78299415E-03    0.67610287E+00
    3   -0.18276512E+02   -0.21323277E-01    0.14180524E+00
    4   -0.18276791E+02   -0.27909523E-03    0.15031640E+00
    5   -0.18277386E+02   -0.59481014E-03    0.43797424E-01
    6   -0.18277396E+02   -0.10378380E-04    0.37977372E-01
    7   -0.18277420E+02   -0.23717219E-04    0.34819979E-01
    8   -0.18277485E+02   -0.65045503E-04    0.42073709E-02
    9   -0.18277486E+02   -0.97811724E-06    0.35443388E-02
   10   -0.18277488E+02   -0.16553257E-05    0.49961108E-03
   11   -0.18277488E+02   -0.81308897E-08    0.27497427E-03
   12   -0.18277488E+02   -0.44498343E-08    0.25292204E-04
   13   -0.18277488E+02   -0.54996008E-10    0.72061167E-05
   14   -0.18277488E+02   -0.18118840E-11    0.98444926E-06
>> Charges saved for restart in charges.bin
 
 Total Energy:                     -18.1449759094 H
 Total Mermin free energy:         -18.1449759094 H
