================================================================================
==
==   Density Functional based Tight Binding with a lot of extensions (DFTB+)    
==
==                              Release: 1.2 (p2)
==
==                            (ParserVersion = 4)
==
================================================================================


********************************************************************************
** Parsing and initializing
********************************************************************************

Interpreting input file 'dftb_in.hsd'
--------------------------------------------------------------------------------
WARNING!
-> WriteHSDInput and WriteXMLInput both turned off. You won't eventually be 
 able to obtain the same results with a later version of the code!
Path: dftb_in/ParserOptions
Line: 76-79 (File: dftb_in.hsd)

Reading SK-files:
  /home/andersx/parameters/3ob-3-1/C-C.skf
  /home/andersx/parameters/3ob-3-1/C-O.skf
  /home/andersx/parameters/3ob-3-1/C-H.skf
  /home/andersx/parameters/3ob-3-1/O-C.skf
  /home/andersx/parameters/3ob-3-1/O-O.skf
  /home/andersx/parameters/3ob-3-1/O-H.skf
  /home/andersx/parameters/3ob-3-1/H-C.skf
  /home/andersx/parameters/3ob-3-1/H-O.skf
  /home/andersx/parameters/3ob-3-1/H-H.skf
Done.

Starting initialization...
--------------------------------------------------------------------------------
Mode:                        Static calculation
Self consistent charges:     Yes
SCC-tolerance:                 0.100000E-05
Max. scc iterations:                    100
Ewald alpha parameter:         0.000000E+00
Spin polarisation:           No
Nr. of up electrons:            21.000000
Nr. of down electrons:          21.000000
Periodic boundaries:         No
Diagonalizer:                Divide and Conquer
Mixer:                       Anderson mixer
Mixing parameter:                  0.200000
Maximal SCC-cycles:                     100
Nr. of chrg. vectors to mix:              8
Electronic temperature:        0.100000E-07
Initial charges:             Set automatically (system chrg:   0.000E+00)
Included shells:              C:  s, p
                              O:  s, p
                              H:  s
Full 3rd order correction    Yes
Damped SCC                   Yes
Damped specie(s):            H                                                 
Extra options:
--------------------------------------------------------------------------------
 

********************************************************************************
** Geometry step: 0
********************************************************************************

  iSCC Total electronic   Diff electronic      SCC error    
    1   -0.18966255E+02    0.00000000E+00    0.67487404E+00
    2   -0.18966510E+02   -0.25580072E-03    0.66601663E+00
    3   -0.18973761E+02   -0.72510897E-02    0.82118298E-01
    4   -0.18973698E+02    0.63609534E-04    0.68604465E-01
    5   -0.18974029E+02   -0.33080446E-03    0.38023891E-01
    6   -0.18974057E+02   -0.28611161E-04    0.12169359E-01
    7   -0.18974059E+02   -0.14391391E-05    0.12923126E-01
    8   -0.18974080E+02   -0.20846456E-04    0.44326856E-02
    9   -0.18974080E+02   -0.88183469E-07    0.51049547E-02
   10   -0.18974080E+02   -0.31227526E-06    0.27529921E-02
   11   -0.18974080E+02   -0.48989047E-07    0.10419754E-02
   12   -0.18974080E+02   -0.38084373E-07    0.14101503E-03
   13   -0.18974080E+02   -0.22709976E-08    0.91199351E-04
   14   -0.18974080E+02   -0.46946624E-09    0.17981362E-04
   15   -0.18974080E+02   -0.16409984E-10    0.54858614E-05
   16   -0.18974080E+02   -0.74962259E-12    0.32473792E-06
>> Charges saved for restart in charges.bin
 
 Total Energy:                     -18.9171460471 H
 Total Mermin free energy:         -18.9171460471 H
