================================================================================
==
==   Density Functional based Tight Binding with a lot of extensions (DFTB+)    
==
==                              Release: 1.2 (p2)
==
==                            (ParserVersion = 4)
==
================================================================================


********************************************************************************
** Parsing and initializing
********************************************************************************

Interpreting input file 'dftb_in.hsd'
--------------------------------------------------------------------------------
WARNING!
-> WriteHSDInput and WriteXMLInput both turned off. You won't eventually be 
 able to obtain the same results with a later version of the code!
Path: dftb_in/ParserOptions
Line: 78-81 (File: dftb_in.hsd)

Reading SK-files:
  /home/andersx/parameters/3ob-3-1/C-C.skf
  /home/andersx/parameters/3ob-3-1/C-O.skf
  /home/andersx/parameters/3ob-3-1/C-H.skf
  /home/andersx/parameters/3ob-3-1/O-C.skf
  /home/andersx/parameters/3ob-3-1/O-O.skf
  /home/andersx/parameters/3ob-3-1/O-H.skf
  /home/andersx/parameters/3ob-3-1/H-C.skf
  /home/andersx/parameters/3ob-3-1/H-O.skf
  /home/andersx/parameters/3ob-3-1/H-H.skf
Done.

Starting initialization...
--------------------------------------------------------------------------------
Mode:                        Static calculation
Self consistent charges:     Yes
SCC-tolerance:                 0.100000E-05
Max. scc iterations:                    100
Ewald alpha parameter:         0.000000E+00
Spin polarisation:           No
Nr. of up electrons:            22.000000
Nr. of down electrons:          22.000000
Periodic boundaries:         No
Diagonalizer:                Divide and Conquer
Mixer:                       Anderson mixer
Mixing parameter:                  0.200000
Maximal SCC-cycles:                     100
Nr. of chrg. vectors to mix:              8
Electronic temperature:        0.100000E-07
Initial charges:             Set automatically (system chrg:   0.000E+00)
Included shells:              C:  s, p
                              O:  s, p
                              H:  s
Full 3rd order correction    Yes
Damped SCC                   Yes
Damped specie(s):            H                                                 
Extra options:
--------------------------------------------------------------------------------
 

********************************************************************************
** Geometry step: 0
********************************************************************************

  iSCC Total electronic   Diff electronic      SCC error    
    1   -0.19637006E+02    0.00000000E+00    0.67862636E+00
    2   -0.19637412E+02   -0.40571434E-03    0.66981055E+00
    3   -0.19648422E+02   -0.11010579E-01    0.79931370E-01
    4   -0.19648271E+02    0.15128366E-03    0.78253727E-01
    5   -0.19648568E+02   -0.29694343E-03    0.81962078E-01
    6   -0.19648802E+02   -0.23382301E-03    0.11142093E-01
    7   -0.19648802E+02    0.25721342E-06    0.13634005E-01
    8   -0.19648807E+02   -0.50708488E-05    0.23778025E-02
    9   -0.19648807E+02    0.22027642E-08    0.17615356E-02
   10   -0.19648807E+02   -0.38579984E-07    0.12532473E-02
   11   -0.19648807E+02   -0.23922425E-07    0.34586683E-03
   12   -0.19648807E+02   -0.45140318E-08    0.42223025E-04
   13   -0.19648807E+02   -0.47158721E-10    0.12064259E-04
   14   -0.19648807E+02   -0.55351279E-11    0.10477879E-05
   15   -0.19648807E+02   -0.85265128E-13    0.18537654E-06
>> Charges saved for restart in charges.bin
 
 Total Energy:                     -19.6961182803 H
 Total Mermin free energy:         -19.6961182803 H
