================================================================================
==
==   Density Functional based Tight Binding with a lot of extensions (DFTB+)    
==
==                              Release: 1.2 (p2)
==
==                            (ParserVersion = 4)
==
================================================================================


********************************************************************************
** Parsing and initializing
********************************************************************************

Interpreting input file 'dftb_in.hsd'
--------------------------------------------------------------------------------
WARNING!
-> WriteHSDInput and WriteXMLInput both turned off. You won't eventually be 
 able to obtain the same results with a later version of the code!
Path: dftb_in/ParserOptions
Line: 74-77 (File: dftb_in.hsd)

Reading SK-files:
  /home/andersx/parameters/3ob-3-1/C-C.skf
  /home/andersx/parameters/3ob-3-1/C-O.skf
  /home/andersx/parameters/3ob-3-1/C-H.skf
  /home/andersx/parameters/3ob-3-1/O-C.skf
  /home/andersx/parameters/3ob-3-1/O-O.skf
  /home/andersx/parameters/3ob-3-1/O-H.skf
  /home/andersx/parameters/3ob-3-1/H-C.skf
  /home/andersx/parameters/3ob-3-1/H-O.skf
  /home/andersx/parameters/3ob-3-1/H-H.skf
Done.

Starting initialization...
--------------------------------------------------------------------------------
Mode:                        Static calculation
Self consistent charges:     Yes
SCC-tolerance:                 0.100000E-05
Max. scc iterations:                    100
Ewald alpha parameter:         0.000000E+00
Spin polarisation:           No
Nr. of up electrons:            20.000000
Nr. of down electrons:          20.000000
Periodic boundaries:         No
Diagonalizer:                Divide and Conquer
Mixer:                       Anderson mixer
Mixing parameter:                  0.200000
Maximal SCC-cycles:                     100
Nr. of chrg. vectors to mix:              8
Electronic temperature:        0.100000E-07
Initial charges:             Set automatically (system chrg:   0.000E+00)
Included shells:              C:  s, p
                              O:  s, p
                              H:  s
Full 3rd order correction    Yes
Damped SCC                   Yes
Damped specie(s):            H                                                 
Extra options:
--------------------------------------------------------------------------------
 

********************************************************************************
** Geometry step: 0
********************************************************************************

  iSCC Total electronic   Diff electronic      SCC error    
    1   -0.18269856E+02    0.00000000E+00    0.73879615E+00
    2   -0.18270763E+02   -0.90665747E-03    0.72607997E+00
    3   -0.18293425E+02   -0.22662656E-01    0.13429691E+00
    4   -0.18293896E+02   -0.47084453E-03    0.13669107E+00
    5   -0.18295177E+02   -0.12802140E-02    0.45436691E-01
    6   -0.18295275E+02   -0.98684852E-04    0.19052411E-01
    7   -0.18295277E+02   -0.13938679E-05    0.18437050E-01
    8   -0.18295303E+02   -0.26504115E-04    0.17843124E-02
    9   -0.18295303E+02   -0.12851498E-06    0.15175953E-02
   10   -0.18295303E+02   -0.19396593E-06    0.73430412E-03
   11   -0.18295303E+02   -0.27192137E-07    0.44174831E-03
   12   -0.18295303E+02   -0.17894369E-07    0.10119336E-03
   13   -0.18295303E+02   -0.12106227E-09    0.12287232E-04
   14   -0.18295303E+02   -0.22417623E-11    0.25351126E-05
   15   -0.18295303E+02   -0.10302870E-12    0.65908558E-06
>> Charges saved for restart in charges.bin
 
 Total Energy:                     -18.1603288854 H
 Total Mermin free energy:         -18.1603288854 H
