================================================================================
==
==   Density Functional based Tight Binding with a lot of extensions (DFTB+)    
==
==                              Release: 1.2 (p2)
==
==                            (ParserVersion = 4)
==
================================================================================


********************************************************************************
** Parsing and initializing
********************************************************************************

Interpreting input file 'dftb_in.hsd'
--------------------------------------------------------------------------------
WARNING!
-> WriteHSDInput and WriteXMLInput both turned off. You won't eventually be 
 able to obtain the same results with a later version of the code!
Path: dftb_in/ParserOptions
Line: 72-75 (File: dftb_in.hsd)

Reading SK-files:
  /home/andersx/parameters/3ob-3-1/C-C.skf
  /home/andersx/parameters/3ob-3-1/C-O.skf
  /home/andersx/parameters/3ob-3-1/C-H.skf
  /home/andersx/parameters/3ob-3-1/O-C.skf
  /home/andersx/parameters/3ob-3-1/O-O.skf
  /home/andersx/parameters/3ob-3-1/O-H.skf
  /home/andersx/parameters/3ob-3-1/H-C.skf
  /home/andersx/parameters/3ob-3-1/H-O.skf
  /home/andersx/parameters/3ob-3-1/H-H.skf
Done.

Starting initialization...
--------------------------------------------------------------------------------
Mode:                        Static calculation
Self consistent charges:     Yes
SCC-tolerance:                 0.100000E-05
Max. scc iterations:                    100
Ewald alpha parameter:         0.000000E+00
Spin polarisation:           No
Nr. of up electrons:            19.000000
Nr. of down electrons:          19.000000
Periodic boundaries:         No
Diagonalizer:                Divide and Conquer
Mixer:                       Anderson mixer
Mixing parameter:                  0.200000
Maximal SCC-cycles:                     100
Nr. of chrg. vectors to mix:              8
Electronic temperature:        0.100000E-07
Initial charges:             Set automatically (system chrg:   0.000E+00)
Included shells:              C:  s, p
                              O:  s, p
                              H:  s
Full 3rd order correction    Yes
Damped SCC                   Yes
Damped specie(s):            H                                                 
Extra options:
--------------------------------------------------------------------------------
 

********************************************************************************
** Geometry step: 0
********************************************************************************

  iSCC Total electronic   Diff electronic      SCC error    
    1   -0.17599230E+02    0.00000000E+00    0.75696773E+00
    2   -0.17600083E+02   -0.85276061E-03    0.74501124E+00
    3   -0.17623364E+02   -0.23281744E-01    0.14293674E+00
    4   -0.17623859E+02   -0.49427813E-03    0.12461583E+00
    5   -0.17624571E+02   -0.71257581E-03    0.75451724E-01
    6   -0.17624819E+02   -0.24831789E-03    0.37060948E-01
    7   -0.17624822E+02   -0.26903399E-05    0.37373435E-01
    8   -0.17624877E+02   -0.55156365E-04    0.59545963E-02
    9   -0.17624878E+02   -0.93737689E-06    0.52919100E-02
   10   -0.17624880E+02   -0.16340225E-05    0.84388877E-03
   11   -0.17624880E+02   -0.59326389E-07    0.59510505E-03
   12   -0.17624880E+02   -0.55581065E-07    0.12322975E-03
   13   -0.17624880E+02   -0.35820236E-09    0.68957973E-04
   14   -0.17624880E+02   -0.14391333E-09    0.84019822E-05
   15   -0.17624880E+02   -0.30304648E-11    0.17103384E-05
   16   -0.17624880E+02   -0.56843419E-13    0.27674727E-06
>> Charges saved for restart in charges.bin
 
 Total Energy:                     -17.3560581960 H
 Total Mermin free energy:         -17.3560581960 H
