================================================================================
==
==   Density Functional based Tight Binding with a lot of extensions (DFTB+)    
==
==                              Release: 1.2 (p2)
==
==                            (ParserVersion = 4)
==
================================================================================


********************************************************************************
** Parsing and initializing
********************************************************************************

Interpreting input file 'dftb_in.hsd'
--------------------------------------------------------------------------------
WARNING!
-> WriteHSDInput and WriteXMLInput both turned off. You won't eventually be 
 able to obtain the same results with a later version of the code!
Path: dftb_in/ParserOptions
Line: 74-77 (File: dftb_in.hsd)

Reading SK-files:
  /home/andersx/parameters/3ob-3-1/C-C.skf
  /home/andersx/parameters/3ob-3-1/C-O.skf
  /home/andersx/parameters/3ob-3-1/C-H.skf
  /home/andersx/parameters/3ob-3-1/O-C.skf
  /home/andersx/parameters/3ob-3-1/O-O.skf
  /home/andersx/parameters/3ob-3-1/O-H.skf
  /home/andersx/parameters/3ob-3-1/H-C.skf
  /home/andersx/parameters/3ob-3-1/H-O.skf
  /home/andersx/parameters/3ob-3-1/H-H.skf
Done.

Starting initialization...
--------------------------------------------------------------------------------
Mode:                        Static calculation
Self consistent charges:     Yes
SCC-tolerance:                 0.100000E-05
Max. scc iterations:                    100
Ewald alpha parameter:         0.000000E+00
Spin polarisation:           No
Nr. of up electrons:            20.000000
Nr. of down electrons:          20.000000
Periodic boundaries:         No
Diagonalizer:                Divide and Conquer
Mixer:                       Anderson mixer
Mixing parameter:                  0.200000
Maximal SCC-cycles:                     100
Nr. of chrg. vectors to mix:              8
Electronic temperature:        0.100000E-07
Initial charges:             Set automatically (system chrg:   0.000E+00)
Included shells:              C:  s, p
                              O:  s, p
                              H:  s
Full 3rd order correction    Yes
Damped SCC                   Yes
Damped specie(s):            H                                                 
Extra options:
--------------------------------------------------------------------------------
 

********************************************************************************
** Geometry step: 0
********************************************************************************

  iSCC Total electronic   Diff electronic      SCC error    
    1   -0.18255526E+02    0.00000000E+00    0.93731984E+00
    2   -0.18256063E+02   -0.53734542E-03    0.92454608E+00
    3   -0.18271030E+02   -0.14967359E-01    0.14416955E+00
    4   -0.18271141E+02   -0.11019255E-03    0.14390538E+00
    5   -0.18271969E+02   -0.82800216E-03    0.26657995E-01
    6   -0.18271958E+02    0.10550626E-04    0.29740460E-01
    7   -0.18272009E+02   -0.50497866E-04    0.59931865E-02
    8   -0.18272010E+02   -0.88615571E-06    0.17883412E-02
    9   -0.18272010E+02   -0.17860701E-06    0.73083902E-03
   10   -0.18272010E+02   -0.84699678E-08    0.51411438E-03
   11   -0.18272010E+02   -0.40024517E-08    0.24902623E-04
   12   -0.18272010E+02   -0.46345150E-10    0.62063270E-05
   13   -0.18272010E+02   -0.26645353E-11    0.53876469E-06
>> Charges saved for restart in charges.bin
 
 Total Energy:                     -18.1688574178 H
 Total Mermin free energy:         -18.1688574178 H
