================================================================================
==
==   Density Functional based Tight Binding with a lot of extensions (DFTB+)    
==
==                              Release: 1.2 (p2)
==
==                            (ParserVersion = 4)
==
================================================================================


********************************************************************************
** Parsing and initializing
********************************************************************************

Interpreting input file 'dftb_in.hsd'
--------------------------------------------------------------------------------
WARNING!
-> WriteHSDInput and WriteXMLInput both turned off. You won't eventually be 
 able to obtain the same results with a later version of the code!
Path: dftb_in/ParserOptions
Line: 72-75 (File: dftb_in.hsd)

Reading SK-files:
  /home/andersx/parameters/3ob-3-1/C-C.skf
  /home/andersx/parameters/3ob-3-1/C-O.skf
  /home/andersx/parameters/3ob-3-1/C-H.skf
  /home/andersx/parameters/3ob-3-1/O-C.skf
  /home/andersx/parameters/3ob-3-1/O-O.skf
  /home/andersx/parameters/3ob-3-1/O-H.skf
  /home/andersx/parameters/3ob-3-1/H-C.skf
  /home/andersx/parameters/3ob-3-1/H-O.skf
  /home/andersx/parameters/3ob-3-1/H-H.skf
Done.

Starting initialization...
--------------------------------------------------------------------------------
Mode:                        Static calculation
Self consistent charges:     Yes
SCC-tolerance:                 0.100000E-05
Max. scc iterations:                    100
Ewald alpha parameter:         0.000000E+00
Spin polarisation:           No
Nr. of up electrons:            19.000000
Nr. of down electrons:          19.000000
Periodic boundaries:         No
Diagonalizer:                Divide and Conquer
Mixer:                       Anderson mixer
Mixing parameter:                  0.200000
Maximal SCC-cycles:                     100
Nr. of chrg. vectors to mix:              8
Electronic temperature:        0.100000E-07
Initial charges:             Set automatically (system chrg:   0.000E+00)
Included shells:              C:  s, p
                              O:  s, p
                              H:  s
Full 3rd order correction    Yes
Damped SCC                   Yes
Damped specie(s):            H                                                 
Extra options:
--------------------------------------------------------------------------------
 

********************************************************************************
** Geometry step: 0
********************************************************************************

  iSCC Total electronic   Diff electronic      SCC error    
    1   -0.17632380E+02    0.00000000E+00    0.94086852E+00
    2   -0.17632983E+02   -0.60338067E-03    0.92811538E+00
    3   -0.17649985E+02   -0.17001656E-01    0.14311269E+00
    4   -0.17650153E+02   -0.16835271E-03    0.14365248E+00
    5   -0.17651172E+02   -0.10186417E-02    0.36791268E-01
    6   -0.17651161E+02    0.11037168E-04    0.32153987E-01
    7   -0.17651193E+02   -0.32224747E-04    0.63081203E-02
    8   -0.17651194E+02   -0.16812154E-05    0.42175791E-02
    9   -0.17651196E+02   -0.16134003E-05    0.22799024E-02
   10   -0.17651196E+02   -0.19857225E-06    0.35420458E-03
   11   -0.17651196E+02   -0.14138184E-07    0.10254377E-03
   12   -0.17651196E+02   -0.11259473E-08    0.22229699E-04
   13   -0.17651196E+02   -0.21653790E-10    0.26775353E-05
   14   -0.17651196E+02   -0.49737992E-13    0.35105171E-06
>> Charges saved for restart in charges.bin
 
 Total Energy:                     -17.3758802347 H
 Total Mermin free energy:         -17.3758802347 H
