================================================================================
==
==   Density Functional based Tight Binding with a lot of extensions (DFTB+)    
==
==                              Release: 1.2 (p2)
==
==                            (ParserVersion = 4)
==
================================================================================


********************************************************************************
** Parsing and initializing
********************************************************************************

Interpreting input file 'dftb_in.hsd'
--------------------------------------------------------------------------------
WARNING!
-> WriteHSDInput and WriteXMLInput both turned off. You won't eventually be 
 able to obtain the same results with a later version of the code!
Path: dftb_in/ParserOptions
Line: 76-79 (File: dftb_in.hsd)

Reading SK-files:
  /home/andersx/parameters/3ob-3-1/C-C.skf
  /home/andersx/parameters/3ob-3-1/C-O.skf
  /home/andersx/parameters/3ob-3-1/C-H.skf
  /home/andersx/parameters/3ob-3-1/O-C.skf
  /home/andersx/parameters/3ob-3-1/O-O.skf
  /home/andersx/parameters/3ob-3-1/O-H.skf
  /home/andersx/parameters/3ob-3-1/H-C.skf
  /home/andersx/parameters/3ob-3-1/H-O.skf
  /home/andersx/parameters/3ob-3-1/H-H.skf
Done.

Starting initialization...
--------------------------------------------------------------------------------
Mode:                        Static calculation
Self consistent charges:     Yes
SCC-tolerance:                 0.100000E-05
Max. scc iterations:                    100
Ewald alpha parameter:         0.000000E+00
Spin polarisation:           No
Nr. of up electrons:            21.000000
Nr. of down electrons:          21.000000
Periodic boundaries:         No
Diagonalizer:                Divide and Conquer
Mixer:                       Anderson mixer
Mixing parameter:                  0.200000
Maximal SCC-cycles:                     100
Nr. of chrg. vectors to mix:              8
Electronic temperature:        0.100000E-07
Initial charges:             Set automatically (system chrg:   0.000E+00)
Included shells:              C:  s, p
                              O:  s, p
                              H:  s
Full 3rd order correction    Yes
Damped SCC                   Yes
Damped specie(s):            H                                                 
Extra options:
--------------------------------------------------------------------------------
 

********************************************************************************
** Geometry step: 0
********************************************************************************

  iSCC Total electronic   Diff electronic      SCC error    
    1   -0.18883472E+02    0.00000000E+00    0.68356065E+00
    2   -0.18883896E+02   -0.42440552E-03    0.67453089E+00
    3   -0.18895614E+02   -0.11718111E-01    0.76173117E-01
    4   -0.18895456E+02    0.15813378E-03    0.79049753E-01
    5   -0.18895683E+02   -0.22664006E-03    0.93863303E-01
    6   -0.18895949E+02   -0.26563140E-03    0.10554556E-01
    7   -0.18895949E+02   -0.71982022E-06    0.10266678E-01
    8   -0.18895953E+02   -0.41597982E-05    0.47390377E-02
    9   -0.18895954E+02   -0.36467998E-06    0.82931793E-03
   10   -0.18895954E+02   -0.27871124E-07    0.84803999E-03
   11   -0.18895954E+02   -0.30824339E-08    0.13702323E-03
   12   -0.18895954E+02   -0.12048709E-08    0.35944481E-04
   13   -0.18895954E+02   -0.27071678E-10    0.40259097E-05
   14   -0.18895954E+02   -0.14424018E-11    0.34805049E-06
>> Charges saved for restart in charges.bin
 
 Total Energy:                     -18.8876251695 H
 Total Mermin free energy:         -18.8876251695 H
