================================================================================
==
==   Density Functional based Tight Binding with a lot of extensions (DFTB+)    
==
==                              Release: 1.2 (p2)
==
==                            (ParserVersion = 4)
==
================================================================================


********************************************************************************
** Parsing and initializing
********************************************************************************

Interpreting input file 'dftb_in.hsd'
--------------------------------------------------------------------------------
WARNING!
-> WriteHSDInput and WriteXMLInput both turned off. You won't eventually be 
 able to obtain the same results with a later version of the code!
Path: dftb_in/ParserOptions
Line: 74-77 (File: dftb_in.hsd)

Reading SK-files:
  /home/andersx/parameters/3ob-3-1/C-C.skf
  /home/andersx/parameters/3ob-3-1/C-O.skf
  /home/andersx/parameters/3ob-3-1/C-H.skf
  /home/andersx/parameters/3ob-3-1/O-C.skf
  /home/andersx/parameters/3ob-3-1/O-O.skf
  /home/andersx/parameters/3ob-3-1/O-H.skf
  /home/andersx/parameters/3ob-3-1/H-C.skf
  /home/andersx/parameters/3ob-3-1/H-O.skf
  /home/andersx/parameters/3ob-3-1/H-H.skf
Done.

Starting initialization...
--------------------------------------------------------------------------------
Mode:                        Static calculation
Self consistent charges:     Yes
SCC-tolerance:                 0.100000E-05
Max. scc iterations:                    100
Ewald alpha parameter:         0.000000E+00
Spin polarisation:           No
Nr. of up electrons:            19.000000
Nr. of down electrons:          19.000000
Periodic boundaries:         No
Diagonalizer:                Divide and Conquer
Mixer:                       Anderson mixer
Mixing parameter:                  0.200000
Maximal SCC-cycles:                     100
Nr. of chrg. vectors to mix:              8
Electronic temperature:        0.100000E-07
Initial charges:             Set automatically (system chrg:   0.000E+00)
Included shells:              C:  s, p
                              O:  s, p
                              H:  s
Full 3rd order correction    Yes
Damped SCC                   Yes
Damped specie(s):            H                                                 
Extra options:
--------------------------------------------------------------------------------
 

********************************************************************************
** Geometry step: 0
********************************************************************************

  iSCC Total electronic   Diff electronic      SCC error    
    1   -0.16607504E+02    0.00000000E+00    0.43055081E+00
    2   -0.16607721E+02   -0.21623356E-03    0.42398456E+00
    3   -0.16613088E+02   -0.53676325E-02    0.92867554E-01
    4   -0.16612869E+02    0.21946717E-03    0.77649241E-01
    5   -0.16613167E+02   -0.29815607E-03    0.93301610E-01
    6   -0.16613630E+02   -0.46304032E-03    0.18368830E-01
    7   -0.16613643E+02   -0.12865850E-04    0.27044898E-01
    8   -0.16613650E+02   -0.74834159E-05    0.12226176E-01
    9   -0.16613650E+02    0.16596147E-06    0.78575530E-02
   10   -0.16613650E+02   -0.10004874E-06    0.70171203E-02
   11   -0.16613650E+02   -0.19674209E-06    0.11661074E-02
   12   -0.16613651E+02   -0.13035824E-06    0.25171663E-03
   13   -0.16613651E+02   -0.74559594E-08    0.76898993E-04
   14   -0.16613651E+02   -0.10677041E-08    0.33303797E-04
   15   -0.16613651E+02   -0.12441603E-10    0.77450123E-05
   16   -0.16613651E+02   -0.74251716E-12    0.54837880E-06
>> Charges saved for restart in charges.bin
 
 Total Energy:                     -16.5394954762 H
 Total Mermin free energy:         -16.5394954762 H
