================================================================================
==
==   Density Functional based Tight Binding with a lot of extensions (DFTB+)    
==
==                              Release: 1.2 (p2)
==
==                            (ParserVersion = 4)
==
================================================================================


********************************************************************************
** Parsing and initializing
********************************************************************************

Interpreting input file 'dftb_in.hsd'
--------------------------------------------------------------------------------
WARNING!
-> WriteHSDInput and WriteXMLInput both turned off. You won't eventually be 
 able to obtain the same results with a later version of the code!
Path: dftb_in/ParserOptions
Line: 74-77 (File: dftb_in.hsd)

Reading SK-files:
  /home/andersx/parameters/3ob-3-1/C-C.skf
  /home/andersx/parameters/3ob-3-1/C-O.skf
  /home/andersx/parameters/3ob-3-1/C-H.skf
  /home/andersx/parameters/3ob-3-1/O-C.skf
  /home/andersx/parameters/3ob-3-1/O-O.skf
  /home/andersx/parameters/3ob-3-1/O-H.skf
  /home/andersx/parameters/3ob-3-1/H-C.skf
  /home/andersx/parameters/3ob-3-1/H-O.skf
  /home/andersx/parameters/3ob-3-1/H-H.skf
Done.

Starting initialization...
--------------------------------------------------------------------------------
Mode:                        Static calculation
Self consistent charges:     Yes
SCC-tolerance:                 0.100000E-05
Max. scc iterations:                    100
Ewald alpha parameter:         0.000000E+00
Spin polarisation:           No
Nr. of up electrons:            19.000000
Nr. of down electrons:          19.000000
Periodic boundaries:         No
Diagonalizer:                Divide and Conquer
Mixer:                       Anderson mixer
Mixing parameter:                  0.200000
Maximal SCC-cycles:                     100
Nr. of chrg. vectors to mix:              8
Electronic temperature:        0.100000E-07
Initial charges:             Set automatically (system chrg:   0.000E+00)
Included shells:              C:  s, p
                              O:  s, p
                              H:  s
Full 3rd order correction    Yes
Damped SCC                   Yes
Damped specie(s):            H                                                 
Extra options:
--------------------------------------------------------------------------------
 

********************************************************************************
** Geometry step: 0
********************************************************************************

  iSCC Total electronic   Diff electronic      SCC error    
    1   -0.16575001E+02    0.00000000E+00    0.53896675E+00
    2   -0.16575310E+02   -0.30945958E-03    0.53071034E+00
    3   -0.16584106E+02   -0.87957185E-02    0.80133114E-01
    4   -0.16584039E+02    0.67393185E-04    0.70969572E-01
    5   -0.16584176E+02   -0.13714334E-03    0.54412676E-01
    6   -0.16584259E+02   -0.82643624E-04    0.17055502E-01
    7   -0.16584258E+02    0.92362631E-06    0.20848679E-01
    8   -0.16584271E+02   -0.13847769E-04    0.34515734E-02
    9   -0.16584272E+02   -0.28602730E-06    0.76512494E-03
   10   -0.16584272E+02   -0.42398266E-07    0.41510790E-03
   11   -0.16584272E+02   -0.10297402E-07    0.12946586E-03
   12   -0.16584272E+02   -0.13127064E-08    0.96732549E-05
   13   -0.16584272E+02   -0.10352608E-10    0.18896963E-05
   14   -0.16584272E+02   -0.60396133E-13    0.23851277E-06
>> Charges saved for restart in charges.bin
 
 Total Energy:                     -16.5206994790 H
 Total Mermin free energy:         -16.5206994790 H
