================================================================================
==
==   Density Functional based Tight Binding with a lot of extensions (DFTB+)    
==
==                              Release: 1.2 (p2)
==
==                            (ParserVersion = 4)
==
================================================================================


********************************************************************************
** Parsing and initializing
********************************************************************************

Interpreting input file 'dftb_in.hsd'
--------------------------------------------------------------------------------
WARNING!
-> WriteHSDInput and WriteXMLInput both turned off. You won't eventually be 
 able to obtain the same results with a later version of the code!
Path: dftb_in/ParserOptions
Line: 72-75 (File: dftb_in.hsd)

Reading SK-files:
  /home/andersx/parameters/3ob-3-1/C-C.skf
  /home/andersx/parameters/3ob-3-1/C-O.skf
  /home/andersx/parameters/3ob-3-1/C-H.skf
  /home/andersx/parameters/3ob-3-1/O-C.skf
  /home/andersx/parameters/3ob-3-1/O-O.skf
  /home/andersx/parameters/3ob-3-1/O-H.skf
  /home/andersx/parameters/3ob-3-1/H-C.skf
  /home/andersx/parameters/3ob-3-1/H-O.skf
  /home/andersx/parameters/3ob-3-1/H-H.skf
Done.

Starting initialization...
--------------------------------------------------------------------------------
Mode:                        Static calculation
Self consistent charges:     Yes
SCC-tolerance:                 0.100000E-05
Max. scc iterations:                    100
Ewald alpha parameter:         0.000000E+00
Spin polarisation:           No
Nr. of up electrons:            19.000000
Nr. of down electrons:          19.000000
Periodic boundaries:         No
Diagonalizer:                Divide and Conquer
Mixer:                       Anderson mixer
Mixing parameter:                  0.200000
Maximal SCC-cycles:                     100
Nr. of chrg. vectors to mix:              8
Electronic temperature:        0.100000E-07
Initial charges:             Set automatically (system chrg:   0.000E+00)
Included shells:              C:  s, p
                              O:  s, p
                              H:  s
Full 3rd order correction    Yes
Damped SCC                   Yes
Damped specie(s):            H                                                 
Extra options:
--------------------------------------------------------------------------------
 

********************************************************************************
** Geometry step: 0
********************************************************************************

  iSCC Total electronic   Diff electronic      SCC error    
    1   -0.17557476E+02    0.00000000E+00    0.44804343E+00
    2   -0.17557756E+02   -0.28035321E-03    0.44116782E+00
    3   -0.17565403E+02   -0.76468909E-02    0.96276107E-01
    4   -0.17565356E+02    0.47015683E-04    0.90862751E-01
    5   -0.17565766E+02   -0.40992130E-03    0.19944918E-01
    6   -0.17565768E+02   -0.25327811E-05    0.20127209E-01
    7   -0.17565786E+02   -0.17960860E-04    0.10827080E-01
    8   -0.17565788E+02   -0.16587363E-05    0.16244925E-02
    9   -0.17565788E+02   -0.59669237E-07    0.14505463E-02
   10   -0.17565788E+02   -0.15045840E-06    0.16570188E-03
   11   -0.17565788E+02   -0.22285462E-08    0.93879650E-04
   12   -0.17565788E+02   -0.49644200E-09    0.22267245E-04
   13   -0.17565788E+02   -0.25025315E-10    0.30551832E-05
   14   -0.17565788E+02   -0.67501560E-13    0.65562911E-06
>> Charges saved for restart in charges.bin
 
 Total Energy:                     -17.3869921095 H
 Total Mermin free energy:         -17.3869921095 H
