================================================================================
==
==   Density Functional based Tight Binding with a lot of extensions (DFTB+)    
==
==                              Release: 1.2 (p2)
==
==                            (ParserVersion = 4)
==
================================================================================


********************************************************************************
** Parsing and initializing
********************************************************************************

Interpreting input file 'dftb_in.hsd'
--------------------------------------------------------------------------------
WARNING!
-> WriteHSDInput and WriteXMLInput both turned off. You won't eventually be 
 able to obtain the same results with a later version of the code!
Path: dftb_in/ParserOptions
Line: 74-77 (File: dftb_in.hsd)

Reading SK-files:
  /home/andersx/parameters/3ob-3-1/C-C.skf
  /home/andersx/parameters/3ob-3-1/C-O.skf
  /home/andersx/parameters/3ob-3-1/C-H.skf
  /home/andersx/parameters/3ob-3-1/O-C.skf
  /home/andersx/parameters/3ob-3-1/O-O.skf
  /home/andersx/parameters/3ob-3-1/O-H.skf
  /home/andersx/parameters/3ob-3-1/H-C.skf
  /home/andersx/parameters/3ob-3-1/H-O.skf
  /home/andersx/parameters/3ob-3-1/H-H.skf
Done.

Starting initialization...
--------------------------------------------------------------------------------
Mode:                        Static calculation
Self consistent charges:     Yes
SCC-tolerance:                 0.100000E-05
Max. scc iterations:                    100
Ewald alpha parameter:         0.000000E+00
Spin polarisation:           No
Nr. of up electrons:            20.000000
Nr. of down electrons:          20.000000
Periodic boundaries:         No
Diagonalizer:                Divide and Conquer
Mixer:                       Anderson mixer
Mixing parameter:                  0.200000
Maximal SCC-cycles:                     100
Nr. of chrg. vectors to mix:              8
Electronic temperature:        0.100000E-07
Initial charges:             Set automatically (system chrg:   0.000E+00)
Included shells:              C:  s, p
                              O:  s, p
                              H:  s
Full 3rd order correction    Yes
Damped SCC                   Yes
Damped specie(s):            H                                                 
Extra options:
--------------------------------------------------------------------------------
 

********************************************************************************
** Geometry step: 0
********************************************************************************

  iSCC Total electronic   Diff electronic      SCC error    
    1   -0.18197365E+02    0.00000000E+00    0.58646544E+00
    2   -0.18197832E+02   -0.46710854E-03    0.57755854E+00
    3   -0.18211920E+02   -0.14088416E-01    0.55131069E-01
    4   -0.18211900E+02    0.20467652E-04    0.48775921E-01
    5   -0.18211973E+02   -0.73744709E-04    0.18489664E-01
    6   -0.18211982E+02   -0.81403255E-05    0.38480070E-02
    7   -0.18211982E+02   -0.56254947E-06    0.57215641E-02
    8   -0.18211984E+02   -0.15666678E-05    0.63381873E-02
    9   -0.18211984E+02    0.24916300E-07    0.61941626E-02
   10   -0.18211986E+02   -0.18309085E-05    0.31817156E-02
   11   -0.18211986E+02   -0.65576479E-06    0.15547513E-02
   12   -0.18211986E+02   -0.17015925E-06    0.26200534E-03
   13   -0.18211986E+02   -0.15923902E-08    0.16985270E-03
   14   -0.18211986E+02   -0.35453951E-09    0.23848744E-04
   15   -0.18211986E+02   -0.50178528E-10    0.60540111E-05
   16   -0.18211986E+02   -0.22737368E-12    0.14262535E-05
   17   -0.18211986E+02   -0.71054274E-14    0.70701485E-07
>> Charges saved for restart in charges.bin
 
 Total Energy:                     -18.1397722673 H
 Total Mermin free energy:         -18.1397722673 H
