================================================================================
==
==   Density Functional based Tight Binding with a lot of extensions (DFTB+)    
==
==                              Release: 1.2 (p2)
==
==                            (ParserVersion = 4)
==
================================================================================


********************************************************************************
** Parsing and initializing
********************************************************************************

Interpreting input file 'dftb_in.hsd'
--------------------------------------------------------------------------------
WARNING!
-> WriteHSDInput and WriteXMLInput both turned off. You won't eventually be 
 able to obtain the same results with a later version of the code!
Path: dftb_in/ParserOptions
Line: 74-77 (File: dftb_in.hsd)

Reading SK-files:
  /home/andersx/parameters/3ob-3-1/C-C.skf
  /home/andersx/parameters/3ob-3-1/C-O.skf
  /home/andersx/parameters/3ob-3-1/C-H.skf
  /home/andersx/parameters/3ob-3-1/O-C.skf
  /home/andersx/parameters/3ob-3-1/O-O.skf
  /home/andersx/parameters/3ob-3-1/O-H.skf
  /home/andersx/parameters/3ob-3-1/H-C.skf
  /home/andersx/parameters/3ob-3-1/H-O.skf
  /home/andersx/parameters/3ob-3-1/H-H.skf
Done.

Starting initialization...
--------------------------------------------------------------------------------
Mode:                        Static calculation
Self consistent charges:     Yes
SCC-tolerance:                 0.100000E-05
Max. scc iterations:                    100
Ewald alpha parameter:         0.000000E+00
Spin polarisation:           No
Nr. of up electrons:            20.000000
Nr. of down electrons:          20.000000
Periodic boundaries:         No
Diagonalizer:                Divide and Conquer
Mixer:                       Anderson mixer
Mixing parameter:                  0.200000
Maximal SCC-cycles:                     100
Nr. of chrg. vectors to mix:              8
Electronic temperature:        0.100000E-07
Initial charges:             Set automatically (system chrg:   0.000E+00)
Included shells:              C:  s, p
                              O:  s, p
                              H:  s
Full 3rd order correction    Yes
Damped SCC                   Yes
Damped specie(s):            H                                                 
Extra options:
--------------------------------------------------------------------------------
 

********************************************************************************
** Geometry step: 0
********************************************************************************

  iSCC Total electronic   Diff electronic      SCC error    
    1   -0.18191128E+02    0.00000000E+00    0.49776863E+00
    2   -0.18191614E+02   -0.48642476E-03    0.48976495E+00
    3   -0.18205411E+02   -0.13796731E-01    0.83553923E-01
    4   -0.18205379E+02    0.31841977E-04    0.80362317E-01
    5   -0.18205607E+02   -0.22783053E-03    0.21922167E-01
    6   -0.18205626E+02   -0.18966287E-04    0.20722703E-01
    7   -0.18205613E+02    0.13314838E-04    0.19611150E-01
    8   -0.18205646E+02   -0.33612123E-04    0.19425033E-02
    9   -0.18205646E+02   -0.25798865E-06    0.16630549E-02
   10   -0.18205647E+02   -0.22892168E-06    0.39493272E-03
   11   -0.18205647E+02   -0.39165293E-08    0.12088766E-03
   12   -0.18205647E+02   -0.70553341E-09    0.15052425E-04
   13   -0.18205647E+02   -0.56239458E-11    0.32452927E-05
   14   -0.18205647E+02   -0.26645353E-12    0.23770463E-06
>> Charges saved for restart in charges.bin
 
 Total Energy:                     -18.1321485464 H
 Total Mermin free energy:         -18.1321485464 H
