================================================================================
==
==   Density Functional based Tight Binding with a lot of extensions (DFTB+)    
==
==                              Release: 1.2 (p2)
==
==                            (ParserVersion = 4)
==
================================================================================


********************************************************************************
** Parsing and initializing
********************************************************************************

Interpreting input file 'dftb_in.hsd'
--------------------------------------------------------------------------------
WARNING!
-> WriteHSDInput and WriteXMLInput both turned off. You won't eventually be 
 able to obtain the same results with a later version of the code!
Path: dftb_in/ParserOptions
Line: 78-81 (File: dftb_in.hsd)

Reading SK-files:
  /home/andersx/parameters/3ob-3-1/C-C.skf
  /home/andersx/parameters/3ob-3-1/C-O.skf
  /home/andersx/parameters/3ob-3-1/C-H.skf
  /home/andersx/parameters/3ob-3-1/O-C.skf
  /home/andersx/parameters/3ob-3-1/O-O.skf
  /home/andersx/parameters/3ob-3-1/O-H.skf
  /home/andersx/parameters/3ob-3-1/H-C.skf
  /home/andersx/parameters/3ob-3-1/H-O.skf
  /home/andersx/parameters/3ob-3-1/H-H.skf
Done.

Starting initialization...
--------------------------------------------------------------------------------
Mode:                        Static calculation
Self consistent charges:     Yes
SCC-tolerance:                 0.100000E-05
Max. scc iterations:                    100
Ewald alpha parameter:         0.000000E+00
Spin polarisation:           No
Nr. of up electrons:            21.000000
Nr. of down electrons:          21.000000
Periodic boundaries:         No
Diagonalizer:                Divide and Conquer
Mixer:                       Anderson mixer
Mixing parameter:                  0.200000
Maximal SCC-cycles:                     100
Nr. of chrg. vectors to mix:              8
Electronic temperature:        0.100000E-07
Initial charges:             Set automatically (system chrg:   0.000E+00)
Included shells:              C:  s, p
                              O:  s, p
                              H:  s
Full 3rd order correction    Yes
Damped SCC                   Yes
Damped specie(s):            H                                                 
Extra options:
--------------------------------------------------------------------------------
 

********************************************************************************
** Geometry step: 0
********************************************************************************

  iSCC Total electronic   Diff electronic      SCC error    
    1   -0.17955102E+02    0.00000000E+00    0.55246380E+00
    2   -0.17955431E+02   -0.32902918E-03    0.54388589E+00
    3   -0.17964665E+02   -0.92337079E-02    0.81046828E-01
    4   -0.17964588E+02    0.76179016E-04    0.74989484E-01
    5   -0.17964681E+02   -0.92184267E-04    0.70805963E-01
    6   -0.17964803E+02   -0.12188846E-03    0.86772694E-02
    7   -0.17964800E+02    0.23020326E-05    0.16436222E-01
    8   -0.17964809E+02   -0.86727615E-05    0.59019947E-02
    9   -0.17964810E+02   -0.84232348E-06    0.14405601E-02
   10   -0.17964810E+02   -0.24250841E-07    0.13376503E-02
   11   -0.17964810E+02   -0.34735098E-07    0.12913808E-03
   12   -0.17964810E+02   -0.98009778E-09    0.75189973E-04
   13   -0.17964810E+02   -0.39068837E-09    0.13051630E-04
   14   -0.17964810E+02   -0.54534155E-11    0.14191749E-05
   15   -0.17964810E+02   -0.10658141E-13    0.35187521E-06
>> Charges saved for restart in charges.bin
 
 Total Energy:                     -18.0620165281 H
 Total Mermin free energy:         -18.0620165281 H
