================================================================================
==
==   Density Functional based Tight Binding with a lot of extensions (DFTB+)    
==
==                              Release: 1.2 (p2)
==
==                            (ParserVersion = 4)
==
================================================================================


********************************************************************************
** Parsing and initializing
********************************************************************************

Interpreting input file 'dftb_in.hsd'
--------------------------------------------------------------------------------
WARNING!
-> WriteHSDInput and WriteXMLInput both turned off. You won't eventually be 
 able to obtain the same results with a later version of the code!
Path: dftb_in/ParserOptions
Line: 76-79 (File: dftb_in.hsd)

Reading SK-files:
  /home/andersx/parameters/3ob-3-1/C-C.skf
  /home/andersx/parameters/3ob-3-1/C-O.skf
  /home/andersx/parameters/3ob-3-1/C-H.skf
  /home/andersx/parameters/3ob-3-1/O-C.skf
  /home/andersx/parameters/3ob-3-1/O-O.skf
  /home/andersx/parameters/3ob-3-1/O-H.skf
  /home/andersx/parameters/3ob-3-1/H-C.skf
  /home/andersx/parameters/3ob-3-1/H-O.skf
  /home/andersx/parameters/3ob-3-1/H-H.skf
Done.

Starting initialization...
--------------------------------------------------------------------------------
Mode:                        Static calculation
Self consistent charges:     Yes
SCC-tolerance:                 0.100000E-05
Max. scc iterations:                    100
Ewald alpha parameter:         0.000000E+00
Spin polarisation:           No
Nr. of up electrons:            20.000000
Nr. of down electrons:          20.000000
Periodic boundaries:         No
Diagonalizer:                Divide and Conquer
Mixer:                       Anderson mixer
Mixing parameter:                  0.200000
Maximal SCC-cycles:                     100
Nr. of chrg. vectors to mix:              8
Electronic temperature:        0.100000E-07
Initial charges:             Set automatically (system chrg:   0.000E+00)
Included shells:              C:  s, p
                              O:  s, p
                              H:  s
Full 3rd order correction    Yes
Damped SCC                   Yes
Damped specie(s):            H                                                 
Extra options:
--------------------------------------------------------------------------------
 

********************************************************************************
** Geometry step: 0
********************************************************************************

  iSCC Total electronic   Diff electronic      SCC error    
    1   -0.17289221E+02    0.00000000E+00    0.54000359E+00
    2   -0.17289358E+02   -0.13732374E-03    0.53414191E+00
    3   -0.17292942E+02   -0.35844535E-02    0.11056976E+00
    4   -0.17292791E+02    0.15096568E-03    0.10445059E+00
    5   -0.17293059E+02   -0.26739833E-03    0.11908834E+00
    6   -0.17293302E+02   -0.24336206E-03    0.22181864E-01
    7   -0.17293330E+02   -0.28164741E-04    0.17012300E-01
    8   -0.17293350E+02   -0.19740572E-04    0.12754720E-01
    9   -0.17293350E+02   -0.11767332E-06    0.24686267E-02
   10   -0.17293350E+02   -0.67908424E-07    0.20739812E-02
   11   -0.17293350E+02   -0.20116968E-06    0.30124788E-03
   12   -0.17293350E+02   -0.29119676E-08    0.19634017E-03
   13   -0.17293350E+02   -0.90743768E-09    0.28351631E-04
   14   -0.17293350E+02   -0.58218319E-10    0.33407163E-05
   15   -0.17293350E+02   -0.19539925E-12    0.12062409E-05
   16   -0.17293350E+02   -0.28421709E-13    0.10349733E-06
>> Charges saved for restart in charges.bin
 
 Total Energy:                     -17.2860538602 H
 Total Mermin free energy:         -17.2860538602 H
