================================================================================
==
==   Density Functional based Tight Binding with a lot of extensions (DFTB+)    
==
==                              Release: 1.2 (p2)
==
==                            (ParserVersion = 4)
==
================================================================================


********************************************************************************
** Parsing and initializing
********************************************************************************

Interpreting input file 'dftb_in.hsd'
--------------------------------------------------------------------------------
WARNING!
-> WriteHSDInput and WriteXMLInput both turned off. You won't eventually be 
 able to obtain the same results with a later version of the code!
Path: dftb_in/ParserOptions
Line: 76-79 (File: dftb_in.hsd)

Reading SK-files:
  /home/andersx/parameters/3ob-3-1/C-C.skf
  /home/andersx/parameters/3ob-3-1/C-O.skf
  /home/andersx/parameters/3ob-3-1/C-H.skf
  /home/andersx/parameters/3ob-3-1/O-C.skf
  /home/andersx/parameters/3ob-3-1/O-O.skf
  /home/andersx/parameters/3ob-3-1/O-H.skf
  /home/andersx/parameters/3ob-3-1/H-C.skf
  /home/andersx/parameters/3ob-3-1/H-O.skf
  /home/andersx/parameters/3ob-3-1/H-H.skf
Done.

Starting initialization...
--------------------------------------------------------------------------------
Mode:                        Static calculation
Self consistent charges:     Yes
SCC-tolerance:                 0.100000E-05
Max. scc iterations:                    100
Ewald alpha parameter:         0.000000E+00
Spin polarisation:           No
Nr. of up electrons:            21.000000
Nr. of down electrons:          21.000000
Periodic boundaries:         No
Diagonalizer:                Divide and Conquer
Mixer:                       Anderson mixer
Mixing parameter:                  0.200000
Maximal SCC-cycles:                     100
Nr. of chrg. vectors to mix:              8
Electronic temperature:        0.100000E-07
Initial charges:             Set automatically (system chrg:   0.000E+00)
Included shells:              C:  s, p
                              O:  s, p
                              H:  s
Full 3rd order correction    Yes
Damped SCC                   Yes
Damped specie(s):            H                                                 
Extra options:
--------------------------------------------------------------------------------
 

********************************************************************************
** Geometry step: 0
********************************************************************************

  iSCC Total electronic   Diff electronic      SCC error    
    1   -0.18842641E+02    0.00000000E+00    0.64206794E+00
    2   -0.18843330E+02   -0.68884404E-03    0.63147009E+00
    3   -0.18863235E+02   -0.19905033E-01    0.98763050E-01
    4   -0.18863208E+02    0.26402841E-04    0.93598848E-01
    5   -0.18863289E+02   -0.80309674E-04    0.28942267E-01
    6   -0.18863320E+02   -0.31175556E-04    0.13319123E-01
    7   -0.18863320E+02    0.37705480E-07    0.13545365E-01
    8   -0.18863329E+02   -0.92320716E-05    0.79215271E-03
    9   -0.18863329E+02   -0.22998815E-07    0.76152822E-03
   10   -0.18863329E+02   -0.40999353E-07    0.10203440E-03
   11   -0.18863329E+02   -0.10291075E-08    0.49581797E-04
   12   -0.18863329E+02   -0.19369040E-09    0.45103918E-05
   13   -0.18863329E+02   -0.46185278E-12    0.47364296E-06
>> Charges saved for restart in charges.bin
 
 Total Energy:                     -18.8819450581 H
 Total Mermin free energy:         -18.8819450581 H
