================================================================================
==
==   Density Functional based Tight Binding with a lot of extensions (DFTB+)    
==
==                              Release: 1.2 (p2)
==
==                            (ParserVersion = 4)
==
================================================================================


********************************************************************************
** Parsing and initializing
********************************************************************************

Interpreting input file 'dftb_in.hsd'
--------------------------------------------------------------------------------
WARNING!
-> WriteHSDInput and WriteXMLInput both turned off. You won't eventually be 
 able to obtain the same results with a later version of the code!
Path: dftb_in/ParserOptions
Line: 76-79 (File: dftb_in.hsd)

Reading SK-files:
  /home/andersx/parameters/3ob-3-1/C-C.skf
  /home/andersx/parameters/3ob-3-1/C-O.skf
  /home/andersx/parameters/3ob-3-1/C-H.skf
  /home/andersx/parameters/3ob-3-1/O-C.skf
  /home/andersx/parameters/3ob-3-1/O-O.skf
  /home/andersx/parameters/3ob-3-1/O-H.skf
  /home/andersx/parameters/3ob-3-1/H-C.skf
  /home/andersx/parameters/3ob-3-1/H-O.skf
  /home/andersx/parameters/3ob-3-1/H-H.skf
Done.

Starting initialization...
--------------------------------------------------------------------------------
Mode:                        Static calculation
Self consistent charges:     Yes
SCC-tolerance:                 0.100000E-05
Max. scc iterations:                    100
Ewald alpha parameter:         0.000000E+00
Spin polarisation:           No
Nr. of up electrons:            20.000000
Nr. of down electrons:          20.000000
Periodic boundaries:         No
Diagonalizer:                Divide and Conquer
Mixer:                       Anderson mixer
Mixing parameter:                  0.200000
Maximal SCC-cycles:                     100
Nr. of chrg. vectors to mix:              8
Electronic temperature:        0.100000E-07
Initial charges:             Set automatically (system chrg:   0.000E+00)
Included shells:              C:  s, p
                              O:  s, p
                              H:  s
Full 3rd order correction    Yes
Damped SCC                   Yes
Damped specie(s):            H                                                 
Extra options:
--------------------------------------------------------------------------------
 

********************************************************************************
** Geometry step: 0
********************************************************************************

  iSCC Total electronic   Diff electronic      SCC error    
    1   -0.17343406E+02    0.00000000E+00    0.38921540E+00
    2   -0.17343572E+02   -0.16614914E-03    0.38333501E+00
    3   -0.17348634E+02   -0.50617441E-02    0.65330549E-01
    4   -0.17348615E+02    0.18651954E-04    0.59122115E-01
    5   -0.17348641E+02   -0.26001627E-04    0.42257515E-01
    6   -0.17348687E+02   -0.45571785E-04    0.11133151E-01
    7   -0.17348688E+02   -0.73606076E-06    0.15567620E-01
    8   -0.17348695E+02   -0.75785998E-05    0.31743973E-02
    9   -0.17348695E+02   -0.40179600E-07    0.25169877E-02
   10   -0.17348695E+02   -0.19103888E-06    0.28209699E-03
   11   -0.17348695E+02   -0.44659245E-08    0.13838623E-03
   12   -0.17348695E+02   -0.12475674E-08    0.75627734E-04
   13   -0.17348695E+02   -0.25437430E-09    0.69816039E-05
   14   -0.17348695E+02   -0.22133406E-11    0.37792478E-05
   15   -0.17348695E+02   -0.27355895E-12    0.39579222E-06
>> Charges saved for restart in charges.bin
 
 Total Energy:                     -17.3014829829 H
 Total Mermin free energy:         -17.3014829829 H
