================================================================================
==
==   Density Functional based Tight Binding with a lot of extensions (DFTB+)    
==
==                              Release: 1.2 (p2)
==
==                            (ParserVersion = 4)
==
================================================================================


********************************************************************************
** Parsing and initializing
********************************************************************************

Interpreting input file 'dftb_in.hsd'
--------------------------------------------------------------------------------
WARNING!
-> WriteHSDInput and WriteXMLInput both turned off. You won't eventually be 
 able to obtain the same results with a later version of the code!
Path: dftb_in/ParserOptions
Line: 76-79 (File: dftb_in.hsd)

Reading SK-files:
  /home/andersx/parameters/3ob-3-1/C-C.skf
  /home/andersx/parameters/3ob-3-1/C-O.skf
  /home/andersx/parameters/3ob-3-1/C-H.skf
  /home/andersx/parameters/3ob-3-1/O-C.skf
  /home/andersx/parameters/3ob-3-1/O-O.skf
  /home/andersx/parameters/3ob-3-1/O-H.skf
  /home/andersx/parameters/3ob-3-1/H-C.skf
  /home/andersx/parameters/3ob-3-1/H-O.skf
  /home/andersx/parameters/3ob-3-1/H-H.skf
Done.

Starting initialization...
--------------------------------------------------------------------------------
Mode:                        Static calculation
Self consistent charges:     Yes
SCC-tolerance:                 0.100000E-05
Max. scc iterations:                    100
Ewald alpha parameter:         0.000000E+00
Spin polarisation:           No
Nr. of up electrons:            20.000000
Nr. of down electrons:          20.000000
Periodic boundaries:         No
Diagonalizer:                Divide and Conquer
Mixer:                       Anderson mixer
Mixing parameter:                  0.200000
Maximal SCC-cycles:                     100
Nr. of chrg. vectors to mix:              8
Electronic temperature:        0.100000E-07
Initial charges:             Set automatically (system chrg:   0.000E+00)
Included shells:              C:  s, p
                              O:  s, p
                              H:  s
Full 3rd order correction    Yes
Damped SCC                   Yes
Damped specie(s):            H                                                 
Extra options:
--------------------------------------------------------------------------------
 

********************************************************************************
** Geometry step: 0
********************************************************************************

  iSCC Total electronic   Diff electronic      SCC error    
    1   -0.17340775E+02    0.00000000E+00    0.41421984E+00
    2   -0.17340957E+02   -0.18201372E-03    0.40861167E+00
    3   -0.17346178E+02   -0.52208958E-02    0.79261961E-01
    4   -0.17346106E+02    0.72346108E-04    0.70586532E-01
    5   -0.17346146E+02   -0.39539115E-04    0.64336864E-01
    6   -0.17346304E+02   -0.15798810E-03    0.37519723E-01
    7   -0.17346308E+02   -0.49635735E-05    0.41407677E-01
    8   -0.17346367E+02   -0.58159557E-04    0.95633594E-02
    9   -0.17346367E+02   -0.49968962E-06    0.43537505E-02
   10   -0.17346368E+02   -0.69050589E-06    0.45201222E-02
   11   -0.17346369E+02   -0.69624777E-06    0.78183344E-03
   12   -0.17346369E+02   -0.20399497E-07    0.44824001E-03
   13   -0.17346369E+02   -0.82003737E-08    0.75052317E-04
   14   -0.17346369E+02   -0.11793588E-09    0.81229467E-05
   15   -0.17346369E+02   -0.38724579E-12    0.21265409E-05
   16   -0.17346369E+02   -0.67501560E-13    0.24400980E-06
>> Charges saved for restart in charges.bin
 
 Total Energy:                     -17.3009242279 H
 Total Mermin free energy:         -17.3009242279 H
