================================================================================
==
==   Density Functional based Tight Binding with a lot of extensions (DFTB+)    
==
==                              Release: 1.2 (p2)
==
==                            (ParserVersion = 4)
==
================================================================================


********************************************************************************
** Parsing and initializing
********************************************************************************

Interpreting input file 'dftb_in.hsd'
--------------------------------------------------------------------------------
WARNING!
-> WriteHSDInput and WriteXMLInput both turned off. You won't eventually be 
 able to obtain the same results with a later version of the code!
Path: dftb_in/ParserOptions
Line: 76-79 (File: dftb_in.hsd)

Reading SK-files:
  /home/andersx/parameters/3ob-3-1/C-C.skf
  /home/andersx/parameters/3ob-3-1/C-O.skf
  /home/andersx/parameters/3ob-3-1/C-H.skf
  /home/andersx/parameters/3ob-3-1/O-C.skf
  /home/andersx/parameters/3ob-3-1/O-O.skf
  /home/andersx/parameters/3ob-3-1/O-H.skf
  /home/andersx/parameters/3ob-3-1/H-C.skf
  /home/andersx/parameters/3ob-3-1/H-O.skf
  /home/andersx/parameters/3ob-3-1/H-H.skf
Done.

Starting initialization...
--------------------------------------------------------------------------------
Mode:                        Static calculation
Self consistent charges:     Yes
SCC-tolerance:                 0.100000E-05
Max. scc iterations:                    100
Ewald alpha parameter:         0.000000E+00
Spin polarisation:           No
Nr. of up electrons:            20.000000
Nr. of down electrons:          20.000000
Periodic boundaries:         No
Diagonalizer:                Divide and Conquer
Mixer:                       Anderson mixer
Mixing parameter:                  0.200000
Maximal SCC-cycles:                     100
Nr. of chrg. vectors to mix:              8
Electronic temperature:        0.100000E-07
Initial charges:             Set automatically (system chrg:   0.000E+00)
Included shells:              C:  s, p
                              O:  s, p
                              H:  s
Full 3rd order correction    Yes
Damped SCC                   Yes
Damped specie(s):            H                                                 
Extra options:
--------------------------------------------------------------------------------
 

********************************************************************************
** Geometry step: 0
********************************************************************************

  iSCC Total electronic   Diff electronic      SCC error    
    1   -0.17336210E+02    0.00000000E+00    0.53591369E+00
    2   -0.17336351E+02   -0.14123483E-03    0.53000054E+00
    3   -0.17340226E+02   -0.38747408E-02    0.99682031E-01
    4   -0.17340114E+02    0.11177874E-03    0.95646686E-01
    5   -0.17340330E+02   -0.21629573E-03    0.13600216E+00
    6   -0.17340493E+02   -0.16272424E-03    0.17409463E-01
    7   -0.17340521E+02   -0.27742292E-04    0.17113506E-01
    8   -0.17340538E+02   -0.17015123E-04    0.15903675E-01
    9   -0.17340537E+02    0.54631617E-06    0.66450715E-02
   10   -0.17340538E+02   -0.53273231E-06    0.46005628E-02
   11   -0.17340538E+02   -0.30520684E-06    0.10496080E-02
   12   -0.17340538E+02   -0.98471062E-08    0.51573233E-03
   13   -0.17340538E+02   -0.39233043E-08    0.43810513E-04
   14   -0.17340538E+02   -0.20625635E-09    0.16951636E-04
   15   -0.17340538E+02   -0.24193980E-11    0.27245834E-05
   16   -0.17340538E+02   -0.30553338E-12    0.95263939E-07
>> Charges saved for restart in charges.bin
 
 Total Energy:                     -17.2938178853 H
 Total Mermin free energy:         -17.2938178853 H
