================================================================================
==
==   Density Functional based Tight Binding with a lot of extensions (DFTB+)    
==
==                              Release: 1.2 (p2)
==
==                            (ParserVersion = 4)
==
================================================================================


********************************************************************************
** Parsing and initializing
********************************************************************************

Interpreting input file 'dftb_in.hsd'
--------------------------------------------------------------------------------
WARNING!
-> WriteHSDInput and WriteXMLInput both turned off. You won't eventually be 
 able to obtain the same results with a later version of the code!
Path: dftb_in/ParserOptions
Line: 78-81 (File: dftb_in.hsd)

Reading SK-files:
  /home/andersx/parameters/3ob-3-1/C-C.skf
  /home/andersx/parameters/3ob-3-1/C-O.skf
  /home/andersx/parameters/3ob-3-1/C-H.skf
  /home/andersx/parameters/3ob-3-1/O-C.skf
  /home/andersx/parameters/3ob-3-1/O-O.skf
  /home/andersx/parameters/3ob-3-1/O-H.skf
  /home/andersx/parameters/3ob-3-1/H-C.skf
  /home/andersx/parameters/3ob-3-1/H-O.skf
  /home/andersx/parameters/3ob-3-1/H-H.skf
Done.

Starting initialization...
--------------------------------------------------------------------------------
Mode:                        Static calculation
Self consistent charges:     Yes
SCC-tolerance:                 0.100000E-05
Max. scc iterations:                    100
Ewald alpha parameter:         0.000000E+00
Spin polarisation:           No
Nr. of up electrons:            21.000000
Nr. of down electrons:          21.000000
Periodic boundaries:         No
Diagonalizer:                Divide and Conquer
Mixer:                       Anderson mixer
Mixing parameter:                  0.200000
Maximal SCC-cycles:                     100
Nr. of chrg. vectors to mix:              8
Electronic temperature:        0.100000E-07
Initial charges:             Set automatically (system chrg:   0.000E+00)
Included shells:              C:  s, p
                              O:  s, p
                              H:  s
Full 3rd order correction    Yes
Damped SCC                   Yes
Damped specie(s):            H                                                 
Extra options:
--------------------------------------------------------------------------------
 

********************************************************************************
** Geometry step: 0
********************************************************************************

  iSCC Total electronic   Diff electronic      SCC error    
    1   -0.18023755E+02    0.00000000E+00    0.49876853E+00
    2   -0.18024045E+02   -0.28998066E-03    0.49099278E+00
    3   -0.18031565E+02   -0.75194868E-02    0.94207935E-01
    4   -0.18031367E+02    0.19807549E-03    0.85582461E-01
    5   -0.18031774E+02   -0.40724599E-03    0.95769331E-01
    6   -0.18032010E+02   -0.23553498E-03    0.29238196E-01
    7   -0.18031987E+02    0.22537775E-04    0.50416183E-01
    8   -0.18032042E+02   -0.54772427E-04    0.37837360E-02
    9   -0.18032040E+02    0.14117161E-05    0.52288925E-02
   10   -0.18032042E+02   -0.17980826E-05    0.30671847E-02
   11   -0.18032042E+02   -0.74267920E-07    0.54612217E-03
   12   -0.18032042E+02   -0.62204595E-07    0.88586520E-04
   13   -0.18032042E+02   -0.46066262E-09    0.40222757E-04
   14   -0.18032042E+02   -0.10400925E-09    0.33637445E-05
   15   -0.18032042E+02   -0.33040237E-12    0.13769722E-05
   16   -0.18032042E+02   -0.42632564E-13    0.15255932E-06
>> Charges saved for restart in charges.bin
 
 Total Energy:                     -18.0846709239 H
 Total Mermin free energy:         -18.0846709239 H
