================================================================================
==
==   Density Functional based Tight Binding with a lot of extensions (DFTB+)    
==
==                              Release: 1.2 (p2)
==
==                            (ParserVersion = 4)
==
================================================================================


********************************************************************************
** Parsing and initializing
********************************************************************************

Interpreting input file 'dftb_in.hsd'
--------------------------------------------------------------------------------
WARNING!
-> WriteHSDInput and WriteXMLInput both turned off. You won't eventually be 
 able to obtain the same results with a later version of the code!
Path: dftb_in/ParserOptions
Line: 78-81 (File: dftb_in.hsd)

Reading SK-files:
  /home/andersx/parameters/3ob-3-1/C-C.skf
  /home/andersx/parameters/3ob-3-1/C-O.skf
  /home/andersx/parameters/3ob-3-1/C-H.skf
  /home/andersx/parameters/3ob-3-1/O-C.skf
  /home/andersx/parameters/3ob-3-1/O-O.skf
  /home/andersx/parameters/3ob-3-1/O-H.skf
  /home/andersx/parameters/3ob-3-1/H-C.skf
  /home/andersx/parameters/3ob-3-1/H-O.skf
  /home/andersx/parameters/3ob-3-1/H-H.skf
Done.

Starting initialization...
--------------------------------------------------------------------------------
Mode:                        Static calculation
Self consistent charges:     Yes
SCC-tolerance:                 0.100000E-05
Max. scc iterations:                    100
Ewald alpha parameter:         0.000000E+00
Spin polarisation:           No
Nr. of up electrons:            21.000000
Nr. of down electrons:          21.000000
Periodic boundaries:         No
Diagonalizer:                Divide and Conquer
Mixer:                       Anderson mixer
Mixing parameter:                  0.200000
Maximal SCC-cycles:                     100
Nr. of chrg. vectors to mix:              8
Electronic temperature:        0.100000E-07
Initial charges:             Set automatically (system chrg:   0.000E+00)
Included shells:              C:  s, p
                              O:  s, p
                              H:  s
Full 3rd order correction    Yes
Damped SCC                   Yes
Damped specie(s):            H                                                 
Extra options:
--------------------------------------------------------------------------------
 

********************************************************************************
** Geometry step: 0
********************************************************************************

  iSCC Total electronic   Diff electronic      SCC error    
    1   -0.18008686E+02    0.00000000E+00    0.56648455E+00
    2   -0.18008978E+02   -0.29144176E-03    0.55780792E+00
    3   -0.18016906E+02   -0.79281480E-02    0.80327888E-01
    4   -0.18016787E+02    0.11911640E-03    0.82169389E-01
    5   -0.18017120E+02   -0.33313412E-03    0.76429502E-01
    6   -0.18017232E+02   -0.11214366E-03    0.13153189E-01
    7   -0.18017233E+02   -0.85910137E-06    0.14641506E-01
    8   -0.18017258E+02   -0.24815810E-04    0.46244982E-02
    9   -0.18017257E+02    0.24738615E-06    0.59450309E-02
   10   -0.18017258E+02   -0.62295375E-06    0.17189018E-02
   11   -0.18017258E+02   -0.65256597E-07    0.45369898E-03
   12   -0.18017258E+02   -0.15781403E-07    0.95796084E-04
   13   -0.18017258E+02   -0.43772275E-09    0.55936373E-04
   14   -0.18017258E+02   -0.11099388E-09    0.70520324E-05
   15   -0.18017258E+02   -0.24336089E-11    0.18154611E-05
   16   -0.18017258E+02   -0.19895197E-12    0.13682003E-06
>> Charges saved for restart in charges.bin
 
 Total Energy:                     -18.0759761897 H
 Total Mermin free energy:         -18.0759761897 H
