================================================================================
==
==   Density Functional based Tight Binding with a lot of extensions (DFTB+)    
==
==                              Release: 1.2 (p2)
==
==                            (ParserVersion = 4)
==
================================================================================


********************************************************************************
** Parsing and initializing
********************************************************************************

Interpreting input file 'dftb_in.hsd'
--------------------------------------------------------------------------------
WARNING!
-> WriteHSDInput and WriteXMLInput both turned off. You won't eventually be 
 able to obtain the same results with a later version of the code!
Path: dftb_in/ParserOptions
Line: 78-81 (File: dftb_in.hsd)

Reading SK-files:
  /home/andersx/parameters/3ob-3-1/C-C.skf
  /home/andersx/parameters/3ob-3-1/C-O.skf
  /home/andersx/parameters/3ob-3-1/C-H.skf
  /home/andersx/parameters/3ob-3-1/O-C.skf
  /home/andersx/parameters/3ob-3-1/O-O.skf
  /home/andersx/parameters/3ob-3-1/O-H.skf
  /home/andersx/parameters/3ob-3-1/H-C.skf
  /home/andersx/parameters/3ob-3-1/H-O.skf
  /home/andersx/parameters/3ob-3-1/H-H.skf
Done.

Starting initialization...
--------------------------------------------------------------------------------
Mode:                        Static calculation
Self consistent charges:     Yes
SCC-tolerance:                 0.100000E-05
Max. scc iterations:                    100
Ewald alpha parameter:         0.000000E+00
Spin polarisation:           No
Nr. of up electrons:            21.000000
Nr. of down electrons:          21.000000
Periodic boundaries:         No
Diagonalizer:                Divide and Conquer
Mixer:                       Anderson mixer
Mixing parameter:                  0.200000
Maximal SCC-cycles:                     100
Nr. of chrg. vectors to mix:              8
Electronic temperature:        0.100000E-07
Initial charges:             Set automatically (system chrg:   0.000E+00)
Included shells:              C:  s, p
                              O:  s, p
                              H:  s
Full 3rd order correction    Yes
Damped SCC                   Yes
Damped specie(s):            H                                                 
Extra options:
--------------------------------------------------------------------------------
 

********************************************************************************
** Geometry step: 0
********************************************************************************

  iSCC Total electronic   Diff electronic      SCC error    
    1   -0.18001937E+02    0.00000000E+00    0.56761325E+00
    2   -0.18002277E+02   -0.33961897E-03    0.55883915E+00
    3   -0.18011448E+02   -0.91714601E-02    0.74546205E-01
    4   -0.18011311E+02    0.13747339E-03    0.69752481E-01
    5   -0.18011603E+02   -0.29270395E-03    0.84885752E-01
    6   -0.18011766E+02   -0.16298772E-03    0.91543387E-02
    7   -0.18011766E+02   -0.39176705E-07    0.90995328E-02
    8   -0.18011778E+02   -0.11862395E-04    0.34681362E-02
    9   -0.18011778E+02    0.13256807E-06    0.32403235E-02
   10   -0.18011779E+02   -0.61997880E-06    0.61965982E-03
   11   -0.18011779E+02   -0.65776469E-08    0.23884916E-03
   12   -0.18011779E+02   -0.35246757E-08    0.44452436E-04
   13   -0.18011779E+02   -0.64847683E-10    0.20945805E-04
   14   -0.18011779E+02   -0.51514348E-11    0.12464039E-05
   15   -0.18011779E+02   -0.10658141E-13    0.34301223E-06
>> Charges saved for restart in charges.bin
 
 Total Energy:                     -18.0702586733 H
 Total Mermin free energy:         -18.0702586733 H
