================================================================================
==
==   Density Functional based Tight Binding with a lot of extensions (DFTB+)    
==
==                              Release: 1.2 (p2)
==
==                            (ParserVersion = 4)
==
================================================================================


********************************************************************************
** Parsing and initializing
********************************************************************************

Interpreting input file 'dftb_in.hsd'
--------------------------------------------------------------------------------
WARNING!
-> WriteHSDInput and WriteXMLInput both turned off. You won't eventually be 
 able to obtain the same results with a later version of the code!
Path: dftb_in/ParserOptions
Line: 76-79 (File: dftb_in.hsd)

Reading SK-files:
  /home/andersx/parameters/3ob-3-1/C-C.skf
  /home/andersx/parameters/3ob-3-1/C-O.skf
  /home/andersx/parameters/3ob-3-1/C-H.skf
  /home/andersx/parameters/3ob-3-1/O-C.skf
  /home/andersx/parameters/3ob-3-1/O-O.skf
  /home/andersx/parameters/3ob-3-1/O-H.skf
  /home/andersx/parameters/3ob-3-1/H-C.skf
  /home/andersx/parameters/3ob-3-1/H-O.skf
  /home/andersx/parameters/3ob-3-1/H-H.skf
Done.

Starting initialization...
--------------------------------------------------------------------------------
Mode:                        Static calculation
Self consistent charges:     Yes
SCC-tolerance:                 0.100000E-05
Max. scc iterations:                    100
Ewald alpha parameter:         0.000000E+00
Spin polarisation:           No
Nr. of up electrons:            20.000000
Nr. of down electrons:          20.000000
Periodic boundaries:         No
Diagonalizer:                Divide and Conquer
Mixer:                       Anderson mixer
Mixing parameter:                  0.200000
Maximal SCC-cycles:                     100
Nr. of chrg. vectors to mix:              8
Electronic temperature:        0.100000E-07
Initial charges:             Set automatically (system chrg:   0.000E+00)
Included shells:              C:  s, p
                              O:  s, p
                              H:  s
Full 3rd order correction    Yes
Damped SCC                   Yes
Damped specie(s):            H                                                 
Extra options:
--------------------------------------------------------------------------------
 

********************************************************************************
** Geometry step: 0
********************************************************************************

  iSCC Total electronic   Diff electronic      SCC error    
    1   -0.17310127E+02    0.00000000E+00    0.54914885E+00
    2   -0.17310444E+02   -0.31674969E-03    0.54060832E+00
    3   -0.17319571E+02   -0.91272369E-02    0.77202240E-01
    4   -0.17319521E+02    0.50815519E-04    0.69802181E-01
    5   -0.17319568E+02   -0.47032771E-04    0.54677418E-01
    6   -0.17319645E+02   -0.77078001E-04    0.12031839E-01
    7   -0.17319645E+02   -0.78215841E-07    0.12035221E-01
    8   -0.17319659E+02   -0.14139188E-04    0.48387026E-02
    9   -0.17319659E+02   -0.13714181E-06    0.41113386E-02
   10   -0.17319659E+02   -0.36435985E-06    0.19072609E-02
   11   -0.17319659E+02   -0.91131010E-07    0.64758680E-03
   12   -0.17319659E+02   -0.31236901E-07    0.23023300E-03
   13   -0.17319659E+02   -0.15684307E-08    0.14346449E-03
   14   -0.17319659E+02   -0.38566839E-09    0.79609291E-05
   15   -0.17319659E+02   -0.40962789E-11    0.34190355E-05
   16   -0.17319659E+02   -0.27000624E-12    0.52056234E-06
>> Charges saved for restart in charges.bin
 
 Total Energy:                     -17.2846244433 H
 Total Mermin free energy:         -17.2846244433 H
