================================================================================
==
==   Density Functional based Tight Binding with a lot of extensions (DFTB+)    
==
==                              Release: 1.2 (p2)
==
==                            (ParserVersion = 4)
==
================================================================================


********************************************************************************
** Parsing and initializing
********************************************************************************

Interpreting input file 'dftb_in.hsd'
--------------------------------------------------------------------------------
WARNING!
-> WriteHSDInput and WriteXMLInput both turned off. You won't eventually be 
 able to obtain the same results with a later version of the code!
Path: dftb_in/ParserOptions
Line: 80-83 (File: dftb_in.hsd)

Reading SK-files:
  /home/andersx/parameters/3ob-3-1/C-C.skf
  /home/andersx/parameters/3ob-3-1/C-O.skf
  /home/andersx/parameters/3ob-3-1/C-H.skf
  /home/andersx/parameters/3ob-3-1/O-C.skf
  /home/andersx/parameters/3ob-3-1/O-O.skf
  /home/andersx/parameters/3ob-3-1/O-H.skf
  /home/andersx/parameters/3ob-3-1/H-C.skf
  /home/andersx/parameters/3ob-3-1/H-O.skf
  /home/andersx/parameters/3ob-3-1/H-H.skf
Done.

Starting initialization...
--------------------------------------------------------------------------------
Mode:                        Static calculation
Self consistent charges:     Yes
SCC-tolerance:                 0.100000E-05
Max. scc iterations:                    100
Ewald alpha parameter:         0.000000E+00
Spin polarisation:           No
Nr. of up electrons:            22.000000
Nr. of down electrons:          22.000000
Periodic boundaries:         No
Diagonalizer:                Divide and Conquer
Mixer:                       Anderson mixer
Mixing parameter:                  0.200000
Maximal SCC-cycles:                     100
Nr. of chrg. vectors to mix:              8
Electronic temperature:        0.100000E-07
Initial charges:             Set automatically (system chrg:   0.000E+00)
Included shells:              C:  s, p
                              O:  s, p
                              H:  s
Full 3rd order correction    Yes
Damped SCC                   Yes
Damped specie(s):            H                                                 
Extra options:
--------------------------------------------------------------------------------
 

********************************************************************************
** Geometry step: 0
********************************************************************************

  iSCC Total electronic   Diff electronic      SCC error    
    1   -0.18699560E+02    0.00000000E+00    0.55154094E+00
    2   -0.18699867E+02   -0.30702336E-03    0.54301025E+00
    3   -0.18708514E+02   -0.86474394E-02    0.74973633E-01
    4   -0.18708421E+02    0.92665540E-04    0.66994146E-01
    5   -0.18708481E+02   -0.59363201E-04    0.91023313E-01
    6   -0.18708670E+02   -0.18920616E-03    0.12633383E-01
    7   -0.18708668E+02    0.17989132E-05    0.12544397E-01
    8   -0.18708676E+02   -0.79596122E-05    0.65286362E-02
    9   -0.18708677E+02   -0.63051345E-06    0.15941381E-02
   10   -0.18708677E+02   -0.44603894E-07    0.12948948E-02
   11   -0.18708677E+02   -0.98608105E-07    0.21318560E-03
   12   -0.18708677E+02   -0.19604762E-08    0.14186272E-03
   13   -0.18708677E+02   -0.86553698E-09    0.11675925E-04
   14   -0.18708677E+02   -0.11986856E-10    0.14366274E-05
   15   -0.18708677E+02   -0.88817842E-13    0.28401590E-06
>> Charges saved for restart in charges.bin
 
 Total Energy:                     -18.8617208901 H
 Total Mermin free energy:         -18.8617208901 H
