================================================================================
==
==   Density Functional based Tight Binding with a lot of extensions (DFTB+)    
==
==                              Release: 1.2 (p2)
==
==                            (ParserVersion = 4)
==
================================================================================


********************************************************************************
** Parsing and initializing
********************************************************************************

Interpreting input file 'dftb_in.hsd'
--------------------------------------------------------------------------------
WARNING!
-> WriteHSDInput and WriteXMLInput both turned off. You won't eventually be 
 able to obtain the same results with a later version of the code!
Path: dftb_in/ParserOptions
Line: 70-73 (File: dftb_in.hsd)

Reading SK-files:
  /home/andersx/parameters/3ob-3-1/C-C.skf
  /home/andersx/parameters/3ob-3-1/C-N.skf
  /home/andersx/parameters/3ob-3-1/C-H.skf
  /home/andersx/parameters/3ob-3-1/N-C.skf
  /home/andersx/parameters/3ob-3-1/N-N.skf
  /home/andersx/parameters/3ob-3-1/N-H.skf
  /home/andersx/parameters/3ob-3-1/H-C.skf
  /home/andersx/parameters/3ob-3-1/H-N.skf
  /home/andersx/parameters/3ob-3-1/H-H.skf
Done.

Starting initialization...
--------------------------------------------------------------------------------
Mode:                        Static calculation
Self consistent charges:     Yes
SCC-tolerance:                 0.100000E-05
Max. scc iterations:                    100
Ewald alpha parameter:         0.000000E+00
Spin polarisation:           No
Nr. of up electrons:            15.000000
Nr. of down electrons:          15.000000
Periodic boundaries:         No
Diagonalizer:                Divide and Conquer
Mixer:                       Anderson mixer
Mixing parameter:                  0.200000
Maximal SCC-cycles:                     100
Nr. of chrg. vectors to mix:              8
Electronic temperature:        0.100000E-07
Initial charges:             Set automatically (system chrg:   0.000E+00)
Included shells:              C:  s, p
                              N:  s, p
                              H:  s
Full 3rd order correction    Yes
Damped SCC                   Yes
Damped specie(s):            H                                                 
Extra options:
--------------------------------------------------------------------------------
 

********************************************************************************
** Geometry step: 0
********************************************************************************

  iSCC Total electronic   Diff electronic      SCC error    
    1   -0.13059500E+02    0.00000000E+00    0.57991654E+00
    2   -0.13060076E+02   -0.57643354E-03    0.56758578E+00
    3   -0.13072401E+02   -0.12324993E-01    0.14659124E+00
    4   -0.13072353E+02    0.48395191E-04    0.14310104E+00
    5   -0.13072603E+02   -0.24949232E-03    0.31524057E-01
    6   -0.13072596E+02    0.61783071E-05    0.27872947E-01
    7   -0.13072595E+02    0.15552609E-05    0.19833756E-01
    8   -0.13072646E+02   -0.51568093E-04    0.26595592E-02
    9   -0.13072647E+02   -0.49743089E-06    0.18857667E-02
   10   -0.13072648E+02   -0.85335168E-06    0.28761092E-03
   11   -0.13072648E+02   -0.52443472E-08    0.17476923E-03
   12   -0.13072648E+02   -0.13934613E-08    0.76494532E-04
   13   -0.13072648E+02   -0.95653263E-10    0.40919041E-05
   14   -0.13072648E+02   -0.66258110E-12    0.25140900E-05
   15   -0.13072648E+02   -0.21316282E-13    0.19129742E-06
>> Charges saved for restart in charges.bin
 
 Total Energy:                     -12.7762728540 H
 Total Mermin free energy:         -12.7762728540 H
