================================================================================
==
==   Density Functional based Tight Binding with a lot of extensions (DFTB+)    
==
==                              Release: 1.2 (p2)
==
==                            (ParserVersion = 4)
==
================================================================================


********************************************************************************
** Parsing and initializing
********************************************************************************

Interpreting input file 'dftb_in.hsd'
--------------------------------------------------------------------------------
WARNING!
-> WriteHSDInput and WriteXMLInput both turned off. You won't eventually be 
 able to obtain the same results with a later version of the code!
Path: dftb_in/ParserOptions
Line: 74-77 (File: dftb_in.hsd)

Reading SK-files:
  /home/andersx/parameters/3ob-3-1/C-C.skf
  /home/andersx/parameters/3ob-3-1/C-O.skf
  /home/andersx/parameters/3ob-3-1/C-H.skf
  /home/andersx/parameters/3ob-3-1/O-C.skf
  /home/andersx/parameters/3ob-3-1/O-O.skf
  /home/andersx/parameters/3ob-3-1/O-H.skf
  /home/andersx/parameters/3ob-3-1/H-C.skf
  /home/andersx/parameters/3ob-3-1/H-O.skf
  /home/andersx/parameters/3ob-3-1/H-H.skf
Done.

Starting initialization...
--------------------------------------------------------------------------------
Mode:                        Static calculation
Self consistent charges:     Yes
SCC-tolerance:                 0.100000E-05
Max. scc iterations:                    100
Ewald alpha parameter:         0.000000E+00
Spin polarisation:           No
Nr. of up electrons:            20.000000
Nr. of down electrons:          20.000000
Periodic boundaries:         No
Diagonalizer:                Divide and Conquer
Mixer:                       Anderson mixer
Mixing parameter:                  0.200000
Maximal SCC-cycles:                     100
Nr. of chrg. vectors to mix:              8
Electronic temperature:        0.100000E-07
Initial charges:             Set automatically (system chrg:   0.000E+00)
Included shells:              C:  s, p
                              O:  s, p
                              H:  s
Full 3rd order correction    Yes
Damped SCC                   Yes
Damped specie(s):            H                                                 
Extra options:
--------------------------------------------------------------------------------
 

********************************************************************************
** Geometry step: 0
********************************************************************************

  iSCC Total electronic   Diff electronic      SCC error    
    1   -0.18226450E+02    0.00000000E+00    0.67642690E+00
    2   -0.18227362E+02   -0.91185321E-03    0.66469936E+00
    3   -0.18252559E+02   -0.25197151E-01    0.84057833E-01
    4   -0.18252700E+02   -0.14064353E-03    0.82526957E-01
    5   -0.18253144E+02   -0.44412235E-03    0.32741200E-01
    6   -0.18253187E+02   -0.42760030E-04    0.37373477E-01
    7   -0.18253193E+02   -0.56676292E-05    0.24466900E-01
    8   -0.18253198E+02   -0.54825252E-05    0.18961654E-02
    9   -0.18253198E+02   -0.16916055E-06    0.16807252E-02
   10   -0.18253199E+02   -0.35234809E-06    0.28465921E-03
   11   -0.18253199E+02   -0.14528233E-07    0.14256851E-03
   12   -0.18253199E+02   -0.27845388E-08    0.18657459E-04
   13   -0.18253199E+02   -0.36997960E-10    0.31268847E-05
   14   -0.18253199E+02   -0.11013412E-12    0.63333725E-06
>> Charges saved for restart in charges.bin
 
 Total Energy:                     -18.1310614396 H
 Total Mermin free energy:         -18.1310614396 H
