================================================================================
==
==   Density Functional based Tight Binding with a lot of extensions (DFTB+)    
==
==                              Release: 1.2 (p2)
==
==                            (ParserVersion = 4)
==
================================================================================


********************************************************************************
** Parsing and initializing
********************************************************************************

Interpreting input file 'dftb_in.hsd'
--------------------------------------------------------------------------------
WARNING!
-> WriteHSDInput and WriteXMLInput both turned off. You won't eventually be 
 able to obtain the same results with a later version of the code!
Path: dftb_in/ParserOptions
Line: 74-77 (File: dftb_in.hsd)

Reading SK-files:
  /home/andersx/parameters/3ob-3-1/C-C.skf
  /home/andersx/parameters/3ob-3-1/C-O.skf
  /home/andersx/parameters/3ob-3-1/C-H.skf
  /home/andersx/parameters/3ob-3-1/O-C.skf
  /home/andersx/parameters/3ob-3-1/O-O.skf
  /home/andersx/parameters/3ob-3-1/O-H.skf
  /home/andersx/parameters/3ob-3-1/H-C.skf
  /home/andersx/parameters/3ob-3-1/H-O.skf
  /home/andersx/parameters/3ob-3-1/H-H.skf
Done.

Starting initialization...
--------------------------------------------------------------------------------
Mode:                        Static calculation
Self consistent charges:     Yes
SCC-tolerance:                 0.100000E-05
Max. scc iterations:                    100
Ewald alpha parameter:         0.000000E+00
Spin polarisation:           No
Nr. of up electrons:            20.000000
Nr. of down electrons:          20.000000
Periodic boundaries:         No
Diagonalizer:                Divide and Conquer
Mixer:                       Anderson mixer
Mixing parameter:                  0.200000
Maximal SCC-cycles:                     100
Nr. of chrg. vectors to mix:              8
Electronic temperature:        0.100000E-07
Initial charges:             Set automatically (system chrg:   0.000E+00)
Included shells:              C:  s, p
                              O:  s, p
                              H:  s
Full 3rd order correction    Yes
Damped SCC                   Yes
Damped specie(s):            H                                                 
Extra options:
--------------------------------------------------------------------------------
 

********************************************************************************
** Geometry step: 0
********************************************************************************

  iSCC Total electronic   Diff electronic      SCC error    
    1   -0.18258915E+02    0.00000000E+00    0.79183101E+00
    2   -0.18260126E+02   -0.12109631E-02    0.77757752E+00
    3   -0.18287546E+02   -0.27419779E-01    0.13226176E+00
    4   -0.18288410E+02   -0.86431235E-03    0.12682174E+00
    5   -0.18290106E+02   -0.16957293E-02    0.81668927E-01
    6   -0.18290376E+02   -0.26978900E-03    0.42089751E-01
    7   -0.18290410E+02   -0.34280783E-04    0.35354603E-01
    8   -0.18290564E+02   -0.15387962E-03    0.72512720E-02
    9   -0.18290564E+02   -0.95111460E-07    0.72437216E-02
   10   -0.18290567E+02   -0.26936333E-05    0.56885076E-03
   11   -0.18290567E+02   -0.26784051E-08    0.49716113E-03
   12   -0.18290567E+02   -0.15849309E-07    0.36074094E-04
   13   -0.18290567E+02   -0.11336354E-09    0.84006874E-05
   14   -0.18290567E+02   -0.27888802E-11    0.12124829E-05
   15   -0.18290567E+02   -0.88817842E-13    0.36221207E-06
>> Charges saved for restart in charges.bin
 
 Total Energy:                     -18.1632836555 H
 Total Mermin free energy:         -18.1632836555 H
