================================================================================
==
==   Density Functional based Tight Binding with a lot of extensions (DFTB+)    
==
==                              Release: 1.2 (p2)
==
==                            (ParserVersion = 4)
==
================================================================================


********************************************************************************
** Parsing and initializing
********************************************************************************

Interpreting input file 'dftb_in.hsd'
--------------------------------------------------------------------------------
WARNING!
-> WriteHSDInput and WriteXMLInput both turned off. You won't eventually be 
 able to obtain the same results with a later version of the code!
Path: dftb_in/ParserOptions
Line: 68-71 (File: dftb_in.hsd)

Reading SK-files:
  /home/andersx/parameters/3ob-3-1/C-C.skf
  /home/andersx/parameters/3ob-3-1/C-N.skf
  /home/andersx/parameters/3ob-3-1/C-H.skf
  /home/andersx/parameters/3ob-3-1/N-C.skf
  /home/andersx/parameters/3ob-3-1/N-N.skf
  /home/andersx/parameters/3ob-3-1/N-H.skf
  /home/andersx/parameters/3ob-3-1/H-C.skf
  /home/andersx/parameters/3ob-3-1/H-N.skf
  /home/andersx/parameters/3ob-3-1/H-H.skf
Done.

Starting initialization...
--------------------------------------------------------------------------------
Mode:                        Static calculation
Self consistent charges:     Yes
SCC-tolerance:                 0.100000E-05
Max. scc iterations:                    100
Ewald alpha parameter:         0.000000E+00
Spin polarisation:           No
Nr. of up electrons:            14.000000
Nr. of down electrons:          14.000000
Periodic boundaries:         No
Diagonalizer:                Divide and Conquer
Mixer:                       Anderson mixer
Mixing parameter:                  0.200000
Maximal SCC-cycles:                     100
Nr. of chrg. vectors to mix:              8
Electronic temperature:        0.100000E-07
Initial charges:             Set automatically (system chrg:   0.000E+00)
Included shells:              C:  s, p
                              N:  s, p
                              H:  s
Full 3rd order correction    Yes
Damped SCC                   Yes
Damped specie(s):            H                                                 
Extra options:
--------------------------------------------------------------------------------
 

********************************************************************************
** Geometry step: 0
********************************************************************************

  iSCC Total electronic   Diff electronic      SCC error    
    1   -0.12410488E+02    0.00000000E+00    0.58878499E+00
    2   -0.12411084E+02   -0.59552046E-03    0.57598630E+00
    3   -0.12422947E+02   -0.11862862E-01    0.11488466E+00
    4   -0.12422886E+02    0.60887859E-04    0.11141805E+00
    5   -0.12423323E+02   -0.43736413E-03    0.42159180E-01
    6   -0.12423327E+02   -0.40309693E-05    0.39127535E-01
    7   -0.12423265E+02    0.61900370E-04    0.33350579E-01
    8   -0.12423370E+02   -0.10449588E-03    0.69243059E-02
    9   -0.12423369E+02    0.42064155E-06    0.61831136E-02
   10   -0.12423373E+02   -0.35443810E-05    0.10238383E-02
   11   -0.12423373E+02   -0.48102963E-07    0.70216139E-03
   12   -0.12423373E+02   -0.61481913E-08    0.79169557E-04
   13   -0.12423373E+02   -0.32926373E-09    0.25711921E-04
   14   -0.12423373E+02   -0.41016079E-10    0.23170543E-05
   15   -0.12423373E+02   -0.12612134E-12    0.51611798E-06
>> Charges saved for restart in charges.bin
 
 Total Energy:                     -11.9803050605 H
 Total Mermin free energy:         -11.9803050605 H
