================================================================================
==
==   Density Functional based Tight Binding with a lot of extensions (DFTB+)    
==
==                              Release: 1.2 (p2)
==
==                            (ParserVersion = 4)
==
================================================================================


********************************************************************************
** Parsing and initializing
********************************************************************************

Interpreting input file 'dftb_in.hsd'
--------------------------------------------------------------------------------
WARNING!
-> WriteHSDInput and WriteXMLInput both turned off. You won't eventually be 
 able to obtain the same results with a later version of the code!
Path: dftb_in/ParserOptions
Line: 74-77 (File: dftb_in.hsd)

Reading SK-files:
  /home/andersx/parameters/3ob-3-1/C-C.skf
  /home/andersx/parameters/3ob-3-1/C-O.skf
  /home/andersx/parameters/3ob-3-1/C-H.skf
  /home/andersx/parameters/3ob-3-1/O-C.skf
  /home/andersx/parameters/3ob-3-1/O-O.skf
  /home/andersx/parameters/3ob-3-1/O-H.skf
  /home/andersx/parameters/3ob-3-1/H-C.skf
  /home/andersx/parameters/3ob-3-1/H-O.skf
  /home/andersx/parameters/3ob-3-1/H-H.skf
Done.

Starting initialization...
--------------------------------------------------------------------------------
Mode:                        Static calculation
Self consistent charges:     Yes
SCC-tolerance:                 0.100000E-05
Max. scc iterations:                    100
Ewald alpha parameter:         0.000000E+00
Spin polarisation:           No
Nr. of up electrons:            20.000000
Nr. of down electrons:          20.000000
Periodic boundaries:         No
Diagonalizer:                Divide and Conquer
Mixer:                       Anderson mixer
Mixing parameter:                  0.200000
Maximal SCC-cycles:                     100
Nr. of chrg. vectors to mix:              8
Electronic temperature:        0.100000E-07
Initial charges:             Set automatically (system chrg:   0.000E+00)
Included shells:              C:  s, p
                              O:  s, p
                              H:  s
Full 3rd order correction    Yes
Damped SCC                   Yes
Damped specie(s):            H                                                 
Extra options:
--------------------------------------------------------------------------------
 

********************************************************************************
** Geometry step: 0
********************************************************************************

  iSCC Total electronic   Diff electronic      SCC error    
    1   -0.18228445E+02    0.00000000E+00    0.72536460E+00
    2   -0.18229544E+02   -0.10987757E-02    0.71219094E+00
    3   -0.18257160E+02   -0.27615465E-01    0.12778733E+00
    4   -0.18257339E+02   -0.17980842E-03    0.12322060E+00
    5   -0.18258248E+02   -0.90829059E-03    0.35811379E-01
    6   -0.18258237E+02    0.10425235E-04    0.33485497E-01
    7   -0.18258287E+02   -0.49497228E-04    0.61488937E-02
    8   -0.18258291E+02   -0.38385054E-05    0.44636919E-02
    9   -0.18258291E+02   -0.86522466E-06    0.25280903E-02
   10   -0.18258292E+02   -0.43532069E-06    0.25713021E-03
   11   -0.18258292E+02   -0.22431443E-08    0.13838389E-03
   12   -0.18258292E+02   -0.89070795E-09    0.87848151E-05
   13   -0.18258292E+02   -0.27426950E-11    0.19502290E-05
   14   -0.18258292E+02   -0.21316282E-13    0.30282918E-06
>> Charges saved for restart in charges.bin
 
 Total Energy:                     -18.1397129410 H
 Total Mermin free energy:         -18.1397129410 H
