================================================================================
==
==   Density Functional based Tight Binding with a lot of extensions (DFTB+)    
==
==                              Release: 1.2 (p2)
==
==                            (ParserVersion = 4)
==
================================================================================


********************************************************************************
** Parsing and initializing
********************************************************************************

Interpreting input file 'dftb_in.hsd'
--------------------------------------------------------------------------------
WARNING!
-> WriteHSDInput and WriteXMLInput both turned off. You won't eventually be 
 able to obtain the same results with a later version of the code!
Path: dftb_in/ParserOptions
Line: 76-79 (File: dftb_in.hsd)

Reading SK-files:
  /home/andersx/parameters/3ob-3-1/C-C.skf
  /home/andersx/parameters/3ob-3-1/C-O.skf
  /home/andersx/parameters/3ob-3-1/C-H.skf
  /home/andersx/parameters/3ob-3-1/O-C.skf
  /home/andersx/parameters/3ob-3-1/O-O.skf
  /home/andersx/parameters/3ob-3-1/O-H.skf
  /home/andersx/parameters/3ob-3-1/H-C.skf
  /home/andersx/parameters/3ob-3-1/H-O.skf
  /home/andersx/parameters/3ob-3-1/H-H.skf
Done.

Starting initialization...
--------------------------------------------------------------------------------
Mode:                        Static calculation
Self consistent charges:     Yes
SCC-tolerance:                 0.100000E-05
Max. scc iterations:                    100
Ewald alpha parameter:         0.000000E+00
Spin polarisation:           No
Nr. of up electrons:            21.000000
Nr. of down electrons:          21.000000
Periodic boundaries:         No
Diagonalizer:                Divide and Conquer
Mixer:                       Anderson mixer
Mixing parameter:                  0.200000
Maximal SCC-cycles:                     100
Nr. of chrg. vectors to mix:              8
Electronic temperature:        0.100000E-07
Initial charges:             Set automatically (system chrg:   0.000E+00)
Included shells:              C:  s, p
                              O:  s, p
                              H:  s
Full 3rd order correction    Yes
Damped SCC                   Yes
Damped specie(s):            H                                                 
Extra options:
--------------------------------------------------------------------------------
 

********************************************************************************
** Geometry step: 0
********************************************************************************

  iSCC Total electronic   Diff electronic      SCC error    
    1   -0.18931486E+02    0.00000000E+00    0.68431262E+00
    2   -0.18931893E+02   -0.40728507E-03    0.67532596E+00
    3   -0.18942994E+02   -0.11101172E-01    0.79243057E-01
    4   -0.18942841E+02    0.15321008E-03    0.68116231E-01
    5   -0.18943045E+02   -0.20377456E-03    0.78404652E-01
    6   -0.18943317E+02   -0.27273110E-03    0.62858632E-02
    7   -0.18943318E+02   -0.10454790E-05    0.34428395E-02
    8   -0.18943321E+02   -0.22200039E-05    0.18187966E-02
    9   -0.18943321E+02   -0.12479961E-06    0.26370949E-02
   10   -0.18943321E+02   -0.13032288E-06    0.16664579E-02
   11   -0.18943321E+02   -0.41188265E-07    0.40203338E-03
   12   -0.18943321E+02   -0.65533499E-08    0.41291458E-04
   13   -0.18943321E+02   -0.42803094E-10    0.18541780E-04
   14   -0.18943321E+02   -0.37694292E-11    0.27359632E-05
   15   -0.18943321E+02   -0.12789769E-12    0.14132647E-06
>> Charges saved for restart in charges.bin
 
 Total Energy:                     -18.9013652459 H
 Total Mermin free energy:         -18.9013652459 H
