================================================================================
==
==   Density Functional based Tight Binding with a lot of extensions (DFTB+)    
==
==                              Release: 1.2 (p2)
==
==                            (ParserVersion = 4)
==
================================================================================


********************************************************************************
** Parsing and initializing
********************************************************************************

Interpreting input file 'dftb_in.hsd'
--------------------------------------------------------------------------------
WARNING!
-> WriteHSDInput and WriteXMLInput both turned off. You won't eventually be 
 able to obtain the same results with a later version of the code!
Path: dftb_in/ParserOptions
Line: 76-79 (File: dftb_in.hsd)

Reading SK-files:
  /home/andersx/parameters/3ob-3-1/C-C.skf
  /home/andersx/parameters/3ob-3-1/C-O.skf
  /home/andersx/parameters/3ob-3-1/C-H.skf
  /home/andersx/parameters/3ob-3-1/O-C.skf
  /home/andersx/parameters/3ob-3-1/O-O.skf
  /home/andersx/parameters/3ob-3-1/O-H.skf
  /home/andersx/parameters/3ob-3-1/H-C.skf
  /home/andersx/parameters/3ob-3-1/H-O.skf
  /home/andersx/parameters/3ob-3-1/H-H.skf
Done.

Starting initialization...
--------------------------------------------------------------------------------
Mode:                        Static calculation
Self consistent charges:     Yes
SCC-tolerance:                 0.100000E-05
Max. scc iterations:                    100
Ewald alpha parameter:         0.000000E+00
Spin polarisation:           No
Nr. of up electrons:            21.000000
Nr. of down electrons:          21.000000
Periodic boundaries:         No
Diagonalizer:                Divide and Conquer
Mixer:                       Anderson mixer
Mixing parameter:                  0.200000
Maximal SCC-cycles:                     100
Nr. of chrg. vectors to mix:              8
Electronic temperature:        0.100000E-07
Initial charges:             Set automatically (system chrg:   0.000E+00)
Included shells:              C:  s, p
                              O:  s, p
                              H:  s
Full 3rd order correction    Yes
Damped SCC                   Yes
Damped specie(s):            H                                                 
Extra options:
--------------------------------------------------------------------------------
 

********************************************************************************
** Geometry step: 0
********************************************************************************

  iSCC Total electronic   Diff electronic      SCC error    
    1   -0.18867534E+02    0.00000000E+00    0.55912543E+00
    2   -0.18867925E+02   -0.39105780E-03    0.55108850E+00
    3   -0.18879281E+02   -0.11355865E-01    0.77264351E-01
    4   -0.18879198E+02    0.83093222E-04    0.70417395E-01
    5   -0.18879391E+02   -0.19282179E-03    0.57737025E-01
    6   -0.18879492E+02   -0.10109490E-03    0.74300938E-02
    7   -0.18879488E+02    0.32300569E-05    0.90713372E-02
    8   -0.18879499E+02   -0.10728835E-04    0.23269879E-02
    9   -0.18879499E+02   -0.13303151E-06    0.23579040E-02
   10   -0.18879499E+02   -0.15729498E-06    0.15665183E-02
   11   -0.18879500E+02   -0.10023135E-06    0.99099398E-03
   12   -0.18879500E+02   -0.21398613E-07    0.59946752E-04
   13   -0.18879500E+02   -0.24567015E-09    0.34767479E-04
   14   -0.18879500E+02   -0.11930013E-09    0.28392909E-05
   15   -0.18879500E+02   -0.31619152E-12    0.47455938E-06
>> Charges saved for restart in charges.bin
 
 Total Energy:                     -18.8829427312 H
 Total Mermin free energy:         -18.8829427312 H
