================================================================================
==
==   Density Functional based Tight Binding with a lot of extensions (DFTB+)    
==
==                              Release: 1.2 (p2)
==
==                            (ParserVersion = 4)
==
================================================================================


********************************************************************************
** Parsing and initializing
********************************************************************************

Interpreting input file 'dftb_in.hsd'
--------------------------------------------------------------------------------
WARNING!
-> WriteHSDInput and WriteXMLInput both turned off. You won't eventually be 
 able to obtain the same results with a later version of the code!
Path: dftb_in/ParserOptions
Line: 74-77 (File: dftb_in.hsd)

Reading SK-files:
  /home/andersx/parameters/3ob-3-1/C-C.skf
  /home/andersx/parameters/3ob-3-1/C-O.skf
  /home/andersx/parameters/3ob-3-1/C-H.skf
  /home/andersx/parameters/3ob-3-1/O-C.skf
  /home/andersx/parameters/3ob-3-1/O-O.skf
  /home/andersx/parameters/3ob-3-1/O-H.skf
  /home/andersx/parameters/3ob-3-1/H-C.skf
  /home/andersx/parameters/3ob-3-1/H-O.skf
  /home/andersx/parameters/3ob-3-1/H-H.skf
Done.

Starting initialization...
--------------------------------------------------------------------------------
Mode:                        Static calculation
Self consistent charges:     Yes
SCC-tolerance:                 0.100000E-05
Max. scc iterations:                    100
Ewald alpha parameter:         0.000000E+00
Spin polarisation:           No
Nr. of up electrons:            20.000000
Nr. of down electrons:          20.000000
Periodic boundaries:         No
Diagonalizer:                Divide and Conquer
Mixer:                       Anderson mixer
Mixing parameter:                  0.200000
Maximal SCC-cycles:                     100
Nr. of chrg. vectors to mix:              8
Electronic temperature:        0.100000E-07
Initial charges:             Set automatically (system chrg:   0.000E+00)
Included shells:              C:  s, p
                              O:  s, p
                              H:  s
Full 3rd order correction    Yes
Damped SCC                   Yes
Damped specie(s):            H                                                 
Extra options:
--------------------------------------------------------------------------------
 

********************************************************************************
** Geometry step: 0
********************************************************************************

  iSCC Total electronic   Diff electronic      SCC error    
    1   -0.18301876E+02    0.00000000E+00    0.93071679E+00
    2   -0.18302414E+02   -0.53860054E-03    0.91798731E+00
    3   -0.18317040E+02   -0.14626259E-01    0.86902210E-01
    4   -0.18317226E+02   -0.18578411E-03    0.85947497E-01
    5   -0.18318361E+02   -0.11345820E-02    0.28325033E-01
    6   -0.18318356E+02    0.51453461E-05    0.23649233E-01
    7   -0.18318363E+02   -0.76340585E-05    0.13221246E-01
    8   -0.18318377E+02   -0.13849840E-04    0.93662264E-02
    9   -0.18318378E+02   -0.45350843E-06    0.67248280E-02
   10   -0.18318380E+02   -0.21717302E-05    0.48174192E-03
   11   -0.18318380E+02   -0.18620920E-07    0.39449018E-03
   12   -0.18318380E+02   -0.17956932E-07    0.53233408E-04
   13   -0.18318380E+02   -0.65515593E-10    0.12170097E-04
   14   -0.18318380E+02   -0.78159701E-12    0.11090862E-05
   15   -0.18318380E+02   -0.21316282E-13    0.15192710E-06
>> Charges saved for restart in charges.bin
 
 Total Energy:                     -18.1816222175 H
 Total Mermin free energy:         -18.1816222175 H
