================================================================================
==
==   Density Functional based Tight Binding with a lot of extensions (DFTB+)    
==
==                              Release: 1.2 (p2)
==
==                            (ParserVersion = 4)
==
================================================================================


********************************************************************************
** Parsing and initializing
********************************************************************************

Interpreting input file 'dftb_in.hsd'
--------------------------------------------------------------------------------
WARNING!
-> WriteHSDInput and WriteXMLInput both turned off. You won't eventually be 
 able to obtain the same results with a later version of the code!
Path: dftb_in/ParserOptions
Line: 76-79 (File: dftb_in.hsd)

Reading SK-files:
  /home/andersx/parameters/3ob-3-1/C-C.skf
  /home/andersx/parameters/3ob-3-1/C-O.skf
  /home/andersx/parameters/3ob-3-1/C-H.skf
  /home/andersx/parameters/3ob-3-1/O-C.skf
  /home/andersx/parameters/3ob-3-1/O-O.skf
  /home/andersx/parameters/3ob-3-1/O-H.skf
  /home/andersx/parameters/3ob-3-1/H-C.skf
  /home/andersx/parameters/3ob-3-1/H-O.skf
  /home/andersx/parameters/3ob-3-1/H-H.skf
Done.

Starting initialization...
--------------------------------------------------------------------------------
Mode:                        Static calculation
Self consistent charges:     Yes
SCC-tolerance:                 0.100000E-05
Max. scc iterations:                    100
Ewald alpha parameter:         0.000000E+00
Spin polarisation:           No
Nr. of up electrons:            21.000000
Nr. of down electrons:          21.000000
Periodic boundaries:         No
Diagonalizer:                Divide and Conquer
Mixer:                       Anderson mixer
Mixing parameter:                  0.200000
Maximal SCC-cycles:                     100
Nr. of chrg. vectors to mix:              8
Electronic temperature:        0.100000E-07
Initial charges:             Set automatically (system chrg:   0.000E+00)
Included shells:              C:  s, p
                              O:  s, p
                              H:  s
Full 3rd order correction    Yes
Damped SCC                   Yes
Damped specie(s):            H                                                 
Extra options:
--------------------------------------------------------------------------------
 

********************************************************************************
** Geometry step: 0
********************************************************************************

  iSCC Total electronic   Diff electronic      SCC error    
    1   -0.18937033E+02    0.00000000E+00    0.54628097E+00
    2   -0.18937395E+02   -0.36230338E-03    0.53823940E+00
    3   -0.18947622E+02   -0.10226974E-01    0.71374462E-01
    4   -0.18947556E+02    0.65946775E-04    0.63605460E-01
    5   -0.18948019E+02   -0.46292640E-03    0.33850869E-01
    6   -0.18948047E+02   -0.27369655E-04    0.19309094E-01
    7   -0.18948050E+02   -0.34488706E-05    0.18993433E-01
    8   -0.18948064E+02   -0.13424887E-04    0.47479736E-02
    9   -0.18948064E+02   -0.22189021E-06    0.44490290E-02
   10   -0.18948065E+02   -0.72858872E-06    0.20159414E-02
   11   -0.18948065E+02   -0.16081605E-06    0.19561012E-02
   12   -0.18948065E+02   -0.80113207E-07    0.15937429E-03
   13   -0.18948065E+02   -0.20277291E-08    0.10950940E-03
   14   -0.18948065E+02   -0.70398443E-09    0.88505653E-05
   15   -0.18948065E+02   -0.47357673E-11    0.27757035E-05
   16   -0.18948065E+02   -0.39790393E-12    0.24115461E-06
>> Charges saved for restart in charges.bin
 
 Total Energy:                     -18.9029468427 H
 Total Mermin free energy:         -18.9029468427 H
