================================================================================
==
==   Density Functional based Tight Binding with a lot of extensions (DFTB+)    
==
==                              Release: 1.2 (p2)
==
==                            (ParserVersion = 4)
==
================================================================================


********************************************************************************
** Parsing and initializing
********************************************************************************

Interpreting input file 'dftb_in.hsd'
--------------------------------------------------------------------------------
WARNING!
-> WriteHSDInput and WriteXMLInput both turned off. You won't eventually be 
 able to obtain the same results with a later version of the code!
Path: dftb_in/ParserOptions
Line: 72-75 (File: dftb_in.hsd)

Reading SK-files:
  /home/andersx/parameters/3ob-3-1/O-O.skf
  /home/andersx/parameters/3ob-3-1/O-C.skf
  /home/andersx/parameters/3ob-3-1/O-H.skf
  /home/andersx/parameters/3ob-3-1/C-O.skf
  /home/andersx/parameters/3ob-3-1/C-C.skf
  /home/andersx/parameters/3ob-3-1/C-H.skf
  /home/andersx/parameters/3ob-3-1/H-O.skf
  /home/andersx/parameters/3ob-3-1/H-C.skf
  /home/andersx/parameters/3ob-3-1/H-H.skf
Done.

Starting initialization...
--------------------------------------------------------------------------------
Mode:                        Static calculation
Self consistent charges:     Yes
SCC-tolerance:                 0.100000E-05
Max. scc iterations:                    100
Ewald alpha parameter:         0.000000E+00
Spin polarisation:           No
Nr. of up electrons:            19.000000
Nr. of down electrons:          19.000000
Periodic boundaries:         No
Diagonalizer:                Divide and Conquer
Mixer:                       Anderson mixer
Mixing parameter:                  0.200000
Maximal SCC-cycles:                     100
Nr. of chrg. vectors to mix:              8
Electronic temperature:        0.100000E-07
Initial charges:             Set automatically (system chrg:   0.000E+00)
Included shells:              O:  s, p
                              C:  s, p
                              H:  s
Full 3rd order correction    Yes
Damped SCC                   Yes
Damped specie(s):            H                                                 
Extra options:
--------------------------------------------------------------------------------
 

********************************************************************************
** Geometry step: 0
********************************************************************************

  iSCC Total electronic   Diff electronic      SCC error    
    1   -0.17416578E+02    0.00000000E+00    0.66552977E+00
    2   -0.17417592E+02   -0.10145392E-02    0.65436032E+00
    3   -0.17446550E+02   -0.28957841E-01    0.72215143E-01
    4   -0.17446652E+02   -0.10253091E-03    0.73973561E-01
    5   -0.17446801E+02   -0.14829889E-03    0.27368008E-01
    6   -0.17446849E+02   -0.48643133E-04    0.14626991E-01
    7   -0.17446847E+02    0.21786686E-05    0.15133021E-01
    8   -0.17446867E+02   -0.20159681E-04    0.14906056E-02
    9   -0.17446867E+02   -0.69545443E-07    0.12339965E-02
   10   -0.17446868E+02   -0.16327590E-06    0.24093415E-03
   11   -0.17446868E+02   -0.12744145E-07    0.13021809E-03
   12   -0.17446868E+02   -0.41029509E-08    0.14101343E-04
   13   -0.17446868E+02   -0.23220537E-10    0.17185355E-05
   14   -0.17446868E+02   -0.29487524E-12    0.24307129E-08
>> Charges saved for restart in charges.bin
 
 Total Energy:                     -17.3618208009 H
 Total Mermin free energy:         -17.3618208009 H
