================================================================================
==
==   Density Functional based Tight Binding with a lot of extensions (DFTB+)    
==
==                              Release: 1.2 (p2)
==
==                            (ParserVersion = 4)
==
================================================================================


********************************************************************************
** Parsing and initializing
********************************************************************************

Interpreting input file 'dftb_in.hsd'
--------------------------------------------------------------------------------
WARNING!
-> WriteHSDInput and WriteXMLInput both turned off. You won't eventually be 
 able to obtain the same results with a later version of the code!
Path: dftb_in/ParserOptions
Line: 72-75 (File: dftb_in.hsd)

Reading SK-files:
  /home/andersx/parameters/3ob-3-1/O-O.skf
  /home/andersx/parameters/3ob-3-1/O-C.skf
  /home/andersx/parameters/3ob-3-1/O-H.skf
  /home/andersx/parameters/3ob-3-1/C-O.skf
  /home/andersx/parameters/3ob-3-1/C-C.skf
  /home/andersx/parameters/3ob-3-1/C-H.skf
  /home/andersx/parameters/3ob-3-1/H-O.skf
  /home/andersx/parameters/3ob-3-1/H-C.skf
  /home/andersx/parameters/3ob-3-1/H-H.skf
Done.

Starting initialization...
--------------------------------------------------------------------------------
Mode:                        Static calculation
Self consistent charges:     Yes
SCC-tolerance:                 0.100000E-05
Max. scc iterations:                    100
Ewald alpha parameter:         0.000000E+00
Spin polarisation:           No
Nr. of up electrons:            19.000000
Nr. of down electrons:          19.000000
Periodic boundaries:         No
Diagonalizer:                Divide and Conquer
Mixer:                       Anderson mixer
Mixing parameter:                  0.200000
Maximal SCC-cycles:                     100
Nr. of chrg. vectors to mix:              8
Electronic temperature:        0.100000E-07
Initial charges:             Set automatically (system chrg:   0.000E+00)
Included shells:              O:  s, p
                              C:  s, p
                              H:  s
Full 3rd order correction    Yes
Damped SCC                   Yes
Damped specie(s):            H                                                 
Extra options:
--------------------------------------------------------------------------------
 

********************************************************************************
** Geometry step: 0
********************************************************************************

  iSCC Total electronic   Diff electronic      SCC error    
    1   -0.17388201E+02    0.00000000E+00    0.67067871E+00
    2   -0.17388767E+02   -0.56586940E-03    0.65999342E+00
    3   -0.17405078E+02   -0.16311676E-01    0.88151217E-01
    4   -0.17405002E+02    0.76343689E-04    0.74528993E-01
    5   -0.17405224E+02   -0.22192677E-03    0.53882053E-01
    6   -0.17405306E+02   -0.81554713E-04    0.13370638E-01
    7   -0.17405306E+02   -0.83857397E-07    0.13340405E-01
    8   -0.17405313E+02   -0.69022265E-05    0.20439066E-02
    9   -0.17405313E+02   -0.92825129E-07    0.17231496E-02
   10   -0.17405313E+02   -0.18106781E-06    0.16381113E-03
   11   -0.17405313E+02   -0.27261429E-08    0.86961273E-04
   12   -0.17405313E+02   -0.91784358E-09    0.16278765E-04
   13   -0.17405313E+02   -0.13674395E-10    0.10772763E-05
   14   -0.17405313E+02   -0.49737992E-13    0.35873211E-06
>> Charges saved for restart in charges.bin
 
 Total Energy:                     -17.3142424673 H
 Total Mermin free energy:         -17.3142424673 H
