================================================================================
==
==   Density Functional based Tight Binding with a lot of extensions (DFTB+)    
==
==                              Release: 1.2 (p2)
==
==                            (ParserVersion = 4)
==
================================================================================


********************************************************************************
** Parsing and initializing
********************************************************************************

Interpreting input file 'dftb_in.hsd'
--------------------------------------------------------------------------------
WARNING!
-> WriteHSDInput and WriteXMLInput both turned off. You won't eventually be 
 able to obtain the same results with a later version of the code!
Path: dftb_in/ParserOptions
Line: 74-77 (File: dftb_in.hsd)

Reading SK-files:
  /home/andersx/parameters/3ob-3-1/O-O.skf
  /home/andersx/parameters/3ob-3-1/O-C.skf
  /home/andersx/parameters/3ob-3-1/O-H.skf
  /home/andersx/parameters/3ob-3-1/C-O.skf
  /home/andersx/parameters/3ob-3-1/C-C.skf
  /home/andersx/parameters/3ob-3-1/C-H.skf
  /home/andersx/parameters/3ob-3-1/H-O.skf
  /home/andersx/parameters/3ob-3-1/H-C.skf
  /home/andersx/parameters/3ob-3-1/H-H.skf
Done.

Starting initialization...
--------------------------------------------------------------------------------
Mode:                        Static calculation
Self consistent charges:     Yes
SCC-tolerance:                 0.100000E-05
Max. scc iterations:                    100
Ewald alpha parameter:         0.000000E+00
Spin polarisation:           No
Nr. of up electrons:            20.000000
Nr. of down electrons:          20.000000
Periodic boundaries:         No
Diagonalizer:                Divide and Conquer
Mixer:                       Anderson mixer
Mixing parameter:                  0.200000
Maximal SCC-cycles:                     100
Nr. of chrg. vectors to mix:              8
Electronic temperature:        0.100000E-07
Initial charges:             Set automatically (system chrg:   0.000E+00)
Included shells:              O:  s, p
                              C:  s, p
                              H:  s
Full 3rd order correction    Yes
Damped SCC                   Yes
Damped specie(s):            H                                                 
Extra options:
--------------------------------------------------------------------------------
 

********************************************************************************
** Geometry step: 0
********************************************************************************

  iSCC Total electronic   Diff electronic      SCC error    
    1   -0.18131679E+02    0.00000000E+00    0.65574405E+00
    2   -0.18132278E+02   -0.59839876E-03    0.64735434E+00
    3   -0.18148482E+02   -0.16204633E-01    0.10039590E+00
    4   -0.18148349E+02    0.13286393E-03    0.10624464E+00
    5   -0.18148817E+02   -0.46783357E-03    0.59423375E-01
    6   -0.18148923E+02   -0.10616743E-03    0.15573863E-01
    7   -0.18148924E+02   -0.90520258E-06    0.16276832E-01
    8   -0.18148939E+02   -0.14918706E-04    0.24637035E-02
    9   -0.18148939E+02   -0.10693345E-06    0.12085779E-02
   10   -0.18148939E+02   -0.89850094E-07    0.32257349E-03
   11   -0.18148939E+02   -0.26956215E-08    0.96161262E-04
   12   -0.18148939E+02   -0.87647578E-09    0.14196029E-04
   13   -0.18148939E+02   -0.72617468E-11    0.21775097E-05
   14   -0.18148939E+02   -0.95923269E-13    0.34103372E-06
>> Charges saved for restart in charges.bin
 
 Total Energy:                     -18.0951468199 H
 Total Mermin free energy:         -18.0951468199 H
