================================================================================
==
==   Density Functional based Tight Binding with a lot of extensions (DFTB+)    
==
==                              Release: 1.2 (p2)
==
==                            (ParserVersion = 4)
==
================================================================================


********************************************************************************
** Parsing and initializing
********************************************************************************

Interpreting input file 'dftb_in.hsd'
--------------------------------------------------------------------------------
WARNING!
-> WriteHSDInput and WriteXMLInput both turned off. You won't eventually be 
 able to obtain the same results with a later version of the code!
Path: dftb_in/ParserOptions
Line: 74-77 (File: dftb_in.hsd)

Reading SK-files:
  /home/andersx/parameters/3ob-3-1/O-O.skf
  /home/andersx/parameters/3ob-3-1/O-C.skf
  /home/andersx/parameters/3ob-3-1/O-H.skf
  /home/andersx/parameters/3ob-3-1/C-O.skf
  /home/andersx/parameters/3ob-3-1/C-C.skf
  /home/andersx/parameters/3ob-3-1/C-H.skf
  /home/andersx/parameters/3ob-3-1/H-O.skf
  /home/andersx/parameters/3ob-3-1/H-C.skf
  /home/andersx/parameters/3ob-3-1/H-H.skf
Done.

Starting initialization...
--------------------------------------------------------------------------------
Mode:                        Static calculation
Self consistent charges:     Yes
SCC-tolerance:                 0.100000E-05
Max. scc iterations:                    100
Ewald alpha parameter:         0.000000E+00
Spin polarisation:           No
Nr. of up electrons:            19.000000
Nr. of down electrons:          19.000000
Periodic boundaries:         No
Diagonalizer:                Divide and Conquer
Mixer:                       Anderson mixer
Mixing parameter:                  0.200000
Maximal SCC-cycles:                     100
Nr. of chrg. vectors to mix:              8
Electronic temperature:        0.100000E-07
Initial charges:             Set automatically (system chrg:   0.000E+00)
Included shells:              O:  s, p
                              C:  s, p
                              H:  s
Full 3rd order correction    Yes
Damped SCC                   Yes
Damped specie(s):            H                                                 
Extra options:
--------------------------------------------------------------------------------
 

********************************************************************************
** Geometry step: 0
********************************************************************************

  iSCC Total electronic   Diff electronic      SCC error    
    1   -0.16533808E+02    0.00000000E+00    0.72865932E+00
    2   -0.16534408E+02   -0.59912711E-03    0.71629216E+00
    3   -0.16549425E+02   -0.15017075E-01    0.12143551E+00
    4   -0.16549483E+02   -0.58745120E-04    0.12028250E+00
    5   -0.16550088E+02   -0.60486202E-03    0.14581812E-01
    6   -0.16550088E+02    0.70579509E-06    0.16191977E-01
    7   -0.16550088E+02   -0.43551182E-06    0.92783110E-02
    8   -0.16550090E+02   -0.16363752E-05    0.14599285E-02
    9   -0.16550090E+02   -0.30848465E-07    0.11883093E-02
   10   -0.16550090E+02   -0.79976786E-07    0.84688696E-04
   11   -0.16550090E+02   -0.36312997E-09    0.49154935E-04
   12   -0.16550090E+02   -0.12224532E-09    0.28898730E-05
   13   -0.16550090E+02   -0.45830006E-12    0.46264925E-06
>> Charges saved for restart in charges.bin
 
 Total Energy:                     -16.5517931805 H
 Total Mermin free energy:         -16.5517931805 H
