================================================================================
==
==   Density Functional based Tight Binding with a lot of extensions (DFTB+)    
==
==                              Release: 1.2 (p2)
==
==                            (ParserVersion = 4)
==
================================================================================


********************************************************************************
** Parsing and initializing
********************************************************************************

Interpreting input file 'dftb_in.hsd'
--------------------------------------------------------------------------------
WARNING!
-> WriteHSDInput and WriteXMLInput both turned off. You won't eventually be 
 able to obtain the same results with a later version of the code!
Path: dftb_in/ParserOptions
Line: 72-75 (File: dftb_in.hsd)

Reading SK-files:
  /home/andersx/parameters/3ob-3-1/O-O.skf
  /home/andersx/parameters/3ob-3-1/O-C.skf
  /home/andersx/parameters/3ob-3-1/O-H.skf
  /home/andersx/parameters/3ob-3-1/C-O.skf
  /home/andersx/parameters/3ob-3-1/C-C.skf
  /home/andersx/parameters/3ob-3-1/C-H.skf
  /home/andersx/parameters/3ob-3-1/H-O.skf
  /home/andersx/parameters/3ob-3-1/H-C.skf
  /home/andersx/parameters/3ob-3-1/H-H.skf
Done.

Starting initialization...
--------------------------------------------------------------------------------
Mode:                        Static calculation
Self consistent charges:     Yes
SCC-tolerance:                 0.100000E-05
Max. scc iterations:                    100
Ewald alpha parameter:         0.000000E+00
Spin polarisation:           No
Nr. of up electrons:            18.000000
Nr. of down electrons:          18.000000
Periodic boundaries:         No
Diagonalizer:                Divide and Conquer
Mixer:                       Anderson mixer
Mixing parameter:                  0.200000
Maximal SCC-cycles:                     100
Nr. of chrg. vectors to mix:              8
Electronic temperature:        0.100000E-07
Initial charges:             Set automatically (system chrg:   0.000E+00)
Included shells:              O:  s, p
                              C:  s, p
                              H:  s
Full 3rd order correction    Yes
Damped SCC                   Yes
Damped specie(s):            H                                                 
Extra options:
--------------------------------------------------------------------------------
 

********************************************************************************
** Geometry step: 0
********************************************************************************

  iSCC Total electronic   Diff electronic      SCC error    
    1   -0.15925100E+02    0.00000000E+00    0.69455058E+00
    2   -0.15925818E+02   -0.71759289E-03    0.68237164E+00
    3   -0.15943295E+02   -0.17477656E-01    0.14060220E+00
    4   -0.15943466E+02   -0.17076437E-03    0.13968066E+00
    5   -0.15944340E+02   -0.87352982E-03    0.49155606E-01
    6   -0.15944339E+02    0.62057268E-06    0.48878540E-01
    7   -0.15944424E+02   -0.85001977E-04    0.32743751E-02
    8   -0.15944425E+02   -0.49095332E-06    0.13032851E-02
    9   -0.15944425E+02   -0.24245559E-06    0.31411483E-03
   10   -0.15944425E+02   -0.88998835E-08    0.84845829E-04
   11   -0.15944425E+02   -0.77017859E-09    0.12744699E-04
   12   -0.15944425E+02   -0.10309975E-10    0.47477545E-05
   13   -0.15944425E+02   -0.54889426E-12    0.63727521E-06
>> Charges saved for restart in charges.bin
 
 Total Energy:                     -15.7399547629 H
 Total Mermin free energy:         -15.7399547629 H
