================================================================================
==
==   Density Functional based Tight Binding with a lot of extensions (DFTB+)    
==
==                              Release: 1.2 (p2)
==
==                            (ParserVersion = 4)
==
================================================================================


********************************************************************************
** Parsing and initializing
********************************************************************************

Interpreting input file 'dftb_in.hsd'
--------------------------------------------------------------------------------
WARNING!
-> WriteHSDInput and WriteXMLInput both turned off. You won't eventually be 
 able to obtain the same results with a later version of the code!
Path: dftb_in/ParserOptions
Line: 72-75 (File: dftb_in.hsd)

Reading SK-files:
  /home/andersx/parameters/3ob-3-1/O-O.skf
  /home/andersx/parameters/3ob-3-1/O-C.skf
  /home/andersx/parameters/3ob-3-1/O-H.skf
  /home/andersx/parameters/3ob-3-1/C-O.skf
  /home/andersx/parameters/3ob-3-1/C-C.skf
  /home/andersx/parameters/3ob-3-1/C-H.skf
  /home/andersx/parameters/3ob-3-1/H-O.skf
  /home/andersx/parameters/3ob-3-1/H-C.skf
  /home/andersx/parameters/3ob-3-1/H-H.skf
Done.

Starting initialization...
--------------------------------------------------------------------------------
Mode:                        Static calculation
Self consistent charges:     Yes
SCC-tolerance:                 0.100000E-05
Max. scc iterations:                    100
Ewald alpha parameter:         0.000000E+00
Spin polarisation:           No
Nr. of up electrons:            19.000000
Nr. of down electrons:          19.000000
Periodic boundaries:         No
Diagonalizer:                Divide and Conquer
Mixer:                       Anderson mixer
Mixing parameter:                  0.200000
Maximal SCC-cycles:                     100
Nr. of chrg. vectors to mix:              8
Electronic temperature:        0.100000E-07
Initial charges:             Set automatically (system chrg:   0.000E+00)
Included shells:              O:  s, p
                              C:  s, p
                              H:  s
Full 3rd order correction    Yes
Damped SCC                   Yes
Damped specie(s):            H                                                 
Extra options:
--------------------------------------------------------------------------------
 

********************************************************************************
** Geometry step: 0
********************************************************************************

  iSCC Total electronic   Diff electronic      SCC error    
    1   -0.17446982E+02    0.00000000E+00    0.67987102E+00
    2   -0.17447572E+02   -0.58927872E-03    0.67121292E+00
    3   -0.17463798E+02   -0.16226580E-01    0.10466067E+00
    4   -0.17463698E+02    0.10005583E-03    0.10356741E+00
    5   -0.17464187E+02   -0.48850174E-03    0.39474828E-01
    6   -0.17464235E+02   -0.48329500E-04    0.10710884E-01
    7   -0.17464239E+02   -0.43866939E-05    0.13281540E-01
    8   -0.17464245E+02   -0.59031451E-05    0.26926698E-02
    9   -0.17464246E+02   -0.18364842E-06    0.24465904E-02
   10   -0.17464246E+02   -0.39920296E-06    0.76550888E-03
   11   -0.17464246E+02   -0.74221091E-08    0.15801766E-03
   12   -0.17464246E+02   -0.22894575E-08    0.22724069E-04
   13   -0.17464246E+02   -0.21220359E-10    0.41054585E-05
   14   -0.17464246E+02   -0.46540549E-12    0.23494383E-06
>> Charges saved for restart in charges.bin
 
 Total Energy:                     -17.3439773201 H
 Total Mermin free energy:         -17.3439773201 H
