================================================================================
==
==   Density Functional based Tight Binding with a lot of extensions (DFTB+)    
==
==                              Release: 1.2 (p2)
==
==                            (ParserVersion = 4)
==
================================================================================


********************************************************************************
** Parsing and initializing
********************************************************************************

Interpreting input file 'dftb_in.hsd'
--------------------------------------------------------------------------------
WARNING!
-> WriteHSDInput and WriteXMLInput both turned off. You won't eventually be 
 able to obtain the same results with a later version of the code!
Path: dftb_in/ParserOptions
Line: 76-79 (File: dftb_in.hsd)

Reading SK-files:
  /home/andersx/parameters/3ob-3-1/O-O.skf
  /home/andersx/parameters/3ob-3-1/O-C.skf
  /home/andersx/parameters/3ob-3-1/O-H.skf
  /home/andersx/parameters/3ob-3-1/C-O.skf
  /home/andersx/parameters/3ob-3-1/C-C.skf
  /home/andersx/parameters/3ob-3-1/C-H.skf
  /home/andersx/parameters/3ob-3-1/H-O.skf
  /home/andersx/parameters/3ob-3-1/H-C.skf
  /home/andersx/parameters/3ob-3-1/H-H.skf
Done.

Starting initialization...
--------------------------------------------------------------------------------
Mode:                        Static calculation
Self consistent charges:     Yes
SCC-tolerance:                 0.100000E-05
Max. scc iterations:                    100
Ewald alpha parameter:         0.000000E+00
Spin polarisation:           No
Nr. of up electrons:            21.000000
Nr. of down electrons:          21.000000
Periodic boundaries:         No
Diagonalizer:                Divide and Conquer
Mixer:                       Anderson mixer
Mixing parameter:                  0.200000
Maximal SCC-cycles:                     100
Nr. of chrg. vectors to mix:              8
Electronic temperature:        0.100000E-07
Initial charges:             Set automatically (system chrg:   0.000E+00)
Included shells:              O:  s, p
                              C:  s, p
                              H:  s
Full 3rd order correction    Yes
Damped SCC                   Yes
Damped specie(s):            H                                                 
Extra options:
--------------------------------------------------------------------------------
 

********************************************************************************
** Geometry step: 0
********************************************************************************

  iSCC Total electronic   Diff electronic      SCC error    
    1   -0.18934498E+02    0.00000000E+00    0.68215652E+00
    2   -0.18934792E+02   -0.29399150E-03    0.67310598E+00
    3   -0.18942912E+02   -0.81198938E-02    0.59889569E-01
    4   -0.18942818E+02    0.94227492E-04    0.53345712E-01
    5   -0.18942937E+02   -0.11909556E-03    0.83366035E-01
    6   -0.18943132E+02   -0.19568474E-03    0.93702689E-02
    7   -0.18943132E+02    0.16253485E-06    0.10019023E-01
    8   -0.18943133E+02   -0.52087806E-06    0.84512196E-02
    9   -0.18943135E+02   -0.25254878E-05    0.99612775E-03
   10   -0.18943135E+02   -0.97264099E-08    0.79519461E-03
   11   -0.18943135E+02   -0.26741567E-07    0.66595231E-04
   12   -0.18943135E+02   -0.11223733E-09    0.44324354E-04
   13   -0.18943135E+02   -0.47091220E-10    0.18681305E-05
   14   -0.18943135E+02   -0.23447910E-12    0.53034116E-06
>> Charges saved for restart in charges.bin
 
 Total Energy:                     -18.9423795022 H
 Total Mermin free energy:         -18.9423795022 H
