================================================================================
==
==   Density Functional based Tight Binding with a lot of extensions (DFTB+)    
==
==                              Release: 1.2 (p2)
==
==                            (ParserVersion = 4)
==
================================================================================


********************************************************************************
** Parsing and initializing
********************************************************************************

Interpreting input file 'dftb_in.hsd'
--------------------------------------------------------------------------------
WARNING!
-> WriteHSDInput and WriteXMLInput both turned off. You won't eventually be 
 able to obtain the same results with a later version of the code!
Path: dftb_in/ParserOptions
Line: 74-77 (File: dftb_in.hsd)

Reading SK-files:
  /home/andersx/parameters/3ob-3-1/O-O.skf
  /home/andersx/parameters/3ob-3-1/O-C.skf
  /home/andersx/parameters/3ob-3-1/O-H.skf
  /home/andersx/parameters/3ob-3-1/C-O.skf
  /home/andersx/parameters/3ob-3-1/C-C.skf
  /home/andersx/parameters/3ob-3-1/C-H.skf
  /home/andersx/parameters/3ob-3-1/H-O.skf
  /home/andersx/parameters/3ob-3-1/H-C.skf
  /home/andersx/parameters/3ob-3-1/H-H.skf
Done.

Starting initialization...
--------------------------------------------------------------------------------
Mode:                        Static calculation
Self consistent charges:     Yes
SCC-tolerance:                 0.100000E-05
Max. scc iterations:                    100
Ewald alpha parameter:         0.000000E+00
Spin polarisation:           No
Nr. of up electrons:            19.000000
Nr. of down electrons:          19.000000
Periodic boundaries:         No
Diagonalizer:                Divide and Conquer
Mixer:                       Anderson mixer
Mixing parameter:                  0.200000
Maximal SCC-cycles:                     100
Nr. of chrg. vectors to mix:              8
Electronic temperature:        0.100000E-07
Initial charges:             Set automatically (system chrg:   0.000E+00)
Included shells:              O:  s, p
                              C:  s, p
                              H:  s
Full 3rd order correction    Yes
Damped SCC                   Yes
Damped specie(s):            H                                                 
Extra options:
--------------------------------------------------------------------------------
 

********************************************************************************
** Geometry step: 0
********************************************************************************

  iSCC Total electronic   Diff electronic      SCC error    
    1   -0.16623104E+02    0.00000000E+00    0.69022570E+00
    2   -0.16623262E+02   -0.15852973E-03    0.68127051E+00
    3   -0.16627524E+02   -0.42620938E-02    0.50215191E-01
    4   -0.16627455E+02    0.69499661E-04    0.45118764E-01
    5   -0.16627639E+02   -0.18431918E-03    0.78106202E-01
    6   -0.16627762E+02   -0.12303211E-03    0.15958332E-01
    7   -0.16627765E+02   -0.30370315E-05    0.18531287E-01
    8   -0.16627771E+02   -0.58602910E-05    0.97112782E-02
    9   -0.16627771E+02   -0.20175851E-06    0.26004071E-02
   10   -0.16627771E+02   -0.42015248E-07    0.22726758E-02
   11   -0.16627771E+02   -0.84734992E-07    0.48902368E-03
   12   -0.16627771E+02   -0.31576704E-07    0.21184265E-03
   13   -0.16627771E+02   -0.62086762E-08    0.62641061E-04
   14   -0.16627771E+02   -0.45638160E-09    0.11622953E-04
   15   -0.16627771E+02   -0.38689052E-11    0.46839514E-05
   16   -0.16627771E+02   -0.51869620E-12    0.17466574E-06
>> Charges saved for restart in charges.bin
 
 Total Energy:                     -16.5452095093 H
 Total Mermin free energy:         -16.5452095093 H
