================================================================================
==
==   Density Functional based Tight Binding with a lot of extensions (DFTB+)    
==
==                              Release: 1.2 (p2)
==
==                            (ParserVersion = 4)
==
================================================================================


********************************************************************************
** Parsing and initializing
********************************************************************************

Interpreting input file 'dftb_in.hsd'
--------------------------------------------------------------------------------
WARNING!
-> WriteHSDInput and WriteXMLInput both turned off. You won't eventually be 
 able to obtain the same results with a later version of the code!
Path: dftb_in/ParserOptions
Line: 76-79 (File: dftb_in.hsd)

Reading SK-files:
  /home/andersx/parameters/3ob-3-1/O-O.skf
  /home/andersx/parameters/3ob-3-1/O-C.skf
  /home/andersx/parameters/3ob-3-1/O-H.skf
  /home/andersx/parameters/3ob-3-1/C-O.skf
  /home/andersx/parameters/3ob-3-1/C-C.skf
  /home/andersx/parameters/3ob-3-1/C-H.skf
  /home/andersx/parameters/3ob-3-1/H-O.skf
  /home/andersx/parameters/3ob-3-1/H-C.skf
  /home/andersx/parameters/3ob-3-1/H-H.skf
Done.

Starting initialization...
--------------------------------------------------------------------------------
Mode:                        Static calculation
Self consistent charges:     Yes
SCC-tolerance:                 0.100000E-05
Max. scc iterations:                    100
Ewald alpha parameter:         0.000000E+00
Spin polarisation:           No
Nr. of up electrons:            20.000000
Nr. of down electrons:          20.000000
Periodic boundaries:         No
Diagonalizer:                Divide and Conquer
Mixer:                       Anderson mixer
Mixing parameter:                  0.200000
Maximal SCC-cycles:                     100
Nr. of chrg. vectors to mix:              8
Electronic temperature:        0.100000E-07
Initial charges:             Set automatically (system chrg:   0.000E+00)
Included shells:              O:  s, p
                              C:  s, p
                              H:  s
Full 3rd order correction    Yes
Damped SCC                   Yes
Damped specie(s):            H                                                 
Extra options:
--------------------------------------------------------------------------------
 

********************************************************************************
** Geometry step: 0
********************************************************************************

  iSCC Total electronic   Diff electronic      SCC error    
    1   -0.17320182E+02    0.00000000E+00    0.69303037E+00
    2   -0.17320324E+02   -0.14154896E-03    0.68405081E+00
    3   -0.17324222E+02   -0.38978174E-02    0.47275417E-01
    4   -0.17324169E+02    0.52823983E-04    0.37713551E-01
    5   -0.17324211E+02   -0.42044146E-04    0.84476711E-01
    6   -0.17324338E+02   -0.12754837E-03    0.17052654E-01
    7   -0.17324339E+02   -0.92448883E-06    0.11495624E-01
    8   -0.17324349E+02   -0.96330152E-05    0.11171557E-01
    9   -0.17324349E+02   -0.62567376E-06    0.25220852E-02
   10   -0.17324350E+02   -0.65452188E-07    0.18814266E-02
   11   -0.17324350E+02   -0.14249460E-06    0.25483585E-03
   12   -0.17324350E+02   -0.43169806E-08    0.14878899E-03
   13   -0.17324350E+02   -0.22477380E-08    0.17161932E-04
   14   -0.17324350E+02   -0.84661167E-11    0.19154431E-05
   15   -0.17324350E+02   -0.63948846E-13    0.20786308E-06
>> Charges saved for restart in charges.bin
 
 Total Energy:                     -17.3336712740 H
 Total Mermin free energy:         -17.3336712740 H
