================================================================================
==
==   Density Functional based Tight Binding with a lot of extensions (DFTB+)    
==
==                              Release: 1.2 (p2)
==
==                            (ParserVersion = 4)
==
================================================================================


********************************************************************************
** Parsing and initializing
********************************************************************************

Interpreting input file 'dftb_in.hsd'
--------------------------------------------------------------------------------
WARNING!
-> WriteHSDInput and WriteXMLInput both turned off. You won't eventually be 
 able to obtain the same results with a later version of the code!
Path: dftb_in/ParserOptions
Line: 72-75 (File: dftb_in.hsd)

Reading SK-files:
  /home/andersx/parameters/3ob-3-1/O-O.skf
  /home/andersx/parameters/3ob-3-1/O-C.skf
  /home/andersx/parameters/3ob-3-1/O-H.skf
  /home/andersx/parameters/3ob-3-1/C-O.skf
  /home/andersx/parameters/3ob-3-1/C-C.skf
  /home/andersx/parameters/3ob-3-1/C-H.skf
  /home/andersx/parameters/3ob-3-1/H-O.skf
  /home/andersx/parameters/3ob-3-1/H-C.skf
  /home/andersx/parameters/3ob-3-1/H-H.skf
Done.

Starting initialization...
--------------------------------------------------------------------------------
Mode:                        Static calculation
Self consistent charges:     Yes
SCC-tolerance:                 0.100000E-05
Max. scc iterations:                    100
Ewald alpha parameter:         0.000000E+00
Spin polarisation:           No
Nr. of up electrons:            19.000000
Nr. of down electrons:          19.000000
Periodic boundaries:         No
Diagonalizer:                Divide and Conquer
Mixer:                       Anderson mixer
Mixing parameter:                  0.200000
Maximal SCC-cycles:                     100
Nr. of chrg. vectors to mix:              8
Electronic temperature:        0.100000E-07
Initial charges:             Set automatically (system chrg:   0.000E+00)
Included shells:              O:  s, p
                              C:  s, p
                              H:  s
Full 3rd order correction    Yes
Damped SCC                   Yes
Damped specie(s):            H                                                 
Extra options:
--------------------------------------------------------------------------------
 

********************************************************************************
** Geometry step: 0
********************************************************************************

  iSCC Total electronic   Diff electronic      SCC error    
    1   -0.17584881E+02    0.00000000E+00    0.93377656E+00
    2   -0.17585544E+02   -0.66304885E-03    0.92094193E+00
    3   -0.17604289E+02   -0.18744645E-01    0.14094465E+00
    4   -0.17604523E+02   -0.23416362E-03    0.13958475E+00
    5   -0.17605164E+02   -0.64037551E-03    0.31186922E-01
    6   -0.17605194E+02   -0.30788247E-04    0.15444759E-01
    7   -0.17605196E+02   -0.14494744E-05    0.14754384E-01
    8   -0.17605208E+02   -0.12136118E-04    0.25934193E-02
    9   -0.17605208E+02   -0.15687592E-06    0.20703954E-02
   10   -0.17605208E+02   -0.32562827E-06    0.56281704E-03
   11   -0.17605208E+02   -0.19836666E-07    0.28545628E-03
   12   -0.17605208E+02   -0.46298325E-08    0.41344455E-04
   13   -0.17605208E+02   -0.81335827E-10    0.41462993E-05
   14   -0.17605208E+02   -0.46895821E-12    0.12116820E-05
   15   -0.17605208E+02   -0.42632564E-13    0.58876711E-07
>> Charges saved for restart in charges.bin
 
 Total Energy:                     -17.4223953799 H
 Total Mermin free energy:         -17.4223953799 H
