================================================================================
==
==   Density Functional based Tight Binding with a lot of extensions (DFTB+)    
==
==                              Release: 1.2 (p2)
==
==                            (ParserVersion = 4)
==
================================================================================


********************************************************************************
** Parsing and initializing
********************************************************************************

Interpreting input file 'dftb_in.hsd'
--------------------------------------------------------------------------------
WARNING!
-> WriteHSDInput and WriteXMLInput both turned off. You won't eventually be 
 able to obtain the same results with a later version of the code!
Path: dftb_in/ParserOptions
Line: 74-77 (File: dftb_in.hsd)

Reading SK-files:
  /home/andersx/parameters/3ob-3-1/O-O.skf
  /home/andersx/parameters/3ob-3-1/O-C.skf
  /home/andersx/parameters/3ob-3-1/O-H.skf
  /home/andersx/parameters/3ob-3-1/C-O.skf
  /home/andersx/parameters/3ob-3-1/C-C.skf
  /home/andersx/parameters/3ob-3-1/C-H.skf
  /home/andersx/parameters/3ob-3-1/H-O.skf
  /home/andersx/parameters/3ob-3-1/H-C.skf
  /home/andersx/parameters/3ob-3-1/H-H.skf
Done.

Starting initialization...
--------------------------------------------------------------------------------
Mode:                        Static calculation
Self consistent charges:     Yes
SCC-tolerance:                 0.100000E-05
Max. scc iterations:                    100
Ewald alpha parameter:         0.000000E+00
Spin polarisation:           No
Nr. of up electrons:            20.000000
Nr. of down electrons:          20.000000
Periodic boundaries:         No
Diagonalizer:                Divide and Conquer
Mixer:                       Anderson mixer
Mixing parameter:                  0.200000
Maximal SCC-cycles:                     100
Nr. of chrg. vectors to mix:              8
Electronic temperature:        0.100000E-07
Initial charges:             Set automatically (system chrg:   0.000E+00)
Included shells:              O:  s, p
                              C:  s, p
                              H:  s
Full 3rd order correction    Yes
Damped SCC                   Yes
Damped specie(s):            H                                                 
Extra options:
--------------------------------------------------------------------------------
 

********************************************************************************
** Geometry step: 0
********************************************************************************

  iSCC Total electronic   Diff electronic      SCC error    
    1   -0.18211703E+02    0.00000000E+00    0.75508412E+00
    2   -0.18212651E+02   -0.94762843E-03    0.74217821E+00
    3   -0.18238297E+02   -0.25646536E-01    0.13299064E+00
    4   -0.18238400E+02   -0.10203036E-03    0.13209240E+00
    5   -0.18238917E+02   -0.51781596E-03    0.19482268E-01
    6   -0.18238912E+02    0.50575603E-05    0.21858218E-01
    7   -0.18238930E+02   -0.17350567E-04    0.75428148E-02
    8   -0.18238933E+02   -0.38084779E-05    0.84573564E-03
    9   -0.18238934E+02   -0.66746505E-07    0.71828590E-03
   10   -0.18238934E+02   -0.14299371E-06    0.13116631E-03
   11   -0.18238934E+02   -0.11381154E-08    0.72559733E-04
   12   -0.18238934E+02   -0.53355720E-09    0.53207599E-05
   13   -0.18238934E+02   -0.77093887E-12    0.97363292E-06
>> Charges saved for restart in charges.bin
 
 Total Energy:                     -18.1802826243 H
 Total Mermin free energy:         -18.1802826243 H
