================================================================================
==
==   Density Functional based Tight Binding with a lot of extensions (DFTB+)    
==
==                              Release: 1.2 (p2)
==
==                            (ParserVersion = 4)
==
================================================================================


********************************************************************************
** Parsing and initializing
********************************************************************************

Interpreting input file 'dftb_in.hsd'
--------------------------------------------------------------------------------
WARNING!
-> WriteHSDInput and WriteXMLInput both turned off. You won't eventually be 
 able to obtain the same results with a later version of the code!
Path: dftb_in/ParserOptions
Line: 72-75 (File: dftb_in.hsd)

Reading SK-files:
  /home/andersx/parameters/3ob-3-1/C-C.skf
  /home/andersx/parameters/3ob-3-1/C-N.skf
  /home/andersx/parameters/3ob-3-1/C-H.skf
  /home/andersx/parameters/3ob-3-1/N-C.skf
  /home/andersx/parameters/3ob-3-1/N-N.skf
  /home/andersx/parameters/3ob-3-1/N-H.skf
  /home/andersx/parameters/3ob-3-1/H-C.skf
  /home/andersx/parameters/3ob-3-1/H-N.skf
  /home/andersx/parameters/3ob-3-1/H-H.skf
Done.

Starting initialization...
--------------------------------------------------------------------------------
Mode:                        Static calculation
Self consistent charges:     Yes
SCC-tolerance:                 0.100000E-05
Max. scc iterations:                    100
Ewald alpha parameter:         0.000000E+00
Spin polarisation:           No
Nr. of up electrons:            16.000000
Nr. of down electrons:          16.000000
Periodic boundaries:         No
Diagonalizer:                Divide and Conquer
Mixer:                       Anderson mixer
Mixing parameter:                  0.200000
Maximal SCC-cycles:                     100
Nr. of chrg. vectors to mix:              8
Electronic temperature:        0.100000E-07
Initial charges:             Set automatically (system chrg:   0.000E+00)
Included shells:              C:  s, p
                              N:  s, p
                              H:  s
Full 3rd order correction    Yes
Damped SCC                   Yes
Damped specie(s):            H                                                 
Extra options:
--------------------------------------------------------------------------------
 

********************************************************************************
** Geometry step: 0
********************************************************************************

  iSCC Total electronic   Diff electronic      SCC error    
    1   -0.13764739E+02    0.00000000E+00    0.61619644E+00
    2   -0.13765340E+02   -0.60060058E-03    0.60328967E+00
    3   -0.13778028E+02   -0.12687816E-01    0.12607928E+00
    4   -0.13777922E+02    0.10578887E-03    0.12056654E+00
    5   -0.13778092E+02   -0.17077815E-03    0.80741273E-01
    6   -0.13778306E+02   -0.21355443E-03    0.24330834E-01
    7   -0.13778305E+02    0.11076582E-05    0.23782356E-01
    8   -0.13778324E+02   -0.19515929E-04    0.31530687E-02
    9   -0.13778325E+02   -0.38367451E-07    0.32833771E-02
   10   -0.13778325E+02   -0.68773167E-06    0.59489978E-03
   11   -0.13778325E+02   -0.14182014E-07    0.11854926E-03
   12   -0.13778325E+02   -0.15512107E-08    0.14895127E-04
   13   -0.13778325E+02   -0.13654855E-10    0.41934957E-05
   14   -0.13778325E+02   -0.56488147E-12    0.52578470E-06
>> Charges saved for restart in charges.bin
 
 Total Energy:                     -13.5746717576 H
 Total Mermin free energy:         -13.5746717576 H
