================================================================================
==
==   Density Functional based Tight Binding with a lot of extensions (DFTB+)    
==
==                              Release: 1.2 (p2)
==
==                            (ParserVersion = 4)
==
================================================================================


********************************************************************************
** Parsing and initializing
********************************************************************************

Interpreting input file 'dftb_in.hsd'
--------------------------------------------------------------------------------
WARNING!
-> WriteHSDInput and WriteXMLInput both turned off. You won't eventually be 
 able to obtain the same results with a later version of the code!
Path: dftb_in/ParserOptions
Line: 72-75 (File: dftb_in.hsd)

Reading SK-files:
  /home/andersx/parameters/3ob-3-1/O-O.skf
  /home/andersx/parameters/3ob-3-1/O-C.skf
  /home/andersx/parameters/3ob-3-1/O-H.skf
  /home/andersx/parameters/3ob-3-1/C-O.skf
  /home/andersx/parameters/3ob-3-1/C-C.skf
  /home/andersx/parameters/3ob-3-1/C-H.skf
  /home/andersx/parameters/3ob-3-1/H-O.skf
  /home/andersx/parameters/3ob-3-1/H-C.skf
  /home/andersx/parameters/3ob-3-1/H-H.skf
Done.

Starting initialization...
--------------------------------------------------------------------------------
Mode:                        Static calculation
Self consistent charges:     Yes
SCC-tolerance:                 0.100000E-05
Max. scc iterations:                    100
Ewald alpha parameter:         0.000000E+00
Spin polarisation:           No
Nr. of up electrons:            19.000000
Nr. of down electrons:          19.000000
Periodic boundaries:         No
Diagonalizer:                Divide and Conquer
Mixer:                       Anderson mixer
Mixing parameter:                  0.200000
Maximal SCC-cycles:                     100
Nr. of chrg. vectors to mix:              8
Electronic temperature:        0.100000E-07
Initial charges:             Set automatically (system chrg:   0.000E+00)
Included shells:              O:  s, p
                              C:  s, p
                              H:  s
Full 3rd order correction    Yes
Damped SCC                   Yes
Damped specie(s):            H                                                 
Extra options:
--------------------------------------------------------------------------------
 

********************************************************************************
** Geometry step: 0
********************************************************************************

  iSCC Total electronic   Diff electronic      SCC error    
    1   -0.17508366E+02    0.00000000E+00    0.65863903E+00
    2   -0.17508884E+02   -0.51791977E-03    0.65023007E+00
    3   -0.17523892E+02   -0.15008528E-01    0.79398273E-01
    4   -0.17523825E+02    0.67300250E-04    0.80023179E-01
    5   -0.17524175E+02   -0.34979050E-03    0.33283288E-01
    6   -0.17524201E+02   -0.26671450E-04    0.16559849E-01
    7   -0.17524206E+02   -0.48050243E-05    0.15953455E-01
    8   -0.17524211E+02   -0.43007609E-05    0.31579680E-02
    9   -0.17524211E+02   -0.29497982E-06    0.25988966E-02
   10   -0.17524211E+02   -0.47181782E-06    0.63124716E-03
   11   -0.17524211E+02   -0.72402528E-08    0.17111638E-03
   12   -0.17524211E+02   -0.29102587E-08    0.20531453E-04
   13   -0.17524211E+02   -0.36759928E-10    0.59831046E-05
   14   -0.17524211E+02   -0.87396756E-12    0.94166415E-06
>> Charges saved for restart in charges.bin
 
 Total Energy:                     -17.3182498036 H
 Total Mermin free energy:         -17.3182498036 H
