================================================================================
==
==   Density Functional based Tight Binding with a lot of extensions (DFTB+)    
==
==                              Release: 1.2 (p2)
==
==                            (ParserVersion = 4)
==
================================================================================


********************************************************************************
** Parsing and initializing
********************************************************************************

Interpreting input file 'dftb_in.hsd'
--------------------------------------------------------------------------------
WARNING!
-> WriteHSDInput and WriteXMLInput both turned off. You won't eventually be 
 able to obtain the same results with a later version of the code!
Path: dftb_in/ParserOptions
Line: 74-77 (File: dftb_in.hsd)

Reading SK-files:
  /home/andersx/parameters/3ob-3-1/O-O.skf
  /home/andersx/parameters/3ob-3-1/O-C.skf
  /home/andersx/parameters/3ob-3-1/O-H.skf
  /home/andersx/parameters/3ob-3-1/C-O.skf
  /home/andersx/parameters/3ob-3-1/C-C.skf
  /home/andersx/parameters/3ob-3-1/C-H.skf
  /home/andersx/parameters/3ob-3-1/H-O.skf
  /home/andersx/parameters/3ob-3-1/H-C.skf
  /home/andersx/parameters/3ob-3-1/H-H.skf
Done.

Starting initialization...
--------------------------------------------------------------------------------
Mode:                        Static calculation
Self consistent charges:     Yes
SCC-tolerance:                 0.100000E-05
Max. scc iterations:                    100
Ewald alpha parameter:         0.000000E+00
Spin polarisation:           No
Nr. of up electrons:            20.000000
Nr. of down electrons:          20.000000
Periodic boundaries:         No
Diagonalizer:                Divide and Conquer
Mixer:                       Anderson mixer
Mixing parameter:                  0.200000
Maximal SCC-cycles:                     100
Nr. of chrg. vectors to mix:              8
Electronic temperature:        0.100000E-07
Initial charges:             Set automatically (system chrg:   0.000E+00)
Included shells:              O:  s, p
                              C:  s, p
                              H:  s
Full 3rd order correction    Yes
Damped SCC                   Yes
Damped specie(s):            H                                                 
Extra options:
--------------------------------------------------------------------------------
 

********************************************************************************
** Geometry step: 0
********************************************************************************

  iSCC Total electronic   Diff electronic      SCC error    
    1   -0.18234523E+02    0.00000000E+00    0.68891549E+00
    2   -0.18234792E+02   -0.26829797E-03    0.68003350E+00
    3   -0.18242669E+02   -0.78774722E-02    0.70995332E-01
    4   -0.18242604E+02    0.65285139E-04    0.76734752E-01
    5   -0.18242791E+02   -0.18751134E-03    0.56201343E-01
    6   -0.18242865E+02   -0.73533673E-04    0.11517161E-01
    7   -0.18242877E+02   -0.12173750E-04    0.21644131E-01
    8   -0.18242888E+02   -0.10809027E-04    0.52449404E-02
    9   -0.18242888E+02   -0.46370392E-07    0.31037057E-02
   10   -0.18242888E+02   -0.17076259E-06    0.16709911E-02
   11   -0.18242888E+02   -0.74653091E-07    0.10784204E-03
   12   -0.18242888E+02   -0.75643314E-09    0.67702485E-04
   13   -0.18242888E+02   -0.30052050E-09    0.94497956E-05
   14   -0.18242888E+02   -0.31441516E-11    0.60512428E-06
>> Charges saved for restart in charges.bin
 
 Total Energy:                     -18.1550402363 H
 Total Mermin free energy:         -18.1550402363 H
