================================================================================
==
==   Density Functional based Tight Binding with a lot of extensions (DFTB+)    
==
==                              Release: 1.2 (p2)
==
==                            (ParserVersion = 4)
==
================================================================================


********************************************************************************
** Parsing and initializing
********************************************************************************

Interpreting input file 'dftb_in.hsd'
--------------------------------------------------------------------------------
WARNING!
-> WriteHSDInput and WriteXMLInput both turned off. You won't eventually be 
 able to obtain the same results with a later version of the code!
Path: dftb_in/ParserOptions
Line: 74-77 (File: dftb_in.hsd)

Reading SK-files:
  /home/andersx/parameters/3ob-3-1/O-O.skf
  /home/andersx/parameters/3ob-3-1/O-C.skf
  /home/andersx/parameters/3ob-3-1/O-H.skf
  /home/andersx/parameters/3ob-3-1/C-O.skf
  /home/andersx/parameters/3ob-3-1/C-C.skf
  /home/andersx/parameters/3ob-3-1/C-H.skf
  /home/andersx/parameters/3ob-3-1/H-O.skf
  /home/andersx/parameters/3ob-3-1/H-C.skf
  /home/andersx/parameters/3ob-3-1/H-H.skf
Done.

Starting initialization...
--------------------------------------------------------------------------------
Mode:                        Static calculation
Self consistent charges:     Yes
SCC-tolerance:                 0.100000E-05
Max. scc iterations:                    100
Ewald alpha parameter:         0.000000E+00
Spin polarisation:           No
Nr. of up electrons:            20.000000
Nr. of down electrons:          20.000000
Periodic boundaries:         No
Diagonalizer:                Divide and Conquer
Mixer:                       Anderson mixer
Mixing parameter:                  0.200000
Maximal SCC-cycles:                     100
Nr. of chrg. vectors to mix:              8
Electronic temperature:        0.100000E-07
Initial charges:             Set automatically (system chrg:   0.000E+00)
Included shells:              O:  s, p
                              C:  s, p
                              H:  s
Full 3rd order correction    Yes
Damped SCC                   Yes
Damped specie(s):            H                                                 
Extra options:
--------------------------------------------------------------------------------
 

********************************************************************************
** Geometry step: 0
********************************************************************************

  iSCC Total electronic   Diff electronic      SCC error    
    1   -0.18212423E+02    0.00000000E+00    0.68989244E+00
    2   -0.18212802E+02   -0.37856460E-03    0.68099482E+00
    3   -0.18223908E+02   -0.11105966E-01    0.69533968E-01
    4   -0.18223843E+02    0.65095634E-04    0.64792098E-01
    5   -0.18223926E+02   -0.82871093E-04    0.73477018E-01
    6   -0.18224056E+02   -0.12985597E-03    0.12402666E-01
    7   -0.18224060E+02   -0.39081550E-05    0.18678303E-01
    8   -0.18224068E+02   -0.87535500E-05    0.41860333E-02
    9   -0.18224068E+02   -0.15642697E-06    0.24424663E-02
   10   -0.18224069E+02   -0.25560343E-06    0.25705823E-03
   11   -0.18224069E+02   -0.24483100E-08    0.91232821E-04
   12   -0.18224069E+02   -0.11535022E-08    0.23609220E-04
   13   -0.18224069E+02   -0.21056934E-10    0.11769843E-05
   14   -0.18224069E+02   -0.46185278E-13    0.22279060E-06
>> Charges saved for restart in charges.bin
 
 Total Energy:                     -18.1447987519 H
 Total Mermin free energy:         -18.1447987519 H
