================================================================================
==
==   Density Functional based Tight Binding with a lot of extensions (DFTB+)    
==
==                              Release: 1.2 (p2)
==
==                            (ParserVersion = 4)
==
================================================================================


********************************************************************************
** Parsing and initializing
********************************************************************************

Interpreting input file 'dftb_in.hsd'
--------------------------------------------------------------------------------
WARNING!
-> WriteHSDInput and WriteXMLInput both turned off. You won't eventually be 
 able to obtain the same results with a later version of the code!
Path: dftb_in/ParserOptions
Line: 72-75 (File: dftb_in.hsd)

Reading SK-files:
  /home/andersx/parameters/3ob-3-1/O-O.skf
  /home/andersx/parameters/3ob-3-1/O-C.skf
  /home/andersx/parameters/3ob-3-1/O-H.skf
  /home/andersx/parameters/3ob-3-1/C-O.skf
  /home/andersx/parameters/3ob-3-1/C-C.skf
  /home/andersx/parameters/3ob-3-1/C-H.skf
  /home/andersx/parameters/3ob-3-1/H-O.skf
  /home/andersx/parameters/3ob-3-1/H-C.skf
  /home/andersx/parameters/3ob-3-1/H-H.skf
Done.

Starting initialization...
--------------------------------------------------------------------------------
Mode:                        Static calculation
Self consistent charges:     Yes
SCC-tolerance:                 0.100000E-05
Max. scc iterations:                    100
Ewald alpha parameter:         0.000000E+00
Spin polarisation:           No
Nr. of up electrons:            19.000000
Nr. of down electrons:          19.000000
Periodic boundaries:         No
Diagonalizer:                Divide and Conquer
Mixer:                       Anderson mixer
Mixing parameter:                  0.200000
Maximal SCC-cycles:                     100
Nr. of chrg. vectors to mix:              8
Electronic temperature:        0.100000E-07
Initial charges:             Set automatically (system chrg:   0.000E+00)
Included shells:              O:  s, p
                              C:  s, p
                              H:  s
Full 3rd order correction    Yes
Damped SCC                   Yes
Damped specie(s):            H                                                 
Extra options:
--------------------------------------------------------------------------------
 

********************************************************************************
** Geometry step: 0
********************************************************************************

  iSCC Total electronic   Diff electronic      SCC error    
    1   -0.17567477E+02    0.00000000E+00    0.93608132E+00
    2   -0.17568288E+02   -0.81040043E-03    0.92367632E+00
    3   -0.17588970E+02   -0.20681866E-01    0.11951928E+00
    4   -0.17589252E+02   -0.28222845E-03    0.11530308E+00
    5   -0.17590771E+02   -0.15194021E-02    0.48554930E-01
    6   -0.17590777E+02   -0.53196857E-05    0.48372125E-01
    7   -0.17590821E+02   -0.44805315E-04    0.92390322E-02
    8   -0.17590823E+02   -0.11252797E-05    0.33775674E-02
    9   -0.17590823E+02   -0.28360508E-06    0.21078076E-02
   10   -0.17590824E+02   -0.79243270E-06    0.21761089E-03
   11   -0.17590824E+02   -0.12715518E-08    0.12554571E-03
   12   -0.17590824E+02   -0.29886849E-09    0.16312172E-04
   13   -0.17590824E+02   -0.22897240E-10    0.14755130E-05
   14   -0.17590824E+02   -0.56843419E-13    0.34457609E-06
>> Charges saved for restart in charges.bin
 
 Total Energy:                     -17.4191564727 H
 Total Mermin free energy:         -17.4191564727 H
