================================================================================
==
==   Density Functional based Tight Binding with a lot of extensions (DFTB+)    
==
==                              Release: 1.2 (p2)
==
==                            (ParserVersion = 4)
==
================================================================================


********************************************************************************
** Parsing and initializing
********************************************************************************

Interpreting input file 'dftb_in.hsd'
--------------------------------------------------------------------------------
WARNING!
-> WriteHSDInput and WriteXMLInput both turned off. You won't eventually be 
 able to obtain the same results with a later version of the code!
Path: dftb_in/ParserOptions
Line: 74-77 (File: dftb_in.hsd)

Reading SK-files:
  /home/andersx/parameters/3ob-3-1/O-O.skf
  /home/andersx/parameters/3ob-3-1/O-C.skf
  /home/andersx/parameters/3ob-3-1/O-H.skf
  /home/andersx/parameters/3ob-3-1/C-O.skf
  /home/andersx/parameters/3ob-3-1/C-C.skf
  /home/andersx/parameters/3ob-3-1/C-H.skf
  /home/andersx/parameters/3ob-3-1/H-O.skf
  /home/andersx/parameters/3ob-3-1/H-C.skf
  /home/andersx/parameters/3ob-3-1/H-H.skf
Done.

Starting initialization...
--------------------------------------------------------------------------------
Mode:                        Static calculation
Self consistent charges:     Yes
SCC-tolerance:                 0.100000E-05
Max. scc iterations:                    100
Ewald alpha parameter:         0.000000E+00
Spin polarisation:           No
Nr. of up electrons:            20.000000
Nr. of down electrons:          20.000000
Periodic boundaries:         No
Diagonalizer:                Divide and Conquer
Mixer:                       Anderson mixer
Mixing parameter:                  0.200000
Maximal SCC-cycles:                     100
Nr. of chrg. vectors to mix:              8
Electronic temperature:        0.100000E-07
Initial charges:             Set automatically (system chrg:   0.000E+00)
Included shells:              O:  s, p
                              C:  s, p
                              H:  s
Full 3rd order correction    Yes
Damped SCC                   Yes
Damped specie(s):            H                                                 
Extra options:
--------------------------------------------------------------------------------
 

********************************************************************************
** Geometry step: 0
********************************************************************************

  iSCC Total electronic   Diff electronic      SCC error    
    1   -0.18215990E+02    0.00000000E+00    0.70731652E+00
    2   -0.18216744E+02   -0.75371869E-03    0.69522783E+00
    3   -0.18234540E+02   -0.17796112E-01    0.12040349E+00
    4   -0.18234599E+02   -0.58737579E-04    0.11857952E+00
    5   -0.18236133E+02   -0.15342320E-02    0.97440301E-02
    6   -0.18236132E+02    0.47447735E-06    0.88930683E-02
    7   -0.18236140E+02   -0.75875762E-05    0.52598934E-02
    8   -0.18236141E+02   -0.13271733E-05    0.11641336E-02
    9   -0.18236141E+02   -0.96187723E-07    0.61706199E-03
   10   -0.18236141E+02   -0.33048423E-07    0.11595068E-03
   11   -0.18236141E+02   -0.33548631E-09    0.55698558E-04
   12   -0.18236141E+02   -0.16055068E-09    0.15641382E-04
   13   -0.18236141E+02   -0.93685060E-11    0.25930178E-05
   14   -0.18236141E+02   -0.12789769E-12    0.51416958E-06
>> Charges saved for restart in charges.bin
 
 Total Energy:                     -18.1618931196 H
 Total Mermin free energy:         -18.1618931196 H
