================================================================================
==
==   Density Functional based Tight Binding with a lot of extensions (DFTB+)    
==
==                              Release: 1.2 (p2)
==
==                            (ParserVersion = 4)
==
================================================================================


********************************************************************************
** Parsing and initializing
********************************************************************************

Interpreting input file 'dftb_in.hsd'
--------------------------------------------------------------------------------
WARNING!
-> WriteHSDInput and WriteXMLInput both turned off. You won't eventually be 
 able to obtain the same results with a later version of the code!
Path: dftb_in/ParserOptions
Line: 74-77 (File: dftb_in.hsd)

Reading SK-files:
  /home/andersx/parameters/3ob-3-1/O-O.skf
  /home/andersx/parameters/3ob-3-1/O-C.skf
  /home/andersx/parameters/3ob-3-1/O-H.skf
  /home/andersx/parameters/3ob-3-1/C-O.skf
  /home/andersx/parameters/3ob-3-1/C-C.skf
  /home/andersx/parameters/3ob-3-1/C-H.skf
  /home/andersx/parameters/3ob-3-1/H-O.skf
  /home/andersx/parameters/3ob-3-1/H-C.skf
  /home/andersx/parameters/3ob-3-1/H-H.skf
Done.

Starting initialization...
--------------------------------------------------------------------------------
Mode:                        Static calculation
Self consistent charges:     Yes
SCC-tolerance:                 0.100000E-05
Max. scc iterations:                    100
Ewald alpha parameter:         0.000000E+00
Spin polarisation:           No
Nr. of up electrons:            19.000000
Nr. of down electrons:          19.000000
Periodic boundaries:         No
Diagonalizer:                Divide and Conquer
Mixer:                       Anderson mixer
Mixing parameter:                  0.200000
Maximal SCC-cycles:                     100
Nr. of chrg. vectors to mix:              8
Electronic temperature:        0.100000E-07
Initial charges:             Set automatically (system chrg:   0.000E+00)
Included shells:              O:  s, p
                              C:  s, p
                              H:  s
Full 3rd order correction    Yes
Damped SCC                   Yes
Damped specie(s):            H                                                 
Extra options:
--------------------------------------------------------------------------------
 

********************************************************************************
** Geometry step: 0
********************************************************************************

  iSCC Total electronic   Diff electronic      SCC error    
    1   -0.16608776E+02    0.00000000E+00    0.73044434E+00
    2   -0.16609616E+02   -0.84012748E-03    0.71719987E+00
    3   -0.16628830E+02   -0.19213821E-01    0.14167006E+00
    4   -0.16629103E+02   -0.27223119E-03    0.13675694E+00
    5   -0.16630194E+02   -0.10918876E-02    0.21505047E-01
    6   -0.16630212E+02   -0.17091510E-04    0.18486072E-01
    7   -0.16630246E+02   -0.34655433E-04    0.61542051E-02
    8   -0.16630248E+02   -0.15396794E-05    0.51462150E-02
    9   -0.16630248E+02   -0.25602925E-06    0.34400774E-02
   10   -0.16630249E+02   -0.64832037E-06    0.27864546E-03
   11   -0.16630249E+02   -0.19987034E-08    0.17698317E-03
   12   -0.16630249E+02   -0.11665406E-08    0.20023651E-04
   13   -0.16630249E+02   -0.20236257E-10    0.18416275E-05
   14   -0.16630249E+02   -0.60396133E-13    0.47645988E-06
>> Charges saved for restart in charges.bin
 
 Total Energy:                     -16.5698612022 H
 Total Mermin free energy:         -16.5698612022 H
