================================================================================
==
==   Density Functional based Tight Binding with a lot of extensions (DFTB+)    
==
==                              Release: 1.2 (p2)
==
==                            (ParserVersion = 4)
==
================================================================================


********************************************************************************
** Parsing and initializing
********************************************************************************

Interpreting input file 'dftb_in.hsd'
--------------------------------------------------------------------------------
WARNING!
-> WriteHSDInput and WriteXMLInput both turned off. You won't eventually be 
 able to obtain the same results with a later version of the code!
Path: dftb_in/ParserOptions
Line: 74-77 (File: dftb_in.hsd)

Reading SK-files:
  /home/andersx/parameters/3ob-3-1/C-C.skf
  /home/andersx/parameters/3ob-3-1/C-N.skf
  /home/andersx/parameters/3ob-3-1/C-H.skf
  /home/andersx/parameters/3ob-3-1/N-C.skf
  /home/andersx/parameters/3ob-3-1/N-N.skf
  /home/andersx/parameters/3ob-3-1/N-H.skf
  /home/andersx/parameters/3ob-3-1/H-C.skf
  /home/andersx/parameters/3ob-3-1/H-N.skf
  /home/andersx/parameters/3ob-3-1/H-H.skf
Done.

Starting initialization...
--------------------------------------------------------------------------------
Mode:                        Static calculation
Self consistent charges:     Yes
SCC-tolerance:                 0.100000E-05
Max. scc iterations:                    100
Ewald alpha parameter:         0.000000E+00
Spin polarisation:           No
Nr. of up electrons:            17.000000
Nr. of down electrons:          17.000000
Periodic boundaries:         No
Diagonalizer:                Divide and Conquer
Mixer:                       Anderson mixer
Mixing parameter:                  0.200000
Maximal SCC-cycles:                     100
Nr. of chrg. vectors to mix:              8
Electronic temperature:        0.100000E-07
Initial charges:             Set automatically (system chrg:   0.000E+00)
Included shells:              C:  s, p
                              N:  s, p
                              H:  s
Full 3rd order correction    Yes
Damped SCC                   Yes
Damped specie(s):            H                                                 
Extra options:
--------------------------------------------------------------------------------
 

********************************************************************************
** Geometry step: 0
********************************************************************************

  iSCC Total electronic   Diff electronic      SCC error    
    1   -0.14455589E+02    0.00000000E+00    0.60004761E+00
    2   -0.14456200E+02   -0.61086129E-03    0.58748265E+00
    3   -0.14469550E+02   -0.13349778E-01    0.13153951E+00
    4   -0.14469489E+02    0.60529836E-04    0.12595518E+00
    5   -0.14469467E+02    0.22325857E-04    0.72021869E-01
    6   -0.14469661E+02   -0.19449528E-03    0.15410716E-01
    7   -0.14469645E+02    0.16676434E-04    0.24949810E-01
    8   -0.14469668E+02   -0.23072652E-04    0.11723939E-01
    9   -0.14469673E+02   -0.56231707E-05    0.18776512E-02
   10   -0.14469673E+02   -0.50466573E-07    0.16543012E-02
   11   -0.14469673E+02   -0.13316662E-06    0.14711021E-03
   12   -0.14469673E+02   -0.92068930E-09    0.86499549E-04
   13   -0.14469673E+02   -0.34384051E-09    0.83497685E-05
   14   -0.14469673E+02   -0.36042280E-11    0.22080057E-05
   15   -0.14469673E+02   -0.14743762E-12    0.32754419E-06
>> Charges saved for restart in charges.bin
 
 Total Energy:                     -14.3587171219 H
 Total Mermin free energy:         -14.3587171219 H
