================================================================================
==
==   Density Functional based Tight Binding with a lot of extensions (DFTB+)    
==
==                              Release: 1.2 (p2)
==
==                            (ParserVersion = 4)
==
================================================================================


********************************************************************************
** Parsing and initializing
********************************************************************************

Interpreting input file 'dftb_in.hsd'
--------------------------------------------------------------------------------
WARNING!
-> WriteHSDInput and WriteXMLInput both turned off. You won't eventually be 
 able to obtain the same results with a later version of the code!
Path: dftb_in/ParserOptions
Line: 72-75 (File: dftb_in.hsd)

Reading SK-files:
  /home/andersx/parameters/3ob-3-1/O-O.skf
  /home/andersx/parameters/3ob-3-1/O-C.skf
  /home/andersx/parameters/3ob-3-1/O-H.skf
  /home/andersx/parameters/3ob-3-1/C-O.skf
  /home/andersx/parameters/3ob-3-1/C-C.skf
  /home/andersx/parameters/3ob-3-1/C-H.skf
  /home/andersx/parameters/3ob-3-1/H-O.skf
  /home/andersx/parameters/3ob-3-1/H-C.skf
  /home/andersx/parameters/3ob-3-1/H-H.skf
Done.

Starting initialization...
--------------------------------------------------------------------------------
Mode:                        Static calculation
Self consistent charges:     Yes
SCC-tolerance:                 0.100000E-05
Max. scc iterations:                    100
Ewald alpha parameter:         0.000000E+00
Spin polarisation:           No
Nr. of up electrons:            19.000000
Nr. of down electrons:          19.000000
Periodic boundaries:         No
Diagonalizer:                Divide and Conquer
Mixer:                       Anderson mixer
Mixing parameter:                  0.200000
Maximal SCC-cycles:                     100
Nr. of chrg. vectors to mix:              8
Electronic temperature:        0.100000E-07
Initial charges:             Set automatically (system chrg:   0.000E+00)
Included shells:              O:  s, p
                              C:  s, p
                              H:  s
Full 3rd order correction    Yes
Damped SCC                   Yes
Damped specie(s):            H                                                 
Extra options:
--------------------------------------------------------------------------------
 

********************************************************************************
** Geometry step: 0
********************************************************************************

  iSCC Total electronic   Diff electronic      SCC error    
    1   -0.17507259E+02    0.00000000E+00    0.72775616E+00
    2   -0.17508465E+02   -0.12059961E-02    0.71443802E+00
    3   -0.17537432E+02   -0.28967068E-01    0.17120074E+00
    4   -0.17537733E+02   -0.30126517E-03    0.16575710E+00
    5   -0.17539196E+02   -0.14629377E-02    0.30574208E-01
    6   -0.17539200E+02   -0.43002679E-05    0.30426935E-01
    7   -0.17539248E+02   -0.48161485E-04    0.76826706E-02
    8   -0.17539255E+02   -0.65892065E-05    0.36598085E-02
    9   -0.17539255E+02   -0.40099696E-06    0.24377790E-02
   10   -0.17539256E+02   -0.48340021E-06    0.40605026E-03
   11   -0.17539256E+02   -0.55748792E-08    0.22737920E-03
   12   -0.17539256E+02   -0.18878445E-08    0.11844671E-04
   13   -0.17539256E+02   -0.15187851E-10    0.23888388E-05
   14   -0.17539256E+02   -0.13145041E-12    0.24105717E-06
>> Charges saved for restart in charges.bin
 
 Total Energy:                     -17.3888736646 H
 Total Mermin free energy:         -17.3888736646 H
