================================================================================
==
==   Density Functional based Tight Binding with a lot of extensions (DFTB+)    
==
==                              Release: 1.2 (p2)
==
==                            (ParserVersion = 4)
==
================================================================================


********************************************************************************
** Parsing and initializing
********************************************************************************

Interpreting input file 'dftb_in.hsd'
--------------------------------------------------------------------------------
WARNING!
-> WriteHSDInput and WriteXMLInput both turned off. You won't eventually be 
 able to obtain the same results with a later version of the code!
Path: dftb_in/ParserOptions
Line: 72-75 (File: dftb_in.hsd)

Reading SK-files:
  /home/andersx/parameters/3ob-3-1/O-O.skf
  /home/andersx/parameters/3ob-3-1/O-C.skf
  /home/andersx/parameters/3ob-3-1/O-H.skf
  /home/andersx/parameters/3ob-3-1/C-O.skf
  /home/andersx/parameters/3ob-3-1/C-C.skf
  /home/andersx/parameters/3ob-3-1/C-H.skf
  /home/andersx/parameters/3ob-3-1/H-O.skf
  /home/andersx/parameters/3ob-3-1/H-C.skf
  /home/andersx/parameters/3ob-3-1/H-H.skf
Done.

Starting initialization...
--------------------------------------------------------------------------------
Mode:                        Static calculation
Self consistent charges:     Yes
SCC-tolerance:                 0.100000E-05
Max. scc iterations:                    100
Ewald alpha parameter:         0.000000E+00
Spin polarisation:           No
Nr. of up electrons:            19.000000
Nr. of down electrons:          19.000000
Periodic boundaries:         No
Diagonalizer:                Divide and Conquer
Mixer:                       Anderson mixer
Mixing parameter:                  0.200000
Maximal SCC-cycles:                     100
Nr. of chrg. vectors to mix:              8
Electronic temperature:        0.100000E-07
Initial charges:             Set automatically (system chrg:   0.000E+00)
Included shells:              O:  s, p
                              C:  s, p
                              H:  s
Full 3rd order correction    Yes
Damped SCC                   Yes
Damped specie(s):            H                                                 
Extra options:
--------------------------------------------------------------------------------
 

********************************************************************************
** Geometry step: 0
********************************************************************************

  iSCC Total electronic   Diff electronic      SCC error    
    1   -0.17518760E+02    0.00000000E+00    0.67449848E+00
    2   -0.17519337E+02   -0.57671243E-03    0.66582604E+00
    3   -0.17535790E+02   -0.16453192E-01    0.93813142E-01
    4   -0.17535729E+02    0.61680286E-04    0.89062658E-01
    5   -0.17536116E+02   -0.38772658E-03    0.26383929E-01
    6   -0.17536139E+02   -0.22879850E-04    0.21874812E-01
    7   -0.17536153E+02   -0.13809278E-04    0.16843300E-01
    8   -0.17536156E+02   -0.34302565E-05    0.33994250E-02
    9   -0.17536157E+02   -0.17112933E-06    0.29608388E-02
   10   -0.17536157E+02   -0.33204027E-06    0.73517633E-03
   11   -0.17536157E+02   -0.17751770E-07    0.25320526E-03
   12   -0.17536157E+02   -0.55109055E-08    0.27271052E-04
   13   -0.17536157E+02   -0.49006132E-10    0.34715200E-05
   14   -0.17536157E+02   -0.27000624E-12    0.78434723E-06
>> Charges saved for restart in charges.bin
 
 Total Energy:                     -17.3075294507 H
 Total Mermin free energy:         -17.3075294507 H
