================================================================================
==
==   Density Functional based Tight Binding with a lot of extensions (DFTB+)    
==
==                              Release: 1.2 (p2)
==
==                            (ParserVersion = 4)
==
================================================================================


********************************************************************************
** Parsing and initializing
********************************************************************************

Interpreting input file 'dftb_in.hsd'
--------------------------------------------------------------------------------
WARNING!
-> WriteHSDInput and WriteXMLInput both turned off. You won't eventually be 
 able to obtain the same results with a later version of the code!
Path: dftb_in/ParserOptions
Line: 74-77 (File: dftb_in.hsd)

Reading SK-files:
  /home/andersx/parameters/3ob-3-1/C-C.skf
  /home/andersx/parameters/3ob-3-1/C-N.skf
  /home/andersx/parameters/3ob-3-1/C-H.skf
  /home/andersx/parameters/3ob-3-1/N-C.skf
  /home/andersx/parameters/3ob-3-1/N-N.skf
  /home/andersx/parameters/3ob-3-1/N-H.skf
  /home/andersx/parameters/3ob-3-1/H-C.skf
  /home/andersx/parameters/3ob-3-1/H-N.skf
  /home/andersx/parameters/3ob-3-1/H-H.skf
Done.

Starting initialization...
--------------------------------------------------------------------------------
Mode:                        Static calculation
Self consistent charges:     Yes
SCC-tolerance:                 0.100000E-05
Max. scc iterations:                    100
Ewald alpha parameter:         0.000000E+00
Spin polarisation:           No
Nr. of up electrons:            17.000000
Nr. of down electrons:          17.000000
Periodic boundaries:         No
Diagonalizer:                Divide and Conquer
Mixer:                       Anderson mixer
Mixing parameter:                  0.200000
Maximal SCC-cycles:                     100
Nr. of chrg. vectors to mix:              8
Electronic temperature:        0.100000E-07
Initial charges:             Set automatically (system chrg:   0.000E+00)
Included shells:              C:  s, p
                              N:  s, p
                              H:  s
Full 3rd order correction    Yes
Damped SCC                   Yes
Damped specie(s):            H                                                 
Extra options:
--------------------------------------------------------------------------------
 

********************************************************************************
** Geometry step: 0
********************************************************************************

  iSCC Total electronic   Diff electronic      SCC error    
    1   -0.14455591E+02    0.00000000E+00    0.59469617E+00
    2   -0.14455689E+02   -0.97466585E-04    0.58757121E+00
    3   -0.14458338E+02   -0.26496605E-02    0.68058231E-01
    4   -0.14458243E+02    0.94937766E-04    0.58995172E-01
    5   -0.14458297E+02   -0.53612216E-04    0.57539333E-01
    6   -0.14458527E+02   -0.23052755E-03    0.23128819E-01
    7   -0.14458530E+02   -0.24710814E-05    0.18486430E-01
    8   -0.14458539E+02   -0.87796318E-05    0.36972217E-02
    9   -0.14458539E+02    0.61920455E-07    0.45120691E-02
   10   -0.14458539E+02   -0.90306299E-07    0.36211951E-02
   11   -0.14458539E+02   -0.16787354E-08    0.90307955E-03
   12   -0.14458539E+02   -0.31274274E-07    0.16774137E-03
   13   -0.14458539E+02   -0.12952128E-09    0.88586819E-04
   14   -0.14458539E+02   -0.27574742E-09    0.94104923E-05
   15   -0.14458539E+02   -0.16040502E-11    0.24915040E-05
   16   -0.14458539E+02   -0.60396133E-13    0.16227473E-06
>> Charges saved for restart in charges.bin
 
 Total Energy:                     -14.2903927313 H
 Total Mermin free energy:         -14.2903927313 H
