================================================================================
==
==   Density Functional based Tight Binding with a lot of extensions (DFTB+)    
==
==                              Release: 1.2 (p2)
==
==                            (ParserVersion = 4)
==
================================================================================


********************************************************************************
** Parsing and initializing
********************************************************************************

Interpreting input file 'dftb_in.hsd'
--------------------------------------------------------------------------------
WARNING!
-> WriteHSDInput and WriteXMLInput both turned off. You won't eventually be 
 able to obtain the same results with a later version of the code!
Path: dftb_in/ParserOptions
Line: 76-79 (File: dftb_in.hsd)

Reading SK-files:
  /home/andersx/parameters/3ob-3-1/O-O.skf
  /home/andersx/parameters/3ob-3-1/O-C.skf
  /home/andersx/parameters/3ob-3-1/O-H.skf
  /home/andersx/parameters/3ob-3-1/C-O.skf
  /home/andersx/parameters/3ob-3-1/C-C.skf
  /home/andersx/parameters/3ob-3-1/C-H.skf
  /home/andersx/parameters/3ob-3-1/H-O.skf
  /home/andersx/parameters/3ob-3-1/H-C.skf
  /home/andersx/parameters/3ob-3-1/H-H.skf
Done.

Starting initialization...
--------------------------------------------------------------------------------
Mode:                        Static calculation
Self consistent charges:     Yes
SCC-tolerance:                 0.100000E-05
Max. scc iterations:                    100
Ewald alpha parameter:         0.000000E+00
Spin polarisation:           No
Nr. of up electrons:            21.000000
Nr. of down electrons:          21.000000
Periodic boundaries:         No
Diagonalizer:                Divide and Conquer
Mixer:                       Anderson mixer
Mixing parameter:                  0.200000
Maximal SCC-cycles:                     100
Nr. of chrg. vectors to mix:              8
Electronic temperature:        0.100000E-07
Initial charges:             Set automatically (system chrg:   0.000E+00)
Included shells:              O:  s, p
                              C:  s, p
                              H:  s
Full 3rd order correction    Yes
Damped SCC                   Yes
Damped specie(s):            H                                                 
Extra options:
--------------------------------------------------------------------------------
 

********************************************************************************
** Geometry step: 0
********************************************************************************

  iSCC Total electronic   Diff electronic      SCC error    
    1   -0.18861560E+02    0.00000000E+00    0.68362584E+00
    2   -0.18862121E+02   -0.56095692E-03    0.67458810E+00
    3   -0.18877606E+02   -0.15484161E-01    0.72342413E-01
    4   -0.18877454E+02    0.15110020E-03    0.78171567E-01
    5   -0.18877586E+02   -0.13198103E-03    0.98863080E-01
    6   -0.18877907E+02   -0.32026351E-03    0.10818557E-01
    7   -0.18877899E+02    0.71887976E-05    0.21335797E-01
    8   -0.18877910E+02   -0.10621015E-04    0.99121686E-02
    9   -0.18877912E+02   -0.17876564E-05    0.14847283E-02
   10   -0.18877912E+02   -0.19491498E-07    0.12266500E-02
   11   -0.18877912E+02   -0.40721090E-07    0.82267233E-04
   12   -0.18877912E+02   -0.48482818E-09    0.52838605E-04
   13   -0.18877912E+02   -0.23588953E-09    0.24213743E-05
   14   -0.18877912E+02   -0.69277917E-12    0.58042527E-06
>> Charges saved for restart in charges.bin
 
 Total Energy:                     -18.9054977498 H
 Total Mermin free energy:         -18.9054977498 H
