================================================================================
==
==   Density Functional based Tight Binding with a lot of extensions (DFTB+)    
==
==                              Release: 1.2 (p2)
==
==                            (ParserVersion = 4)
==
================================================================================


********************************************************************************
** Parsing and initializing
********************************************************************************

Interpreting input file 'dftb_in.hsd'
--------------------------------------------------------------------------------
WARNING!
-> WriteHSDInput and WriteXMLInput both turned off. You won't eventually be 
 able to obtain the same results with a later version of the code!
Path: dftb_in/ParserOptions
Line: 78-81 (File: dftb_in.hsd)

Reading SK-files:
  /home/andersx/parameters/3ob-3-1/O-O.skf
  /home/andersx/parameters/3ob-3-1/O-C.skf
  /home/andersx/parameters/3ob-3-1/O-H.skf
  /home/andersx/parameters/3ob-3-1/C-O.skf
  /home/andersx/parameters/3ob-3-1/C-C.skf
  /home/andersx/parameters/3ob-3-1/C-H.skf
  /home/andersx/parameters/3ob-3-1/H-O.skf
  /home/andersx/parameters/3ob-3-1/H-C.skf
  /home/andersx/parameters/3ob-3-1/H-H.skf
Done.

Starting initialization...
--------------------------------------------------------------------------------
Mode:                        Static calculation
Self consistent charges:     Yes
SCC-tolerance:                 0.100000E-05
Max. scc iterations:                    100
Ewald alpha parameter:         0.000000E+00
Spin polarisation:           No
Nr. of up electrons:            21.000000
Nr. of down electrons:          21.000000
Periodic boundaries:         No
Diagonalizer:                Divide and Conquer
Mixer:                       Anderson mixer
Mixing parameter:                  0.200000
Maximal SCC-cycles:                     100
Nr. of chrg. vectors to mix:              8
Electronic temperature:        0.100000E-07
Initial charges:             Set automatically (system chrg:   0.000E+00)
Included shells:              O:  s, p
                              C:  s, p
                              H:  s
Full 3rd order correction    Yes
Damped SCC                   Yes
Damped specie(s):            H                                                 
Extra options:
--------------------------------------------------------------------------------
 

********************************************************************************
** Geometry step: 0
********************************************************************************

  iSCC Total electronic   Diff electronic      SCC error    
    1   -0.17988325E+02    0.00000000E+00    0.68344328E+00
    2   -0.17988469E+02   -0.14388996E-03    0.67445016E+00
    3   -0.17992535E+02   -0.40655638E-02    0.37147257E-01
    4   -0.17992495E+02    0.39267064E-04    0.30070373E-01
    5   -0.17992493E+02    0.24424913E-05    0.88195588E-01
    6   -0.17992606E+02   -0.11331385E-03    0.85879577E-02
    7   -0.17992603E+02    0.27559868E-05    0.13036353E-01
    8   -0.17992608E+02   -0.42079576E-05    0.11045020E-01
    9   -0.17992610E+02   -0.20853804E-05    0.23084220E-02
   10   -0.17992610E+02   -0.17949482E-07    0.20055813E-02
   11   -0.17992610E+02   -0.62571221E-07    0.31765528E-03
   12   -0.17992610E+02   -0.43692943E-08    0.17815079E-03
   13   -0.17992610E+02   -0.19803714E-08    0.15575737E-04
   14   -0.17992610E+02   -0.23572255E-10    0.27178000E-05
   15   -0.17992610E+02   -0.74606987E-13    0.80982544E-06
>> Charges saved for restart in charges.bin
 
 Total Energy:                     -18.0753655174 H
 Total Mermin free energy:         -18.0753655174 H
