================================================================================
==
==   Density Functional based Tight Binding with a lot of extensions (DFTB+)    
==
==                              Release: 1.2 (p2)
==
==                            (ParserVersion = 4)
==
================================================================================


********************************************************************************
** Parsing and initializing
********************************************************************************

Interpreting input file 'dftb_in.hsd'
--------------------------------------------------------------------------------
WARNING!
-> WriteHSDInput and WriteXMLInput both turned off. You won't eventually be 
 able to obtain the same results with a later version of the code!
Path: dftb_in/ParserOptions
Line: 74-77 (File: dftb_in.hsd)

Reading SK-files:
  /home/andersx/parameters/3ob-3-1/O-O.skf
  /home/andersx/parameters/3ob-3-1/O-C.skf
  /home/andersx/parameters/3ob-3-1/O-H.skf
  /home/andersx/parameters/3ob-3-1/C-O.skf
  /home/andersx/parameters/3ob-3-1/C-C.skf
  /home/andersx/parameters/3ob-3-1/C-H.skf
  /home/andersx/parameters/3ob-3-1/H-O.skf
  /home/andersx/parameters/3ob-3-1/H-C.skf
  /home/andersx/parameters/3ob-3-1/H-H.skf
Done.

Starting initialization...
--------------------------------------------------------------------------------
Mode:                        Static calculation
Self consistent charges:     Yes
SCC-tolerance:                 0.100000E-05
Max. scc iterations:                    100
Ewald alpha parameter:         0.000000E+00
Spin polarisation:           No
Nr. of up electrons:            19.000000
Nr. of down electrons:          19.000000
Periodic boundaries:         No
Diagonalizer:                Divide and Conquer
Mixer:                       Anderson mixer
Mixing parameter:                  0.200000
Maximal SCC-cycles:                     100
Nr. of chrg. vectors to mix:              8
Electronic temperature:        0.100000E-07
Initial charges:             Set automatically (system chrg:   0.000E+00)
Included shells:              O:  s, p
                              C:  s, p
                              H:  s
Full 3rd order correction    Yes
Damped SCC                   Yes
Damped specie(s):            H                                                 
Extra options:
--------------------------------------------------------------------------------
 

********************************************************************************
** Geometry step: 0
********************************************************************************

  iSCC Total electronic   Diff electronic      SCC error    
    1   -0.16592651E+02    0.00000000E+00    0.74152158E+00
    2   -0.16593537E+02   -0.88580261E-03    0.72808032E+00
    3   -0.16613525E+02   -0.19988798E-01    0.12502283E+00
    4   -0.16613879E+02   -0.35347610E-03    0.11809781E+00
    5   -0.16615037E+02   -0.11578087E-02    0.35137659E-01
    6   -0.16615051E+02   -0.14788943E-04    0.37056630E-01
    7   -0.16615109E+02   -0.57097604E-04    0.67484073E-02
    8   -0.16615109E+02   -0.63933015E-06    0.49820171E-02
    9   -0.16615110E+02   -0.65904239E-06    0.37411114E-02
   10   -0.16615110E+02   -0.40022950E-06    0.30234422E-03
   11   -0.16615110E+02   -0.16752217E-07    0.16916292E-03
   12   -0.16615110E+02   -0.33190517E-08    0.21358808E-04
   13   -0.16615110E+02   -0.16949997E-10    0.37044732E-05
   14   -0.16615110E+02   -0.15276669E-12    0.29837822E-06
>> Charges saved for restart in charges.bin
 
 Total Energy:                     -16.5308733486 H
 Total Mermin free energy:         -16.5308733486 H
