================================================================================
==
==   Density Functional based Tight Binding with a lot of extensions (DFTB+)    
==
==                              Release: 1.2 (p2)
==
==                            (ParserVersion = 4)
==
================================================================================


********************************************************************************
** Parsing and initializing
********************************************************************************

Interpreting input file 'dftb_in.hsd'
--------------------------------------------------------------------------------
WARNING!
-> WriteHSDInput and WriteXMLInput both turned off. You won't eventually be 
 able to obtain the same results with a later version of the code!
Path: dftb_in/ParserOptions
Line: 70-73 (File: dftb_in.hsd)

Reading SK-files:
  /home/andersx/parameters/3ob-3-1/O-O.skf
  /home/andersx/parameters/3ob-3-1/O-C.skf
  /home/andersx/parameters/3ob-3-1/O-H.skf
  /home/andersx/parameters/3ob-3-1/C-O.skf
  /home/andersx/parameters/3ob-3-1/C-C.skf
  /home/andersx/parameters/3ob-3-1/C-H.skf
  /home/andersx/parameters/3ob-3-1/H-O.skf
  /home/andersx/parameters/3ob-3-1/H-C.skf
  /home/andersx/parameters/3ob-3-1/H-H.skf
Done.

Starting initialization...
--------------------------------------------------------------------------------
Mode:                        Static calculation
Self consistent charges:     Yes
SCC-tolerance:                 0.100000E-05
Max. scc iterations:                    100
Ewald alpha parameter:         0.000000E+00
Spin polarisation:           No
Nr. of up electrons:            18.000000
Nr. of down electrons:          18.000000
Periodic boundaries:         No
Diagonalizer:                Divide and Conquer
Mixer:                       Anderson mixer
Mixing parameter:                  0.200000
Maximal SCC-cycles:                     100
Nr. of chrg. vectors to mix:              8
Electronic temperature:        0.100000E-07
Initial charges:             Set automatically (system chrg:   0.000E+00)
Included shells:              O:  s, p
                              C:  s, p
                              H:  s
Full 3rd order correction    Yes
Damped SCC                   Yes
Damped specie(s):            H                                                 
Extra options:
--------------------------------------------------------------------------------
 

********************************************************************************
** Geometry step: 0
********************************************************************************

  iSCC Total electronic   Diff electronic      SCC error    
    1   -0.16813210E+02    0.00000000E+00    0.70446753E+00
    2   -0.16814525E+02   -0.13150002E-02    0.69171653E+00
    3   -0.16849320E+02   -0.34795036E-01    0.77274220E-01
    4   -0.16849458E+02   -0.13832736E-03    0.74793440E-01
    5   -0.16849980E+02   -0.52226726E-03    0.23796304E-01
    6   -0.16849993E+02   -0.12686612E-04    0.21154892E-01
    7   -0.16850009E+02   -0.16315565E-04    0.11324890E-01
    8   -0.16850012E+02   -0.31342897E-05    0.57679782E-02
    9   -0.16850013E+02   -0.87589887E-06    0.43940310E-02
   10   -0.16850014E+02   -0.99049815E-06    0.56838968E-03
   11   -0.16850014E+02   -0.15281319E-07    0.26009661E-03
   12   -0.16850014E+02   -0.37344101E-08    0.42517314E-04
   13   -0.16850014E+02   -0.87041485E-10    0.25624755E-05
   14   -0.16850014E+02   -0.17408297E-12    0.67986612E-06
>> Charges saved for restart in charges.bin
 
 Total Energy:                     -16.5483126911 H
 Total Mermin free energy:         -16.5483126911 H
