================================================================================
==
==   Density Functional based Tight Binding with a lot of extensions (DFTB+)    
==
==                              Release: 1.2 (p2)
==
==                            (ParserVersion = 4)
==
================================================================================


********************************************************************************
** Parsing and initializing
********************************************************************************

Interpreting input file 'dftb_in.hsd'
--------------------------------------------------------------------------------
WARNING!
-> WriteHSDInput and WriteXMLInput both turned off. You won't eventually be 
 able to obtain the same results with a later version of the code!
Path: dftb_in/ParserOptions
Line: 78-81 (File: dftb_in.hsd)

Reading SK-files:
  /home/andersx/parameters/3ob-3-1/O-O.skf
  /home/andersx/parameters/3ob-3-1/O-C.skf
  /home/andersx/parameters/3ob-3-1/O-H.skf
  /home/andersx/parameters/3ob-3-1/C-O.skf
  /home/andersx/parameters/3ob-3-1/C-C.skf
  /home/andersx/parameters/3ob-3-1/C-H.skf
  /home/andersx/parameters/3ob-3-1/H-O.skf
  /home/andersx/parameters/3ob-3-1/H-C.skf
  /home/andersx/parameters/3ob-3-1/H-H.skf
Done.

Starting initialization...
--------------------------------------------------------------------------------
Mode:                        Static calculation
Self consistent charges:     Yes
SCC-tolerance:                 0.100000E-05
Max. scc iterations:                    100
Ewald alpha parameter:         0.000000E+00
Spin polarisation:           No
Nr. of up electrons:            22.000000
Nr. of down electrons:          22.000000
Periodic boundaries:         No
Diagonalizer:                Divide and Conquer
Mixer:                       Anderson mixer
Mixing parameter:                  0.200000
Maximal SCC-cycles:                     100
Nr. of chrg. vectors to mix:              8
Electronic temperature:        0.100000E-07
Initial charges:             Set automatically (system chrg:   0.000E+00)
Included shells:              O:  s, p
                              C:  s, p
                              H:  s
Full 3rd order correction    Yes
Damped SCC                   Yes
Damped specie(s):            H                                                 
Extra options:
--------------------------------------------------------------------------------
 

********************************************************************************
** Geometry step: 0
********************************************************************************

  iSCC Total electronic   Diff electronic      SCC error    
    1   -0.19662769E+02    0.00000000E+00    0.68329845E+00
    2   -0.19663044E+02   -0.27489093E-03    0.67427999E+00
    3   -0.19670855E+02   -0.78113849E-02    0.40205576E-01
    4   -0.19670792E+02    0.62834839E-04    0.31330769E-01
    5   -0.19670761E+02    0.31534350E-04    0.76349106E-01
    6   -0.19670951E+02   -0.18969939E-03    0.86299555E-02
    7   -0.19670949E+02    0.20768685E-05    0.97448921E-02
    8   -0.19670950E+02   -0.10814655E-05    0.96322027E-02
    9   -0.19670952E+02   -0.26878208E-05    0.14388793E-02
   10   -0.19670952E+02   -0.17619822E-07    0.11696675E-02
   11   -0.19670952E+02   -0.45256524E-07    0.13535129E-03
   12   -0.19670952E+02   -0.89264418E-09    0.78943277E-04
   13   -0.19670952E+02   -0.47947779E-09    0.76719863E-05
   14   -0.19670952E+02   -0.10160761E-11    0.12446381E-05
   15   -0.19670952E+02   -0.28421709E-13    0.13086004E-06
>> Charges saved for restart in charges.bin
 
 Total Energy:                     -19.7041593264 H
 Total Mermin free energy:         -19.7041593264 H
