================================================================================
==
==   Density Functional based Tight Binding with a lot of extensions (DFTB+)    
==
==                              Release: 1.2 (p2)
==
==                            (ParserVersion = 4)
==
================================================================================


********************************************************************************
** Parsing and initializing
********************************************************************************

Interpreting input file 'dftb_in.hsd'
--------------------------------------------------------------------------------
WARNING!
-> WriteHSDInput and WriteXMLInput both turned off. You won't eventually be 
 able to obtain the same results with a later version of the code!
Path: dftb_in/ParserOptions
Line: 70-73 (File: dftb_in.hsd)

Reading SK-files:
  /home/andersx/parameters/3ob-3-1/O-O.skf
  /home/andersx/parameters/3ob-3-1/O-C.skf
  /home/andersx/parameters/3ob-3-1/O-H.skf
  /home/andersx/parameters/3ob-3-1/C-O.skf
  /home/andersx/parameters/3ob-3-1/C-C.skf
  /home/andersx/parameters/3ob-3-1/C-H.skf
  /home/andersx/parameters/3ob-3-1/H-O.skf
  /home/andersx/parameters/3ob-3-1/H-C.skf
  /home/andersx/parameters/3ob-3-1/H-H.skf
Done.

Starting initialization...
--------------------------------------------------------------------------------
Mode:                        Static calculation
Self consistent charges:     Yes
SCC-tolerance:                 0.100000E-05
Max. scc iterations:                    100
Ewald alpha parameter:         0.000000E+00
Spin polarisation:           No
Nr. of up electrons:            18.000000
Nr. of down electrons:          18.000000
Periodic boundaries:         No
Diagonalizer:                Divide and Conquer
Mixer:                       Anderson mixer
Mixing parameter:                  0.200000
Maximal SCC-cycles:                     100
Nr. of chrg. vectors to mix:              8
Electronic temperature:        0.100000E-07
Initial charges:             Set automatically (system chrg:   0.000E+00)
Included shells:              O:  s, p
                              C:  s, p
                              H:  s
Full 3rd order correction    Yes
Damped SCC                   Yes
Damped specie(s):            H                                                 
Extra options:
--------------------------------------------------------------------------------
 

********************************************************************************
** Geometry step: 0
********************************************************************************

  iSCC Total electronic   Diff electronic      SCC error    
    1   -0.16901666E+02    0.00000000E+00    0.70426954E+00
    2   -0.16903202E+02   -0.15367879E-02    0.69150683E+00
    3   -0.16941547E+02   -0.38344941E-01    0.11044994E+00
    4   -0.16941952E+02   -0.40452246E-03    0.10460419E+00
    5   -0.16942881E+02   -0.92871219E-03    0.37657056E-01
    6   -0.16943005E+02   -0.12411469E-03    0.34131893E-01
    7   -0.16942997E+02    0.73704487E-05    0.25585567E-01
    8   -0.16943049E+02   -0.51943349E-04    0.48108866E-02
    9   -0.16943050E+02   -0.73977585E-06    0.41741186E-02
   10   -0.16943051E+02   -0.14960797E-05    0.34530945E-03
   11   -0.16943052E+02   -0.59860668E-08    0.16791260E-03
   12   -0.16943052E+02   -0.14921220E-08    0.23806813E-04
   13   -0.16943052E+02   -0.40053294E-10    0.11204399E-05
   14   -0.16943052E+02   -0.35527137E-13    0.34131315E-06
>> Charges saved for restart in charges.bin
 
 Total Energy:                     -16.5936571565 H
 Total Mermin free energy:         -16.5936571565 H
