================================================================================
==
==   Density Functional based Tight Binding with a lot of extensions (DFTB+)    
==
==                              Release: 1.2 (p2)
==
==                            (ParserVersion = 4)
==
================================================================================


********************************************************************************
** Parsing and initializing
********************************************************************************

Interpreting input file 'dftb_in.hsd'
--------------------------------------------------------------------------------
WARNING!
-> WriteHSDInput and WriteXMLInput both turned off. You won't eventually be 
 able to obtain the same results with a later version of the code!
Path: dftb_in/ParserOptions
Line: 72-75 (File: dftb_in.hsd)

Reading SK-files:
  /home/andersx/parameters/3ob-3-1/O-O.skf
  /home/andersx/parameters/3ob-3-1/O-C.skf
  /home/andersx/parameters/3ob-3-1/O-H.skf
  /home/andersx/parameters/3ob-3-1/C-O.skf
  /home/andersx/parameters/3ob-3-1/C-C.skf
  /home/andersx/parameters/3ob-3-1/C-H.skf
  /home/andersx/parameters/3ob-3-1/H-O.skf
  /home/andersx/parameters/3ob-3-1/H-C.skf
  /home/andersx/parameters/3ob-3-1/H-H.skf
Done.

Starting initialization...
--------------------------------------------------------------------------------
Mode:                        Static calculation
Self consistent charges:     Yes
SCC-tolerance:                 0.100000E-05
Max. scc iterations:                    100
Ewald alpha parameter:         0.000000E+00
Spin polarisation:           No
Nr. of up electrons:            19.000000
Nr. of down electrons:          19.000000
Periodic boundaries:         No
Diagonalizer:                Divide and Conquer
Mixer:                       Anderson mixer
Mixing parameter:                  0.200000
Maximal SCC-cycles:                     100
Nr. of chrg. vectors to mix:              8
Electronic temperature:        0.100000E-07
Initial charges:             Set automatically (system chrg:   0.000E+00)
Included shells:              O:  s, p
                              C:  s, p
                              H:  s
Full 3rd order correction    Yes
Damped SCC                   Yes
Damped specie(s):            H                                                 
Extra options:
--------------------------------------------------------------------------------
 

********************************************************************************
** Geometry step: 0
********************************************************************************

  iSCC Total electronic   Diff electronic      SCC error    
    1   -0.17600620E+02    0.00000000E+00    0.68961077E+00
    2   -0.17601422E+02   -0.80182297E-03    0.67763812E+00
    3   -0.17622355E+02   -0.20932527E-01    0.12540337E+00
    4   -0.17622619E+02   -0.26419974E-03    0.13498436E+00
    5   -0.17623623E+02   -0.10043226E-02    0.31163171E-01
    6   -0.17623653E+02   -0.29463411E-04    0.34294208E-01
    7   -0.17623676E+02   -0.22985774E-04    0.15897718E-01
    8   -0.17623680E+02   -0.42492809E-05    0.44807066E-02
    9   -0.17623681E+02   -0.55470873E-06    0.36910506E-02
   10   -0.17623681E+02   -0.93572423E-06    0.32391281E-03
   11   -0.17623681E+02   -0.92703267E-08    0.15991536E-03
   12   -0.17623681E+02   -0.33321932E-08    0.69739394E-05
   13   -0.17623681E+02   -0.46860293E-11    0.23887977E-05
   14   -0.17623681E+02   -0.11368684E-12    0.27153279E-06
>> Charges saved for restart in charges.bin
 
 Total Energy:                     -17.3516055837 H
 Total Mermin free energy:         -17.3516055837 H
