================================================================================
==
==   Density Functional based Tight Binding with a lot of extensions (DFTB+)    
==
==                              Release: 1.2 (p2)
==
==                            (ParserVersion = 4)
==
================================================================================


********************************************************************************
** Parsing and initializing
********************************************************************************

Interpreting input file 'dftb_in.hsd'
--------------------------------------------------------------------------------
WARNING!
-> WriteHSDInput and WriteXMLInput both turned off. You won't eventually be 
 able to obtain the same results with a later version of the code!
Path: dftb_in/ParserOptions
Line: 74-77 (File: dftb_in.hsd)

Reading SK-files:
  /home/andersx/parameters/3ob-3-1/O-O.skf
  /home/andersx/parameters/3ob-3-1/O-C.skf
  /home/andersx/parameters/3ob-3-1/O-H.skf
  /home/andersx/parameters/3ob-3-1/C-O.skf
  /home/andersx/parameters/3ob-3-1/C-C.skf
  /home/andersx/parameters/3ob-3-1/C-H.skf
  /home/andersx/parameters/3ob-3-1/H-O.skf
  /home/andersx/parameters/3ob-3-1/H-C.skf
  /home/andersx/parameters/3ob-3-1/H-H.skf
Done.

Starting initialization...
--------------------------------------------------------------------------------
Mode:                        Static calculation
Self consistent charges:     Yes
SCC-tolerance:                 0.100000E-05
Max. scc iterations:                    100
Ewald alpha parameter:         0.000000E+00
Spin polarisation:           No
Nr. of up electrons:            20.000000
Nr. of down electrons:          20.000000
Periodic boundaries:         No
Diagonalizer:                Divide and Conquer
Mixer:                       Anderson mixer
Mixing parameter:                  0.200000
Maximal SCC-cycles:                     100
Nr. of chrg. vectors to mix:              8
Electronic temperature:        0.100000E-07
Initial charges:             Set automatically (system chrg:   0.000E+00)
Included shells:              O:  s, p
                              C:  s, p
                              H:  s
Full 3rd order correction    Yes
Damped SCC                   Yes
Damped specie(s):            H                                                 
Extra options:
--------------------------------------------------------------------------------
 

********************************************************************************
** Geometry step: 0
********************************************************************************

  iSCC Total electronic   Diff electronic      SCC error    
    1   -0.18265376E+02    0.00000000E+00    0.70991775E+00
    2   -0.18266171E+02   -0.79482826E-03    0.69733386E+00
    3   -0.18285670E+02   -0.19499406E-01    0.13677564E+00
    4   -0.18285805E+02   -0.13440577E-03    0.13501276E+00
    5   -0.18287190E+02   -0.13854589E-02    0.15388815E-01
    6   -0.18287181E+02    0.90471724E-05    0.11372637E-01
    7   -0.18287233E+02   -0.52220750E-04    0.91545916E-02
    8   -0.18287238E+02   -0.44381008E-05    0.65058798E-02
    9   -0.18287240E+02   -0.24814782E-05    0.43489051E-02
   10   -0.18287241E+02   -0.28487501E-06    0.88447848E-03
   11   -0.18287241E+02   -0.11161386E-07    0.60183301E-03
   12   -0.18287241E+02   -0.69325203E-08    0.46625341E-04
   13   -0.18287241E+02   -0.22476243E-09    0.98024071E-05
   14   -0.18287241E+02   -0.33253400E-11    0.12403441E-05
   15   -0.18287241E+02   -0.56843419E-13    0.25945856E-06
>> Charges saved for restart in charges.bin
 
 Total Energy:                     -18.1541006090 H
 Total Mermin free energy:         -18.1541006090 H
