================================================================================
==
==   Density Functional based Tight Binding with a lot of extensions (DFTB+)    
==
==                              Release: 1.2 (p2)
==
==                            (ParserVersion = 4)
==
================================================================================


********************************************************************************
** Parsing and initializing
********************************************************************************

Interpreting input file 'dftb_in.hsd'
--------------------------------------------------------------------------------
WARNING!
-> WriteHSDInput and WriteXMLInput both turned off. You won't eventually be 
 able to obtain the same results with a later version of the code!
Path: dftb_in/ParserOptions
Line: 76-79 (File: dftb_in.hsd)

Reading SK-files:
  /home/andersx/parameters/3ob-3-1/O-O.skf
  /home/andersx/parameters/3ob-3-1/O-C.skf
  /home/andersx/parameters/3ob-3-1/O-H.skf
  /home/andersx/parameters/3ob-3-1/C-O.skf
  /home/andersx/parameters/3ob-3-1/C-C.skf
  /home/andersx/parameters/3ob-3-1/C-H.skf
  /home/andersx/parameters/3ob-3-1/H-O.skf
  /home/andersx/parameters/3ob-3-1/H-C.skf
  /home/andersx/parameters/3ob-3-1/H-H.skf
Done.

Starting initialization...
--------------------------------------------------------------------------------
Mode:                        Static calculation
Self consistent charges:     Yes
SCC-tolerance:                 0.100000E-05
Max. scc iterations:                    100
Ewald alpha parameter:         0.000000E+00
Spin polarisation:           No
Nr. of up electrons:            21.000000
Nr. of down electrons:          21.000000
Periodic boundaries:         No
Diagonalizer:                Divide and Conquer
Mixer:                       Anderson mixer
Mixing parameter:                  0.200000
Maximal SCC-cycles:                     100
Nr. of chrg. vectors to mix:              8
Electronic temperature:        0.100000E-07
Initial charges:             Set automatically (system chrg:   0.000E+00)
Included shells:              O:  s, p
                              C:  s, p
                              H:  s
Full 3rd order correction    Yes
Damped SCC                   Yes
Damped specie(s):            H                                                 
Extra options:
--------------------------------------------------------------------------------
 

********************************************************************************
** Geometry step: 0
********************************************************************************

  iSCC Total electronic   Diff electronic      SCC error    
    1   -0.18959498E+02    0.00000000E+00    0.70182175E+00
    2   -0.18960373E+02   -0.87494921E-03    0.68929105E+00
    3   -0.18982392E+02   -0.22019073E-01    0.12324020E+00
    4   -0.18982497E+02   -0.10506369E-03    0.12506191E+00
    5   -0.18983533E+02   -0.10361585E-02    0.11716139E-01
    6   -0.18983528E+02    0.51433244E-05    0.10341158E-01
    7   -0.18983537E+02   -0.92194779E-05    0.16140546E-01
    8   -0.18983544E+02   -0.68132988E-05    0.20628941E-02
    9   -0.18983544E+02   -0.25559313E-07    0.20453817E-02
   10   -0.18983544E+02   -0.27369822E-06    0.47395968E-03
   11   -0.18983544E+02   -0.29812846E-08    0.13876312E-03
   12   -0.18983544E+02   -0.14059154E-08    0.97858998E-05
   13   -0.18983544E+02   -0.61390892E-11    0.33079390E-05
   14   -0.18983544E+02   -0.65369932E-12    0.17639039E-06
>> Charges saved for restart in charges.bin
 
 Total Energy:                     -18.9411641224 H
 Total Mermin free energy:         -18.9411641224 H
