================================================================================
==
==   Density Functional based Tight Binding with a lot of extensions (DFTB+)    
==
==                              Release: 1.2 (p2)
==
==                            (ParserVersion = 4)
==
================================================================================


********************************************************************************
** Parsing and initializing
********************************************************************************

Interpreting input file 'dftb_in.hsd'
--------------------------------------------------------------------------------
WARNING!
-> WriteHSDInput and WriteXMLInput both turned off. You won't eventually be 
 able to obtain the same results with a later version of the code!
Path: dftb_in/ParserOptions
Line: 76-79 (File: dftb_in.hsd)

Reading SK-files:
  /home/andersx/parameters/3ob-3-1/O-O.skf
  /home/andersx/parameters/3ob-3-1/O-C.skf
  /home/andersx/parameters/3ob-3-1/O-H.skf
  /home/andersx/parameters/3ob-3-1/C-O.skf
  /home/andersx/parameters/3ob-3-1/C-C.skf
  /home/andersx/parameters/3ob-3-1/C-H.skf
  /home/andersx/parameters/3ob-3-1/H-O.skf
  /home/andersx/parameters/3ob-3-1/H-C.skf
  /home/andersx/parameters/3ob-3-1/H-H.skf
Done.

Starting initialization...
--------------------------------------------------------------------------------
Mode:                        Static calculation
Self consistent charges:     Yes
SCC-tolerance:                 0.100000E-05
Max. scc iterations:                    100
Ewald alpha parameter:         0.000000E+00
Spin polarisation:           No
Nr. of up electrons:            21.000000
Nr. of down electrons:          21.000000
Periodic boundaries:         No
Diagonalizer:                Divide and Conquer
Mixer:                       Anderson mixer
Mixing parameter:                  0.200000
Maximal SCC-cycles:                     100
Nr. of chrg. vectors to mix:              8
Electronic temperature:        0.100000E-07
Initial charges:             Set automatically (system chrg:   0.000E+00)
Included shells:              O:  s, p
                              C:  s, p
                              H:  s
Full 3rd order correction    Yes
Damped SCC                   Yes
Damped specie(s):            H                                                 
Extra options:
--------------------------------------------------------------------------------
 

********************************************************************************
** Geometry step: 0
********************************************************************************

  iSCC Total electronic   Diff electronic      SCC error    
    1   -0.18920831E+02    0.00000000E+00    0.69598476E+00
    2   -0.18921101E+02   -0.27048190E-03    0.68695763E+00
    3   -0.18928261E+02   -0.71597649E-02    0.56550761E-01
    4   -0.18928142E+02    0.11930027E-03    0.47925333E-01
    5   -0.18928266E+02   -0.12444115E-03    0.10185712E+00
    6   -0.18928531E+02   -0.26431734E-03    0.13256059E-01
    7   -0.18928532E+02   -0.97426779E-06    0.10394299E-01
    8   -0.18928535E+02   -0.32754911E-05    0.38280363E-02
    9   -0.18928536E+02   -0.12176709E-05    0.66032690E-03
   10   -0.18928536E+02    0.41330779E-08    0.99403789E-03
   11   -0.18928536E+02   -0.16289714E-07    0.11664182E-03
   12   -0.18928536E+02   -0.53329074E-09    0.62818381E-04
   13   -0.18928536E+02   -0.17069368E-09    0.37446938E-05
   14   -0.18928536E+02   -0.10089707E-11    0.48184073E-06
>> Charges saved for restart in charges.bin
 
 Total Energy:                     -18.9067485256 H
 Total Mermin free energy:         -18.9067485256 H
