================================================================================
==
==   Density Functional based Tight Binding with a lot of extensions (DFTB+)    
==
==                              Release: 1.2 (p2)
==
==                            (ParserVersion = 4)
==
================================================================================


********************************************************************************
** Parsing and initializing
********************************************************************************

Interpreting input file 'dftb_in.hsd'
--------------------------------------------------------------------------------
WARNING!
-> WriteHSDInput and WriteXMLInput both turned off. You won't eventually be 
 able to obtain the same results with a later version of the code!
Path: dftb_in/ParserOptions
Line: 72-75 (File: dftb_in.hsd)

Reading SK-files:
  /home/andersx/parameters/3ob-3-1/O-O.skf
  /home/andersx/parameters/3ob-3-1/O-C.skf
  /home/andersx/parameters/3ob-3-1/O-H.skf
  /home/andersx/parameters/3ob-3-1/C-O.skf
  /home/andersx/parameters/3ob-3-1/C-C.skf
  /home/andersx/parameters/3ob-3-1/C-H.skf
  /home/andersx/parameters/3ob-3-1/H-O.skf
  /home/andersx/parameters/3ob-3-1/H-C.skf
  /home/andersx/parameters/3ob-3-1/H-H.skf
Done.

Starting initialization...
--------------------------------------------------------------------------------
Mode:                        Static calculation
Self consistent charges:     Yes
SCC-tolerance:                 0.100000E-05
Max. scc iterations:                    100
Ewald alpha parameter:         0.000000E+00
Spin polarisation:           No
Nr. of up electrons:            19.000000
Nr. of down electrons:          19.000000
Periodic boundaries:         No
Diagonalizer:                Divide and Conquer
Mixer:                       Anderson mixer
Mixing parameter:                  0.200000
Maximal SCC-cycles:                     100
Nr. of chrg. vectors to mix:              8
Electronic temperature:        0.100000E-07
Initial charges:             Set automatically (system chrg:   0.000E+00)
Included shells:              O:  s, p
                              C:  s, p
                              H:  s
Full 3rd order correction    Yes
Damped SCC                   Yes
Damped specie(s):            H                                                 
Extra options:
--------------------------------------------------------------------------------
 

********************************************************************************
** Geometry step: 0
********************************************************************************

  iSCC Total electronic   Diff electronic      SCC error    
    1   -0.17562778E+02    0.00000000E+00    0.69350103E+00
    2   -0.17563701E+02   -0.92278053E-03    0.68142882E+00
    3   -0.17589753E+02   -0.26051663E-01    0.77863772E-01
    4   -0.17589851E+02   -0.97685793E-04    0.64778096E-01
    5   -0.17590234E+02   -0.38297707E-03    0.29889043E-01
    6   -0.17590236E+02   -0.27574747E-05    0.24547633E-01
    7   -0.17590256E+02   -0.19282417E-04    0.11712959E-01
    8   -0.17590258E+02   -0.19913078E-05    0.24052288E-02
    9   -0.17590258E+02   -0.28934845E-06    0.20663358E-02
   10   -0.17590258E+02   -0.45167105E-06    0.38468414E-03
   11   -0.17590258E+02   -0.80240703E-08    0.20025830E-03
   12   -0.17590258E+02   -0.16925696E-08    0.18902100E-04
   13   -0.17590258E+02   -0.15166535E-10    0.16877144E-05
   14   -0.17590258E+02   -0.56843419E-13    0.41892187E-06
>> Charges saved for restart in charges.bin
 
 Total Energy:                     -17.3329559063 H
 Total Mermin free energy:         -17.3329559063 H
