================================================================================
==
==   Density Functional based Tight Binding with a lot of extensions (DFTB+)    
==
==                              Release: 1.2 (p2)
==
==                            (ParserVersion = 4)
==
================================================================================


********************************************************************************
** Parsing and initializing
********************************************************************************

Interpreting input file 'dftb_in.hsd'
--------------------------------------------------------------------------------
WARNING!
-> WriteHSDInput and WriteXMLInput both turned off. You won't eventually be 
 able to obtain the same results with a later version of the code!
Path: dftb_in/ParserOptions
Line: 74-77 (File: dftb_in.hsd)

Reading SK-files:
  /home/andersx/parameters/3ob-3-1/O-O.skf
  /home/andersx/parameters/3ob-3-1/O-C.skf
  /home/andersx/parameters/3ob-3-1/O-H.skf
  /home/andersx/parameters/3ob-3-1/C-O.skf
  /home/andersx/parameters/3ob-3-1/C-C.skf
  /home/andersx/parameters/3ob-3-1/C-H.skf
  /home/andersx/parameters/3ob-3-1/H-O.skf
  /home/andersx/parameters/3ob-3-1/H-C.skf
  /home/andersx/parameters/3ob-3-1/H-H.skf
Done.

Starting initialization...
--------------------------------------------------------------------------------
Mode:                        Static calculation
Self consistent charges:     Yes
SCC-tolerance:                 0.100000E-05
Max. scc iterations:                    100
Ewald alpha parameter:         0.000000E+00
Spin polarisation:           No
Nr. of up electrons:            20.000000
Nr. of down electrons:          20.000000
Periodic boundaries:         No
Diagonalizer:                Divide and Conquer
Mixer:                       Anderson mixer
Mixing parameter:                  0.200000
Maximal SCC-cycles:                     100
Nr. of chrg. vectors to mix:              8
Electronic temperature:        0.100000E-07
Initial charges:             Set automatically (system chrg:   0.000E+00)
Included shells:              O:  s, p
                              C:  s, p
                              H:  s
Full 3rd order correction    Yes
Damped SCC                   Yes
Damped specie(s):            H                                                 
Extra options:
--------------------------------------------------------------------------------
 

********************************************************************************
** Geometry step: 0
********************************************************************************

  iSCC Total electronic   Diff electronic      SCC error    
    1   -0.18262076E+02    0.00000000E+00    0.93264005E+00
    2   -0.18262612E+02   -0.53618861E-03    0.91977232E+00
    3   -0.18276198E+02   -0.13586094E-01    0.15419536E+00
    4   -0.18276384E+02   -0.18655792E-03    0.15606234E+00
    5   -0.18277855E+02   -0.14703951E-02    0.11205436E-01
    6   -0.18277850E+02    0.45695915E-05    0.10331226E-01
    7   -0.18277850E+02   -0.15817759E-06    0.78723125E-02
    8   -0.18277860E+02   -0.96142915E-05    0.61081619E-03
    9   -0.18277860E+02   -0.16705684E-07    0.48807476E-03
   10   -0.18277860E+02   -0.43403105E-07    0.11467897E-03
   11   -0.18277860E+02   -0.66127370E-09    0.51470377E-04
   12   -0.18277860E+02   -0.18617285E-09    0.50930469E-05
   13   -0.18277860E+02   -0.18509638E-11    0.12513641E-05
   14   -0.18277860E+02   -0.78159701E-13    0.14915886E-06
>> Charges saved for restart in charges.bin
 
 Total Energy:                     -18.1908754782 H
 Total Mermin free energy:         -18.1908754782 H
