================================================================================
==
==   Density Functional based Tight Binding with a lot of extensions (DFTB+)    
==
==                              Release: 1.2 (p2)
==
==                            (ParserVersion = 4)
==
================================================================================


********************************************************************************
** Parsing and initializing
********************************************************************************

Interpreting input file 'dftb_in.hsd'
--------------------------------------------------------------------------------
WARNING!
-> WriteHSDInput and WriteXMLInput both turned off. You won't eventually be 
 able to obtain the same results with a later version of the code!
Path: dftb_in/ParserOptions
Line: 70-73 (File: dftb_in.hsd)

Reading SK-files:
  /home/andersx/parameters/3ob-3-1/O-O.skf
  /home/andersx/parameters/3ob-3-1/O-C.skf
  /home/andersx/parameters/3ob-3-1/O-H.skf
  /home/andersx/parameters/3ob-3-1/C-O.skf
  /home/andersx/parameters/3ob-3-1/C-C.skf
  /home/andersx/parameters/3ob-3-1/C-H.skf
  /home/andersx/parameters/3ob-3-1/H-O.skf
  /home/andersx/parameters/3ob-3-1/H-C.skf
  /home/andersx/parameters/3ob-3-1/H-H.skf
Done.

Starting initialization...
--------------------------------------------------------------------------------
Mode:                        Static calculation
Self consistent charges:     Yes
SCC-tolerance:                 0.100000E-05
Max. scc iterations:                    100
Ewald alpha parameter:         0.000000E+00
Spin polarisation:           No
Nr. of up electrons:            18.000000
Nr. of down electrons:          18.000000
Periodic boundaries:         No
Diagonalizer:                Divide and Conquer
Mixer:                       Anderson mixer
Mixing parameter:                  0.200000
Maximal SCC-cycles:                     100
Nr. of chrg. vectors to mix:              8
Electronic temperature:        0.100000E-07
Initial charges:             Set automatically (system chrg:   0.000E+00)
Included shells:              O:  s, p
                              C:  s, p
                              H:  s
Full 3rd order correction    Yes
Damped SCC                   Yes
Damped specie(s):            H                                                 
Extra options:
--------------------------------------------------------------------------------
 

********************************************************************************
** Geometry step: 0
********************************************************************************

  iSCC Total electronic   Diff electronic      SCC error    
    1   -0.16964368E+02    0.00000000E+00    0.94297428E+00
    2   -0.16965083E+02   -0.71426619E-03    0.92990777E+00
    3   -0.16982501E+02   -0.17418275E-01    0.16636833E+00
    4   -0.16983317E+02   -0.81635068E-03    0.17723177E+00
    5   -0.16985326E+02   -0.20085674E-02    0.75032485E-01
    6   -0.16985601E+02   -0.27522102E-03    0.49137730E-01
    7   -0.16985620E+02   -0.19217296E-04    0.42460528E-01
    8   -0.16985691E+02   -0.70996540E-04    0.50018081E-02
    9   -0.16985692E+02   -0.38934092E-06    0.52476181E-02
   10   -0.16985691E+02    0.53729053E-06    0.43256176E-02
   11   -0.16985692E+02   -0.94806415E-06    0.20522520E-02
   12   -0.16985692E+02   -0.23489302E-06    0.47028808E-03
   13   -0.16985692E+02   -0.18415967E-07    0.20268920E-03
   14   -0.16985692E+02   -0.48797020E-08    0.41116317E-04
   15   -0.16985692E+02   -0.58509642E-10    0.13213308E-05
   16   -0.16985692E+02   -0.10302870E-12    0.42794177E-06
>> Charges saved for restart in charges.bin
 
 Total Energy:                     -16.6014219251 H
 Total Mermin free energy:         -16.6014219251 H
