================================================================================
==
==   Density Functional based Tight Binding with a lot of extensions (DFTB+)    
==
==                              Release: 1.2 (p2)
==
==                            (ParserVersion = 4)
==
================================================================================


********************************************************************************
** Parsing and initializing
********************************************************************************

Interpreting input file 'dftb_in.hsd'
--------------------------------------------------------------------------------
WARNING!
-> WriteHSDInput and WriteXMLInput both turned off. You won't eventually be 
 able to obtain the same results with a later version of the code!
Path: dftb_in/ParserOptions
Line: 81-84 (File: dftb_in.hsd)

Reading SK-files:
  /home/andersx/parameters/3ob-3-1/C-C.skf
  /home/andersx/parameters/3ob-3-1/C-N.skf
  /home/andersx/parameters/3ob-3-1/C-O.skf
  /home/andersx/parameters/3ob-3-1/C-H.skf
  /home/andersx/parameters/3ob-3-1/N-C.skf
  /home/andersx/parameters/3ob-3-1/N-N.skf
  /home/andersx/parameters/3ob-3-1/N-O.skf
  /home/andersx/parameters/3ob-3-1/N-H.skf
  /home/andersx/parameters/3ob-3-1/O-C.skf
  /home/andersx/parameters/3ob-3-1/O-N.skf
  /home/andersx/parameters/3ob-3-1/O-O.skf
  /home/andersx/parameters/3ob-3-1/O-H.skf
  /home/andersx/parameters/3ob-3-1/H-C.skf
  /home/andersx/parameters/3ob-3-1/H-N.skf
  /home/andersx/parameters/3ob-3-1/H-O.skf
  /home/andersx/parameters/3ob-3-1/H-H.skf
Done.

Starting initialization...
--------------------------------------------------------------------------------
Mode:                        Static calculation
Self consistent charges:     Yes
SCC-tolerance:                 0.100000E-05
Max. scc iterations:                    100
Ewald alpha parameter:         0.000000E+00
Spin polarisation:           No
Nr. of up electrons:            19.000000
Nr. of down electrons:          19.000000
Periodic boundaries:         No
Diagonalizer:                Divide and Conquer
Mixer:                       Anderson mixer
Mixing parameter:                  0.200000
Maximal SCC-cycles:                     100
Nr. of chrg. vectors to mix:              8
Electronic temperature:        0.100000E-07
Initial charges:             Set automatically (system chrg:   0.000E+00)
Included shells:              C:  s, p
                              N:  s, p
                              O:  s, p
                              H:  s
Full 3rd order correction    Yes
Damped SCC                   Yes
Damped specie(s):            H                                                 
Extra options:
--------------------------------------------------------------------------------
 

********************************************************************************
** Geometry step: 0
********************************************************************************

  iSCC Total electronic   Diff electronic      SCC error    
    1   -0.17295176E+02    0.00000000E+00    0.44327605E+00
    2   -0.17295479E+02   -0.30302031E-03    0.43691680E+00
    3   -0.17303796E+02   -0.83177698E-02    0.11601373E+00
    4   -0.17303742E+02    0.54919317E-04    0.11429655E+00
    5   -0.17303961E+02   -0.21978203E-03    0.38936402E-01
    6   -0.17304003E+02   -0.41178882E-04    0.16704078E-01
    7   -0.17303994E+02    0.87138259E-05    0.14756622E-01
    8   -0.17304030E+02   -0.36329897E-04    0.26602290E-02
    9   -0.17304030E+02   -0.33965233E-06    0.38413230E-02
   10   -0.17304031E+02   -0.48003735E-06    0.77331836E-03
   11   -0.17304031E+02   -0.31465461E-08    0.34932180E-03
   12   -0.17304031E+02   -0.15625535E-07    0.40423456E-04
   13   -0.17304031E+02   -0.21306334E-09    0.16438309E-04
   14   -0.17304031E+02   -0.72581940E-11    0.74034406E-06
>> Charges saved for restart in charges.bin
 
 Total Energy:                     -17.0122269601 H
 Total Mermin free energy:         -17.0122269601 H
