================================================================================
==
==   Density Functional based Tight Binding with a lot of extensions (DFTB+)    
==
==                              Release: 1.2 (p2)
==
==                            (ParserVersion = 4)
==
================================================================================


********************************************************************************
** Parsing and initializing
********************************************************************************

Interpreting input file 'dftb_in.hsd'
--------------------------------------------------------------------------------
WARNING!
-> WriteHSDInput and WriteXMLInput both turned off. You won't eventually be 
 able to obtain the same results with a later version of the code!
Path: dftb_in/ParserOptions
Line: 82-85 (File: dftb_in.hsd)

Reading SK-files:
  /home/andersx/parameters/3ob-3-1/C-C.skf
  /home/andersx/parameters/3ob-3-1/C-N.skf
  /home/andersx/parameters/3ob-3-1/C-O.skf
  /home/andersx/parameters/3ob-3-1/C-H.skf
  /home/andersx/parameters/3ob-3-1/N-C.skf
  /home/andersx/parameters/3ob-3-1/N-N.skf
  /home/andersx/parameters/3ob-3-1/N-O.skf
  /home/andersx/parameters/3ob-3-1/N-H.skf
  /home/andersx/parameters/3ob-3-1/O-C.skf
  /home/andersx/parameters/3ob-3-1/O-N.skf
  /home/andersx/parameters/3ob-3-1/O-O.skf
  /home/andersx/parameters/3ob-3-1/O-H.skf
  /home/andersx/parameters/3ob-3-1/H-C.skf
  /home/andersx/parameters/3ob-3-1/H-N.skf
  /home/andersx/parameters/3ob-3-1/H-O.skf
  /home/andersx/parameters/3ob-3-1/H-H.skf
Done.

Starting initialization...
--------------------------------------------------------------------------------
Mode:                        Static calculation
Self consistent charges:     Yes
SCC-tolerance:                 0.100000E-05
Max. scc iterations:                    100
Ewald alpha parameter:         0.000000E+00
Spin polarisation:           No
Nr. of up electrons:            19.000000
Nr. of down electrons:          19.000000
Periodic boundaries:         No
Diagonalizer:                Divide and Conquer
Mixer:                       Anderson mixer
Mixing parameter:                  0.200000
Maximal SCC-cycles:                     100
Nr. of chrg. vectors to mix:              8
Electronic temperature:        0.100000E-07
Initial charges:             Set automatically (system chrg:   0.000E+00)
Included shells:              C:  s, p
                              N:  s, p
                              O:  s, p
                              H:  s
Full 3rd order correction    Yes
Damped SCC                   Yes
Damped specie(s):            H                                                 
Extra options:
--------------------------------------------------------------------------------
 

********************************************************************************
** Geometry step: 0
********************************************************************************

  iSCC Total electronic   Diff electronic      SCC error    
    1   -0.16921684E+02    0.00000000E+00    0.38264003E+00
    2   -0.16922301E+02   -0.61686146E-03    0.37577452E+00
    3   -0.16934792E+02   -0.12491896E-01    0.14938840E+00
    4   -0.16934824E+02   -0.31105965E-04    0.14710015E+00
    5   -0.16935960E+02   -0.11364682E-02    0.17545296E-01
    6   -0.16935962E+02   -0.19217059E-05    0.14880251E-01
    7   -0.16935979E+02   -0.17306557E-04    0.98592077E-02
    8   -0.16935981E+02   -0.17457396E-05    0.20580409E-02
    9   -0.16935981E+02   -0.14695960E-06    0.26001137E-02
   10   -0.16935982E+02   -0.47314263E-06    0.40227428E-03
   11   -0.16935982E+02   -0.24189042E-08    0.12407355E-03
   12   -0.16935982E+02   -0.40796166E-09    0.36726750E-04
   13   -0.16935982E+02   -0.17220003E-10    0.61283146E-05
   14   -0.16935982E+02   -0.64659389E-12    0.80467799E-06
>> Charges saved for restart in charges.bin
 
 Total Energy:                     -16.7847255512 H
 Total Mermin free energy:         -16.7847255512 H
