================================================================================
==
==   Density Functional based Tight Binding with a lot of extensions (DFTB+)    
==
==                              Release: 1.2 (p2)
==
==                            (ParserVersion = 4)
==
================================================================================


********************************************************************************
** Parsing and initializing
********************************************************************************

Interpreting input file 'dftb_in.hsd'
--------------------------------------------------------------------------------
WARNING!
-> WriteHSDInput and WriteXMLInput both turned off. You won't eventually be 
 able to obtain the same results with a later version of the code!
Path: dftb_in/ParserOptions
Line: 80-83 (File: dftb_in.hsd)

Reading SK-files:
  /home/andersx/parameters/3ob-3-1/C-C.skf
  /home/andersx/parameters/3ob-3-1/C-O.skf
  /home/andersx/parameters/3ob-3-1/C-N.skf
  /home/andersx/parameters/3ob-3-1/C-H.skf
  /home/andersx/parameters/3ob-3-1/O-C.skf
  /home/andersx/parameters/3ob-3-1/O-O.skf
  /home/andersx/parameters/3ob-3-1/O-N.skf
  /home/andersx/parameters/3ob-3-1/O-H.skf
  /home/andersx/parameters/3ob-3-1/N-C.skf
  /home/andersx/parameters/3ob-3-1/N-O.skf
  /home/andersx/parameters/3ob-3-1/N-N.skf
  /home/andersx/parameters/3ob-3-1/N-H.skf
  /home/andersx/parameters/3ob-3-1/H-C.skf
  /home/andersx/parameters/3ob-3-1/H-O.skf
  /home/andersx/parameters/3ob-3-1/H-N.skf
  /home/andersx/parameters/3ob-3-1/H-H.skf
Done.

Starting initialization...
--------------------------------------------------------------------------------
Mode:                        Static calculation
Self consistent charges:     Yes
SCC-tolerance:                 0.100000E-05
Max. scc iterations:                    100
Ewald alpha parameter:         0.000000E+00
Spin polarisation:           No
Nr. of up electrons:            19.000000
Nr. of down electrons:          19.000000
Periodic boundaries:         No
Diagonalizer:                Divide and Conquer
Mixer:                       Anderson mixer
Mixing parameter:                  0.200000
Maximal SCC-cycles:                     100
Nr. of chrg. vectors to mix:              8
Electronic temperature:        0.100000E-07
Initial charges:             Set automatically (system chrg:   0.000E+00)
Included shells:              C:  s, p
                              O:  s, p
                              N:  s, p
                              H:  s
Full 3rd order correction    Yes
Damped SCC                   Yes
Damped specie(s):            H                                                 
Extra options:
--------------------------------------------------------------------------------
 

********************************************************************************
** Geometry step: 0
********************************************************************************

  iSCC Total electronic   Diff electronic      SCC error    
    1   -0.17854168E+02    0.00000000E+00    0.67705179E+00
    2   -0.17854716E+02   -0.54839623E-03    0.66885880E+00
    3   -0.17867765E+02   -0.13049239E-01    0.13203468E+00
    4   -0.17868383E+02   -0.61777998E-03    0.11125959E+00
    5   -0.17869995E+02   -0.16120741E-02    0.63330969E-01
    6   -0.17870174E+02   -0.17896603E-03    0.37259580E-01
    7   -0.17870212E+02   -0.38099428E-04    0.30091149E-01
    8   -0.17870241E+02   -0.28463060E-04    0.28681952E-02
    9   -0.17870241E+02   -0.49534402E-06    0.26295326E-02
   10   -0.17870242E+02   -0.10144255E-05    0.61548046E-03
   11   -0.17870242E+02   -0.16760453E-07    0.49112756E-03
   12   -0.17870242E+02   -0.23516172E-07    0.34944354E-04
   13   -0.17870242E+02   -0.45133675E-10    0.11724256E-04
   14   -0.17870242E+02   -0.41389114E-11    0.21730239E-06
>> Charges saved for restart in charges.bin
 
 Total Energy:                     -17.6190500673 H
 Total Mermin free energy:         -17.6190500673 H
