================================================================================
==
==   Density Functional based Tight Binding with a lot of extensions (DFTB+)    
==
==                              Release: 1.2 (p2)
==
==                            (ParserVersion = 4)
==
================================================================================


********************************************************************************
** Parsing and initializing
********************************************************************************

Interpreting input file 'dftb_in.hsd'
--------------------------------------------------------------------------------
WARNING!
-> WriteHSDInput and WriteXMLInput both turned off. You won't eventually be 
 able to obtain the same results with a later version of the code!
Path: dftb_in/ParserOptions
Line: 84-87 (File: dftb_in.hsd)

Reading SK-files:
  /home/andersx/parameters/3ob-3-1/C-C.skf
  /home/andersx/parameters/3ob-3-1/C-N.skf
  /home/andersx/parameters/3ob-3-1/C-O.skf
  /home/andersx/parameters/3ob-3-1/C-H.skf
  /home/andersx/parameters/3ob-3-1/N-C.skf
  /home/andersx/parameters/3ob-3-1/N-N.skf
  /home/andersx/parameters/3ob-3-1/N-O.skf
  /home/andersx/parameters/3ob-3-1/N-H.skf
  /home/andersx/parameters/3ob-3-1/O-C.skf
  /home/andersx/parameters/3ob-3-1/O-N.skf
  /home/andersx/parameters/3ob-3-1/O-O.skf
  /home/andersx/parameters/3ob-3-1/O-H.skf
  /home/andersx/parameters/3ob-3-1/H-C.skf
  /home/andersx/parameters/3ob-3-1/H-N.skf
  /home/andersx/parameters/3ob-3-1/H-O.skf
  /home/andersx/parameters/3ob-3-1/H-H.skf
Done.

Starting initialization...
--------------------------------------------------------------------------------
Mode:                        Static calculation
Self consistent charges:     Yes
SCC-tolerance:                 0.100000E-05
Max. scc iterations:                    100
Ewald alpha parameter:         0.000000E+00
Spin polarisation:           No
Nr. of up electrons:            20.000000
Nr. of down electrons:          20.000000
Periodic boundaries:         No
Diagonalizer:                Divide and Conquer
Mixer:                       Anderson mixer
Mixing parameter:                  0.200000
Maximal SCC-cycles:                     100
Nr. of chrg. vectors to mix:              8
Electronic temperature:        0.100000E-07
Initial charges:             Set automatically (system chrg:   0.000E+00)
Included shells:              C:  s, p
                              N:  s, p
                              O:  s, p
                              H:  s
Full 3rd order correction    Yes
Damped SCC                   Yes
Damped specie(s):            H                                                 
Extra options:
--------------------------------------------------------------------------------
 

********************************************************************************
** Geometry step: 0
********************************************************************************

  iSCC Total electronic   Diff electronic      SCC error    
    1   -0.17552101E+02    0.00000000E+00    0.58609969E+00
    2   -0.17552525E+02   -0.42402906E-03    0.57694812E+00
    3   -0.17564227E+02   -0.11702161E-01    0.83069816E-01
    4   -0.17564124E+02    0.10267882E-03    0.78671817E-01
    5   -0.17564181E+02   -0.56634006E-04    0.79617498E-01
    6   -0.17564397E+02   -0.21587792E-03    0.70460699E-02
    7   -0.17564397E+02   -0.18634786E-07    0.68866092E-02
    8   -0.17564402E+02   -0.49194489E-05    0.12996566E-02
    9   -0.17564402E+02   -0.11786524E-06    0.14276426E-02
   10   -0.17564402E+02   -0.48824482E-07    0.77634847E-03
   11   -0.17564402E+02   -0.78859728E-08    0.21118697E-03
   12   -0.17564402E+02   -0.23692230E-08    0.27408307E-04
   13   -0.17564402E+02   -0.25096369E-10    0.53744805E-05
   14   -0.17564402E+02   -0.27640112E-11    0.49235634E-06
>> Charges saved for restart in charges.bin
 
 Total Energy:                     -17.5385378221 H
 Total Mermin free energy:         -17.5385378221 H
