================================================================================
==
==   Density Functional based Tight Binding with a lot of extensions (DFTB+)    
==
==                              Release: 1.2 (p2)
==
==                            (ParserVersion = 4)
==
================================================================================


********************************************************************************
** Parsing and initializing
********************************************************************************

Interpreting input file 'dftb_in.hsd'
--------------------------------------------------------------------------------
WARNING!
-> WriteHSDInput and WriteXMLInput both turned off. You won't eventually be 
 able to obtain the same results with a later version of the code!
Path: dftb_in/ParserOptions
Line: 84-87 (File: dftb_in.hsd)

Reading SK-files:
  /home/andersx/parameters/3ob-3-1/C-C.skf
  /home/andersx/parameters/3ob-3-1/C-N.skf
  /home/andersx/parameters/3ob-3-1/C-O.skf
  /home/andersx/parameters/3ob-3-1/C-H.skf
  /home/andersx/parameters/3ob-3-1/N-C.skf
  /home/andersx/parameters/3ob-3-1/N-N.skf
  /home/andersx/parameters/3ob-3-1/N-O.skf
  /home/andersx/parameters/3ob-3-1/N-H.skf
  /home/andersx/parameters/3ob-3-1/O-C.skf
  /home/andersx/parameters/3ob-3-1/O-N.skf
  /home/andersx/parameters/3ob-3-1/O-O.skf
  /home/andersx/parameters/3ob-3-1/O-H.skf
  /home/andersx/parameters/3ob-3-1/H-C.skf
  /home/andersx/parameters/3ob-3-1/H-N.skf
  /home/andersx/parameters/3ob-3-1/H-O.skf
  /home/andersx/parameters/3ob-3-1/H-H.skf
Done.

Starting initialization...
--------------------------------------------------------------------------------
Mode:                        Static calculation
Self consistent charges:     Yes
SCC-tolerance:                 0.100000E-05
Max. scc iterations:                    100
Ewald alpha parameter:         0.000000E+00
Spin polarisation:           No
Nr. of up electrons:            20.000000
Nr. of down electrons:          20.000000
Periodic boundaries:         No
Diagonalizer:                Divide and Conquer
Mixer:                       Anderson mixer
Mixing parameter:                  0.200000
Maximal SCC-cycles:                     100
Nr. of chrg. vectors to mix:              8
Electronic temperature:        0.100000E-07
Initial charges:             Set automatically (system chrg:   0.000E+00)
Included shells:              C:  s, p
                              N:  s, p
                              O:  s, p
                              H:  s
Full 3rd order correction    Yes
Damped SCC                   Yes
Damped specie(s):            H                                                 
Extra options:
--------------------------------------------------------------------------------
 

********************************************************************************
** Geometry step: 0
********************************************************************************

  iSCC Total electronic   Diff electronic      SCC error    
    1   -0.17577751E+02    0.00000000E+00    0.62650963E+00
    2   -0.17578302E+02   -0.55148015E-03    0.61655998E+00
    3   -0.17593930E+02   -0.15627353E-01    0.37335423E-01
    4   -0.17593920E+02    0.98715842E-05    0.36471060E-01
    5   -0.17593903E+02    0.16695564E-04    0.43188850E-01
    6   -0.17593980E+02   -0.76870975E-04    0.38969994E-02
    7   -0.17593979E+02    0.16040318E-05    0.99122117E-02
    8   -0.17593980E+02   -0.18218766E-05    0.55465382E-02
    9   -0.17593981E+02   -0.25588297E-06    0.47424330E-02
   10   -0.17593981E+02   -0.73618004E-06    0.17854543E-03
   11   -0.17593981E+02   -0.31685978E-08    0.14180030E-03
   12   -0.17593981E+02   -0.13802293E-08    0.12563728E-04
   13   -0.17593981E+02   -0.43982595E-10    0.25632937E-05
   14   -0.17593981E+02   -0.10338397E-11    0.14542456E-06
>> Charges saved for restart in charges.bin
 
 Total Energy:                     -17.5452351112 H
 Total Mermin free energy:         -17.5452351112 H
