================================================================================
==
==   Density Functional based Tight Binding with a lot of extensions (DFTB+)    
==
==                              Release: 1.2 (p2)
==
==                            (ParserVersion = 4)
==
================================================================================


********************************************************************************
** Parsing and initializing
********************************************************************************

Interpreting input file 'dftb_in.hsd'
--------------------------------------------------------------------------------
WARNING!
-> WriteHSDInput and WriteXMLInput both turned off. You won't eventually be 
 able to obtain the same results with a later version of the code!
Path: dftb_in/ParserOptions
Line: 84-87 (File: dftb_in.hsd)

Reading SK-files:
  /home/andersx/parameters/3ob-3-1/C-C.skf
  /home/andersx/parameters/3ob-3-1/C-N.skf
  /home/andersx/parameters/3ob-3-1/C-O.skf
  /home/andersx/parameters/3ob-3-1/C-H.skf
  /home/andersx/parameters/3ob-3-1/N-C.skf
  /home/andersx/parameters/3ob-3-1/N-N.skf
  /home/andersx/parameters/3ob-3-1/N-O.skf
  /home/andersx/parameters/3ob-3-1/N-H.skf
  /home/andersx/parameters/3ob-3-1/O-C.skf
  /home/andersx/parameters/3ob-3-1/O-N.skf
  /home/andersx/parameters/3ob-3-1/O-O.skf
  /home/andersx/parameters/3ob-3-1/O-H.skf
  /home/andersx/parameters/3ob-3-1/H-C.skf
  /home/andersx/parameters/3ob-3-1/H-N.skf
  /home/andersx/parameters/3ob-3-1/H-O.skf
  /home/andersx/parameters/3ob-3-1/H-H.skf
Done.

Starting initialization...
--------------------------------------------------------------------------------
Mode:                        Static calculation
Self consistent charges:     Yes
SCC-tolerance:                 0.100000E-05
Max. scc iterations:                    100
Ewald alpha parameter:         0.000000E+00
Spin polarisation:           No
Nr. of up electrons:            20.000000
Nr. of down electrons:          20.000000
Periodic boundaries:         No
Diagonalizer:                Divide and Conquer
Mixer:                       Anderson mixer
Mixing parameter:                  0.200000
Maximal SCC-cycles:                     100
Nr. of chrg. vectors to mix:              8
Electronic temperature:        0.100000E-07
Initial charges:             Set automatically (system chrg:   0.000E+00)
Included shells:              C:  s, p
                              N:  s, p
                              O:  s, p
                              H:  s
Full 3rd order correction    Yes
Damped SCC                   Yes
Damped specie(s):            H                                                 
Extra options:
--------------------------------------------------------------------------------
 

********************************************************************************
** Geometry step: 0
********************************************************************************

  iSCC Total electronic   Diff electronic      SCC error    
    1   -0.17638953E+02    0.00000000E+00    0.55504055E+00
    2   -0.17639400E+02   -0.44637236E-03    0.54642196E+00
    3   -0.17651594E+02   -0.12194777E-01    0.75479759E-01
    4   -0.17651473E+02    0.12153926E-03    0.69863769E-01
    5   -0.17651726E+02   -0.25361549E-03    0.59688128E-01
    6   -0.17651862E+02   -0.13521088E-03    0.75151105E-02
    7   -0.17651861E+02    0.31433549E-06    0.74836239E-02
    8   -0.17651867E+02   -0.54028839E-05    0.17439799E-02
    9   -0.17651867E+02   -0.13262081E-06    0.87117942E-03
   10   -0.17651867E+02   -0.91740770E-07    0.10541769E-03
   11   -0.17651867E+02   -0.50788174E-09    0.56458600E-04
   12   -0.17651867E+02   -0.12113333E-09    0.74031156E-05
   13   -0.17651867E+02   -0.15347723E-11    0.10580259E-05
   14   -0.17651867E+02   -0.21316282E-13    0.12363141E-06
>> Charges saved for restart in charges.bin
 
 Total Energy:                     -17.5747510450 H
 Total Mermin free energy:         -17.5747510450 H
