================================================================================
==
==   Density Functional based Tight Binding with a lot of extensions (DFTB+)    
==
==                              Release: 1.2 (p2)
==
==                            (ParserVersion = 4)
==
================================================================================


********************************************************************************
** Parsing and initializing
********************************************************************************

Interpreting input file 'dftb_in.hsd'
--------------------------------------------------------------------------------
WARNING!
-> WriteHSDInput and WriteXMLInput both turned off. You won't eventually be 
 able to obtain the same results with a later version of the code!
Path: dftb_in/ParserOptions
Line: 84-87 (File: dftb_in.hsd)

Reading SK-files:
  /home/andersx/parameters/3ob-3-1/C-C.skf
  /home/andersx/parameters/3ob-3-1/C-O.skf
  /home/andersx/parameters/3ob-3-1/C-N.skf
  /home/andersx/parameters/3ob-3-1/C-H.skf
  /home/andersx/parameters/3ob-3-1/O-C.skf
  /home/andersx/parameters/3ob-3-1/O-O.skf
  /home/andersx/parameters/3ob-3-1/O-N.skf
  /home/andersx/parameters/3ob-3-1/O-H.skf
  /home/andersx/parameters/3ob-3-1/N-C.skf
  /home/andersx/parameters/3ob-3-1/N-O.skf
  /home/andersx/parameters/3ob-3-1/N-N.skf
  /home/andersx/parameters/3ob-3-1/N-H.skf
  /home/andersx/parameters/3ob-3-1/H-C.skf
  /home/andersx/parameters/3ob-3-1/H-O.skf
  /home/andersx/parameters/3ob-3-1/H-N.skf
  /home/andersx/parameters/3ob-3-1/H-H.skf
Done.

Starting initialization...
--------------------------------------------------------------------------------
Mode:                        Static calculation
Self consistent charges:     Yes
SCC-tolerance:                 0.100000E-05
Max. scc iterations:                    100
Ewald alpha parameter:         0.000000E+00
Spin polarisation:           No
Nr. of up electrons:            20.000000
Nr. of down electrons:          20.000000
Periodic boundaries:         No
Diagonalizer:                Divide and Conquer
Mixer:                       Anderson mixer
Mixing parameter:                  0.200000
Maximal SCC-cycles:                     100
Nr. of chrg. vectors to mix:              8
Electronic temperature:        0.100000E-07
Initial charges:             Set automatically (system chrg:   0.000E+00)
Included shells:              C:  s, p
                              O:  s, p
                              N:  s, p
                              H:  s
Full 3rd order correction    Yes
Damped SCC                   Yes
Damped specie(s):            H                                                 
Extra options:
--------------------------------------------------------------------------------
 

********************************************************************************
** Geometry step: 0
********************************************************************************

  iSCC Total electronic   Diff electronic      SCC error    
    1   -0.17592725E+02    0.00000000E+00    0.64482892E+00
    2   -0.17593376E+02   -0.65147263E-03    0.63381444E+00
    3   -0.17611097E+02   -0.17720480E-01    0.81554713E-01
    4   -0.17611042E+02    0.54960991E-04    0.70065698E-01
    5   -0.17611146E+02   -0.10468235E-03    0.46307654E-01
    6   -0.17611228E+02   -0.81478818E-04    0.85020413E-02
    7   -0.17611228E+02    0.12852436E-07    0.10307991E-01
    8   -0.17611230E+02   -0.24331247E-05    0.33247017E-02
    9   -0.17611230E+02   -0.77990908E-07    0.18984433E-02
   10   -0.17611230E+02   -0.35750485E-07    0.14823701E-02
   11   -0.17611230E+02   -0.24316581E-07    0.44160589E-03
   12   -0.17611230E+02   -0.19948587E-07    0.41970989E-04
   13   -0.17611230E+02   -0.18729907E-09    0.11275117E-04
   14   -0.17611230E+02   -0.70805584E-11    0.14378680E-05
   15   -0.17611230E+02   -0.78159701E-13    0.29677035E-06
>> Charges saved for restart in charges.bin
 
 Total Energy:                     -17.5559760431 H
 Total Mermin free energy:         -17.5559760431 H
