================================================================================
==
==   Density Functional based Tight Binding with a lot of extensions (DFTB+)    
==
==                              Release: 1.2 (p2)
==
==                            (ParserVersion = 4)
==
================================================================================


********************************************************************************
** Parsing and initializing
********************************************************************************

Interpreting input file 'dftb_in.hsd'
--------------------------------------------------------------------------------
WARNING!
-> WriteHSDInput and WriteXMLInput both turned off. You won't eventually be 
 able to obtain the same results with a later version of the code!
Path: dftb_in/ParserOptions
Line: 81-84 (File: dftb_in.hsd)

Reading SK-files:
  /home/andersx/parameters/3ob-3-1/C-C.skf
  /home/andersx/parameters/3ob-3-1/C-N.skf
  /home/andersx/parameters/3ob-3-1/C-O.skf
  /home/andersx/parameters/3ob-3-1/C-H.skf
  /home/andersx/parameters/3ob-3-1/N-C.skf
  /home/andersx/parameters/3ob-3-1/N-N.skf
  /home/andersx/parameters/3ob-3-1/N-O.skf
  /home/andersx/parameters/3ob-3-1/N-H.skf
  /home/andersx/parameters/3ob-3-1/O-C.skf
  /home/andersx/parameters/3ob-3-1/O-N.skf
  /home/andersx/parameters/3ob-3-1/O-O.skf
  /home/andersx/parameters/3ob-3-1/O-H.skf
  /home/andersx/parameters/3ob-3-1/H-C.skf
  /home/andersx/parameters/3ob-3-1/H-N.skf
  /home/andersx/parameters/3ob-3-1/H-O.skf
  /home/andersx/parameters/3ob-3-1/H-H.skf
Done.

Starting initialization...
--------------------------------------------------------------------------------
Mode:                        Static calculation
Self consistent charges:     Yes
SCC-tolerance:                 0.100000E-05
Max. scc iterations:                    100
Ewald alpha parameter:         0.000000E+00
Spin polarisation:           No
Nr. of up electrons:            19.000000
Nr. of down electrons:          19.000000
Periodic boundaries:         No
Diagonalizer:                Divide and Conquer
Mixer:                       Anderson mixer
Mixing parameter:                  0.200000
Maximal SCC-cycles:                     100
Nr. of chrg. vectors to mix:              8
Electronic temperature:        0.100000E-07
Initial charges:             Set automatically (system chrg:   0.000E+00)
Included shells:              C:  s, p
                              N:  s, p
                              O:  s, p
                              H:  s
Full 3rd order correction    Yes
Damped SCC                   Yes
Damped specie(s):            H                                                 
Extra options:
--------------------------------------------------------------------------------
 

********************************************************************************
** Geometry step: 0
********************************************************************************

  iSCC Total electronic   Diff electronic      SCC error    
    1   -0.17359396E+02    0.00000000E+00    0.65089922E+00
    2   -0.17360146E+02   -0.74930689E-03    0.63972989E+00
    3   -0.17380733E+02   -0.20587776E-01    0.62192996E-01
    4   -0.17380724E+02    0.93730230E-05    0.59009003E-01
    5   -0.17380827E+02   -0.10289863E-03    0.18938170E-01
    6   -0.17380835E+02   -0.80001257E-05    0.16625655E-01
    7   -0.17380844E+02   -0.88286570E-05    0.87341448E-02
    8   -0.17380852E+02   -0.81466765E-05    0.19822807E-02
    9   -0.17380852E+02    0.31240770E-07    0.19574427E-02
   10   -0.17380852E+02   -0.29462503E-06    0.28368425E-03
   11   -0.17380852E+02   -0.63208034E-08    0.84590252E-04
   12   -0.17380852E+02   -0.14388490E-08    0.16298147E-04
   13   -0.17380852E+02   -0.19056756E-10    0.18295497E-05
   14   -0.17380852E+02   -0.46185278E-13    0.35125427E-06
>> Charges saved for restart in charges.bin
 
 Total Energy:                     -17.0755120882 H
 Total Mermin free energy:         -17.0755120882 H
