================================================================================
==
==   Density Functional based Tight Binding with a lot of extensions (DFTB+)    
==
==                              Release: 1.2 (p2)
==
==                            (ParserVersion = 4)
==
================================================================================


********************************************************************************
** Parsing and initializing
********************************************************************************

Interpreting input file 'dftb_in.hsd'
--------------------------------------------------------------------------------
WARNING!
-> WriteHSDInput and WriteXMLInput both turned off. You won't eventually be 
 able to obtain the same results with a later version of the code!
Path: dftb_in/ParserOptions
Line: 80-83 (File: dftb_in.hsd)

Reading SK-files:
  /home/andersx/parameters/3ob-3-1/C-C.skf
  /home/andersx/parameters/3ob-3-1/C-O.skf
  /home/andersx/parameters/3ob-3-1/C-N.skf
  /home/andersx/parameters/3ob-3-1/C-H.skf
  /home/andersx/parameters/3ob-3-1/O-C.skf
  /home/andersx/parameters/3ob-3-1/O-O.skf
  /home/andersx/parameters/3ob-3-1/O-N.skf
  /home/andersx/parameters/3ob-3-1/O-H.skf
  /home/andersx/parameters/3ob-3-1/N-C.skf
  /home/andersx/parameters/3ob-3-1/N-O.skf
  /home/andersx/parameters/3ob-3-1/N-N.skf
  /home/andersx/parameters/3ob-3-1/N-H.skf
  /home/andersx/parameters/3ob-3-1/H-C.skf
  /home/andersx/parameters/3ob-3-1/H-O.skf
  /home/andersx/parameters/3ob-3-1/H-N.skf
  /home/andersx/parameters/3ob-3-1/H-H.skf
Done.

Starting initialization...
--------------------------------------------------------------------------------
Mode:                        Static calculation
Self consistent charges:     Yes
SCC-tolerance:                 0.100000E-05
Max. scc iterations:                    100
Ewald alpha parameter:         0.000000E+00
Spin polarisation:           No
Nr. of up electrons:            18.000000
Nr. of down electrons:          18.000000
Periodic boundaries:         No
Diagonalizer:                Divide and Conquer
Mixer:                       Anderson mixer
Mixing parameter:                  0.200000
Maximal SCC-cycles:                     100
Nr. of chrg. vectors to mix:              8
Electronic temperature:        0.100000E-07
Initial charges:             Set automatically (system chrg:   0.000E+00)
Included shells:              C:  s, p
                              O:  s, p
                              N:  s, p
                              H:  s
Full 3rd order correction    Yes
Damped SCC                   Yes
Damped specie(s):            H                                                 
Extra options:
--------------------------------------------------------------------------------
 

********************************************************************************
** Geometry step: 0
********************************************************************************

  iSCC Total electronic   Diff electronic      SCC error    
    1   -0.16275451E+02    0.00000000E+00    0.56058317E+00
    2   -0.16276172E+02   -0.72070682E-03    0.55124948E+00
    3   -0.16291406E+02   -0.15233769E-01    0.19251511E+00
    4   -0.16291293E+02    0.11330910E-03    0.18953290E+00
    5   -0.16293460E+02   -0.21670230E-02    0.27150302E-01
    6   -0.16293457E+02    0.24094731E-05    0.21365152E-01
    7   -0.16293518E+02   -0.60706638E-04    0.11854499E-01
    8   -0.16293531E+02   -0.13308597E-04    0.38592949E-02
    9   -0.16293532E+02   -0.27759928E-06    0.31839452E-02
   10   -0.16293532E+02   -0.43612651E-06    0.43461324E-03
   11   -0.16293532E+02   -0.16683227E-07    0.21125147E-03
   12   -0.16293532E+02   -0.34011833E-08    0.54203662E-04
   13   -0.16293532E+02   -0.15820234E-09    0.43072474E-05
   14   -0.16293532E+02   -0.28066438E-12    0.78259421E-06
>> Charges saved for restart in charges.bin
 
 Total Energy:                     -16.0324165007 H
 Total Mermin free energy:         -16.0324165007 H
