================================================================================
==
==   Density Functional based Tight Binding with a lot of extensions (DFTB+)    
==
==                              Release: 1.2 (p2)
==
==                            (ParserVersion = 4)
==
================================================================================


********************************************************************************
** Parsing and initializing
********************************************************************************

Interpreting input file 'dftb_in.hsd'
--------------------------------------------------------------------------------
WARNING!
-> WriteHSDInput and WriteXMLInput both turned off. You won't eventually be 
 able to obtain the same results with a later version of the code!
Path: dftb_in/ParserOptions
Line: 79-82 (File: dftb_in.hsd)

Reading SK-files:
  /home/andersx/parameters/3ob-3-1/C-C.skf
  /home/andersx/parameters/3ob-3-1/C-O.skf
  /home/andersx/parameters/3ob-3-1/C-N.skf
  /home/andersx/parameters/3ob-3-1/C-H.skf
  /home/andersx/parameters/3ob-3-1/O-C.skf
  /home/andersx/parameters/3ob-3-1/O-O.skf
  /home/andersx/parameters/3ob-3-1/O-N.skf
  /home/andersx/parameters/3ob-3-1/O-H.skf
  /home/andersx/parameters/3ob-3-1/N-C.skf
  /home/andersx/parameters/3ob-3-1/N-O.skf
  /home/andersx/parameters/3ob-3-1/N-N.skf
  /home/andersx/parameters/3ob-3-1/N-H.skf
  /home/andersx/parameters/3ob-3-1/H-C.skf
  /home/andersx/parameters/3ob-3-1/H-O.skf
  /home/andersx/parameters/3ob-3-1/H-N.skf
  /home/andersx/parameters/3ob-3-1/H-H.skf
Done.

Starting initialization...
--------------------------------------------------------------------------------
Mode:                        Static calculation
Self consistent charges:     Yes
SCC-tolerance:                 0.100000E-05
Max. scc iterations:                    100
Ewald alpha parameter:         0.000000E+00
Spin polarisation:           No
Nr. of up electrons:            18.000000
Nr. of down electrons:          18.000000
Periodic boundaries:         No
Diagonalizer:                Divide and Conquer
Mixer:                       Anderson mixer
Mixing parameter:                  0.200000
Maximal SCC-cycles:                     100
Nr. of chrg. vectors to mix:              8
Electronic temperature:        0.100000E-07
Initial charges:             Set automatically (system chrg:   0.000E+00)
Included shells:              C:  s, p
                              O:  s, p
                              N:  s, p
                              H:  s
Full 3rd order correction    Yes
Damped SCC                   Yes
Damped specie(s):            H                                                 
Extra options:
--------------------------------------------------------------------------------
 

********************************************************************************
** Geometry step: 0
********************************************************************************

  iSCC Total electronic   Diff electronic      SCC error    
    1   -0.16671144E+02    0.00000000E+00    0.55507021E+00
    2   -0.16671879E+02   -0.73499117E-03    0.54618688E+00
    3   -0.16687954E+02   -0.16074976E-01    0.17676343E+00
    4   -0.16687816E+02    0.13779110E-03    0.16902831E+00
    5   -0.16690206E+02   -0.23894241E-02    0.27627852E-01
    6   -0.16690202E+02    0.33888169E-05    0.20799603E-01
    7   -0.16690218E+02   -0.15647251E-04    0.98504756E-02
    8   -0.16690236E+02   -0.18253046E-04    0.40860473E-02
    9   -0.16690237E+02   -0.66570529E-06    0.34175014E-02
   10   -0.16690238E+02   -0.11951418E-05    0.54019871E-03
   11   -0.16690238E+02   -0.20541137E-07    0.42750896E-03
   12   -0.16690238E+02   -0.10034032E-07    0.79880814E-04
   13   -0.16690238E+02   -0.24145663E-09    0.19098711E-04
   14   -0.16690238E+02   -0.17866597E-10    0.27492731E-05
   15   -0.16690238E+02   -0.29132252E-12    0.39937707E-06
>> Charges saved for restart in charges.bin
 
 Total Energy:                     -16.3046696924 H
 Total Mermin free energy:         -16.3046696924 H
