================================================================================
==
==   Density Functional based Tight Binding with a lot of extensions (DFTB+)    
==
==                              Release: 1.2 (p2)
==
==                            (ParserVersion = 4)
==
================================================================================


********************************************************************************
** Parsing and initializing
********************************************************************************

Interpreting input file 'dftb_in.hsd'
--------------------------------------------------------------------------------
WARNING!
-> WriteHSDInput and WriteXMLInput both turned off. You won't eventually be 
 able to obtain the same results with a later version of the code!
Path: dftb_in/ParserOptions
Line: 80-83 (File: dftb_in.hsd)

Reading SK-files:
  /home/andersx/parameters/3ob-3-1/C-C.skf
  /home/andersx/parameters/3ob-3-1/C-O.skf
  /home/andersx/parameters/3ob-3-1/C-N.skf
  /home/andersx/parameters/3ob-3-1/C-H.skf
  /home/andersx/parameters/3ob-3-1/O-C.skf
  /home/andersx/parameters/3ob-3-1/O-O.skf
  /home/andersx/parameters/3ob-3-1/O-N.skf
  /home/andersx/parameters/3ob-3-1/O-H.skf
  /home/andersx/parameters/3ob-3-1/N-C.skf
  /home/andersx/parameters/3ob-3-1/N-O.skf
  /home/andersx/parameters/3ob-3-1/N-N.skf
  /home/andersx/parameters/3ob-3-1/N-H.skf
  /home/andersx/parameters/3ob-3-1/H-C.skf
  /home/andersx/parameters/3ob-3-1/H-O.skf
  /home/andersx/parameters/3ob-3-1/H-N.skf
  /home/andersx/parameters/3ob-3-1/H-H.skf
Done.

Starting initialization...
--------------------------------------------------------------------------------
Mode:                        Static calculation
Self consistent charges:     Yes
SCC-tolerance:                 0.100000E-05
Max. scc iterations:                    100
Ewald alpha parameter:         0.000000E+00
Spin polarisation:           No
Nr. of up electrons:            19.000000
Nr. of down electrons:          19.000000
Periodic boundaries:         No
Diagonalizer:                Divide and Conquer
Mixer:                       Anderson mixer
Mixing parameter:                  0.200000
Maximal SCC-cycles:                     100
Nr. of chrg. vectors to mix:              8
Electronic temperature:        0.100000E-07
Initial charges:             Set automatically (system chrg:   0.000E+00)
Included shells:              C:  s, p
                              O:  s, p
                              N:  s, p
                              H:  s
Full 3rd order correction    Yes
Damped SCC                   Yes
Damped specie(s):            H                                                 
Extra options:
--------------------------------------------------------------------------------
 

********************************************************************************
** Geometry step: 0
********************************************************************************

  iSCC Total electronic   Diff electronic      SCC error    
    1   -0.17888158E+02    0.00000000E+00    0.49932163E+00
    2   -0.17888788E+02   -0.62955275E-03    0.49327030E+00
    3   -0.17903318E+02   -0.14530283E-01    0.13854591E+00
    4   -0.17903606E+02   -0.28836238E-03    0.12798296E+00
    5   -0.17905301E+02   -0.16945231E-02    0.14989281E-01
    6   -0.17905320E+02   -0.19280991E-04    0.10301558E-01
    7   -0.17905314E+02    0.63699246E-05    0.13764274E-01
    8   -0.17905329E+02   -0.14869168E-04    0.19727095E-02
    9   -0.17905329E+02   -0.19620319E-06    0.16544630E-02
   10   -0.17905329E+02   -0.31759988E-06    0.21383604E-03
   11   -0.17905329E+02   -0.44918416E-08    0.85586168E-04
   12   -0.17905329E+02   -0.69377037E-09    0.10515952E-04
   13   -0.17905329E+02   -0.62208017E-11    0.40755384E-05
   14   -0.17905329E+02   -0.30908609E-12    0.46966801E-06
>> Charges saved for restart in charges.bin
 
 Total Energy:                     -17.6160462136 H
 Total Mermin free energy:         -17.6160462136 H
