================================================================================
==
==   Density Functional based Tight Binding with a lot of extensions (DFTB+)    
==
==                              Release: 1.2 (p2)
==
==                            (ParserVersion = 4)
==
================================================================================


********************************************************************************
** Parsing and initializing
********************************************************************************

Interpreting input file 'dftb_in.hsd'
--------------------------------------------------------------------------------
WARNING!
-> WriteHSDInput and WriteXMLInput both turned off. You won't eventually be 
 able to obtain the same results with a later version of the code!
Path: dftb_in/ParserOptions
Line: 81-84 (File: dftb_in.hsd)

Reading SK-files:
  /home/andersx/parameters/3ob-3-1/C-C.skf
  /home/andersx/parameters/3ob-3-1/C-O.skf
  /home/andersx/parameters/3ob-3-1/C-N.skf
  /home/andersx/parameters/3ob-3-1/C-H.skf
  /home/andersx/parameters/3ob-3-1/O-C.skf
  /home/andersx/parameters/3ob-3-1/O-O.skf
  /home/andersx/parameters/3ob-3-1/O-N.skf
  /home/andersx/parameters/3ob-3-1/O-H.skf
  /home/andersx/parameters/3ob-3-1/N-C.skf
  /home/andersx/parameters/3ob-3-1/N-O.skf
  /home/andersx/parameters/3ob-3-1/N-N.skf
  /home/andersx/parameters/3ob-3-1/N-H.skf
  /home/andersx/parameters/3ob-3-1/H-C.skf
  /home/andersx/parameters/3ob-3-1/H-O.skf
  /home/andersx/parameters/3ob-3-1/H-N.skf
  /home/andersx/parameters/3ob-3-1/H-H.skf
Done.

Starting initialization...
--------------------------------------------------------------------------------
Mode:                        Static calculation
Self consistent charges:     Yes
SCC-tolerance:                 0.100000E-05
Max. scc iterations:                    100
Ewald alpha parameter:         0.000000E+00
Spin polarisation:           No
Nr. of up electrons:            19.000000
Nr. of down electrons:          19.000000
Periodic boundaries:         No
Diagonalizer:                Divide and Conquer
Mixer:                       Anderson mixer
Mixing parameter:                  0.200000
Maximal SCC-cycles:                     100
Nr. of chrg. vectors to mix:              8
Electronic temperature:        0.100000E-07
Initial charges:             Set automatically (system chrg:   0.000E+00)
Included shells:              C:  s, p
                              O:  s, p
                              N:  s, p
                              H:  s
Full 3rd order correction    Yes
Damped SCC                   Yes
Damped specie(s):            H                                                 
Extra options:
--------------------------------------------------------------------------------
 

********************************************************************************
** Geometry step: 0
********************************************************************************

  iSCC Total electronic   Diff electronic      SCC error    
    1   -0.17406885E+02    0.00000000E+00    0.43927907E+00
    2   -0.17408079E+02   -0.11943890E-02    0.43180009E+00
    3   -0.17434869E+02   -0.26789568E-01    0.15812410E+00
    4   -0.17435146E+02   -0.27676935E-03    0.15450429E+00
    5   -0.17436288E+02   -0.11418415E-02    0.23741929E-01
    6   -0.17436325E+02   -0.37144787E-04    0.25733313E-01
    7   -0.17436356E+02   -0.31227112E-04    0.10829931E-01
    8   -0.17436367E+02   -0.11481811E-04    0.36728138E-02
    9   -0.17436368E+02   -0.41724930E-06    0.30552864E-02
   10   -0.17436369E+02   -0.61756325E-06    0.98877897E-03
   11   -0.17436369E+02   -0.12908831E-07    0.63204386E-03
   12   -0.17436369E+02   -0.36567108E-07    0.66927193E-04
   13   -0.17436369E+02   -0.28274272E-09    0.15744592E-04
   14   -0.17436369E+02   -0.19753088E-10    0.29145507E-05
   15   -0.17436369E+02   -0.25934810E-12    0.21137386E-06
>> Charges saved for restart in charges.bin
 
 Total Energy:                     -17.0765117402 H
 Total Mermin free energy:         -17.0765117402 H
