================================================================================
==
==   Density Functional based Tight Binding with a lot of extensions (DFTB+)    
==
==                              Release: 1.2 (p2)
==
==                            (ParserVersion = 4)
==
================================================================================


********************************************************************************
** Parsing and initializing
********************************************************************************

Interpreting input file 'dftb_in.hsd'
--------------------------------------------------------------------------------
WARNING!
-> WriteHSDInput and WriteXMLInput both turned off. You won't eventually be 
 able to obtain the same results with a later version of the code!
Path: dftb_in/ParserOptions
Line: 84-87 (File: dftb_in.hsd)

Reading SK-files:
  /home/andersx/parameters/3ob-3-1/C-C.skf
  /home/andersx/parameters/3ob-3-1/C-N.skf
  /home/andersx/parameters/3ob-3-1/C-O.skf
  /home/andersx/parameters/3ob-3-1/C-H.skf
  /home/andersx/parameters/3ob-3-1/N-C.skf
  /home/andersx/parameters/3ob-3-1/N-N.skf
  /home/andersx/parameters/3ob-3-1/N-O.skf
  /home/andersx/parameters/3ob-3-1/N-H.skf
  /home/andersx/parameters/3ob-3-1/O-C.skf
  /home/andersx/parameters/3ob-3-1/O-N.skf
  /home/andersx/parameters/3ob-3-1/O-O.skf
  /home/andersx/parameters/3ob-3-1/O-H.skf
  /home/andersx/parameters/3ob-3-1/H-C.skf
  /home/andersx/parameters/3ob-3-1/H-N.skf
  /home/andersx/parameters/3ob-3-1/H-O.skf
  /home/andersx/parameters/3ob-3-1/H-H.skf
Done.

Starting initialization...
--------------------------------------------------------------------------------
Mode:                        Static calculation
Self consistent charges:     Yes
SCC-tolerance:                 0.100000E-05
Max. scc iterations:                    100
Ewald alpha parameter:         0.000000E+00
Spin polarisation:           No
Nr. of up electrons:            20.000000
Nr. of down electrons:          20.000000
Periodic boundaries:         No
Diagonalizer:                Divide and Conquer
Mixer:                       Anderson mixer
Mixing parameter:                  0.200000
Maximal SCC-cycles:                     100
Nr. of chrg. vectors to mix:              8
Electronic temperature:        0.100000E-07
Initial charges:             Set automatically (system chrg:   0.000E+00)
Included shells:              C:  s, p
                              N:  s, p
                              O:  s, p
                              H:  s
Full 3rd order correction    Yes
Damped SCC                   Yes
Damped specie(s):            H                                                 
Extra options:
--------------------------------------------------------------------------------
 

********************************************************************************
** Geometry step: 0
********************************************************************************

  iSCC Total electronic   Diff electronic      SCC error    
    1   -0.17637505E+02    0.00000000E+00    0.67395208E+00
    2   -0.17638260E+02   -0.75463595E-03    0.66241642E+00
    3   -0.17658315E+02   -0.20054866E-01    0.11033259E+00
    4   -0.17658234E+02    0.80078505E-04    0.10614364E+00
    5   -0.17658534E+02   -0.29978167E-03    0.31192488E-01
    6   -0.17658571E+02   -0.37173919E-04    0.73687307E-02
    7   -0.17658571E+02   -0.87283318E-08    0.73531263E-02
    8   -0.17658574E+02   -0.26434834E-05    0.51847327E-03
    9   -0.17658574E+02   -0.88918028E-08    0.55010351E-03
   10   -0.17658574E+02   -0.18446443E-07    0.22723680E-03
   11   -0.17658574E+02   -0.11695214E-08    0.78581351E-04
   12   -0.17658574E+02   -0.91791463E-10    0.18789142E-04
   13   -0.17658574E+02   -0.97273301E-11    0.18025516E-05
   14   -0.17658574E+02   -0.63948846E-13    0.28864606E-06
>> Charges saved for restart in charges.bin
 
 Total Energy:                     -17.5921611898 H
 Total Mermin free energy:         -17.5921611898 H
