================================================================================
==
==   Density Functional based Tight Binding with a lot of extensions (DFTB+)    
==
==                              Release: 1.2 (p2)
==
==                            (ParserVersion = 4)
==
================================================================================


********************************************************************************
** Parsing and initializing
********************************************************************************

Interpreting input file 'dftb_in.hsd'
--------------------------------------------------------------------------------
WARNING!
-> WriteHSDInput and WriteXMLInput both turned off. You won't eventually be 
 able to obtain the same results with a later version of the code!
Path: dftb_in/ParserOptions
Line: 84-87 (File: dftb_in.hsd)

Reading SK-files:
  /home/andersx/parameters/3ob-3-1/C-C.skf
  /home/andersx/parameters/3ob-3-1/C-N.skf
  /home/andersx/parameters/3ob-3-1/C-O.skf
  /home/andersx/parameters/3ob-3-1/C-H.skf
  /home/andersx/parameters/3ob-3-1/N-C.skf
  /home/andersx/parameters/3ob-3-1/N-N.skf
  /home/andersx/parameters/3ob-3-1/N-O.skf
  /home/andersx/parameters/3ob-3-1/N-H.skf
  /home/andersx/parameters/3ob-3-1/O-C.skf
  /home/andersx/parameters/3ob-3-1/O-N.skf
  /home/andersx/parameters/3ob-3-1/O-O.skf
  /home/andersx/parameters/3ob-3-1/O-H.skf
  /home/andersx/parameters/3ob-3-1/H-C.skf
  /home/andersx/parameters/3ob-3-1/H-N.skf
  /home/andersx/parameters/3ob-3-1/H-O.skf
  /home/andersx/parameters/3ob-3-1/H-H.skf
Done.

Starting initialization...
--------------------------------------------------------------------------------
Mode:                        Static calculation
Self consistent charges:     Yes
SCC-tolerance:                 0.100000E-05
Max. scc iterations:                    100
Ewald alpha parameter:         0.000000E+00
Spin polarisation:           No
Nr. of up electrons:            20.000000
Nr. of down electrons:          20.000000
Periodic boundaries:         No
Diagonalizer:                Divide and Conquer
Mixer:                       Anderson mixer
Mixing parameter:                  0.200000
Maximal SCC-cycles:                     100
Nr. of chrg. vectors to mix:              8
Electronic temperature:        0.100000E-07
Initial charges:             Set automatically (system chrg:   0.000E+00)
Included shells:              C:  s, p
                              N:  s, p
                              O:  s, p
                              H:  s
Full 3rd order correction    Yes
Damped SCC                   Yes
Damped specie(s):            H                                                 
Extra options:
--------------------------------------------------------------------------------
 

********************************************************************************
** Geometry step: 0
********************************************************************************

  iSCC Total electronic   Diff electronic      SCC error    
    1   -0.17782847E+02    0.00000000E+00    0.91095040E+00
    2   -0.17783815E+02   -0.96769206E-03    0.89633510E+00
    3   -0.17807119E+02   -0.23304423E-01    0.26538108E+00
    4   -0.17807581E+02   -0.46151254E-03    0.26444475E+00
    5   -0.17809356E+02   -0.17748453E-02    0.24481824E-01
    6   -0.17809380E+02   -0.24145221E-04    0.21558591E-01
    7   -0.17809409E+02   -0.29403883E-04    0.19575280E-01
    8   -0.17809414E+02   -0.42652617E-05    0.31564974E-02
    9   -0.17809414E+02   -0.16428917E-06    0.32316518E-02
   10   -0.17809414E+02   -0.32179075E-06    0.10562296E-02
   11   -0.17809414E+02   -0.44659174E-08    0.68096692E-03
   12   -0.17809414E+02   -0.64143713E-08    0.33845196E-04
   13   -0.17809414E+02   -0.96569863E-10    0.11101407E-04
   14   -0.17809414E+02   -0.52402527E-11    0.15045978E-05
   15   -0.17809414E+02   -0.28421709E-13    0.50716537E-06
>> Charges saved for restart in charges.bin
 
 Total Energy:                     -17.6440281404 H
 Total Mermin free energy:         -17.6440281404 H
