================================================================================
==
==   Density Functional based Tight Binding with a lot of extensions (DFTB+)    
==
==                              Release: 1.2 (p2)
==
==                            (ParserVersion = 4)
==
================================================================================


********************************************************************************
** Parsing and initializing
********************************************************************************

Interpreting input file 'dftb_in.hsd'
--------------------------------------------------------------------------------
WARNING!
-> WriteHSDInput and WriteXMLInput both turned off. You won't eventually be 
 able to obtain the same results with a later version of the code!
Path: dftb_in/ParserOptions
Line: 82-85 (File: dftb_in.hsd)

Reading SK-files:
  /home/andersx/parameters/3ob-3-1/C-C.skf
  /home/andersx/parameters/3ob-3-1/C-N.skf
  /home/andersx/parameters/3ob-3-1/C-O.skf
  /home/andersx/parameters/3ob-3-1/C-H.skf
  /home/andersx/parameters/3ob-3-1/N-C.skf
  /home/andersx/parameters/3ob-3-1/N-N.skf
  /home/andersx/parameters/3ob-3-1/N-O.skf
  /home/andersx/parameters/3ob-3-1/N-H.skf
  /home/andersx/parameters/3ob-3-1/O-C.skf
  /home/andersx/parameters/3ob-3-1/O-N.skf
  /home/andersx/parameters/3ob-3-1/O-O.skf
  /home/andersx/parameters/3ob-3-1/O-H.skf
  /home/andersx/parameters/3ob-3-1/H-C.skf
  /home/andersx/parameters/3ob-3-1/H-N.skf
  /home/andersx/parameters/3ob-3-1/H-O.skf
  /home/andersx/parameters/3ob-3-1/H-H.skf
Done.

Starting initialization...
--------------------------------------------------------------------------------
Mode:                        Static calculation
Self consistent charges:     Yes
SCC-tolerance:                 0.100000E-05
Max. scc iterations:                    100
Ewald alpha parameter:         0.000000E+00
Spin polarisation:           No
Nr. of up electrons:            19.000000
Nr. of down electrons:          19.000000
Periodic boundaries:         No
Diagonalizer:                Divide and Conquer
Mixer:                       Anderson mixer
Mixing parameter:                  0.200000
Maximal SCC-cycles:                     100
Nr. of chrg. vectors to mix:              8
Electronic temperature:        0.100000E-07
Initial charges:             Set automatically (system chrg:   0.000E+00)
Included shells:              C:  s, p
                              N:  s, p
                              O:  s, p
                              H:  s
Full 3rd order correction    Yes
Damped SCC                   Yes
Damped specie(s):            H                                                 
Extra options:
--------------------------------------------------------------------------------
 

********************************************************************************
** Geometry step: 0
********************************************************************************

  iSCC Total electronic   Diff electronic      SCC error    
    1   -0.17136787E+02    0.00000000E+00    0.50581015E+00
    2   -0.17137011E+02   -0.22446348E-03    0.49920024E+00
    3   -0.17142455E+02   -0.54436638E-02    0.17099592E+00
    4   -0.17142229E+02    0.22603767E-03    0.15585401E+00
    5   -0.17142609E+02   -0.37978329E-03    0.69516038E-01
    6   -0.17143020E+02   -0.41075700E-03    0.22620581E-01
    7   -0.17143018E+02    0.11714618E-05    0.23176937E-01
    8   -0.17143042E+02   -0.23571457E-04    0.34685456E-02
    9   -0.17143042E+02    0.40187444E-08    0.87247965E-03
   10   -0.17143042E+02   -0.13948810E-07    0.12720179E-02
   11   -0.17143042E+02   -0.14660671E-07    0.52171833E-03
   12   -0.17143042E+02   -0.13617992E-07    0.12488683E-03
   13   -0.17143042E+02   -0.71524653E-09    0.69202029E-04
   14   -0.17143042E+02   -0.36300918E-09    0.21235429E-04
   15   -0.17143042E+02   -0.56665783E-11    0.30690022E-05
   16   -0.17143042E+02   -0.21316282E-13    0.29037994E-06
>> Charges saved for restart in charges.bin
 
 Total Energy:                     -16.8849428132 H
 Total Mermin free energy:         -16.8849428132 H
