================================================================================
==
==   Density Functional based Tight Binding with a lot of extensions (DFTB+)    
==
==                              Release: 1.2 (p2)
==
==                            (ParserVersion = 4)
==
================================================================================


********************************************************************************
** Parsing and initializing
********************************************************************************

Interpreting input file 'dftb_in.hsd'
--------------------------------------------------------------------------------
WARNING!
-> WriteHSDInput and WriteXMLInput both turned off. You won't eventually be 
 able to obtain the same results with a later version of the code!
Path: dftb_in/ParserOptions
Line: 82-85 (File: dftb_in.hsd)

Reading SK-files:
  /home/andersx/parameters/3ob-3-1/C-C.skf
  /home/andersx/parameters/3ob-3-1/C-O.skf
  /home/andersx/parameters/3ob-3-1/C-N.skf
  /home/andersx/parameters/3ob-3-1/C-H.skf
  /home/andersx/parameters/3ob-3-1/O-C.skf
  /home/andersx/parameters/3ob-3-1/O-O.skf
  /home/andersx/parameters/3ob-3-1/O-N.skf
  /home/andersx/parameters/3ob-3-1/O-H.skf
  /home/andersx/parameters/3ob-3-1/N-C.skf
  /home/andersx/parameters/3ob-3-1/N-O.skf
  /home/andersx/parameters/3ob-3-1/N-N.skf
  /home/andersx/parameters/3ob-3-1/N-H.skf
  /home/andersx/parameters/3ob-3-1/H-C.skf
  /home/andersx/parameters/3ob-3-1/H-O.skf
  /home/andersx/parameters/3ob-3-1/H-N.skf
  /home/andersx/parameters/3ob-3-1/H-H.skf
Done.

Starting initialization...
--------------------------------------------------------------------------------
Mode:                        Static calculation
Self consistent charges:     Yes
SCC-tolerance:                 0.100000E-05
Max. scc iterations:                    100
Ewald alpha parameter:         0.000000E+00
Spin polarisation:           No
Nr. of up electrons:            20.000000
Nr. of down electrons:          20.000000
Periodic boundaries:         No
Diagonalizer:                Divide and Conquer
Mixer:                       Anderson mixer
Mixing parameter:                  0.200000
Maximal SCC-cycles:                     100
Nr. of chrg. vectors to mix:              8
Electronic temperature:        0.100000E-07
Initial charges:             Set automatically (system chrg:   0.000E+00)
Included shells:              C:  s, p
                              O:  s, p
                              N:  s, p
                              H:  s
Full 3rd order correction    Yes
Damped SCC                   Yes
Damped specie(s):            H                                                 
Extra options:
--------------------------------------------------------------------------------
 

********************************************************************************
** Geometry step: 0
********************************************************************************

  iSCC Total electronic   Diff electronic      SCC error    
    1   -0.18611172E+02    0.00000000E+00    0.83114470E+00
    2   -0.18612181E+02   -0.10089651E-02    0.81725928E+00
    3   -0.18635365E+02   -0.23183330E-01    0.15151863E+00
    4   -0.18635796E+02   -0.43143682E-03    0.14956344E+00
    5   -0.18638171E+02   -0.23753843E-02    0.37444428E-01
    6   -0.18638213E+02   -0.41848158E-04    0.25724211E-01
    7   -0.18638249E+02   -0.35660196E-04    0.14890720E-01
    8   -0.18638261E+02   -0.12513751E-04    0.56814700E-02
    9   -0.18638262E+02   -0.27025959E-06    0.48638318E-02
   10   -0.18638262E+02   -0.71612727E-06    0.37257759E-03
   11   -0.18638262E+02   -0.62673493E-08    0.20608745E-03
   12   -0.18638262E+02   -0.42599133E-08    0.12256771E-04
   13   -0.18638262E+02   -0.46235016E-10    0.27416726E-05
   14   -0.18638262E+02   -0.92725827E-12    0.66588150E-06
>> Charges saved for restart in charges.bin
 
 Total Energy:                     -18.3936356061 H
 Total Mermin free energy:         -18.3936356061 H
