================================================================================
==
==   Density Functional based Tight Binding with a lot of extensions (DFTB+)    
==
==                              Release: 1.2 (p2)
==
==                            (ParserVersion = 4)
==
================================================================================


********************************************************************************
** Parsing and initializing
********************************************************************************

Interpreting input file 'dftb_in.hsd'
--------------------------------------------------------------------------------
WARNING!
-> WriteHSDInput and WriteXMLInput both turned off. You won't eventually be 
 able to obtain the same results with a later version of the code!
Path: dftb_in/ParserOptions
Line: 84-87 (File: dftb_in.hsd)

Reading SK-files:
  /home/andersx/parameters/3ob-3-1/C-C.skf
  /home/andersx/parameters/3ob-3-1/C-O.skf
  /home/andersx/parameters/3ob-3-1/C-N.skf
  /home/andersx/parameters/3ob-3-1/C-H.skf
  /home/andersx/parameters/3ob-3-1/O-C.skf
  /home/andersx/parameters/3ob-3-1/O-O.skf
  /home/andersx/parameters/3ob-3-1/O-N.skf
  /home/andersx/parameters/3ob-3-1/O-H.skf
  /home/andersx/parameters/3ob-3-1/N-C.skf
  /home/andersx/parameters/3ob-3-1/N-O.skf
  /home/andersx/parameters/3ob-3-1/N-N.skf
  /home/andersx/parameters/3ob-3-1/N-H.skf
  /home/andersx/parameters/3ob-3-1/H-C.skf
  /home/andersx/parameters/3ob-3-1/H-O.skf
  /home/andersx/parameters/3ob-3-1/H-N.skf
  /home/andersx/parameters/3ob-3-1/H-H.skf
Done.

Starting initialization...
--------------------------------------------------------------------------------
Mode:                        Static calculation
Self consistent charges:     Yes
SCC-tolerance:                 0.100000E-05
Max. scc iterations:                    100
Ewald alpha parameter:         0.000000E+00
Spin polarisation:           No
Nr. of up electrons:            20.000000
Nr. of down electrons:          20.000000
Periodic boundaries:         No
Diagonalizer:                Divide and Conquer
Mixer:                       Anderson mixer
Mixing parameter:                  0.200000
Maximal SCC-cycles:                     100
Nr. of chrg. vectors to mix:              8
Electronic temperature:        0.100000E-07
Initial charges:             Set automatically (system chrg:   0.000E+00)
Included shells:              C:  s, p
                              O:  s, p
                              N:  s, p
                              H:  s
Full 3rd order correction    Yes
Damped SCC                   Yes
Damped specie(s):            H                                                 
Extra options:
--------------------------------------------------------------------------------
 

********************************************************************************
** Geometry step: 0
********************************************************************************

  iSCC Total electronic   Diff electronic      SCC error    
    1   -0.17661303E+02    0.00000000E+00    0.39140824E+00
    2   -0.17661868E+02   -0.56451426E-03    0.38441462E+00
    3   -0.17674570E+02   -0.12702056E-01    0.13275509E+00
    4   -0.17674602E+02   -0.32108562E-04    0.13019552E+00
    5   -0.17675161E+02   -0.55975130E-03    0.27008660E-01
    6   -0.17675159E+02    0.29689972E-05    0.27223746E-01
    7   -0.17675190E+02   -0.31052515E-04    0.81414358E-02
    8   -0.17675192E+02   -0.23128637E-05    0.20314492E-02
    9   -0.17675192E+02   -0.12958524E-06    0.25472131E-02
   10   -0.17675193E+02   -0.54675661E-06    0.37506025E-03
   11   -0.17675193E+02   -0.52451732E-08    0.21200813E-03
   12   -0.17675193E+02   -0.12718289E-08    0.14184427E-04
   13   -0.17675193E+02   -0.17053026E-10    0.33094515E-05
   14   -0.17675193E+02   -0.37658765E-12    0.53566833E-06
>> Charges saved for restart in charges.bin
 
 Total Energy:                     -17.5807270330 H
 Total Mermin free energy:         -17.5807270330 H
