================================================================================
==
==   Density Functional based Tight Binding with a lot of extensions (DFTB+)    
==
==                              Release: 1.2 (p2)
==
==                            (ParserVersion = 4)
==
================================================================================


********************************************************************************
** Parsing and initializing
********************************************************************************

Interpreting input file 'dftb_in.hsd'
--------------------------------------------------------------------------------
WARNING!
-> WriteHSDInput and WriteXMLInput both turned off. You won't eventually be 
 able to obtain the same results with a later version of the code!
Path: dftb_in/ParserOptions
Line: 83-86 (File: dftb_in.hsd)

Reading SK-files:
  /home/andersx/parameters/3ob-3-1/C-C.skf
  /home/andersx/parameters/3ob-3-1/C-O.skf
  /home/andersx/parameters/3ob-3-1/C-N.skf
  /home/andersx/parameters/3ob-3-1/C-H.skf
  /home/andersx/parameters/3ob-3-1/O-C.skf
  /home/andersx/parameters/3ob-3-1/O-O.skf
  /home/andersx/parameters/3ob-3-1/O-N.skf
  /home/andersx/parameters/3ob-3-1/O-H.skf
  /home/andersx/parameters/3ob-3-1/N-C.skf
  /home/andersx/parameters/3ob-3-1/N-O.skf
  /home/andersx/parameters/3ob-3-1/N-N.skf
  /home/andersx/parameters/3ob-3-1/N-H.skf
  /home/andersx/parameters/3ob-3-1/H-C.skf
  /home/andersx/parameters/3ob-3-1/H-O.skf
  /home/andersx/parameters/3ob-3-1/H-N.skf
  /home/andersx/parameters/3ob-3-1/H-H.skf
Done.

Starting initialization...
--------------------------------------------------------------------------------
Mode:                        Static calculation
Self consistent charges:     Yes
SCC-tolerance:                 0.100000E-05
Max. scc iterations:                    100
Ewald alpha parameter:         0.000000E+00
Spin polarisation:           No
Nr. of up electrons:            20.000000
Nr. of down electrons:          20.000000
Periodic boundaries:         No
Diagonalizer:                Divide and Conquer
Mixer:                       Anderson mixer
Mixing parameter:                  0.200000
Maximal SCC-cycles:                     100
Nr. of chrg. vectors to mix:              8
Electronic temperature:        0.100000E-07
Initial charges:             Set automatically (system chrg:   0.000E+00)
Included shells:              C:  s, p
                              O:  s, p
                              N:  s, p
                              H:  s
Full 3rd order correction    Yes
Damped SCC                   Yes
Damped specie(s):            H                                                 
Extra options:
--------------------------------------------------------------------------------
 

********************************************************************************
** Geometry step: 0
********************************************************************************

  iSCC Total electronic   Diff electronic      SCC error    
    1   -0.18172272E+02    0.00000000E+00    0.87385145E+00
    2   -0.18173126E+02   -0.85397035E-03    0.85972889E+00
    3   -0.18193746E+02   -0.20619679E-01    0.20082986E+00
    4   -0.18194066E+02   -0.32011910E-03    0.19647621E+00
    5   -0.18195687E+02   -0.16208471E-02    0.21031564E-01
    6   -0.18195714E+02   -0.27253591E-04    0.22128253E-01
    7   -0.18195741E+02   -0.27117747E-04    0.13978682E-01
    8   -0.18195743E+02   -0.19015757E-05    0.36759338E-02
    9   -0.18195744E+02   -0.34470571E-06    0.33194384E-02
   10   -0.18195744E+02   -0.59521831E-06    0.41855322E-03
   11   -0.18195744E+02   -0.33510155E-08    0.20755212E-03
   12   -0.18195744E+02   -0.17410997E-08    0.12561797E-04
   13   -0.18195744E+02   -0.13791635E-10    0.21441696E-05
   14   -0.18195744E+02   -0.26290081E-12    0.35242768E-06
>> Charges saved for restart in charges.bin
 
 Total Energy:                     -17.9117925371 H
 Total Mermin free energy:         -17.9117925371 H
