================================================================================
==
==   Density Functional based Tight Binding with a lot of extensions (DFTB+)    
==
==                              Release: 1.2 (p2)
==
==                            (ParserVersion = 4)
==
================================================================================


********************************************************************************
** Parsing and initializing
********************************************************************************

Interpreting input file 'dftb_in.hsd'
--------------------------------------------------------------------------------
WARNING!
-> WriteHSDInput and WriteXMLInput both turned off. You won't eventually be 
 able to obtain the same results with a later version of the code!
Path: dftb_in/ParserOptions
Line: 80-83 (File: dftb_in.hsd)

Reading SK-files:
  /home/andersx/parameters/3ob-3-1/C-C.skf
  /home/andersx/parameters/3ob-3-1/C-O.skf
  /home/andersx/parameters/3ob-3-1/C-N.skf
  /home/andersx/parameters/3ob-3-1/C-H.skf
  /home/andersx/parameters/3ob-3-1/O-C.skf
  /home/andersx/parameters/3ob-3-1/O-O.skf
  /home/andersx/parameters/3ob-3-1/O-N.skf
  /home/andersx/parameters/3ob-3-1/O-H.skf
  /home/andersx/parameters/3ob-3-1/N-C.skf
  /home/andersx/parameters/3ob-3-1/N-O.skf
  /home/andersx/parameters/3ob-3-1/N-N.skf
  /home/andersx/parameters/3ob-3-1/N-H.skf
  /home/andersx/parameters/3ob-3-1/H-C.skf
  /home/andersx/parameters/3ob-3-1/H-O.skf
  /home/andersx/parameters/3ob-3-1/H-N.skf
  /home/andersx/parameters/3ob-3-1/H-H.skf
Done.

Starting initialization...
--------------------------------------------------------------------------------
Mode:                        Static calculation
Self consistent charges:     Yes
SCC-tolerance:                 0.100000E-05
Max. scc iterations:                    100
Ewald alpha parameter:         0.000000E+00
Spin polarisation:           No
Nr. of up electrons:            19.000000
Nr. of down electrons:          19.000000
Periodic boundaries:         No
Diagonalizer:                Divide and Conquer
Mixer:                       Anderson mixer
Mixing parameter:                  0.200000
Maximal SCC-cycles:                     100
Nr. of chrg. vectors to mix:              8
Electronic temperature:        0.100000E-07
Initial charges:             Set automatically (system chrg:   0.000E+00)
Included shells:              C:  s, p
                              O:  s, p
                              N:  s, p
                              H:  s
Full 3rd order correction    Yes
Damped SCC                   Yes
Damped specie(s):            H                                                 
Extra options:
--------------------------------------------------------------------------------
 

********************************************************************************
** Geometry step: 0
********************************************************************************

  iSCC Total electronic   Diff electronic      SCC error    
    1   -0.17971073E+02    0.00000000E+00    0.94311269E+00
    2   -0.17972458E+02   -0.13855792E-02    0.92799832E+00
    3   -0.18001167E+02   -0.28708505E-01    0.24103615E+00
    4   -0.18002478E+02   -0.13112294E-02    0.22673984E+00
    5   -0.18006489E+02   -0.40107500E-02    0.10308483E+00
    6   -0.18006792E+02   -0.30356899E-03    0.67074621E-01
    7   -0.18006769E+02    0.23077711E-04    0.61071282E-01
    8   -0.18007032E+02   -0.26219276E-03    0.83906046E-02
    9   -0.18007032E+02   -0.80639150E-06    0.84207140E-02
   10   -0.18007034E+02   -0.18224374E-05    0.14062767E-02
   11   -0.18007034E+02   -0.80695877E-07    0.88133414E-03
   12   -0.18007034E+02   -0.27712911E-07    0.12355568E-03
   13   -0.18007034E+02   -0.82743412E-09    0.37765582E-04
   14   -0.18007034E+02   -0.20858337E-09    0.43321427E-05
   15   -0.18007034E+02   -0.55422333E-12    0.91964314E-06
>> Charges saved for restart in charges.bin
 
 Total Energy:                     -17.6680446352 H
 Total Mermin free energy:         -17.6680446352 H
