================================================================================
==
==   Density Functional based Tight Binding with a lot of extensions (DFTB+)    
==
==                              Release: 1.2 (p2)
==
==                            (ParserVersion = 4)
==
================================================================================


********************************************************************************
** Parsing and initializing
********************************************************************************

Interpreting input file 'dftb_in.hsd'
--------------------------------------------------------------------------------
WARNING!
-> WriteHSDInput and WriteXMLInput both turned off. You won't eventually be 
 able to obtain the same results with a later version of the code!
Path: dftb_in/ParserOptions
Line: 80-83 (File: dftb_in.hsd)

Reading SK-files:
  /home/andersx/parameters/3ob-3-1/C-C.skf
  /home/andersx/parameters/3ob-3-1/C-O.skf
  /home/andersx/parameters/3ob-3-1/C-N.skf
  /home/andersx/parameters/3ob-3-1/C-H.skf
  /home/andersx/parameters/3ob-3-1/O-C.skf
  /home/andersx/parameters/3ob-3-1/O-O.skf
  /home/andersx/parameters/3ob-3-1/O-N.skf
  /home/andersx/parameters/3ob-3-1/O-H.skf
  /home/andersx/parameters/3ob-3-1/N-C.skf
  /home/andersx/parameters/3ob-3-1/N-O.skf
  /home/andersx/parameters/3ob-3-1/N-N.skf
  /home/andersx/parameters/3ob-3-1/N-H.skf
  /home/andersx/parameters/3ob-3-1/H-C.skf
  /home/andersx/parameters/3ob-3-1/H-O.skf
  /home/andersx/parameters/3ob-3-1/H-N.skf
  /home/andersx/parameters/3ob-3-1/H-H.skf
Done.

Starting initialization...
--------------------------------------------------------------------------------
Mode:                        Static calculation
Self consistent charges:     Yes
SCC-tolerance:                 0.100000E-05
Max. scc iterations:                    100
Ewald alpha parameter:         0.000000E+00
Spin polarisation:           No
Nr. of up electrons:            19.000000
Nr. of down electrons:          19.000000
Periodic boundaries:         No
Diagonalizer:                Divide and Conquer
Mixer:                       Anderson mixer
Mixing parameter:                  0.200000
Maximal SCC-cycles:                     100
Nr. of chrg. vectors to mix:              8
Electronic temperature:        0.100000E-07
Initial charges:             Set automatically (system chrg:   0.000E+00)
Included shells:              C:  s, p
                              O:  s, p
                              N:  s, p
                              H:  s
Full 3rd order correction    Yes
Damped SCC                   Yes
Damped specie(s):            H                                                 
Extra options:
--------------------------------------------------------------------------------
 

********************************************************************************
** Geometry step: 0
********************************************************************************

  iSCC Total electronic   Diff electronic      SCC error    
    1   -0.17986598E+02    0.00000000E+00    0.87719360E+00
    2   -0.17988236E+02   -0.16378400E-02    0.86288066E+00
    3   -0.18016557E+02   -0.28321389E-01    0.24289596E+00
    4   -0.18018833E+02   -0.22761772E-02    0.22099586E+00
    5   -0.18023957E+02   -0.51234322E-02    0.10998594E+00
    6   -0.18026061E+02   -0.21041700E-02    0.74976935E-01
    7   -0.18026053E+02    0.78749135E-05    0.73136031E-01
    8   -0.18026169E+02   -0.11567797E-03    0.11288987E-01
    9   -0.18026167E+02    0.21964425E-05    0.10689662E-01
   10   -0.18026171E+02   -0.38939779E-05    0.60388533E-02
   11   -0.18026172E+02   -0.12932447E-05    0.30675771E-02
   12   -0.18026172E+02   -0.24808345E-06    0.64186683E-03
   13   -0.18026172E+02   -0.99434594E-08    0.42298820E-03
   14   -0.18026172E+02   -0.18627393E-07    0.51001420E-04
   15   -0.18026172E+02   -0.41595172E-10    0.23773347E-04
   16   -0.18026172E+02   -0.65085715E-11    0.70703723E-06
>> Charges saved for restart in charges.bin
 
 Total Energy:                     -17.6749396297 H
 Total Mermin free energy:         -17.6749396297 H
