================================================================================
==
==   Density Functional based Tight Binding with a lot of extensions (DFTB+)    
==
==                              Release: 1.2 (p2)
==
==                            (ParserVersion = 4)
==
================================================================================


********************************************************************************
** Parsing and initializing
********************************************************************************

Interpreting input file 'dftb_in.hsd'
--------------------------------------------------------------------------------
WARNING!
-> WriteHSDInput and WriteXMLInput both turned off. You won't eventually be 
 able to obtain the same results with a later version of the code!
Path: dftb_in/ParserOptions
Line: 83-86 (File: dftb_in.hsd)

Reading SK-files:
  /home/andersx/parameters/3ob-3-1/C-C.skf
  /home/andersx/parameters/3ob-3-1/C-N.skf
  /home/andersx/parameters/3ob-3-1/C-O.skf
  /home/andersx/parameters/3ob-3-1/C-H.skf
  /home/andersx/parameters/3ob-3-1/N-C.skf
  /home/andersx/parameters/3ob-3-1/N-N.skf
  /home/andersx/parameters/3ob-3-1/N-O.skf
  /home/andersx/parameters/3ob-3-1/N-H.skf
  /home/andersx/parameters/3ob-3-1/O-C.skf
  /home/andersx/parameters/3ob-3-1/O-N.skf
  /home/andersx/parameters/3ob-3-1/O-O.skf
  /home/andersx/parameters/3ob-3-1/O-H.skf
  /home/andersx/parameters/3ob-3-1/H-C.skf
  /home/andersx/parameters/3ob-3-1/H-N.skf
  /home/andersx/parameters/3ob-3-1/H-O.skf
  /home/andersx/parameters/3ob-3-1/H-H.skf
Done.

Starting initialization...
--------------------------------------------------------------------------------
Mode:                        Static calculation
Self consistent charges:     Yes
SCC-tolerance:                 0.100000E-05
Max. scc iterations:                    100
Ewald alpha parameter:         0.000000E+00
Spin polarisation:           No
Nr. of up electrons:            20.000000
Nr. of down electrons:          20.000000
Periodic boundaries:         No
Diagonalizer:                Divide and Conquer
Mixer:                       Anderson mixer
Mixing parameter:                  0.200000
Maximal SCC-cycles:                     100
Nr. of chrg. vectors to mix:              8
Electronic temperature:        0.100000E-07
Initial charges:             Set automatically (system chrg:   0.000E+00)
Included shells:              C:  s, p
                              N:  s, p
                              O:  s, p
                              H:  s
Full 3rd order correction    Yes
Damped SCC                   Yes
Damped specie(s):            H                                                 
Extra options:
--------------------------------------------------------------------------------
 

********************************************************************************
** Geometry step: 0
********************************************************************************

  iSCC Total electronic   Diff electronic      SCC error    
    1   -0.18204780E+02    0.00000000E+00    0.91255831E+00
    2   -0.18205560E+02   -0.77993168E-03    0.89863974E+00
    3   -0.18225447E+02   -0.19886935E-01    0.23719151E+00
    4   -0.18225692E+02   -0.24492137E-03    0.23670967E+00
    5   -0.18227173E+02   -0.14813942E-02    0.29257828E-01
    6   -0.18227193E+02   -0.20452249E-04    0.26309753E-01
    7   -0.18227231E+02   -0.37306809E-04    0.12622313E-01
    8   -0.18227233E+02   -0.20142368E-05    0.16695232E-02
    9   -0.18227233E+02   -0.24993771E-07    0.12596320E-02
   10   -0.18227233E+02   -0.19288007E-06    0.29530830E-03
   11   -0.18227233E+02   -0.25950726E-08    0.17164605E-03
   12   -0.18227233E+02   -0.99729291E-09    0.33217909E-04
   13   -0.18227233E+02   -0.12004620E-10    0.58872537E-05
   14   -0.18227233E+02   -0.66080474E-12    0.97513508E-06
>> Charges saved for restart in charges.bin
 
 Total Energy:                     -17.9255172946 H
 Total Mermin free energy:         -17.9255172946 H
