================================================================================
==
==   Density Functional based Tight Binding with a lot of extensions (DFTB+)    
==
==                              Release: 1.2 (p2)
==
==                            (ParserVersion = 4)
==
================================================================================


********************************************************************************
** Parsing and initializing
********************************************************************************

Interpreting input file 'dftb_in.hsd'
--------------------------------------------------------------------------------
WARNING!
-> WriteHSDInput and WriteXMLInput both turned off. You won't eventually be 
 able to obtain the same results with a later version of the code!
Path: dftb_in/ParserOptions
Line: 86-89 (File: dftb_in.hsd)

Reading SK-files:
  /home/andersx/parameters/3ob-3-1/C-C.skf
  /home/andersx/parameters/3ob-3-1/C-N.skf
  /home/andersx/parameters/3ob-3-1/C-O.skf
  /home/andersx/parameters/3ob-3-1/C-H.skf
  /home/andersx/parameters/3ob-3-1/N-C.skf
  /home/andersx/parameters/3ob-3-1/N-N.skf
  /home/andersx/parameters/3ob-3-1/N-O.skf
  /home/andersx/parameters/3ob-3-1/N-H.skf
  /home/andersx/parameters/3ob-3-1/O-C.skf
  /home/andersx/parameters/3ob-3-1/O-N.skf
  /home/andersx/parameters/3ob-3-1/O-O.skf
  /home/andersx/parameters/3ob-3-1/O-H.skf
  /home/andersx/parameters/3ob-3-1/H-C.skf
  /home/andersx/parameters/3ob-3-1/H-N.skf
  /home/andersx/parameters/3ob-3-1/H-O.skf
  /home/andersx/parameters/3ob-3-1/H-H.skf
Done.

Starting initialization...
--------------------------------------------------------------------------------
Mode:                        Static calculation
Self consistent charges:     Yes
SCC-tolerance:                 0.100000E-05
Max. scc iterations:                    100
Ewald alpha parameter:         0.000000E+00
Spin polarisation:           No
Nr. of up electrons:            21.000000
Nr. of down electrons:          21.000000
Periodic boundaries:         No
Diagonalizer:                Divide and Conquer
Mixer:                       Anderson mixer
Mixing parameter:                  0.200000
Maximal SCC-cycles:                     100
Nr. of chrg. vectors to mix:              8
Electronic temperature:        0.100000E-07
Initial charges:             Set automatically (system chrg:   0.000E+00)
Included shells:              C:  s, p
                              N:  s, p
                              O:  s, p
                              H:  s
Full 3rd order correction    Yes
Damped SCC                   Yes
Damped specie(s):            H                                                 
Extra options:
--------------------------------------------------------------------------------
 

********************************************************************************
** Geometry step: 0
********************************************************************************

  iSCC Total electronic   Diff electronic      SCC error    
    1   -0.18433575E+02    0.00000000E+00    0.68430001E+00
    2   -0.18433729E+02   -0.15329695E-03    0.67529078E+00
    3   -0.18438046E+02   -0.43174636E-02    0.60970968E-01
    4   -0.18438003E+02    0.42572186E-04    0.37859435E-01
    5   -0.18437996E+02    0.73523365E-05    0.96410436E-01
    6   -0.18438121E+02   -0.12499102E-03    0.11747401E-01
    7   -0.18438119E+02    0.17875495E-05    0.11632007E-01
    8   -0.18438123E+02   -0.37552201E-05    0.10041238E-01
    9   -0.18438125E+02   -0.17479168E-05    0.94793002E-03
   10   -0.18438125E+02   -0.12423357E-07    0.79716943E-03
   11   -0.18438125E+02   -0.41430170E-07    0.90765611E-04
   12   -0.18438125E+02   -0.79192475E-09    0.49875533E-04
   13   -0.18438125E+02   -0.37970693E-09    0.13523076E-04
   14   -0.18438125E+02   -0.43200998E-11    0.83941220E-06
>> Charges saved for restart in charges.bin
 
 Total Energy:                     -18.3699950951 H
 Total Mermin free energy:         -18.3699950951 H
