================================================================================
==
==   Density Functional based Tight Binding with a lot of extensions (DFTB+)    
==
==                              Release: 1.2 (p2)
==
==                            (ParserVersion = 4)
==
================================================================================


********************************************************************************
** Parsing and initializing
********************************************************************************

Interpreting input file 'dftb_in.hsd'
--------------------------------------------------------------------------------
WARNING!
-> WriteHSDInput and WriteXMLInput both turned off. You won't eventually be 
 able to obtain the same results with a later version of the code!
Path: dftb_in/ParserOptions
Line: 84-87 (File: dftb_in.hsd)

Reading SK-files:
  /home/andersx/parameters/3ob-3-1/C-C.skf
  /home/andersx/parameters/3ob-3-1/C-N.skf
  /home/andersx/parameters/3ob-3-1/C-O.skf
  /home/andersx/parameters/3ob-3-1/C-H.skf
  /home/andersx/parameters/3ob-3-1/N-C.skf
  /home/andersx/parameters/3ob-3-1/N-N.skf
  /home/andersx/parameters/3ob-3-1/N-O.skf
  /home/andersx/parameters/3ob-3-1/N-H.skf
  /home/andersx/parameters/3ob-3-1/O-C.skf
  /home/andersx/parameters/3ob-3-1/O-N.skf
  /home/andersx/parameters/3ob-3-1/O-O.skf
  /home/andersx/parameters/3ob-3-1/O-H.skf
  /home/andersx/parameters/3ob-3-1/H-C.skf
  /home/andersx/parameters/3ob-3-1/H-N.skf
  /home/andersx/parameters/3ob-3-1/H-O.skf
  /home/andersx/parameters/3ob-3-1/H-H.skf
Done.

Starting initialization...
--------------------------------------------------------------------------------
Mode:                        Static calculation
Self consistent charges:     Yes
SCC-tolerance:                 0.100000E-05
Max. scc iterations:                    100
Ewald alpha parameter:         0.000000E+00
Spin polarisation:           No
Nr. of up electrons:            20.000000
Nr. of down electrons:          20.000000
Periodic boundaries:         No
Diagonalizer:                Divide and Conquer
Mixer:                       Anderson mixer
Mixing parameter:                  0.200000
Maximal SCC-cycles:                     100
Nr. of chrg. vectors to mix:              8
Electronic temperature:        0.100000E-07
Initial charges:             Set automatically (system chrg:   0.000E+00)
Included shells:              C:  s, p
                              N:  s, p
                              O:  s, p
                              H:  s
Full 3rd order correction    Yes
Damped SCC                   Yes
Damped specie(s):            H                                                 
Extra options:
--------------------------------------------------------------------------------
 

********************************************************************************
** Geometry step: 0
********************************************************************************

  iSCC Total electronic   Diff electronic      SCC error    
    1   -0.17720667E+02    0.00000000E+00    0.89290770E+00
    2   -0.17721710E+02   -0.10425594E-02    0.87818579E+00
    3   -0.17746749E+02   -0.25039241E-01    0.17877736E+00
    4   -0.17747059E+02   -0.31061553E-03    0.17377370E+00
    5   -0.17748515E+02   -0.14558000E-02    0.51900676E-01
    6   -0.17748580E+02   -0.64539432E-04    0.29510160E-01
    7   -0.17748586E+02   -0.65968233E-05    0.21417565E-01
    8   -0.17748595E+02   -0.89101312E-05    0.28609860E-02
    9   -0.17748595E+02   -0.16761282E-06    0.26001264E-02
   10   -0.17748596E+02   -0.33279139E-06    0.13927223E-02
   11   -0.17748596E+02   -0.25663329E-07    0.89462067E-03
   12   -0.17748596E+02   -0.55917926E-07    0.12757511E-03
   13   -0.17748596E+02   -0.20042243E-08    0.69039150E-04
   14   -0.17748596E+02   -0.57053029E-09    0.11337346E-04
   15   -0.17748596E+02   -0.29594105E-11    0.77454451E-06
>> Charges saved for restart in charges.bin
 
 Total Energy:                     -17.6241872277 H
 Total Mermin free energy:         -17.6241872277 H
