================================================================================
==
==   Density Functional based Tight Binding with a lot of extensions (DFTB+)    
==
==                              Release: 1.2 (p2)
==
==                            (ParserVersion = 4)
==
================================================================================


********************************************************************************
** Parsing and initializing
********************************************************************************

Interpreting input file 'dftb_in.hsd'
--------------------------------------------------------------------------------
WARNING!
-> WriteHSDInput and WriteXMLInput both turned off. You won't eventually be 
 able to obtain the same results with a later version of the code!
Path: dftb_in/ParserOptions
Line: 80-83 (File: dftb_in.hsd)

Reading SK-files:
  /home/andersx/parameters/3ob-3-1/C-C.skf
  /home/andersx/parameters/3ob-3-1/C-N.skf
  /home/andersx/parameters/3ob-3-1/C-O.skf
  /home/andersx/parameters/3ob-3-1/C-H.skf
  /home/andersx/parameters/3ob-3-1/N-C.skf
  /home/andersx/parameters/3ob-3-1/N-N.skf
  /home/andersx/parameters/3ob-3-1/N-O.skf
  /home/andersx/parameters/3ob-3-1/N-H.skf
  /home/andersx/parameters/3ob-3-1/O-C.skf
  /home/andersx/parameters/3ob-3-1/O-N.skf
  /home/andersx/parameters/3ob-3-1/O-O.skf
  /home/andersx/parameters/3ob-3-1/O-H.skf
  /home/andersx/parameters/3ob-3-1/H-C.skf
  /home/andersx/parameters/3ob-3-1/H-N.skf
  /home/andersx/parameters/3ob-3-1/H-O.skf
  /home/andersx/parameters/3ob-3-1/H-H.skf
Done.

Starting initialization...
--------------------------------------------------------------------------------
Mode:                        Static calculation
Self consistent charges:     Yes
SCC-tolerance:                 0.100000E-05
Max. scc iterations:                    100
Ewald alpha parameter:         0.000000E+00
Spin polarisation:           No
Nr. of up electrons:            18.000000
Nr. of down electrons:          18.000000
Periodic boundaries:         No
Diagonalizer:                Divide and Conquer
Mixer:                       Anderson mixer
Mixing parameter:                  0.200000
Maximal SCC-cycles:                     100
Nr. of chrg. vectors to mix:              8
Electronic temperature:        0.100000E-07
Initial charges:             Set automatically (system chrg:   0.000E+00)
Included shells:              C:  s, p
                              N:  s, p
                              O:  s, p
                              H:  s
Full 3rd order correction    Yes
Damped SCC                   Yes
Damped specie(s):            H                                                 
Extra options:
--------------------------------------------------------------------------------
 

********************************************************************************
** Geometry step: 0
********************************************************************************

  iSCC Total electronic   Diff electronic      SCC error    
    1   -0.16331157E+02    0.00000000E+00    0.67773381E+00
    2   -0.16331979E+02   -0.82229225E-03    0.66691525E+00
    3   -0.16353029E+02   -0.21050037E-01    0.12823533E+00
    4   -0.16353156E+02   -0.12672014E-03    0.11922767E+00
    5   -0.16353501E+02   -0.34503986E-03    0.31307071E-01
    6   -0.16353498E+02    0.31044948E-05    0.21138591E-01
    7   -0.16353516E+02   -0.17670239E-04    0.13805074E-01
    8   -0.16353537E+02   -0.21607358E-04    0.73596387E-02
    9   -0.16353537E+02   -0.34905688E-06    0.74359349E-02
   10   -0.16353540E+02   -0.25775006E-05    0.91847209E-03
   11   -0.16353540E+02   -0.15962200E-07    0.72383491E-03
   12   -0.16353540E+02   -0.30044859E-07    0.47897144E-04
   13   -0.16353540E+02   -0.14243184E-09    0.16224276E-04
   14   -0.16353540E+02   -0.10441426E-10    0.11512473E-05
   15   -0.16353540E+02   -0.60396133E-13    0.15780585E-06
>> Charges saved for restart in charges.bin
 
 Total Energy:                     -16.0831090052 H
 Total Mermin free energy:         -16.0831090052 H
