================================================================================
==
==   Density Functional based Tight Binding with a lot of extensions (DFTB+)    
==
==                              Release: 1.2 (p2)
==
==                            (ParserVersion = 4)
==
================================================================================


********************************************************************************
** Parsing and initializing
********************************************************************************

Interpreting input file 'dftb_in.hsd'
--------------------------------------------------------------------------------
WARNING!
-> WriteHSDInput and WriteXMLInput both turned off. You won't eventually be 
 able to obtain the same results with a later version of the code!
Path: dftb_in/ParserOptions
Line: 81-84 (File: dftb_in.hsd)

Reading SK-files:
  /home/andersx/parameters/3ob-3-1/C-C.skf
  /home/andersx/parameters/3ob-3-1/C-N.skf
  /home/andersx/parameters/3ob-3-1/C-O.skf
  /home/andersx/parameters/3ob-3-1/C-H.skf
  /home/andersx/parameters/3ob-3-1/N-C.skf
  /home/andersx/parameters/3ob-3-1/N-N.skf
  /home/andersx/parameters/3ob-3-1/N-O.skf
  /home/andersx/parameters/3ob-3-1/N-H.skf
  /home/andersx/parameters/3ob-3-1/O-C.skf
  /home/andersx/parameters/3ob-3-1/O-N.skf
  /home/andersx/parameters/3ob-3-1/O-O.skf
  /home/andersx/parameters/3ob-3-1/O-H.skf
  /home/andersx/parameters/3ob-3-1/H-C.skf
  /home/andersx/parameters/3ob-3-1/H-N.skf
  /home/andersx/parameters/3ob-3-1/H-O.skf
  /home/andersx/parameters/3ob-3-1/H-H.skf
Done.

Starting initialization...
--------------------------------------------------------------------------------
Mode:                        Static calculation
Self consistent charges:     Yes
SCC-tolerance:                 0.100000E-05
Max. scc iterations:                    100
Ewald alpha parameter:         0.000000E+00
Spin polarisation:           No
Nr. of up electrons:            19.000000
Nr. of down electrons:          19.000000
Periodic boundaries:         No
Diagonalizer:                Divide and Conquer
Mixer:                       Anderson mixer
Mixing parameter:                  0.200000
Maximal SCC-cycles:                     100
Nr. of chrg. vectors to mix:              8
Electronic temperature:        0.100000E-07
Initial charges:             Set automatically (system chrg:   0.000E+00)
Included shells:              C:  s, p
                              N:  s, p
                              O:  s, p
                              H:  s
Full 3rd order correction    Yes
Damped SCC                   Yes
Damped specie(s):            H                                                 
Extra options:
--------------------------------------------------------------------------------
 

********************************************************************************
** Geometry step: 0
********************************************************************************

  iSCC Total electronic   Diff electronic      SCC error    
    1   -0.17469764E+02    0.00000000E+00    0.62448774E+00
    2   -0.17470773E+02   -0.10089421E-02    0.61256091E+00
    3   -0.17491785E+02   -0.21011727E-01    0.15204937E+00
    4   -0.17491595E+02    0.18981970E-03    0.14337145E+00
    5   -0.17493792E+02   -0.21968011E-02    0.37878816E-01
    6   -0.17493798E+02   -0.57494615E-05    0.24572123E-01
    7   -0.17493809E+02   -0.10915700E-04    0.15443664E-01
    8   -0.17493824E+02   -0.14879260E-04    0.35826690E-02
    9   -0.17493824E+02   -0.17439831E-06    0.32617584E-02
   10   -0.17493824E+02   -0.22858717E-06    0.13495424E-02
   11   -0.17493824E+02   -0.24391863E-07    0.65903246E-03
   12   -0.17493824E+02   -0.46552646E-07    0.18723392E-03
   13   -0.17493824E+02   -0.14137775E-08    0.94562038E-04
   14   -0.17493824E+02   -0.44839510E-09    0.78938304E-05
   15   -0.17493824E+02   -0.71764816E-11    0.30487878E-05
   16   -0.17493824E+02   -0.31619152E-12    0.48303040E-06
>> Charges saved for restart in charges.bin
 
 Total Energy:                     -17.1186743045 H
 Total Mermin free energy:         -17.1186743045 H
