================================================================================
==
==   Density Functional based Tight Binding with a lot of extensions (DFTB+)    
==
==                              Release: 1.2 (p2)
==
==                            (ParserVersion = 4)
==
================================================================================


********************************************************************************
** Parsing and initializing
********************************************************************************

Interpreting input file 'dftb_in.hsd'
--------------------------------------------------------------------------------
WARNING!
-> WriteHSDInput and WriteXMLInput both turned off. You won't eventually be 
 able to obtain the same results with a later version of the code!
Path: dftb_in/ParserOptions
Line: 82-85 (File: dftb_in.hsd)

Reading SK-files:
  /home/andersx/parameters/3ob-3-1/C-C.skf
  /home/andersx/parameters/3ob-3-1/C-N.skf
  /home/andersx/parameters/3ob-3-1/C-O.skf
  /home/andersx/parameters/3ob-3-1/C-H.skf
  /home/andersx/parameters/3ob-3-1/N-C.skf
  /home/andersx/parameters/3ob-3-1/N-N.skf
  /home/andersx/parameters/3ob-3-1/N-O.skf
  /home/andersx/parameters/3ob-3-1/N-H.skf
  /home/andersx/parameters/3ob-3-1/O-C.skf
  /home/andersx/parameters/3ob-3-1/O-N.skf
  /home/andersx/parameters/3ob-3-1/O-O.skf
  /home/andersx/parameters/3ob-3-1/O-H.skf
  /home/andersx/parameters/3ob-3-1/H-C.skf
  /home/andersx/parameters/3ob-3-1/H-N.skf
  /home/andersx/parameters/3ob-3-1/H-O.skf
  /home/andersx/parameters/3ob-3-1/H-H.skf
Done.

Starting initialization...
--------------------------------------------------------------------------------
Mode:                        Static calculation
Self consistent charges:     Yes
SCC-tolerance:                 0.100000E-05
Max. scc iterations:                    100
Ewald alpha parameter:         0.000000E+00
Spin polarisation:           No
Nr. of up electrons:            20.000000
Nr. of down electrons:          20.000000
Periodic boundaries:         No
Diagonalizer:                Divide and Conquer
Mixer:                       Anderson mixer
Mixing parameter:                  0.200000
Maximal SCC-cycles:                     100
Nr. of chrg. vectors to mix:              8
Electronic temperature:        0.100000E-07
Initial charges:             Set automatically (system chrg:   0.000E+00)
Included shells:              C:  s, p
                              N:  s, p
                              O:  s, p
                              H:  s
Full 3rd order correction    Yes
Damped SCC                   Yes
Damped specie(s):            H                                                 
Extra options:
--------------------------------------------------------------------------------
 

********************************************************************************
** Geometry step: 0
********************************************************************************

  iSCC Total electronic   Diff electronic      SCC error    
    1   -0.18732154E+02    0.00000000E+00    0.10025026E+01
    2   -0.18733021E+02   -0.86686904E-03    0.99024199E+00
    3   -0.18755964E+02   -0.22942817E-01    0.19250531E+00
    4   -0.18756293E+02   -0.32915816E-03    0.19308359E+00
    5   -0.18757654E+02   -0.13608203E-02    0.38565500E-01
    6   -0.18757661E+02   -0.73217071E-05    0.20108663E-01
    7   -0.18757664E+02   -0.26114925E-05    0.17521670E-01
    8   -0.18757671E+02   -0.67152207E-05    0.16259200E-02
    9   -0.18757671E+02   -0.68843850E-07    0.13958925E-02
   10   -0.18757671E+02   -0.13841673E-06    0.44415436E-03
   11   -0.18757671E+02   -0.19606112E-07    0.19914553E-03
   12   -0.18757671E+02   -0.61671628E-08    0.11161514E-04
   13   -0.18757671E+02   -0.13905321E-10    0.25395635E-05
   14   -0.18757671E+02   -0.49382720E-12    0.50930075E-06
>> Charges saved for restart in charges.bin
 
 Total Energy:                     -18.5173042998 H
 Total Mermin free energy:         -18.5173042998 H
