================================================================================
==
==   Density Functional based Tight Binding with a lot of extensions (DFTB+)    
==
==                              Release: 1.2 (p2)
==
==                            (ParserVersion = 4)
==
================================================================================


********************************************************************************
** Parsing and initializing
********************************************************************************

Interpreting input file 'dftb_in.hsd'
--------------------------------------------------------------------------------
WARNING!
-> WriteHSDInput and WriteXMLInput both turned off. You won't eventually be 
 able to obtain the same results with a later version of the code!
Path: dftb_in/ParserOptions
Line: 81-84 (File: dftb_in.hsd)

Reading SK-files:
  /home/andersx/parameters/3ob-3-1/C-C.skf
  /home/andersx/parameters/3ob-3-1/C-N.skf
  /home/andersx/parameters/3ob-3-1/C-O.skf
  /home/andersx/parameters/3ob-3-1/C-H.skf
  /home/andersx/parameters/3ob-3-1/N-C.skf
  /home/andersx/parameters/3ob-3-1/N-N.skf
  /home/andersx/parameters/3ob-3-1/N-O.skf
  /home/andersx/parameters/3ob-3-1/N-H.skf
  /home/andersx/parameters/3ob-3-1/O-C.skf
  /home/andersx/parameters/3ob-3-1/O-N.skf
  /home/andersx/parameters/3ob-3-1/O-O.skf
  /home/andersx/parameters/3ob-3-1/O-H.skf
  /home/andersx/parameters/3ob-3-1/H-C.skf
  /home/andersx/parameters/3ob-3-1/H-N.skf
  /home/andersx/parameters/3ob-3-1/H-O.skf
  /home/andersx/parameters/3ob-3-1/H-H.skf
Done.

Starting initialization...
--------------------------------------------------------------------------------
Mode:                        Static calculation
Self consistent charges:     Yes
SCC-tolerance:                 0.100000E-05
Max. scc iterations:                    100
Ewald alpha parameter:         0.000000E+00
Spin polarisation:           No
Nr. of up electrons:            19.000000
Nr. of down electrons:          19.000000
Periodic boundaries:         No
Diagonalizer:                Divide and Conquer
Mixer:                       Anderson mixer
Mixing parameter:                  0.200000
Maximal SCC-cycles:                     100
Nr. of chrg. vectors to mix:              8
Electronic temperature:        0.100000E-07
Initial charges:             Set automatically (system chrg:   0.000E+00)
Included shells:              C:  s, p
                              N:  s, p
                              O:  s, p
                              H:  s
Full 3rd order correction    Yes
Damped SCC                   Yes
Damped specie(s):            H                                                 
Extra options:
--------------------------------------------------------------------------------
 

********************************************************************************
** Geometry step: 0
********************************************************************************

  iSCC Total electronic   Diff electronic      SCC error    
    1   -0.17595103E+02    0.00000000E+00    0.97257372E+00
    2   -0.17596015E+02   -0.91202893E-03    0.95786337E+00
    3   -0.17618058E+02   -0.22042968E-01    0.18071167E+00
    4   -0.17618383E+02   -0.32501889E-03    0.17790934E+00
    5   -0.17620452E+02   -0.20687710E-02    0.35898521E-01
    6   -0.17620557E+02   -0.10568782E-03    0.25639781E-01
    7   -0.17620575E+02   -0.18289157E-04    0.16837591E-01
    8   -0.17620581E+02   -0.51222681E-05    0.28363772E-02
    9   -0.17620581E+02   -0.37252688E-06    0.22145351E-02
   10   -0.17620582E+02   -0.58279823E-06    0.53220074E-03
   11   -0.17620582E+02   -0.12481351E-07    0.27407505E-03
   12   -0.17620582E+02   -0.14607824E-07    0.92512705E-04
   13   -0.17620582E+02   -0.48312288E-09    0.13363591E-04
   14   -0.17620582E+02   -0.42419401E-11    0.68615435E-05
   15   -0.17620582E+02   -0.20961011E-12    0.31084654E-06
>> Charges saved for restart in charges.bin
 
 Total Energy:                     -17.2113268180 H
 Total Mermin free energy:         -17.2113268180 H
