================================================================================
==
==   Density Functional based Tight Binding with a lot of extensions (DFTB+)    
==
==                              Release: 1.2 (p2)
==
==                            (ParserVersion = 4)
==
================================================================================


********************************************************************************
** Parsing and initializing
********************************************************************************

Interpreting input file 'dftb_in.hsd'
--------------------------------------------------------------------------------
WARNING!
-> WriteHSDInput and WriteXMLInput both turned off. You won't eventually be 
 able to obtain the same results with a later version of the code!
Path: dftb_in/ParserOptions
Line: 76-79 (File: dftb_in.hsd)

Reading SK-files:
  /home/andersx/parameters/3ob-3-1/C-C.skf
  /home/andersx/parameters/3ob-3-1/C-N.skf
  /home/andersx/parameters/3ob-3-1/C-H.skf
  /home/andersx/parameters/3ob-3-1/N-C.skf
  /home/andersx/parameters/3ob-3-1/N-N.skf
  /home/andersx/parameters/3ob-3-1/N-H.skf
  /home/andersx/parameters/3ob-3-1/H-C.skf
  /home/andersx/parameters/3ob-3-1/H-N.skf
  /home/andersx/parameters/3ob-3-1/H-H.skf
Done.

Starting initialization...
--------------------------------------------------------------------------------
Mode:                        Static calculation
Self consistent charges:     Yes
SCC-tolerance:                 0.100000E-05
Max. scc iterations:                    100
Ewald alpha parameter:         0.000000E+00
Spin polarisation:           No
Nr. of up electrons:            18.000000
Nr. of down electrons:          18.000000
Periodic boundaries:         No
Diagonalizer:                Divide and Conquer
Mixer:                       Anderson mixer
Mixing parameter:                  0.200000
Maximal SCC-cycles:                     100
Nr. of chrg. vectors to mix:              8
Electronic temperature:        0.100000E-07
Initial charges:             Set automatically (system chrg:   0.000E+00)
Included shells:              C:  s, p
                              N:  s, p
                              H:  s
Full 3rd order correction    Yes
Damped SCC                   Yes
Damped specie(s):            H                                                 
Extra options:
--------------------------------------------------------------------------------
 

********************************************************************************
** Geometry step: 0
********************************************************************************

  iSCC Total electronic   Diff electronic      SCC error    
    1   -0.15107699E+02    0.00000000E+00    0.60799547E+00
    2   -0.15107724E+02   -0.25377570E-04    0.60073470E+00
    3   -0.15108288E+02   -0.56349503E-03    0.62383596E-01
    4   -0.15108256E+02    0.31972900E-04    0.47930343E-01
    5   -0.15108264E+02   -0.81026523E-05    0.71281291E-01
    6   -0.15108372E+02   -0.10754715E-03    0.16539619E-01
    7   -0.15108369E+02    0.26555444E-05    0.16310912E-01
    8   -0.15108376E+02   -0.75180716E-05    0.11175445E-01
    9   -0.15108378E+02   -0.10935693E-05    0.39054573E-02
   10   -0.15108378E+02   -0.36600969E-07    0.38428416E-02
   11   -0.15108378E+02   -0.11268810E-06    0.71791174E-03
   12   -0.15108378E+02   -0.49484417E-08    0.59739813E-03
   13   -0.15108378E+02   -0.16289226E-07    0.50200225E-04
   14   -0.15108378E+02   -0.28478198E-09    0.40201476E-04
   15   -0.15108378E+02   -0.97049480E-10    0.25352073E-05
   16   -0.15108378E+02   -0.33573144E-12    0.99256964E-06
>> Charges saved for restart in charges.bin
 
 Total Energy:                     -15.0801230934 H
 Total Mermin free energy:         -15.0801230934 H
