================================================================================
==
==   Density Functional based Tight Binding with a lot of extensions (DFTB+)    
==
==                              Release: 1.2 (p2)
==
==                            (ParserVersion = 4)
==
================================================================================


********************************************************************************
** Parsing and initializing
********************************************************************************

Interpreting input file 'dftb_in.hsd'
--------------------------------------------------------------------------------
WARNING!
-> WriteHSDInput and WriteXMLInput both turned off. You won't eventually be 
 able to obtain the same results with a later version of the code!
Path: dftb_in/ParserOptions
Line: 81-84 (File: dftb_in.hsd)

Reading SK-files:
  /home/andersx/parameters/3ob-3-1/C-C.skf
  /home/andersx/parameters/3ob-3-1/C-N.skf
  /home/andersx/parameters/3ob-3-1/C-O.skf
  /home/andersx/parameters/3ob-3-1/C-H.skf
  /home/andersx/parameters/3ob-3-1/N-C.skf
  /home/andersx/parameters/3ob-3-1/N-N.skf
  /home/andersx/parameters/3ob-3-1/N-O.skf
  /home/andersx/parameters/3ob-3-1/N-H.skf
  /home/andersx/parameters/3ob-3-1/O-C.skf
  /home/andersx/parameters/3ob-3-1/O-N.skf
  /home/andersx/parameters/3ob-3-1/O-O.skf
  /home/andersx/parameters/3ob-3-1/O-H.skf
  /home/andersx/parameters/3ob-3-1/H-C.skf
  /home/andersx/parameters/3ob-3-1/H-N.skf
  /home/andersx/parameters/3ob-3-1/H-O.skf
  /home/andersx/parameters/3ob-3-1/H-H.skf
Done.

Starting initialization...
--------------------------------------------------------------------------------
Mode:                        Static calculation
Self consistent charges:     Yes
SCC-tolerance:                 0.100000E-05
Max. scc iterations:                    100
Ewald alpha parameter:         0.000000E+00
Spin polarisation:           No
Nr. of up electrons:            19.000000
Nr. of down electrons:          19.000000
Periodic boundaries:         No
Diagonalizer:                Divide and Conquer
Mixer:                       Anderson mixer
Mixing parameter:                  0.200000
Maximal SCC-cycles:                     100
Nr. of chrg. vectors to mix:              8
Electronic temperature:        0.100000E-07
Initial charges:             Set automatically (system chrg:   0.000E+00)
Included shells:              C:  s, p
                              N:  s, p
                              O:  s, p
                              H:  s
Full 3rd order correction    Yes
Damped SCC                   Yes
Damped specie(s):            H                                                 
Extra options:
--------------------------------------------------------------------------------
 

********************************************************************************
** Geometry step: 0
********************************************************************************

  iSCC Total electronic   Diff electronic      SCC error    
    1   -0.17470697E+02    0.00000000E+00    0.65056288E+00
    2   -0.17471740E+02   -0.10430930E-02    0.63845670E+00
    3   -0.17492746E+02   -0.21005742E-01    0.16269702E+00
    4   -0.17492576E+02    0.17017840E-03    0.16201082E+00
    5   -0.17495294E+02   -0.27176849E-02    0.30108041E-01
    6   -0.17495293E+02    0.79217086E-06    0.27663779E-01
    7   -0.17495317E+02   -0.23956694E-04    0.16815302E-01
    8   -0.17495323E+02   -0.67023527E-05    0.47371465E-02
    9   -0.17495324E+02   -0.29913372E-06    0.43060590E-02
   10   -0.17495324E+02   -0.51115060E-06    0.21867359E-02
   11   -0.17495324E+02   -0.45873868E-07    0.10754208E-02
   12   -0.17495324E+02   -0.55042623E-07    0.18100192E-03
   13   -0.17495324E+02   -0.26645175E-08    0.10070915E-03
   14   -0.17495324E+02   -0.10041390E-08    0.82699330E-05
   15   -0.17495324E+02   -0.51691984E-11    0.16644110E-05
   16   -0.17495324E+02   -0.71054274E-13    0.45416979E-06
>> Charges saved for restart in charges.bin
 
 Total Energy:                     -17.1192585068 H
 Total Mermin free energy:         -17.1192585068 H
