================================================================================
==
==   Density Functional based Tight Binding with a lot of extensions (DFTB+)    
==
==                              Release: 1.2 (p2)
==
==                            (ParserVersion = 4)
==
================================================================================


********************************************************************************
** Parsing and initializing
********************************************************************************

Interpreting input file 'dftb_in.hsd'
--------------------------------------------------------------------------------
WARNING!
-> WriteHSDInput and WriteXMLInput both turned off. You won't eventually be 
 able to obtain the same results with a later version of the code!
Path: dftb_in/ParserOptions
Line: 82-85 (File: dftb_in.hsd)

Reading SK-files:
  /home/andersx/parameters/3ob-3-1/C-C.skf
  /home/andersx/parameters/3ob-3-1/C-O.skf
  /home/andersx/parameters/3ob-3-1/C-N.skf
  /home/andersx/parameters/3ob-3-1/C-H.skf
  /home/andersx/parameters/3ob-3-1/O-C.skf
  /home/andersx/parameters/3ob-3-1/O-O.skf
  /home/andersx/parameters/3ob-3-1/O-N.skf
  /home/andersx/parameters/3ob-3-1/O-H.skf
  /home/andersx/parameters/3ob-3-1/N-C.skf
  /home/andersx/parameters/3ob-3-1/N-O.skf
  /home/andersx/parameters/3ob-3-1/N-N.skf
  /home/andersx/parameters/3ob-3-1/N-H.skf
  /home/andersx/parameters/3ob-3-1/H-C.skf
  /home/andersx/parameters/3ob-3-1/H-O.skf
  /home/andersx/parameters/3ob-3-1/H-N.skf
  /home/andersx/parameters/3ob-3-1/H-H.skf
Done.

Starting initialization...
--------------------------------------------------------------------------------
Mode:                        Static calculation
Self consistent charges:     Yes
SCC-tolerance:                 0.100000E-05
Max. scc iterations:                    100
Ewald alpha parameter:         0.000000E+00
Spin polarisation:           No
Nr. of up electrons:            19.000000
Nr. of down electrons:          19.000000
Periodic boundaries:         No
Diagonalizer:                Divide and Conquer
Mixer:                       Anderson mixer
Mixing parameter:                  0.200000
Maximal SCC-cycles:                     100
Nr. of chrg. vectors to mix:              8
Electronic temperature:        0.100000E-07
Initial charges:             Set automatically (system chrg:   0.000E+00)
Included shells:              C:  s, p
                              O:  s, p
                              N:  s, p
                              H:  s
Full 3rd order correction    Yes
Damped SCC                   Yes
Damped specie(s):            H                                                 
Extra options:
--------------------------------------------------------------------------------
 

********************************************************************************
** Geometry step: 0
********************************************************************************

  iSCC Total electronic   Diff electronic      SCC error    
    1   -0.17083282E+02    0.00000000E+00    0.64028513E+00
    2   -0.17084049E+02   -0.76697195E-03    0.63189056E+00
    3   -0.17100782E+02   -0.16733236E-01    0.17737625E+00
    4   -0.17100603E+02    0.17878740E-03    0.15986422E+00
    5   -0.17101341E+02   -0.73794836E-03    0.69790443E-01
    6   -0.17101541E+02   -0.19956047E-03    0.17091056E-01
    7   -0.17101541E+02   -0.67948847E-07    0.18854128E-01
    8   -0.17101551E+02   -0.10514147E-04    0.47951405E-02
    9   -0.17101552E+02   -0.67750271E-06    0.20530010E-02
   10   -0.17101553E+02   -0.65431705E-06    0.13566139E-02
   11   -0.17101553E+02   -0.33888469E-07    0.31087122E-03
   12   -0.17101553E+02   -0.85126963E-08    0.61243055E-04
   13   -0.17101553E+02   -0.12400747E-09    0.32381974E-04
   14   -0.17101553E+02   -0.44227733E-10    0.98021102E-06
>> Charges saved for restart in charges.bin
 
 Total Energy:                     -16.8573302120 H
 Total Mermin free energy:         -16.8573302120 H
