================================================================================
==
==   Density Functional based Tight Binding with a lot of extensions (DFTB+)    
==
==                              Release: 1.2 (p2)
==
==                            (ParserVersion = 4)
==
================================================================================


********************************************************************************
** Parsing and initializing
********************************************************************************

Interpreting input file 'dftb_in.hsd'
--------------------------------------------------------------------------------
WARNING!
-> WriteHSDInput and WriteXMLInput both turned off. You won't eventually be 
 able to obtain the same results with a later version of the code!
Path: dftb_in/ParserOptions
Line: 80-83 (File: dftb_in.hsd)

Reading SK-files:
  /home/andersx/parameters/3ob-3-1/C-C.skf
  /home/andersx/parameters/3ob-3-1/C-O.skf
  /home/andersx/parameters/3ob-3-1/C-N.skf
  /home/andersx/parameters/3ob-3-1/C-H.skf
  /home/andersx/parameters/3ob-3-1/O-C.skf
  /home/andersx/parameters/3ob-3-1/O-O.skf
  /home/andersx/parameters/3ob-3-1/O-N.skf
  /home/andersx/parameters/3ob-3-1/O-H.skf
  /home/andersx/parameters/3ob-3-1/N-C.skf
  /home/andersx/parameters/3ob-3-1/N-O.skf
  /home/andersx/parameters/3ob-3-1/N-N.skf
  /home/andersx/parameters/3ob-3-1/N-H.skf
  /home/andersx/parameters/3ob-3-1/H-C.skf
  /home/andersx/parameters/3ob-3-1/H-O.skf
  /home/andersx/parameters/3ob-3-1/H-N.skf
  /home/andersx/parameters/3ob-3-1/H-H.skf
Done.

Starting initialization...
--------------------------------------------------------------------------------
Mode:                        Static calculation
Self consistent charges:     Yes
SCC-tolerance:                 0.100000E-05
Max. scc iterations:                    100
Ewald alpha parameter:         0.000000E+00
Spin polarisation:           No
Nr. of up electrons:            19.000000
Nr. of down electrons:          19.000000
Periodic boundaries:         No
Diagonalizer:                Divide and Conquer
Mixer:                       Anderson mixer
Mixing parameter:                  0.200000
Maximal SCC-cycles:                     100
Nr. of chrg. vectors to mix:              8
Electronic temperature:        0.100000E-07
Initial charges:             Set automatically (system chrg:   0.000E+00)
Included shells:              C:  s, p
                              O:  s, p
                              N:  s, p
                              H:  s
Full 3rd order correction    Yes
Damped SCC                   Yes
Damped specie(s):            H                                                 
Extra options:
--------------------------------------------------------------------------------
 

********************************************************************************
** Geometry step: 0
********************************************************************************

  iSCC Total electronic   Diff electronic      SCC error    
    1   -0.18069993E+02    0.00000000E+00    0.93108259E+00
    2   -0.18070953E+02   -0.95996967E-03    0.92025386E+00
    3   -0.18093547E+02   -0.22594613E-01    0.23002864E+00
    4   -0.18094052E+02   -0.50445846E-03    0.22520861E+00
    5   -0.18096603E+02   -0.25512991E-02    0.40768847E-01
    6   -0.18096631E+02   -0.27610016E-04    0.39147319E-01
    7   -0.18096668E+02   -0.36948632E-04    0.26602274E-01
    8   -0.18096685E+02   -0.17179664E-04    0.77044818E-02
    9   -0.18096685E+02   -0.59279393E-06    0.73060076E-02
   10   -0.18096692E+02   -0.61392299E-05    0.10905956E-02
   11   -0.18096692E+02   -0.10656674E-07    0.68323680E-03
   12   -0.18096692E+02   -0.13456958E-07    0.49445838E-04
   13   -0.18096692E+02   -0.50567550E-09    0.15636821E-04
   14   -0.18096692E+02   -0.19213076E-10    0.28787851E-05
   15   -0.18096692E+02   -0.34816594E-12    0.19606146E-06
>> Charges saved for restart in charges.bin
 
 Total Energy:                     -17.7450764840 H
 Total Mermin free energy:         -17.7450764840 H
