================================================================================
==
==   Density Functional based Tight Binding with a lot of extensions (DFTB+)    
==
==                              Release: 1.2 (p2)
==
==                            (ParserVersion = 4)
==
================================================================================


********************************************************************************
** Parsing and initializing
********************************************************************************

Interpreting input file 'dftb_in.hsd'
--------------------------------------------------------------------------------
WARNING!
-> WriteHSDInput and WriteXMLInput both turned off. You won't eventually be 
 able to obtain the same results with a later version of the code!
Path: dftb_in/ParserOptions
Line: 80-83 (File: dftb_in.hsd)

Reading SK-files:
  /home/andersx/parameters/3ob-3-1/C-C.skf
  /home/andersx/parameters/3ob-3-1/C-O.skf
  /home/andersx/parameters/3ob-3-1/C-N.skf
  /home/andersx/parameters/3ob-3-1/C-H.skf
  /home/andersx/parameters/3ob-3-1/O-C.skf
  /home/andersx/parameters/3ob-3-1/O-O.skf
  /home/andersx/parameters/3ob-3-1/O-N.skf
  /home/andersx/parameters/3ob-3-1/O-H.skf
  /home/andersx/parameters/3ob-3-1/N-C.skf
  /home/andersx/parameters/3ob-3-1/N-O.skf
  /home/andersx/parameters/3ob-3-1/N-N.skf
  /home/andersx/parameters/3ob-3-1/N-H.skf
  /home/andersx/parameters/3ob-3-1/H-C.skf
  /home/andersx/parameters/3ob-3-1/H-O.skf
  /home/andersx/parameters/3ob-3-1/H-N.skf
  /home/andersx/parameters/3ob-3-1/H-H.skf
Done.

Starting initialization...
--------------------------------------------------------------------------------
Mode:                        Static calculation
Self consistent charges:     Yes
SCC-tolerance:                 0.100000E-05
Max. scc iterations:                    100
Ewald alpha parameter:         0.000000E+00
Spin polarisation:           No
Nr. of up electrons:            19.000000
Nr. of down electrons:          19.000000
Periodic boundaries:         No
Diagonalizer:                Divide and Conquer
Mixer:                       Anderson mixer
Mixing parameter:                  0.200000
Maximal SCC-cycles:                     100
Nr. of chrg. vectors to mix:              8
Electronic temperature:        0.100000E-07
Initial charges:             Set automatically (system chrg:   0.000E+00)
Included shells:              C:  s, p
                              O:  s, p
                              N:  s, p
                              H:  s
Full 3rd order correction    Yes
Damped SCC                   Yes
Damped specie(s):            H                                                 
Extra options:
--------------------------------------------------------------------------------
 

********************************************************************************
** Geometry step: 0
********************************************************************************

  iSCC Total electronic   Diff electronic      SCC error    
    1   -0.17963822E+02    0.00000000E+00    0.94605212E+00
    2   -0.17965285E+02   -0.14634315E-02    0.93079837E+00
    3   -0.17995255E+02   -0.29969918E-01    0.23712026E+00
    4   -0.17996273E+02   -0.10184267E-02    0.22458341E+00
    5   -0.18000374E+02   -0.41010413E-02    0.65165153E-01
    6   -0.18000522E+02   -0.14780913E-03    0.57420734E-01
    7   -0.18000406E+02    0.11627437E-03    0.51055601E-01
    8   -0.18000762E+02   -0.35573054E-03    0.90720292E-02
    9   -0.18000764E+02   -0.22547966E-05    0.87439733E-02
   10   -0.18000766E+02   -0.20179908E-05    0.12614553E-02
   11   -0.18000766E+02   -0.22262366E-07    0.10933637E-02
   12   -0.18000766E+02   -0.42931187E-07    0.32631264E-03
   13   -0.18000766E+02   -0.59380838E-08    0.12604827E-03
   14   -0.18000766E+02   -0.17298127E-08    0.73901620E-05
   15   -0.18000766E+02   -0.99831254E-11    0.14633446E-05
   16   -0.18000766E+02   -0.17053026E-12    0.45491839E-06
>> Charges saved for restart in charges.bin
 
 Total Energy:                     -17.6618196372 H
 Total Mermin free energy:         -17.6618196372 H
