================================================================================
==
==   Density Functional based Tight Binding with a lot of extensions (DFTB+)    
==
==                              Release: 1.2 (p2)
==
==                            (ParserVersion = 4)
==
================================================================================


********************************************************************************
** Parsing and initializing
********************************************************************************

Interpreting input file 'dftb_in.hsd'
--------------------------------------------------------------------------------
WARNING!
-> WriteHSDInput and WriteXMLInput both turned off. You won't eventually be 
 able to obtain the same results with a later version of the code!
Path: dftb_in/ParserOptions
Line: 86-89 (File: dftb_in.hsd)

Reading SK-files:
  /home/andersx/parameters/3ob-3-1/C-C.skf
  /home/andersx/parameters/3ob-3-1/C-N.skf
  /home/andersx/parameters/3ob-3-1/C-O.skf
  /home/andersx/parameters/3ob-3-1/C-H.skf
  /home/andersx/parameters/3ob-3-1/N-C.skf
  /home/andersx/parameters/3ob-3-1/N-N.skf
  /home/andersx/parameters/3ob-3-1/N-O.skf
  /home/andersx/parameters/3ob-3-1/N-H.skf
  /home/andersx/parameters/3ob-3-1/O-C.skf
  /home/andersx/parameters/3ob-3-1/O-N.skf
  /home/andersx/parameters/3ob-3-1/O-O.skf
  /home/andersx/parameters/3ob-3-1/O-H.skf
  /home/andersx/parameters/3ob-3-1/H-C.skf
  /home/andersx/parameters/3ob-3-1/H-N.skf
  /home/andersx/parameters/3ob-3-1/H-O.skf
  /home/andersx/parameters/3ob-3-1/H-H.skf
Done.

Starting initialization...
--------------------------------------------------------------------------------
Mode:                        Static calculation
Self consistent charges:     Yes
SCC-tolerance:                 0.100000E-05
Max. scc iterations:                    100
Ewald alpha parameter:         0.000000E+00
Spin polarisation:           No
Nr. of up electrons:            21.000000
Nr. of down electrons:          21.000000
Periodic boundaries:         No
Diagonalizer:                Divide and Conquer
Mixer:                       Anderson mixer
Mixing parameter:                  0.200000
Maximal SCC-cycles:                     100
Nr. of chrg. vectors to mix:              8
Electronic temperature:        0.100000E-07
Initial charges:             Set automatically (system chrg:   0.000E+00)
Included shells:              C:  s, p
                              N:  s, p
                              O:  s, p
                              H:  s
Full 3rd order correction    Yes
Damped SCC                   Yes
Damped specie(s):            H                                                 
Extra options:
--------------------------------------------------------------------------------
 

********************************************************************************
** Geometry step: 0
********************************************************************************

  iSCC Total electronic   Diff electronic      SCC error    
    1   -0.18396035E+02    0.00000000E+00    0.67921282E+00
    2   -0.18396212E+02   -0.17731489E-03    0.67045393E+00
    3   -0.18401202E+02   -0.49896448E-02    0.59553810E-01
    4   -0.18401163E+02    0.39053683E-04    0.48215067E-01
    5   -0.18401142E+02    0.20582536E-04    0.90781913E-01
    6   -0.18401260E+02   -0.11766738E-03    0.12527076E-01
    7   -0.18401260E+02   -0.97248581E-07    0.11774288E-01
    8   -0.18401261E+02   -0.94486034E-06    0.32641529E-02
    9   -0.18401261E+02   -0.11476281E-06    0.91339620E-03
   10   -0.18401261E+02   -0.20188388E-07    0.80154836E-03
   11   -0.18401261E+02   -0.11889835E-07    0.36580176E-04
   12   -0.18401261E+02   -0.27093350E-09    0.16103572E-04
   13   -0.18401261E+02   -0.21170621E-10    0.27565583E-05
   14   -0.18401261E+02   -0.25224267E-12    0.50019640E-06
>> Charges saved for restart in charges.bin
 
 Total Energy:                     -18.3754366069 H
 Total Mermin free energy:         -18.3754366069 H
