================================================================================
==
==   Density Functional based Tight Binding with a lot of extensions (DFTB+)    
==
==                              Release: 1.2 (p2)
==
==                            (ParserVersion = 4)
==
================================================================================


********************************************************************************
** Parsing and initializing
********************************************************************************

Interpreting input file 'dftb_in.hsd'
--------------------------------------------------------------------------------
WARNING!
-> WriteHSDInput and WriteXMLInput both turned off. You won't eventually be 
 able to obtain the same results with a later version of the code!
Path: dftb_in/ParserOptions
Line: 76-79 (File: dftb_in.hsd)

Reading SK-files:
  /home/andersx/parameters/3ob-3-1/C-C.skf
  /home/andersx/parameters/3ob-3-1/C-N.skf
  /home/andersx/parameters/3ob-3-1/C-H.skf
  /home/andersx/parameters/3ob-3-1/N-C.skf
  /home/andersx/parameters/3ob-3-1/N-N.skf
  /home/andersx/parameters/3ob-3-1/N-H.skf
  /home/andersx/parameters/3ob-3-1/H-C.skf
  /home/andersx/parameters/3ob-3-1/H-N.skf
  /home/andersx/parameters/3ob-3-1/H-H.skf
Done.

Starting initialization...
--------------------------------------------------------------------------------
Mode:                        Static calculation
Self consistent charges:     Yes
SCC-tolerance:                 0.100000E-05
Max. scc iterations:                    100
Ewald alpha parameter:         0.000000E+00
Spin polarisation:           No
Nr. of up electrons:            18.000000
Nr. of down electrons:          18.000000
Periodic boundaries:         No
Diagonalizer:                Divide and Conquer
Mixer:                       Anderson mixer
Mixing parameter:                  0.200000
Maximal SCC-cycles:                     100
Nr. of chrg. vectors to mix:              8
Electronic temperature:        0.100000E-07
Initial charges:             Set automatically (system chrg:   0.000E+00)
Included shells:              C:  s, p
                              N:  s, p
                              H:  s
Full 3rd order correction    Yes
Damped SCC                   Yes
Damped specie(s):            H                                                 
Extra options:
--------------------------------------------------------------------------------
 

********************************************************************************
** Geometry step: 0
********************************************************************************

  iSCC Total electronic   Diff electronic      SCC error    
    1   -0.15107888E+02    0.00000000E+00    0.59818720E+00
    2   -0.15107910E+02   -0.22220396E-04    0.59105567E+00
    3   -0.15108435E+02   -0.52531863E-03    0.36127790E-01
    4   -0.15108422E+02    0.12897599E-04    0.25208937E-01
    5   -0.15108423E+02   -0.80424538E-06    0.25311697E-01
    6   -0.15108462E+02   -0.39268119E-04    0.73997836E-02
    7   -0.15108462E+02   -0.74268225E-07    0.68042140E-02
    8   -0.15108464E+02   -0.19283002E-05    0.57031660E-02
    9   -0.15108464E+02   -0.28263596E-07    0.90671265E-03
   10   -0.15108464E+02   -0.16362852E-07    0.96060231E-03
   11   -0.15108464E+02   -0.40768979E-07    0.24969326E-03
   12   -0.15108464E+02   -0.11275194E-08    0.14450262E-03
   13   -0.15108464E+02   -0.46133586E-09    0.92268352E-05
   14   -0.15108464E+02   -0.11958434E-10    0.15424924E-05
   15   -0.15108464E+02   -0.83488771E-13    0.50274424E-06
>> Charges saved for restart in charges.bin
 
 Total Energy:                     -15.0790952885 H
 Total Mermin free energy:         -15.0790952885 H
