================================================================================
==
==   Density Functional based Tight Binding with a lot of extensions (DFTB+)    
==
==                              Release: 1.2 (p2)
==
==                            (ParserVersion = 4)
==
================================================================================


********************************************************************************
** Parsing and initializing
********************************************************************************

Interpreting input file 'dftb_in.hsd'
--------------------------------------------------------------------------------
WARNING!
-> WriteHSDInput and WriteXMLInput both turned off. You won't eventually be 
 able to obtain the same results with a later version of the code!
Path: dftb_in/ParserOptions
Line: 84-87 (File: dftb_in.hsd)

Reading SK-files:
  /home/andersx/parameters/3ob-3-1/C-C.skf
  /home/andersx/parameters/3ob-3-1/C-N.skf
  /home/andersx/parameters/3ob-3-1/C-O.skf
  /home/andersx/parameters/3ob-3-1/C-H.skf
  /home/andersx/parameters/3ob-3-1/N-C.skf
  /home/andersx/parameters/3ob-3-1/N-N.skf
  /home/andersx/parameters/3ob-3-1/N-O.skf
  /home/andersx/parameters/3ob-3-1/N-H.skf
  /home/andersx/parameters/3ob-3-1/O-C.skf
  /home/andersx/parameters/3ob-3-1/O-N.skf
  /home/andersx/parameters/3ob-3-1/O-O.skf
  /home/andersx/parameters/3ob-3-1/O-H.skf
  /home/andersx/parameters/3ob-3-1/H-C.skf
  /home/andersx/parameters/3ob-3-1/H-N.skf
  /home/andersx/parameters/3ob-3-1/H-O.skf
  /home/andersx/parameters/3ob-3-1/H-H.skf
Done.

Starting initialization...
--------------------------------------------------------------------------------
Mode:                        Static calculation
Self consistent charges:     Yes
SCC-tolerance:                 0.100000E-05
Max. scc iterations:                    100
Ewald alpha parameter:         0.000000E+00
Spin polarisation:           No
Nr. of up electrons:            20.000000
Nr. of down electrons:          20.000000
Periodic boundaries:         No
Diagonalizer:                Divide and Conquer
Mixer:                       Anderson mixer
Mixing parameter:                  0.200000
Maximal SCC-cycles:                     100
Nr. of chrg. vectors to mix:              8
Electronic temperature:        0.100000E-07
Initial charges:             Set automatically (system chrg:   0.000E+00)
Included shells:              C:  s, p
                              N:  s, p
                              O:  s, p
                              H:  s
Full 3rd order correction    Yes
Damped SCC                   Yes
Damped specie(s):            H                                                 
Extra options:
--------------------------------------------------------------------------------
 

********************************************************************************
** Geometry step: 0
********************************************************************************

  iSCC Total electronic   Diff electronic      SCC error    
    1   -0.17633314E+02    0.00000000E+00    0.66023852E+00
    2   -0.17633987E+02   -0.67378082E-03    0.64903877E+00
    3   -0.17651791E+02   -0.17803850E-01    0.92254246E-01
    4   -0.17651693E+02    0.98745622E-04    0.87040455E-01
    5   -0.17652041E+02   -0.34822312E-03    0.44064935E-01
    6   -0.17652102E+02   -0.61373334E-04    0.12697641E-01
    7   -0.17652102E+02   -0.18615732E-06    0.13111425E-01
    8   -0.17652111E+02   -0.83982030E-05    0.15173147E-02
    9   -0.17652111E+02   -0.15185261E-07    0.15331375E-02
   10   -0.17652111E+02   -0.65620419E-07    0.10876566E-02
   11   -0.17652111E+02   -0.17250940E-07    0.41290059E-03
   12   -0.17652111E+02   -0.61476157E-08    0.64199614E-04
   13   -0.17652111E+02   -0.11123191E-09    0.23769451E-04
   14   -0.17652111E+02   -0.38760106E-11    0.27373075E-05
   15   -0.17652111E+02   -0.18474111E-12    0.15072662E-06
>> Charges saved for restart in charges.bin
 
 Total Energy:                     -17.5898316111 H
 Total Mermin free energy:         -17.5898316111 H
