================================================================================
==
==   Density Functional based Tight Binding with a lot of extensions (DFTB+)    
==
==                              Release: 1.2 (p2)
==
==                            (ParserVersion = 4)
==
================================================================================


********************************************************************************
** Parsing and initializing
********************************************************************************

Interpreting input file 'dftb_in.hsd'
--------------------------------------------------------------------------------
WARNING!
-> WriteHSDInput and WriteXMLInput both turned off. You won't eventually be 
 able to obtain the same results with a later version of the code!
Path: dftb_in/ParserOptions
Line: 86-89 (File: dftb_in.hsd)

Reading SK-files:
  /home/andersx/parameters/3ob-3-1/C-C.skf
  /home/andersx/parameters/3ob-3-1/C-N.skf
  /home/andersx/parameters/3ob-3-1/C-O.skf
  /home/andersx/parameters/3ob-3-1/C-H.skf
  /home/andersx/parameters/3ob-3-1/N-C.skf
  /home/andersx/parameters/3ob-3-1/N-N.skf
  /home/andersx/parameters/3ob-3-1/N-O.skf
  /home/andersx/parameters/3ob-3-1/N-H.skf
  /home/andersx/parameters/3ob-3-1/O-C.skf
  /home/andersx/parameters/3ob-3-1/O-N.skf
  /home/andersx/parameters/3ob-3-1/O-O.skf
  /home/andersx/parameters/3ob-3-1/O-H.skf
  /home/andersx/parameters/3ob-3-1/H-C.skf
  /home/andersx/parameters/3ob-3-1/H-N.skf
  /home/andersx/parameters/3ob-3-1/H-O.skf
  /home/andersx/parameters/3ob-3-1/H-H.skf
Done.

Starting initialization...
--------------------------------------------------------------------------------
Mode:                        Static calculation
Self consistent charges:     Yes
SCC-tolerance:                 0.100000E-05
Max. scc iterations:                    100
Ewald alpha parameter:         0.000000E+00
Spin polarisation:           No
Nr. of up electrons:            21.000000
Nr. of down electrons:          21.000000
Periodic boundaries:         No
Diagonalizer:                Divide and Conquer
Mixer:                       Anderson mixer
Mixing parameter:                  0.200000
Maximal SCC-cycles:                     100
Nr. of chrg. vectors to mix:              8
Electronic temperature:        0.100000E-07
Initial charges:             Set automatically (system chrg:   0.000E+00)
Included shells:              C:  s, p
                              N:  s, p
                              O:  s, p
                              H:  s
Full 3rd order correction    Yes
Damped SCC                   Yes
Damped specie(s):            H                                                 
Extra options:
--------------------------------------------------------------------------------
 

********************************************************************************
** Geometry step: 0
********************************************************************************

  iSCC Total electronic   Diff electronic      SCC error    
    1   -0.18423261E+02    0.00000000E+00    0.66861941E+00
    2   -0.18423392E+02   -0.13151205E-03    0.65996770E+00
    3   -0.18426801E+02   -0.34089028E-02    0.57458707E-01
    4   -0.18426734E+02    0.67605642E-04    0.54626222E-01
    5   -0.18426790E+02   -0.56719589E-04    0.11790883E+00
    6   -0.18426968E+02   -0.17781113E-03    0.18760420E-01
    7   -0.18426967E+02    0.15233365E-05    0.10220575E-01
    8   -0.18426971E+02   -0.43004099E-05    0.82139781E-02
    9   -0.18426972E+02   -0.54995323E-06    0.12403380E-02
   10   -0.18426972E+02   -0.21395945E-07    0.10443306E-02
   11   -0.18426972E+02   -0.67904402E-07    0.13273027E-03
   12   -0.18426972E+02   -0.93336894E-09    0.78836270E-04
   13   -0.18426972E+02   -0.40722625E-09    0.92947711E-05
   14   -0.18426972E+02   -0.85158547E-11    0.12717657E-05
   15   -0.18426972E+02   -0.17763568E-13    0.36117112E-06
>> Charges saved for restart in charges.bin
 
 Total Energy:                     -18.3866942675 H
 Total Mermin free energy:         -18.3866942675 H
