================================================================================
==
==   Density Functional based Tight Binding with a lot of extensions (DFTB+)    
==
==                              Release: 1.2 (p2)
==
==                            (ParserVersion = 4)
==
================================================================================


********************************************************************************
** Parsing and initializing
********************************************************************************

Interpreting input file 'dftb_in.hsd'
--------------------------------------------------------------------------------
WARNING!
-> WriteHSDInput and WriteXMLInput both turned off. You won't eventually be 
 able to obtain the same results with a later version of the code!
Path: dftb_in/ParserOptions
Line: 84-87 (File: dftb_in.hsd)

Reading SK-files:
  /home/andersx/parameters/3ob-3-1/C-C.skf
  /home/andersx/parameters/3ob-3-1/C-N.skf
  /home/andersx/parameters/3ob-3-1/C-O.skf
  /home/andersx/parameters/3ob-3-1/C-H.skf
  /home/andersx/parameters/3ob-3-1/N-C.skf
  /home/andersx/parameters/3ob-3-1/N-N.skf
  /home/andersx/parameters/3ob-3-1/N-O.skf
  /home/andersx/parameters/3ob-3-1/N-H.skf
  /home/andersx/parameters/3ob-3-1/O-C.skf
  /home/andersx/parameters/3ob-3-1/O-N.skf
  /home/andersx/parameters/3ob-3-1/O-O.skf
  /home/andersx/parameters/3ob-3-1/O-H.skf
  /home/andersx/parameters/3ob-3-1/H-C.skf
  /home/andersx/parameters/3ob-3-1/H-N.skf
  /home/andersx/parameters/3ob-3-1/H-O.skf
  /home/andersx/parameters/3ob-3-1/H-H.skf
Done.

Starting initialization...
--------------------------------------------------------------------------------
Mode:                        Static calculation
Self consistent charges:     Yes
SCC-tolerance:                 0.100000E-05
Max. scc iterations:                    100
Ewald alpha parameter:         0.000000E+00
Spin polarisation:           No
Nr. of up electrons:            20.000000
Nr. of down electrons:          20.000000
Periodic boundaries:         No
Diagonalizer:                Divide and Conquer
Mixer:                       Anderson mixer
Mixing parameter:                  0.200000
Maximal SCC-cycles:                     100
Nr. of chrg. vectors to mix:              8
Electronic temperature:        0.100000E-07
Initial charges:             Set automatically (system chrg:   0.000E+00)
Included shells:              C:  s, p
                              N:  s, p
                              O:  s, p
                              H:  s
Full 3rd order correction    Yes
Damped SCC                   Yes
Damped specie(s):            H                                                 
Extra options:
--------------------------------------------------------------------------------
 

********************************************************************************
** Geometry step: 0
********************************************************************************

  iSCC Total electronic   Diff electronic      SCC error    
    1   -0.17688479E+02    0.00000000E+00    0.68433242E+00
    2   -0.17689109E+02   -0.62924951E-03    0.67269643E+00
    3   -0.17706293E+02   -0.17184131E-01    0.96856152E-01
    4   -0.17706377E+02   -0.84508826E-04    0.98304432E-01
    5   -0.17706754E+02   -0.37635018E-03    0.25827828E-01
    6   -0.17706738E+02    0.15723696E-04    0.27463736E-01
    7   -0.17706759E+02   -0.21599018E-04    0.69581059E-02
    8   -0.17706765E+02   -0.59341049E-05    0.16709966E-02
    9   -0.17706765E+02   -0.64162585E-07    0.15723879E-02
   10   -0.17706766E+02   -0.10881166E-06    0.13656646E-03
   11   -0.17706766E+02   -0.19830821E-08    0.83238361E-04
   12   -0.17706766E+02   -0.83390717E-09    0.12417565E-04
   13   -0.17706766E+02   -0.88391516E-11    0.15528263E-05
   14   -0.17706766E+02   -0.31974423E-13    0.38934144E-06
>> Charges saved for restart in charges.bin
 
 Total Energy:                     -17.6017729086 H
 Total Mermin free energy:         -17.6017729086 H
