================================================================================
==
==   Density Functional based Tight Binding with a lot of extensions (DFTB+)    
==
==                              Release: 1.2 (p2)
==
==                            (ParserVersion = 4)
==
================================================================================


********************************************************************************
** Parsing and initializing
********************************************************************************

Interpreting input file 'dftb_in.hsd'
--------------------------------------------------------------------------------
WARNING!
-> WriteHSDInput and WriteXMLInput both turned off. You won't eventually be 
 able to obtain the same results with a later version of the code!
Path: dftb_in/ParserOptions
Line: 86-89 (File: dftb_in.hsd)

Reading SK-files:
  /home/andersx/parameters/3ob-3-1/C-C.skf
  /home/andersx/parameters/3ob-3-1/C-N.skf
  /home/andersx/parameters/3ob-3-1/C-O.skf
  /home/andersx/parameters/3ob-3-1/C-H.skf
  /home/andersx/parameters/3ob-3-1/N-C.skf
  /home/andersx/parameters/3ob-3-1/N-N.skf
  /home/andersx/parameters/3ob-3-1/N-O.skf
  /home/andersx/parameters/3ob-3-1/N-H.skf
  /home/andersx/parameters/3ob-3-1/O-C.skf
  /home/andersx/parameters/3ob-3-1/O-N.skf
  /home/andersx/parameters/3ob-3-1/O-O.skf
  /home/andersx/parameters/3ob-3-1/O-H.skf
  /home/andersx/parameters/3ob-3-1/H-C.skf
  /home/andersx/parameters/3ob-3-1/H-N.skf
  /home/andersx/parameters/3ob-3-1/H-O.skf
  /home/andersx/parameters/3ob-3-1/H-H.skf
Done.

Starting initialization...
--------------------------------------------------------------------------------
Mode:                        Static calculation
Self consistent charges:     Yes
SCC-tolerance:                 0.100000E-05
Max. scc iterations:                    100
Ewald alpha parameter:         0.000000E+00
Spin polarisation:           No
Nr. of up electrons:            21.000000
Nr. of down electrons:          21.000000
Periodic boundaries:         No
Diagonalizer:                Divide and Conquer
Mixer:                       Anderson mixer
Mixing parameter:                  0.200000
Maximal SCC-cycles:                     100
Nr. of chrg. vectors to mix:              8
Electronic temperature:        0.100000E-07
Initial charges:             Set automatically (system chrg:   0.000E+00)
Included shells:              C:  s, p
                              N:  s, p
                              O:  s, p
                              H:  s
Full 3rd order correction    Yes
Damped SCC                   Yes
Damped specie(s):            H                                                 
Extra options:
--------------------------------------------------------------------------------
 

********************************************************************************
** Geometry step: 0
********************************************************************************

  iSCC Total electronic   Diff electronic      SCC error    
    1   -0.18409643E+02    0.00000000E+00    0.60856637E+00
    2   -0.18410006E+02   -0.36356038E-03    0.60117186E+00
    3   -0.18420048E+02   -0.10042141E-01    0.89679475E-01
    4   -0.18419882E+02    0.16605235E-03    0.10112547E+00
    5   -0.18420034E+02   -0.15206687E-03    0.11384813E+00
    6   -0.18420359E+02   -0.32467973E-03    0.14194650E-01
    7   -0.18420357E+02    0.23448187E-05    0.11341999E-01
    8   -0.18420366E+02   -0.91834186E-05    0.44174358E-02
    9   -0.18420366E+02   -0.12364419E-06    0.93471433E-03
   10   -0.18420366E+02   -0.67936401E-07    0.14130178E-02
   11   -0.18420366E+02   -0.14940667E-07    0.35835291E-03
   12   -0.18420366E+02   -0.22999025E-08    0.66208583E-04
   13   -0.18420366E+02   -0.38234305E-10    0.86647034E-05
   14   -0.18420366E+02   -0.73150375E-11    0.90918493E-06
>> Charges saved for restart in charges.bin
 
 Total Energy:                     -18.3975439603 H
 Total Mermin free energy:         -18.3975439603 H
