================================================================================
==
==   Density Functional based Tight Binding with a lot of extensions (DFTB+)    
==
==                              Release: 1.2 (p2)
==
==                            (ParserVersion = 4)
==
================================================================================


********************************************************************************
** Parsing and initializing
********************************************************************************

Interpreting input file 'dftb_in.hsd'
--------------------------------------------------------------------------------
WARNING!
-> WriteHSDInput and WriteXMLInput both turned off. You won't eventually be 
 able to obtain the same results with a later version of the code!
Path: dftb_in/ParserOptions
Line: 81-84 (File: dftb_in.hsd)

Reading SK-files:
  /home/andersx/parameters/3ob-3-1/C-C.skf
  /home/andersx/parameters/3ob-3-1/C-N.skf
  /home/andersx/parameters/3ob-3-1/C-O.skf
  /home/andersx/parameters/3ob-3-1/C-H.skf
  /home/andersx/parameters/3ob-3-1/N-C.skf
  /home/andersx/parameters/3ob-3-1/N-N.skf
  /home/andersx/parameters/3ob-3-1/N-O.skf
  /home/andersx/parameters/3ob-3-1/N-H.skf
  /home/andersx/parameters/3ob-3-1/O-C.skf
  /home/andersx/parameters/3ob-3-1/O-N.skf
  /home/andersx/parameters/3ob-3-1/O-O.skf
  /home/andersx/parameters/3ob-3-1/O-H.skf
  /home/andersx/parameters/3ob-3-1/H-C.skf
  /home/andersx/parameters/3ob-3-1/H-N.skf
  /home/andersx/parameters/3ob-3-1/H-O.skf
  /home/andersx/parameters/3ob-3-1/H-H.skf
Done.

Starting initialization...
--------------------------------------------------------------------------------
Mode:                        Static calculation
Self consistent charges:     Yes
SCC-tolerance:                 0.100000E-05
Max. scc iterations:                    100
Ewald alpha parameter:         0.000000E+00
Spin polarisation:           No
Nr. of up electrons:            19.000000
Nr. of down electrons:          19.000000
Periodic boundaries:         No
Diagonalizer:                Divide and Conquer
Mixer:                       Anderson mixer
Mixing parameter:                  0.200000
Maximal SCC-cycles:                     100
Nr. of chrg. vectors to mix:              8
Electronic temperature:        0.100000E-07
Initial charges:             Set automatically (system chrg:   0.000E+00)
Included shells:              C:  s, p
                              N:  s, p
                              O:  s, p
                              H:  s
Full 3rd order correction    Yes
Damped SCC                   Yes
Damped specie(s):            H                                                 
Extra options:
--------------------------------------------------------------------------------
 

********************************************************************************
** Geometry step: 0
********************************************************************************

  iSCC Total electronic   Diff electronic      SCC error    
    1   -0.17555165E+02    0.00000000E+00    0.64791421E+00
    2   -0.17556075E+02   -0.90992195E-03    0.63555500E+00
    3   -0.17574753E+02   -0.18677763E-01    0.18101192E+00
    4   -0.17574259E+02    0.49449587E-03    0.18178849E+00
    5   -0.17576626E+02   -0.23674699E-02    0.92589384E-01
    6   -0.17576919E+02   -0.29284664E-03    0.29828173E-01
    7   -0.17576872E+02    0.47139123E-04    0.61352189E-01
    8   -0.17576956E+02   -0.84759577E-04    0.33686367E-02
    9   -0.17576956E+02   -0.37740318E-07    0.25801241E-02
   10   -0.17576957E+02   -0.14421651E-06    0.36958726E-03
   11   -0.17576957E+02   -0.13310952E-08    0.15903189E-03
   12   -0.17576957E+02   -0.13177761E-08    0.10645053E-04
   13   -0.17576957E+02   -0.45687898E-11    0.25348719E-05
   14   -0.17576957E+02   -0.32684966E-12    0.48381417E-06
>> Charges saved for restart in charges.bin
 
 Total Energy:                     -17.1958946854 H
 Total Mermin free energy:         -17.1958946854 H
