================================================================================
==
==   Density Functional based Tight Binding with a lot of extensions (DFTB+)    
==
==                              Release: 1.2 (p2)
==
==                            (ParserVersion = 4)
==
================================================================================


********************************************************************************
** Parsing and initializing
********************************************************************************

Interpreting input file 'dftb_in.hsd'
--------------------------------------------------------------------------------
WARNING!
-> WriteHSDInput and WriteXMLInput both turned off. You won't eventually be 
 able to obtain the same results with a later version of the code!
Path: dftb_in/ParserOptions
Line: 84-87 (File: dftb_in.hsd)

Reading SK-files:
  /home/andersx/parameters/3ob-3-1/C-C.skf
  /home/andersx/parameters/3ob-3-1/C-N.skf
  /home/andersx/parameters/3ob-3-1/C-O.skf
  /home/andersx/parameters/3ob-3-1/C-H.skf
  /home/andersx/parameters/3ob-3-1/N-C.skf
  /home/andersx/parameters/3ob-3-1/N-N.skf
  /home/andersx/parameters/3ob-3-1/N-O.skf
  /home/andersx/parameters/3ob-3-1/N-H.skf
  /home/andersx/parameters/3ob-3-1/O-C.skf
  /home/andersx/parameters/3ob-3-1/O-N.skf
  /home/andersx/parameters/3ob-3-1/O-O.skf
  /home/andersx/parameters/3ob-3-1/O-H.skf
  /home/andersx/parameters/3ob-3-1/H-C.skf
  /home/andersx/parameters/3ob-3-1/H-N.skf
  /home/andersx/parameters/3ob-3-1/H-O.skf
  /home/andersx/parameters/3ob-3-1/H-H.skf
Done.

Starting initialization...
--------------------------------------------------------------------------------
Mode:                        Static calculation
Self consistent charges:     Yes
SCC-tolerance:                 0.100000E-05
Max. scc iterations:                    100
Ewald alpha parameter:         0.000000E+00
Spin polarisation:           No
Nr. of up electrons:            20.000000
Nr. of down electrons:          20.000000
Periodic boundaries:         No
Diagonalizer:                Divide and Conquer
Mixer:                       Anderson mixer
Mixing parameter:                  0.200000
Maximal SCC-cycles:                     100
Nr. of chrg. vectors to mix:              8
Electronic temperature:        0.100000E-07
Initial charges:             Set automatically (system chrg:   0.000E+00)
Included shells:              C:  s, p
                              N:  s, p
                              O:  s, p
                              H:  s
Full 3rd order correction    Yes
Damped SCC                   Yes
Damped specie(s):            H                                                 
Extra options:
--------------------------------------------------------------------------------
 

********************************************************************************
** Geometry step: 0
********************************************************************************

  iSCC Total electronic   Diff electronic      SCC error    
    1   -0.17754141E+02    0.00000000E+00    0.84590279E+00
    2   -0.17755018E+02   -0.87698805E-03    0.83209733E+00
    3   -0.17774423E+02   -0.19405889E-01    0.22584193E+00
    4   -0.17774831E+02   -0.40713341E-03    0.22355210E+00
    5   -0.17777115E+02   -0.22849235E-02    0.27061876E-01
    6   -0.17777142E+02   -0.26588704E-04    0.24176232E-01
    7   -0.17777154E+02   -0.12335408E-04    0.13485207E-01
    8   -0.17777159E+02   -0.42627753E-05    0.39895204E-02
    9   -0.17777159E+02   -0.22037617E-06    0.40280004E-02
   10   -0.17777159E+02   -0.52141152E-06    0.91165633E-03
   11   -0.17777159E+02   -0.59815157E-08    0.63443729E-03
   12   -0.17777159E+02   -0.18486610E-07    0.19134796E-04
   13   -0.17777159E+02   -0.45801585E-10    0.64596855E-05
   14   -0.17777159E+02   -0.17088553E-11    0.94986717E-06
>> Charges saved for restart in charges.bin
 
 Total Energy:                     -17.6409097859 H
 Total Mermin free energy:         -17.6409097859 H
