================================================================================
==
==   Density Functional based Tight Binding with a lot of extensions (DFTB+)    
==
==                              Release: 1.2 (p2)
==
==                            (ParserVersion = 4)
==
================================================================================


********************************************************************************
** Parsing and initializing
********************************************************************************

Interpreting input file 'dftb_in.hsd'
--------------------------------------------------------------------------------
WARNING!
-> WriteHSDInput and WriteXMLInput both turned off. You won't eventually be 
 able to obtain the same results with a later version of the code!
Path: dftb_in/ParserOptions
Line: 81-84 (File: dftb_in.hsd)

Reading SK-files:
  /home/andersx/parameters/3ob-3-1/C-C.skf
  /home/andersx/parameters/3ob-3-1/C-O.skf
  /home/andersx/parameters/3ob-3-1/C-N.skf
  /home/andersx/parameters/3ob-3-1/C-H.skf
  /home/andersx/parameters/3ob-3-1/O-C.skf
  /home/andersx/parameters/3ob-3-1/O-O.skf
  /home/andersx/parameters/3ob-3-1/O-N.skf
  /home/andersx/parameters/3ob-3-1/O-H.skf
  /home/andersx/parameters/3ob-3-1/N-C.skf
  /home/andersx/parameters/3ob-3-1/N-O.skf
  /home/andersx/parameters/3ob-3-1/N-N.skf
  /home/andersx/parameters/3ob-3-1/N-H.skf
  /home/andersx/parameters/3ob-3-1/H-C.skf
  /home/andersx/parameters/3ob-3-1/H-O.skf
  /home/andersx/parameters/3ob-3-1/H-N.skf
  /home/andersx/parameters/3ob-3-1/H-H.skf
Done.

Starting initialization...
--------------------------------------------------------------------------------
Mode:                        Static calculation
Self consistent charges:     Yes
SCC-tolerance:                 0.100000E-05
Max. scc iterations:                    100
Ewald alpha parameter:         0.000000E+00
Spin polarisation:           No
Nr. of up electrons:            19.000000
Nr. of down electrons:          19.000000
Periodic boundaries:         No
Diagonalizer:                Divide and Conquer
Mixer:                       Anderson mixer
Mixing parameter:                  0.200000
Maximal SCC-cycles:                     100
Nr. of chrg. vectors to mix:              8
Electronic temperature:        0.100000E-07
Initial charges:             Set automatically (system chrg:   0.000E+00)
Included shells:              C:  s, p
                              O:  s, p
                              N:  s, p
                              H:  s
Full 3rd order correction    Yes
Damped SCC                   Yes
Damped specie(s):            H                                                 
Extra options:
--------------------------------------------------------------------------------
 

********************************************************************************
** Geometry step: 0
********************************************************************************

  iSCC Total electronic   Diff electronic      SCC error    
    1   -0.17554445E+02    0.00000000E+00    0.67021367E+00
    2   -0.17555409E+02   -0.96368647E-03    0.65817322E+00
    3   -0.17573136E+02   -0.17727074E-01    0.21621033E+00
    4   -0.17572410E+02    0.72604399E-03    0.20608972E+00
    5   -0.17576337E+02   -0.39272224E-02    0.94853018E-01
    6   -0.17576682E+02   -0.34461176E-03    0.26457439E-01
    7   -0.17576676E+02    0.57411210E-05    0.34147977E-01
    8   -0.17576699E+02   -0.23161185E-04    0.34780480E-02
    9   -0.17576699E+02    0.12489693E-07    0.27537130E-02
   10   -0.17576700E+02   -0.47439675E-06    0.96139834E-03
   11   -0.17576700E+02   -0.48003585E-07    0.47977187E-03
   12   -0.17576700E+02   -0.20001494E-07    0.93002502E-04
   13   -0.17576700E+02   -0.26214764E-09    0.40778116E-04
   14   -0.17576700E+02   -0.68450134E-10    0.21512232E-05
   15   -0.17576700E+02   -0.71054274E-13    0.28543360E-06
>> Charges saved for restart in charges.bin
 
 Total Energy:                     -17.1943867286 H
 Total Mermin free energy:         -17.1943867286 H
