================================================================================
==
==   Density Functional based Tight Binding with a lot of extensions (DFTB+)    
==
==                              Release: 1.2 (p2)
==
==                            (ParserVersion = 4)
==
================================================================================


********************************************************************************
** Parsing and initializing
********************************************************************************

Interpreting input file 'dftb_in.hsd'
--------------------------------------------------------------------------------
WARNING!
-> WriteHSDInput and WriteXMLInput both turned off. You won't eventually be 
 able to obtain the same results with a later version of the code!
Path: dftb_in/ParserOptions
Line: 81-84 (File: dftb_in.hsd)

Reading SK-files:
  /home/andersx/parameters/3ob-3-1/C-C.skf
  /home/andersx/parameters/3ob-3-1/C-N.skf
  /home/andersx/parameters/3ob-3-1/C-O.skf
  /home/andersx/parameters/3ob-3-1/C-H.skf
  /home/andersx/parameters/3ob-3-1/N-C.skf
  /home/andersx/parameters/3ob-3-1/N-N.skf
  /home/andersx/parameters/3ob-3-1/N-O.skf
  /home/andersx/parameters/3ob-3-1/N-H.skf
  /home/andersx/parameters/3ob-3-1/O-C.skf
  /home/andersx/parameters/3ob-3-1/O-N.skf
  /home/andersx/parameters/3ob-3-1/O-O.skf
  /home/andersx/parameters/3ob-3-1/O-H.skf
  /home/andersx/parameters/3ob-3-1/H-C.skf
  /home/andersx/parameters/3ob-3-1/H-N.skf
  /home/andersx/parameters/3ob-3-1/H-O.skf
  /home/andersx/parameters/3ob-3-1/H-H.skf
Done.

Starting initialization...
--------------------------------------------------------------------------------
Mode:                        Static calculation
Self consistent charges:     Yes
SCC-tolerance:                 0.100000E-05
Max. scc iterations:                    100
Ewald alpha parameter:         0.000000E+00
Spin polarisation:           No
Nr. of up electrons:            19.000000
Nr. of down electrons:          19.000000
Periodic boundaries:         No
Diagonalizer:                Divide and Conquer
Mixer:                       Anderson mixer
Mixing parameter:                  0.200000
Maximal SCC-cycles:                     100
Nr. of chrg. vectors to mix:              8
Electronic temperature:        0.100000E-07
Initial charges:             Set automatically (system chrg:   0.000E+00)
Included shells:              C:  s, p
                              N:  s, p
                              O:  s, p
                              H:  s
Full 3rd order correction    Yes
Damped SCC                   Yes
Damped specie(s):            H                                                 
Extra options:
--------------------------------------------------------------------------------
 

********************************************************************************
** Geometry step: 0
********************************************************************************

  iSCC Total electronic   Diff electronic      SCC error    
    1   -0.17403826E+02    0.00000000E+00    0.65538635E+00
    2   -0.17404869E+02   -0.10430543E-02    0.64711617E+00
    3   -0.17426777E+02   -0.21908263E-01    0.19850345E+00
    4   -0.17426697E+02    0.80247157E-04    0.19089281E+00
    5   -0.17428311E+02   -0.16143621E-02    0.14020223E-01
    6   -0.17428303E+02    0.80893933E-05    0.13948344E-01
    7   -0.17428325E+02   -0.21772648E-04    0.85221090E-02
    8   -0.17428327E+02   -0.26390452E-05    0.21587655E-02
    9   -0.17428327E+02   -0.11204492E-07    0.31323843E-02
   10   -0.17428327E+02   -0.57804204E-07    0.14231115E-02
   11   -0.17428327E+02   -0.20560286E-07    0.41844497E-03
   12   -0.17428327E+02   -0.14421467E-07    0.40047286E-04
   13   -0.17428327E+02   -0.88974161E-10    0.10472675E-04
   14   -0.17428327E+02   -0.30446756E-11    0.13735732E-05
   15   -0.17428327E+02   -0.74606987E-13    0.10052980E-06
>> Charges saved for restart in charges.bin
 
 Total Energy:                     -17.1174948282 H
 Total Mermin free energy:         -17.1174948282 H
