================================================================================
==
==   Density Functional based Tight Binding with a lot of extensions (DFTB+)    
==
==                              Release: 1.2 (p2)
==
==                            (ParserVersion = 4)
==
================================================================================


********************************************************************************
** Parsing and initializing
********************************************************************************

Interpreting input file 'dftb_in.hsd'
--------------------------------------------------------------------------------
WARNING!
-> WriteHSDInput and WriteXMLInput both turned off. You won't eventually be 
 able to obtain the same results with a later version of the code!
Path: dftb_in/ParserOptions
Line: 79-82 (File: dftb_in.hsd)

Reading SK-files:
  /home/andersx/parameters/3ob-3-1/C-C.skf
  /home/andersx/parameters/3ob-3-1/C-N.skf
  /home/andersx/parameters/3ob-3-1/C-O.skf
  /home/andersx/parameters/3ob-3-1/C-H.skf
  /home/andersx/parameters/3ob-3-1/N-C.skf
  /home/andersx/parameters/3ob-3-1/N-N.skf
  /home/andersx/parameters/3ob-3-1/N-O.skf
  /home/andersx/parameters/3ob-3-1/N-H.skf
  /home/andersx/parameters/3ob-3-1/O-C.skf
  /home/andersx/parameters/3ob-3-1/O-N.skf
  /home/andersx/parameters/3ob-3-1/O-O.skf
  /home/andersx/parameters/3ob-3-1/O-H.skf
  /home/andersx/parameters/3ob-3-1/H-C.skf
  /home/andersx/parameters/3ob-3-1/H-N.skf
  /home/andersx/parameters/3ob-3-1/H-O.skf
  /home/andersx/parameters/3ob-3-1/H-H.skf
Done.

Starting initialization...
--------------------------------------------------------------------------------
Mode:                        Static calculation
Self consistent charges:     Yes
SCC-tolerance:                 0.100000E-05
Max. scc iterations:                    100
Ewald alpha parameter:         0.000000E+00
Spin polarisation:           No
Nr. of up electrons:            18.000000
Nr. of down electrons:          18.000000
Periodic boundaries:         No
Diagonalizer:                Divide and Conquer
Mixer:                       Anderson mixer
Mixing parameter:                  0.200000
Maximal SCC-cycles:                     100
Nr. of chrg. vectors to mix:              8
Electronic temperature:        0.100000E-07
Initial charges:             Set automatically (system chrg:   0.000E+00)
Included shells:              C:  s, p
                              N:  s, p
                              O:  s, p
                              H:  s
Full 3rd order correction    Yes
Damped SCC                   Yes
Damped specie(s):            H                                                 
Extra options:
--------------------------------------------------------------------------------
 

********************************************************************************
** Geometry step: 0
********************************************************************************

  iSCC Total electronic   Diff electronic      SCC error    
    1   -0.16705566E+02    0.00000000E+00    0.68555167E+00
    2   -0.16706955E+02   -0.13890763E-02    0.67386944E+00
    3   -0.16740514E+02   -0.33559417E-01    0.13055769E+00
    4   -0.16740708E+02   -0.19308139E-03    0.12042688E+00
    5   -0.16740944E+02   -0.23692181E-03    0.59637020E-01
    6   -0.16741035E+02   -0.90312212E-04    0.28886842E-01
    7   -0.16741075E+02   -0.40078449E-04    0.28887992E-01
    8   -0.16741151E+02   -0.75912460E-04    0.62085822E-02
    9   -0.16741151E+02   -0.36296618E-06    0.52217310E-02
   10   -0.16741152E+02   -0.88146786E-06    0.86688286E-03
   11   -0.16741152E+02   -0.38758905E-07    0.50529813E-03
   12   -0.16741152E+02   -0.30564145E-07    0.76851091E-04
   13   -0.16741152E+02   -0.43552362E-09    0.39046881E-04
   14   -0.16741152E+02   -0.12440537E-09    0.19413682E-05
   15   -0.16741152E+02   -0.13500312E-12    0.25653342E-06
>> Charges saved for restart in charges.bin
 
 Total Energy:                     -16.3520894224 H
 Total Mermin free energy:         -16.3520894224 H
