================================================================================
==
==   Density Functional based Tight Binding with a lot of extensions (DFTB+)    
==
==                              Release: 1.2 (p2)
==
==                            (ParserVersion = 4)
==
================================================================================


********************************************************************************
** Parsing and initializing
********************************************************************************

Interpreting input file 'dftb_in.hsd'
--------------------------------------------------------------------------------
WARNING!
-> WriteHSDInput and WriteXMLInput both turned off. You won't eventually be 
 able to obtain the same results with a later version of the code!
Path: dftb_in/ParserOptions
Line: 83-86 (File: dftb_in.hsd)

Reading SK-files:
  /home/andersx/parameters/3ob-3-1/C-C.skf
  /home/andersx/parameters/3ob-3-1/C-N.skf
  /home/andersx/parameters/3ob-3-1/C-O.skf
  /home/andersx/parameters/3ob-3-1/C-H.skf
  /home/andersx/parameters/3ob-3-1/N-C.skf
  /home/andersx/parameters/3ob-3-1/N-N.skf
  /home/andersx/parameters/3ob-3-1/N-O.skf
  /home/andersx/parameters/3ob-3-1/N-H.skf
  /home/andersx/parameters/3ob-3-1/O-C.skf
  /home/andersx/parameters/3ob-3-1/O-N.skf
  /home/andersx/parameters/3ob-3-1/O-O.skf
  /home/andersx/parameters/3ob-3-1/O-H.skf
  /home/andersx/parameters/3ob-3-1/H-C.skf
  /home/andersx/parameters/3ob-3-1/H-N.skf
  /home/andersx/parameters/3ob-3-1/H-O.skf
  /home/andersx/parameters/3ob-3-1/H-H.skf
Done.

Starting initialization...
--------------------------------------------------------------------------------
Mode:                        Static calculation
Self consistent charges:     Yes
SCC-tolerance:                 0.100000E-05
Max. scc iterations:                    100
Ewald alpha parameter:         0.000000E+00
Spin polarisation:           No
Nr. of up electrons:            20.000000
Nr. of down electrons:          20.000000
Periodic boundaries:         No
Diagonalizer:                Divide and Conquer
Mixer:                       Anderson mixer
Mixing parameter:                  0.200000
Maximal SCC-cycles:                     100
Nr. of chrg. vectors to mix:              8
Electronic temperature:        0.100000E-07
Initial charges:             Set automatically (system chrg:   0.000E+00)
Included shells:              C:  s, p
                              N:  s, p
                              O:  s, p
                              H:  s
Full 3rd order correction    Yes
Damped SCC                   Yes
Damped specie(s):            H                                                 
Extra options:
--------------------------------------------------------------------------------
 

********************************************************************************
** Geometry step: 0
********************************************************************************

  iSCC Total electronic   Diff electronic      SCC error    
    1   -0.18145266E+02    0.00000000E+00    0.54569035E+00
    2   -0.18145582E+02   -0.31602691E-03    0.53813056E+00
    3   -0.18154335E+02   -0.87525760E-02    0.10227950E+00
    4   -0.18154256E+02    0.78233223E-04    0.93298162E-01
    5   -0.18154317E+02   -0.60976432E-04    0.62115241E-01
    6   -0.18154490E+02   -0.17297696E-03    0.22658225E-01
    7   -0.18154464E+02    0.25936491E-04    0.27308108E-01
    8   -0.18154520E+02   -0.55721943E-04    0.73107364E-02
    9   -0.18154523E+02   -0.34477679E-05    0.32401447E-02
   10   -0.18154524E+02   -0.15535179E-06    0.27368874E-02
   11   -0.18154524E+02   -0.15917013E-06    0.29165837E-03
   12   -0.18154524E+02   -0.43527137E-08    0.17567814E-03
   13   -0.18154524E+02   -0.11877148E-08    0.25539745E-04
   14   -0.18154524E+02   -0.10725643E-10    0.17941989E-05
   15   -0.18154524E+02   -0.28421709E-13    0.34746460E-06
>> Charges saved for restart in charges.bin
 
 Total Energy:                     -17.8931288595 H
 Total Mermin free energy:         -17.8931288595 H
