================================================================================
==
==   Density Functional based Tight Binding with a lot of extensions (DFTB+)    
==
==                              Release: 1.2 (p2)
==
==                            (ParserVersion = 4)
==
================================================================================


********************************************************************************
** Parsing and initializing
********************************************************************************

Interpreting input file 'dftb_in.hsd'
--------------------------------------------------------------------------------
WARNING!
-> WriteHSDInput and WriteXMLInput both turned off. You won't eventually be 
 able to obtain the same results with a later version of the code!
Path: dftb_in/ParserOptions
Line: 82-85 (File: dftb_in.hsd)

Reading SK-files:
  /home/andersx/parameters/3ob-3-1/C-C.skf
  /home/andersx/parameters/3ob-3-1/C-N.skf
  /home/andersx/parameters/3ob-3-1/C-O.skf
  /home/andersx/parameters/3ob-3-1/C-H.skf
  /home/andersx/parameters/3ob-3-1/N-C.skf
  /home/andersx/parameters/3ob-3-1/N-N.skf
  /home/andersx/parameters/3ob-3-1/N-O.skf
  /home/andersx/parameters/3ob-3-1/N-H.skf
  /home/andersx/parameters/3ob-3-1/O-C.skf
  /home/andersx/parameters/3ob-3-1/O-N.skf
  /home/andersx/parameters/3ob-3-1/O-O.skf
  /home/andersx/parameters/3ob-3-1/O-H.skf
  /home/andersx/parameters/3ob-3-1/H-C.skf
  /home/andersx/parameters/3ob-3-1/H-N.skf
  /home/andersx/parameters/3ob-3-1/H-O.skf
  /home/andersx/parameters/3ob-3-1/H-H.skf
Done.

Starting initialization...
--------------------------------------------------------------------------------
Mode:                        Static calculation
Self consistent charges:     Yes
SCC-tolerance:                 0.100000E-05
Max. scc iterations:                    100
Ewald alpha parameter:         0.000000E+00
Spin polarisation:           No
Nr. of up electrons:            19.000000
Nr. of down electrons:          19.000000
Periodic boundaries:         No
Diagonalizer:                Divide and Conquer
Mixer:                       Anderson mixer
Mixing parameter:                  0.200000
Maximal SCC-cycles:                     100
Nr. of chrg. vectors to mix:              8
Electronic temperature:        0.100000E-07
Initial charges:             Set automatically (system chrg:   0.000E+00)
Included shells:              C:  s, p
                              N:  s, p
                              O:  s, p
                              H:  s
Full 3rd order correction    Yes
Damped SCC                   Yes
Damped specie(s):            H                                                 
Extra options:
--------------------------------------------------------------------------------
 

********************************************************************************
** Geometry step: 0
********************************************************************************

  iSCC Total electronic   Diff electronic      SCC error    
    1   -0.16971366E+02    0.00000000E+00    0.39869421E+00
    2   -0.16972071E+02   -0.70476884E-03    0.39145653E+00
    3   -0.16987054E+02   -0.14983388E-01    0.13297304E+00
    4   -0.16987149E+02   -0.94626967E-04    0.13247498E+00
    5   -0.16987880E+02   -0.73111572E-03    0.24341693E-01
    6   -0.16987881E+02   -0.79608391E-06    0.22768848E-01
    7   -0.16987900E+02   -0.18679598E-04    0.78557173E-02
    8   -0.16987900E+02   -0.68033303E-06    0.50862471E-02
    9   -0.16987901E+02   -0.10817420E-05    0.41744228E-03
   10   -0.16987902E+02   -0.28398073E-07    0.27417705E-03
   11   -0.16987902E+02   -0.54037983E-08    0.31058851E-04
   12   -0.16987902E+02   -0.11428725E-09    0.63051583E-05
   13   -0.16987902E+02   -0.11546319E-11    0.11218622E-05
   14   -0.16987902E+02   -0.71054274E-13    0.10472729E-06
>> Charges saved for restart in charges.bin
 
 Total Energy:                     -16.7939064945 H
 Total Mermin free energy:         -16.7939064945 H
