================================================================================
==
==   Density Functional based Tight Binding with a lot of extensions (DFTB+)    
==
==                              Release: 1.2 (p2)
==
==                            (ParserVersion = 4)
==
================================================================================


********************************************************************************
** Parsing and initializing
********************************************************************************

Interpreting input file 'dftb_in.hsd'
--------------------------------------------------------------------------------
WARNING!
-> WriteHSDInput and WriteXMLInput both turned off. You won't eventually be 
 able to obtain the same results with a later version of the code!
Path: dftb_in/ParserOptions
Line: 82-85 (File: dftb_in.hsd)

Reading SK-files:
  /home/andersx/parameters/3ob-3-1/C-C.skf
  /home/andersx/parameters/3ob-3-1/C-O.skf
  /home/andersx/parameters/3ob-3-1/C-N.skf
  /home/andersx/parameters/3ob-3-1/C-H.skf
  /home/andersx/parameters/3ob-3-1/O-C.skf
  /home/andersx/parameters/3ob-3-1/O-O.skf
  /home/andersx/parameters/3ob-3-1/O-N.skf
  /home/andersx/parameters/3ob-3-1/O-H.skf
  /home/andersx/parameters/3ob-3-1/N-C.skf
  /home/andersx/parameters/3ob-3-1/N-O.skf
  /home/andersx/parameters/3ob-3-1/N-N.skf
  /home/andersx/parameters/3ob-3-1/N-H.skf
  /home/andersx/parameters/3ob-3-1/H-C.skf
  /home/andersx/parameters/3ob-3-1/H-O.skf
  /home/andersx/parameters/3ob-3-1/H-N.skf
  /home/andersx/parameters/3ob-3-1/H-H.skf
Done.

Starting initialization...
--------------------------------------------------------------------------------
Mode:                        Static calculation
Self consistent charges:     Yes
SCC-tolerance:                 0.100000E-05
Max. scc iterations:                    100
Ewald alpha parameter:         0.000000E+00
Spin polarisation:           No
Nr. of up electrons:            19.000000
Nr. of down electrons:          19.000000
Periodic boundaries:         No
Diagonalizer:                Divide and Conquer
Mixer:                       Anderson mixer
Mixing parameter:                  0.200000
Maximal SCC-cycles:                     100
Nr. of chrg. vectors to mix:              8
Electronic temperature:        0.100000E-07
Initial charges:             Set automatically (system chrg:   0.000E+00)
Included shells:              C:  s, p
                              O:  s, p
                              N:  s, p
                              H:  s
Full 3rd order correction    Yes
Damped SCC                   Yes
Damped specie(s):            H                                                 
Extra options:
--------------------------------------------------------------------------------
 

********************************************************************************
** Geometry step: 0
********************************************************************************

  iSCC Total electronic   Diff electronic      SCC error    
    1   -0.17035909E+02    0.00000000E+00    0.65796103E+00
    2   -0.17037155E+02   -0.12456574E-02    0.64682735E+00
    3   -0.17067079E+02   -0.29924249E-01    0.12664442E+00
    4   -0.17067083E+02   -0.42356170E-05    0.12320036E+00
    5   -0.17067480E+02   -0.39724111E-03    0.33779448E-01
    6   -0.17067499E+02   -0.18914780E-04    0.31742246E-01
    7   -0.17067476E+02    0.23334977E-04    0.34292329E-01
    8   -0.17067527E+02   -0.51481123E-04    0.26939113E-02
    9   -0.17067528E+02   -0.16149778E-06    0.20753593E-02
   10   -0.17067528E+02   -0.41860769E-06    0.49546890E-03
   11   -0.17067528E+02   -0.10209295E-07    0.23573118E-03
   12   -0.17067528E+02   -0.16534933E-08    0.10554948E-04
   13   -0.17067528E+02   -0.26254554E-11    0.31628315E-05
   14   -0.17067528E+02   -0.20250468E-12    0.23051184E-06
>> Charges saved for restart in charges.bin
 
 Total Energy:                     -16.8502256312 H
 Total Mermin free energy:         -16.8502256312 H
