================================================================================
==
==   Density Functional based Tight Binding with a lot of extensions (DFTB+)    
==
==                              Release: 1.2 (p2)
==
==                            (ParserVersion = 4)
==
================================================================================


********************************************************************************
** Parsing and initializing
********************************************************************************

Interpreting input file 'dftb_in.hsd'
--------------------------------------------------------------------------------
WARNING!
-> WriteHSDInput and WriteXMLInput both turned off. You won't eventually be 
 able to obtain the same results with a later version of the code!
Path: dftb_in/ParserOptions
Line: 86-89 (File: dftb_in.hsd)

Reading SK-files:
  /home/andersx/parameters/3ob-3-1/C-C.skf
  /home/andersx/parameters/3ob-3-1/C-O.skf
  /home/andersx/parameters/3ob-3-1/C-N.skf
  /home/andersx/parameters/3ob-3-1/C-H.skf
  /home/andersx/parameters/3ob-3-1/O-C.skf
  /home/andersx/parameters/3ob-3-1/O-O.skf
  /home/andersx/parameters/3ob-3-1/O-N.skf
  /home/andersx/parameters/3ob-3-1/O-H.skf
  /home/andersx/parameters/3ob-3-1/N-C.skf
  /home/andersx/parameters/3ob-3-1/N-O.skf
  /home/andersx/parameters/3ob-3-1/N-N.skf
  /home/andersx/parameters/3ob-3-1/N-H.skf
  /home/andersx/parameters/3ob-3-1/H-C.skf
  /home/andersx/parameters/3ob-3-1/H-O.skf
  /home/andersx/parameters/3ob-3-1/H-N.skf
  /home/andersx/parameters/3ob-3-1/H-H.skf
Done.

Starting initialization...
--------------------------------------------------------------------------------
Mode:                        Static calculation
Self consistent charges:     Yes
SCC-tolerance:                 0.100000E-05
Max. scc iterations:                    100
Ewald alpha parameter:         0.000000E+00
Spin polarisation:           No
Nr. of up electrons:            21.000000
Nr. of down electrons:          21.000000
Periodic boundaries:         No
Diagonalizer:                Divide and Conquer
Mixer:                       Anderson mixer
Mixing parameter:                  0.200000
Maximal SCC-cycles:                     100
Nr. of chrg. vectors to mix:              8
Electronic temperature:        0.100000E-07
Initial charges:             Set automatically (system chrg:   0.000E+00)
Included shells:              C:  s, p
                              O:  s, p
                              N:  s, p
                              H:  s
Full 3rd order correction    Yes
Damped SCC                   Yes
Damped specie(s):            H                                                 
Extra options:
--------------------------------------------------------------------------------
 

********************************************************************************
** Geometry step: 0
********************************************************************************

  iSCC Total electronic   Diff electronic      SCC error    
    1   -0.18424695E+02    0.00000000E+00    0.69646350E+00
    2   -0.18424877E+02   -0.18274599E-03    0.68735396E+00
    3   -0.18429348E+02   -0.44701198E-02    0.78486570E-01
    4   -0.18429209E+02    0.13847570E-03    0.65769926E-01
    5   -0.18429353E+02   -0.14349587E-03    0.14062992E+00
    6   -0.18429677E+02   -0.32471755E-03    0.20596412E-01
    7   -0.18429677E+02   -0.19052541E-06    0.18022252E-01
    8   -0.18429679E+02   -0.17777811E-05    0.57461110E-02
    9   -0.18429680E+02   -0.61275727E-06    0.12870583E-02
   10   -0.18429680E+02   -0.21673721E-07    0.94942132E-03
   11   -0.18429680E+02   -0.35028169E-07    0.10443918E-03
   12   -0.18429680E+02   -0.14858337E-08    0.56395049E-04
   13   -0.18429680E+02   -0.57187322E-09    0.10410130E-04
   14   -0.18429680E+02   -0.32152059E-11    0.35173413E-05
   15   -0.18429680E+02   -0.19895197E-12    0.32772931E-06
>> Charges saved for restart in charges.bin
 
 Total Energy:                     -18.3867798279 H
 Total Mermin free energy:         -18.3867798279 H
