================================================================================
==
==   Density Functional based Tight Binding with a lot of extensions (DFTB+)    
==
==                              Release: 1.2 (p2)
==
==                            (ParserVersion = 4)
==
================================================================================


********************************************************************************
** Parsing and initializing
********************************************************************************

Interpreting input file 'dftb_in.hsd'
--------------------------------------------------------------------------------
WARNING!
-> WriteHSDInput and WriteXMLInput both turned off. You won't eventually be 
 able to obtain the same results with a later version of the code!
Path: dftb_in/ParserOptions
Line: 71-74 (File: dftb_in.hsd)

Reading SK-files:
  /home/andersx/parameters/3ob-3-1/C-C.skf
  /home/andersx/parameters/3ob-3-1/C-O.skf
  /home/andersx/parameters/3ob-3-1/C-H.skf
  /home/andersx/parameters/3ob-3-1/O-C.skf
  /home/andersx/parameters/3ob-3-1/O-O.skf
  /home/andersx/parameters/3ob-3-1/O-H.skf
  /home/andersx/parameters/3ob-3-1/H-C.skf
  /home/andersx/parameters/3ob-3-1/H-O.skf
  /home/andersx/parameters/3ob-3-1/H-H.skf
Done.

Starting initialization...
--------------------------------------------------------------------------------
Mode:                        Static calculation
Self consistent charges:     Yes
SCC-tolerance:                 0.100000E-05
Max. scc iterations:                    100
Ewald alpha parameter:         0.000000E+00
Spin polarisation:           No
Nr. of up electrons:            13.000000
Nr. of down electrons:          13.000000
Periodic boundaries:         No
Diagonalizer:                Divide and Conquer
Mixer:                       Anderson mixer
Mixing parameter:                  0.200000
Maximal SCC-cycles:                     100
Nr. of chrg. vectors to mix:              8
Electronic temperature:        0.100000E-07
Initial charges:             Set automatically (system chrg:   0.000E+00)
Included shells:              C:  s, p
                              O:  s, p
                              H:  s
Full 3rd order correction    Yes
Damped SCC                   Yes
Damped specie(s):            H                                                 
Extra options:
--------------------------------------------------------------------------------
 

********************************************************************************
** Geometry step: 0
********************************************************************************

  iSCC Total electronic   Diff electronic      SCC error    
    1   -0.11380020E+02    0.00000000E+00    0.55237190E+00
    2   -0.11380340E+02   -0.31918373E-03    0.54377125E+00
    3   -0.11389420E+02   -0.90804204E-02    0.82082272E-01
    4   -0.11389371E+02    0.49563906E-04    0.75043845E-01
    5   -0.11389397E+02   -0.26319661E-04    0.55766467E-01
    6   -0.11389484E+02   -0.87187989E-04    0.51611733E-02
    7   -0.11389484E+02    0.53906920E-07    0.58855743E-02
    8   -0.11389485E+02   -0.70726828E-06    0.32696191E-02
    9   -0.11389485E+02   -0.70793842E-07    0.27998710E-02
   10   -0.11389485E+02   -0.17839474E-06    0.55363864E-03
   11   -0.11389485E+02   -0.57407572E-08    0.29676397E-03
   12   -0.11389485E+02   -0.93520391E-09    0.71038795E-05
   13   -0.11389485E+02   -0.41637804E-11    0.29070544E-05
   14   -0.11389485E+02   -0.51159077E-12    0.12733652E-06
>> Charges saved for restart in charges.bin
 
 Total Energy:                     -11.4517258688 H
 Total Mermin free energy:         -11.4517258688 H
