================================================================================
==
==   Density Functional based Tight Binding with a lot of extensions (DFTB+)    
==
==                              Release: 1.2 (p2)
==
==                            (ParserVersion = 4)
==
================================================================================


********************************************************************************
** Parsing and initializing
********************************************************************************

Interpreting input file 'dftb_in.hsd'
--------------------------------------------------------------------------------
WARNING!
-> WriteHSDInput and WriteXMLInput both turned off. You won't eventually be 
 able to obtain the same results with a later version of the code!
Path: dftb_in/ParserOptions
Line: 77-80 (File: dftb_in.hsd)

Reading SK-files:
  /home/andersx/parameters/3ob-3-1/C-C.skf
  /home/andersx/parameters/3ob-3-1/C-N.skf
  /home/andersx/parameters/3ob-3-1/C-H.skf
  /home/andersx/parameters/3ob-3-1/N-C.skf
  /home/andersx/parameters/3ob-3-1/N-N.skf
  /home/andersx/parameters/3ob-3-1/N-H.skf
  /home/andersx/parameters/3ob-3-1/H-C.skf
  /home/andersx/parameters/3ob-3-1/H-N.skf
  /home/andersx/parameters/3ob-3-1/H-H.skf
Done.

Starting initialization...
--------------------------------------------------------------------------------
Mode:                        Static calculation
Self consistent charges:     Yes
SCC-tolerance:                 0.100000E-05
Max. scc iterations:                    100
Ewald alpha parameter:         0.000000E+00
Spin polarisation:           No
Nr. of up electrons:            19.000000
Nr. of down electrons:          19.000000
Periodic boundaries:         No
Diagonalizer:                Divide and Conquer
Mixer:                       Anderson mixer
Mixing parameter:                  0.200000
Maximal SCC-cycles:                     100
Nr. of chrg. vectors to mix:              8
Electronic temperature:        0.100000E-07
Initial charges:             Set automatically (system chrg:   0.000E+00)
Included shells:              C:  s, p
                              N:  s, p
                              H:  s
Full 3rd order correction    Yes
Damped SCC                   Yes
Damped specie(s):            H                                                 
Extra options:
--------------------------------------------------------------------------------
 

********************************************************************************
** Geometry step: 0
********************************************************************************

  iSCC Total electronic   Diff electronic      SCC error    
    1   -0.16244726E+02    0.00000000E+00    0.59098658E+00
    2   -0.16244775E+02   -0.49433668E-04    0.58384085E+00
    3   -0.16246019E+02   -0.12434727E-02    0.44616806E-01
    4   -0.16245998E+02    0.21110642E-04    0.30135128E-01
    5   -0.16245996E+02    0.15467786E-05    0.30354402E-01
    6   -0.16246057E+02   -0.61158473E-04    0.67304484E-02
    7   -0.16246057E+02    0.32277028E-06    0.45580889E-02
    8   -0.16246058E+02   -0.70080729E-06    0.37780018E-02
    9   -0.16246058E+02   -0.48790612E-06    0.67141788E-03
   10   -0.16246058E+02   -0.56169682E-08    0.45950171E-03
   11   -0.16246058E+02   -0.10895235E-07    0.83911755E-04
   12   -0.16246058E+02   -0.20434143E-09    0.24990899E-04
   13   -0.16246058E+02   -0.11308288E-10    0.32823616E-05
   14   -0.16246058E+02   -0.58619776E-12    0.33862744E-06
>> Charges saved for restart in charges.bin
 
 Total Energy:                     -16.1641765570 H
 Total Mermin free energy:         -16.1641765570 H
