================================================================================
==
==   Density Functional based Tight Binding with a lot of extensions (DFTB+)    
==
==                              Release: 1.2 (p2)
==
==                            (ParserVersion = 4)
==
================================================================================


********************************************************************************
** Parsing and initializing
********************************************************************************

Interpreting input file 'dftb_in.hsd'
--------------------------------------------------------------------------------
WARNING!
-> WriteHSDInput and WriteXMLInput both turned off. You won't eventually be 
 able to obtain the same results with a later version of the code!
Path: dftb_in/ParserOptions
Line: 82-85 (File: dftb_in.hsd)

Reading SK-files:
  /home/andersx/parameters/3ob-3-1/C-C.skf
  /home/andersx/parameters/3ob-3-1/C-N.skf
  /home/andersx/parameters/3ob-3-1/C-O.skf
  /home/andersx/parameters/3ob-3-1/C-H.skf
  /home/andersx/parameters/3ob-3-1/N-C.skf
  /home/andersx/parameters/3ob-3-1/N-N.skf
  /home/andersx/parameters/3ob-3-1/N-O.skf
  /home/andersx/parameters/3ob-3-1/N-H.skf
  /home/andersx/parameters/3ob-3-1/O-C.skf
  /home/andersx/parameters/3ob-3-1/O-N.skf
  /home/andersx/parameters/3ob-3-1/O-O.skf
  /home/andersx/parameters/3ob-3-1/O-H.skf
  /home/andersx/parameters/3ob-3-1/H-C.skf
  /home/andersx/parameters/3ob-3-1/H-N.skf
  /home/andersx/parameters/3ob-3-1/H-O.skf
  /home/andersx/parameters/3ob-3-1/H-H.skf
Done.

Starting initialization...
--------------------------------------------------------------------------------
Mode:                        Static calculation
Self consistent charges:     Yes
SCC-tolerance:                 0.100000E-05
Max. scc iterations:                    100
Ewald alpha parameter:         0.000000E+00
Spin polarisation:           No
Nr. of up electrons:            19.000000
Nr. of down electrons:          19.000000
Periodic boundaries:         No
Diagonalizer:                Divide and Conquer
Mixer:                       Anderson mixer
Mixing parameter:                  0.200000
Maximal SCC-cycles:                     100
Nr. of chrg. vectors to mix:              8
Electronic temperature:        0.100000E-07
Initial charges:             Set automatically (system chrg:   0.000E+00)
Included shells:              C:  s, p
                              N:  s, p
                              O:  s, p
                              H:  s
Full 3rd order correction    Yes
Damped SCC                   Yes
Damped specie(s):            H                                                 
Extra options:
--------------------------------------------------------------------------------
 

********************************************************************************
** Geometry step: 0
********************************************************************************

  iSCC Total electronic   Diff electronic      SCC error    
    1   -0.17024262E+02    0.00000000E+00    0.37863392E+00
    2   -0.17024620E+02   -0.35846939E-03    0.37251797E+00
    3   -0.17032162E+02   -0.75418039E-02    0.11110423E+00
    4   -0.17032154E+02    0.74675601E-05    0.10794713E+00
    5   -0.17033041E+02   -0.88620031E-03    0.21118609E-01
    6   -0.17033039E+02    0.20762576E-05    0.19678511E-01
    7   -0.17033059E+02   -0.20820413E-04    0.52489430E-02
    8   -0.17033060E+02   -0.34577018E-06    0.29377617E-02
    9   -0.17033061E+02   -0.14529862E-05    0.91997294E-03
   10   -0.17033061E+02   -0.19764517E-07    0.67039714E-03
   11   -0.17033061E+02   -0.12193770E-07    0.55487890E-04
   12   -0.17033061E+02   -0.15291235E-09    0.38275261E-04
   13   -0.17033061E+02   -0.74575013E-10    0.18741080E-05
   14   -0.17033061E+02   -0.88817842E-13    0.19492891E-06
>> Charges saved for restart in charges.bin
 
 Total Energy:                     -16.8385506560 H
 Total Mermin free energy:         -16.8385506560 H
