================================================================================
==
==   Density Functional based Tight Binding with a lot of extensions (DFTB+)    
==
==                              Release: 1.2 (p2)
==
==                            (ParserVersion = 4)
==
================================================================================


********************************************************************************
** Parsing and initializing
********************************************************************************

Interpreting input file 'dftb_in.hsd'
--------------------------------------------------------------------------------
WARNING!
-> WriteHSDInput and WriteXMLInput both turned off. You won't eventually be 
 able to obtain the same results with a later version of the code!
Path: dftb_in/ParserOptions
Line: 80-83 (File: dftb_in.hsd)

Reading SK-files:
  /home/andersx/parameters/3ob-3-1/C-C.skf
  /home/andersx/parameters/3ob-3-1/C-N.skf
  /home/andersx/parameters/3ob-3-1/C-O.skf
  /home/andersx/parameters/3ob-3-1/C-H.skf
  /home/andersx/parameters/3ob-3-1/N-C.skf
  /home/andersx/parameters/3ob-3-1/N-N.skf
  /home/andersx/parameters/3ob-3-1/N-O.skf
  /home/andersx/parameters/3ob-3-1/N-H.skf
  /home/andersx/parameters/3ob-3-1/O-C.skf
  /home/andersx/parameters/3ob-3-1/O-N.skf
  /home/andersx/parameters/3ob-3-1/O-O.skf
  /home/andersx/parameters/3ob-3-1/O-H.skf
  /home/andersx/parameters/3ob-3-1/H-C.skf
  /home/andersx/parameters/3ob-3-1/H-N.skf
  /home/andersx/parameters/3ob-3-1/H-O.skf
  /home/andersx/parameters/3ob-3-1/H-H.skf
Done.

Starting initialization...
--------------------------------------------------------------------------------
Mode:                        Static calculation
Self consistent charges:     Yes
SCC-tolerance:                 0.100000E-05
Max. scc iterations:                    100
Ewald alpha parameter:         0.000000E+00
Spin polarisation:           No
Nr. of up electrons:            18.000000
Nr. of down electrons:          18.000000
Periodic boundaries:         No
Diagonalizer:                Divide and Conquer
Mixer:                       Anderson mixer
Mixing parameter:                  0.200000
Maximal SCC-cycles:                     100
Nr. of chrg. vectors to mix:              8
Electronic temperature:        0.100000E-07
Initial charges:             Set automatically (system chrg:   0.000E+00)
Included shells:              C:  s, p
                              N:  s, p
                              O:  s, p
                              H:  s
Full 3rd order correction    Yes
Damped SCC                   Yes
Damped specie(s):            H                                                 
Extra options:
--------------------------------------------------------------------------------
 

********************************************************************************
** Geometry step: 0
********************************************************************************

  iSCC Total electronic   Diff electronic      SCC error    
    1   -0.16327347E+02    0.00000000E+00    0.31918764E+00
    2   -0.16327691E+02   -0.34453732E-03    0.31261199E+00
    3   -0.16334522E+02   -0.68305020E-02    0.13349425E+00
    4   -0.16334499E+02    0.22895499E-04    0.13005488E+00
    5   -0.16335530E+02   -0.10317731E-02    0.18680255E-01
    6   -0.16335526E+02    0.41033679E-05    0.17672512E-01
    7   -0.16335568E+02   -0.41176947E-04    0.24430296E-02
    8   -0.16335568E+02   -0.51667811E-06    0.23139700E-02
    9   -0.16335568E+02   -0.40449692E-06    0.83843771E-03
   10   -0.16335568E+02   -0.23275302E-07    0.51504379E-03
   11   -0.16335569E+02   -0.21067230E-07    0.81204938E-04
   12   -0.16335569E+02   -0.34976111E-09    0.95363439E-05
   13   -0.16335569E+02   -0.44302340E-11    0.49391015E-05
   14   -0.16335569E+02   -0.33750780E-12    0.29615003E-06
>> Charges saved for restart in charges.bin
 
 Total Energy:                     -16.0473701679 H
 Total Mermin free energy:         -16.0473701679 H
