================================================================================
==
==   Density Functional based Tight Binding with a lot of extensions (DFTB+)    
==
==                              Release: 1.2 (p2)
==
==                            (ParserVersion = 4)
==
================================================================================


********************************************************************************
** Parsing and initializing
********************************************************************************

Interpreting input file 'dftb_in.hsd'
--------------------------------------------------------------------------------
WARNING!
-> WriteHSDInput and WriteXMLInput both turned off. You won't eventually be 
 able to obtain the same results with a later version of the code!
Path: dftb_in/ParserOptions
Line: 84-87 (File: dftb_in.hsd)

Reading SK-files:
  /home/andersx/parameters/3ob-3-1/C-C.skf
  /home/andersx/parameters/3ob-3-1/C-O.skf
  /home/andersx/parameters/3ob-3-1/C-N.skf
  /home/andersx/parameters/3ob-3-1/C-H.skf
  /home/andersx/parameters/3ob-3-1/O-C.skf
  /home/andersx/parameters/3ob-3-1/O-O.skf
  /home/andersx/parameters/3ob-3-1/O-N.skf
  /home/andersx/parameters/3ob-3-1/O-H.skf
  /home/andersx/parameters/3ob-3-1/N-C.skf
  /home/andersx/parameters/3ob-3-1/N-O.skf
  /home/andersx/parameters/3ob-3-1/N-N.skf
  /home/andersx/parameters/3ob-3-1/N-H.skf
  /home/andersx/parameters/3ob-3-1/H-C.skf
  /home/andersx/parameters/3ob-3-1/H-O.skf
  /home/andersx/parameters/3ob-3-1/H-N.skf
  /home/andersx/parameters/3ob-3-1/H-H.skf
Done.

Starting initialization...
--------------------------------------------------------------------------------
Mode:                        Static calculation
Self consistent charges:     Yes
SCC-tolerance:                 0.100000E-05
Max. scc iterations:                    100
Ewald alpha parameter:         0.000000E+00
Spin polarisation:           No
Nr. of up electrons:            20.000000
Nr. of down electrons:          20.000000
Periodic boundaries:         No
Diagonalizer:                Divide and Conquer
Mixer:                       Anderson mixer
Mixing parameter:                  0.200000
Maximal SCC-cycles:                     100
Nr. of chrg. vectors to mix:              8
Electronic temperature:        0.100000E-07
Initial charges:             Set automatically (system chrg:   0.000E+00)
Included shells:              C:  s, p
                              O:  s, p
                              N:  s, p
                              H:  s
Full 3rd order correction    Yes
Damped SCC                   Yes
Damped specie(s):            H                                                 
Extra options:
--------------------------------------------------------------------------------
 

********************************************************************************
** Geometry step: 0
********************************************************************************

  iSCC Total electronic   Diff electronic      SCC error    
    1   -0.17752266E+02    0.00000000E+00    0.84284098E+00
    2   -0.17753121E+02   -0.85470267E-03    0.82909008E+00
    3   -0.17772272E+02   -0.19151387E-01    0.21763068E+00
    4   -0.17772656E+02   -0.38386154E-03    0.21564311E+00
    5   -0.17774834E+02   -0.21780101E-02    0.25784019E-01
    6   -0.17774865E+02   -0.30772401E-04    0.22205378E-01
    7   -0.17774882E+02   -0.17686603E-04    0.12435889E-01
    8   -0.17774887E+02   -0.41615204E-05    0.40529121E-02
    9   -0.17774887E+02   -0.20442400E-06    0.33212778E-02
   10   -0.17774887E+02   -0.37761461E-06    0.58564222E-03
   11   -0.17774887E+02   -0.81364888E-08    0.31747579E-03
   12   -0.17774887E+02   -0.40041677E-08    0.50956006E-04
   13   -0.17774887E+02   -0.46860293E-10    0.53934376E-05
   14   -0.17774887E+02   -0.20605739E-12    0.58335016E-06
>> Charges saved for restart in charges.bin
 
 Total Energy:                     -17.6391314558 H
 Total Mermin free energy:         -17.6391314558 H
