================================================================================
==
==   Density Functional based Tight Binding with a lot of extensions (DFTB+)    
==
==                              Release: 1.2 (p2)
==
==                            (ParserVersion = 4)
==
================================================================================


********************************************************************************
** Parsing and initializing
********************************************************************************

Interpreting input file 'dftb_in.hsd'
--------------------------------------------------------------------------------
WARNING!
-> WriteHSDInput and WriteXMLInput both turned off. You won't eventually be 
 able to obtain the same results with a later version of the code!
Path: dftb_in/ParserOptions
Line: 82-85 (File: dftb_in.hsd)

Reading SK-files:
  /home/andersx/parameters/3ob-3-1/C-C.skf
  /home/andersx/parameters/3ob-3-1/C-N.skf
  /home/andersx/parameters/3ob-3-1/C-O.skf
  /home/andersx/parameters/3ob-3-1/C-H.skf
  /home/andersx/parameters/3ob-3-1/N-C.skf
  /home/andersx/parameters/3ob-3-1/N-N.skf
  /home/andersx/parameters/3ob-3-1/N-O.skf
  /home/andersx/parameters/3ob-3-1/N-H.skf
  /home/andersx/parameters/3ob-3-1/O-C.skf
  /home/andersx/parameters/3ob-3-1/O-N.skf
  /home/andersx/parameters/3ob-3-1/O-O.skf
  /home/andersx/parameters/3ob-3-1/O-H.skf
  /home/andersx/parameters/3ob-3-1/H-C.skf
  /home/andersx/parameters/3ob-3-1/H-N.skf
  /home/andersx/parameters/3ob-3-1/H-O.skf
  /home/andersx/parameters/3ob-3-1/H-H.skf
Done.

Starting initialization...
--------------------------------------------------------------------------------
Mode:                        Static calculation
Self consistent charges:     Yes
SCC-tolerance:                 0.100000E-05
Max. scc iterations:                    100
Ewald alpha parameter:         0.000000E+00
Spin polarisation:           No
Nr. of up electrons:            19.000000
Nr. of down electrons:          19.000000
Periodic boundaries:         No
Diagonalizer:                Divide and Conquer
Mixer:                       Anderson mixer
Mixing parameter:                  0.200000
Maximal SCC-cycles:                     100
Nr. of chrg. vectors to mix:              8
Electronic temperature:        0.100000E-07
Initial charges:             Set automatically (system chrg:   0.000E+00)
Included shells:              C:  s, p
                              N:  s, p
                              O:  s, p
                              H:  s
Full 3rd order correction    Yes
Damped SCC                   Yes
Damped specie(s):            H                                                 
Extra options:
--------------------------------------------------------------------------------
 

********************************************************************************
** Geometry step: 0
********************************************************************************

  iSCC Total electronic   Diff electronic      SCC error    
    1   -0.17018800E+02    0.00000000E+00    0.80296846E+00
    2   -0.17019589E+02   -0.78874270E-03    0.78956322E+00
    3   -0.17039367E+02   -0.19778644E-01    0.11190226E+00
    4   -0.17039655E+02   -0.28740357E-03    0.11308015E+00
    5   -0.17040797E+02   -0.11423173E-02    0.29416960E-01
    6   -0.17040812E+02   -0.14751375E-04    0.33581846E-01
    7   -0.17040827E+02   -0.14998869E-04    0.11244307E-01
    8   -0.17040828E+02   -0.14649246E-05    0.18261356E-02
    9   -0.17040829E+02   -0.36669744E-06    0.14283721E-02
   10   -0.17040829E+02   -0.58166625E-06    0.70593360E-03
   11   -0.17040829E+02   -0.21225429E-07    0.38096056E-03
   12   -0.17040829E+02   -0.93355546E-08    0.54328800E-04
   13   -0.17040829E+02   -0.19760193E-09    0.66407590E-05
   14   -0.17040829E+02   -0.37658765E-12    0.10283203E-05
   15   -0.17040829E+02   -0.49737992E-13    0.60622634E-07
>> Charges saved for restart in charges.bin
 
 Total Energy:                     -16.8083330624 H
 Total Mermin free energy:         -16.8083330624 H
