================================================================================
==
==   Density Functional based Tight Binding with a lot of extensions (DFTB+)    
==
==                              Release: 1.2 (p2)
==
==                            (ParserVersion = 4)
==
================================================================================


********************************************************************************
** Parsing and initializing
********************************************************************************

Interpreting input file 'dftb_in.hsd'
--------------------------------------------------------------------------------
WARNING!
-> WriteHSDInput and WriteXMLInput both turned off. You won't eventually be 
 able to obtain the same results with a later version of the code!
Path: dftb_in/ParserOptions
Line: 86-89 (File: dftb_in.hsd)

Reading SK-files:
  /home/andersx/parameters/3ob-3-1/C-C.skf
  /home/andersx/parameters/3ob-3-1/C-N.skf
  /home/andersx/parameters/3ob-3-1/C-O.skf
  /home/andersx/parameters/3ob-3-1/C-H.skf
  /home/andersx/parameters/3ob-3-1/N-C.skf
  /home/andersx/parameters/3ob-3-1/N-N.skf
  /home/andersx/parameters/3ob-3-1/N-O.skf
  /home/andersx/parameters/3ob-3-1/N-H.skf
  /home/andersx/parameters/3ob-3-1/O-C.skf
  /home/andersx/parameters/3ob-3-1/O-N.skf
  /home/andersx/parameters/3ob-3-1/O-O.skf
  /home/andersx/parameters/3ob-3-1/O-H.skf
  /home/andersx/parameters/3ob-3-1/H-C.skf
  /home/andersx/parameters/3ob-3-1/H-N.skf
  /home/andersx/parameters/3ob-3-1/H-O.skf
  /home/andersx/parameters/3ob-3-1/H-H.skf
Done.

Starting initialization...
--------------------------------------------------------------------------------
Mode:                        Static calculation
Self consistent charges:     Yes
SCC-tolerance:                 0.100000E-05
Max. scc iterations:                    100
Ewald alpha parameter:         0.000000E+00
Spin polarisation:           No
Nr. of up electrons:            21.000000
Nr. of down electrons:          21.000000
Periodic boundaries:         No
Diagonalizer:                Divide and Conquer
Mixer:                       Anderson mixer
Mixing parameter:                  0.200000
Maximal SCC-cycles:                     100
Nr. of chrg. vectors to mix:              8
Electronic temperature:        0.100000E-07
Initial charges:             Set automatically (system chrg:   0.000E+00)
Included shells:              C:  s, p
                              N:  s, p
                              O:  s, p
                              H:  s
Full 3rd order correction    Yes
Damped SCC                   Yes
Damped specie(s):            H                                                 
Extra options:
--------------------------------------------------------------------------------
 

********************************************************************************
** Geometry step: 0
********************************************************************************

  iSCC Total electronic   Diff electronic      SCC error    
    1   -0.18435997E+02    0.00000000E+00    0.65627393E+00
    2   -0.18436121E+02   -0.12345023E-03    0.64777281E+00
    3   -0.18439574E+02   -0.34534016E-02    0.56616031E-01
    4   -0.18439530E+02    0.43638393E-04    0.35933400E-01
    5   -0.18439554E+02   -0.23433623E-04    0.88889816E-01
    6   -0.18439670E+02   -0.11600067E-03    0.12213614E-01
    7   -0.18439669E+02    0.63122734E-06    0.83856837E-02
    8   -0.18439672E+02   -0.27248386E-05    0.67045429E-02
    9   -0.18439672E+02   -0.55663162E-06    0.10397886E-02
   10   -0.18439672E+02   -0.15284858E-07    0.88692743E-03
   11   -0.18439673E+02   -0.49325834E-07    0.12358936E-03
   12   -0.18439673E+02   -0.14342660E-08    0.68102106E-04
   13   -0.18439673E+02   -0.61223915E-09    0.12620136E-04
   14   -0.18439673E+02   -0.56630256E-11    0.16966066E-05
   15   -0.18439673E+02   -0.39079850E-13    0.53408014E-06
>> Charges saved for restart in charges.bin
 
 Total Energy:                     -18.3690077958 H
 Total Mermin free energy:         -18.3690077958 H
