================================================================================
==
==   Density Functional based Tight Binding with a lot of extensions (DFTB+)    
==
==                              Release: 1.2 (p2)
==
==                            (ParserVersion = 4)
==
================================================================================


********************************************************************************
** Parsing and initializing
********************************************************************************

Interpreting input file 'dftb_in.hsd'
--------------------------------------------------------------------------------
WARNING!
-> WriteHSDInput and WriteXMLInput both turned off. You won't eventually be 
 able to obtain the same results with a later version of the code!
Path: dftb_in/ParserOptions
Line: 78-81 (File: dftb_in.hsd)

Reading SK-files:
  /home/andersx/parameters/3ob-3-1/C-C.skf
  /home/andersx/parameters/3ob-3-1/C-O.skf
  /home/andersx/parameters/3ob-3-1/C-N.skf
  /home/andersx/parameters/3ob-3-1/C-H.skf
  /home/andersx/parameters/3ob-3-1/O-C.skf
  /home/andersx/parameters/3ob-3-1/O-O.skf
  /home/andersx/parameters/3ob-3-1/O-N.skf
  /home/andersx/parameters/3ob-3-1/O-H.skf
  /home/andersx/parameters/3ob-3-1/N-C.skf
  /home/andersx/parameters/3ob-3-1/N-O.skf
  /home/andersx/parameters/3ob-3-1/N-N.skf
  /home/andersx/parameters/3ob-3-1/N-H.skf
  /home/andersx/parameters/3ob-3-1/H-C.skf
  /home/andersx/parameters/3ob-3-1/H-O.skf
  /home/andersx/parameters/3ob-3-1/H-N.skf
  /home/andersx/parameters/3ob-3-1/H-H.skf
Done.

Starting initialization...
--------------------------------------------------------------------------------
Mode:                        Static calculation
Self consistent charges:     Yes
SCC-tolerance:                 0.100000E-05
Max. scc iterations:                    100
Ewald alpha parameter:         0.000000E+00
Spin polarisation:           No
Nr. of up electrons:            17.000000
Nr. of down electrons:          17.000000
Periodic boundaries:         No
Diagonalizer:                Divide and Conquer
Mixer:                       Anderson mixer
Mixing parameter:                  0.200000
Maximal SCC-cycles:                     100
Nr. of chrg. vectors to mix:              8
Electronic temperature:        0.100000E-07
Initial charges:             Set automatically (system chrg:   0.000E+00)
Included shells:              C:  s, p
                              O:  s, p
                              N:  s, p
                              H:  s
Full 3rd order correction    Yes
Damped SCC                   Yes
Damped specie(s):            H                                                 
Extra options:
--------------------------------------------------------------------------------
 

********************************************************************************
** Geometry step: 0
********************************************************************************

  iSCC Total electronic   Diff electronic      SCC error    
    1   -0.15662374E+02    0.00000000E+00    0.36376441E+00
    2   -0.15662718E+02   -0.34391107E-03    0.35882753E+00
    3   -0.15671006E+02   -0.82884292E-02    0.92774242E-01
    4   -0.15671008E+02   -0.17045711E-05    0.90617965E-01
    5   -0.15671300E+02   -0.29183055E-03    0.35777286E-01
    6   -0.15671300E+02   -0.10663840E-06    0.35283314E-01
    7   -0.15671363E+02   -0.63244005E-04    0.30939628E-02
    8   -0.15671364E+02   -0.37076656E-06    0.24330093E-02
    9   -0.15671365E+02   -0.83506934E-06    0.49524446E-03
   10   -0.15671365E+02   -0.17466869E-07    0.37145000E-03
   11   -0.15671365E+02    0.51779026E-10    0.88133649E-04
   12   -0.15671365E+02   -0.13899584E-08    0.62088930E-05
   13   -0.15671365E+02   -0.91482377E-12    0.17841654E-05
   14   -0.15671365E+02   -0.53290705E-13    0.15766908E-06
>> Charges saved for restart in charges.bin
 
 Total Energy:                     -15.2434680432 H
 Total Mermin free energy:         -15.2434680432 H
