================================================================================
==
==   Density Functional based Tight Binding with a lot of extensions (DFTB+)    
==
==                              Release: 1.2 (p2)
==
==                            (ParserVersion = 4)
==
================================================================================


********************************************************************************
** Parsing and initializing
********************************************************************************

Interpreting input file 'dftb_in.hsd'
--------------------------------------------------------------------------------
WARNING!
-> WriteHSDInput and WriteXMLInput both turned off. You won't eventually be 
 able to obtain the same results with a later version of the code!
Path: dftb_in/ParserOptions
Line: 79-82 (File: dftb_in.hsd)

Reading SK-files:
  /home/andersx/parameters/3ob-3-1/C-C.skf
  /home/andersx/parameters/3ob-3-1/C-O.skf
  /home/andersx/parameters/3ob-3-1/C-N.skf
  /home/andersx/parameters/3ob-3-1/C-H.skf
  /home/andersx/parameters/3ob-3-1/O-C.skf
  /home/andersx/parameters/3ob-3-1/O-O.skf
  /home/andersx/parameters/3ob-3-1/O-N.skf
  /home/andersx/parameters/3ob-3-1/O-H.skf
  /home/andersx/parameters/3ob-3-1/N-C.skf
  /home/andersx/parameters/3ob-3-1/N-O.skf
  /home/andersx/parameters/3ob-3-1/N-N.skf
  /home/andersx/parameters/3ob-3-1/N-H.skf
  /home/andersx/parameters/3ob-3-1/H-C.skf
  /home/andersx/parameters/3ob-3-1/H-O.skf
  /home/andersx/parameters/3ob-3-1/H-N.skf
  /home/andersx/parameters/3ob-3-1/H-H.skf
Done.

Starting initialization...
--------------------------------------------------------------------------------
Mode:                        Static calculation
Self consistent charges:     Yes
SCC-tolerance:                 0.100000E-05
Max. scc iterations:                    100
Ewald alpha parameter:         0.000000E+00
Spin polarisation:           No
Nr. of up electrons:            18.000000
Nr. of down electrons:          18.000000
Periodic boundaries:         No
Diagonalizer:                Divide and Conquer
Mixer:                       Anderson mixer
Mixing parameter:                  0.200000
Maximal SCC-cycles:                     100
Nr. of chrg. vectors to mix:              8
Electronic temperature:        0.100000E-07
Initial charges:             Set automatically (system chrg:   0.000E+00)
Included shells:              C:  s, p
                              O:  s, p
                              N:  s, p
                              H:  s
Full 3rd order correction    Yes
Damped SCC                   Yes
Damped specie(s):            H                                                 
Extra options:
--------------------------------------------------------------------------------
 

********************************************************************************
** Geometry step: 0
********************************************************************************

  iSCC Total electronic   Diff electronic      SCC error    
    1   -0.16729888E+02    0.00000000E+00    0.31833770E+00
    2   -0.16730290E+02   -0.40206816E-03    0.31354272E+00
    3   -0.16738818E+02   -0.85281309E-02    0.80983666E-01
    4   -0.16738840E+02   -0.22053630E-04    0.79983298E-01
    5   -0.16739435E+02   -0.59508909E-03    0.31664731E-01
    6   -0.16739436E+02   -0.65122487E-06    0.31259654E-01
    7   -0.16739465E+02   -0.28920155E-04    0.46751943E-02
    8   -0.16739466E+02   -0.15506594E-05    0.38689146E-02
    9   -0.16739469E+02   -0.26199956E-05    0.85829672E-03
   10   -0.16739469E+02   -0.20024469E-07    0.65315000E-03
   11   -0.16739469E+02   -0.24589404E-07    0.84088930E-04
   12   -0.16739469E+02   -0.33629277E-09    0.17975036E-04
   13   -0.16739469E+02   -0.13411494E-10    0.31058056E-05
   14   -0.16739469E+02   -0.16697754E-12    0.24436872E-06
>> Charges saved for restart in charges.bin
 
 Total Energy:                     -16.3187473611 H
 Total Mermin free energy:         -16.3187473611 H
