================================================================================
==
==   Density Functional based Tight Binding with a lot of extensions (DFTB+)    
==
==                              Release: 1.2 (p2)
==
==                            (ParserVersion = 4)
==
================================================================================


********************************************************************************
** Parsing and initializing
********************************************************************************

Interpreting input file 'dftb_in.hsd'
--------------------------------------------------------------------------------
WARNING!
-> WriteHSDInput and WriteXMLInput both turned off. You won't eventually be 
 able to obtain the same results with a later version of the code!
Path: dftb_in/ParserOptions
Line: 82-85 (File: dftb_in.hsd)

Reading SK-files:
  /home/andersx/parameters/3ob-3-1/C-C.skf
  /home/andersx/parameters/3ob-3-1/C-N.skf
  /home/andersx/parameters/3ob-3-1/C-O.skf
  /home/andersx/parameters/3ob-3-1/C-H.skf
  /home/andersx/parameters/3ob-3-1/N-C.skf
  /home/andersx/parameters/3ob-3-1/N-N.skf
  /home/andersx/parameters/3ob-3-1/N-O.skf
  /home/andersx/parameters/3ob-3-1/N-H.skf
  /home/andersx/parameters/3ob-3-1/O-C.skf
  /home/andersx/parameters/3ob-3-1/O-N.skf
  /home/andersx/parameters/3ob-3-1/O-O.skf
  /home/andersx/parameters/3ob-3-1/O-H.skf
  /home/andersx/parameters/3ob-3-1/H-C.skf
  /home/andersx/parameters/3ob-3-1/H-N.skf
  /home/andersx/parameters/3ob-3-1/H-O.skf
  /home/andersx/parameters/3ob-3-1/H-H.skf
Done.

Starting initialization...
--------------------------------------------------------------------------------
Mode:                        Static calculation
Self consistent charges:     Yes
SCC-tolerance:                 0.100000E-05
Max. scc iterations:                    100
Ewald alpha parameter:         0.000000E+00
Spin polarisation:           No
Nr. of up electrons:            19.000000
Nr. of down electrons:          19.000000
Periodic boundaries:         No
Diagonalizer:                Divide and Conquer
Mixer:                       Anderson mixer
Mixing parameter:                  0.200000
Maximal SCC-cycles:                     100
Nr. of chrg. vectors to mix:              8
Electronic temperature:        0.100000E-07
Initial charges:             Set automatically (system chrg:   0.000E+00)
Included shells:              C:  s, p
                              N:  s, p
                              O:  s, p
                              H:  s
Full 3rd order correction    Yes
Damped SCC                   Yes
Damped specie(s):            H                                                 
Extra options:
--------------------------------------------------------------------------------
 

********************************************************************************
** Geometry step: 0
********************************************************************************

  iSCC Total electronic   Diff electronic      SCC error    
    1   -0.17001798E+02    0.00000000E+00    0.71156259E+00
    2   -0.17002580E+02   -0.78248811E-03    0.69907981E+00
    3   -0.17022508E+02   -0.19928059E-01    0.88533220E-01
    4   -0.17022680E+02   -0.17110957E-03    0.94414423E-01
    5   -0.17023409E+02   -0.72994997E-03    0.35581716E-01
    6   -0.17023406E+02    0.30024182E-05    0.33762479E-01
    7   -0.17023429E+02   -0.22930835E-04    0.92486617E-02
    8   -0.17023432E+02   -0.21163445E-05    0.22593960E-02
    9   -0.17023432E+02   -0.27768665E-06    0.17996047E-02
   10   -0.17023432E+02   -0.41684238E-06    0.27731656E-03
   11   -0.17023432E+02   -0.87817398E-08    0.13555089E-03
   12   -0.17023432E+02   -0.22980622E-08    0.25134675E-04
   13   -0.17023432E+02   -0.49997340E-10    0.50062852E-05
   14   -0.17023432E+02   -0.28421709E-12    0.86466956E-06
>> Charges saved for restart in charges.bin
 
 Total Energy:                     -16.8046305002 H
 Total Mermin free energy:         -16.8046305002 H
