================================================================================
==
==   Density Functional based Tight Binding with a lot of extensions (DFTB+)    
==
==                              Release: 1.2 (p2)
==
==                            (ParserVersion = 4)
==
================================================================================


********************************************************************************
** Parsing and initializing
********************************************************************************

Interpreting input file 'dftb_in.hsd'
--------------------------------------------------------------------------------
WARNING!
-> WriteHSDInput and WriteXMLInput both turned off. You won't eventually be 
 able to obtain the same results with a later version of the code!
Path: dftb_in/ParserOptions
Line: 84-87 (File: dftb_in.hsd)

Reading SK-files:
  /home/andersx/parameters/3ob-3-1/C-C.skf
  /home/andersx/parameters/3ob-3-1/C-N.skf
  /home/andersx/parameters/3ob-3-1/C-O.skf
  /home/andersx/parameters/3ob-3-1/C-H.skf
  /home/andersx/parameters/3ob-3-1/N-C.skf
  /home/andersx/parameters/3ob-3-1/N-N.skf
  /home/andersx/parameters/3ob-3-1/N-O.skf
  /home/andersx/parameters/3ob-3-1/N-H.skf
  /home/andersx/parameters/3ob-3-1/O-C.skf
  /home/andersx/parameters/3ob-3-1/O-N.skf
  /home/andersx/parameters/3ob-3-1/O-O.skf
  /home/andersx/parameters/3ob-3-1/O-H.skf
  /home/andersx/parameters/3ob-3-1/H-C.skf
  /home/andersx/parameters/3ob-3-1/H-N.skf
  /home/andersx/parameters/3ob-3-1/H-O.skf
  /home/andersx/parameters/3ob-3-1/H-H.skf
Done.

Starting initialization...
--------------------------------------------------------------------------------
Mode:                        Static calculation
Self consistent charges:     Yes
SCC-tolerance:                 0.100000E-05
Max. scc iterations:                    100
Ewald alpha parameter:         0.000000E+00
Spin polarisation:           No
Nr. of up electrons:            20.000000
Nr. of down electrons:          20.000000
Periodic boundaries:         No
Diagonalizer:                Divide and Conquer
Mixer:                       Anderson mixer
Mixing parameter:                  0.200000
Maximal SCC-cycles:                     100
Nr. of chrg. vectors to mix:              8
Electronic temperature:        0.100000E-07
Initial charges:             Set automatically (system chrg:   0.000E+00)
Included shells:              C:  s, p
                              N:  s, p
                              O:  s, p
                              H:  s
Full 3rd order correction    Yes
Damped SCC                   Yes
Damped specie(s):            H                                                 
Extra options:
--------------------------------------------------------------------------------
 

********************************************************************************
** Geometry step: 0
********************************************************************************

  iSCC Total electronic   Diff electronic      SCC error    
    1   -0.17701783E+02    0.00000000E+00    0.71436661E+00
    2   -0.17702516E+02   -0.73273158E-03    0.70192977E+00
    3   -0.17721481E+02   -0.18965093E-01    0.93112072E-01
    4   -0.17721607E+02   -0.12638581E-03    0.94365101E-01
    5   -0.17722232E+02   -0.62432372E-03    0.27860653E-01
    6   -0.17722226E+02    0.61560883E-05    0.19539769E-01
    7   -0.17722232E+02   -0.66269918E-05    0.12693656E-01
    8   -0.17722239E+02   -0.69709964E-05    0.32078191E-02
    9   -0.17722239E+02   -0.18480555E-06    0.24954050E-02
   10   -0.17722240E+02   -0.35761208E-06    0.44439619E-03
   11   -0.17722240E+02   -0.10416965E-07    0.20585781E-03
   12   -0.17722240E+02   -0.42688981E-08    0.28700052E-04
   13   -0.17722240E+02   -0.45524473E-10    0.33255589E-05
   14   -0.17722240E+02   -0.18474111E-12    0.72420195E-06
>> Charges saved for restart in charges.bin
 
 Total Energy:                     -17.5990479192 H
 Total Mermin free energy:         -17.5990479192 H
