================================================================================
==
==   Density Functional based Tight Binding with a lot of extensions (DFTB+)    
==
==                              Release: 1.2 (p2)
==
==                            (ParserVersion = 4)
==
================================================================================


********************************************************************************
** Parsing and initializing
********************************************************************************

Interpreting input file 'dftb_in.hsd'
--------------------------------------------------------------------------------
WARNING!
-> WriteHSDInput and WriteXMLInput both turned off. You won't eventually be 
 able to obtain the same results with a later version of the code!
Path: dftb_in/ParserOptions
Line: 84-87 (File: dftb_in.hsd)

Reading SK-files:
  /home/andersx/parameters/3ob-3-1/C-C.skf
  /home/andersx/parameters/3ob-3-1/C-N.skf
  /home/andersx/parameters/3ob-3-1/C-O.skf
  /home/andersx/parameters/3ob-3-1/C-H.skf
  /home/andersx/parameters/3ob-3-1/N-C.skf
  /home/andersx/parameters/3ob-3-1/N-N.skf
  /home/andersx/parameters/3ob-3-1/N-O.skf
  /home/andersx/parameters/3ob-3-1/N-H.skf
  /home/andersx/parameters/3ob-3-1/O-C.skf
  /home/andersx/parameters/3ob-3-1/O-N.skf
  /home/andersx/parameters/3ob-3-1/O-O.skf
  /home/andersx/parameters/3ob-3-1/O-H.skf
  /home/andersx/parameters/3ob-3-1/H-C.skf
  /home/andersx/parameters/3ob-3-1/H-N.skf
  /home/andersx/parameters/3ob-3-1/H-O.skf
  /home/andersx/parameters/3ob-3-1/H-H.skf
Done.

Starting initialization...
--------------------------------------------------------------------------------
Mode:                        Static calculation
Self consistent charges:     Yes
SCC-tolerance:                 0.100000E-05
Max. scc iterations:                    100
Ewald alpha parameter:         0.000000E+00
Spin polarisation:           No
Nr. of up electrons:            20.000000
Nr. of down electrons:          20.000000
Periodic boundaries:         No
Diagonalizer:                Divide and Conquer
Mixer:                       Anderson mixer
Mixing parameter:                  0.200000
Maximal SCC-cycles:                     100
Nr. of chrg. vectors to mix:              8
Electronic temperature:        0.100000E-07
Initial charges:             Set automatically (system chrg:   0.000E+00)
Included shells:              C:  s, p
                              N:  s, p
                              O:  s, p
                              H:  s
Full 3rd order correction    Yes
Damped SCC                   Yes
Damped specie(s):            H                                                 
Extra options:
--------------------------------------------------------------------------------
 

********************************************************************************
** Geometry step: 0
********************************************************************************

  iSCC Total electronic   Diff electronic      SCC error    
    1   -0.17735904E+02    0.00000000E+00    0.48045718E+00
    2   -0.17736080E+02   -0.17529909E-03    0.47403141E+00
    3   -0.17739346E+02   -0.32660112E-02    0.95639612E-01
    4   -0.17739262E+02    0.83682457E-04    0.10078083E+00
    5   -0.17740506E+02   -0.12437257E-02    0.24488776E-01
    6   -0.17740513E+02   -0.69852343E-05    0.19866555E-01
    7   -0.17740519E+02   -0.62631355E-05    0.19932192E-01
    8   -0.17740526E+02   -0.75406789E-05    0.28317413E-02
    9   -0.17740527E+02   -0.12504857E-06    0.22647482E-02
   10   -0.17740527E+02   -0.35471760E-06    0.16058704E-02
   11   -0.17740527E+02   -0.61873500E-07    0.71498130E-03
   12   -0.17740527E+02   -0.88802086E-07    0.99173820E-04
   13   -0.17740527E+02   -0.13482300E-08    0.59988638E-04
   14   -0.17740527E+02   -0.18820856E-09    0.12073166E-04
   15   -0.17740527E+02   -0.13137935E-10    0.35121136E-05
   16   -0.17740527E+02   -0.61106675E-12    0.94369454E-06
>> Charges saved for restart in charges.bin
 
 Total Energy:                     -17.5642525831 H
 Total Mermin free energy:         -17.5642525831 H
