================================================================================
==
==   Density Functional based Tight Binding with a lot of extensions (DFTB+)    
==
==                              Release: 1.2 (p2)
==
==                            (ParserVersion = 4)
==
================================================================================


********************************************************************************
** Parsing and initializing
********************************************************************************

Interpreting input file 'dftb_in.hsd'
--------------------------------------------------------------------------------
WARNING!
-> WriteHSDInput and WriteXMLInput both turned off. You won't eventually be 
 able to obtain the same results with a later version of the code!
Path: dftb_in/ParserOptions
Line: 84-87 (File: dftb_in.hsd)

Reading SK-files:
  /home/andersx/parameters/3ob-3-1/C-C.skf
  /home/andersx/parameters/3ob-3-1/C-N.skf
  /home/andersx/parameters/3ob-3-1/C-O.skf
  /home/andersx/parameters/3ob-3-1/C-H.skf
  /home/andersx/parameters/3ob-3-1/N-C.skf
  /home/andersx/parameters/3ob-3-1/N-N.skf
  /home/andersx/parameters/3ob-3-1/N-O.skf
  /home/andersx/parameters/3ob-3-1/N-H.skf
  /home/andersx/parameters/3ob-3-1/O-C.skf
  /home/andersx/parameters/3ob-3-1/O-N.skf
  /home/andersx/parameters/3ob-3-1/O-O.skf
  /home/andersx/parameters/3ob-3-1/O-H.skf
  /home/andersx/parameters/3ob-3-1/H-C.skf
  /home/andersx/parameters/3ob-3-1/H-N.skf
  /home/andersx/parameters/3ob-3-1/H-O.skf
  /home/andersx/parameters/3ob-3-1/H-H.skf
Done.

Starting initialization...
--------------------------------------------------------------------------------
Mode:                        Static calculation
Self consistent charges:     Yes
SCC-tolerance:                 0.100000E-05
Max. scc iterations:                    100
Ewald alpha parameter:         0.000000E+00
Spin polarisation:           No
Nr. of up electrons:            20.000000
Nr. of down electrons:          20.000000
Periodic boundaries:         No
Diagonalizer:                Divide and Conquer
Mixer:                       Anderson mixer
Mixing parameter:                  0.200000
Maximal SCC-cycles:                     100
Nr. of chrg. vectors to mix:              8
Electronic temperature:        0.100000E-07
Initial charges:             Set automatically (system chrg:   0.000E+00)
Included shells:              C:  s, p
                              N:  s, p
                              O:  s, p
                              H:  s
Full 3rd order correction    Yes
Damped SCC                   Yes
Damped specie(s):            H                                                 
Extra options:
--------------------------------------------------------------------------------
 

********************************************************************************
** Geometry step: 0
********************************************************************************

  iSCC Total electronic   Diff electronic      SCC error    
    1   -0.17719328E+02    0.00000000E+00    0.49309974E+00
    2   -0.17719504E+02   -0.17558226E-03    0.48652680E+00
    3   -0.17723241E+02   -0.37365708E-02    0.10415903E+00
    4   -0.17723159E+02    0.81574674E-04    0.10835387E+00
    5   -0.17724010E+02   -0.85117313E-03    0.30942135E-01
    6   -0.17724037E+02   -0.27040051E-04    0.18067012E-01
    7   -0.17724040E+02   -0.23069104E-05    0.20952745E-01
    8   -0.17724048E+02   -0.83640431E-05    0.38712803E-02
    9   -0.17724048E+02   -0.90198327E-07    0.28101863E-02
   10   -0.17724048E+02   -0.43370687E-06    0.91717561E-03
   11   -0.17724048E+02   -0.14538376E-07    0.52011981E-03
   12   -0.17724049E+02   -0.20629599E-07    0.40245239E-04
   13   -0.17724049E+02   -0.90878416E-10    0.30581514E-04
   14   -0.17724049E+02   -0.36557424E-11    0.29394640E-05
   15   -0.17724049E+02   -0.31974423E-12    0.31701000E-06
>> Charges saved for restart in charges.bin
 
 Total Energy:                     -17.5466830866 H
 Total Mermin free energy:         -17.5466830866 H
