================================================================================
==
==   Density Functional based Tight Binding with a lot of extensions (DFTB+)    
==
==                              Release: 1.2 (p2)
==
==                            (ParserVersion = 4)
==
================================================================================


********************************************************************************
** Parsing and initializing
********************************************************************************

Interpreting input file 'dftb_in.hsd'
--------------------------------------------------------------------------------
WARNING!
-> WriteHSDInput and WriteXMLInput both turned off. You won't eventually be 
 able to obtain the same results with a later version of the code!
Path: dftb_in/ParserOptions
Line: 82-85 (File: dftb_in.hsd)

Reading SK-files:
  /home/andersx/parameters/3ob-3-1/C-C.skf
  /home/andersx/parameters/3ob-3-1/C-N.skf
  /home/andersx/parameters/3ob-3-1/C-O.skf
  /home/andersx/parameters/3ob-3-1/C-H.skf
  /home/andersx/parameters/3ob-3-1/N-C.skf
  /home/andersx/parameters/3ob-3-1/N-N.skf
  /home/andersx/parameters/3ob-3-1/N-O.skf
  /home/andersx/parameters/3ob-3-1/N-H.skf
  /home/andersx/parameters/3ob-3-1/O-C.skf
  /home/andersx/parameters/3ob-3-1/O-N.skf
  /home/andersx/parameters/3ob-3-1/O-O.skf
  /home/andersx/parameters/3ob-3-1/O-H.skf
  /home/andersx/parameters/3ob-3-1/H-C.skf
  /home/andersx/parameters/3ob-3-1/H-N.skf
  /home/andersx/parameters/3ob-3-1/H-O.skf
  /home/andersx/parameters/3ob-3-1/H-H.skf
Done.

Starting initialization...
--------------------------------------------------------------------------------
Mode:                        Static calculation
Self consistent charges:     Yes
SCC-tolerance:                 0.100000E-05
Max. scc iterations:                    100
Ewald alpha parameter:         0.000000E+00
Spin polarisation:           No
Nr. of up electrons:            19.000000
Nr. of down electrons:          19.000000
Periodic boundaries:         No
Diagonalizer:                Divide and Conquer
Mixer:                       Anderson mixer
Mixing parameter:                  0.200000
Maximal SCC-cycles:                     100
Nr. of chrg. vectors to mix:              8
Electronic temperature:        0.100000E-07
Initial charges:             Set automatically (system chrg:   0.000E+00)
Included shells:              C:  s, p
                              N:  s, p
                              O:  s, p
                              H:  s
Full 3rd order correction    Yes
Damped SCC                   Yes
Damped specie(s):            H                                                 
Extra options:
--------------------------------------------------------------------------------
 

********************************************************************************
** Geometry step: 0
********************************************************************************

  iSCC Total electronic   Diff electronic      SCC error    
    1   -0.17164347E+02    0.00000000E+00    0.90002422E+00
    2   -0.17165307E+02   -0.95996650E-03    0.88552649E+00
    3   -0.17189098E+02   -0.23791275E-01    0.26252984E+00
    4   -0.17189685E+02   -0.58640583E-03    0.26158503E+00
    5   -0.17191276E+02   -0.15917294E-02    0.61358662E-01
    6   -0.17191340E+02   -0.63877957E-04    0.55835892E-01
    7   -0.17191389E+02   -0.48251323E-04    0.34514401E-01
    8   -0.17191414E+02   -0.25154663E-04    0.47128968E-02
    9   -0.17191415E+02   -0.86406030E-06    0.41447191E-02
   10   -0.17191416E+02   -0.17992600E-05    0.47363451E-03
   11   -0.17191416E+02   -0.19300110E-07    0.30591361E-03
   12   -0.17191416E+02   -0.45134065E-08    0.25711360E-04
   13   -0.17191416E+02   -0.81076479E-10    0.10212647E-04
   14   -0.17191416E+02   -0.42099657E-11    0.89041133E-06
>> Charges saved for restart in charges.bin
 
 Total Energy:                     -16.8484912816 H
 Total Mermin free energy:         -16.8484912816 H
