================================================================================
==
==   Density Functional based Tight Binding with a lot of extensions (DFTB+)    
==
==                              Release: 1.2 (p2)
==
==                            (ParserVersion = 4)
==
================================================================================


********************************************************************************
** Parsing and initializing
********************************************************************************

Interpreting input file 'dftb_in.hsd'
--------------------------------------------------------------------------------
WARNING!
-> WriteHSDInput and WriteXMLInput both turned off. You won't eventually be 
 able to obtain the same results with a later version of the code!
Path: dftb_in/ParserOptions
Line: 84-87 (File: dftb_in.hsd)

Reading SK-files:
  /home/andersx/parameters/3ob-3-1/C-C.skf
  /home/andersx/parameters/3ob-3-1/C-N.skf
  /home/andersx/parameters/3ob-3-1/C-O.skf
  /home/andersx/parameters/3ob-3-1/C-H.skf
  /home/andersx/parameters/3ob-3-1/N-C.skf
  /home/andersx/parameters/3ob-3-1/N-N.skf
  /home/andersx/parameters/3ob-3-1/N-O.skf
  /home/andersx/parameters/3ob-3-1/N-H.skf
  /home/andersx/parameters/3ob-3-1/O-C.skf
  /home/andersx/parameters/3ob-3-1/O-N.skf
  /home/andersx/parameters/3ob-3-1/O-O.skf
  /home/andersx/parameters/3ob-3-1/O-H.skf
  /home/andersx/parameters/3ob-3-1/H-C.skf
  /home/andersx/parameters/3ob-3-1/H-N.skf
  /home/andersx/parameters/3ob-3-1/H-O.skf
  /home/andersx/parameters/3ob-3-1/H-H.skf
Done.

Starting initialization...
--------------------------------------------------------------------------------
Mode:                        Static calculation
Self consistent charges:     Yes
SCC-tolerance:                 0.100000E-05
Max. scc iterations:                    100
Ewald alpha parameter:         0.000000E+00
Spin polarisation:           No
Nr. of up electrons:            20.000000
Nr. of down electrons:          20.000000
Periodic boundaries:         No
Diagonalizer:                Divide and Conquer
Mixer:                       Anderson mixer
Mixing parameter:                  0.200000
Maximal SCC-cycles:                     100
Nr. of chrg. vectors to mix:              8
Electronic temperature:        0.100000E-07
Initial charges:             Set automatically (system chrg:   0.000E+00)
Included shells:              C:  s, p
                              N:  s, p
                              O:  s, p
                              H:  s
Full 3rd order correction    Yes
Damped SCC                   Yes
Damped specie(s):            H                                                 
Extra options:
--------------------------------------------------------------------------------
 

********************************************************************************
** Geometry step: 0
********************************************************************************

  iSCC Total electronic   Diff electronic      SCC error    
    1   -0.17731025E+02    0.00000000E+00    0.47236792E+00
    2   -0.17731159E+02   -0.13383656E-03    0.46604555E+00
    3   -0.17733563E+02   -0.24037208E-02    0.10630271E+00
    4   -0.17733483E+02    0.79855948E-04    0.98834206E-01
    5   -0.17734583E+02   -0.11000459E-02    0.31005415E-01
    6   -0.17734580E+02    0.28367948E-05    0.15933427E-01
    7   -0.17734586E+02   -0.55747096E-05    0.18504647E-01
    8   -0.17734596E+02   -0.99777082E-05    0.48680001E-02
    9   -0.17734596E+02   -0.10272687E-06    0.41029355E-02
   10   -0.17734596E+02   -0.57884468E-06    0.22246199E-02
   11   -0.17734597E+02   -0.13966867E-06    0.10633232E-02
   12   -0.17734597E+02   -0.13191445E-06    0.18243641E-03
   13   -0.17734597E+02   -0.61541883E-09    0.11725300E-03
   14   -0.17734597E+02   -0.10814816E-09    0.98995016E-05
   15   -0.17734597E+02   -0.53077542E-11    0.25709463E-05
   16   -0.17734597E+02   -0.45119464E-12    0.36432251E-06
>> Charges saved for restart in charges.bin
 
 Total Energy:                     -17.5595071445 H
 Total Mermin free energy:         -17.5595071445 H
