================================================================================
==
==   Density Functional based Tight Binding with a lot of extensions (DFTB+)    
==
==                              Release: 1.2 (p2)
==
==                            (ParserVersion = 4)
==
================================================================================


********************************************************************************
** Parsing and initializing
********************************************************************************

Interpreting input file 'dftb_in.hsd'
--------------------------------------------------------------------------------
WARNING!
-> WriteHSDInput and WriteXMLInput both turned off. You won't eventually be 
 able to obtain the same results with a later version of the code!
Path: dftb_in/ParserOptions
Line: 84-87 (File: dftb_in.hsd)

Reading SK-files:
  /home/andersx/parameters/3ob-3-1/C-C.skf
  /home/andersx/parameters/3ob-3-1/C-N.skf
  /home/andersx/parameters/3ob-3-1/C-O.skf
  /home/andersx/parameters/3ob-3-1/C-H.skf
  /home/andersx/parameters/3ob-3-1/N-C.skf
  /home/andersx/parameters/3ob-3-1/N-N.skf
  /home/andersx/parameters/3ob-3-1/N-O.skf
  /home/andersx/parameters/3ob-3-1/N-H.skf
  /home/andersx/parameters/3ob-3-1/O-C.skf
  /home/andersx/parameters/3ob-3-1/O-N.skf
  /home/andersx/parameters/3ob-3-1/O-O.skf
  /home/andersx/parameters/3ob-3-1/O-H.skf
  /home/andersx/parameters/3ob-3-1/H-C.skf
  /home/andersx/parameters/3ob-3-1/H-N.skf
  /home/andersx/parameters/3ob-3-1/H-O.skf
  /home/andersx/parameters/3ob-3-1/H-H.skf
Done.

Starting initialization...
--------------------------------------------------------------------------------
Mode:                        Static calculation
Self consistent charges:     Yes
SCC-tolerance:                 0.100000E-05
Max. scc iterations:                    100
Ewald alpha parameter:         0.000000E+00
Spin polarisation:           No
Nr. of up electrons:            20.000000
Nr. of down electrons:          20.000000
Periodic boundaries:         No
Diagonalizer:                Divide and Conquer
Mixer:                       Anderson mixer
Mixing parameter:                  0.200000
Maximal SCC-cycles:                     100
Nr. of chrg. vectors to mix:              8
Electronic temperature:        0.100000E-07
Initial charges:             Set automatically (system chrg:   0.000E+00)
Included shells:              C:  s, p
                              N:  s, p
                              O:  s, p
                              H:  s
Full 3rd order correction    Yes
Damped SCC                   Yes
Damped specie(s):            H                                                 
Extra options:
--------------------------------------------------------------------------------
 

********************************************************************************
** Geometry step: 0
********************************************************************************

  iSCC Total electronic   Diff electronic      SCC error    
    1   -0.17829576E+02    0.00000000E+00    0.90222839E+00
    2   -0.17830582E+02   -0.10060686E-02    0.88753692E+00
    3   -0.17853705E+02   -0.23122229E-01    0.27888864E+00
    4   -0.17854440E+02   -0.73591739E-03    0.27768179E+00
    5   -0.17856566E+02   -0.21254303E-02    0.53120214E-01
    6   -0.17856619E+02   -0.52633569E-04    0.30768965E-01
    7   -0.17856685E+02   -0.66321690E-04    0.18048869E-01
    8   -0.17856721E+02   -0.35735600E-04    0.71755989E-02
    9   -0.17856721E+02   -0.98876843E-07    0.64113954E-02
   10   -0.17856722E+02   -0.11887575E-05    0.57238702E-03
   11   -0.17856722E+02   -0.12869620E-07    0.37513455E-03
   12   -0.17856722E+02   -0.18496987E-07    0.70853233E-04
   13   -0.17856722E+02   -0.31397107E-09    0.18568697E-04
   14   -0.17856722E+02   -0.43982595E-10    0.13165947E-05
   15   -0.17856722E+02   -0.60396133E-13    0.44735003E-06
>> Charges saved for restart in charges.bin
 
 Total Energy:                     -17.6530683003 H
 Total Mermin free energy:         -17.6530683003 H
