================================================================================
==
==   Density Functional based Tight Binding with a lot of extensions (DFTB+)    
==
==                              Release: 1.2 (p2)
==
==                            (ParserVersion = 4)
==
================================================================================


********************************************************************************
** Parsing and initializing
********************************************************************************

Interpreting input file 'dftb_in.hsd'
--------------------------------------------------------------------------------
WARNING!
-> WriteHSDInput and WriteXMLInput both turned off. You won't eventually be 
 able to obtain the same results with a later version of the code!
Path: dftb_in/ParserOptions
Line: 86-89 (File: dftb_in.hsd)

Reading SK-files:
  /home/andersx/parameters/3ob-3-1/C-C.skf
  /home/andersx/parameters/3ob-3-1/C-N.skf
  /home/andersx/parameters/3ob-3-1/C-O.skf
  /home/andersx/parameters/3ob-3-1/C-H.skf
  /home/andersx/parameters/3ob-3-1/N-C.skf
  /home/andersx/parameters/3ob-3-1/N-N.skf
  /home/andersx/parameters/3ob-3-1/N-O.skf
  /home/andersx/parameters/3ob-3-1/N-H.skf
  /home/andersx/parameters/3ob-3-1/O-C.skf
  /home/andersx/parameters/3ob-3-1/O-N.skf
  /home/andersx/parameters/3ob-3-1/O-O.skf
  /home/andersx/parameters/3ob-3-1/O-H.skf
  /home/andersx/parameters/3ob-3-1/H-C.skf
  /home/andersx/parameters/3ob-3-1/H-N.skf
  /home/andersx/parameters/3ob-3-1/H-O.skf
  /home/andersx/parameters/3ob-3-1/H-H.skf
Done.

Starting initialization...
--------------------------------------------------------------------------------
Mode:                        Static calculation
Self consistent charges:     Yes
SCC-tolerance:                 0.100000E-05
Max. scc iterations:                    100
Ewald alpha parameter:         0.000000E+00
Spin polarisation:           No
Nr. of up electrons:            21.000000
Nr. of down electrons:          21.000000
Periodic boundaries:         No
Diagonalizer:                Divide and Conquer
Mixer:                       Anderson mixer
Mixing parameter:                  0.200000
Maximal SCC-cycles:                     100
Nr. of chrg. vectors to mix:              8
Electronic temperature:        0.100000E-07
Initial charges:             Set automatically (system chrg:   0.000E+00)
Included shells:              C:  s, p
                              N:  s, p
                              O:  s, p
                              H:  s
Full 3rd order correction    Yes
Damped SCC                   Yes
Damped specie(s):            H                                                 
Extra options:
--------------------------------------------------------------------------------
 

********************************************************************************
** Geometry step: 0
********************************************************************************

  iSCC Total electronic   Diff electronic      SCC error    
    1   -0.18421237E+02    0.00000000E+00    0.49429113E+00
    2   -0.18421411E+02   -0.17412807E-03    0.48772092E+00
    3   -0.18425214E+02   -0.38031899E-02    0.97707716E-01
    4   -0.18425124E+02    0.90575080E-04    0.10237388E+00
    5   -0.18425871E+02   -0.74721424E-03    0.34847062E-01
    6   -0.18425913E+02   -0.42142449E-04    0.15854070E-01
    7   -0.18425914E+02   -0.71143421E-06    0.18662359E-01
    8   -0.18425916E+02   -0.17044216E-05    0.26666235E-02
    9   -0.18425916E+02   -0.42424837E-08    0.10067397E-02
   10   -0.18425916E+02   -0.17337447E-06    0.29020331E-03
   11   -0.18425916E+02   -0.49748188E-08    0.88248207E-04
   12   -0.18425916E+02   -0.10827463E-08    0.13357429E-04
   13   -0.18425916E+02   -0.93933750E-11    0.26371957E-05
   14   -0.18425916E+02   -0.74606987E-13    0.62579108E-06
>> Charges saved for restart in charges.bin
 
 Total Energy:                     -18.3427929443 H
 Total Mermin free energy:         -18.3427929443 H
