================================================================================
==
==   Density Functional based Tight Binding with a lot of extensions (DFTB+)    
==
==                              Release: 1.2 (p2)
==
==                            (ParserVersion = 4)
==
================================================================================


********************************************************************************
** Parsing and initializing
********************************************************************************

Interpreting input file 'dftb_in.hsd'
--------------------------------------------------------------------------------
WARNING!
-> WriteHSDInput and WriteXMLInput both turned off. You won't eventually be 
 able to obtain the same results with a later version of the code!
Path: dftb_in/ParserOptions
Line: 86-89 (File: dftb_in.hsd)

Reading SK-files:
  /home/andersx/parameters/3ob-3-1/C-C.skf
  /home/andersx/parameters/3ob-3-1/C-N.skf
  /home/andersx/parameters/3ob-3-1/C-O.skf
  /home/andersx/parameters/3ob-3-1/C-H.skf
  /home/andersx/parameters/3ob-3-1/N-C.skf
  /home/andersx/parameters/3ob-3-1/N-N.skf
  /home/andersx/parameters/3ob-3-1/N-O.skf
  /home/andersx/parameters/3ob-3-1/N-H.skf
  /home/andersx/parameters/3ob-3-1/O-C.skf
  /home/andersx/parameters/3ob-3-1/O-N.skf
  /home/andersx/parameters/3ob-3-1/O-O.skf
  /home/andersx/parameters/3ob-3-1/O-H.skf
  /home/andersx/parameters/3ob-3-1/H-C.skf
  /home/andersx/parameters/3ob-3-1/H-N.skf
  /home/andersx/parameters/3ob-3-1/H-O.skf
  /home/andersx/parameters/3ob-3-1/H-H.skf
Done.

Starting initialization...
--------------------------------------------------------------------------------
Mode:                        Static calculation
Self consistent charges:     Yes
SCC-tolerance:                 0.100000E-05
Max. scc iterations:                    100
Ewald alpha parameter:         0.000000E+00
Spin polarisation:           No
Nr. of up electrons:            21.000000
Nr. of down electrons:          21.000000
Periodic boundaries:         No
Diagonalizer:                Divide and Conquer
Mixer:                       Anderson mixer
Mixing parameter:                  0.200000
Maximal SCC-cycles:                     100
Nr. of chrg. vectors to mix:              8
Electronic temperature:        0.100000E-07
Initial charges:             Set automatically (system chrg:   0.000E+00)
Included shells:              C:  s, p
                              N:  s, p
                              O:  s, p
                              H:  s
Full 3rd order correction    Yes
Damped SCC                   Yes
Damped specie(s):            H                                                 
Extra options:
--------------------------------------------------------------------------------
 

********************************************************************************
** Geometry step: 0
********************************************************************************

  iSCC Total electronic   Diff electronic      SCC error    
    1   -0.18468649E+02    0.00000000E+00    0.68193192E+00
    2   -0.18468856E+02   -0.20727203E-03    0.67289336E+00
    3   -0.18474483E+02   -0.56269777E-02    0.71803812E-01
    4   -0.18474380E+02    0.10341278E-03    0.43912451E-01
    5   -0.18474385E+02   -0.46634120E-05    0.13247952E+00
    6   -0.18474666E+02   -0.28148393E-03    0.13031672E-01
    7   -0.18474665E+02    0.76353487E-06    0.66432587E-02
    8   -0.18474667E+02   -0.16611524E-05    0.59580646E-02
    9   -0.18474669E+02   -0.15601451E-05    0.20563763E-02
   10   -0.18474669E+02   -0.10930410E-06    0.16082357E-02
   11   -0.18474669E+02   -0.64268281E-07    0.36997000E-03
   12   -0.18474669E+02   -0.87832426E-08    0.10344311E-03
   13   -0.18474669E+02   -0.40002490E-09    0.23094618E-04
   14   -0.18474669E+02   -0.74464879E-11    0.91008803E-06
>> Charges saved for restart in charges.bin
 
 Total Energy:                     -18.3734017028 H
 Total Mermin free energy:         -18.3734017028 H
