================================================================================
==
==   Density Functional based Tight Binding with a lot of extensions (DFTB+)    
==
==                              Release: 1.2 (p2)
==
==                            (ParserVersion = 4)
==
================================================================================


********************************************************************************
** Parsing and initializing
********************************************************************************

Interpreting input file 'dftb_in.hsd'
--------------------------------------------------------------------------------
WARNING!
-> WriteHSDInput and WriteXMLInput both turned off. You won't eventually be 
 able to obtain the same results with a later version of the code!
Path: dftb_in/ParserOptions
Line: 84-87 (File: dftb_in.hsd)

Reading SK-files:
  /home/andersx/parameters/3ob-3-1/C-C.skf
  /home/andersx/parameters/3ob-3-1/C-N.skf
  /home/andersx/parameters/3ob-3-1/C-O.skf
  /home/andersx/parameters/3ob-3-1/C-H.skf
  /home/andersx/parameters/3ob-3-1/N-C.skf
  /home/andersx/parameters/3ob-3-1/N-N.skf
  /home/andersx/parameters/3ob-3-1/N-O.skf
  /home/andersx/parameters/3ob-3-1/N-H.skf
  /home/andersx/parameters/3ob-3-1/O-C.skf
  /home/andersx/parameters/3ob-3-1/O-N.skf
  /home/andersx/parameters/3ob-3-1/O-O.skf
  /home/andersx/parameters/3ob-3-1/O-H.skf
  /home/andersx/parameters/3ob-3-1/H-C.skf
  /home/andersx/parameters/3ob-3-1/H-N.skf
  /home/andersx/parameters/3ob-3-1/H-O.skf
  /home/andersx/parameters/3ob-3-1/H-H.skf
Done.

Starting initialization...
--------------------------------------------------------------------------------
Mode:                        Static calculation
Self consistent charges:     Yes
SCC-tolerance:                 0.100000E-05
Max. scc iterations:                    100
Ewald alpha parameter:         0.000000E+00
Spin polarisation:           No
Nr. of up electrons:            20.000000
Nr. of down electrons:          20.000000
Periodic boundaries:         No
Diagonalizer:                Divide and Conquer
Mixer:                       Anderson mixer
Mixing parameter:                  0.200000
Maximal SCC-cycles:                     100
Nr. of chrg. vectors to mix:              8
Electronic temperature:        0.100000E-07
Initial charges:             Set automatically (system chrg:   0.000E+00)
Included shells:              C:  s, p
                              N:  s, p
                              O:  s, p
                              H:  s
Full 3rd order correction    Yes
Damped SCC                   Yes
Damped specie(s):            H                                                 
Extra options:
--------------------------------------------------------------------------------
 

********************************************************************************
** Geometry step: 0
********************************************************************************

  iSCC Total electronic   Diff electronic      SCC error    
    1   -0.17803816E+02    0.00000000E+00    0.87600332E+00
    2   -0.17804901E+02   -0.10852744E-02    0.86141875E+00
    3   -0.17830770E+02   -0.25868741E-01    0.23695977E+00
    4   -0.17831163E+02   -0.39315187E-03    0.23244100E+00
    5   -0.17832658E+02   -0.14953346E-02    0.43874877E-01
    6   -0.17832695E+02   -0.36517951E-04    0.21250326E-01
    7   -0.17832703E+02   -0.84533502E-05    0.18996494E-01
    8   -0.17832714E+02   -0.10652290E-04    0.52883855E-02
    9   -0.17832714E+02   -0.40112923E-06    0.43455909E-02
   10   -0.17832715E+02   -0.64232930E-06    0.66510333E-03
   11   -0.17832715E+02   -0.18069493E-08    0.58268666E-03
   12   -0.17832715E+02   -0.18618746E-07    0.77232990E-04
   13   -0.17832715E+02   -0.38192738E-09    0.23430458E-04
   14   -0.17832715E+02   -0.44565240E-10    0.13104693E-05
   15   -0.17832715E+02   -0.21316282E-12    0.41778874E-06
>> Charges saved for restart in charges.bin
 
 Total Energy:                     -17.6334955217 H
 Total Mermin free energy:         -17.6334955217 H
