================================================================================
==
==   Density Functional based Tight Binding with a lot of extensions (DFTB+)    
==
==                              Release: 1.2 (p2)
==
==                            (ParserVersion = 4)
==
================================================================================


********************************************************************************
** Parsing and initializing
********************************************************************************

Interpreting input file 'dftb_in.hsd'
--------------------------------------------------------------------------------
WARNING!
-> WriteHSDInput and WriteXMLInput both turned off. You won't eventually be 
 able to obtain the same results with a later version of the code!
Path: dftb_in/ParserOptions
Line: 86-89 (File: dftb_in.hsd)

Reading SK-files:
  /home/andersx/parameters/3ob-3-1/C-C.skf
  /home/andersx/parameters/3ob-3-1/C-N.skf
  /home/andersx/parameters/3ob-3-1/C-O.skf
  /home/andersx/parameters/3ob-3-1/C-H.skf
  /home/andersx/parameters/3ob-3-1/N-C.skf
  /home/andersx/parameters/3ob-3-1/N-N.skf
  /home/andersx/parameters/3ob-3-1/N-O.skf
  /home/andersx/parameters/3ob-3-1/N-H.skf
  /home/andersx/parameters/3ob-3-1/O-C.skf
  /home/andersx/parameters/3ob-3-1/O-N.skf
  /home/andersx/parameters/3ob-3-1/O-O.skf
  /home/andersx/parameters/3ob-3-1/O-H.skf
  /home/andersx/parameters/3ob-3-1/H-C.skf
  /home/andersx/parameters/3ob-3-1/H-N.skf
  /home/andersx/parameters/3ob-3-1/H-O.skf
  /home/andersx/parameters/3ob-3-1/H-H.skf
Done.

Starting initialization...
--------------------------------------------------------------------------------
Mode:                        Static calculation
Self consistent charges:     Yes
SCC-tolerance:                 0.100000E-05
Max. scc iterations:                    100
Ewald alpha parameter:         0.000000E+00
Spin polarisation:           No
Nr. of up electrons:            21.000000
Nr. of down electrons:          21.000000
Periodic boundaries:         No
Diagonalizer:                Divide and Conquer
Mixer:                       Anderson mixer
Mixing parameter:                  0.200000
Maximal SCC-cycles:                     100
Nr. of chrg. vectors to mix:              8
Electronic temperature:        0.100000E-07
Initial charges:             Set automatically (system chrg:   0.000E+00)
Included shells:              C:  s, p
                              N:  s, p
                              O:  s, p
                              H:  s
Full 3rd order correction    Yes
Damped SCC                   Yes
Damped specie(s):            H                                                 
Extra options:
--------------------------------------------------------------------------------
 

********************************************************************************
** Geometry step: 0
********************************************************************************

  iSCC Total electronic   Diff electronic      SCC error    
    1   -0.18482987E+02    0.00000000E+00    0.68209673E+00
    2   -0.18483150E+02   -0.16319617E-03    0.67313346E+00
    3   -0.18487393E+02   -0.42426393E-02    0.70126000E-01
    4   -0.18487307E+02    0.86185919E-04    0.45367231E-01
    5   -0.18487438E+02   -0.13098794E-03    0.11346427E+00
    6   -0.18487634E+02   -0.19639365E-03    0.27858897E-01
    7   -0.18487624E+02    0.10610788E-04    0.36198687E-01
    8   -0.18487647E+02   -0.23782983E-04    0.16777111E-01
    9   -0.18487651E+02   -0.38693199E-05    0.14598014E-02
   10   -0.18487651E+02   -0.46821651E-07    0.12562140E-02
   11   -0.18487651E+02   -0.11922808E-06    0.18848917E-03
   12   -0.18487651E+02   -0.40187800E-08    0.12728425E-03
   13   -0.18487651E+02   -0.14895072E-08    0.82586166E-05
   14   -0.18487651E+02   -0.49560356E-11    0.24276048E-05
   15   -0.18487651E+02   -0.25934810E-12    0.48269579E-06
>> Charges saved for restart in charges.bin
 
 Total Energy:                     -18.3840022289 H
 Total Mermin free energy:         -18.3840022289 H
