================================================================================
==
==   Density Functional based Tight Binding with a lot of extensions (DFTB+)    
==
==                              Release: 1.2 (p2)
==
==                            (ParserVersion = 4)
==
================================================================================


********************************************************************************
** Parsing and initializing
********************************************************************************

Interpreting input file 'dftb_in.hsd'
--------------------------------------------------------------------------------
WARNING!
-> WriteHSDInput and WriteXMLInput both turned off. You won't eventually be 
 able to obtain the same results with a later version of the code!
Path: dftb_in/ParserOptions
Line: 82-85 (File: dftb_in.hsd)

Reading SK-files:
  /home/andersx/parameters/3ob-3-1/C-C.skf
  /home/andersx/parameters/3ob-3-1/C-N.skf
  /home/andersx/parameters/3ob-3-1/C-O.skf
  /home/andersx/parameters/3ob-3-1/C-H.skf
  /home/andersx/parameters/3ob-3-1/N-C.skf
  /home/andersx/parameters/3ob-3-1/N-N.skf
  /home/andersx/parameters/3ob-3-1/N-O.skf
  /home/andersx/parameters/3ob-3-1/N-H.skf
  /home/andersx/parameters/3ob-3-1/O-C.skf
  /home/andersx/parameters/3ob-3-1/O-N.skf
  /home/andersx/parameters/3ob-3-1/O-O.skf
  /home/andersx/parameters/3ob-3-1/O-H.skf
  /home/andersx/parameters/3ob-3-1/H-C.skf
  /home/andersx/parameters/3ob-3-1/H-N.skf
  /home/andersx/parameters/3ob-3-1/H-O.skf
  /home/andersx/parameters/3ob-3-1/H-H.skf
Done.

Starting initialization...
--------------------------------------------------------------------------------
Mode:                        Static calculation
Self consistent charges:     Yes
SCC-tolerance:                 0.100000E-05
Max. scc iterations:                    100
Ewald alpha parameter:         0.000000E+00
Spin polarisation:           No
Nr. of up electrons:            19.000000
Nr. of down electrons:          19.000000
Periodic boundaries:         No
Diagonalizer:                Divide and Conquer
Mixer:                       Anderson mixer
Mixing parameter:                  0.200000
Maximal SCC-cycles:                     100
Nr. of chrg. vectors to mix:              8
Electronic temperature:        0.100000E-07
Initial charges:             Set automatically (system chrg:   0.000E+00)
Included shells:              C:  s, p
                              N:  s, p
                              O:  s, p
                              H:  s
Full 3rd order correction    Yes
Damped SCC                   Yes
Damped specie(s):            H                                                 
Extra options:
--------------------------------------------------------------------------------
 

********************************************************************************
** Geometry step: 0
********************************************************************************

  iSCC Total electronic   Diff electronic      SCC error    
    1   -0.17147101E+02    0.00000000E+00    0.88054209E+00
    2   -0.17148211E+02   -0.11101689E-02    0.86591486E+00
    3   -0.17175684E+02   -0.27472412E-01    0.24341112E+00
    4   -0.17176019E+02   -0.33494035E-03    0.23862964E+00
    5   -0.17177234E+02   -0.12152664E-02    0.45657941E-01
    6   -0.17177303E+02   -0.69614611E-04    0.25613749E-01
    7   -0.17177320E+02   -0.16776542E-04    0.19962044E-01
    8   -0.17177345E+02   -0.24371548E-04    0.61107291E-02
    9   -0.17177344E+02    0.39359008E-06    0.55644850E-02
   10   -0.17177346E+02   -0.17661929E-05    0.18291177E-02
   11   -0.17177346E+02   -0.47185225E-07    0.40649537E-03
   12   -0.17177346E+02   -0.10618770E-07    0.30423681E-03
   13   -0.17177346E+02   -0.25390214E-08    0.31144915E-04
   14   -0.17177346E+02   -0.38173908E-10    0.10315511E-05
   15   -0.17177346E+02   -0.21316282E-13    0.32770620E-06
>> Charges saved for restart in charges.bin
 
 Total Energy:                     -16.8380344978 H
 Total Mermin free energy:         -16.8380344978 H
