================================================================================
==
==   Density Functional based Tight Binding with a lot of extensions (DFTB+)    
==
==                              Release: 1.2 (p2)
==
==                            (ParserVersion = 4)
==
================================================================================


********************************************************************************
** Parsing and initializing
********************************************************************************

Interpreting input file 'dftb_in.hsd'
--------------------------------------------------------------------------------
WARNING!
-> WriteHSDInput and WriteXMLInput both turned off. You won't eventually be 
 able to obtain the same results with a later version of the code!
Path: dftb_in/ParserOptions
Line: 84-87 (File: dftb_in.hsd)

Reading SK-files:
  /home/andersx/parameters/3ob-3-1/C-C.skf
  /home/andersx/parameters/3ob-3-1/C-N.skf
  /home/andersx/parameters/3ob-3-1/C-O.skf
  /home/andersx/parameters/3ob-3-1/C-H.skf
  /home/andersx/parameters/3ob-3-1/N-C.skf
  /home/andersx/parameters/3ob-3-1/N-N.skf
  /home/andersx/parameters/3ob-3-1/N-O.skf
  /home/andersx/parameters/3ob-3-1/N-H.skf
  /home/andersx/parameters/3ob-3-1/O-C.skf
  /home/andersx/parameters/3ob-3-1/O-N.skf
  /home/andersx/parameters/3ob-3-1/O-O.skf
  /home/andersx/parameters/3ob-3-1/O-H.skf
  /home/andersx/parameters/3ob-3-1/H-C.skf
  /home/andersx/parameters/3ob-3-1/H-N.skf
  /home/andersx/parameters/3ob-3-1/H-O.skf
  /home/andersx/parameters/3ob-3-1/H-H.skf
Done.

Starting initialization...
--------------------------------------------------------------------------------
Mode:                        Static calculation
Self consistent charges:     Yes
SCC-tolerance:                 0.100000E-05
Max. scc iterations:                    100
Ewald alpha parameter:         0.000000E+00
Spin polarisation:           No
Nr. of up electrons:            20.000000
Nr. of down electrons:          20.000000
Periodic boundaries:         No
Diagonalizer:                Divide and Conquer
Mixer:                       Anderson mixer
Mixing parameter:                  0.200000
Maximal SCC-cycles:                     100
Nr. of chrg. vectors to mix:              8
Electronic temperature:        0.100000E-07
Initial charges:             Set automatically (system chrg:   0.000E+00)
Included shells:              C:  s, p
                              N:  s, p
                              O:  s, p
                              H:  s
Full 3rd order correction    Yes
Damped SCC                   Yes
Damped specie(s):            H                                                 
Extra options:
--------------------------------------------------------------------------------
 

********************************************************************************
** Geometry step: 0
********************************************************************************

  iSCC Total electronic   Diff electronic      SCC error    
    1   -0.17823993E+02    0.00000000E+00    0.84797875E+00
    2   -0.17825083E+02   -0.10896894E-02    0.83365395E+00
    3   -0.17851038E+02   -0.25954860E-01    0.21430267E+00
    4   -0.17851455E+02   -0.41752252E-03    0.20787109E+00
    5   -0.17852810E+02   -0.13547814E-02    0.40824923E-01
    6   -0.17852850E+02   -0.39735693E-04    0.27762133E-01
    7   -0.17852864E+02   -0.13949593E-04    0.20534669E-01
    8   -0.17852881E+02   -0.16849532E-04    0.67129316E-02
    9   -0.17852881E+02   -0.25309165E-06    0.61201280E-02
   10   -0.17852882E+02   -0.87559495E-06    0.21834599E-02
   11   -0.17852882E+02   -0.97344710E-09    0.12391692E-02
   12   -0.17852882E+02   -0.53580521E-07    0.20349110E-03
   13   -0.17852882E+02   -0.36595011E-08    0.12633438E-03
   14   -0.17852882E+02   -0.10853078E-08    0.16734005E-04
   15   -0.17852882E+02   -0.15393908E-10    0.18092000E-05
   16   -0.17852882E+02   -0.42632564E-13    0.33793043E-06
>> Charges saved for restart in charges.bin
 
 Total Energy:                     -17.6445035756 H
 Total Mermin free energy:         -17.6445035756 H
