================================================================================
==
==   Density Functional based Tight Binding with a lot of extensions (DFTB+)    
==
==                              Release: 1.2 (p2)
==
==                            (ParserVersion = 4)
==
================================================================================


********************************************************************************
** Parsing and initializing
********************************************************************************

Interpreting input file 'dftb_in.hsd'
--------------------------------------------------------------------------------
WARNING!
-> WriteHSDInput and WriteXMLInput both turned off. You won't eventually be 
 able to obtain the same results with a later version of the code!
Path: dftb_in/ParserOptions
Line: 84-87 (File: dftb_in.hsd)

Reading SK-files:
  /home/andersx/parameters/3ob-3-1/C-C.skf
  /home/andersx/parameters/3ob-3-1/C-N.skf
  /home/andersx/parameters/3ob-3-1/C-O.skf
  /home/andersx/parameters/3ob-3-1/C-H.skf
  /home/andersx/parameters/3ob-3-1/N-C.skf
  /home/andersx/parameters/3ob-3-1/N-N.skf
  /home/andersx/parameters/3ob-3-1/N-O.skf
  /home/andersx/parameters/3ob-3-1/N-H.skf
  /home/andersx/parameters/3ob-3-1/O-C.skf
  /home/andersx/parameters/3ob-3-1/O-N.skf
  /home/andersx/parameters/3ob-3-1/O-O.skf
  /home/andersx/parameters/3ob-3-1/O-H.skf
  /home/andersx/parameters/3ob-3-1/H-C.skf
  /home/andersx/parameters/3ob-3-1/H-N.skf
  /home/andersx/parameters/3ob-3-1/H-O.skf
  /home/andersx/parameters/3ob-3-1/H-H.skf
Done.

Starting initialization...
--------------------------------------------------------------------------------
Mode:                        Static calculation
Self consistent charges:     Yes
SCC-tolerance:                 0.100000E-05
Max. scc iterations:                    100
Ewald alpha parameter:         0.000000E+00
Spin polarisation:           No
Nr. of up electrons:            20.000000
Nr. of down electrons:          20.000000
Periodic boundaries:         No
Diagonalizer:                Divide and Conquer
Mixer:                       Anderson mixer
Mixing parameter:                  0.200000
Maximal SCC-cycles:                     100
Nr. of chrg. vectors to mix:              8
Electronic temperature:        0.100000E-07
Initial charges:             Set automatically (system chrg:   0.000E+00)
Included shells:              C:  s, p
                              N:  s, p
                              O:  s, p
                              H:  s
Full 3rd order correction    Yes
Damped SCC                   Yes
Damped specie(s):            H                                                 
Extra options:
--------------------------------------------------------------------------------
 

********************************************************************************
** Geometry step: 0
********************************************************************************

  iSCC Total electronic   Diff electronic      SCC error    
    1   -0.17820539E+02    0.00000000E+00    0.84682002E+00
    2   -0.17821576E+02   -0.10369093E-02    0.83260614E+00
    3   -0.17845556E+02   -0.23979917E-01    0.22309669E+00
    4   -0.17846042E+02   -0.48657837E-03    0.21756679E+00
    5   -0.17847899E+02   -0.18569444E-02    0.45514006E-01
    6   -0.17847946E+02   -0.47058685E-04    0.45393755E-01
    7   -0.17847987E+02   -0.40440466E-04    0.24483613E-01
    8   -0.17848000E+02   -0.13260410E-04    0.57816320E-02
    9   -0.17848001E+02   -0.44992260E-06    0.50283526E-02
   10   -0.17848002E+02   -0.13875293E-05    0.19780328E-02
   11   -0.17848002E+02   -0.30485552E-08    0.11200209E-02
   12   -0.17848002E+02   -0.92419562E-07    0.17759099E-03
   13   -0.17848002E+02   -0.17246506E-08    0.95720268E-04
   14   -0.17848002E+02   -0.51829474E-09    0.18058693E-04
   15   -0.17848002E+02   -0.10857093E-10    0.22909576E-05
   16   -0.17848002E+02   -0.49737992E-13    0.28864375E-06
>> Charges saved for restart in charges.bin
 
 Total Energy:                     -17.6443701870 H
 Total Mermin free energy:         -17.6443701870 H
