================================================================================
==
==   Density Functional based Tight Binding with a lot of extensions (DFTB+)    
==
==                              Release: 1.2 (p2)
==
==                            (ParserVersion = 4)
==
================================================================================


********************************************************************************
** Parsing and initializing
********************************************************************************

Interpreting input file 'dftb_in.hsd'
--------------------------------------------------------------------------------
WARNING!
-> WriteHSDInput and WriteXMLInput both turned off. You won't eventually be 
 able to obtain the same results with a later version of the code!
Path: dftb_in/ParserOptions
Line: 88-91 (File: dftb_in.hsd)

Reading SK-files:
  /home/andersx/parameters/3ob-3-1/C-C.skf
  /home/andersx/parameters/3ob-3-1/C-N.skf
  /home/andersx/parameters/3ob-3-1/C-O.skf
  /home/andersx/parameters/3ob-3-1/C-H.skf
  /home/andersx/parameters/3ob-3-1/N-C.skf
  /home/andersx/parameters/3ob-3-1/N-N.skf
  /home/andersx/parameters/3ob-3-1/N-O.skf
  /home/andersx/parameters/3ob-3-1/N-H.skf
  /home/andersx/parameters/3ob-3-1/O-C.skf
  /home/andersx/parameters/3ob-3-1/O-N.skf
  /home/andersx/parameters/3ob-3-1/O-O.skf
  /home/andersx/parameters/3ob-3-1/O-H.skf
  /home/andersx/parameters/3ob-3-1/H-C.skf
  /home/andersx/parameters/3ob-3-1/H-N.skf
  /home/andersx/parameters/3ob-3-1/H-O.skf
  /home/andersx/parameters/3ob-3-1/H-H.skf
Done.

Starting initialization...
--------------------------------------------------------------------------------
Mode:                        Static calculation
Self consistent charges:     Yes
SCC-tolerance:                 0.100000E-05
Max. scc iterations:                    100
Ewald alpha parameter:         0.000000E+00
Spin polarisation:           No
Nr. of up electrons:            22.000000
Nr. of down electrons:          22.000000
Periodic boundaries:         No
Diagonalizer:                Divide and Conquer
Mixer:                       Anderson mixer
Mixing parameter:                  0.200000
Maximal SCC-cycles:                     100
Nr. of chrg. vectors to mix:              8
Electronic temperature:        0.100000E-07
Initial charges:             Set automatically (system chrg:   0.000E+00)
Included shells:              C:  s, p
                              N:  s, p
                              O:  s, p
                              H:  s
Full 3rd order correction    Yes
Damped SCC                   Yes
Damped specie(s):            H                                                 
Extra options:
--------------------------------------------------------------------------------
 

********************************************************************************
** Geometry step: 0
********************************************************************************

  iSCC Total electronic   Diff electronic      SCC error    
    1   -0.19169841E+02    0.00000000E+00    0.67816989E+00
    2   -0.19169984E+02   -0.14334176E-03    0.66930037E+00
    3   -0.19173910E+02   -0.39259838E-02    0.67408497E-01
    4   -0.19173855E+02    0.55302766E-04    0.42012426E-01
    5   -0.19173847E+02    0.74323923E-05    0.11409121E+00
    6   -0.19174011E+02   -0.16371352E-03    0.14683972E-01
    7   -0.19174009E+02    0.22271660E-05    0.11510796E-01
    8   -0.19174011E+02   -0.23774652E-05    0.10113038E-01
    9   -0.19174013E+02   -0.14590872E-05    0.65431209E-03
   10   -0.19174013E+02   -0.54279390E-08    0.59920609E-03
   11   -0.19174013E+02   -0.15800264E-07    0.92999743E-04
   12   -0.19174013E+02   -0.43524295E-09    0.49135881E-04
   13   -0.19174013E+02   -0.20913049E-09    0.10425836E-04
   14   -0.19174013E+02   -0.25224267E-11    0.85273444E-06
>> Charges saved for restart in charges.bin
 
 Total Energy:                     -19.1671839335 H
 Total Mermin free energy:         -19.1671839335 H
