================================================================================
==
==   Density Functional based Tight Binding with a lot of extensions (DFTB+)    
==
==                              Release: 1.2 (p2)
==
==                            (ParserVersion = 4)
==
================================================================================


********************************************************************************
** Parsing and initializing
********************************************************************************

Interpreting input file 'dftb_in.hsd'
--------------------------------------------------------------------------------
WARNING!
-> WriteHSDInput and WriteXMLInput both turned off. You won't eventually be 
 able to obtain the same results with a later version of the code!
Path: dftb_in/ParserOptions
Line: 85-88 (File: dftb_in.hsd)

Reading SK-files:
  /home/andersx/parameters/3ob-3-1/C-C.skf
  /home/andersx/parameters/3ob-3-1/C-N.skf
  /home/andersx/parameters/3ob-3-1/C-O.skf
  /home/andersx/parameters/3ob-3-1/C-H.skf
  /home/andersx/parameters/3ob-3-1/N-C.skf
  /home/andersx/parameters/3ob-3-1/N-N.skf
  /home/andersx/parameters/3ob-3-1/N-O.skf
  /home/andersx/parameters/3ob-3-1/N-H.skf
  /home/andersx/parameters/3ob-3-1/O-C.skf
  /home/andersx/parameters/3ob-3-1/O-N.skf
  /home/andersx/parameters/3ob-3-1/O-O.skf
  /home/andersx/parameters/3ob-3-1/O-H.skf
  /home/andersx/parameters/3ob-3-1/H-C.skf
  /home/andersx/parameters/3ob-3-1/H-N.skf
  /home/andersx/parameters/3ob-3-1/H-O.skf
  /home/andersx/parameters/3ob-3-1/H-H.skf
Done.

Starting initialization...
--------------------------------------------------------------------------------
Mode:                        Static calculation
Self consistent charges:     Yes
SCC-tolerance:                 0.100000E-05
Max. scc iterations:                    100
Ewald alpha parameter:         0.000000E+00
Spin polarisation:           No
Nr. of up electrons:            21.000000
Nr. of down electrons:          21.000000
Periodic boundaries:         No
Diagonalizer:                Divide and Conquer
Mixer:                       Anderson mixer
Mixing parameter:                  0.200000
Maximal SCC-cycles:                     100
Nr. of chrg. vectors to mix:              8
Electronic temperature:        0.100000E-07
Initial charges:             Set automatically (system chrg:   0.000E+00)
Included shells:              C:  s, p
                              N:  s, p
                              O:  s, p
                              H:  s
Full 3rd order correction    Yes
Damped SCC                   Yes
Damped specie(s):            H                                                 
Extra options:
--------------------------------------------------------------------------------
 

********************************************************************************
** Geometry step: 0
********************************************************************************

  iSCC Total electronic   Diff electronic      SCC error    
    1   -0.18875695E+02    0.00000000E+00    0.85834351E+00
    2   -0.18876157E+02   -0.46166735E-03    0.84536749E+00
    3   -0.18885338E+02   -0.91811830E-02    0.11852077E+00
    4   -0.18884862E+02    0.47635762E-03    0.12227910E+00
    5   -0.18885688E+02   -0.82587779E-03    0.11894985E+00
    6   -0.18886914E+02   -0.12260439E-02    0.25646939E-01
    7   -0.18886915E+02   -0.14272722E-05    0.27249317E-01
    8   -0.18886938E+02   -0.22610131E-04    0.20829090E-01
    9   -0.18886950E+02   -0.12501588E-04    0.33106134E-02
   10   -0.18886951E+02   -0.35368104E-06    0.28123720E-02
   11   -0.18886952E+02   -0.10689848E-05    0.39283766E-03
   12   -0.18886952E+02   -0.61772383E-08    0.27932072E-03
   13   -0.18886952E+02   -0.28330405E-08    0.43617906E-04
   14   -0.18886952E+02   -0.50491167E-10    0.83085804E-05
   15   -0.18886952E+02   -0.10338397E-11    0.78770257E-06
>> Charges saved for restart in charges.bin
 
 Total Energy:                     -18.6466437927 H
 Total Mermin free energy:         -18.6466437927 H
