================================================================================
==
==   Density Functional based Tight Binding with a lot of extensions (DFTB+)    
==
==                              Release: 1.2 (p2)
==
==                            (ParserVersion = 4)
==
================================================================================


********************************************************************************
** Parsing and initializing
********************************************************************************

Interpreting input file 'dftb_in.hsd'
--------------------------------------------------------------------------------
WARNING!
-> WriteHSDInput and WriteXMLInput both turned off. You won't eventually be 
 able to obtain the same results with a later version of the code!
Path: dftb_in/ParserOptions
Line: 81-84 (File: dftb_in.hsd)

Reading SK-files:
  /home/andersx/parameters/3ob-3-1/C-C.skf
  /home/andersx/parameters/3ob-3-1/C-N.skf
  /home/andersx/parameters/3ob-3-1/C-O.skf
  /home/andersx/parameters/3ob-3-1/C-H.skf
  /home/andersx/parameters/3ob-3-1/N-C.skf
  /home/andersx/parameters/3ob-3-1/N-N.skf
  /home/andersx/parameters/3ob-3-1/N-O.skf
  /home/andersx/parameters/3ob-3-1/N-H.skf
  /home/andersx/parameters/3ob-3-1/O-C.skf
  /home/andersx/parameters/3ob-3-1/O-N.skf
  /home/andersx/parameters/3ob-3-1/O-O.skf
  /home/andersx/parameters/3ob-3-1/O-H.skf
  /home/andersx/parameters/3ob-3-1/H-C.skf
  /home/andersx/parameters/3ob-3-1/H-N.skf
  /home/andersx/parameters/3ob-3-1/H-O.skf
  /home/andersx/parameters/3ob-3-1/H-H.skf
Done.

Starting initialization...
--------------------------------------------------------------------------------
Mode:                        Static calculation
Self consistent charges:     Yes
SCC-tolerance:                 0.100000E-05
Max. scc iterations:                    100
Ewald alpha parameter:         0.000000E+00
Spin polarisation:           No
Nr. of up electrons:            19.000000
Nr. of down electrons:          19.000000
Periodic boundaries:         No
Diagonalizer:                Divide and Conquer
Mixer:                       Anderson mixer
Mixing parameter:                  0.200000
Maximal SCC-cycles:                     100
Nr. of chrg. vectors to mix:              8
Electronic temperature:        0.100000E-07
Initial charges:             Set automatically (system chrg:   0.000E+00)
Included shells:              C:  s, p
                              N:  s, p
                              O:  s, p
                              H:  s
Full 3rd order correction    Yes
Damped SCC                   Yes
Damped specie(s):            H                                                 
Extra options:
--------------------------------------------------------------------------------
 

********************************************************************************
** Geometry step: 0
********************************************************************************

  iSCC Total electronic   Diff electronic      SCC error    
    1   -0.17512310E+02    0.00000000E+00    0.59829552E+00
    2   -0.17513187E+02   -0.87687966E-03    0.58561520E+00
    3   -0.17531835E+02   -0.18648734E-01    0.15832003E+00
    4   -0.17531733E+02    0.10196296E-03    0.15153376E+00
    5   -0.17532523E+02   -0.79012713E-03    0.32781631E-01
    6   -0.17532561E+02   -0.37761025E-04    0.20596805E-01
    7   -0.17532560E+02    0.14019712E-05    0.20293198E-01
    8   -0.17532569E+02   -0.87571112E-05    0.38927365E-02
    9   -0.17532569E+02   -0.14068489E-06    0.33798537E-02
   10   -0.17532569E+02   -0.35060808E-06    0.61585377E-03
   11   -0.17532569E+02   -0.17403611E-07    0.42119286E-03
   12   -0.17532569E+02   -0.11185097E-07    0.35496091E-04
   13   -0.17532569E+02   -0.64364514E-10    0.10253566E-04
   14   -0.17532569E+02   -0.45936588E-11    0.46683057E-06
>> Charges saved for restart in charges.bin
 
 Total Energy:                     -17.1275955446 H
 Total Mermin free energy:         -17.1275955446 H
