================================================================================
==
==   Density Functional based Tight Binding with a lot of extensions (DFTB+)    
==
==                              Release: 1.2 (p2)
==
==                            (ParserVersion = 4)
==
================================================================================


********************************************************************************
** Parsing and initializing
********************************************************************************

Interpreting input file 'dftb_in.hsd'
--------------------------------------------------------------------------------
WARNING!
-> WriteHSDInput and WriteXMLInput both turned off. You won't eventually be 
 able to obtain the same results with a later version of the code!
Path: dftb_in/ParserOptions
Line: 85-88 (File: dftb_in.hsd)

Reading SK-files:
  /home/andersx/parameters/3ob-3-1/C-C.skf
  /home/andersx/parameters/3ob-3-1/C-N.skf
  /home/andersx/parameters/3ob-3-1/C-O.skf
  /home/andersx/parameters/3ob-3-1/C-H.skf
  /home/andersx/parameters/3ob-3-1/N-C.skf
  /home/andersx/parameters/3ob-3-1/N-N.skf
  /home/andersx/parameters/3ob-3-1/N-O.skf
  /home/andersx/parameters/3ob-3-1/N-H.skf
  /home/andersx/parameters/3ob-3-1/O-C.skf
  /home/andersx/parameters/3ob-3-1/O-N.skf
  /home/andersx/parameters/3ob-3-1/O-O.skf
  /home/andersx/parameters/3ob-3-1/O-H.skf
  /home/andersx/parameters/3ob-3-1/H-C.skf
  /home/andersx/parameters/3ob-3-1/H-N.skf
  /home/andersx/parameters/3ob-3-1/H-O.skf
  /home/andersx/parameters/3ob-3-1/H-H.skf
Done.

Starting initialization...
--------------------------------------------------------------------------------
Mode:                        Static calculation
Self consistent charges:     Yes
SCC-tolerance:                 0.100000E-05
Max. scc iterations:                    100
Ewald alpha parameter:         0.000000E+00
Spin polarisation:           No
Nr. of up electrons:            21.000000
Nr. of down electrons:          21.000000
Periodic boundaries:         No
Diagonalizer:                Divide and Conquer
Mixer:                       Anderson mixer
Mixing parameter:                  0.200000
Maximal SCC-cycles:                     100
Nr. of chrg. vectors to mix:              8
Electronic temperature:        0.100000E-07
Initial charges:             Set automatically (system chrg:   0.000E+00)
Included shells:              C:  s, p
                              N:  s, p
                              O:  s, p
                              H:  s
Full 3rd order correction    Yes
Damped SCC                   Yes
Damped specie(s):            H                                                 
Extra options:
--------------------------------------------------------------------------------
 

********************************************************************************
** Geometry step: 0
********************************************************************************

  iSCC Total electronic   Diff electronic      SCC error    
    1   -0.18877648E+02    0.00000000E+00    0.86240999E+00
    2   -0.18878105E+02   -0.45654263E-03    0.84938036E+00
    3   -0.18887423E+02   -0.93183968E-02    0.11619231E+00
    4   -0.18886976E+02    0.44740086E-03    0.12013525E+00
    5   -0.18887618E+02   -0.64231810E-03    0.12426820E+00
    6   -0.18888810E+02   -0.11921618E-02    0.24638118E-01
    7   -0.18888785E+02    0.25244874E-04    0.43046804E-01
    8   -0.18888813E+02   -0.27923019E-04    0.35146228E-01
    9   -0.18888850E+02   -0.36708190E-04    0.60715555E-02
   10   -0.18888850E+02   -0.15994443E-06    0.55164787E-02
   11   -0.18888851E+02   -0.71551711E-06    0.73565202E-03
   12   -0.18888851E+02   -0.16245611E-07    0.62778708E-03
   13   -0.18888851E+02   -0.52064234E-07    0.51564747E-04
   14   -0.18888851E+02   -0.21860913E-09    0.33434323E-04
   15   -0.18888851E+02   -0.80937923E-10    0.43806717E-05
   16   -0.18888851E+02   -0.18829382E-12    0.50231085E-06
>> Charges saved for restart in charges.bin
 
 Total Energy:                     -18.6478814901 H
 Total Mermin free energy:         -18.6478814901 H
