================================================================================
==
==   Density Functional based Tight Binding with a lot of extensions (DFTB+)    
==
==                              Release: 1.2 (p2)
==
==                            (ParserVersion = 4)
==
================================================================================


********************************************************************************
** Parsing and initializing
********************************************************************************

Interpreting input file 'dftb_in.hsd'
--------------------------------------------------------------------------------
WARNING!
-> WriteHSDInput and WriteXMLInput both turned off. You won't eventually be 
 able to obtain the same results with a later version of the code!
Path: dftb_in/ParserOptions
Line: 80-83 (File: dftb_in.hsd)

Reading SK-files:
  /home/andersx/parameters/3ob-3-1/C-C.skf
  /home/andersx/parameters/3ob-3-1/C-O.skf
  /home/andersx/parameters/3ob-3-1/C-N.skf
  /home/andersx/parameters/3ob-3-1/C-H.skf
  /home/andersx/parameters/3ob-3-1/O-C.skf
  /home/andersx/parameters/3ob-3-1/O-O.skf
  /home/andersx/parameters/3ob-3-1/O-N.skf
  /home/andersx/parameters/3ob-3-1/O-H.skf
  /home/andersx/parameters/3ob-3-1/N-C.skf
  /home/andersx/parameters/3ob-3-1/N-O.skf
  /home/andersx/parameters/3ob-3-1/N-N.skf
  /home/andersx/parameters/3ob-3-1/N-H.skf
  /home/andersx/parameters/3ob-3-1/H-C.skf
  /home/andersx/parameters/3ob-3-1/H-O.skf
  /home/andersx/parameters/3ob-3-1/H-N.skf
  /home/andersx/parameters/3ob-3-1/H-H.skf
Done.

Starting initialization...
--------------------------------------------------------------------------------
Mode:                        Static calculation
Self consistent charges:     Yes
SCC-tolerance:                 0.100000E-05
Max. scc iterations:                    100
Ewald alpha parameter:         0.000000E+00
Spin polarisation:           No
Nr. of up electrons:            18.000000
Nr. of down electrons:          18.000000
Periodic boundaries:         No
Diagonalizer:                Divide and Conquer
Mixer:                       Anderson mixer
Mixing parameter:                  0.200000
Maximal SCC-cycles:                     100
Nr. of chrg. vectors to mix:              8
Electronic temperature:        0.100000E-07
Initial charges:             Set automatically (system chrg:   0.000E+00)
Included shells:              C:  s, p
                              O:  s, p
                              N:  s, p
                              H:  s
Full 3rd order correction    Yes
Damped SCC                   Yes
Damped specie(s):            H                                                 
Extra options:
--------------------------------------------------------------------------------
 

********************************************************************************
** Geometry step: 0
********************************************************************************

  iSCC Total electronic   Diff electronic      SCC error    
    1   -0.16416073E+02    0.00000000E+00    0.68776289E+00
    2   -0.16417598E+02   -0.15249230E-02    0.67501434E+00
    3   -0.16453988E+02   -0.36390091E-01    0.12517491E+00
    4   -0.16454070E+02   -0.81637964E-04    0.12361056E+00
    5   -0.16454377E+02   -0.30688958E-03    0.34448031E-01
    6   -0.16454410E+02   -0.33969142E-04    0.32828437E-01
    7   -0.16454469E+02   -0.58511385E-04    0.72445123E-02
    8   -0.16454472E+02   -0.26133734E-05    0.31171474E-02
    9   -0.16454472E+02   -0.22643544E-06    0.27901423E-02
   10   -0.16454472E+02   -0.48334167E-06    0.25163951E-03
   11   -0.16454472E+02   -0.35883723E-08    0.14758470E-03
   12   -0.16454472E+02   -0.13765380E-08    0.12925084E-04
   13   -0.16454472E+02   -0.11070256E-10    0.14256106E-05
   14   -0.16454472E+02   -0.39079850E-13    0.38989513E-06
>> Charges saved for restart in charges.bin
 
 Total Energy:                     -16.0989080025 H
 Total Mermin free energy:         -16.0989080025 H
