================================================================================
==
==   Density Functional based Tight Binding with a lot of extensions (DFTB+)    
==
==                              Release: 1.2 (p2)
==
==                            (ParserVersion = 4)
==
================================================================================


********************************************************************************
** Parsing and initializing
********************************************************************************

Interpreting input file 'dftb_in.hsd'
--------------------------------------------------------------------------------
WARNING!
-> WriteHSDInput and WriteXMLInput both turned off. You won't eventually be 
 able to obtain the same results with a later version of the code!
Path: dftb_in/ParserOptions
Line: 80-83 (File: dftb_in.hsd)

Reading SK-files:
  /home/andersx/parameters/3ob-3-1/C-C.skf
  /home/andersx/parameters/3ob-3-1/C-O.skf
  /home/andersx/parameters/3ob-3-1/C-N.skf
  /home/andersx/parameters/3ob-3-1/C-H.skf
  /home/andersx/parameters/3ob-3-1/O-C.skf
  /home/andersx/parameters/3ob-3-1/O-O.skf
  /home/andersx/parameters/3ob-3-1/O-N.skf
  /home/andersx/parameters/3ob-3-1/O-H.skf
  /home/andersx/parameters/3ob-3-1/N-C.skf
  /home/andersx/parameters/3ob-3-1/N-O.skf
  /home/andersx/parameters/3ob-3-1/N-N.skf
  /home/andersx/parameters/3ob-3-1/N-H.skf
  /home/andersx/parameters/3ob-3-1/H-C.skf
  /home/andersx/parameters/3ob-3-1/H-O.skf
  /home/andersx/parameters/3ob-3-1/H-N.skf
  /home/andersx/parameters/3ob-3-1/H-H.skf
Done.

Starting initialization...
--------------------------------------------------------------------------------
Mode:                        Static calculation
Self consistent charges:     Yes
SCC-tolerance:                 0.100000E-05
Max. scc iterations:                    100
Ewald alpha parameter:         0.000000E+00
Spin polarisation:           No
Nr. of up electrons:            18.000000
Nr. of down electrons:          18.000000
Periodic boundaries:         No
Diagonalizer:                Divide and Conquer
Mixer:                       Anderson mixer
Mixing parameter:                  0.200000
Maximal SCC-cycles:                     100
Nr. of chrg. vectors to mix:              8
Electronic temperature:        0.100000E-07
Initial charges:             Set automatically (system chrg:   0.000E+00)
Included shells:              C:  s, p
                              O:  s, p
                              N:  s, p
                              H:  s
Full 3rd order correction    Yes
Damped SCC                   Yes
Damped specie(s):            H                                                 
Extra options:
--------------------------------------------------------------------------------
 

********************************************************************************
** Geometry step: 0
********************************************************************************

  iSCC Total electronic   Diff electronic      SCC error    
    1   -0.16412466E+02    0.00000000E+00    0.81371498E+00
    2   -0.16414058E+02   -0.15919519E-02    0.80015424E+00
    3   -0.16452186E+02   -0.38127394E-01    0.15862644E+00
    4   -0.16452705E+02   -0.51961068E-03    0.13155666E+00
    5   -0.16451999E+02    0.70655484E-03    0.11598126E+00
    6   -0.16453260E+02   -0.12610080E-02    0.46034431E-01
    7   -0.16453198E+02    0.61549715E-04    0.42112992E-01
    8   -0.16453302E+02   -0.10365821E-03    0.51977142E-02
    9   -0.16453302E+02    0.21871820E-07    0.48636420E-02
   10   -0.16453304E+02   -0.17503647E-05    0.30465820E-02
   11   -0.16453304E+02   -0.44302752E-06    0.88490728E-03
   12   -0.16453304E+02   -0.51725980E-07    0.24874834E-03
   13   -0.16453304E+02   -0.62568510E-08    0.13950240E-03
   14   -0.16453304E+02   -0.11280683E-08    0.31232650E-04
   15   -0.16453304E+02   -0.75736750E-10    0.15357552E-05
   16   -0.16453304E+02   -0.12434498E-12    0.50413395E-06
>> Charges saved for restart in charges.bin
 
 Total Energy:                     -16.0992573229 H
 Total Mermin free energy:         -16.0992573229 H
