================================================================================
==
==   Density Functional based Tight Binding with a lot of extensions (DFTB+)    
==
==                              Release: 1.2 (p2)
==
==                            (ParserVersion = 4)
==
================================================================================


********************************************************************************
** Parsing and initializing
********************************************************************************

Interpreting input file 'dftb_in.hsd'
--------------------------------------------------------------------------------
WARNING!
-> WriteHSDInput and WriteXMLInput both turned off. You won't eventually be 
 able to obtain the same results with a later version of the code!
Path: dftb_in/ParserOptions
Line: 82-85 (File: dftb_in.hsd)

Reading SK-files:
  /home/andersx/parameters/3ob-3-1/C-C.skf
  /home/andersx/parameters/3ob-3-1/C-O.skf
  /home/andersx/parameters/3ob-3-1/C-N.skf
  /home/andersx/parameters/3ob-3-1/C-H.skf
  /home/andersx/parameters/3ob-3-1/O-C.skf
  /home/andersx/parameters/3ob-3-1/O-O.skf
  /home/andersx/parameters/3ob-3-1/O-N.skf
  /home/andersx/parameters/3ob-3-1/O-H.skf
  /home/andersx/parameters/3ob-3-1/N-C.skf
  /home/andersx/parameters/3ob-3-1/N-O.skf
  /home/andersx/parameters/3ob-3-1/N-N.skf
  /home/andersx/parameters/3ob-3-1/N-H.skf
  /home/andersx/parameters/3ob-3-1/H-C.skf
  /home/andersx/parameters/3ob-3-1/H-O.skf
  /home/andersx/parameters/3ob-3-1/H-N.skf
  /home/andersx/parameters/3ob-3-1/H-H.skf
Done.

Starting initialization...
--------------------------------------------------------------------------------
Mode:                        Static calculation
Self consistent charges:     Yes
SCC-tolerance:                 0.100000E-05
Max. scc iterations:                    100
Ewald alpha parameter:         0.000000E+00
Spin polarisation:           No
Nr. of up electrons:            19.000000
Nr. of down electrons:          19.000000
Periodic boundaries:         No
Diagonalizer:                Divide and Conquer
Mixer:                       Anderson mixer
Mixing parameter:                  0.200000
Maximal SCC-cycles:                     100
Nr. of chrg. vectors to mix:              8
Electronic temperature:        0.100000E-07
Initial charges:             Set automatically (system chrg:   0.000E+00)
Included shells:              C:  s, p
                              O:  s, p
                              N:  s, p
                              H:  s
Full 3rd order correction    Yes
Damped SCC                   Yes
Damped specie(s):            H                                                 
Extra options:
--------------------------------------------------------------------------------
 

********************************************************************************
** Geometry step: 0
********************************************************************************

  iSCC Total electronic   Diff electronic      SCC error    
    1   -0.17127306E+02    0.00000000E+00    0.67787055E+00
    2   -0.17128045E+02   -0.73876913E-03    0.66877780E+00
    3   -0.17144473E+02   -0.16427828E-01    0.16740511E+00
    4   -0.17144300E+02    0.17293811E-03    0.14863155E+00
    5   -0.17145206E+02   -0.90578006E-03    0.62490950E-01
    6   -0.17145356E+02   -0.15063538E-03    0.21232458E-01
    7   -0.17145351E+02    0.50777326E-05    0.21632893E-01
    8   -0.17145381E+02   -0.29693654E-04    0.61149600E-02
    9   -0.17145382E+02   -0.11643952E-05    0.60533467E-02
   10   -0.17145384E+02   -0.18758995E-05    0.39095094E-02
   11   -0.17145384E+02   -0.14461817E-06    0.32573766E-03
   12   -0.17145384E+02   -0.15280207E-07    0.21741943E-03
   13   -0.17145384E+02   -0.32734171E-08    0.36824912E-04
   14   -0.17145384E+02   -0.57188032E-10    0.83527249E-05
   15   -0.17145384E+02   -0.13749002E-11    0.10402112E-05
   16   -0.17145384E+02   -0.67501560E-13    0.60600786E-07
>> Charges saved for restart in charges.bin
 
 Total Energy:                     -16.8671024584 H
 Total Mermin free energy:         -16.8671024584 H
