================================================================================
==
==   Density Functional based Tight Binding with a lot of extensions (DFTB+)    
==
==                              Release: 1.2 (p2)
==
==                            (ParserVersion = 4)
==
================================================================================


********************************************************************************
** Parsing and initializing
********************************************************************************

Interpreting input file 'dftb_in.hsd'
--------------------------------------------------------------------------------
WARNING!
-> WriteHSDInput and WriteXMLInput both turned off. You won't eventually be 
 able to obtain the same results with a later version of the code!
Path: dftb_in/ParserOptions
Line: 88-91 (File: dftb_in.hsd)

Reading SK-files:
  /home/andersx/parameters/3ob-3-1/C-C.skf
  /home/andersx/parameters/3ob-3-1/C-O.skf
  /home/andersx/parameters/3ob-3-1/C-N.skf
  /home/andersx/parameters/3ob-3-1/C-H.skf
  /home/andersx/parameters/3ob-3-1/O-C.skf
  /home/andersx/parameters/3ob-3-1/O-O.skf
  /home/andersx/parameters/3ob-3-1/O-N.skf
  /home/andersx/parameters/3ob-3-1/O-H.skf
  /home/andersx/parameters/3ob-3-1/N-C.skf
  /home/andersx/parameters/3ob-3-1/N-O.skf
  /home/andersx/parameters/3ob-3-1/N-N.skf
  /home/andersx/parameters/3ob-3-1/N-H.skf
  /home/andersx/parameters/3ob-3-1/H-C.skf
  /home/andersx/parameters/3ob-3-1/H-O.skf
  /home/andersx/parameters/3ob-3-1/H-N.skf
  /home/andersx/parameters/3ob-3-1/H-H.skf
Done.

Starting initialization...
--------------------------------------------------------------------------------
Mode:                        Static calculation
Self consistent charges:     Yes
SCC-tolerance:                 0.100000E-05
Max. scc iterations:                    100
Ewald alpha parameter:         0.000000E+00
Spin polarisation:           No
Nr. of up electrons:            22.000000
Nr. of down electrons:          22.000000
Periodic boundaries:         No
Diagonalizer:                Divide and Conquer
Mixer:                       Anderson mixer
Mixing parameter:                  0.200000
Maximal SCC-cycles:                     100
Nr. of chrg. vectors to mix:              8
Electronic temperature:        0.100000E-07
Initial charges:             Set automatically (system chrg:   0.000E+00)
Included shells:              C:  s, p
                              O:  s, p
                              N:  s, p
                              H:  s
Full 3rd order correction    Yes
Damped SCC                   Yes
Damped specie(s):            H                                                 
Extra options:
--------------------------------------------------------------------------------
 

********************************************************************************
** Geometry step: 0
********************************************************************************

  iSCC Total electronic   Diff electronic      SCC error    
    1   -0.19176694E+02    0.00000000E+00    0.70325113E+00
    2   -0.19176875E+02   -0.18154929E-03    0.69402727E+00
    3   -0.19181475E+02   -0.46003831E-02    0.61873506E-01
    4   -0.19181342E+02    0.13390392E-03    0.51723637E-01
    5   -0.19181394E+02   -0.52386792E-04    0.14980402E+00
    6   -0.19181752E+02   -0.35840422E-03    0.23704976E-01
    7   -0.19181754E+02   -0.11530699E-05    0.12850369E-01
    8   -0.19181755E+02   -0.13702953E-05    0.55743656E-02
    9   -0.19181756E+02   -0.69325722E-06    0.99655284E-03
   10   -0.19181756E+02   -0.20687061E-07    0.89890875E-03
   11   -0.19181756E+02   -0.57096738E-07    0.21167938E-03
   12   -0.19181756E+02   -0.28023308E-08    0.11645847E-03
   13   -0.19181756E+02   -0.11696137E-08    0.15502326E-04
   14   -0.19181756E+02   -0.76063600E-11    0.17733654E-05
   15   -0.19181756E+02   -0.67501560E-13    0.38154852E-06
>> Charges saved for restart in charges.bin
 
 Total Energy:                     -19.1735223852 H
 Total Mermin free energy:         -19.1735223852 H
