================================================================================
==
==   Density Functional based Tight Binding with a lot of extensions (DFTB+)    
==
==                              Release: 1.2 (p2)
==
==                            (ParserVersion = 4)
==
================================================================================


********************************************************************************
** Parsing and initializing
********************************************************************************

Interpreting input file 'dftb_in.hsd'
--------------------------------------------------------------------------------
WARNING!
-> WriteHSDInput and WriteXMLInput both turned off. You won't eventually be 
 able to obtain the same results with a later version of the code!
Path: dftb_in/ParserOptions
Line: 88-91 (File: dftb_in.hsd)

Reading SK-files:
  /home/andersx/parameters/3ob-3-1/C-C.skf
  /home/andersx/parameters/3ob-3-1/C-O.skf
  /home/andersx/parameters/3ob-3-1/C-N.skf
  /home/andersx/parameters/3ob-3-1/C-H.skf
  /home/andersx/parameters/3ob-3-1/O-C.skf
  /home/andersx/parameters/3ob-3-1/O-O.skf
  /home/andersx/parameters/3ob-3-1/O-N.skf
  /home/andersx/parameters/3ob-3-1/O-H.skf
  /home/andersx/parameters/3ob-3-1/N-C.skf
  /home/andersx/parameters/3ob-3-1/N-O.skf
  /home/andersx/parameters/3ob-3-1/N-N.skf
  /home/andersx/parameters/3ob-3-1/N-H.skf
  /home/andersx/parameters/3ob-3-1/H-C.skf
  /home/andersx/parameters/3ob-3-1/H-O.skf
  /home/andersx/parameters/3ob-3-1/H-N.skf
  /home/andersx/parameters/3ob-3-1/H-H.skf
Done.

Starting initialization...
--------------------------------------------------------------------------------
Mode:                        Static calculation
Self consistent charges:     Yes
SCC-tolerance:                 0.100000E-05
Max. scc iterations:                    100
Ewald alpha parameter:         0.000000E+00
Spin polarisation:           No
Nr. of up electrons:            22.000000
Nr. of down electrons:          22.000000
Periodic boundaries:         No
Diagonalizer:                Divide and Conquer
Mixer:                       Anderson mixer
Mixing parameter:                  0.200000
Maximal SCC-cycles:                     100
Nr. of chrg. vectors to mix:              8
Electronic temperature:        0.100000E-07
Initial charges:             Set automatically (system chrg:   0.000E+00)
Included shells:              C:  s, p
                              O:  s, p
                              N:  s, p
                              H:  s
Full 3rd order correction    Yes
Damped SCC                   Yes
Damped specie(s):            H                                                 
Extra options:
--------------------------------------------------------------------------------
 

********************************************************************************
** Geometry step: 0
********************************************************************************

  iSCC Total electronic   Diff electronic      SCC error    
    1   -0.19181347E+02    0.00000000E+00    0.71425834E+00
    2   -0.19181513E+02   -0.16573951E-03    0.70495080E+00
    3   -0.19185682E+02   -0.41698055E-02    0.79243602E-01
    4   -0.19185572E+02    0.11024438E-03    0.64873537E-01
    5   -0.19185586E+02   -0.13519478E-04    0.16072395E+00
    6   -0.19185904E+02   -0.31813948E-03    0.24745684E-01
    7   -0.19185902E+02    0.18017411E-05    0.60929350E-02
    8   -0.19185905E+02   -0.33016537E-05    0.60139631E-02
    9   -0.19185907E+02   -0.20479873E-05    0.16219495E-02
   10   -0.19185907E+02   -0.22256966E-07    0.13803910E-02
   11   -0.19185907E+02   -0.77432809E-07    0.19672501E-03
   12   -0.19185907E+02   -0.21947244E-08    0.12497293E-03
   13   -0.19185907E+02   -0.87714724E-09    0.19331558E-04
   14   -0.19185907E+02   -0.20136781E-10    0.13770615E-05
   15   -0.19185907E+02   -0.78159701E-13    0.24025447E-06
>> Charges saved for restart in charges.bin
 
 Total Energy:                     -19.1756019781 H
 Total Mermin free energy:         -19.1756019781 H
