================================================================================
==
==   Density Functional based Tight Binding with a lot of extensions (DFTB+)    
==
==                              Release: 1.2 (p2)
==
==                            (ParserVersion = 4)
==
================================================================================


********************************************************************************
** Parsing and initializing
********************************************************************************

Interpreting input file 'dftb_in.hsd'
--------------------------------------------------------------------------------
WARNING!
-> WriteHSDInput and WriteXMLInput both turned off. You won't eventually be 
 able to obtain the same results with a later version of the code!
Path: dftb_in/ParserOptions
Line: 82-85 (File: dftb_in.hsd)

Reading SK-files:
  /home/andersx/parameters/3ob-3-1/C-C.skf
  /home/andersx/parameters/3ob-3-1/C-O.skf
  /home/andersx/parameters/3ob-3-1/C-N.skf
  /home/andersx/parameters/3ob-3-1/C-H.skf
  /home/andersx/parameters/3ob-3-1/O-C.skf
  /home/andersx/parameters/3ob-3-1/O-O.skf
  /home/andersx/parameters/3ob-3-1/O-N.skf
  /home/andersx/parameters/3ob-3-1/O-H.skf
  /home/andersx/parameters/3ob-3-1/N-C.skf
  /home/andersx/parameters/3ob-3-1/N-O.skf
  /home/andersx/parameters/3ob-3-1/N-N.skf
  /home/andersx/parameters/3ob-3-1/N-H.skf
  /home/andersx/parameters/3ob-3-1/H-C.skf
  /home/andersx/parameters/3ob-3-1/H-O.skf
  /home/andersx/parameters/3ob-3-1/H-N.skf
  /home/andersx/parameters/3ob-3-1/H-H.skf
Done.

Starting initialization...
--------------------------------------------------------------------------------
Mode:                        Static calculation
Self consistent charges:     Yes
SCC-tolerance:                 0.100000E-05
Max. scc iterations:                    100
Ewald alpha parameter:         0.000000E+00
Spin polarisation:           No
Nr. of up electrons:            19.000000
Nr. of down electrons:          19.000000
Periodic boundaries:         No
Diagonalizer:                Divide and Conquer
Mixer:                       Anderson mixer
Mixing parameter:                  0.200000
Maximal SCC-cycles:                     100
Nr. of chrg. vectors to mix:              8
Electronic temperature:        0.100000E-07
Initial charges:             Set automatically (system chrg:   0.000E+00)
Included shells:              C:  s, p
                              O:  s, p
                              N:  s, p
                              H:  s
Full 3rd order correction    Yes
Damped SCC                   Yes
Damped specie(s):            H                                                 
Extra options:
--------------------------------------------------------------------------------
 

********************************************************************************
** Geometry step: 0
********************************************************************************

  iSCC Total electronic   Diff electronic      SCC error    
    1   -0.17113826E+02    0.00000000E+00    0.80015331E+00
    2   -0.17115361E+02   -0.15354898E-02    0.78697231E+00
    3   -0.17152909E+02   -0.37547920E-01    0.16451600E+00
    4   -0.17153339E+02   -0.43032934E-03    0.13779476E+00
    5   -0.17152467E+02    0.87280504E-03    0.11185282E+00
    6   -0.17153632E+02   -0.11655120E-02    0.26744828E-01
    7   -0.17153600E+02    0.31865818E-04    0.35678820E-01
    8   -0.17153668E+02   -0.67618754E-04    0.97015319E-02
    9   -0.17153668E+02    0.99703357E-09    0.87836318E-02
   10   -0.17153673E+02   -0.47160615E-05    0.14835240E-02
   11   -0.17153673E+02   -0.17549162E-07    0.38059140E-03
   12   -0.17153673E+02   -0.16470160E-07    0.18768247E-03
   13   -0.17153673E+02   -0.35068837E-09    0.25611016E-04
   14   -0.17153673E+02   -0.19408475E-10    0.17997642E-05
   15   -0.17153673E+02   -0.28421709E-13    0.31559257E-06
>> Charges saved for restart in charges.bin
 
 Total Energy:                     -16.8940185894 H
 Total Mermin free energy:         -16.8940185894 H
