================================================================================
==
==   Density Functional based Tight Binding with a lot of extensions (DFTB+)    
==
==                              Release: 1.2 (p2)
==
==                            (ParserVersion = 4)
==
================================================================================


********************************************************************************
** Parsing and initializing
********************************************************************************

Interpreting input file 'dftb_in.hsd'
--------------------------------------------------------------------------------
WARNING!
-> WriteHSDInput and WriteXMLInput both turned off. You won't eventually be 
 able to obtain the same results with a later version of the code!
Path: dftb_in/ParserOptions
Line: 78-81 (File: dftb_in.hsd)

Reading SK-files:
  /home/andersx/parameters/3ob-3-1/C-C.skf
  /home/andersx/parameters/3ob-3-1/C-N.skf
  /home/andersx/parameters/3ob-3-1/C-H.skf
  /home/andersx/parameters/3ob-3-1/N-C.skf
  /home/andersx/parameters/3ob-3-1/N-N.skf
  /home/andersx/parameters/3ob-3-1/N-H.skf
  /home/andersx/parameters/3ob-3-1/H-C.skf
  /home/andersx/parameters/3ob-3-1/H-N.skf
  /home/andersx/parameters/3ob-3-1/H-H.skf
Done.

Starting initialization...
--------------------------------------------------------------------------------
Mode:                        Static calculation
Self consistent charges:     Yes
SCC-tolerance:                 0.100000E-05
Max. scc iterations:                    100
Ewald alpha parameter:         0.000000E+00
Spin polarisation:           No
Nr. of up electrons:            19.000000
Nr. of down electrons:          19.000000
Periodic boundaries:         No
Diagonalizer:                Divide and Conquer
Mixer:                       Anderson mixer
Mixing parameter:                  0.200000
Maximal SCC-cycles:                     100
Nr. of chrg. vectors to mix:              8
Electronic temperature:        0.100000E-07
Initial charges:             Set automatically (system chrg:   0.000E+00)
Included shells:              C:  s, p
                              N:  s, p
                              H:  s
Full 3rd order correction    Yes
Damped SCC                   Yes
Damped specie(s):            H                                                 
Extra options:
--------------------------------------------------------------------------------
 

********************************************************************************
** Geometry step: 0
********************************************************************************

  iSCC Total electronic   Diff electronic      SCC error    
    1   -0.15763399E+02    0.00000000E+00    0.35650682E+00
    2   -0.15763539E+02   -0.13996890E-03    0.35061652E+00
    3   -0.15767349E+02   -0.38104583E-02    0.70877094E-01
    4   -0.15767296E+02    0.53242693E-04    0.68283633E-01
    5   -0.15767413E+02   -0.11720342E-03    0.47634113E-01
    6   -0.15767469E+02   -0.55526397E-04    0.36062252E-02
    7   -0.15767469E+02   -0.25453749E-06    0.32268218E-02
    8   -0.15767471E+02   -0.15752354E-05    0.40887891E-03
    9   -0.15767471E+02   -0.92405976E-08    0.36931669E-03
   10   -0.15767471E+02   -0.56091967E-08    0.13764066E-03
   11   -0.15767471E+02   -0.56106764E-09    0.17825055E-04
   12   -0.15767471E+02   -0.27142733E-11    0.34340220E-05
   13   -0.15767471E+02   -0.83488771E-13    0.90124561E-07
>> Charges saved for restart in charges.bin
 
 Total Energy:                     -15.8459389340 H
 Total Mermin free energy:         -15.8459389340 H
