================================================================================
==
==   Density Functional based Tight Binding with a lot of extensions (DFTB+)    
==
==                              Release: 1.2 (p2)
==
==                            (ParserVersion = 4)
==
================================================================================


********************************************************************************
** Parsing and initializing
********************************************************************************

Interpreting input file 'dftb_in.hsd'
--------------------------------------------------------------------------------
WARNING!
-> WriteHSDInput and WriteXMLInput both turned off. You won't eventually be 
 able to obtain the same results with a later version of the code!
Path: dftb_in/ParserOptions
Line: 88-91 (File: dftb_in.hsd)

Reading SK-files:
  /home/andersx/parameters/3ob-3-1/C-C.skf
  /home/andersx/parameters/3ob-3-1/C-O.skf
  /home/andersx/parameters/3ob-3-1/C-N.skf
  /home/andersx/parameters/3ob-3-1/C-H.skf
  /home/andersx/parameters/3ob-3-1/O-C.skf
  /home/andersx/parameters/3ob-3-1/O-O.skf
  /home/andersx/parameters/3ob-3-1/O-N.skf
  /home/andersx/parameters/3ob-3-1/O-H.skf
  /home/andersx/parameters/3ob-3-1/N-C.skf
  /home/andersx/parameters/3ob-3-1/N-O.skf
  /home/andersx/parameters/3ob-3-1/N-N.skf
  /home/andersx/parameters/3ob-3-1/N-H.skf
  /home/andersx/parameters/3ob-3-1/H-C.skf
  /home/andersx/parameters/3ob-3-1/H-O.skf
  /home/andersx/parameters/3ob-3-1/H-N.skf
  /home/andersx/parameters/3ob-3-1/H-H.skf
Done.

Starting initialization...
--------------------------------------------------------------------------------
Mode:                        Static calculation
Self consistent charges:     Yes
SCC-tolerance:                 0.100000E-05
Max. scc iterations:                    100
Ewald alpha parameter:         0.000000E+00
Spin polarisation:           No
Nr. of up electrons:            22.000000
Nr. of down electrons:          22.000000
Periodic boundaries:         No
Diagonalizer:                Divide and Conquer
Mixer:                       Anderson mixer
Mixing parameter:                  0.200000
Maximal SCC-cycles:                     100
Nr. of chrg. vectors to mix:              8
Electronic temperature:        0.100000E-07
Initial charges:             Set automatically (system chrg:   0.000E+00)
Included shells:              C:  s, p
                              O:  s, p
                              N:  s, p
                              H:  s
Full 3rd order correction    Yes
Damped SCC                   Yes
Damped specie(s):            H                                                 
Extra options:
--------------------------------------------------------------------------------
 

********************************************************************************
** Geometry step: 0
********************************************************************************

  iSCC Total electronic   Diff electronic      SCC error    
    1   -0.19154090E+02    0.00000000E+00    0.68539605E+00
    2   -0.19154262E+02   -0.17158593E-03    0.67638901E+00
    3   -0.19158971E+02   -0.47098253E-02    0.53137776E-01
    4   -0.19158915E+02    0.56138820E-04    0.41864417E-01
    5   -0.19158915E+02   -0.19012148E-06    0.98984720E-01
    6   -0.19159071E+02   -0.15540199E-03    0.14500348E-01
    7   -0.19159071E+02    0.11747537E-06    0.73377139E-02
    8   -0.19159072E+02   -0.82369978E-06    0.67809576E-02
    9   -0.19159073E+02   -0.11114579E-05    0.14788153E-02
   10   -0.19159073E+02   -0.16179534E-07    0.12243247E-02
   11   -0.19159073E+02   -0.49201788E-07    0.20757330E-03
   12   -0.19159073E+02   -0.76869355E-09    0.13552666E-03
   13   -0.19159073E+02   -0.33109870E-09    0.92943042E-05
   14   -0.19159073E+02   -0.97735153E-11    0.12627607E-05
   15   -0.19159073E+02   -0.63948846E-13    0.31927108E-06
>> Charges saved for restart in charges.bin
 
 Total Energy:                     -19.1587530145 H
 Total Mermin free energy:         -19.1587530145 H
