================================================================================
==
==   Density Functional based Tight Binding with a lot of extensions (DFTB+)    
==
==                              Release: 1.2 (p2)
==
==                            (ParserVersion = 4)
==
================================================================================


********************************************************************************
** Parsing and initializing
********************************************************************************

Interpreting input file 'dftb_in.hsd'
--------------------------------------------------------------------------------
WARNING!
-> WriteHSDInput and WriteXMLInput both turned off. You won't eventually be 
 able to obtain the same results with a later version of the code!
Path: dftb_in/ParserOptions
Line: 85-88 (File: dftb_in.hsd)

Reading SK-files:
  /home/andersx/parameters/3ob-3-1/C-C.skf
  /home/andersx/parameters/3ob-3-1/C-O.skf
  /home/andersx/parameters/3ob-3-1/C-N.skf
  /home/andersx/parameters/3ob-3-1/C-H.skf
  /home/andersx/parameters/3ob-3-1/O-C.skf
  /home/andersx/parameters/3ob-3-1/O-O.skf
  /home/andersx/parameters/3ob-3-1/O-N.skf
  /home/andersx/parameters/3ob-3-1/O-H.skf
  /home/andersx/parameters/3ob-3-1/N-C.skf
  /home/andersx/parameters/3ob-3-1/N-O.skf
  /home/andersx/parameters/3ob-3-1/N-N.skf
  /home/andersx/parameters/3ob-3-1/N-H.skf
  /home/andersx/parameters/3ob-3-1/H-C.skf
  /home/andersx/parameters/3ob-3-1/H-O.skf
  /home/andersx/parameters/3ob-3-1/H-N.skf
  /home/andersx/parameters/3ob-3-1/H-H.skf
Done.

Starting initialization...
--------------------------------------------------------------------------------
Mode:                        Static calculation
Self consistent charges:     Yes
SCC-tolerance:                 0.100000E-05
Max. scc iterations:                    100
Ewald alpha parameter:         0.000000E+00
Spin polarisation:           No
Nr. of up electrons:            21.000000
Nr. of down electrons:          21.000000
Periodic boundaries:         No
Diagonalizer:                Divide and Conquer
Mixer:                       Anderson mixer
Mixing parameter:                  0.200000
Maximal SCC-cycles:                     100
Nr. of chrg. vectors to mix:              8
Electronic temperature:        0.100000E-07
Initial charges:             Set automatically (system chrg:   0.000E+00)
Included shells:              C:  s, p
                              O:  s, p
                              N:  s, p
                              H:  s
Full 3rd order correction    Yes
Damped SCC                   Yes
Damped specie(s):            H                                                 
Extra options:
--------------------------------------------------------------------------------
 

********************************************************************************
** Geometry step: 0
********************************************************************************

  iSCC Total electronic   Diff electronic      SCC error    
    1   -0.18917838E+02    0.00000000E+00    0.91688359E+00
    2   -0.18918921E+02   -0.10831073E-02    0.90209865E+00
    3   -0.18943600E+02   -0.24678918E-01    0.21594042E+00
    4   -0.18944072E+02   -0.47227010E-03    0.21006537E+00
    5   -0.18946518E+02   -0.24462836E-02    0.19949499E-01
    6   -0.18946530E+02   -0.11543134E-04    0.15856769E-01
    7   -0.18946540E+02   -0.10110277E-04    0.89446020E-02
    8   -0.18946542E+02   -0.26553560E-05    0.30008583E-02
    9   -0.18946543E+02   -0.10885696E-06    0.31369061E-02
   10   -0.18946543E+02   -0.27350162E-06    0.47415552E-03
   11   -0.18946543E+02   -0.70888788E-08    0.27487711E-03
   12   -0.18946543E+02   -0.44288484E-08    0.30367093E-04
   13   -0.18946543E+02   -0.19007018E-10    0.47469345E-05
   14   -0.18946543E+02   -0.30908609E-12    0.76075951E-06
>> Charges saved for restart in charges.bin
 
 Total Energy:                     -18.6793263664 H
 Total Mermin free energy:         -18.6793263664 H
