================================================================================
==
==   Density Functional based Tight Binding with a lot of extensions (DFTB+)    
==
==                              Release: 1.2 (p2)
==
==                            (ParserVersion = 4)
==
================================================================================


********************************************************************************
** Parsing and initializing
********************************************************************************

Interpreting input file 'dftb_in.hsd'
--------------------------------------------------------------------------------
WARNING!
-> WriteHSDInput and WriteXMLInput both turned off. You won't eventually be 
 able to obtain the same results with a later version of the code!
Path: dftb_in/ParserOptions
Line: 85-88 (File: dftb_in.hsd)

Reading SK-files:
  /home/andersx/parameters/3ob-3-1/C-C.skf
  /home/andersx/parameters/3ob-3-1/C-O.skf
  /home/andersx/parameters/3ob-3-1/C-N.skf
  /home/andersx/parameters/3ob-3-1/C-H.skf
  /home/andersx/parameters/3ob-3-1/O-C.skf
  /home/andersx/parameters/3ob-3-1/O-O.skf
  /home/andersx/parameters/3ob-3-1/O-N.skf
  /home/andersx/parameters/3ob-3-1/O-H.skf
  /home/andersx/parameters/3ob-3-1/N-C.skf
  /home/andersx/parameters/3ob-3-1/N-O.skf
  /home/andersx/parameters/3ob-3-1/N-N.skf
  /home/andersx/parameters/3ob-3-1/N-H.skf
  /home/andersx/parameters/3ob-3-1/H-C.skf
  /home/andersx/parameters/3ob-3-1/H-O.skf
  /home/andersx/parameters/3ob-3-1/H-N.skf
  /home/andersx/parameters/3ob-3-1/H-H.skf
Done.

Starting initialization...
--------------------------------------------------------------------------------
Mode:                        Static calculation
Self consistent charges:     Yes
SCC-tolerance:                 0.100000E-05
Max. scc iterations:                    100
Ewald alpha parameter:         0.000000E+00
Spin polarisation:           No
Nr. of up electrons:            21.000000
Nr. of down electrons:          21.000000
Periodic boundaries:         No
Diagonalizer:                Divide and Conquer
Mixer:                       Anderson mixer
Mixing parameter:                  0.200000
Maximal SCC-cycles:                     100
Nr. of chrg. vectors to mix:              8
Electronic temperature:        0.100000E-07
Initial charges:             Set automatically (system chrg:   0.000E+00)
Included shells:              C:  s, p
                              O:  s, p
                              N:  s, p
                              H:  s
Full 3rd order correction    Yes
Damped SCC                   Yes
Damped specie(s):            H                                                 
Extra options:
--------------------------------------------------------------------------------
 

********************************************************************************
** Geometry step: 0
********************************************************************************

  iSCC Total electronic   Diff electronic      SCC error    
    1   -0.18885566E+02    0.00000000E+00    0.68865417E+00
    2   -0.18885878E+02   -0.31211511E-03    0.67968360E+00
    3   -0.18892950E+02   -0.70725610E-02    0.11241659E+00
    4   -0.18892704E+02    0.24632470E-03    0.13548121E+00
    5   -0.18893268E+02   -0.56367534E-03    0.10961531E+00
    6   -0.18893780E+02   -0.51185945E-03    0.22594177E-01
    7   -0.18893765E+02    0.14090214E-04    0.30647741E-01
    8   -0.18893806E+02   -0.40219366E-04    0.58015106E-02
    9   -0.18893805E+02    0.71561379E-06    0.59488439E-02
   10   -0.18893805E+02   -0.27036580E-06    0.47278385E-02
   11   -0.18893806E+02   -0.59644163E-06    0.94964194E-03
   12   -0.18893806E+02   -0.12064443E-06    0.18553909E-03
   13   -0.18893806E+02   -0.23378561E-08    0.56440049E-04
   14   -0.18893806E+02   -0.24858338E-09    0.38993540E-05
   15   -0.18893806E+02   -0.19504398E-11    0.15933929E-05
   16   -0.18893806E+02   -0.14921397E-12    0.10546615E-06
>> Charges saved for restart in charges.bin
 
 Total Energy:                     -18.6570613500 H
 Total Mermin free energy:         -18.6570613500 H
