================================================================================
==
==   Density Functional based Tight Binding with a lot of extensions (DFTB+)    
==
==                              Release: 1.2 (p2)
==
==                            (ParserVersion = 4)
==
================================================================================


********************************************************************************
** Parsing and initializing
********************************************************************************

Interpreting input file 'dftb_in.hsd'
--------------------------------------------------------------------------------
WARNING!
-> WriteHSDInput and WriteXMLInput both turned off. You won't eventually be 
 able to obtain the same results with a later version of the code!
Path: dftb_in/ParserOptions
Line: 85-88 (File: dftb_in.hsd)

Reading SK-files:
  /home/andersx/parameters/3ob-3-1/C-C.skf
  /home/andersx/parameters/3ob-3-1/C-O.skf
  /home/andersx/parameters/3ob-3-1/C-N.skf
  /home/andersx/parameters/3ob-3-1/C-H.skf
  /home/andersx/parameters/3ob-3-1/O-C.skf
  /home/andersx/parameters/3ob-3-1/O-O.skf
  /home/andersx/parameters/3ob-3-1/O-N.skf
  /home/andersx/parameters/3ob-3-1/O-H.skf
  /home/andersx/parameters/3ob-3-1/N-C.skf
  /home/andersx/parameters/3ob-3-1/N-O.skf
  /home/andersx/parameters/3ob-3-1/N-N.skf
  /home/andersx/parameters/3ob-3-1/N-H.skf
  /home/andersx/parameters/3ob-3-1/H-C.skf
  /home/andersx/parameters/3ob-3-1/H-O.skf
  /home/andersx/parameters/3ob-3-1/H-N.skf
  /home/andersx/parameters/3ob-3-1/H-H.skf
Done.

Starting initialization...
--------------------------------------------------------------------------------
Mode:                        Static calculation
Self consistent charges:     Yes
SCC-tolerance:                 0.100000E-05
Max. scc iterations:                    100
Ewald alpha parameter:         0.000000E+00
Spin polarisation:           No
Nr. of up electrons:            21.000000
Nr. of down electrons:          21.000000
Periodic boundaries:         No
Diagonalizer:                Divide and Conquer
Mixer:                       Anderson mixer
Mixing parameter:                  0.200000
Maximal SCC-cycles:                     100
Nr. of chrg. vectors to mix:              8
Electronic temperature:        0.100000E-07
Initial charges:             Set automatically (system chrg:   0.000E+00)
Included shells:              C:  s, p
                              O:  s, p
                              N:  s, p
                              H:  s
Full 3rd order correction    Yes
Damped SCC                   Yes
Damped specie(s):            H                                                 
Extra options:
--------------------------------------------------------------------------------
 

********************************************************************************
** Geometry step: 0
********************************************************************************

  iSCC Total electronic   Diff electronic      SCC error    
    1   -0.18886365E+02    0.00000000E+00    0.67730901E+00
    2   -0.18886680E+02   -0.31542975E-03    0.66845573E+00
    3   -0.18894153E+02   -0.74731365E-02    0.11036275E+00
    4   -0.18893940E+02    0.21299388E-03    0.13039976E+00
    5   -0.18894442E+02   -0.50212329E-03    0.94395150E-01
    6   -0.18894842E+02   -0.39976181E-03    0.21425626E-01
    7   -0.18894833E+02    0.92303922E-05    0.29790440E-01
    8   -0.18894874E+02   -0.40684878E-04    0.47059902E-02
    9   -0.18894873E+02    0.20530627E-06    0.55833367E-02
   10   -0.18894874E+02   -0.25021098E-06    0.41203494E-02
   11   -0.18894874E+02   -0.33818568E-06    0.79633198E-03
   12   -0.18894874E+02   -0.12353165E-06    0.11588395E-03
   13   -0.18894874E+02   -0.88272500E-09    0.58672614E-04
   14   -0.18894874E+02   -0.15485568E-09    0.48789333E-05
   15   -0.18894874E+02   -0.23057112E-11    0.16167603E-05
   16   -0.18894874E+02   -0.20605739E-12    0.21853230E-06
>> Charges saved for restart in charges.bin
 
 Total Energy:                     -18.6532066921 H
 Total Mermin free energy:         -18.6532066921 H
