================================================================================
==
==   Density Functional based Tight Binding with a lot of extensions (DFTB+)    
==
==                              Release: 1.2 (p2)
==
==                            (ParserVersion = 4)
==
================================================================================


********************************************************************************
** Parsing and initializing
********************************************************************************

Interpreting input file 'dftb_in.hsd'
--------------------------------------------------------------------------------
WARNING!
-> WriteHSDInput and WriteXMLInput both turned off. You won't eventually be 
 able to obtain the same results with a later version of the code!
Path: dftb_in/ParserOptions
Line: 82-85 (File: dftb_in.hsd)

Reading SK-files:
  /home/andersx/parameters/3ob-3-1/C-C.skf
  /home/andersx/parameters/3ob-3-1/C-O.skf
  /home/andersx/parameters/3ob-3-1/C-N.skf
  /home/andersx/parameters/3ob-3-1/C-H.skf
  /home/andersx/parameters/3ob-3-1/O-C.skf
  /home/andersx/parameters/3ob-3-1/O-O.skf
  /home/andersx/parameters/3ob-3-1/O-N.skf
  /home/andersx/parameters/3ob-3-1/O-H.skf
  /home/andersx/parameters/3ob-3-1/N-C.skf
  /home/andersx/parameters/3ob-3-1/N-O.skf
  /home/andersx/parameters/3ob-3-1/N-N.skf
  /home/andersx/parameters/3ob-3-1/N-H.skf
  /home/andersx/parameters/3ob-3-1/H-C.skf
  /home/andersx/parameters/3ob-3-1/H-O.skf
  /home/andersx/parameters/3ob-3-1/H-N.skf
  /home/andersx/parameters/3ob-3-1/H-H.skf
Done.

Starting initialization...
--------------------------------------------------------------------------------
Mode:                        Static calculation
Self consistent charges:     Yes
SCC-tolerance:                 0.100000E-05
Max. scc iterations:                    100
Ewald alpha parameter:         0.000000E+00
Spin polarisation:           No
Nr. of up electrons:            20.000000
Nr. of down electrons:          20.000000
Periodic boundaries:         No
Diagonalizer:                Divide and Conquer
Mixer:                       Anderson mixer
Mixing parameter:                  0.200000
Maximal SCC-cycles:                     100
Nr. of chrg. vectors to mix:              8
Electronic temperature:        0.100000E-07
Initial charges:             Set automatically (system chrg:   0.000E+00)
Included shells:              C:  s, p
                              O:  s, p
                              N:  s, p
                              H:  s
Full 3rd order correction    Yes
Damped SCC                   Yes
Damped specie(s):            H                                                 
Extra options:
--------------------------------------------------------------------------------
 

********************************************************************************
** Geometry step: 0
********************************************************************************

  iSCC Total electronic   Diff electronic      SCC error    
    1   -0.18652320E+02    0.00000000E+00    0.68978408E+00
    2   -0.18653166E+02   -0.84599692E-03    0.67772029E+00
    3   -0.18674156E+02   -0.20989811E-01    0.12508766E+00
    4   -0.18674357E+02   -0.20040247E-03    0.12388556E+00
    5   -0.18675299E+02   -0.94275635E-03    0.24707815E-01
    6   -0.18675307E+02   -0.71087126E-05    0.30835760E-01
    7   -0.18675319E+02   -0.12802503E-04    0.14483956E-01
    8   -0.18675323E+02   -0.36911195E-05    0.44293634E-02
    9   -0.18675323E+02   -0.34384668E-06    0.39355096E-02
   10   -0.18675324E+02   -0.54747996E-06    0.75635315E-03
   11   -0.18675324E+02   -0.22461499E-07    0.44588812E-03
   12   -0.18675324E+02   -0.23613410E-07    0.10370898E-03
   13   -0.18675324E+02   -0.31466030E-09    0.34392431E-04
   14   -0.18675324E+02   -0.24275693E-10    0.29301760E-05
   15   -0.18675324E+02   -0.49382720E-12    0.62661980E-06
>> Charges saved for restart in charges.bin
 
 Total Energy:                     -18.4146407627 H
 Total Mermin free energy:         -18.4146407627 H
