================================================================================
==
==   Density Functional based Tight Binding with a lot of extensions (DFTB+)    
==
==                              Release: 1.2 (p2)
==
==                            (ParserVersion = 4)
==
================================================================================


********************************************************************************
** Parsing and initializing
********************************************************************************

Interpreting input file 'dftb_in.hsd'
--------------------------------------------------------------------------------
WARNING!
-> WriteHSDInput and WriteXMLInput both turned off. You won't eventually be 
 able to obtain the same results with a later version of the code!
Path: dftb_in/ParserOptions
Line: 82-85 (File: dftb_in.hsd)

Reading SK-files:
  /home/andersx/parameters/3ob-3-1/C-C.skf
  /home/andersx/parameters/3ob-3-1/C-N.skf
  /home/andersx/parameters/3ob-3-1/C-O.skf
  /home/andersx/parameters/3ob-3-1/C-H.skf
  /home/andersx/parameters/3ob-3-1/N-C.skf
  /home/andersx/parameters/3ob-3-1/N-N.skf
  /home/andersx/parameters/3ob-3-1/N-O.skf
  /home/andersx/parameters/3ob-3-1/N-H.skf
  /home/andersx/parameters/3ob-3-1/O-C.skf
  /home/andersx/parameters/3ob-3-1/O-N.skf
  /home/andersx/parameters/3ob-3-1/O-O.skf
  /home/andersx/parameters/3ob-3-1/O-H.skf
  /home/andersx/parameters/3ob-3-1/H-C.skf
  /home/andersx/parameters/3ob-3-1/H-N.skf
  /home/andersx/parameters/3ob-3-1/H-O.skf
  /home/andersx/parameters/3ob-3-1/H-H.skf
Done.

Starting initialization...
--------------------------------------------------------------------------------
Mode:                        Static calculation
Self consistent charges:     Yes
SCC-tolerance:                 0.100000E-05
Max. scc iterations:                    100
Ewald alpha parameter:         0.000000E+00
Spin polarisation:           No
Nr. of up electrons:            19.000000
Nr. of down electrons:          19.000000
Periodic boundaries:         No
Diagonalizer:                Divide and Conquer
Mixer:                       Anderson mixer
Mixing parameter:                  0.200000
Maximal SCC-cycles:                     100
Nr. of chrg. vectors to mix:              8
Electronic temperature:        0.100000E-07
Initial charges:             Set automatically (system chrg:   0.000E+00)
Included shells:              C:  s, p
                              N:  s, p
                              O:  s, p
                              H:  s
Full 3rd order correction    Yes
Damped SCC                   Yes
Damped specie(s):            H                                                 
Extra options:
--------------------------------------------------------------------------------
 

********************************************************************************
** Geometry step: 0
********************************************************************************

  iSCC Total electronic   Diff electronic      SCC error    
    1   -0.17022832E+02    0.00000000E+00    0.64016595E+00
    2   -0.17024178E+02   -0.13459061E-02    0.62899984E+00
    3   -0.17056218E+02   -0.32040148E-01    0.12151170E+00
    4   -0.17056216E+02    0.16261425E-05    0.11837721E+00
    5   -0.17056660E+02   -0.44376882E-03    0.35609633E-01
    6   -0.17056672E+02   -0.11462476E-04    0.33244490E-01
    7   -0.17056658E+02    0.13494273E-04    0.25575936E-01
    8   -0.17056702E+02   -0.43974013E-04    0.29707031E-02
    9   -0.17056702E+02    0.57175356E-07    0.40097942E-02
   10   -0.17056703E+02   -0.55655989E-06    0.10559243E-02
   11   -0.17056703E+02   -0.39168203E-07    0.55412328E-03
   12   -0.17056703E+02   -0.14782636E-07    0.52953254E-04
   13   -0.17056703E+02   -0.62584604E-10    0.17968660E-04
   14   -0.17056703E+02   -0.36841641E-11    0.11642639E-05
   15   -0.17056703E+02   -0.71054274E-13    0.27307620E-06
>> Charges saved for restart in charges.bin
 
 Total Energy:                     -16.8424919455 H
 Total Mermin free energy:         -16.8424919455 H
