================================================================================
==
==   Density Functional based Tight Binding with a lot of extensions (DFTB+)    
==
==                              Release: 1.2 (p2)
==
==                            (ParserVersion = 4)
==
================================================================================


********************************************************************************
** Parsing and initializing
********************************************************************************

Interpreting input file 'dftb_in.hsd'
--------------------------------------------------------------------------------
WARNING!
-> WriteHSDInput and WriteXMLInput both turned off. You won't eventually be 
 able to obtain the same results with a later version of the code!
Path: dftb_in/ParserOptions
Line: 84-87 (File: dftb_in.hsd)

Reading SK-files:
  /home/andersx/parameters/3ob-3-1/C-C.skf
  /home/andersx/parameters/3ob-3-1/C-N.skf
  /home/andersx/parameters/3ob-3-1/C-O.skf
  /home/andersx/parameters/3ob-3-1/C-H.skf
  /home/andersx/parameters/3ob-3-1/N-C.skf
  /home/andersx/parameters/3ob-3-1/N-N.skf
  /home/andersx/parameters/3ob-3-1/N-O.skf
  /home/andersx/parameters/3ob-3-1/N-H.skf
  /home/andersx/parameters/3ob-3-1/O-C.skf
  /home/andersx/parameters/3ob-3-1/O-N.skf
  /home/andersx/parameters/3ob-3-1/O-O.skf
  /home/andersx/parameters/3ob-3-1/O-H.skf
  /home/andersx/parameters/3ob-3-1/H-C.skf
  /home/andersx/parameters/3ob-3-1/H-N.skf
  /home/andersx/parameters/3ob-3-1/H-O.skf
  /home/andersx/parameters/3ob-3-1/H-H.skf
Done.

Starting initialization...
--------------------------------------------------------------------------------
Mode:                        Static calculation
Self consistent charges:     Yes
SCC-tolerance:                 0.100000E-05
Max. scc iterations:                    100
Ewald alpha parameter:         0.000000E+00
Spin polarisation:           No
Nr. of up electrons:            20.000000
Nr. of down electrons:          20.000000
Periodic boundaries:         No
Diagonalizer:                Divide and Conquer
Mixer:                       Anderson mixer
Mixing parameter:                  0.200000
Maximal SCC-cycles:                     100
Nr. of chrg. vectors to mix:              8
Electronic temperature:        0.100000E-07
Initial charges:             Set automatically (system chrg:   0.000E+00)
Included shells:              C:  s, p
                              N:  s, p
                              O:  s, p
                              H:  s
Full 3rd order correction    Yes
Damped SCC                   Yes
Damped specie(s):            H                                                 
Extra options:
--------------------------------------------------------------------------------
 

********************************************************************************
** Geometry step: 0
********************************************************************************

  iSCC Total electronic   Diff electronic      SCC error    
    1   -0.17752823E+02    0.00000000E+00    0.69226215E+00
    2   -0.17753511E+02   -0.68796612E-03    0.68007707E+00
    3   -0.17771398E+02   -0.17887874E-01    0.10889691E+00
    4   -0.17771536E+02   -0.13716764E-03    0.11325164E+00
    5   -0.17772058E+02   -0.52258662E-03    0.27057120E-01
    6   -0.17772057E+02    0.90084206E-06    0.19441848E-01
    7   -0.17772065E+02   -0.74263990E-05    0.96254606E-02
    8   -0.17772069E+02   -0.42765365E-05    0.25624407E-02
    9   -0.17772069E+02   -0.18703826E-06    0.20720028E-02
   10   -0.17772070E+02   -0.31868375E-06    0.29547651E-03
   11   -0.17772070E+02   -0.86626422E-08    0.18026413E-03
   12   -0.17772070E+02   -0.30851091E-08    0.14501822E-04
   13   -0.17772070E+02   -0.18442137E-10    0.30982141E-05
   14   -0.17772070E+02   -0.15987212E-12    0.36304660E-06
>> Charges saved for restart in charges.bin
 
 Total Energy:                     -17.5996601395 H
 Total Mermin free energy:         -17.5996601395 H
