================================================================================
==
==   Density Functional based Tight Binding with a lot of extensions (DFTB+)    
==
==                              Release: 1.2 (p2)
==
==                            (ParserVersion = 4)
==
================================================================================


********************************************************************************
** Parsing and initializing
********************************************************************************

Interpreting input file 'dftb_in.hsd'
--------------------------------------------------------------------------------
WARNING!
-> WriteHSDInput and WriteXMLInput both turned off. You won't eventually be 
 able to obtain the same results with a later version of the code!
Path: dftb_in/ParserOptions
Line: 74-77 (File: dftb_in.hsd)

Reading SK-files:
  /home/andersx/parameters/3ob-3-1/C-C.skf
  /home/andersx/parameters/3ob-3-1/C-N.skf
  /home/andersx/parameters/3ob-3-1/C-H.skf
  /home/andersx/parameters/3ob-3-1/N-C.skf
  /home/andersx/parameters/3ob-3-1/N-N.skf
  /home/andersx/parameters/3ob-3-1/N-H.skf
  /home/andersx/parameters/3ob-3-1/H-C.skf
  /home/andersx/parameters/3ob-3-1/H-N.skf
  /home/andersx/parameters/3ob-3-1/H-H.skf
Done.

Starting initialization...
--------------------------------------------------------------------------------
Mode:                        Static calculation
Self consistent charges:     Yes
SCC-tolerance:                 0.100000E-05
Max. scc iterations:                    100
Ewald alpha parameter:         0.000000E+00
Spin polarisation:           No
Nr. of up electrons:            17.000000
Nr. of down electrons:          17.000000
Periodic boundaries:         No
Diagonalizer:                Divide and Conquer
Mixer:                       Anderson mixer
Mixing parameter:                  0.200000
Maximal SCC-cycles:                     100
Nr. of chrg. vectors to mix:              8
Electronic temperature:        0.100000E-07
Initial charges:             Set automatically (system chrg:   0.000E+00)
Included shells:              C:  s, p
                              N:  s, p
                              H:  s
Full 3rd order correction    Yes
Damped SCC                   Yes
Damped specie(s):            H                                                 
Extra options:
--------------------------------------------------------------------------------
 

********************************************************************************
** Geometry step: 0
********************************************************************************

  iSCC Total electronic   Diff electronic      SCC error    
    1   -0.14425059E+02    0.00000000E+00    0.46716041E+00
    2   -0.14425149E+02   -0.90787715E-04    0.46088615E+00
    3   -0.14427765E+02   -0.26156199E-02    0.52505787E-01
    4   -0.14427728E+02    0.36855840E-04    0.42324155E-01
    5   -0.14427765E+02   -0.36910543E-04    0.53756052E-01
    6   -0.14427845E+02   -0.80029274E-04    0.67891573E-02
    7   -0.14427845E+02    0.24005693E-07    0.57265570E-02
    8   -0.14427846E+02   -0.97565701E-06    0.27001209E-02
    9   -0.14427846E+02    0.13676367E-08    0.43862900E-03
   10   -0.14427846E+02   -0.38978058E-07    0.27982105E-03
   11   -0.14427846E+02   -0.16192718E-08    0.78546329E-04
   12   -0.14427846E+02   -0.45704063E-09    0.44648457E-05
   13   -0.14427846E+02   -0.14370727E-11    0.13373967E-05
   14   -0.14427846E+02   -0.78159701E-13    0.21441131E-06
>> Charges saved for restart in charges.bin
 
 Total Energy:                     -14.2692531099 H
 Total Mermin free energy:         -14.2692531099 H
