================================================================================
==
==   Density Functional based Tight Binding with a lot of extensions (DFTB+)    
==
==                              Release: 1.2 (p2)
==
==                            (ParserVersion = 4)
==
================================================================================


********************************************************************************
** Parsing and initializing
********************************************************************************

Interpreting input file 'dftb_in.hsd'
--------------------------------------------------------------------------------
WARNING!
-> WriteHSDInput and WriteXMLInput both turned off. You won't eventually be 
 able to obtain the same results with a later version of the code!
Path: dftb_in/ParserOptions
Line: 88-91 (File: dftb_in.hsd)

Reading SK-files:
  /home/andersx/parameters/3ob-3-1/C-C.skf
  /home/andersx/parameters/3ob-3-1/C-N.skf
  /home/andersx/parameters/3ob-3-1/C-O.skf
  /home/andersx/parameters/3ob-3-1/C-H.skf
  /home/andersx/parameters/3ob-3-1/N-C.skf
  /home/andersx/parameters/3ob-3-1/N-N.skf
  /home/andersx/parameters/3ob-3-1/N-O.skf
  /home/andersx/parameters/3ob-3-1/N-H.skf
  /home/andersx/parameters/3ob-3-1/O-C.skf
  /home/andersx/parameters/3ob-3-1/O-N.skf
  /home/andersx/parameters/3ob-3-1/O-O.skf
  /home/andersx/parameters/3ob-3-1/O-H.skf
  /home/andersx/parameters/3ob-3-1/H-C.skf
  /home/andersx/parameters/3ob-3-1/H-N.skf
  /home/andersx/parameters/3ob-3-1/H-O.skf
  /home/andersx/parameters/3ob-3-1/H-H.skf
Done.

Starting initialization...
--------------------------------------------------------------------------------
Mode:                        Static calculation
Self consistent charges:     Yes
SCC-tolerance:                 0.100000E-05
Max. scc iterations:                    100
Ewald alpha parameter:         0.000000E+00
Spin polarisation:           No
Nr. of up electrons:            22.000000
Nr. of down electrons:          22.000000
Periodic boundaries:         No
Diagonalizer:                Divide and Conquer
Mixer:                       Anderson mixer
Mixing parameter:                  0.200000
Maximal SCC-cycles:                     100
Nr. of chrg. vectors to mix:              8
Electronic temperature:        0.100000E-07
Initial charges:             Set automatically (system chrg:   0.000E+00)
Included shells:              C:  s, p
                              N:  s, p
                              O:  s, p
                              H:  s
Full 3rd order correction    Yes
Damped SCC                   Yes
Damped specie(s):            H                                                 
Extra options:
--------------------------------------------------------------------------------
 

********************************************************************************
** Geometry step: 0
********************************************************************************

  iSCC Total electronic   Diff electronic      SCC error    
    1   -0.19155812E+02    0.00000000E+00    0.68381194E+00
    2   -0.19156008E+02   -0.19658696E-03    0.67481312E+00
    3   -0.19161295E+02   -0.52866694E-02    0.64682452E-01
    4   -0.19161205E+02    0.90291789E-04    0.52747359E-01
    5   -0.19161223E+02   -0.18865342E-04    0.12988839E+00
    6   -0.19161468E+02   -0.24450505E-03    0.19744899E-01
    7   -0.19161465E+02    0.34421561E-05    0.87896236E-02
    8   -0.19161469E+02   -0.42279347E-05    0.78811332E-02
    9   -0.19161472E+02   -0.29665825E-05    0.91688905E-03
   10   -0.19161472E+02   -0.25143354E-07    0.80284691E-03
   11   -0.19161472E+02   -0.69947784E-07    0.92717532E-04
   12   -0.19161472E+02   -0.65370642E-09    0.52907593E-04
   13   -0.19161472E+02   -0.30039971E-09    0.70419120E-05
   14   -0.19161472E+02   -0.25437430E-11    0.93220238E-06
>> Charges saved for restart in charges.bin
 
 Total Energy:                     -19.1600371540 H
 Total Mermin free energy:         -19.1600371540 H
