================================================================================
==
==   Density Functional based Tight Binding with a lot of extensions (DFTB+)    
==
==                              Release: 1.2 (p2)
==
==                            (ParserVersion = 4)
==
================================================================================


********************************************************************************
** Parsing and initializing
********************************************************************************

Interpreting input file 'dftb_in.hsd'
--------------------------------------------------------------------------------
WARNING!
-> WriteHSDInput and WriteXMLInput both turned off. You won't eventually be 
 able to obtain the same results with a later version of the code!
Path: dftb_in/ParserOptions
Line: 86-89 (File: dftb_in.hsd)

Reading SK-files:
  /home/andersx/parameters/3ob-3-1/C-C.skf
  /home/andersx/parameters/3ob-3-1/C-N.skf
  /home/andersx/parameters/3ob-3-1/C-O.skf
  /home/andersx/parameters/3ob-3-1/C-H.skf
  /home/andersx/parameters/3ob-3-1/N-C.skf
  /home/andersx/parameters/3ob-3-1/N-N.skf
  /home/andersx/parameters/3ob-3-1/N-O.skf
  /home/andersx/parameters/3ob-3-1/N-H.skf
  /home/andersx/parameters/3ob-3-1/O-C.skf
  /home/andersx/parameters/3ob-3-1/O-N.skf
  /home/andersx/parameters/3ob-3-1/O-O.skf
  /home/andersx/parameters/3ob-3-1/O-H.skf
  /home/andersx/parameters/3ob-3-1/H-C.skf
  /home/andersx/parameters/3ob-3-1/H-N.skf
  /home/andersx/parameters/3ob-3-1/H-O.skf
  /home/andersx/parameters/3ob-3-1/H-H.skf
Done.

Starting initialization...
--------------------------------------------------------------------------------
Mode:                        Static calculation
Self consistent charges:     Yes
SCC-tolerance:                 0.100000E-05
Max. scc iterations:                    100
Ewald alpha parameter:         0.000000E+00
Spin polarisation:           No
Nr. of up electrons:            21.000000
Nr. of down electrons:          21.000000
Periodic boundaries:         No
Diagonalizer:                Divide and Conquer
Mixer:                       Anderson mixer
Mixing parameter:                  0.200000
Maximal SCC-cycles:                     100
Nr. of chrg. vectors to mix:              8
Electronic temperature:        0.100000E-07
Initial charges:             Set automatically (system chrg:   0.000E+00)
Included shells:              C:  s, p
                              N:  s, p
                              O:  s, p
                              H:  s
Full 3rd order correction    Yes
Damped SCC                   Yes
Damped specie(s):            H                                                 
Extra options:
--------------------------------------------------------------------------------
 

********************************************************************************
** Geometry step: 0
********************************************************************************

  iSCC Total electronic   Diff electronic      SCC error    
    1   -0.18474627E+02    0.00000000E+00    0.70326081E+00
    2   -0.18474825E+02   -0.19812532E-03    0.69398105E+00
    3   -0.18480138E+02   -0.53130939E-02    0.68277472E-01
    4   -0.18480032E+02    0.10645071E-03    0.44939158E-01
    5   -0.18480109E+02   -0.77025985E-04    0.11567154E+00
    6   -0.18480361E+02   -0.25227892E-03    0.26649721E-01
    7   -0.18480365E+02   -0.39030278E-05    0.19842651E-01
    8   -0.18480382E+02   -0.16969401E-04    0.72792722E-02
    9   -0.18480382E+02    0.97177100E-07    0.18179698E-02
   10   -0.18480382E+02   -0.17152135E-06    0.75667345E-03
   11   -0.18480382E+02   -0.13224835E-08    0.14787675E-03
   12   -0.18480382E+02   -0.11954668E-08    0.28094469E-04
   13   -0.18480382E+02   -0.99795727E-11    0.28676577E-05
   14   -0.18480382E+02   -0.66791017E-12    0.40572036E-06
>> Charges saved for restart in charges.bin
 
 Total Energy:                     -18.3851617742 H
 Total Mermin free energy:         -18.3851617742 H
