================================================================================
==
==   Density Functional based Tight Binding with a lot of extensions (DFTB+)    
==
==                              Release: 1.2 (p2)
==
==                            (ParserVersion = 4)
==
================================================================================


********************************************************************************
** Parsing and initializing
********************************************************************************

Interpreting input file 'dftb_in.hsd'
--------------------------------------------------------------------------------
WARNING!
-> WriteHSDInput and WriteXMLInput both turned off. You won't eventually be 
 able to obtain the same results with a later version of the code!
Path: dftb_in/ParserOptions
Line: 86-89 (File: dftb_in.hsd)

Reading SK-files:
  /home/andersx/parameters/3ob-3-1/C-C.skf
  /home/andersx/parameters/3ob-3-1/C-N.skf
  /home/andersx/parameters/3ob-3-1/C-O.skf
  /home/andersx/parameters/3ob-3-1/C-H.skf
  /home/andersx/parameters/3ob-3-1/N-C.skf
  /home/andersx/parameters/3ob-3-1/N-N.skf
  /home/andersx/parameters/3ob-3-1/N-O.skf
  /home/andersx/parameters/3ob-3-1/N-H.skf
  /home/andersx/parameters/3ob-3-1/O-C.skf
  /home/andersx/parameters/3ob-3-1/O-N.skf
  /home/andersx/parameters/3ob-3-1/O-O.skf
  /home/andersx/parameters/3ob-3-1/O-H.skf
  /home/andersx/parameters/3ob-3-1/H-C.skf
  /home/andersx/parameters/3ob-3-1/H-N.skf
  /home/andersx/parameters/3ob-3-1/H-O.skf
  /home/andersx/parameters/3ob-3-1/H-H.skf
Done.

Starting initialization...
--------------------------------------------------------------------------------
Mode:                        Static calculation
Self consistent charges:     Yes
SCC-tolerance:                 0.100000E-05
Max. scc iterations:                    100
Ewald alpha parameter:         0.000000E+00
Spin polarisation:           No
Nr. of up electrons:            21.000000
Nr. of down electrons:          21.000000
Periodic boundaries:         No
Diagonalizer:                Divide and Conquer
Mixer:                       Anderson mixer
Mixing parameter:                  0.200000
Maximal SCC-cycles:                     100
Nr. of chrg. vectors to mix:              8
Electronic temperature:        0.100000E-07
Initial charges:             Set automatically (system chrg:   0.000E+00)
Included shells:              C:  s, p
                              N:  s, p
                              O:  s, p
                              H:  s
Full 3rd order correction    Yes
Damped SCC                   Yes
Damped specie(s):            H                                                 
Extra options:
--------------------------------------------------------------------------------
 

********************************************************************************
** Geometry step: 0
********************************************************************************

  iSCC Total electronic   Diff electronic      SCC error    
    1   -0.18508780E+02    0.00000000E+00    0.91655284E+00
    2   -0.18509802E+02   -0.10227606E-02    0.90181322E+00
    3   -0.18533451E+02   -0.23648280E-01    0.22594163E+00
    4   -0.18533895E+02   -0.44381608E-03    0.22249079E+00
    5   -0.18536086E+02   -0.21918430E-02    0.39480516E-01
    6   -0.18536142E+02   -0.55750782E-04    0.24133706E-01
    7   -0.18536159E+02   -0.16642837E-04    0.18540288E-01
    8   -0.18536165E+02   -0.65394790E-05    0.24704481E-02
    9   -0.18536166E+02   -0.13313753E-06    0.19753794E-02
   10   -0.18536166E+02   -0.10357238E-06    0.20848498E-03
   11   -0.18536166E+02   -0.31468090E-08    0.14902878E-03
   12   -0.18536166E+02   -0.17153319E-08    0.34458204E-04
   13   -0.18536166E+02   -0.13255175E-10    0.35997020E-05
   14   -0.18536166E+02   -0.81712415E-13    0.50302362E-06
>> Charges saved for restart in charges.bin
 
 Total Energy:                     -18.4319833917 H
 Total Mermin free energy:         -18.4319833917 H
