================================================================================
==
==   Density Functional based Tight Binding with a lot of extensions (DFTB+)    
==
==                              Release: 1.2 (p2)
==
==                            (ParserVersion = 4)
==
================================================================================


********************************************************************************
** Parsing and initializing
********************************************************************************

Interpreting input file 'dftb_in.hsd'
--------------------------------------------------------------------------------
WARNING!
-> WriteHSDInput and WriteXMLInput both turned off. You won't eventually be 
 able to obtain the same results with a later version of the code!
Path: dftb_in/ParserOptions
Line: 83-86 (File: dftb_in.hsd)

Reading SK-files:
  /home/andersx/parameters/3ob-3-1/C-C.skf
  /home/andersx/parameters/3ob-3-1/C-N.skf
  /home/andersx/parameters/3ob-3-1/C-O.skf
  /home/andersx/parameters/3ob-3-1/C-H.skf
  /home/andersx/parameters/3ob-3-1/N-C.skf
  /home/andersx/parameters/3ob-3-1/N-N.skf
  /home/andersx/parameters/3ob-3-1/N-O.skf
  /home/andersx/parameters/3ob-3-1/N-H.skf
  /home/andersx/parameters/3ob-3-1/O-C.skf
  /home/andersx/parameters/3ob-3-1/O-N.skf
  /home/andersx/parameters/3ob-3-1/O-O.skf
  /home/andersx/parameters/3ob-3-1/O-H.skf
  /home/andersx/parameters/3ob-3-1/H-C.skf
  /home/andersx/parameters/3ob-3-1/H-N.skf
  /home/andersx/parameters/3ob-3-1/H-O.skf
  /home/andersx/parameters/3ob-3-1/H-H.skf
Done.

Starting initialization...
--------------------------------------------------------------------------------
Mode:                        Static calculation
Self consistent charges:     Yes
SCC-tolerance:                 0.100000E-05
Max. scc iterations:                    100
Ewald alpha parameter:         0.000000E+00
Spin polarisation:           No
Nr. of up electrons:            20.000000
Nr. of down electrons:          20.000000
Periodic boundaries:         No
Diagonalizer:                Divide and Conquer
Mixer:                       Anderson mixer
Mixing parameter:                  0.200000
Maximal SCC-cycles:                     100
Nr. of chrg. vectors to mix:              8
Electronic temperature:        0.100000E-07
Initial charges:             Set automatically (system chrg:   0.000E+00)
Included shells:              C:  s, p
                              N:  s, p
                              O:  s, p
                              H:  s
Full 3rd order correction    Yes
Damped SCC                   Yes
Damped specie(s):            H                                                 
Extra options:
--------------------------------------------------------------------------------
 

********************************************************************************
** Geometry step: 0
********************************************************************************

  iSCC Total electronic   Diff electronic      SCC error    
    1   -0.18171698E+02    0.00000000E+00    0.61078503E+00
    2   -0.18172426E+02   -0.72737973E-03    0.60029095E+00
    3   -0.18187326E+02   -0.14900430E-01    0.14435346E+00
    4   -0.18187386E+02   -0.60176528E-04    0.14219242E+00
    5   -0.18189767E+02   -0.23807419E-02    0.22295639E-01
    6   -0.18189769E+02   -0.19613617E-05    0.21820779E-01
    7   -0.18189813E+02   -0.43738755E-04    0.72777385E-02
    8   -0.18189814E+02   -0.10281989E-05    0.37338497E-02
    9   -0.18189814E+02   -0.88741718E-07    0.30686030E-02
   10   -0.18189814E+02   -0.32330157E-06    0.61527025E-03
   11   -0.18189814E+02   -0.26295485E-07    0.50217739E-03
   12   -0.18189814E+02   -0.26174312E-07    0.84094362E-04
   13   -0.18189814E+02   -0.29880809E-09    0.15172932E-04
   14   -0.18189814E+02   -0.89066532E-11    0.33212749E-05
   15   -0.18189814E+02   -0.35527137E-12    0.50983478E-06
>> Charges saved for restart in charges.bin
 
 Total Energy:                     -17.8479632463 H
 Total Mermin free energy:         -17.8479632463 H
