================================================================================
==
==   Density Functional based Tight Binding with a lot of extensions (DFTB+)    
==
==                              Release: 1.2 (p2)
==
==                            (ParserVersion = 4)
==
================================================================================


********************************************************************************
** Parsing and initializing
********************************************************************************

Interpreting input file 'dftb_in.hsd'
--------------------------------------------------------------------------------
WARNING!
-> WriteHSDInput and WriteXMLInput both turned off. You won't eventually be 
 able to obtain the same results with a later version of the code!
Path: dftb_in/ParserOptions
Line: 83-86 (File: dftb_in.hsd)

Reading SK-files:
  /home/andersx/parameters/3ob-3-1/C-C.skf
  /home/andersx/parameters/3ob-3-1/C-N.skf
  /home/andersx/parameters/3ob-3-1/C-O.skf
  /home/andersx/parameters/3ob-3-1/C-H.skf
  /home/andersx/parameters/3ob-3-1/N-C.skf
  /home/andersx/parameters/3ob-3-1/N-N.skf
  /home/andersx/parameters/3ob-3-1/N-O.skf
  /home/andersx/parameters/3ob-3-1/N-H.skf
  /home/andersx/parameters/3ob-3-1/O-C.skf
  /home/andersx/parameters/3ob-3-1/O-N.skf
  /home/andersx/parameters/3ob-3-1/O-O.skf
  /home/andersx/parameters/3ob-3-1/O-H.skf
  /home/andersx/parameters/3ob-3-1/H-C.skf
  /home/andersx/parameters/3ob-3-1/H-N.skf
  /home/andersx/parameters/3ob-3-1/H-O.skf
  /home/andersx/parameters/3ob-3-1/H-H.skf
Done.

Starting initialization...
--------------------------------------------------------------------------------
Mode:                        Static calculation
Self consistent charges:     Yes
SCC-tolerance:                 0.100000E-05
Max. scc iterations:                    100
Ewald alpha parameter:         0.000000E+00
Spin polarisation:           No
Nr. of up electrons:            20.000000
Nr. of down electrons:          20.000000
Periodic boundaries:         No
Diagonalizer:                Divide and Conquer
Mixer:                       Anderson mixer
Mixing parameter:                  0.200000
Maximal SCC-cycles:                     100
Nr. of chrg. vectors to mix:              8
Electronic temperature:        0.100000E-07
Initial charges:             Set automatically (system chrg:   0.000E+00)
Included shells:              C:  s, p
                              N:  s, p
                              O:  s, p
                              H:  s
Full 3rd order correction    Yes
Damped SCC                   Yes
Damped specie(s):            H                                                 
Extra options:
--------------------------------------------------------------------------------
 

********************************************************************************
** Geometry step: 0
********************************************************************************

  iSCC Total electronic   Diff electronic      SCC error    
    1   -0.18168460E+02    0.00000000E+00    0.63610426E+00
    2   -0.18169255E+02   -0.79475409E-03    0.62531779E+00
    3   -0.18184116E+02   -0.14861544E-01    0.15575893E+00
    4   -0.18184067E+02    0.49171611E-04    0.15477556E+00
    5   -0.18187675E+02   -0.36083321E-02    0.30464489E-01
    6   -0.18187688E+02   -0.12896612E-04    0.31142242E-01
    7   -0.18187721E+02   -0.32572092E-04    0.24883813E-01
    8   -0.18187743E+02   -0.22135938E-04    0.40753638E-02
    9   -0.18187743E+02    0.15045113E-06    0.27680933E-02
   10   -0.18187744E+02   -0.12707089E-05    0.34207903E-03
   11   -0.18187744E+02   -0.11711027E-07    0.22099767E-03
   12   -0.18187744E+02   -0.38872834E-08    0.28471059E-04
   13   -0.18187744E+02   -0.55852212E-10    0.39915410E-05
   14   -0.18187744E+02   -0.58619776E-12    0.76194438E-06
>> Charges saved for restart in charges.bin
 
 Total Energy:                     -17.8482142745 H
 Total Mermin free energy:         -17.8482142745 H
