================================================================================
==
==   Density Functional based Tight Binding with a lot of extensions (DFTB+)    
==
==                              Release: 1.2 (p2)
==
==                            (ParserVersion = 4)
==
================================================================================


********************************************************************************
** Parsing and initializing
********************************************************************************

Interpreting input file 'dftb_in.hsd'
--------------------------------------------------------------------------------
WARNING!
-> WriteHSDInput and WriteXMLInput both turned off. You won't eventually be 
 able to obtain the same results with a later version of the code!
Path: dftb_in/ParserOptions
Line: 84-87 (File: dftb_in.hsd)

Reading SK-files:
  /home/andersx/parameters/3ob-3-1/C-C.skf
  /home/andersx/parameters/3ob-3-1/C-N.skf
  /home/andersx/parameters/3ob-3-1/C-O.skf
  /home/andersx/parameters/3ob-3-1/C-H.skf
  /home/andersx/parameters/3ob-3-1/N-C.skf
  /home/andersx/parameters/3ob-3-1/N-N.skf
  /home/andersx/parameters/3ob-3-1/N-O.skf
  /home/andersx/parameters/3ob-3-1/N-H.skf
  /home/andersx/parameters/3ob-3-1/O-C.skf
  /home/andersx/parameters/3ob-3-1/O-N.skf
  /home/andersx/parameters/3ob-3-1/O-O.skf
  /home/andersx/parameters/3ob-3-1/O-H.skf
  /home/andersx/parameters/3ob-3-1/H-C.skf
  /home/andersx/parameters/3ob-3-1/H-N.skf
  /home/andersx/parameters/3ob-3-1/H-O.skf
  /home/andersx/parameters/3ob-3-1/H-H.skf
Done.

Starting initialization...
--------------------------------------------------------------------------------
Mode:                        Static calculation
Self consistent charges:     Yes
SCC-tolerance:                 0.100000E-05
Max. scc iterations:                    100
Ewald alpha parameter:         0.000000E+00
Spin polarisation:           No
Nr. of up electrons:            21.000000
Nr. of down electrons:          21.000000
Periodic boundaries:         No
Diagonalizer:                Divide and Conquer
Mixer:                       Anderson mixer
Mixing parameter:                  0.200000
Maximal SCC-cycles:                     100
Nr. of chrg. vectors to mix:              8
Electronic temperature:        0.100000E-07
Initial charges:             Set automatically (system chrg:   0.000E+00)
Included shells:              C:  s, p
                              N:  s, p
                              O:  s, p
                              H:  s
Full 3rd order correction    Yes
Damped SCC                   Yes
Damped specie(s):            H                                                 
Extra options:
--------------------------------------------------------------------------------
 

********************************************************************************
** Geometry step: 0
********************************************************************************

  iSCC Total electronic   Diff electronic      SCC error    
    1   -0.19466490E+02    0.00000000E+00    0.92936089E+00
    2   -0.19467073E+02   -0.58313043E-03    0.91658923E+00
    3   -0.19481177E+02   -0.14104519E-01    0.14433386E+00
    4   -0.19481343E+02   -0.16525167E-03    0.14454179E+00
    5   -0.19483318E+02   -0.19753817E-02    0.20673355E-01
    6   -0.19483312E+02    0.55362712E-05    0.18075468E-01
    7   -0.19483313E+02   -0.40959203E-06    0.12753290E-01
    8   -0.19483323E+02   -0.10395907E-04    0.16922049E-02
    9   -0.19483323E+02   -0.85968132E-07    0.13219106E-02
   10   -0.19483324E+02   -0.28236391E-06    0.29639367E-03
   11   -0.19483324E+02   -0.43621498E-08    0.13534268E-03
   12   -0.19483324E+02   -0.11216237E-08    0.78690681E-05
   13   -0.19483324E+02   -0.74997786E-11    0.25614695E-05
   14   -0.19483324E+02   -0.30908609E-12    0.48221296E-06
>> Charges saved for restart in charges.bin
 
 Total Energy:                     -19.2766590990 H
 Total Mermin free energy:         -19.2766590990 H
