================================================================================
==
==   Density Functional based Tight Binding with a lot of extensions (DFTB+)    
==
==                              Release: 1.2 (p2)
==
==                            (ParserVersion = 4)
==
================================================================================


********************************************************************************
** Parsing and initializing
********************************************************************************

Interpreting input file 'dftb_in.hsd'
--------------------------------------------------------------------------------
WARNING!
-> WriteHSDInput and WriteXMLInput both turned off. You won't eventually be 
 able to obtain the same results with a later version of the code!
Path: dftb_in/ParserOptions
Line: 83-86 (File: dftb_in.hsd)

Reading SK-files:
  /home/andersx/parameters/3ob-3-1/C-C.skf
  /home/andersx/parameters/3ob-3-1/C-N.skf
  /home/andersx/parameters/3ob-3-1/C-O.skf
  /home/andersx/parameters/3ob-3-1/C-H.skf
  /home/andersx/parameters/3ob-3-1/N-C.skf
  /home/andersx/parameters/3ob-3-1/N-N.skf
  /home/andersx/parameters/3ob-3-1/N-O.skf
  /home/andersx/parameters/3ob-3-1/N-H.skf
  /home/andersx/parameters/3ob-3-1/O-C.skf
  /home/andersx/parameters/3ob-3-1/O-N.skf
  /home/andersx/parameters/3ob-3-1/O-O.skf
  /home/andersx/parameters/3ob-3-1/O-H.skf
  /home/andersx/parameters/3ob-3-1/H-C.skf
  /home/andersx/parameters/3ob-3-1/H-N.skf
  /home/andersx/parameters/3ob-3-1/H-O.skf
  /home/andersx/parameters/3ob-3-1/H-H.skf
Done.

Starting initialization...
--------------------------------------------------------------------------------
Mode:                        Static calculation
Self consistent charges:     Yes
SCC-tolerance:                 0.100000E-05
Max. scc iterations:                    100
Ewald alpha parameter:         0.000000E+00
Spin polarisation:           No
Nr. of up electrons:            20.000000
Nr. of down electrons:          20.000000
Periodic boundaries:         No
Diagonalizer:                Divide and Conquer
Mixer:                       Anderson mixer
Mixing parameter:                  0.200000
Maximal SCC-cycles:                     100
Nr. of chrg. vectors to mix:              8
Electronic temperature:        0.100000E-07
Initial charges:             Set automatically (system chrg:   0.000E+00)
Included shells:              C:  s, p
                              N:  s, p
                              O:  s, p
                              H:  s
Full 3rd order correction    Yes
Damped SCC                   Yes
Damped specie(s):            H                                                 
Extra options:
--------------------------------------------------------------------------------
 

********************************************************************************
** Geometry step: 0
********************************************************************************

  iSCC Total electronic   Diff electronic      SCC error    
    1   -0.18219676E+02    0.00000000E+00    0.85652812E+00
    2   -0.18220817E+02   -0.11416468E-02    0.84213241E+00
    3   -0.18246846E+02   -0.26028971E-01    0.14785291E+00
    4   -0.18247392E+02   -0.54600277E-03    0.13694485E+00
    5   -0.18249497E+02   -0.21051648E-02    0.40584406E-01
    6   -0.18249531E+02   -0.33366741E-04    0.26530689E-01
    7   -0.18249562E+02   -0.31434301E-04    0.14080063E-01
    8   -0.18249572E+02   -0.98543568E-05    0.44956273E-02
    9   -0.18249572E+02   -0.41234728E-06    0.38939867E-02
   10   -0.18249574E+02   -0.10970772E-05    0.85703438E-03
   11   -0.18249574E+02   -0.74910425E-08    0.59884361E-03
   12   -0.18249574E+02   -0.24643889E-07    0.15248271E-03
   13   -0.18249574E+02   -0.27519818E-08    0.55437765E-04
   14   -0.18249574E+02   -0.53182347E-09    0.87316626E-05
   15   -0.18249574E+02   -0.79367624E-11    0.13914317E-05
   16   -0.18249574E+02   -0.39079850E-13    0.25818892E-06
>> Charges saved for restart in charges.bin
 
 Total Energy:                     -17.8881932123 H
 Total Mermin free energy:         -17.8881932123 H
