================================================================================
==
==   Density Functional based Tight Binding with a lot of extensions (DFTB+)    
==
==                              Release: 1.2 (p2)
==
==                            (ParserVersion = 4)
==
================================================================================


********************************************************************************
** Parsing and initializing
********************************************************************************

Interpreting input file 'dftb_in.hsd'
--------------------------------------------------------------------------------
WARNING!
-> WriteHSDInput and WriteXMLInput both turned off. You won't eventually be 
 able to obtain the same results with a later version of the code!
Path: dftb_in/ParserOptions
Line: 82-85 (File: dftb_in.hsd)

Reading SK-files:
  /home/andersx/parameters/3ob-3-1/C-C.skf
  /home/andersx/parameters/3ob-3-1/C-N.skf
  /home/andersx/parameters/3ob-3-1/C-O.skf
  /home/andersx/parameters/3ob-3-1/C-H.skf
  /home/andersx/parameters/3ob-3-1/N-C.skf
  /home/andersx/parameters/3ob-3-1/N-N.skf
  /home/andersx/parameters/3ob-3-1/N-O.skf
  /home/andersx/parameters/3ob-3-1/N-H.skf
  /home/andersx/parameters/3ob-3-1/O-C.skf
  /home/andersx/parameters/3ob-3-1/O-N.skf
  /home/andersx/parameters/3ob-3-1/O-O.skf
  /home/andersx/parameters/3ob-3-1/O-H.skf
  /home/andersx/parameters/3ob-3-1/H-C.skf
  /home/andersx/parameters/3ob-3-1/H-N.skf
  /home/andersx/parameters/3ob-3-1/H-O.skf
  /home/andersx/parameters/3ob-3-1/H-H.skf
Done.

Starting initialization...
--------------------------------------------------------------------------------
Mode:                        Static calculation
Self consistent charges:     Yes
SCC-tolerance:                 0.100000E-05
Max. scc iterations:                    100
Ewald alpha parameter:         0.000000E+00
Spin polarisation:           No
Nr. of up electrons:            19.000000
Nr. of down electrons:          19.000000
Periodic boundaries:         No
Diagonalizer:                Divide and Conquer
Mixer:                       Anderson mixer
Mixing parameter:                  0.200000
Maximal SCC-cycles:                     100
Nr. of chrg. vectors to mix:              8
Electronic temperature:        0.100000E-07
Initial charges:             Set automatically (system chrg:   0.000E+00)
Included shells:              C:  s, p
                              N:  s, p
                              O:  s, p
                              H:  s
Full 3rd order correction    Yes
Damped SCC                   Yes
Damped specie(s):            H                                                 
Extra options:
--------------------------------------------------------------------------------
 

********************************************************************************
** Geometry step: 0
********************************************************************************

  iSCC Total electronic   Diff electronic      SCC error    
    1   -0.17055186E+02    0.00000000E+00    0.49003690E+00
    2   -0.17055417E+02   -0.23111903E-03    0.48344215E+00
    3   -0.17060402E+02   -0.49850994E-02    0.11185288E+00
    4   -0.17060324E+02    0.77881440E-04    0.11524910E+00
    5   -0.17061375E+02   -0.10507151E-02    0.34902996E-01
    6   -0.17061401E+02   -0.26417158E-04    0.34943207E-01
    7   -0.17061411E+02   -0.99406723E-05    0.20554069E-01
    8   -0.17061430E+02   -0.18449533E-04    0.56313216E-02
    9   -0.17061429E+02    0.27825633E-06    0.47501200E-02
   10   -0.17061430E+02   -0.78003839E-06    0.24929733E-02
   11   -0.17061430E+02   -0.20851393E-06    0.11856435E-02
   12   -0.17061430E+02   -0.91389360E-07    0.11530196E-03
   13   -0.17061430E+02   -0.11378809E-08    0.69752512E-04
   14   -0.17061430E+02   -0.40627413E-09    0.10059031E-04
   15   -0.17061430E+02   -0.35988990E-11    0.49713912E-05
   16   -0.17061430E+02   -0.20961011E-12    0.70995810E-06
>> Charges saved for restart in charges.bin
 
 Total Energy:                     -16.7477326374 H
 Total Mermin free energy:         -16.7477326374 H
