================================================================================
==
==   Density Functional based Tight Binding with a lot of extensions (DFTB+)    
==
==                              Release: 1.2 (p2)
==
==                            (ParserVersion = 4)
==
================================================================================


********************************************************************************
** Parsing and initializing
********************************************************************************

Interpreting input file 'dftb_in.hsd'
--------------------------------------------------------------------------------
WARNING!
-> WriteHSDInput and WriteXMLInput both turned off. You won't eventually be 
 able to obtain the same results with a later version of the code!
Path: dftb_in/ParserOptions
Line: 86-89 (File: dftb_in.hsd)

Reading SK-files:
  /home/andersx/parameters/3ob-3-1/C-C.skf
  /home/andersx/parameters/3ob-3-1/C-N.skf
  /home/andersx/parameters/3ob-3-1/C-O.skf
  /home/andersx/parameters/3ob-3-1/C-H.skf
  /home/andersx/parameters/3ob-3-1/N-C.skf
  /home/andersx/parameters/3ob-3-1/N-N.skf
  /home/andersx/parameters/3ob-3-1/N-O.skf
  /home/andersx/parameters/3ob-3-1/N-H.skf
  /home/andersx/parameters/3ob-3-1/O-C.skf
  /home/andersx/parameters/3ob-3-1/O-N.skf
  /home/andersx/parameters/3ob-3-1/O-O.skf
  /home/andersx/parameters/3ob-3-1/O-H.skf
  /home/andersx/parameters/3ob-3-1/H-C.skf
  /home/andersx/parameters/3ob-3-1/H-N.skf
  /home/andersx/parameters/3ob-3-1/H-O.skf
  /home/andersx/parameters/3ob-3-1/H-H.skf
Done.

Starting initialization...
--------------------------------------------------------------------------------
Mode:                        Static calculation
Self consistent charges:     Yes
SCC-tolerance:                 0.100000E-05
Max. scc iterations:                    100
Ewald alpha parameter:         0.000000E+00
Spin polarisation:           No
Nr. of up electrons:            21.000000
Nr. of down electrons:          21.000000
Periodic boundaries:         No
Diagonalizer:                Divide and Conquer
Mixer:                       Anderson mixer
Mixing parameter:                  0.200000
Maximal SCC-cycles:                     100
Nr. of chrg. vectors to mix:              8
Electronic temperature:        0.100000E-07
Initial charges:             Set automatically (system chrg:   0.000E+00)
Included shells:              C:  s, p
                              N:  s, p
                              O:  s, p
                              H:  s
Full 3rd order correction    Yes
Damped SCC                   Yes
Damped specie(s):            H                                                 
Extra options:
--------------------------------------------------------------------------------
 

********************************************************************************
** Geometry step: 0
********************************************************************************

  iSCC Total electronic   Diff electronic      SCC error    
    1   -0.18469345E+02    0.00000000E+00    0.58735206E+00
    2   -0.18469595E+02   -0.25049941E-03    0.58029832E+00
    3   -0.18476001E+02   -0.64056920E-02    0.88051836E-01
    4   -0.18475819E+02    0.18139372E-03    0.10876860E+00
    5   -0.18476397E+02   -0.57748633E-03    0.70650158E-01
    6   -0.18476566E+02   -0.16900658E-03    0.11773059E-01
    7   -0.18476567E+02   -0.11874018E-05    0.99920329E-02
    8   -0.18476582E+02   -0.14912467E-04    0.31778605E-02
    9   -0.18476582E+02    0.17523440E-07    0.21040739E-02
   10   -0.18476582E+02   -0.32608405E-06    0.25898106E-03
   11   -0.18476582E+02   -0.44565134E-08    0.15978466E-03
   12   -0.18476582E+02   -0.15140742E-08    0.22312609E-04
   13   -0.18476582E+02   -0.19831248E-10    0.29661374E-05
   14   -0.18476582E+02   -0.19539925E-12    0.60067217E-06
>> Charges saved for restart in charges.bin
 
 Total Energy:                     -18.3763402018 H
 Total Mermin free energy:         -18.3763402018 H
