================================================================================
==
==   Density Functional based Tight Binding with a lot of extensions (DFTB+)    
==
==                              Release: 1.2 (p2)
==
==                            (ParserVersion = 4)
==
================================================================================


********************************************************************************
** Parsing and initializing
********************************************************************************

Interpreting input file 'dftb_in.hsd'
--------------------------------------------------------------------------------
WARNING!
-> WriteHSDInput and WriteXMLInput both turned off. You won't eventually be 
 able to obtain the same results with a later version of the code!
Path: dftb_in/ParserOptions
Line: 81-84 (File: dftb_in.hsd)

Reading SK-files:
  /home/andersx/parameters/3ob-3-1/C-C.skf
  /home/andersx/parameters/3ob-3-1/C-N.skf
  /home/andersx/parameters/3ob-3-1/C-O.skf
  /home/andersx/parameters/3ob-3-1/C-H.skf
  /home/andersx/parameters/3ob-3-1/N-C.skf
  /home/andersx/parameters/3ob-3-1/N-N.skf
  /home/andersx/parameters/3ob-3-1/N-O.skf
  /home/andersx/parameters/3ob-3-1/N-H.skf
  /home/andersx/parameters/3ob-3-1/O-C.skf
  /home/andersx/parameters/3ob-3-1/O-N.skf
  /home/andersx/parameters/3ob-3-1/O-O.skf
  /home/andersx/parameters/3ob-3-1/O-H.skf
  /home/andersx/parameters/3ob-3-1/H-C.skf
  /home/andersx/parameters/3ob-3-1/H-N.skf
  /home/andersx/parameters/3ob-3-1/H-O.skf
  /home/andersx/parameters/3ob-3-1/H-H.skf
Done.

Starting initialization...
--------------------------------------------------------------------------------
Mode:                        Static calculation
Self consistent charges:     Yes
SCC-tolerance:                 0.100000E-05
Max. scc iterations:                    100
Ewald alpha parameter:         0.000000E+00
Spin polarisation:           No
Nr. of up electrons:            19.000000
Nr. of down electrons:          19.000000
Periodic boundaries:         No
Diagonalizer:                Divide and Conquer
Mixer:                       Anderson mixer
Mixing parameter:                  0.200000
Maximal SCC-cycles:                     100
Nr. of chrg. vectors to mix:              8
Electronic temperature:        0.100000E-07
Initial charges:             Set automatically (system chrg:   0.000E+00)
Included shells:              C:  s, p
                              N:  s, p
                              O:  s, p
                              H:  s
Full 3rd order correction    Yes
Damped SCC                   Yes
Damped specie(s):            H                                                 
Extra options:
--------------------------------------------------------------------------------
 

********************************************************************************
** Geometry step: 0
********************************************************************************

  iSCC Total electronic   Diff electronic      SCC error    
    1   -0.17511875E+02    0.00000000E+00    0.56968551E+00
    2   -0.17512565E+02   -0.69054723E-03    0.55778801E+00
    3   -0.17527330E+02   -0.14765171E-01    0.15215110E+00
    4   -0.17527316E+02    0.14650410E-04    0.14856316E+00
    5   -0.17528144E+02   -0.82811136E-03    0.18345935E-01
    6   -0.17528141E+02    0.26747332E-05    0.20085928E-01
    7   -0.17528158E+02   -0.17197764E-04    0.84382202E-02
    8   -0.17528160E+02   -0.20236716E-05    0.48011722E-02
    9   -0.17528161E+02   -0.56880035E-06    0.34643252E-02
   10   -0.17528161E+02   -0.35024581E-06    0.11945354E-02
   11   -0.17528161E+02   -0.83776861E-07    0.54715923E-03
   12   -0.17528161E+02   -0.13637358E-07    0.45531645E-04
   13   -0.17528161E+02   -0.20000002E-09    0.11399111E-04
   14   -0.17528161E+02   -0.21138646E-11    0.63123090E-06
>> Charges saved for restart in charges.bin
 
 Total Energy:                     -17.1249261777 H
 Total Mermin free energy:         -17.1249261777 H
