================================================================================
==
==   Density Functional based Tight Binding with a lot of extensions (DFTB+)    
==
==                              Release: 1.2 (p2)
==
==                            (ParserVersion = 4)
==
================================================================================


********************************************************************************
** Parsing and initializing
********************************************************************************

Interpreting input file 'dftb_in.hsd'
--------------------------------------------------------------------------------
WARNING!
-> WriteHSDInput and WriteXMLInput both turned off. You won't eventually be 
 able to obtain the same results with a later version of the code!
Path: dftb_in/ParserOptions
Line: 80-83 (File: dftb_in.hsd)

Reading SK-files:
  /home/andersx/parameters/3ob-3-1/C-C.skf
  /home/andersx/parameters/3ob-3-1/C-N.skf
  /home/andersx/parameters/3ob-3-1/C-O.skf
  /home/andersx/parameters/3ob-3-1/C-H.skf
  /home/andersx/parameters/3ob-3-1/N-C.skf
  /home/andersx/parameters/3ob-3-1/N-N.skf
  /home/andersx/parameters/3ob-3-1/N-O.skf
  /home/andersx/parameters/3ob-3-1/N-H.skf
  /home/andersx/parameters/3ob-3-1/O-C.skf
  /home/andersx/parameters/3ob-3-1/O-N.skf
  /home/andersx/parameters/3ob-3-1/O-O.skf
  /home/andersx/parameters/3ob-3-1/O-H.skf
  /home/andersx/parameters/3ob-3-1/H-C.skf
  /home/andersx/parameters/3ob-3-1/H-N.skf
  /home/andersx/parameters/3ob-3-1/H-O.skf
  /home/andersx/parameters/3ob-3-1/H-H.skf
Done.

Starting initialization...
--------------------------------------------------------------------------------
Mode:                        Static calculation
Self consistent charges:     Yes
SCC-tolerance:                 0.100000E-05
Max. scc iterations:                    100
Ewald alpha parameter:         0.000000E+00
Spin polarisation:           No
Nr. of up electrons:            19.000000
Nr. of down electrons:          19.000000
Periodic boundaries:         No
Diagonalizer:                Divide and Conquer
Mixer:                       Anderson mixer
Mixing parameter:                  0.200000
Maximal SCC-cycles:                     100
Nr. of chrg. vectors to mix:              8
Electronic temperature:        0.100000E-07
Initial charges:             Set automatically (system chrg:   0.000E+00)
Included shells:              C:  s, p
                              N:  s, p
                              O:  s, p
                              H:  s
Full 3rd order correction    Yes
Damped SCC                   Yes
Damped specie(s):            H                                                 
Extra options:
--------------------------------------------------------------------------------
 

********************************************************************************
** Geometry step: 0
********************************************************************************

  iSCC Total electronic   Diff electronic      SCC error    
    1   -0.17967447E+02    0.00000000E+00    0.83631526E+00
    2   -0.17968195E+02   -0.74883630E-03    0.82482162E+00
    3   -0.17987938E+02   -0.19742087E-01    0.12291044E+00
    4   -0.17988232E+02   -0.29409806E-03    0.11493479E+00
    5   -0.17989153E+02   -0.92118666E-03    0.41587187E-01
    6   -0.17989202E+02   -0.49202190E-04    0.12702157E-01
    7   -0.17989207E+02   -0.45336237E-05    0.10478205E-01
    8   -0.17989224E+02   -0.17689400E-04    0.79500770E-02
    9   -0.17989224E+02   -0.60865652E-07    0.78117727E-02
   10   -0.17989227E+02   -0.24362269E-05    0.64867744E-03
   11   -0.17989227E+02    0.17788722E-08    0.47061659E-03
   12   -0.17989227E+02   -0.38103366E-07    0.53642485E-04
   13   -0.17989227E+02   -0.27442226E-09    0.21919717E-04
   14   -0.17989227E+02   -0.53717031E-11    0.26224474E-05
   15   -0.17989227E+02   -0.25224267E-12    0.63848007E-06
>> Charges saved for restart in charges.bin
 
 Total Energy:                     -17.6320932583 H
 Total Mermin free energy:         -17.6320932583 H
