================================================================================
==
==   Density Functional based Tight Binding with a lot of extensions (DFTB+)    
==
==                              Release: 1.2 (p2)
==
==                            (ParserVersion = 4)
==
================================================================================


********************************************************************************
** Parsing and initializing
********************************************************************************

Interpreting input file 'dftb_in.hsd'
--------------------------------------------------------------------------------
WARNING!
-> WriteHSDInput and WriteXMLInput both turned off. You won't eventually be 
 able to obtain the same results with a later version of the code!
Path: dftb_in/ParserOptions
Line: 80-83 (File: dftb_in.hsd)

Reading SK-files:
  /home/andersx/parameters/3ob-3-1/C-C.skf
  /home/andersx/parameters/3ob-3-1/C-O.skf
  /home/andersx/parameters/3ob-3-1/C-N.skf
  /home/andersx/parameters/3ob-3-1/C-H.skf
  /home/andersx/parameters/3ob-3-1/O-C.skf
  /home/andersx/parameters/3ob-3-1/O-O.skf
  /home/andersx/parameters/3ob-3-1/O-N.skf
  /home/andersx/parameters/3ob-3-1/O-H.skf
  /home/andersx/parameters/3ob-3-1/N-C.skf
  /home/andersx/parameters/3ob-3-1/N-O.skf
  /home/andersx/parameters/3ob-3-1/N-N.skf
  /home/andersx/parameters/3ob-3-1/N-H.skf
  /home/andersx/parameters/3ob-3-1/H-C.skf
  /home/andersx/parameters/3ob-3-1/H-O.skf
  /home/andersx/parameters/3ob-3-1/H-N.skf
  /home/andersx/parameters/3ob-3-1/H-H.skf
Done.

Starting initialization...
--------------------------------------------------------------------------------
Mode:                        Static calculation
Self consistent charges:     Yes
SCC-tolerance:                 0.100000E-05
Max. scc iterations:                    100
Ewald alpha parameter:         0.000000E+00
Spin polarisation:           No
Nr. of up electrons:            18.000000
Nr. of down electrons:          18.000000
Periodic boundaries:         No
Diagonalizer:                Divide and Conquer
Mixer:                       Anderson mixer
Mixing parameter:                  0.200000
Maximal SCC-cycles:                     100
Nr. of chrg. vectors to mix:              8
Electronic temperature:        0.100000E-07
Initial charges:             Set automatically (system chrg:   0.000E+00)
Included shells:              C:  s, p
                              O:  s, p
                              N:  s, p
                              H:  s
Full 3rd order correction    Yes
Damped SCC                   Yes
Damped specie(s):            H                                                 
Extra options:
--------------------------------------------------------------------------------
 

********************************************************************************
** Geometry step: 0
********************************************************************************

  iSCC Total electronic   Diff electronic      SCC error    
    1   -0.16422754E+02    0.00000000E+00    0.69969762E+00
    2   -0.16424446E+02   -0.16929662E-02    0.68665606E+00
    3   -0.16461237E+02   -0.36790769E-01    0.13049626E+00
    4   -0.16461391E+02   -0.15359382E-03    0.12639052E+00
    5   -0.16462274E+02   -0.88343783E-03    0.34247626E-01
    6   -0.16462301E+02   -0.26227065E-04    0.38880829E-01
    7   -0.16462351E+02   -0.50108985E-04    0.15068024E-01
    8   -0.16462351E+02   -0.63924992E-06    0.11371644E-01
    9   -0.16462353E+02   -0.17948950E-05    0.57662129E-02
   10   -0.16462354E+02   -0.82771633E-06    0.98298635E-03
   11   -0.16462354E+02   -0.12450276E-06    0.38355031E-03
   12   -0.16462354E+02   -0.92689483E-08    0.39353925E-04
   13   -0.16462354E+02   -0.88341778E-10    0.76249783E-05
   14   -0.16462354E+02   -0.93081098E-12    0.11913672E-05
   15   -0.16462354E+02   -0.10658141E-13    0.91414637E-07
>> Charges saved for restart in charges.bin
 
 Total Energy:                     -16.1106821368 H
 Total Mermin free energy:         -16.1106821368 H
