================================================================================
==
==   Density Functional based Tight Binding with a lot of extensions (DFTB+)    
==
==                              Release: 1.2 (p2)
==
==                            (ParserVersion = 4)
==
================================================================================


********************************************************************************
** Parsing and initializing
********************************************************************************

Interpreting input file 'dftb_in.hsd'
--------------------------------------------------------------------------------
WARNING!
-> WriteHSDInput and WriteXMLInput both turned off. You won't eventually be 
 able to obtain the same results with a later version of the code!
Path: dftb_in/ParserOptions
Line: 86-89 (File: dftb_in.hsd)

Reading SK-files:
  /home/andersx/parameters/3ob-3-1/C-C.skf
  /home/andersx/parameters/3ob-3-1/C-O.skf
  /home/andersx/parameters/3ob-3-1/C-N.skf
  /home/andersx/parameters/3ob-3-1/C-H.skf
  /home/andersx/parameters/3ob-3-1/O-C.skf
  /home/andersx/parameters/3ob-3-1/O-O.skf
  /home/andersx/parameters/3ob-3-1/O-N.skf
  /home/andersx/parameters/3ob-3-1/O-H.skf
  /home/andersx/parameters/3ob-3-1/N-C.skf
  /home/andersx/parameters/3ob-3-1/N-O.skf
  /home/andersx/parameters/3ob-3-1/N-N.skf
  /home/andersx/parameters/3ob-3-1/N-H.skf
  /home/andersx/parameters/3ob-3-1/H-C.skf
  /home/andersx/parameters/3ob-3-1/H-O.skf
  /home/andersx/parameters/3ob-3-1/H-N.skf
  /home/andersx/parameters/3ob-3-1/H-H.skf
Done.

Starting initialization...
--------------------------------------------------------------------------------
Mode:                        Static calculation
Self consistent charges:     Yes
SCC-tolerance:                 0.100000E-05
Max. scc iterations:                    100
Ewald alpha parameter:         0.000000E+00
Spin polarisation:           No
Nr. of up electrons:            21.000000
Nr. of down electrons:          21.000000
Periodic boundaries:         No
Diagonalizer:                Divide and Conquer
Mixer:                       Anderson mixer
Mixing parameter:                  0.200000
Maximal SCC-cycles:                     100
Nr. of chrg. vectors to mix:              8
Electronic temperature:        0.100000E-07
Initial charges:             Set automatically (system chrg:   0.000E+00)
Included shells:              C:  s, p
                              O:  s, p
                              N:  s, p
                              H:  s
Full 3rd order correction    Yes
Damped SCC                   Yes
Damped specie(s):            H                                                 
Extra options:
--------------------------------------------------------------------------------
 

********************************************************************************
** Geometry step: 0
********************************************************************************

  iSCC Total electronic   Diff electronic      SCC error    
    1   -0.18475020E+02    0.00000000E+00    0.70177029E+00
    2   -0.18475202E+02   -0.18236171E-03    0.69252287E+00
    3   -0.18480199E+02   -0.49966877E-02    0.67079774E-01
    4   -0.18480113E+02    0.85603189E-04    0.48299693E-01
    5   -0.18480116E+02   -0.24596539E-05    0.11531402E+00
    6   -0.18480349E+02   -0.23333403E-03    0.17083868E-01
    7   -0.18480350E+02   -0.85797101E-06    0.13817372E-01
    8   -0.18480355E+02   -0.51882665E-05    0.10464052E-01
    9   -0.18480356E+02   -0.65352147E-06    0.23470707E-02
   10   -0.18480356E+02   -0.83610288E-07    0.21545230E-02
   11   -0.18480356E+02   -0.25668988E-06    0.21369206E-03
   12   -0.18480356E+02   -0.29818956E-08    0.13083416E-03
   13   -0.18480356E+02   -0.13084360E-08    0.18775910E-04
   14   -0.18480356E+02   -0.24595437E-10    0.26566764E-05
   15   -0.18480356E+02   -0.46185278E-13    0.96825461E-06
>> Charges saved for restart in charges.bin
 
 Total Energy:                     -18.3852874002 H
 Total Mermin free energy:         -18.3852874002 H
