================================================================================
==
==   Density Functional based Tight Binding with a lot of extensions (DFTB+)    
==
==                              Release: 1.2 (p2)
==
==                            (ParserVersion = 4)
==
================================================================================


********************************************************************************
** Parsing and initializing
********************************************************************************

Interpreting input file 'dftb_in.hsd'
--------------------------------------------------------------------------------
WARNING!
-> WriteHSDInput and WriteXMLInput both turned off. You won't eventually be 
 able to obtain the same results with a later version of the code!
Path: dftb_in/ParserOptions
Line: 86-89 (File: dftb_in.hsd)

Reading SK-files:
  /home/andersx/parameters/3ob-3-1/C-C.skf
  /home/andersx/parameters/3ob-3-1/C-O.skf
  /home/andersx/parameters/3ob-3-1/C-N.skf
  /home/andersx/parameters/3ob-3-1/C-H.skf
  /home/andersx/parameters/3ob-3-1/O-C.skf
  /home/andersx/parameters/3ob-3-1/O-O.skf
  /home/andersx/parameters/3ob-3-1/O-N.skf
  /home/andersx/parameters/3ob-3-1/O-H.skf
  /home/andersx/parameters/3ob-3-1/N-C.skf
  /home/andersx/parameters/3ob-3-1/N-O.skf
  /home/andersx/parameters/3ob-3-1/N-N.skf
  /home/andersx/parameters/3ob-3-1/N-H.skf
  /home/andersx/parameters/3ob-3-1/H-C.skf
  /home/andersx/parameters/3ob-3-1/H-O.skf
  /home/andersx/parameters/3ob-3-1/H-N.skf
  /home/andersx/parameters/3ob-3-1/H-H.skf
Done.

Starting initialization...
--------------------------------------------------------------------------------
Mode:                        Static calculation
Self consistent charges:     Yes
SCC-tolerance:                 0.100000E-05
Max. scc iterations:                    100
Ewald alpha parameter:         0.000000E+00
Spin polarisation:           No
Nr. of up electrons:            21.000000
Nr. of down electrons:          21.000000
Periodic boundaries:         No
Diagonalizer:                Divide and Conquer
Mixer:                       Anderson mixer
Mixing parameter:                  0.200000
Maximal SCC-cycles:                     100
Nr. of chrg. vectors to mix:              8
Electronic temperature:        0.100000E-07
Initial charges:             Set automatically (system chrg:   0.000E+00)
Included shells:              C:  s, p
                              O:  s, p
                              N:  s, p
                              H:  s
Full 3rd order correction    Yes
Damped SCC                   Yes
Damped specie(s):            H                                                 
Extra options:
--------------------------------------------------------------------------------
 

********************************************************************************
** Geometry step: 0
********************************************************************************

  iSCC Total electronic   Diff electronic      SCC error    
    1   -0.18461388E+02    0.00000000E+00    0.75582618E+00
    2   -0.18462285E+02   -0.89719293E-03    0.74266698E+00
    3   -0.18483857E+02   -0.21571182E-01    0.10558920E+00
    4   -0.18484106E+02   -0.24962284E-03    0.10496145E+00
    5   -0.18485182E+02   -0.10758398E-02    0.25242823E-01
    6   -0.18485179E+02    0.27362654E-05    0.18653161E-01
    7   -0.18485178E+02    0.14342842E-05    0.12900536E-01
    8   -0.18485189E+02   -0.10785530E-04    0.16757995E-02
    9   -0.18485189E+02   -0.62557124E-07    0.14008514E-02
   10   -0.18485189E+02   -0.18924965E-06    0.13598695E-03
   11   -0.18485189E+02   -0.12756622E-08    0.81468552E-04
   12   -0.18485189E+02   -0.62870242E-09    0.14471578E-04
   13   -0.18485189E+02   -0.56559202E-11    0.37453553E-05
   14   -0.18485189E+02   -0.53290705E-13    0.40896884E-06
>> Charges saved for restart in charges.bin
 
 Total Energy:                     -18.4034647411 H
 Total Mermin free energy:         -18.4034647411 H
