================================================================================
==
==   Density Functional based Tight Binding with a lot of extensions (DFTB+)    
==
==                              Release: 1.2 (p2)
==
==                            (ParserVersion = 4)
==
================================================================================


********************************************************************************
** Parsing and initializing
********************************************************************************

Interpreting input file 'dftb_in.hsd'
--------------------------------------------------------------------------------
WARNING!
-> WriteHSDInput and WriteXMLInput both turned off. You won't eventually be 
 able to obtain the same results with a later version of the code!
Path: dftb_in/ParserOptions
Line: 85-88 (File: dftb_in.hsd)

Reading SK-files:
  /home/andersx/parameters/3ob-3-1/C-C.skf
  /home/andersx/parameters/3ob-3-1/C-O.skf
  /home/andersx/parameters/3ob-3-1/C-N.skf
  /home/andersx/parameters/3ob-3-1/C-H.skf
  /home/andersx/parameters/3ob-3-1/O-C.skf
  /home/andersx/parameters/3ob-3-1/O-O.skf
  /home/andersx/parameters/3ob-3-1/O-N.skf
  /home/andersx/parameters/3ob-3-1/O-H.skf
  /home/andersx/parameters/3ob-3-1/N-C.skf
  /home/andersx/parameters/3ob-3-1/N-O.skf
  /home/andersx/parameters/3ob-3-1/N-N.skf
  /home/andersx/parameters/3ob-3-1/N-H.skf
  /home/andersx/parameters/3ob-3-1/H-C.skf
  /home/andersx/parameters/3ob-3-1/H-O.skf
  /home/andersx/parameters/3ob-3-1/H-N.skf
  /home/andersx/parameters/3ob-3-1/H-H.skf
Done.

Starting initialization...
--------------------------------------------------------------------------------
Mode:                        Static calculation
Self consistent charges:     Yes
SCC-tolerance:                 0.100000E-05
Max. scc iterations:                    100
Ewald alpha parameter:         0.000000E+00
Spin polarisation:           No
Nr. of up electrons:            21.000000
Nr. of down electrons:          21.000000
Periodic boundaries:         No
Diagonalizer:                Divide and Conquer
Mixer:                       Anderson mixer
Mixing parameter:                  0.200000
Maximal SCC-cycles:                     100
Nr. of chrg. vectors to mix:              8
Electronic temperature:        0.100000E-07
Initial charges:             Set automatically (system chrg:   0.000E+00)
Included shells:              C:  s, p
                              O:  s, p
                              N:  s, p
                              H:  s
Full 3rd order correction    Yes
Damped SCC                   Yes
Damped specie(s):            H                                                 
Extra options:
--------------------------------------------------------------------------------
 

********************************************************************************
** Geometry step: 0
********************************************************************************

  iSCC Total electronic   Diff electronic      SCC error    
    1   -0.18884462E+02    0.00000000E+00    0.44231893E+00
    2   -0.18884701E+02   -0.23871534E-03    0.43617548E+00
    3   -0.18891579E+02   -0.68782341E-02    0.75313896E-01
    4   -0.18891527E+02    0.52049722E-04    0.66110198E-01
    5   -0.18891510E+02    0.17006651E-04    0.72438699E-01
    6   -0.18891667E+02   -0.15700188E-03    0.18429263E-01
    7   -0.18891658E+02    0.95196082E-05    0.26156632E-01
    8   -0.18891685E+02   -0.27274449E-04    0.90409167E-02
    9   -0.18891688E+02   -0.32497609E-05    0.36887005E-02
   10   -0.18891688E+02   -0.12997489E-06    0.34285042E-02
   11   -0.18891689E+02   -0.50354854E-06    0.60746373E-03
   12   -0.18891689E+02   -0.20617108E-08    0.52203371E-03
   13   -0.18891689E+02   -0.57609135E-08    0.19979211E-04
   14   -0.18891689E+02   -0.27320368E-10    0.84222259E-05
   15   -0.18891689E+02   -0.17159607E-11    0.14809505E-05
   16   -0.18891689E+02   -0.46185278E-13    0.10548210E-06
>> Charges saved for restart in charges.bin
 
 Total Energy:                     -18.6514078952 H
 Total Mermin free energy:         -18.6514078952 H
