================================================================================
==
==   Density Functional based Tight Binding with a lot of extensions (DFTB+)    
==
==                              Release: 1.2 (p2)
==
==                            (ParserVersion = 4)
==
================================================================================


********************************************************************************
** Parsing and initializing
********************************************************************************

Interpreting input file 'dftb_in.hsd'
--------------------------------------------------------------------------------
WARNING!
-> WriteHSDInput and WriteXMLInput both turned off. You won't eventually be 
 able to obtain the same results with a later version of the code!
Path: dftb_in/ParserOptions
Line: 86-89 (File: dftb_in.hsd)

Reading SK-files:
  /home/andersx/parameters/3ob-3-1/C-C.skf
  /home/andersx/parameters/3ob-3-1/C-O.skf
  /home/andersx/parameters/3ob-3-1/C-N.skf
  /home/andersx/parameters/3ob-3-1/C-H.skf
  /home/andersx/parameters/3ob-3-1/O-C.skf
  /home/andersx/parameters/3ob-3-1/O-O.skf
  /home/andersx/parameters/3ob-3-1/O-N.skf
  /home/andersx/parameters/3ob-3-1/O-H.skf
  /home/andersx/parameters/3ob-3-1/N-C.skf
  /home/andersx/parameters/3ob-3-1/N-O.skf
  /home/andersx/parameters/3ob-3-1/N-N.skf
  /home/andersx/parameters/3ob-3-1/N-H.skf
  /home/andersx/parameters/3ob-3-1/H-C.skf
  /home/andersx/parameters/3ob-3-1/H-O.skf
  /home/andersx/parameters/3ob-3-1/H-N.skf
  /home/andersx/parameters/3ob-3-1/H-H.skf
Done.

Starting initialization...
--------------------------------------------------------------------------------
Mode:                        Static calculation
Self consistent charges:     Yes
SCC-tolerance:                 0.100000E-05
Max. scc iterations:                    100
Ewald alpha parameter:         0.000000E+00
Spin polarisation:           No
Nr. of up electrons:            21.000000
Nr. of down electrons:          21.000000
Periodic boundaries:         No
Diagonalizer:                Divide and Conquer
Mixer:                       Anderson mixer
Mixing parameter:                  0.200000
Maximal SCC-cycles:                     100
Nr. of chrg. vectors to mix:              8
Electronic temperature:        0.100000E-07
Initial charges:             Set automatically (system chrg:   0.000E+00)
Included shells:              C:  s, p
                              O:  s, p
                              N:  s, p
                              H:  s
Full 3rd order correction    Yes
Damped SCC                   Yes
Damped specie(s):            H                                                 
Extra options:
--------------------------------------------------------------------------------
 

********************************************************************************
** Geometry step: 0
********************************************************************************

  iSCC Total electronic   Diff electronic      SCC error    
    1   -0.18377797E+02    0.00000000E+00    0.67954272E+00
    2   -0.18378074E+02   -0.27749731E-03    0.67071630E+00
    3   -0.18385656E+02   -0.75814836E-02    0.74436196E-01
    4   -0.18385562E+02    0.93475184E-04    0.94618561E-01
    5   -0.18385647E+02   -0.84237536E-04    0.89116646E-01
    6   -0.18385852E+02   -0.20492214E-03    0.13061277E-01
    7   -0.18385850E+02    0.13379156E-05    0.18545992E-01
    8   -0.18385857E+02   -0.71266639E-05    0.34010348E-02
    9   -0.18385858E+02   -0.14216529E-06    0.11092648E-02
   10   -0.18385858E+02   -0.18130560E-07    0.94700223E-03
   11   -0.18385858E+02   -0.75651521E-08    0.18699888E-03
   12   -0.18385858E+02   -0.26534117E-08    0.44516887E-04
   13   -0.18385858E+02   -0.44785509E-10    0.78541209E-05
   14   -0.18385858E+02   -0.15951684E-11    0.13162563E-05
   15   -0.18385858E+02   -0.35527137E-13    0.69428506E-07
>> Charges saved for restart in charges.bin
 
 Total Energy:                     -18.3438032680 H
 Total Mermin free energy:         -18.3438032680 H
