================================================================================
==
==   Density Functional based Tight Binding with a lot of extensions (DFTB+)    
==
==                              Release: 1.2 (p2)
==
==                            (ParserVersion = 4)
==
================================================================================


********************************************************************************
** Parsing and initializing
********************************************************************************

Interpreting input file 'dftb_in.hsd'
--------------------------------------------------------------------------------
WARNING!
-> WriteHSDInput and WriteXMLInput both turned off. You won't eventually be 
 able to obtain the same results with a later version of the code!
Path: dftb_in/ParserOptions
Line: 84-87 (File: dftb_in.hsd)

Reading SK-files:
  /home/andersx/parameters/3ob-3-1/C-C.skf
  /home/andersx/parameters/3ob-3-1/C-O.skf
  /home/andersx/parameters/3ob-3-1/C-N.skf
  /home/andersx/parameters/3ob-3-1/C-H.skf
  /home/andersx/parameters/3ob-3-1/O-C.skf
  /home/andersx/parameters/3ob-3-1/O-O.skf
  /home/andersx/parameters/3ob-3-1/O-N.skf
  /home/andersx/parameters/3ob-3-1/O-H.skf
  /home/andersx/parameters/3ob-3-1/N-C.skf
  /home/andersx/parameters/3ob-3-1/N-O.skf
  /home/andersx/parameters/3ob-3-1/N-N.skf
  /home/andersx/parameters/3ob-3-1/N-H.skf
  /home/andersx/parameters/3ob-3-1/H-C.skf
  /home/andersx/parameters/3ob-3-1/H-O.skf
  /home/andersx/parameters/3ob-3-1/H-N.skf
  /home/andersx/parameters/3ob-3-1/H-H.skf
Done.

Starting initialization...
--------------------------------------------------------------------------------
Mode:                        Static calculation
Self consistent charges:     Yes
SCC-tolerance:                 0.100000E-05
Max. scc iterations:                    100
Ewald alpha parameter:         0.000000E+00
Spin polarisation:           No
Nr. of up electrons:            20.000000
Nr. of down electrons:          20.000000
Periodic boundaries:         No
Diagonalizer:                Divide and Conquer
Mixer:                       Anderson mixer
Mixing parameter:                  0.200000
Maximal SCC-cycles:                     100
Nr. of chrg. vectors to mix:              8
Electronic temperature:        0.100000E-07
Initial charges:             Set automatically (system chrg:   0.000E+00)
Included shells:              C:  s, p
                              O:  s, p
                              N:  s, p
                              H:  s
Full 3rd order correction    Yes
Damped SCC                   Yes
Damped specie(s):            H                                                 
Extra options:
--------------------------------------------------------------------------------
 

********************************************************************************
** Geometry step: 0
********************************************************************************

  iSCC Total electronic   Diff electronic      SCC error    
    1   -0.17721829E+02    0.00000000E+00    0.83416870E+00
    2   -0.17722606E+02   -0.77725413E-03    0.82057854E+00
    3   -0.17741914E+02   -0.19307987E-01    0.11179180E+00
    4   -0.17742124E+02   -0.21029324E-03    0.11090824E+00
    5   -0.17743425E+02   -0.13009680E-02    0.26317454E-01
    6   -0.17743423E+02    0.24686555E-05    0.25149834E-01
    7   -0.17743438E+02   -0.15576293E-04    0.83526999E-02
    8   -0.17743439E+02   -0.12938581E-05    0.39222246E-02
    9   -0.17743440E+02   -0.34837881E-06    0.47789413E-02
   10   -0.17743440E+02   -0.14390663E-06    0.96086775E-03
   11   -0.17743440E+02   -0.51694258E-08    0.57313328E-03
   12   -0.17743440E+02   -0.15111375E-07    0.32598675E-04
   13   -0.17743440E+02   -0.12924417E-09    0.91020456E-05
   14   -0.17743440E+02   -0.58726357E-11    0.83389336E-06
>> Charges saved for restart in charges.bin
 
 Total Energy:                     -17.6075405525 H
 Total Mermin free energy:         -17.6075405525 H
