================================================================================
==
==   Density Functional based Tight Binding with a lot of extensions (DFTB+)    
==
==                              Release: 1.2 (p2)
==
==                            (ParserVersion = 4)
==
================================================================================


********************************************************************************
** Parsing and initializing
********************************************************************************

Interpreting input file 'dftb_in.hsd'
--------------------------------------------------------------------------------
WARNING!
-> WriteHSDInput and WriteXMLInput both turned off. You won't eventually be 
 able to obtain the same results with a later version of the code!
Path: dftb_in/ParserOptions
Line: 88-91 (File: dftb_in.hsd)

Reading SK-files:
  /home/andersx/parameters/3ob-3-1/C-C.skf
  /home/andersx/parameters/3ob-3-1/C-O.skf
  /home/andersx/parameters/3ob-3-1/C-N.skf
  /home/andersx/parameters/3ob-3-1/C-H.skf
  /home/andersx/parameters/3ob-3-1/O-C.skf
  /home/andersx/parameters/3ob-3-1/O-O.skf
  /home/andersx/parameters/3ob-3-1/O-N.skf
  /home/andersx/parameters/3ob-3-1/O-H.skf
  /home/andersx/parameters/3ob-3-1/N-C.skf
  /home/andersx/parameters/3ob-3-1/N-O.skf
  /home/andersx/parameters/3ob-3-1/N-N.skf
  /home/andersx/parameters/3ob-3-1/N-H.skf
  /home/andersx/parameters/3ob-3-1/H-C.skf
  /home/andersx/parameters/3ob-3-1/H-O.skf
  /home/andersx/parameters/3ob-3-1/H-N.skf
  /home/andersx/parameters/3ob-3-1/H-H.skf
Done.

Starting initialization...
--------------------------------------------------------------------------------
Mode:                        Static calculation
Self consistent charges:     Yes
SCC-tolerance:                 0.100000E-05
Max. scc iterations:                    100
Ewald alpha parameter:         0.000000E+00
Spin polarisation:           No
Nr. of up electrons:            22.000000
Nr. of down electrons:          22.000000
Periodic boundaries:         No
Diagonalizer:                Divide and Conquer
Mixer:                       Anderson mixer
Mixing parameter:                  0.200000
Maximal SCC-cycles:                     100
Nr. of chrg. vectors to mix:              8
Electronic temperature:        0.100000E-07
Initial charges:             Set automatically (system chrg:   0.000E+00)
Included shells:              C:  s, p
                              O:  s, p
                              N:  s, p
                              H:  s
Full 3rd order correction    Yes
Damped SCC                   Yes
Damped specie(s):            H                                                 
Extra options:
--------------------------------------------------------------------------------
 

********************************************************************************
** Geometry step: 0
********************************************************************************

  iSCC Total electronic   Diff electronic      SCC error    
    1   -0.19131494E+02    0.00000000E+00    0.68645194E+00
    2   -0.19131708E+02   -0.21414834E-03    0.67744748E+00
    3   -0.19137614E+02   -0.59064452E-02    0.71494744E-01
    4   -0.19137541E+02    0.72954955E-04    0.64842572E-01
    5   -0.19137626E+02   -0.84750026E-04    0.81475745E-01
    6   -0.19137776E+02   -0.14981436E-03    0.13204150E-01
    7   -0.19137775E+02    0.55257411E-06    0.18528171E-01
    8   -0.19137780E+02   -0.47024481E-05    0.56035784E-02
    9   -0.19137781E+02   -0.41626776E-06    0.25020520E-02
   10   -0.19137781E+02   -0.13460355E-07    0.19280480E-02
   11   -0.19137781E+02   -0.19789834E-07    0.40279275E-03
   12   -0.19137781E+02   -0.10977377E-07    0.95787271E-04
   13   -0.19137781E+02   -0.20675728E-09    0.14045955E-04
   14   -0.19137781E+02   -0.12907009E-10    0.97495798E-06
>> Charges saved for restart in charges.bin
 
 Total Energy:                     -19.1447488591 H
 Total Mermin free energy:         -19.1447488591 H
