================================================================================
==
==   Density Functional based Tight Binding with a lot of extensions (DFTB+)    
==
==                              Release: 1.2 (p2)
==
==                            (ParserVersion = 4)
==
================================================================================


********************************************************************************
** Parsing and initializing
********************************************************************************

Interpreting input file 'dftb_in.hsd'
--------------------------------------------------------------------------------
WARNING!
-> WriteHSDInput and WriteXMLInput both turned off. You won't eventually be 
 able to obtain the same results with a later version of the code!
Path: dftb_in/ParserOptions
Line: 71-74 (File: dftb_in.hsd)

Reading SK-files:
  /home/andersx/parameters/3ob-3-1/C-C.skf
  /home/andersx/parameters/3ob-3-1/C-N.skf
  /home/andersx/parameters/3ob-3-1/C-H.skf
  /home/andersx/parameters/3ob-3-1/N-C.skf
  /home/andersx/parameters/3ob-3-1/N-N.skf
  /home/andersx/parameters/3ob-3-1/N-H.skf
  /home/andersx/parameters/3ob-3-1/H-C.skf
  /home/andersx/parameters/3ob-3-1/H-N.skf
  /home/andersx/parameters/3ob-3-1/H-H.skf
Done.

Starting initialization...
--------------------------------------------------------------------------------
Mode:                        Static calculation
Self consistent charges:     Yes
SCC-tolerance:                 0.100000E-05
Max. scc iterations:                    100
Ewald alpha parameter:         0.000000E+00
Spin polarisation:           No
Nr. of up electrons:            16.000000
Nr. of down electrons:          16.000000
Periodic boundaries:         No
Diagonalizer:                Divide and Conquer
Mixer:                       Anderson mixer
Mixing parameter:                  0.200000
Maximal SCC-cycles:                     100
Nr. of chrg. vectors to mix:              8
Electronic temperature:        0.100000E-07
Initial charges:             Set automatically (system chrg:   0.000E+00)
Included shells:              C:  s, p
                              N:  s, p
                              H:  s
Full 3rd order correction    Yes
Damped SCC                   Yes
Damped specie(s):            H                                                 
Extra options:
--------------------------------------------------------------------------------
 

********************************************************************************
** Geometry step: 0
********************************************************************************

  iSCC Total electronic   Diff electronic      SCC error    
    1   -0.14168264E+02    0.00000000E+00    0.34113922E+00
    2   -0.14168413E+02   -0.14894854E-03    0.33751071E+00
    3   -0.14172307E+02   -0.38936202E-02    0.89926227E-01
    4   -0.14172190E+02    0.11671700E-03    0.10274079E+00
    5   -0.14172660E+02   -0.47060968E-03    0.48417206E-01
    6   -0.14172724E+02   -0.63144391E-04    0.22832417E-01
    7   -0.14172705E+02    0.18570739E-04    0.37722225E-01
    8   -0.14172751E+02   -0.45852150E-04    0.18745190E-02
    9   -0.14172751E+02   -0.10636023E-06    0.15764402E-02
   10   -0.14172751E+02   -0.16529473E-06    0.36147361E-03
   11   -0.14172751E+02   -0.14575747E-07    0.17629201E-03
   12   -0.14172751E+02   -0.31628318E-08    0.72110834E-04
   13   -0.14172751E+02   -0.85073282E-10    0.35869396E-05
   14   -0.14172751E+02   -0.49915627E-12    0.14459565E-05
   15   -0.14172751E+02   -0.88817842E-13    0.10844948E-06
>> Charges saved for restart in charges.bin
 
 Total Energy:                     -13.7689691281 H
 Total Mermin free energy:         -13.7689691281 H
