================================================================================
==
==   Density Functional based Tight Binding with a lot of extensions (DFTB+)    
==
==                              Release: 1.2 (p2)
==
==                            (ParserVersion = 4)
==
================================================================================


********************************************************************************
** Parsing and initializing
********************************************************************************

Interpreting input file 'dftb_in.hsd'
--------------------------------------------------------------------------------
WARNING!
-> WriteHSDInput and WriteXMLInput both turned off. You won't eventually be 
 able to obtain the same results with a later version of the code!
Path: dftb_in/ParserOptions
Line: 86-89 (File: dftb_in.hsd)

Reading SK-files:
  /home/andersx/parameters/3ob-3-1/C-C.skf
  /home/andersx/parameters/3ob-3-1/C-N.skf
  /home/andersx/parameters/3ob-3-1/C-O.skf
  /home/andersx/parameters/3ob-3-1/C-H.skf
  /home/andersx/parameters/3ob-3-1/N-C.skf
  /home/andersx/parameters/3ob-3-1/N-N.skf
  /home/andersx/parameters/3ob-3-1/N-O.skf
  /home/andersx/parameters/3ob-3-1/N-H.skf
  /home/andersx/parameters/3ob-3-1/O-C.skf
  /home/andersx/parameters/3ob-3-1/O-N.skf
  /home/andersx/parameters/3ob-3-1/O-O.skf
  /home/andersx/parameters/3ob-3-1/O-H.skf
  /home/andersx/parameters/3ob-3-1/H-C.skf
  /home/andersx/parameters/3ob-3-1/H-N.skf
  /home/andersx/parameters/3ob-3-1/H-O.skf
  /home/andersx/parameters/3ob-3-1/H-H.skf
Done.

Starting initialization...
--------------------------------------------------------------------------------
Mode:                        Static calculation
Self consistent charges:     Yes
SCC-tolerance:                 0.100000E-05
Max. scc iterations:                    100
Ewald alpha parameter:         0.000000E+00
Spin polarisation:           No
Nr. of up electrons:            21.000000
Nr. of down electrons:          21.000000
Periodic boundaries:         No
Diagonalizer:                Divide and Conquer
Mixer:                       Anderson mixer
Mixing parameter:                  0.200000
Maximal SCC-cycles:                     100
Nr. of chrg. vectors to mix:              8
Electronic temperature:        0.100000E-07
Initial charges:             Set automatically (system chrg:   0.000E+00)
Included shells:              C:  s, p
                              N:  s, p
                              O:  s, p
                              H:  s
Full 3rd order correction    Yes
Damped SCC                   Yes
Damped specie(s):            H                                                 
Extra options:
--------------------------------------------------------------------------------
 

********************************************************************************
** Geometry step: 0
********************************************************************************

  iSCC Total electronic   Diff electronic      SCC error    
    1   -0.18380274E+02    0.00000000E+00    0.64770634E+00
    2   -0.18380756E+02   -0.48223434E-03    0.63738999E+00
    3   -0.18393186E+02   -0.12430555E-01    0.10444961E+00
    4   -0.18392945E+02    0.24124564E-03    0.11023218E+00
    5   -0.18393445E+02   -0.49995251E-03    0.11131676E+00
    6   -0.18393792E+02   -0.34671948E-03    0.13073671E-01
    7   -0.18393785E+02    0.68038151E-05    0.13690190E-01
    8   -0.18393802E+02   -0.16788668E-04    0.39575255E-02
    9   -0.18393802E+02   -0.16498481E-06    0.78265015E-03
   10   -0.18393802E+02   -0.62765043E-07    0.30054059E-03
   11   -0.18393802E+02   -0.21895801E-08    0.80476969E-04
   12   -0.18393802E+02   -0.43609916E-09    0.75045968E-05
   13   -0.18393802E+02   -0.23980817E-11    0.25199104E-05
   14   -0.18393802E+02   -0.88817842E-13    0.38678009E-06
>> Charges saved for restart in charges.bin
 
 Total Energy:                     -18.3770369317 H
 Total Mermin free energy:         -18.3770369317 H
