================================================================================
==
==   Density Functional based Tight Binding with a lot of extensions (DFTB+)    
==
==                              Release: 1.2 (p2)
==
==                            (ParserVersion = 4)
==
================================================================================


********************************************************************************
** Parsing and initializing
********************************************************************************

Interpreting input file 'dftb_in.hsd'
--------------------------------------------------------------------------------
WARNING!
-> WriteHSDInput and WriteXMLInput both turned off. You won't eventually be 
 able to obtain the same results with a later version of the code!
Path: dftb_in/ParserOptions
Line: 88-91 (File: dftb_in.hsd)

Reading SK-files:
  /home/andersx/parameters/3ob-3-1/C-C.skf
  /home/andersx/parameters/3ob-3-1/C-N.skf
  /home/andersx/parameters/3ob-3-1/C-O.skf
  /home/andersx/parameters/3ob-3-1/C-H.skf
  /home/andersx/parameters/3ob-3-1/N-C.skf
  /home/andersx/parameters/3ob-3-1/N-N.skf
  /home/andersx/parameters/3ob-3-1/N-O.skf
  /home/andersx/parameters/3ob-3-1/N-H.skf
  /home/andersx/parameters/3ob-3-1/O-C.skf
  /home/andersx/parameters/3ob-3-1/O-N.skf
  /home/andersx/parameters/3ob-3-1/O-O.skf
  /home/andersx/parameters/3ob-3-1/O-H.skf
  /home/andersx/parameters/3ob-3-1/H-C.skf
  /home/andersx/parameters/3ob-3-1/H-N.skf
  /home/andersx/parameters/3ob-3-1/H-O.skf
  /home/andersx/parameters/3ob-3-1/H-H.skf
Done.

Starting initialization...
--------------------------------------------------------------------------------
Mode:                        Static calculation
Self consistent charges:     Yes
SCC-tolerance:                 0.100000E-05
Max. scc iterations:                    100
Ewald alpha parameter:         0.000000E+00
Spin polarisation:           No
Nr. of up electrons:            22.000000
Nr. of down electrons:          22.000000
Periodic boundaries:         No
Diagonalizer:                Divide and Conquer
Mixer:                       Anderson mixer
Mixing parameter:                  0.200000
Maximal SCC-cycles:                     100
Nr. of chrg. vectors to mix:              8
Electronic temperature:        0.100000E-07
Initial charges:             Set automatically (system chrg:   0.000E+00)
Included shells:              C:  s, p
                              N:  s, p
                              O:  s, p
                              H:  s
Full 3rd order correction    Yes
Damped SCC                   Yes
Damped specie(s):            H                                                 
Extra options:
--------------------------------------------------------------------------------
 

********************************************************************************
** Geometry step: 0
********************************************************************************

  iSCC Total electronic   Diff electronic      SCC error    
    1   -0.19170847E+02    0.00000000E+00    0.70400579E+00
    2   -0.19171009E+02   -0.16198792E-03    0.69477235E+00
    3   -0.19175356E+02   -0.43475561E-02    0.62863884E-01
    4   -0.19175273E+02    0.83016289E-04    0.62680559E-01
    5   -0.19175269E+02    0.43558293E-05    0.14361943E+00
    6   -0.19175514E+02   -0.24507983E-03    0.20655924E-01
    7   -0.19175513E+02    0.11032678E-05    0.77457121E-02
    8   -0.19175517E+02   -0.47633215E-05    0.93258563E-02
    9   -0.19175519E+02   -0.18445033E-05    0.12290336E-02
   10   -0.19175519E+02   -0.26605861E-07    0.11894367E-02
   11   -0.19175519E+02   -0.72915480E-07    0.29307586E-03
   12   -0.19175519E+02   -0.34763730E-08    0.17876732E-03
   13   -0.19175519E+02   -0.15751880E-08    0.25262143E-04
   14   -0.19175519E+02   -0.31111114E-10    0.33781468E-05
   15   -0.19175519E+02   -0.10658141E-12    0.10759336E-05
   16   -0.19175519E+02   -0.24868996E-13    0.69198431E-07
>> Charges saved for restart in charges.bin
 
 Total Energy:                     -19.1723498777 H
 Total Mermin free energy:         -19.1723498777 H
