================================================================================
==
==   Density Functional based Tight Binding with a lot of extensions (DFTB+)    
==
==                              Release: 1.2 (p2)
==
==                            (ParserVersion = 4)
==
================================================================================


********************************************************************************
** Parsing and initializing
********************************************************************************

Interpreting input file 'dftb_in.hsd'
--------------------------------------------------------------------------------
WARNING!
-> WriteHSDInput and WriteXMLInput both turned off. You won't eventually be 
 able to obtain the same results with a later version of the code!
Path: dftb_in/ParserOptions
Line: 84-87 (File: dftb_in.hsd)

Reading SK-files:
  /home/andersx/parameters/3ob-3-1/C-C.skf
  /home/andersx/parameters/3ob-3-1/C-N.skf
  /home/andersx/parameters/3ob-3-1/C-O.skf
  /home/andersx/parameters/3ob-3-1/C-H.skf
  /home/andersx/parameters/3ob-3-1/N-C.skf
  /home/andersx/parameters/3ob-3-1/N-N.skf
  /home/andersx/parameters/3ob-3-1/N-O.skf
  /home/andersx/parameters/3ob-3-1/N-H.skf
  /home/andersx/parameters/3ob-3-1/O-C.skf
  /home/andersx/parameters/3ob-3-1/O-N.skf
  /home/andersx/parameters/3ob-3-1/O-O.skf
  /home/andersx/parameters/3ob-3-1/O-H.skf
  /home/andersx/parameters/3ob-3-1/H-C.skf
  /home/andersx/parameters/3ob-3-1/H-N.skf
  /home/andersx/parameters/3ob-3-1/H-O.skf
  /home/andersx/parameters/3ob-3-1/H-H.skf
Done.

Starting initialization...
--------------------------------------------------------------------------------
Mode:                        Static calculation
Self consistent charges:     Yes
SCC-tolerance:                 0.100000E-05
Max. scc iterations:                    100
Ewald alpha parameter:         0.000000E+00
Spin polarisation:           No
Nr. of up electrons:            20.000000
Nr. of down electrons:          20.000000
Periodic boundaries:         No
Diagonalizer:                Divide and Conquer
Mixer:                       Anderson mixer
Mixing parameter:                  0.200000
Maximal SCC-cycles:                     100
Nr. of chrg. vectors to mix:              8
Electronic temperature:        0.100000E-07
Initial charges:             Set automatically (system chrg:   0.000E+00)
Included shells:              C:  s, p
                              N:  s, p
                              O:  s, p
                              H:  s
Full 3rd order correction    Yes
Damped SCC                   Yes
Damped specie(s):            H                                                 
Extra options:
--------------------------------------------------------------------------------
 

********************************************************************************
** Geometry step: 0
********************************************************************************

  iSCC Total electronic   Diff electronic      SCC error    
    1   -0.17804094E+02    0.00000000E+00    0.84013618E+00
    2   -0.17805186E+02   -0.10917365E-02    0.82589554E+00
    3   -0.17829851E+02   -0.24665789E-01    0.16318640E+00
    4   -0.17830406E+02   -0.55428273E-03    0.15519194E+00
    5   -0.17832400E+02   -0.19948401E-02    0.46624690E-01
    6   -0.17832455E+02   -0.54318174E-04    0.41414107E-01
    7   -0.17832480E+02   -0.25131835E-04    0.22221830E-01
    8   -0.17832495E+02   -0.15151769E-04    0.49822840E-02
    9   -0.17832496E+02   -0.82930008E-06    0.42247380E-02
   10   -0.17832498E+02   -0.23079598E-05    0.94140728E-03
   11   -0.17832498E+02   -0.40755381E-08    0.83081505E-03
   12   -0.17832498E+02   -0.28818032E-07    0.15160911E-03
   13   -0.17832498E+02   -0.41385810E-08    0.71352165E-04
   14   -0.17832498E+02   -0.79658236E-09    0.16551491E-04
   15   -0.17832498E+02   -0.15056401E-10    0.32701560E-05
   16   -0.17832498E+02   -0.63948846E-13    0.33861918E-06
>> Charges saved for restart in charges.bin
 
 Total Energy:                     -17.6343434937 H
 Total Mermin free energy:         -17.6343434937 H
