================================================================================
==
==   Density Functional based Tight Binding with a lot of extensions (DFTB+)    
==
==                              Release: 1.2 (p2)
==
==                            (ParserVersion = 4)
==
================================================================================


********************************************************************************
** Parsing and initializing
********************************************************************************

Interpreting input file 'dftb_in.hsd'
--------------------------------------------------------------------------------
WARNING!
-> WriteHSDInput and WriteXMLInput both turned off. You won't eventually be 
 able to obtain the same results with a later version of the code!
Path: dftb_in/ParserOptions
Line: 88-91 (File: dftb_in.hsd)

Reading SK-files:
  /home/andersx/parameters/3ob-3-1/C-C.skf
  /home/andersx/parameters/3ob-3-1/C-N.skf
  /home/andersx/parameters/3ob-3-1/C-O.skf
  /home/andersx/parameters/3ob-3-1/C-H.skf
  /home/andersx/parameters/3ob-3-1/N-C.skf
  /home/andersx/parameters/3ob-3-1/N-N.skf
  /home/andersx/parameters/3ob-3-1/N-O.skf
  /home/andersx/parameters/3ob-3-1/N-H.skf
  /home/andersx/parameters/3ob-3-1/O-C.skf
  /home/andersx/parameters/3ob-3-1/O-N.skf
  /home/andersx/parameters/3ob-3-1/O-O.skf
  /home/andersx/parameters/3ob-3-1/O-H.skf
  /home/andersx/parameters/3ob-3-1/H-C.skf
  /home/andersx/parameters/3ob-3-1/H-N.skf
  /home/andersx/parameters/3ob-3-1/H-O.skf
  /home/andersx/parameters/3ob-3-1/H-H.skf
Done.

Starting initialization...
--------------------------------------------------------------------------------
Mode:                        Static calculation
Self consistent charges:     Yes
SCC-tolerance:                 0.100000E-05
Max. scc iterations:                    100
Ewald alpha parameter:         0.000000E+00
Spin polarisation:           No
Nr. of up electrons:            22.000000
Nr. of down electrons:          22.000000
Periodic boundaries:         No
Diagonalizer:                Divide and Conquer
Mixer:                       Anderson mixer
Mixing parameter:                  0.200000
Maximal SCC-cycles:                     100
Nr. of chrg. vectors to mix:              8
Electronic temperature:        0.100000E-07
Initial charges:             Set automatically (system chrg:   0.000E+00)
Included shells:              C:  s, p
                              N:  s, p
                              O:  s, p
                              H:  s
Full 3rd order correction    Yes
Damped SCC                   Yes
Damped specie(s):            H                                                 
Extra options:
--------------------------------------------------------------------------------
 

********************************************************************************
** Geometry step: 0
********************************************************************************

  iSCC Total electronic   Diff electronic      SCC error    
    1   -0.19120961E+02    0.00000000E+00    0.55309704E+00
    2   -0.19121341E+02   -0.38001905E-03    0.54454959E+00
    3   -0.19131815E+02   -0.10473695E-01    0.77202584E-01
    4   -0.19131703E+02    0.11178904E-03    0.68863623E-01
    5   -0.19131798E+02   -0.95006655E-04    0.81879351E-01
    6   -0.19132006E+02   -0.20806417E-03    0.62500590E-02
    7   -0.19132006E+02    0.28990188E-06    0.89929173E-02
    8   -0.19132009E+02   -0.33374024E-05    0.35351086E-02
    9   -0.19132009E+02   -0.15189423E-06    0.12817206E-02
   10   -0.19132009E+02   -0.30378242E-07    0.10756870E-02
   11   -0.19132009E+02   -0.17960204E-07    0.29784033E-03
   12   -0.19132009E+02   -0.28757725E-08    0.35748110E-04
   13   -0.19132009E+02   -0.23696600E-10    0.11343824E-04
   14   -0.19132009E+02   -0.21564972E-11    0.58558385E-06
>> Charges saved for restart in charges.bin
 
 Total Energy:                     -19.1434414389 H
 Total Mermin free energy:         -19.1434414389 H
