================================================================================
==
==   Density Functional based Tight Binding with a lot of extensions (DFTB+)    
==
==                              Release: 1.2 (p2)
==
==                            (ParserVersion = 4)
==
================================================================================


********************************************************************************
** Parsing and initializing
********************************************************************************

Interpreting input file 'dftb_in.hsd'
--------------------------------------------------------------------------------
WARNING!
-> WriteHSDInput and WriteXMLInput both turned off. You won't eventually be 
 able to obtain the same results with a later version of the code!
Path: dftb_in/ParserOptions
Line: 83-86 (File: dftb_in.hsd)

Reading SK-files:
  /home/andersx/parameters/3ob-3-1/C-C.skf
  /home/andersx/parameters/3ob-3-1/C-N.skf
  /home/andersx/parameters/3ob-3-1/C-O.skf
  /home/andersx/parameters/3ob-3-1/C-H.skf
  /home/andersx/parameters/3ob-3-1/N-C.skf
  /home/andersx/parameters/3ob-3-1/N-N.skf
  /home/andersx/parameters/3ob-3-1/N-O.skf
  /home/andersx/parameters/3ob-3-1/N-H.skf
  /home/andersx/parameters/3ob-3-1/O-C.skf
  /home/andersx/parameters/3ob-3-1/O-N.skf
  /home/andersx/parameters/3ob-3-1/O-O.skf
  /home/andersx/parameters/3ob-3-1/O-H.skf
  /home/andersx/parameters/3ob-3-1/H-C.skf
  /home/andersx/parameters/3ob-3-1/H-N.skf
  /home/andersx/parameters/3ob-3-1/H-O.skf
  /home/andersx/parameters/3ob-3-1/H-H.skf
Done.

Starting initialization...
--------------------------------------------------------------------------------
Mode:                        Static calculation
Self consistent charges:     Yes
SCC-tolerance:                 0.100000E-05
Max. scc iterations:                    100
Ewald alpha parameter:         0.000000E+00
Spin polarisation:           No
Nr. of up electrons:            20.000000
Nr. of down electrons:          20.000000
Periodic boundaries:         No
Diagonalizer:                Divide and Conquer
Mixer:                       Anderson mixer
Mixing parameter:                  0.200000
Maximal SCC-cycles:                     100
Nr. of chrg. vectors to mix:              8
Electronic temperature:        0.100000E-07
Initial charges:             Set automatically (system chrg:   0.000E+00)
Included shells:              C:  s, p
                              N:  s, p
                              O:  s, p
                              H:  s
Full 3rd order correction    Yes
Damped SCC                   Yes
Damped specie(s):            H                                                 
Extra options:
--------------------------------------------------------------------------------
 

********************************************************************************
** Geometry step: 0
********************************************************************************

  iSCC Total electronic   Diff electronic      SCC error    
    1   -0.18235532E+02    0.00000000E+00    0.82487977E+00
    2   -0.18237075E+02   -0.15425258E-02    0.81086458E+00
    3   -0.18274763E+02   -0.37688021E-01    0.23170413E+00
    4   -0.18275093E+02   -0.32997113E-03    0.22565647E+00
    5   -0.18276139E+02   -0.10464351E-02    0.36897486E-01
    6   -0.18276175E+02   -0.35625582E-04    0.20040331E-01
    7   -0.18276182E+02   -0.67835696E-05    0.13982056E-01
    8   -0.18276194E+02   -0.12211597E-04    0.41397824E-02
    9   -0.18276194E+02   -0.11638363E-06    0.37542285E-02
   10   -0.18276194E+02   -0.21213956E-06    0.59970581E-03
   11   -0.18276194E+02   -0.16510366E-07    0.53287786E-03
   12   -0.18276194E+02   -0.25368529E-07    0.71590411E-04
   13   -0.18276194E+02   -0.38656722E-09    0.15899139E-04
   14   -0.18276194E+02   -0.17667645E-10    0.17042761E-05
   15   -0.18276194E+02   -0.19895197E-12    0.34003696E-06
>> Charges saved for restart in charges.bin
 
 Total Energy:                     -17.9470021619 H
 Total Mermin free energy:         -17.9470021619 H
