================================================================================
==
==   Density Functional based Tight Binding with a lot of extensions (DFTB+)    
==
==                              Release: 1.2 (p2)
==
==                            (ParserVersion = 4)
==
================================================================================


********************************************************************************
** Parsing and initializing
********************************************************************************

Interpreting input file 'dftb_in.hsd'
--------------------------------------------------------------------------------
WARNING!
-> WriteHSDInput and WriteXMLInput both turned off. You won't eventually be 
 able to obtain the same results with a later version of the code!
Path: dftb_in/ParserOptions
Line: 83-86 (File: dftb_in.hsd)

Reading SK-files:
  /home/andersx/parameters/3ob-3-1/C-C.skf
  /home/andersx/parameters/3ob-3-1/C-N.skf
  /home/andersx/parameters/3ob-3-1/C-O.skf
  /home/andersx/parameters/3ob-3-1/C-H.skf
  /home/andersx/parameters/3ob-3-1/N-C.skf
  /home/andersx/parameters/3ob-3-1/N-N.skf
  /home/andersx/parameters/3ob-3-1/N-O.skf
  /home/andersx/parameters/3ob-3-1/N-H.skf
  /home/andersx/parameters/3ob-3-1/O-C.skf
  /home/andersx/parameters/3ob-3-1/O-N.skf
  /home/andersx/parameters/3ob-3-1/O-O.skf
  /home/andersx/parameters/3ob-3-1/O-H.skf
  /home/andersx/parameters/3ob-3-1/H-C.skf
  /home/andersx/parameters/3ob-3-1/H-N.skf
  /home/andersx/parameters/3ob-3-1/H-O.skf
  /home/andersx/parameters/3ob-3-1/H-H.skf
Done.

Starting initialization...
--------------------------------------------------------------------------------
Mode:                        Static calculation
Self consistent charges:     Yes
SCC-tolerance:                 0.100000E-05
Max. scc iterations:                    100
Ewald alpha parameter:         0.000000E+00
Spin polarisation:           No
Nr. of up electrons:            20.000000
Nr. of down electrons:          20.000000
Periodic boundaries:         No
Diagonalizer:                Divide and Conquer
Mixer:                       Anderson mixer
Mixing parameter:                  0.200000
Maximal SCC-cycles:                     100
Nr. of chrg. vectors to mix:              8
Electronic temperature:        0.100000E-07
Initial charges:             Set automatically (system chrg:   0.000E+00)
Included shells:              C:  s, p
                              N:  s, p
                              O:  s, p
                              H:  s
Full 3rd order correction    Yes
Damped SCC                   Yes
Damped specie(s):            H                                                 
Extra options:
--------------------------------------------------------------------------------
 

********************************************************************************
** Geometry step: 0
********************************************************************************

  iSCC Total electronic   Diff electronic      SCC error    
    1   -0.18229172E+02    0.00000000E+00    0.81963231E+00
    2   -0.18230658E+02   -0.14858010E-02    0.80564228E+00
    3   -0.18264645E+02   -0.33986359E-01    0.20660452E+00
    4   -0.18265019E+02   -0.37394967E-03    0.19995537E+00
    5   -0.18267187E+02   -0.21681570E-02    0.25622386E-01
    6   -0.18267198E+02   -0.10929464E-04    0.28271327E-01
    7   -0.18267219E+02   -0.20990630E-04    0.16042497E-01
    8   -0.18267222E+02   -0.36520258E-05    0.38001094E-02
    9   -0.18267223E+02   -0.37665506E-06    0.37535103E-02
   10   -0.18267224E+02   -0.85844561E-06    0.10432551E-02
   11   -0.18267224E+02   -0.10548469E-08    0.63324853E-03
   12   -0.18267224E+02   -0.24771499E-07    0.16407336E-03
   13   -0.18267224E+02   -0.34443701E-08    0.92300691E-04
   14   -0.18267224E+02   -0.64533978E-09    0.18364936E-04
   15   -0.18267224E+02   -0.29803715E-10    0.43140632E-05
   16   -0.18267224E+02   -0.19895197E-12    0.55152831E-06
>> Charges saved for restart in charges.bin
 
 Total Energy:                     -17.9479655452 H
 Total Mermin free energy:         -17.9479655452 H
