================================================================================
==
==   Density Functional based Tight Binding with a lot of extensions (DFTB+)    
==
==                              Release: 1.2 (p2)
==
==                            (ParserVersion = 4)
==
================================================================================


********************************************************************************
** Parsing and initializing
********************************************************************************

Interpreting input file 'dftb_in.hsd'
--------------------------------------------------------------------------------
WARNING!
-> WriteHSDInput and WriteXMLInput both turned off. You won't eventually be 
 able to obtain the same results with a later version of the code!
Path: dftb_in/ParserOptions
Line: 74-77 (File: dftb_in.hsd)

Reading SK-files:
  /home/andersx/parameters/3ob-3-1/C-C.skf
  /home/andersx/parameters/3ob-3-1/C-N.skf
  /home/andersx/parameters/3ob-3-1/C-H.skf
  /home/andersx/parameters/3ob-3-1/N-C.skf
  /home/andersx/parameters/3ob-3-1/N-N.skf
  /home/andersx/parameters/3ob-3-1/N-H.skf
  /home/andersx/parameters/3ob-3-1/H-C.skf
  /home/andersx/parameters/3ob-3-1/H-N.skf
  /home/andersx/parameters/3ob-3-1/H-H.skf
Done.

Starting initialization...
--------------------------------------------------------------------------------
Mode:                        Static calculation
Self consistent charges:     Yes
SCC-tolerance:                 0.100000E-05
Max. scc iterations:                    100
Ewald alpha parameter:         0.000000E+00
Spin polarisation:           No
Nr. of up electrons:            17.000000
Nr. of down electrons:          17.000000
Periodic boundaries:         No
Diagonalizer:                Divide and Conquer
Mixer:                       Anderson mixer
Mixing parameter:                  0.200000
Maximal SCC-cycles:                     100
Nr. of chrg. vectors to mix:              8
Electronic temperature:        0.100000E-07
Initial charges:             Set automatically (system chrg:   0.000E+00)
Included shells:              C:  s, p
                              N:  s, p
                              H:  s
Full 3rd order correction    Yes
Damped SCC                   Yes
Damped specie(s):            H                                                 
Extra options:
--------------------------------------------------------------------------------
 

********************************************************************************
** Geometry step: 0
********************************************************************************

  iSCC Total electronic   Diff electronic      SCC error    
    1   -0.14341153E+02    0.00000000E+00    0.36024931E+00
    2   -0.14341313E+02   -0.15965119E-03    0.35431720E+00
    3   -0.14345905E+02   -0.45915520E-02    0.27994403E-01
    4   -0.14345892E+02    0.12122259E-04    0.25757562E-01
    5   -0.14345901E+02   -0.82559356E-05    0.27961866E-01
    6   -0.14345925E+02   -0.24116620E-04    0.30685225E-02
    7   -0.14345925E+02   -0.27702597E-06    0.29489265E-02
    8   -0.14345926E+02   -0.73923586E-06    0.20582935E-03
    9   -0.14345926E+02   -0.48127582E-08    0.14998353E-03
   10   -0.14345926E+02   -0.19981368E-08    0.14125632E-03
   11   -0.14345926E+02   -0.36350833E-09    0.23561819E-04
   12   -0.14345926E+02   -0.91677776E-11    0.50114479E-05
   13   -0.14345926E+02   -0.10249579E-11    0.74190601E-07
>> Charges saved for restart in charges.bin
 
 Total Energy:                     -14.2969446166 H
 Total Mermin free energy:         -14.2969446166 H
