================================================================================
==
==   Density Functional based Tight Binding with a lot of extensions (DFTB+)    
==
==                              Release: 1.2 (p2)
==
==                            (ParserVersion = 4)
==
================================================================================


********************************************************************************
** Parsing and initializing
********************************************************************************

Interpreting input file 'dftb_in.hsd'
--------------------------------------------------------------------------------
WARNING!
-> WriteHSDInput and WriteXMLInput both turned off. You won't eventually be 
 able to obtain the same results with a later version of the code!
Path: dftb_in/ParserOptions
Line: 84-87 (File: dftb_in.hsd)

Reading SK-files:
  /home/andersx/parameters/3ob-3-1/C-C.skf
  /home/andersx/parameters/3ob-3-1/C-N.skf
  /home/andersx/parameters/3ob-3-1/C-O.skf
  /home/andersx/parameters/3ob-3-1/C-H.skf
  /home/andersx/parameters/3ob-3-1/N-C.skf
  /home/andersx/parameters/3ob-3-1/N-N.skf
  /home/andersx/parameters/3ob-3-1/N-O.skf
  /home/andersx/parameters/3ob-3-1/N-H.skf
  /home/andersx/parameters/3ob-3-1/O-C.skf
  /home/andersx/parameters/3ob-3-1/O-N.skf
  /home/andersx/parameters/3ob-3-1/O-O.skf
  /home/andersx/parameters/3ob-3-1/O-H.skf
  /home/andersx/parameters/3ob-3-1/H-C.skf
  /home/andersx/parameters/3ob-3-1/H-N.skf
  /home/andersx/parameters/3ob-3-1/H-O.skf
  /home/andersx/parameters/3ob-3-1/H-H.skf
Done.

Starting initialization...
--------------------------------------------------------------------------------
Mode:                        Static calculation
Self consistent charges:     Yes
SCC-tolerance:                 0.100000E-05
Max. scc iterations:                    100
Ewald alpha parameter:         0.000000E+00
Spin polarisation:           No
Nr. of up electrons:            20.000000
Nr. of down electrons:          20.000000
Periodic boundaries:         No
Diagonalizer:                Divide and Conquer
Mixer:                       Anderson mixer
Mixing parameter:                  0.200000
Maximal SCC-cycles:                     100
Nr. of chrg. vectors to mix:              8
Electronic temperature:        0.100000E-07
Initial charges:             Set automatically (system chrg:   0.000E+00)
Included shells:              C:  s, p
                              N:  s, p
                              O:  s, p
                              H:  s
Full 3rd order correction    Yes
Damped SCC                   Yes
Damped specie(s):            H                                                 
Extra options:
--------------------------------------------------------------------------------
 

********************************************************************************
** Geometry step: 0
********************************************************************************

  iSCC Total electronic   Diff electronic      SCC error    
    1   -0.17808128E+02    0.00000000E+00    0.67657404E+00
    2   -0.17808348E+02   -0.21974777E-03    0.66757486E+00
    3   -0.17814330E+02   -0.59821368E-02    0.78264802E-01
    4   -0.17814225E+02    0.10508308E-03    0.69278838E-01
    5   -0.17814522E+02   -0.29759381E-03    0.82630904E-01
    6   -0.17814645E+02   -0.12303879E-03    0.24528651E-01
    7   -0.17814648E+02   -0.25914132E-05    0.23550978E-01
    8   -0.17814682E+02   -0.33891126E-04    0.49513542E-02
    9   -0.17814682E+02   -0.50781633E-07    0.37126572E-02
   10   -0.17814682E+02   -0.43514918E-06    0.11368109E-02
   11   -0.17814682E+02   -0.21222775E-07    0.43956187E-03
   12   -0.17814682E+02   -0.22191902E-07    0.56239701E-04
   13   -0.17814682E+02   -0.17724489E-10    0.26442663E-04
   14   -0.17814682E+02   -0.44881432E-10    0.26697733E-05
   15   -0.17814682E+02   -0.17053026E-12    0.64215513E-06
>> Charges saved for restart in charges.bin
 
 Total Energy:                     -17.5783216027 H
 Total Mermin free energy:         -17.5783216027 H
