================================================================================
==
==   Density Functional based Tight Binding with a lot of extensions (DFTB+)    
==
==                              Release: 1.2 (p2)
==
==                            (ParserVersion = 4)
==
================================================================================


********************************************************************************
** Parsing and initializing
********************************************************************************

Interpreting input file 'dftb_in.hsd'
--------------------------------------------------------------------------------
WARNING!
-> WriteHSDInput and WriteXMLInput both turned off. You won't eventually be 
 able to obtain the same results with a later version of the code!
Path: dftb_in/ParserOptions
Line: 86-89 (File: dftb_in.hsd)

Reading SK-files:
  /home/andersx/parameters/3ob-3-1/C-C.skf
  /home/andersx/parameters/3ob-3-1/C-N.skf
  /home/andersx/parameters/3ob-3-1/C-O.skf
  /home/andersx/parameters/3ob-3-1/C-H.skf
  /home/andersx/parameters/3ob-3-1/N-C.skf
  /home/andersx/parameters/3ob-3-1/N-N.skf
  /home/andersx/parameters/3ob-3-1/N-O.skf
  /home/andersx/parameters/3ob-3-1/N-H.skf
  /home/andersx/parameters/3ob-3-1/O-C.skf
  /home/andersx/parameters/3ob-3-1/O-N.skf
  /home/andersx/parameters/3ob-3-1/O-O.skf
  /home/andersx/parameters/3ob-3-1/O-H.skf
  /home/andersx/parameters/3ob-3-1/H-C.skf
  /home/andersx/parameters/3ob-3-1/H-N.skf
  /home/andersx/parameters/3ob-3-1/H-O.skf
  /home/andersx/parameters/3ob-3-1/H-H.skf
Done.

Starting initialization...
--------------------------------------------------------------------------------
Mode:                        Static calculation
Self consistent charges:     Yes
SCC-tolerance:                 0.100000E-05
Max. scc iterations:                    100
Ewald alpha parameter:         0.000000E+00
Spin polarisation:           No
Nr. of up electrons:            21.000000
Nr. of down electrons:          21.000000
Periodic boundaries:         No
Diagonalizer:                Divide and Conquer
Mixer:                       Anderson mixer
Mixing parameter:                  0.200000
Maximal SCC-cycles:                     100
Nr. of chrg. vectors to mix:              8
Electronic temperature:        0.100000E-07
Initial charges:             Set automatically (system chrg:   0.000E+00)
Included shells:              C:  s, p
                              N:  s, p
                              O:  s, p
                              H:  s
Full 3rd order correction    Yes
Damped SCC                   Yes
Damped specie(s):            H                                                 
Extra options:
--------------------------------------------------------------------------------
 

********************************************************************************
** Geometry step: 0
********************************************************************************

  iSCC Total electronic   Diff electronic      SCC error    
    1   -0.18472091E+02    0.00000000E+00    0.60048278E+00
    2   -0.18472227E+02   -0.13612141E-03    0.59342948E+00
    3   -0.18475811E+02   -0.35838050E-02    0.85971283E-01
    4   -0.18475695E+02    0.11562573E-03    0.10767762E+00
    5   -0.18476093E+02   -0.39755294E-03    0.75861929E-01
    6   -0.18476176E+02   -0.83448478E-04    0.16470262E-01
    7   -0.18476186E+02   -0.94523420E-05    0.15059600E-01
    8   -0.18476213E+02   -0.26936075E-04    0.49340325E-02
    9   -0.18476213E+02    0.34660342E-07    0.24681595E-02
   10   -0.18476213E+02   -0.17594276E-06    0.10391265E-02
   11   -0.18476213E+02   -0.25597906E-08    0.26541987E-03
   12   -0.18476213E+02   -0.48922182E-08    0.52569084E-04
   13   -0.18476213E+02   -0.11336709E-10    0.17732831E-04
   14   -0.18476213E+02   -0.39612758E-11    0.84831008E-06
>> Charges saved for restart in charges.bin
 
 Total Energy:                     -18.3764826784 H
 Total Mermin free energy:         -18.3764826784 H
