================================================================================
==
==   Density Functional based Tight Binding with a lot of extensions (DFTB+)    
==
==                              Release: 1.2 (p2)
==
==                            (ParserVersion = 4)
==
================================================================================


********************************************************************************
** Parsing and initializing
********************************************************************************

Interpreting input file 'dftb_in.hsd'
--------------------------------------------------------------------------------
WARNING!
-> WriteHSDInput and WriteXMLInput both turned off. You won't eventually be 
 able to obtain the same results with a later version of the code!
Path: dftb_in/ParserOptions
Line: 84-87 (File: dftb_in.hsd)

Reading SK-files:
  /home/andersx/parameters/3ob-3-1/C-C.skf
  /home/andersx/parameters/3ob-3-1/C-N.skf
  /home/andersx/parameters/3ob-3-1/C-O.skf
  /home/andersx/parameters/3ob-3-1/C-H.skf
  /home/andersx/parameters/3ob-3-1/N-C.skf
  /home/andersx/parameters/3ob-3-1/N-N.skf
  /home/andersx/parameters/3ob-3-1/N-O.skf
  /home/andersx/parameters/3ob-3-1/N-H.skf
  /home/andersx/parameters/3ob-3-1/O-C.skf
  /home/andersx/parameters/3ob-3-1/O-N.skf
  /home/andersx/parameters/3ob-3-1/O-O.skf
  /home/andersx/parameters/3ob-3-1/O-H.skf
  /home/andersx/parameters/3ob-3-1/H-C.skf
  /home/andersx/parameters/3ob-3-1/H-N.skf
  /home/andersx/parameters/3ob-3-1/H-O.skf
  /home/andersx/parameters/3ob-3-1/H-H.skf
Done.

Starting initialization...
--------------------------------------------------------------------------------
Mode:                        Static calculation
Self consistent charges:     Yes
SCC-tolerance:                 0.100000E-05
Max. scc iterations:                    100
Ewald alpha parameter:         0.000000E+00
Spin polarisation:           No
Nr. of up electrons:            20.000000
Nr. of down electrons:          20.000000
Periodic boundaries:         No
Diagonalizer:                Divide and Conquer
Mixer:                       Anderson mixer
Mixing parameter:                  0.200000
Maximal SCC-cycles:                     100
Nr. of chrg. vectors to mix:              8
Electronic temperature:        0.100000E-07
Initial charges:             Set automatically (system chrg:   0.000E+00)
Included shells:              C:  s, p
                              N:  s, p
                              O:  s, p
                              H:  s
Full 3rd order correction    Yes
Damped SCC                   Yes
Damped specie(s):            H                                                 
Extra options:
--------------------------------------------------------------------------------
 

********************************************************************************
** Geometry step: 0
********************************************************************************

  iSCC Total electronic   Diff electronic      SCC error    
    1   -0.17806155E+02    0.00000000E+00    0.91949008E+00
    2   -0.17807332E+02   -0.11767098E-02    0.90452930E+00
    3   -0.17832133E+02   -0.24801592E-01    0.25494214E+00
    4   -0.17832784E+02   -0.65079177E-03    0.25020973E+00
    5   -0.17835859E+02   -0.30746007E-02    0.44907824E-01
    6   -0.17835897E+02   -0.38221725E-04    0.43258298E-01
    7   -0.17835938E+02   -0.41313611E-04    0.15564565E-01
    8   -0.17835943E+02   -0.51329970E-05    0.68966965E-02
    9   -0.17835943E+02    0.56819470E-07    0.64056437E-02
   10   -0.17835945E+02   -0.19154749E-05    0.74544567E-03
   11   -0.17835945E+02   -0.56068430E-08    0.50730790E-03
   12   -0.17835945E+02   -0.17691264E-07    0.56342783E-04
   13   -0.17835945E+02   -0.46416915E-09    0.25428745E-04
   14   -0.17835945E+02   -0.46163962E-10    0.27506632E-05
   15   -0.17835945E+02   -0.88817842E-13    0.96451058E-06
>> Charges saved for restart in charges.bin
 
 Total Energy:                     -17.6397235426 H
 Total Mermin free energy:         -17.6397235426 H
