================================================================================
==
==   Density Functional based Tight Binding with a lot of extensions (DFTB+)    
==
==                              Release: 1.2 (p2)
==
==                            (ParserVersion = 4)
==
================================================================================


********************************************************************************
** Parsing and initializing
********************************************************************************

Interpreting input file 'dftb_in.hsd'
--------------------------------------------------------------------------------
WARNING!
-> WriteHSDInput and WriteXMLInput both turned off. You won't eventually be 
 able to obtain the same results with a later version of the code!
Path: dftb_in/ParserOptions
Line: 81-84 (File: dftb_in.hsd)

Reading SK-files:
  /home/andersx/parameters/3ob-3-1/C-C.skf
  /home/andersx/parameters/3ob-3-1/C-N.skf
  /home/andersx/parameters/3ob-3-1/C-O.skf
  /home/andersx/parameters/3ob-3-1/C-H.skf
  /home/andersx/parameters/3ob-3-1/N-C.skf
  /home/andersx/parameters/3ob-3-1/N-N.skf
  /home/andersx/parameters/3ob-3-1/N-O.skf
  /home/andersx/parameters/3ob-3-1/N-H.skf
  /home/andersx/parameters/3ob-3-1/O-C.skf
  /home/andersx/parameters/3ob-3-1/O-N.skf
  /home/andersx/parameters/3ob-3-1/O-O.skf
  /home/andersx/parameters/3ob-3-1/O-H.skf
  /home/andersx/parameters/3ob-3-1/H-C.skf
  /home/andersx/parameters/3ob-3-1/H-N.skf
  /home/andersx/parameters/3ob-3-1/H-O.skf
  /home/andersx/parameters/3ob-3-1/H-H.skf
Done.

Starting initialization...
--------------------------------------------------------------------------------
Mode:                        Static calculation
Self consistent charges:     Yes
SCC-tolerance:                 0.100000E-05
Max. scc iterations:                    100
Ewald alpha parameter:         0.000000E+00
Spin polarisation:           No
Nr. of up electrons:            19.000000
Nr. of down electrons:          19.000000
Periodic boundaries:         No
Diagonalizer:                Divide and Conquer
Mixer:                       Anderson mixer
Mixing parameter:                  0.200000
Maximal SCC-cycles:                     100
Nr. of chrg. vectors to mix:              8
Electronic temperature:        0.100000E-07
Initial charges:             Set automatically (system chrg:   0.000E+00)
Included shells:              C:  s, p
                              N:  s, p
                              O:  s, p
                              H:  s
Full 3rd order correction    Yes
Damped SCC                   Yes
Damped specie(s):            H                                                 
Extra options:
--------------------------------------------------------------------------------
 

********************************************************************************
** Geometry step: 0
********************************************************************************

  iSCC Total electronic   Diff electronic      SCC error    
    1   -0.17581613E+02    0.00000000E+00    0.88604971E+00
    2   -0.17583456E+02   -0.18425937E-02    0.87119727E+00
    3   -0.17628464E+02   -0.45007890E-01    0.25777538E+00
    4   -0.17629090E+02   -0.62641002E-03    0.25115454E+00
    5   -0.17627872E+02    0.12178909E-02    0.18297934E+00
    6   -0.17629928E+02   -0.20558425E-02    0.28081038E-01
    7   -0.17629930E+02   -0.16437219E-05    0.24382377E-01
    8   -0.17629946E+02   -0.16744768E-04    0.68472589E-02
    9   -0.17629944E+02    0.24541431E-05    0.81593799E-02
   10   -0.17629947E+02   -0.29181724E-05    0.42406512E-02
   11   -0.17629948E+02   -0.13182960E-05    0.35473162E-03
   12   -0.17629948E+02   -0.13810979E-07    0.21246966E-03
   13   -0.17629948E+02   -0.18277326E-08    0.33078351E-04
   14   -0.17629948E+02   -0.42199133E-10    0.38208186E-05
   15   -0.17629948E+02   -0.31974423E-12    0.10200760E-05
   16   -0.17629948E+02   -0.14210855E-13    0.15781679E-06
>> Charges saved for restart in charges.bin
 
 Total Energy:                     -17.2017944758 H
 Total Mermin free energy:         -17.2017944758 H
