================================================================================
==
==   Density Functional based Tight Binding with a lot of extensions (DFTB+)    
==
==                              Release: 1.2 (p2)
==
==                            (ParserVersion = 4)
==
================================================================================


********************************************************************************
** Parsing and initializing
********************************************************************************

Interpreting input file 'dftb_in.hsd'
--------------------------------------------------------------------------------
WARNING!
-> WriteHSDInput and WriteXMLInput both turned off. You won't eventually be 
 able to obtain the same results with a later version of the code!
Path: dftb_in/ParserOptions
Line: 80-83 (File: dftb_in.hsd)

Reading SK-files:
  /home/andersx/parameters/3ob-3-1/C-C.skf
  /home/andersx/parameters/3ob-3-1/C-N.skf
  /home/andersx/parameters/3ob-3-1/C-O.skf
  /home/andersx/parameters/3ob-3-1/C-H.skf
  /home/andersx/parameters/3ob-3-1/N-C.skf
  /home/andersx/parameters/3ob-3-1/N-N.skf
  /home/andersx/parameters/3ob-3-1/N-O.skf
  /home/andersx/parameters/3ob-3-1/N-H.skf
  /home/andersx/parameters/3ob-3-1/O-C.skf
  /home/andersx/parameters/3ob-3-1/O-N.skf
  /home/andersx/parameters/3ob-3-1/O-O.skf
  /home/andersx/parameters/3ob-3-1/O-H.skf
  /home/andersx/parameters/3ob-3-1/H-C.skf
  /home/andersx/parameters/3ob-3-1/H-N.skf
  /home/andersx/parameters/3ob-3-1/H-O.skf
  /home/andersx/parameters/3ob-3-1/H-H.skf
Done.

Starting initialization...
--------------------------------------------------------------------------------
Mode:                        Static calculation
Self consistent charges:     Yes
SCC-tolerance:                 0.100000E-05
Max. scc iterations:                    100
Ewald alpha parameter:         0.000000E+00
Spin polarisation:           No
Nr. of up electrons:            19.000000
Nr. of down electrons:          19.000000
Periodic boundaries:         No
Diagonalizer:                Divide and Conquer
Mixer:                       Anderson mixer
Mixing parameter:                  0.200000
Maximal SCC-cycles:                     100
Nr. of chrg. vectors to mix:              8
Electronic temperature:        0.100000E-07
Initial charges:             Set automatically (system chrg:   0.000E+00)
Included shells:              C:  s, p
                              N:  s, p
                              O:  s, p
                              H:  s
Full 3rd order correction    Yes
Damped SCC                   Yes
Damped specie(s):            H                                                 
Extra options:
--------------------------------------------------------------------------------
 

********************************************************************************
** Geometry step: 0
********************************************************************************

  iSCC Total electronic   Diff electronic      SCC error    
    1   -0.18038174E+02    0.00000000E+00    0.78043151E+00
    2   -0.18040119E+02   -0.19452250E-02    0.76701895E+00
    3   -0.18087860E+02   -0.47740920E-01    0.22731921E+00
    4   -0.18089040E+02   -0.11801609E-02    0.21057645E+00
    5   -0.18089553E+02   -0.51337825E-03    0.11553990E+00
    6   -0.18090991E+02   -0.14372987E-02    0.51359061E-01
    7   -0.18090966E+02    0.24064509E-04    0.41205963E-01
    8   -0.18091016E+02   -0.49050731E-04    0.78159983E-02
    9   -0.18091015E+02    0.43879635E-06    0.59282864E-02
   10   -0.18091018E+02   -0.31823710E-05    0.14206712E-02
   11   -0.18091019E+02   -0.49105099E-06    0.31112607E-03
   12   -0.18091019E+02   -0.12307403E-07    0.97213352E-04
   13   -0.18091019E+02   -0.67304740E-09    0.25141416E-04
   14   -0.18091019E+02   -0.40927262E-10    0.17536086E-05
   15   -0.18091019E+02   -0.12789769E-12    0.26868478E-06
>> Charges saved for restart in charges.bin
 
 Total Energy:                     -17.7095927853 H
 Total Mermin free energy:         -17.7095927853 H
