================================================================================
==
==   Density Functional based Tight Binding with a lot of extensions (DFTB+)    
==
==                              Release: 1.2 (p2)
==
==                            (ParserVersion = 4)
==
================================================================================


********************************************************************************
** Parsing and initializing
********************************************************************************

Interpreting input file 'dftb_in.hsd'
--------------------------------------------------------------------------------
WARNING!
-> WriteHSDInput and WriteXMLInput both turned off. You won't eventually be 
 able to obtain the same results with a later version of the code!
Path: dftb_in/ParserOptions
Line: 85-88 (File: dftb_in.hsd)

Reading SK-files:
  /home/andersx/parameters/3ob-3-1/C-C.skf
  /home/andersx/parameters/3ob-3-1/C-N.skf
  /home/andersx/parameters/3ob-3-1/C-O.skf
  /home/andersx/parameters/3ob-3-1/C-H.skf
  /home/andersx/parameters/3ob-3-1/N-C.skf
  /home/andersx/parameters/3ob-3-1/N-N.skf
  /home/andersx/parameters/3ob-3-1/N-O.skf
  /home/andersx/parameters/3ob-3-1/N-H.skf
  /home/andersx/parameters/3ob-3-1/O-C.skf
  /home/andersx/parameters/3ob-3-1/O-N.skf
  /home/andersx/parameters/3ob-3-1/O-O.skf
  /home/andersx/parameters/3ob-3-1/O-H.skf
  /home/andersx/parameters/3ob-3-1/H-C.skf
  /home/andersx/parameters/3ob-3-1/H-N.skf
  /home/andersx/parameters/3ob-3-1/H-O.skf
  /home/andersx/parameters/3ob-3-1/H-H.skf
Done.

Starting initialization...
--------------------------------------------------------------------------------
Mode:                        Static calculation
Self consistent charges:     Yes
SCC-tolerance:                 0.100000E-05
Max. scc iterations:                    100
Ewald alpha parameter:         0.000000E+00
Spin polarisation:           No
Nr. of up electrons:            21.000000
Nr. of down electrons:          21.000000
Periodic boundaries:         No
Diagonalizer:                Divide and Conquer
Mixer:                       Anderson mixer
Mixing parameter:                  0.200000
Maximal SCC-cycles:                     100
Nr. of chrg. vectors to mix:              8
Electronic temperature:        0.100000E-07
Initial charges:             Set automatically (system chrg:   0.000E+00)
Included shells:              C:  s, p
                              N:  s, p
                              O:  s, p
                              H:  s
Full 3rd order correction    Yes
Damped SCC                   Yes
Damped specie(s):            H                                                 
Extra options:
--------------------------------------------------------------------------------
 

********************************************************************************
** Geometry step: 0
********************************************************************************

  iSCC Total electronic   Diff electronic      SCC error    
    1   -0.18930681E+02    0.00000000E+00    0.87240687E+00
    2   -0.18931314E+02   -0.63328409E-03    0.85907698E+00
    3   -0.18944139E+02   -0.12824116E-01    0.15435223E+00
    4   -0.18943379E+02    0.75982282E-03    0.14474667E+00
    5   -0.18943811E+02   -0.43274558E-03    0.17062124E+00
    6   -0.18946138E+02   -0.23268868E-02    0.34983200E-01
    7   -0.18946207E+02   -0.68358901E-04    0.33391125E-01
    8   -0.18946216E+02   -0.93175313E-05    0.34397156E-01
    9   -0.18946236E+02   -0.20302416E-04    0.26746821E-02
   10   -0.18946236E+02   -0.12044649E-06    0.22400982E-02
   11   -0.18946237E+02   -0.26747419E-06    0.44566893E-03
   12   -0.18946237E+02   -0.99423403E-08    0.20904070E-03
   13   -0.18946237E+02   -0.42567585E-08    0.21621666E-04
   14   -0.18946237E+02   -0.18754776E-10    0.55617502E-05
   15   -0.18946237E+02   -0.23803182E-12    0.80113902E-06
>> Charges saved for restart in charges.bin
 
 Total Energy:                     -18.7098047734 H
 Total Mermin free energy:         -18.7098047734 H
