================================================================================
==
==   Density Functional based Tight Binding with a lot of extensions (DFTB+)    
==
==                              Release: 1.2 (p2)
==
==                            (ParserVersion = 4)
==
================================================================================


********************************************************************************
** Parsing and initializing
********************************************************************************

Interpreting input file 'dftb_in.hsd'
--------------------------------------------------------------------------------
WARNING!
-> WriteHSDInput and WriteXMLInput both turned off. You won't eventually be 
 able to obtain the same results with a later version of the code!
Path: dftb_in/ParserOptions
Line: 83-86 (File: dftb_in.hsd)

Reading SK-files:
  /home/andersx/parameters/3ob-3-1/C-C.skf
  /home/andersx/parameters/3ob-3-1/C-N.skf
  /home/andersx/parameters/3ob-3-1/C-O.skf
  /home/andersx/parameters/3ob-3-1/C-H.skf
  /home/andersx/parameters/3ob-3-1/N-C.skf
  /home/andersx/parameters/3ob-3-1/N-N.skf
  /home/andersx/parameters/3ob-3-1/N-O.skf
  /home/andersx/parameters/3ob-3-1/N-H.skf
  /home/andersx/parameters/3ob-3-1/O-C.skf
  /home/andersx/parameters/3ob-3-1/O-N.skf
  /home/andersx/parameters/3ob-3-1/O-O.skf
  /home/andersx/parameters/3ob-3-1/O-H.skf
  /home/andersx/parameters/3ob-3-1/H-C.skf
  /home/andersx/parameters/3ob-3-1/H-N.skf
  /home/andersx/parameters/3ob-3-1/H-O.skf
  /home/andersx/parameters/3ob-3-1/H-H.skf
Done.

Starting initialization...
--------------------------------------------------------------------------------
Mode:                        Static calculation
Self consistent charges:     Yes
SCC-tolerance:                 0.100000E-05
Max. scc iterations:                    100
Ewald alpha parameter:         0.000000E+00
Spin polarisation:           No
Nr. of up electrons:            20.000000
Nr. of down electrons:          20.000000
Periodic boundaries:         No
Diagonalizer:                Divide and Conquer
Mixer:                       Anderson mixer
Mixing parameter:                  0.200000
Maximal SCC-cycles:                     100
Nr. of chrg. vectors to mix:              8
Electronic temperature:        0.100000E-07
Initial charges:             Set automatically (system chrg:   0.000E+00)
Included shells:              C:  s, p
                              N:  s, p
                              O:  s, p
                              H:  s
Full 3rd order correction    Yes
Damped SCC                   Yes
Damped specie(s):            H                                                 
Extra options:
--------------------------------------------------------------------------------
 

********************************************************************************
** Geometry step: 0
********************************************************************************

  iSCC Total electronic   Diff electronic      SCC error    
    1   -0.18169339E+02    0.00000000E+00    0.69562724E+00
    2   -0.18170175E+02   -0.83592336E-03    0.68326421E+00
    3   -0.18192114E+02   -0.21938762E-01    0.11239265E+00
    4   -0.18192314E+02   -0.20061160E-03    0.11564668E+00
    5   -0.18192621E+02   -0.30633260E-03    0.35682590E-01
    6   -0.18192669E+02   -0.47877912E-04    0.28875392E-01
    7   -0.18192678E+02   -0.89682276E-05    0.26288864E-01
    8   -0.18192706E+02   -0.28042880E-04    0.22520605E-02
    9   -0.18192706E+02   -0.22178563E-06    0.21563360E-02
   10   -0.18192706E+02   -0.33404849E-06    0.72860041E-03
   11   -0.18192706E+02   -0.15800882E-07    0.44082056E-03
   12   -0.18192706E+02   -0.14571729E-07    0.84085844E-04
   13   -0.18192706E+02   -0.20789059E-09    0.14418302E-04
   14   -0.18192706E+02   -0.50555116E-11    0.24063564E-05
   15   -0.18192706E+02   -0.16342483E-12    0.43821167E-06
>> Charges saved for restart in charges.bin
 
 Total Energy:                     -17.8730125122 H
 Total Mermin free energy:         -17.8730125122 H
