================================================================================
==
==   Density Functional based Tight Binding with a lot of extensions (DFTB+)    
==
==                              Release: 1.2 (p2)
==
==                            (ParserVersion = 4)
==
================================================================================


********************************************************************************
** Parsing and initializing
********************************************************************************

Interpreting input file 'dftb_in.hsd'
--------------------------------------------------------------------------------
WARNING!
-> WriteHSDInput and WriteXMLInput both turned off. You won't eventually be 
 able to obtain the same results with a later version of the code!
Path: dftb_in/ParserOptions
Line: 85-88 (File: dftb_in.hsd)

Reading SK-files:
  /home/andersx/parameters/3ob-3-1/C-C.skf
  /home/andersx/parameters/3ob-3-1/C-N.skf
  /home/andersx/parameters/3ob-3-1/C-O.skf
  /home/andersx/parameters/3ob-3-1/C-H.skf
  /home/andersx/parameters/3ob-3-1/N-C.skf
  /home/andersx/parameters/3ob-3-1/N-N.skf
  /home/andersx/parameters/3ob-3-1/N-O.skf
  /home/andersx/parameters/3ob-3-1/N-H.skf
  /home/andersx/parameters/3ob-3-1/O-C.skf
  /home/andersx/parameters/3ob-3-1/O-N.skf
  /home/andersx/parameters/3ob-3-1/O-O.skf
  /home/andersx/parameters/3ob-3-1/O-H.skf
  /home/andersx/parameters/3ob-3-1/H-C.skf
  /home/andersx/parameters/3ob-3-1/H-N.skf
  /home/andersx/parameters/3ob-3-1/H-O.skf
  /home/andersx/parameters/3ob-3-1/H-H.skf
Done.

Starting initialization...
--------------------------------------------------------------------------------
Mode:                        Static calculation
Self consistent charges:     Yes
SCC-tolerance:                 0.100000E-05
Max. scc iterations:                    100
Ewald alpha parameter:         0.000000E+00
Spin polarisation:           No
Nr. of up electrons:            21.000000
Nr. of down electrons:          21.000000
Periodic boundaries:         No
Diagonalizer:                Divide and Conquer
Mixer:                       Anderson mixer
Mixing parameter:                  0.200000
Maximal SCC-cycles:                     100
Nr. of chrg. vectors to mix:              8
Electronic temperature:        0.100000E-07
Initial charges:             Set automatically (system chrg:   0.000E+00)
Included shells:              C:  s, p
                              N:  s, p
                              O:  s, p
                              H:  s
Full 3rd order correction    Yes
Damped SCC                   Yes
Damped specie(s):            H                                                 
Extra options:
--------------------------------------------------------------------------------
 

********************************************************************************
** Geometry step: 0
********************************************************************************

  iSCC Total electronic   Diff electronic      SCC error    
    1   -0.18815816E+02    0.00000000E+00    0.82091470E+00
    2   -0.18816494E+02   -0.67809173E-03    0.80759853E+00
    3   -0.18832060E+02   -0.15566066E-01    0.97618849E-01
    4   -0.18831775E+02    0.28507305E-03    0.10532302E+00
    5   -0.18832200E+02   -0.42487277E-03    0.86903408E-01
    6   -0.18832904E+02   -0.70417753E-03    0.28413879E-01
    7   -0.18832889E+02    0.15505241E-04    0.36853437E-01
    8   -0.18832955E+02   -0.65795464E-04    0.96032776E-02
    9   -0.18832958E+02   -0.32380903E-05    0.11051937E-01
   10   -0.18832958E+02   -0.27130762E-06    0.10705176E-01
   11   -0.18832960E+02   -0.20666727E-05    0.15835339E-02
   12   -0.18832960E+02   -0.34089911E-07    0.53407868E-03
   13   -0.18832960E+02   -0.34397480E-08    0.65864713E-04
   14   -0.18832960E+02   -0.48952487E-09    0.69221578E-05
   15   -0.18832960E+02   -0.38191672E-11    0.23472888E-05
   16   -0.18832960E+02   -0.16342483E-12    0.23263411E-06
>> Charges saved for restart in charges.bin
 
 Total Energy:                     -18.6144661148 H
 Total Mermin free energy:         -18.6144661148 H
