================================================================================
==
==   Density Functional based Tight Binding with a lot of extensions (DFTB+)    
==
==                              Release: 1.2 (p2)
==
==                            (ParserVersion = 4)
==
================================================================================


********************************************************************************
** Parsing and initializing
********************************************************************************

Interpreting input file 'dftb_in.hsd'
--------------------------------------------------------------------------------
WARNING!
-> WriteHSDInput and WriteXMLInput both turned off. You won't eventually be 
 able to obtain the same results with a later version of the code!
Path: dftb_in/ParserOptions
Line: 84-87 (File: dftb_in.hsd)

Reading SK-files:
  /home/andersx/parameters/3ob-3-1/C-C.skf
  /home/andersx/parameters/3ob-3-1/C-N.skf
  /home/andersx/parameters/3ob-3-1/C-O.skf
  /home/andersx/parameters/3ob-3-1/C-H.skf
  /home/andersx/parameters/3ob-3-1/N-C.skf
  /home/andersx/parameters/3ob-3-1/N-N.skf
  /home/andersx/parameters/3ob-3-1/N-O.skf
  /home/andersx/parameters/3ob-3-1/N-H.skf
  /home/andersx/parameters/3ob-3-1/O-C.skf
  /home/andersx/parameters/3ob-3-1/O-N.skf
  /home/andersx/parameters/3ob-3-1/O-O.skf
  /home/andersx/parameters/3ob-3-1/O-H.skf
  /home/andersx/parameters/3ob-3-1/H-C.skf
  /home/andersx/parameters/3ob-3-1/H-N.skf
  /home/andersx/parameters/3ob-3-1/H-O.skf
  /home/andersx/parameters/3ob-3-1/H-H.skf
Done.

Starting initialization...
--------------------------------------------------------------------------------
Mode:                        Static calculation
Self consistent charges:     Yes
SCC-tolerance:                 0.100000E-05
Max. scc iterations:                    100
Ewald alpha parameter:         0.000000E+00
Spin polarisation:           No
Nr. of up electrons:            21.000000
Nr. of down electrons:          21.000000
Periodic boundaries:         No
Diagonalizer:                Divide and Conquer
Mixer:                       Anderson mixer
Mixing parameter:                  0.200000
Maximal SCC-cycles:                     100
Nr. of chrg. vectors to mix:              8
Electronic temperature:        0.100000E-07
Initial charges:             Set automatically (system chrg:   0.000E+00)
Included shells:              C:  s, p
                              N:  s, p
                              O:  s, p
                              H:  s
Full 3rd order correction    Yes
Damped SCC                   Yes
Damped specie(s):            H                                                 
Extra options:
--------------------------------------------------------------------------------
 

********************************************************************************
** Geometry step: 0
********************************************************************************

  iSCC Total electronic   Diff electronic      SCC error    
    1   -0.19330405E+02    0.00000000E+00    0.86726282E+00
    2   -0.19331442E+02   -0.10367818E-02    0.85301066E+00
    3   -0.19357461E+02   -0.26018839E-01    0.15188241E+00
    4   -0.19357652E+02   -0.19116488E-03    0.14475078E+00
    5   -0.19359080E+02   -0.14280428E-02    0.29745905E-01
    6   -0.19359148E+02   -0.67634936E-04    0.31891705E-01
    7   -0.19359165E+02   -0.17146401E-04    0.11804040E-01
    8   -0.19359178E+02   -0.13116276E-04    0.15370754E-02
    9   -0.19359178E+02   -0.18523258E-06    0.13617908E-02
   10   -0.19359178E+02   -0.44685179E-06    0.61433187E-03
   11   -0.19359178E+02   -0.72344548E-08    0.28952929E-03
   12   -0.19359178E+02   -0.35061802E-08    0.10808600E-04
   13   -0.19359178E+02   -0.13436363E-10    0.40828035E-05
   14   -0.19359178E+02   -0.48316906E-12    0.79874362E-06
>> Charges saved for restart in charges.bin
 
 Total Energy:                     -19.1697614659 H
 Total Mermin free energy:         -19.1697614659 H
