================================================================================
==
==   Density Functional based Tight Binding with a lot of extensions (DFTB+)    
==
==                              Release: 1.2 (p2)
==
==                            (ParserVersion = 4)
==
================================================================================


********************************************************************************
** Parsing and initializing
********************************************************************************

Interpreting input file 'dftb_in.hsd'
--------------------------------------------------------------------------------
WARNING!
-> WriteHSDInput and WriteXMLInput both turned off. You won't eventually be 
 able to obtain the same results with a later version of the code!
Path: dftb_in/ParserOptions
Line: 83-86 (File: dftb_in.hsd)

Reading SK-files:
  /home/andersx/parameters/3ob-3-1/C-C.skf
  /home/andersx/parameters/3ob-3-1/C-N.skf
  /home/andersx/parameters/3ob-3-1/C-O.skf
  /home/andersx/parameters/3ob-3-1/C-H.skf
  /home/andersx/parameters/3ob-3-1/N-C.skf
  /home/andersx/parameters/3ob-3-1/N-N.skf
  /home/andersx/parameters/3ob-3-1/N-O.skf
  /home/andersx/parameters/3ob-3-1/N-H.skf
  /home/andersx/parameters/3ob-3-1/O-C.skf
  /home/andersx/parameters/3ob-3-1/O-N.skf
  /home/andersx/parameters/3ob-3-1/O-O.skf
  /home/andersx/parameters/3ob-3-1/O-H.skf
  /home/andersx/parameters/3ob-3-1/H-C.skf
  /home/andersx/parameters/3ob-3-1/H-N.skf
  /home/andersx/parameters/3ob-3-1/H-O.skf
  /home/andersx/parameters/3ob-3-1/H-H.skf
Done.

Starting initialization...
--------------------------------------------------------------------------------
Mode:                        Static calculation
Self consistent charges:     Yes
SCC-tolerance:                 0.100000E-05
Max. scc iterations:                    100
Ewald alpha parameter:         0.000000E+00
Spin polarisation:           No
Nr. of up electrons:            20.000000
Nr. of down electrons:          20.000000
Periodic boundaries:         No
Diagonalizer:                Divide and Conquer
Mixer:                       Anderson mixer
Mixing parameter:                  0.200000
Maximal SCC-cycles:                     100
Nr. of chrg. vectors to mix:              8
Electronic temperature:        0.100000E-07
Initial charges:             Set automatically (system chrg:   0.000E+00)
Included shells:              C:  s, p
                              N:  s, p
                              O:  s, p
                              H:  s
Full 3rd order correction    Yes
Damped SCC                   Yes
Damped specie(s):            H                                                 
Extra options:
--------------------------------------------------------------------------------
 

********************************************************************************
** Geometry step: 0
********************************************************************************

  iSCC Total electronic   Diff electronic      SCC error    
    1   -0.18073278E+02    0.00000000E+00    0.49959929E+00
    2   -0.18073509E+02   -0.23095082E-03    0.49312680E+00
    3   -0.18080114E+02   -0.66052272E-02    0.85421504E-01
    4   -0.18080063E+02    0.50730618E-04    0.77753569E-01
    5   -0.18080178E+02   -0.11447520E-03    0.60561491E-01
    6   -0.18080256E+02   -0.78413774E-04    0.18676867E-01
    7   -0.18080256E+02    0.14580378E-06    0.20349024E-01
    8   -0.18080274E+02   -0.17547338E-04    0.27012213E-02
    9   -0.18080274E+02   -0.22190887E-06    0.21928634E-02
   10   -0.18080274E+02   -0.11409827E-06    0.60667204E-03
   11   -0.18080274E+02   -0.89955563E-08    0.16728101E-03
   12   -0.18080274E+02   -0.33237590E-08    0.11444858E-04
   13   -0.18080274E+02   -0.84412477E-11    0.30320842E-05
   14   -0.18080274E+02   -0.60751404E-12    0.28492090E-06
>> Charges saved for restart in charges.bin
 
 Total Energy:                     -17.8167220044 H
 Total Mermin free energy:         -17.8167220044 H
