================================================================================
==
==   Density Functional based Tight Binding with a lot of extensions (DFTB+)    
==
==                              Release: 1.2 (p2)
==
==                            (ParserVersion = 4)
==
================================================================================


********************************************************************************
** Parsing and initializing
********************************************************************************

Interpreting input file 'dftb_in.hsd'
--------------------------------------------------------------------------------
WARNING!
-> WriteHSDInput and WriteXMLInput both turned off. You won't eventually be 
 able to obtain the same results with a later version of the code!
Path: dftb_in/ParserOptions
Line: 84-87 (File: dftb_in.hsd)

Reading SK-files:
  /home/andersx/parameters/3ob-3-1/C-C.skf
  /home/andersx/parameters/3ob-3-1/C-O.skf
  /home/andersx/parameters/3ob-3-1/C-N.skf
  /home/andersx/parameters/3ob-3-1/C-H.skf
  /home/andersx/parameters/3ob-3-1/O-C.skf
  /home/andersx/parameters/3ob-3-1/O-O.skf
  /home/andersx/parameters/3ob-3-1/O-N.skf
  /home/andersx/parameters/3ob-3-1/O-H.skf
  /home/andersx/parameters/3ob-3-1/N-C.skf
  /home/andersx/parameters/3ob-3-1/N-O.skf
  /home/andersx/parameters/3ob-3-1/N-N.skf
  /home/andersx/parameters/3ob-3-1/N-H.skf
  /home/andersx/parameters/3ob-3-1/H-C.skf
  /home/andersx/parameters/3ob-3-1/H-O.skf
  /home/andersx/parameters/3ob-3-1/H-N.skf
  /home/andersx/parameters/3ob-3-1/H-H.skf
Done.

Starting initialization...
--------------------------------------------------------------------------------
Mode:                        Static calculation
Self consistent charges:     Yes
SCC-tolerance:                 0.100000E-05
Max. scc iterations:                    100
Ewald alpha parameter:         0.000000E+00
Spin polarisation:           No
Nr. of up electrons:            20.000000
Nr. of down electrons:          20.000000
Periodic boundaries:         No
Diagonalizer:                Divide and Conquer
Mixer:                       Anderson mixer
Mixing parameter:                  0.200000
Maximal SCC-cycles:                     100
Nr. of chrg. vectors to mix:              8
Electronic temperature:        0.100000E-07
Initial charges:             Set automatically (system chrg:   0.000E+00)
Included shells:              C:  s, p
                              O:  s, p
                              N:  s, p
                              H:  s
Full 3rd order correction    Yes
Damped SCC                   Yes
Damped specie(s):            H                                                 
Extra options:
--------------------------------------------------------------------------------
 

********************************************************************************
** Geometry step: 0
********************************************************************************

  iSCC Total electronic   Diff electronic      SCC error    
    1   -0.17692290E+02    0.00000000E+00    0.75619055E+00
    2   -0.17693189E+02   -0.89927702E-03    0.74307583E+00
    3   -0.17715286E+02   -0.22097412E-01    0.15080006E+00
    4   -0.17715528E+02   -0.24157841E-03    0.15137074E+00
    5   -0.17716516E+02   -0.98819954E-03    0.26097972E-01
    6   -0.17716513E+02    0.34460117E-05    0.13931206E-01
    7   -0.17716514E+02   -0.15886508E-05    0.85316299E-02
    8   -0.17716528E+02   -0.13575345E-04    0.13700496E-02
    9   -0.17716528E+02   -0.27724777E-07    0.12073953E-02
   10   -0.17716528E+02   -0.43970427E-07    0.23691836E-03
   11   -0.17716528E+02   -0.23996165E-08    0.12872578E-03
   12   -0.17716528E+02   -0.66421535E-09    0.16948058E-04
   13   -0.17716528E+02   -0.29462655E-10    0.26972053E-05
   14   -0.17716528E+02   -0.11368684E-12    0.53833308E-06
>> Charges saved for restart in charges.bin
 
 Total Energy:                     -17.6153895256 H
 Total Mermin free energy:         -17.6153895256 H
