================================================================================
==
==   Density Functional based Tight Binding with a lot of extensions (DFTB+)    
==
==                              Release: 1.2 (p2)
==
==                            (ParserVersion = 4)
==
================================================================================


********************************************************************************
** Parsing and initializing
********************************************************************************

Interpreting input file 'dftb_in.hsd'
--------------------------------------------------------------------------------
WARNING!
-> WriteHSDInput and WriteXMLInput both turned off. You won't eventually be 
 able to obtain the same results with a later version of the code!
Path: dftb_in/ParserOptions
Line: 86-89 (File: dftb_in.hsd)

Reading SK-files:
  /home/andersx/parameters/3ob-3-1/C-C.skf
  /home/andersx/parameters/3ob-3-1/C-O.skf
  /home/andersx/parameters/3ob-3-1/C-N.skf
  /home/andersx/parameters/3ob-3-1/C-H.skf
  /home/andersx/parameters/3ob-3-1/O-C.skf
  /home/andersx/parameters/3ob-3-1/O-O.skf
  /home/andersx/parameters/3ob-3-1/O-N.skf
  /home/andersx/parameters/3ob-3-1/O-H.skf
  /home/andersx/parameters/3ob-3-1/N-C.skf
  /home/andersx/parameters/3ob-3-1/N-O.skf
  /home/andersx/parameters/3ob-3-1/N-N.skf
  /home/andersx/parameters/3ob-3-1/N-H.skf
  /home/andersx/parameters/3ob-3-1/H-C.skf
  /home/andersx/parameters/3ob-3-1/H-O.skf
  /home/andersx/parameters/3ob-3-1/H-N.skf
  /home/andersx/parameters/3ob-3-1/H-H.skf
Done.

Starting initialization...
--------------------------------------------------------------------------------
Mode:                        Static calculation
Self consistent charges:     Yes
SCC-tolerance:                 0.100000E-05
Max. scc iterations:                    100
Ewald alpha parameter:         0.000000E+00
Spin polarisation:           No
Nr. of up electrons:            21.000000
Nr. of down electrons:          21.000000
Periodic boundaries:         No
Diagonalizer:                Divide and Conquer
Mixer:                       Anderson mixer
Mixing parameter:                  0.200000
Maximal SCC-cycles:                     100
Nr. of chrg. vectors to mix:              8
Electronic temperature:        0.100000E-07
Initial charges:             Set automatically (system chrg:   0.000E+00)
Included shells:              C:  s, p
                              O:  s, p
                              N:  s, p
                              H:  s
Full 3rd order correction    Yes
Damped SCC                   Yes
Damped specie(s):            H                                                 
Extra options:
--------------------------------------------------------------------------------
 

********************************************************************************
** Geometry step: 0
********************************************************************************

  iSCC Total electronic   Diff electronic      SCC error    
    1   -0.18382276E+02    0.00000000E+00    0.69924274E+00
    2   -0.18382574E+02   -0.29849544E-03    0.69012152E+00
    3   -0.18390150E+02   -0.75757278E-02    0.81858080E-01
    4   -0.18389991E+02    0.15882345E-03    0.94720084E-01
    5   -0.18390323E+02   -0.33209897E-03    0.83070458E-01
    6   -0.18390571E+02   -0.24811843E-03    0.14922876E-01
    7   -0.18390569E+02    0.19606526E-05    0.23694436E-01
    8   -0.18390575E+02   -0.58699696E-05    0.54676635E-02
    9   -0.18390575E+02   -0.29156850E-06    0.97538918E-03
   10   -0.18390575E+02   -0.65283686E-07    0.33451850E-03
   11   -0.18390575E+02   -0.14334098E-08    0.92008189E-04
   12   -0.18390575E+02   -0.50670934E-09    0.56487251E-05
   13   -0.18390575E+02   -0.26254554E-11    0.18987542E-05
   14   -0.18390575E+02   -0.31974423E-12    0.40913793E-06
>> Charges saved for restart in charges.bin
 
 Total Energy:                     -18.3488501060 H
 Total Mermin free energy:         -18.3488501060 H
