================================================================================
==
==   Density Functional based Tight Binding with a lot of extensions (DFTB+)    
==
==                              Release: 1.2 (p2)
==
==                            (ParserVersion = 4)
==
================================================================================


********************************************************************************
** Parsing and initializing
********************************************************************************

Interpreting input file 'dftb_in.hsd'
--------------------------------------------------------------------------------
WARNING!
-> WriteHSDInput and WriteXMLInput both turned off. You won't eventually be 
 able to obtain the same results with a later version of the code!
Path: dftb_in/ParserOptions
Line: 76-79 (File: dftb_in.hsd)

Reading SK-files:
  /home/andersx/parameters/3ob-3-1/C-C.skf
  /home/andersx/parameters/3ob-3-1/C-N.skf
  /home/andersx/parameters/3ob-3-1/C-H.skf
  /home/andersx/parameters/3ob-3-1/N-C.skf
  /home/andersx/parameters/3ob-3-1/N-N.skf
  /home/andersx/parameters/3ob-3-1/N-H.skf
  /home/andersx/parameters/3ob-3-1/H-C.skf
  /home/andersx/parameters/3ob-3-1/H-N.skf
  /home/andersx/parameters/3ob-3-1/H-H.skf
Done.

Starting initialization...
--------------------------------------------------------------------------------
Mode:                        Static calculation
Self consistent charges:     Yes
SCC-tolerance:                 0.100000E-05
Max. scc iterations:                    100
Ewald alpha parameter:         0.000000E+00
Spin polarisation:           No
Nr. of up electrons:            18.000000
Nr. of down electrons:          18.000000
Periodic boundaries:         No
Diagonalizer:                Divide and Conquer
Mixer:                       Anderson mixer
Mixing parameter:                  0.200000
Maximal SCC-cycles:                     100
Nr. of chrg. vectors to mix:              8
Electronic temperature:        0.100000E-07
Initial charges:             Set automatically (system chrg:   0.000E+00)
Included shells:              C:  s, p
                              N:  s, p
                              H:  s
Full 3rd order correction    Yes
Damped SCC                   Yes
Damped specie(s):            H                                                 
Extra options:
--------------------------------------------------------------------------------
 

********************************************************************************
** Geometry step: 0
********************************************************************************

  iSCC Total electronic   Diff electronic      SCC error    
    1   -0.15041018E+02    0.00000000E+00    0.46425319E+00
    2   -0.15041085E+02   -0.66625236E-04    0.45790755E+00
    3   -0.15042896E+02   -0.18114117E-02    0.40652417E-01
    4   -0.15042869E+02    0.27631626E-04    0.31168607E-01
    5   -0.15042881E+02   -0.12774222E-04    0.62703324E-01
    6   -0.15042953E+02   -0.71247209E-04    0.76961743E-02
    7   -0.15042953E+02    0.28448367E-07    0.32234246E-02
    8   -0.15042954E+02   -0.11408317E-05    0.24236109E-02
    9   -0.15042954E+02   -0.17392064E-06    0.54160159E-03
   10   -0.15042954E+02   -0.14898532E-07    0.22502724E-03
   11   -0.15042954E+02   -0.50685802E-08    0.56082039E-04
   12   -0.15042954E+02   -0.77092110E-10    0.74718975E-05
   13   -0.15042954E+02   -0.42987836E-12    0.17426639E-05
   14   -0.15042954E+02   -0.44408921E-13    0.17911879E-06
>> Charges saved for restart in charges.bin
 
 Total Energy:                     -15.0584646167 H
 Total Mermin free energy:         -15.0584646167 H
