================================================================================
==
==   Density Functional based Tight Binding with a lot of extensions (DFTB+)    
==
==                              Release: 1.2 (p2)
==
==                            (ParserVersion = 4)
==
================================================================================


********************************************************************************
** Parsing and initializing
********************************************************************************

Interpreting input file 'dftb_in.hsd'
--------------------------------------------------------------------------------
WARNING!
-> WriteHSDInput and WriteXMLInput both turned off. You won't eventually be 
 able to obtain the same results with a later version of the code!
Path: dftb_in/ParserOptions
Line: 83-86 (File: dftb_in.hsd)

Reading SK-files:
  /home/andersx/parameters/3ob-3-1/C-C.skf
  /home/andersx/parameters/3ob-3-1/C-O.skf
  /home/andersx/parameters/3ob-3-1/C-N.skf
  /home/andersx/parameters/3ob-3-1/C-H.skf
  /home/andersx/parameters/3ob-3-1/O-C.skf
  /home/andersx/parameters/3ob-3-1/O-O.skf
  /home/andersx/parameters/3ob-3-1/O-N.skf
  /home/andersx/parameters/3ob-3-1/O-H.skf
  /home/andersx/parameters/3ob-3-1/N-C.skf
  /home/andersx/parameters/3ob-3-1/N-O.skf
  /home/andersx/parameters/3ob-3-1/N-N.skf
  /home/andersx/parameters/3ob-3-1/N-H.skf
  /home/andersx/parameters/3ob-3-1/H-C.skf
  /home/andersx/parameters/3ob-3-1/H-O.skf
  /home/andersx/parameters/3ob-3-1/H-N.skf
  /home/andersx/parameters/3ob-3-1/H-H.skf
Done.

Starting initialization...
--------------------------------------------------------------------------------
Mode:                        Static calculation
Self consistent charges:     Yes
SCC-tolerance:                 0.100000E-05
Max. scc iterations:                    100
Ewald alpha parameter:         0.000000E+00
Spin polarisation:           No
Nr. of up electrons:            20.000000
Nr. of down electrons:          20.000000
Periodic boundaries:         No
Diagonalizer:                Divide and Conquer
Mixer:                       Anderson mixer
Mixing parameter:                  0.200000
Maximal SCC-cycles:                     100
Nr. of chrg. vectors to mix:              8
Electronic temperature:        0.100000E-07
Initial charges:             Set automatically (system chrg:   0.000E+00)
Included shells:              C:  s, p
                              O:  s, p
                              N:  s, p
                              H:  s
Full 3rd order correction    Yes
Damped SCC                   Yes
Damped specie(s):            H                                                 
Extra options:
--------------------------------------------------------------------------------
 

********************************************************************************
** Geometry step: 0
********************************************************************************

  iSCC Total electronic   Diff electronic      SCC error    
    1   -0.18258953E+02    0.00000000E+00    0.87583537E+00
    2   -0.18260007E+02   -0.10537454E-02    0.86226780E+00
    3   -0.18285327E+02   -0.25320016E-01    0.19480438E+00
    4   -0.18285243E+02    0.83466830E-04    0.19073122E+00
    5   -0.18286868E+02   -0.16251001E-02    0.23814828E-01
    6   -0.18286877E+02   -0.88569018E-05    0.15099282E-01
    7   -0.18286878E+02   -0.82791374E-06    0.15109494E-01
    8   -0.18286897E+02   -0.19194050E-04    0.11989155E-02
    9   -0.18286897E+02   -0.15324065E-06    0.87391525E-03
   10   -0.18286898E+02   -0.31592315E-06    0.29298461E-03
   11   -0.18286898E+02   -0.58398122E-08    0.22094199E-03
   12   -0.18286898E+02   -0.12986767E-08    0.33505113E-04
   13   -0.18286898E+02   -0.16132873E-10    0.58472125E-05
   14   -0.18286898E+02   -0.12434498E-12    0.58921510E-06
>> Charges saved for restart in charges.bin
 
 Total Energy:                     -17.9665916370 H
 Total Mermin free energy:         -17.9665916370 H
