================================================================================
==
==   Density Functional based Tight Binding with a lot of extensions (DFTB+)    
==
==                              Release: 1.2 (p2)
==
==                            (ParserVersion = 4)
==
================================================================================


********************************************************************************
** Parsing and initializing
********************************************************************************

Interpreting input file 'dftb_in.hsd'
--------------------------------------------------------------------------------
WARNING!
-> WriteHSDInput and WriteXMLInput both turned off. You won't eventually be 
 able to obtain the same results with a later version of the code!
Path: dftb_in/ParserOptions
Line: 83-86 (File: dftb_in.hsd)

Reading SK-files:
  /home/andersx/parameters/3ob-3-1/C-C.skf
  /home/andersx/parameters/3ob-3-1/C-O.skf
  /home/andersx/parameters/3ob-3-1/C-N.skf
  /home/andersx/parameters/3ob-3-1/C-H.skf
  /home/andersx/parameters/3ob-3-1/O-C.skf
  /home/andersx/parameters/3ob-3-1/O-O.skf
  /home/andersx/parameters/3ob-3-1/O-N.skf
  /home/andersx/parameters/3ob-3-1/O-H.skf
  /home/andersx/parameters/3ob-3-1/N-C.skf
  /home/andersx/parameters/3ob-3-1/N-O.skf
  /home/andersx/parameters/3ob-3-1/N-N.skf
  /home/andersx/parameters/3ob-3-1/N-H.skf
  /home/andersx/parameters/3ob-3-1/H-C.skf
  /home/andersx/parameters/3ob-3-1/H-O.skf
  /home/andersx/parameters/3ob-3-1/H-N.skf
  /home/andersx/parameters/3ob-3-1/H-H.skf
Done.

Starting initialization...
--------------------------------------------------------------------------------
Mode:                        Static calculation
Self consistent charges:     Yes
SCC-tolerance:                 0.100000E-05
Max. scc iterations:                    100
Ewald alpha parameter:         0.000000E+00
Spin polarisation:           No
Nr. of up electrons:            20.000000
Nr. of down electrons:          20.000000
Periodic boundaries:         No
Diagonalizer:                Divide and Conquer
Mixer:                       Anderson mixer
Mixing parameter:                  0.200000
Maximal SCC-cycles:                     100
Nr. of chrg. vectors to mix:              8
Electronic temperature:        0.100000E-07
Initial charges:             Set automatically (system chrg:   0.000E+00)
Included shells:              C:  s, p
                              O:  s, p
                              N:  s, p
                              H:  s
Full 3rd order correction    Yes
Damped SCC                   Yes
Damped specie(s):            H                                                 
Extra options:
--------------------------------------------------------------------------------
 

********************************************************************************
** Geometry step: 0
********************************************************************************

  iSCC Total electronic   Diff electronic      SCC error    
    1   -0.18208166E+02    0.00000000E+00    0.52039534E+00
    2   -0.18208542E+02   -0.37562041E-03    0.51228227E+00
    3   -0.18216919E+02   -0.83764335E-02    0.11655812E+00
    4   -0.18216757E+02    0.16134199E-03    0.11066366E+00
    5   -0.18217772E+02   -0.10149179E-02    0.47943153E-01
    6   -0.18217828E+02   -0.55516727E-04    0.31959476E-01
    7   -0.18217802E+02    0.25451564E-04    0.23278375E-01
    8   -0.18217903E+02   -0.10053912E-03    0.54362002E-02
    9   -0.18217905E+02   -0.21311378E-05    0.38176245E-02
   10   -0.18217907E+02   -0.19091708E-05    0.72979996E-03
   11   -0.18217907E+02   -0.24247417E-07    0.50110905E-03
   12   -0.18217907E+02   -0.46332396E-08    0.42440074E-04
   13   -0.18217907E+02   -0.22397728E-09    0.17684303E-04
   14   -0.18217907E+02   -0.36557424E-11    0.31242768E-05
   15   -0.18217907E+02   -0.22026825E-12    0.17789564E-06
>> Charges saved for restart in charges.bin
 
 Total Energy:                     -17.8712202233 H
 Total Mermin free energy:         -17.8712202233 H
