================================================================================
==
==   Density Functional based Tight Binding with a lot of extensions (DFTB+)    
==
==                              Release: 1.2 (p2)
==
==                            (ParserVersion = 4)
==
================================================================================


********************************************************************************
** Parsing and initializing
********************************************************************************

Interpreting input file 'dftb_in.hsd'
--------------------------------------------------------------------------------
WARNING!
-> WriteHSDInput and WriteXMLInput both turned off. You won't eventually be 
 able to obtain the same results with a later version of the code!
Path: dftb_in/ParserOptions
Line: 82-85 (File: dftb_in.hsd)

Reading SK-files:
  /home/andersx/parameters/3ob-3-1/C-C.skf
  /home/andersx/parameters/3ob-3-1/C-O.skf
  /home/andersx/parameters/3ob-3-1/C-N.skf
  /home/andersx/parameters/3ob-3-1/C-H.skf
  /home/andersx/parameters/3ob-3-1/O-C.skf
  /home/andersx/parameters/3ob-3-1/O-O.skf
  /home/andersx/parameters/3ob-3-1/O-N.skf
  /home/andersx/parameters/3ob-3-1/O-H.skf
  /home/andersx/parameters/3ob-3-1/N-C.skf
  /home/andersx/parameters/3ob-3-1/N-O.skf
  /home/andersx/parameters/3ob-3-1/N-N.skf
  /home/andersx/parameters/3ob-3-1/N-H.skf
  /home/andersx/parameters/3ob-3-1/H-C.skf
  /home/andersx/parameters/3ob-3-1/H-O.skf
  /home/andersx/parameters/3ob-3-1/H-N.skf
  /home/andersx/parameters/3ob-3-1/H-H.skf
Done.

Starting initialization...
--------------------------------------------------------------------------------
Mode:                        Static calculation
Self consistent charges:     Yes
SCC-tolerance:                 0.100000E-05
Max. scc iterations:                    100
Ewald alpha parameter:         0.000000E+00
Spin polarisation:           No
Nr. of up electrons:            20.000000
Nr. of down electrons:          20.000000
Periodic boundaries:         No
Diagonalizer:                Divide and Conquer
Mixer:                       Anderson mixer
Mixing parameter:                  0.200000
Maximal SCC-cycles:                     100
Nr. of chrg. vectors to mix:              8
Electronic temperature:        0.100000E-07
Initial charges:             Set automatically (system chrg:   0.000E+00)
Included shells:              C:  s, p
                              O:  s, p
                              N:  s, p
                              H:  s
Full 3rd order correction    Yes
Damped SCC                   Yes
Damped specie(s):            H                                                 
Extra options:
--------------------------------------------------------------------------------
 

********************************************************************************
** Geometry step: 0
********************************************************************************

  iSCC Total electronic   Diff electronic      SCC error    
    1   -0.18761590E+02    0.00000000E+00    0.90109999E+00
    2   -0.18763130E+02   -0.15404831E-02    0.88666254E+00
    3   -0.18803857E+02   -0.40726577E-01    0.25626175E+00
    4   -0.18804532E+02   -0.67553636E-03    0.25643651E+00
    5   -0.18805541E+02   -0.10083907E-02    0.70007538E-01
    6   -0.18805747E+02   -0.20674685E-03    0.15479694E-01
    7   -0.18805748E+02   -0.58756543E-06    0.16380155E-01
    8   -0.18805760E+02   -0.12265858E-04    0.25105539E-02
    9   -0.18805760E+02   -0.24235783E-06    0.14025079E-02
   10   -0.18805761E+02   -0.18357270E-06    0.28091265E-03
   11   -0.18805761E+02   -0.10481106E-07    0.13709648E-03
   12   -0.18805761E+02   -0.19036115E-08    0.29048851E-04
   13   -0.18805761E+02   -0.37960746E-10    0.21536767E-05
   14   -0.18805761E+02   -0.20961011E-12    0.25956008E-06
>> Charges saved for restart in charges.bin
 
 Total Energy:                     -18.5165020493 H
 Total Mermin free energy:         -18.5165020493 H
