================================================================================
==
==   Density Functional based Tight Binding with a lot of extensions (DFTB+)    
==
==                              Release: 1.2 (p2)
==
==                            (ParserVersion = 4)
==
================================================================================


********************************************************************************
** Parsing and initializing
********************************************************************************

Interpreting input file 'dftb_in.hsd'
--------------------------------------------------------------------------------
WARNING!
-> WriteHSDInput and WriteXMLInput both turned off. You won't eventually be 
 able to obtain the same results with a later version of the code!
Path: dftb_in/ParserOptions
Line: 83-86 (File: dftb_in.hsd)

Reading SK-files:
  /home/andersx/parameters/3ob-3-1/C-C.skf
  /home/andersx/parameters/3ob-3-1/C-O.skf
  /home/andersx/parameters/3ob-3-1/C-N.skf
  /home/andersx/parameters/3ob-3-1/C-H.skf
  /home/andersx/parameters/3ob-3-1/O-C.skf
  /home/andersx/parameters/3ob-3-1/O-O.skf
  /home/andersx/parameters/3ob-3-1/O-N.skf
  /home/andersx/parameters/3ob-3-1/O-H.skf
  /home/andersx/parameters/3ob-3-1/N-C.skf
  /home/andersx/parameters/3ob-3-1/N-O.skf
  /home/andersx/parameters/3ob-3-1/N-N.skf
  /home/andersx/parameters/3ob-3-1/N-H.skf
  /home/andersx/parameters/3ob-3-1/H-C.skf
  /home/andersx/parameters/3ob-3-1/H-O.skf
  /home/andersx/parameters/3ob-3-1/H-N.skf
  /home/andersx/parameters/3ob-3-1/H-H.skf
Done.

Starting initialization...
--------------------------------------------------------------------------------
Mode:                        Static calculation
Self consistent charges:     Yes
SCC-tolerance:                 0.100000E-05
Max. scc iterations:                    100
Ewald alpha parameter:         0.000000E+00
Spin polarisation:           No
Nr. of up electrons:            20.000000
Nr. of down electrons:          20.000000
Periodic boundaries:         No
Diagonalizer:                Divide and Conquer
Mixer:                       Anderson mixer
Mixing parameter:                  0.200000
Maximal SCC-cycles:                     100
Nr. of chrg. vectors to mix:              8
Electronic temperature:        0.100000E-07
Initial charges:             Set automatically (system chrg:   0.000E+00)
Included shells:              C:  s, p
                              O:  s, p
                              N:  s, p
                              H:  s
Full 3rd order correction    Yes
Damped SCC                   Yes
Damped specie(s):            H                                                 
Extra options:
--------------------------------------------------------------------------------
 

********************************************************************************
** Geometry step: 0
********************************************************************************

  iSCC Total electronic   Diff electronic      SCC error    
    1   -0.18235020E+02    0.00000000E+00    0.74631234E+00
    2   -0.18236157E+02   -0.11366047E-02    0.73348528E+00
    3   -0.18265223E+02   -0.29066421E-01    0.21258415E+00
    4   -0.18265199E+02    0.24186222E-04    0.20919699E+00
    5   -0.18265810E+02   -0.61032747E-03    0.14085738E-01
    6   -0.18265807E+02    0.30342646E-05    0.88088099E-02
    7   -0.18265811E+02   -0.45384569E-05    0.89679952E-02
    8   -0.18265820E+02   -0.91203399E-05    0.19538176E-02
    9   -0.18265820E+02   -0.63941201E-07    0.18058844E-02
   10   -0.18265821E+02   -0.29640623E-06    0.58230320E-03
   11   -0.18265821E+02   -0.12809007E-07    0.20737451E-03
   12   -0.18265821E+02   -0.24781563E-08    0.41109351E-04
   13   -0.18265821E+02   -0.12099477E-09    0.12393598E-04
   14   -0.18265821E+02   -0.26147973E-11    0.91081666E-06
>> Charges saved for restart in charges.bin
 
 Total Energy:                     -17.9426265944 H
 Total Mermin free energy:         -17.9426265944 H
