================================================================================
==
==   Density Functional based Tight Binding with a lot of extensions (DFTB+)    
==
==                              Release: 1.2 (p2)
==
==                            (ParserVersion = 4)
==
================================================================================


********************************************************************************
** Parsing and initializing
********************************************************************************

Interpreting input file 'dftb_in.hsd'
--------------------------------------------------------------------------------
WARNING!
-> WriteHSDInput and WriteXMLInput both turned off. You won't eventually be 
 able to obtain the same results with a later version of the code!
Path: dftb_in/ParserOptions
Line: 84-87 (File: dftb_in.hsd)

Reading SK-files:
  /home/andersx/parameters/3ob-3-1/C-C.skf
  /home/andersx/parameters/3ob-3-1/C-O.skf
  /home/andersx/parameters/3ob-3-1/C-N.skf
  /home/andersx/parameters/3ob-3-1/C-H.skf
  /home/andersx/parameters/3ob-3-1/O-C.skf
  /home/andersx/parameters/3ob-3-1/O-O.skf
  /home/andersx/parameters/3ob-3-1/O-N.skf
  /home/andersx/parameters/3ob-3-1/O-H.skf
  /home/andersx/parameters/3ob-3-1/N-C.skf
  /home/andersx/parameters/3ob-3-1/N-O.skf
  /home/andersx/parameters/3ob-3-1/N-N.skf
  /home/andersx/parameters/3ob-3-1/N-H.skf
  /home/andersx/parameters/3ob-3-1/H-C.skf
  /home/andersx/parameters/3ob-3-1/H-O.skf
  /home/andersx/parameters/3ob-3-1/H-N.skf
  /home/andersx/parameters/3ob-3-1/H-H.skf
Done.

Starting initialization...
--------------------------------------------------------------------------------
Mode:                        Static calculation
Self consistent charges:     Yes
SCC-tolerance:                 0.100000E-05
Max. scc iterations:                    100
Ewald alpha parameter:         0.000000E+00
Spin polarisation:           No
Nr. of up electrons:            20.000000
Nr. of down electrons:          20.000000
Periodic boundaries:         No
Diagonalizer:                Divide and Conquer
Mixer:                       Anderson mixer
Mixing parameter:                  0.200000
Maximal SCC-cycles:                     100
Nr. of chrg. vectors to mix:              8
Electronic temperature:        0.100000E-07
Initial charges:             Set automatically (system chrg:   0.000E+00)
Included shells:              C:  s, p
                              O:  s, p
                              N:  s, p
                              H:  s
Full 3rd order correction    Yes
Damped SCC                   Yes
Damped specie(s):            H                                                 
Extra options:
--------------------------------------------------------------------------------
 

********************************************************************************
** Geometry step: 0
********************************************************************************

  iSCC Total electronic   Diff electronic      SCC error    
    1   -0.17764021E+02    0.00000000E+00    0.90521423E+00
    2   -0.17764945E+02   -0.92390334E-03    0.89065446E+00
    3   -0.17786573E+02   -0.21628107E-01    0.22183678E+00
    4   -0.17786959E+02   -0.38598979E-03    0.21863267E+00
    5   -0.17788870E+02   -0.19111539E-02    0.35943852E-01
    6   -0.17788910E+02   -0.40559518E-04    0.31067075E-01
    7   -0.17788925E+02   -0.14953464E-04    0.14761947E-01
    8   -0.17788936E+02   -0.10897731E-04    0.12574245E-02
    9   -0.17788936E+02   -0.14521799E-06    0.13235904E-02
   10   -0.17788937E+02   -0.22063080E-06    0.42735127E-03
   11   -0.17788937E+02   -0.45587356E-08    0.24139912E-03
   12   -0.17788937E+02   -0.21551259E-08    0.30218867E-04
   13   -0.17788937E+02   -0.37847059E-10    0.20315652E-05
   14   -0.17788937E+02   -0.88817842E-13    0.38891011E-06
>> Charges saved for restart in charges.bin
 
 Total Energy:                     -17.6307437541 H
 Total Mermin free energy:         -17.6307437541 H
