================================================================================
==
==   Density Functional based Tight Binding with a lot of extensions (DFTB+)    
==
==                              Release: 1.2 (p2)
==
==                            (ParserVersion = 4)
==
================================================================================


********************************************************************************
** Parsing and initializing
********************************************************************************

Interpreting input file 'dftb_in.hsd'
--------------------------------------------------------------------------------
WARNING!
-> WriteHSDInput and WriteXMLInput both turned off. You won't eventually be 
 able to obtain the same results with a later version of the code!
Path: dftb_in/ParserOptions
Line: 86-89 (File: dftb_in.hsd)

Reading SK-files:
  /home/andersx/parameters/3ob-3-1/C-C.skf
  /home/andersx/parameters/3ob-3-1/C-O.skf
  /home/andersx/parameters/3ob-3-1/C-N.skf
  /home/andersx/parameters/3ob-3-1/C-H.skf
  /home/andersx/parameters/3ob-3-1/O-C.skf
  /home/andersx/parameters/3ob-3-1/O-O.skf
  /home/andersx/parameters/3ob-3-1/O-N.skf
  /home/andersx/parameters/3ob-3-1/O-H.skf
  /home/andersx/parameters/3ob-3-1/N-C.skf
  /home/andersx/parameters/3ob-3-1/N-O.skf
  /home/andersx/parameters/3ob-3-1/N-N.skf
  /home/andersx/parameters/3ob-3-1/N-H.skf
  /home/andersx/parameters/3ob-3-1/H-C.skf
  /home/andersx/parameters/3ob-3-1/H-O.skf
  /home/andersx/parameters/3ob-3-1/H-N.skf
  /home/andersx/parameters/3ob-3-1/H-H.skf
Done.

Starting initialization...
--------------------------------------------------------------------------------
Mode:                        Static calculation
Self consistent charges:     Yes
SCC-tolerance:                 0.100000E-05
Max. scc iterations:                    100
Ewald alpha parameter:         0.000000E+00
Spin polarisation:           No
Nr. of up electrons:            21.000000
Nr. of down electrons:          21.000000
Periodic boundaries:         No
Diagonalizer:                Divide and Conquer
Mixer:                       Anderson mixer
Mixing parameter:                  0.200000
Maximal SCC-cycles:                     100
Nr. of chrg. vectors to mix:              8
Electronic temperature:        0.100000E-07
Initial charges:             Set automatically (system chrg:   0.000E+00)
Included shells:              C:  s, p
                              O:  s, p
                              N:  s, p
                              H:  s
Full 3rd order correction    Yes
Damped SCC                   Yes
Damped specie(s):            H                                                 
Extra options:
--------------------------------------------------------------------------------
 

********************************************************************************
** Geometry step: 0
********************************************************************************

  iSCC Total electronic   Diff electronic      SCC error    
    1   -0.18393377E+02    0.00000000E+00    0.38360710E+00
    2   -0.18393743E+02   -0.36567733E-03    0.37714420E+00
    3   -0.18402393E+02   -0.86505512E-02    0.10233893E+00
    4   -0.18402369E+02    0.24281153E-04    0.10250909E+00
    5   -0.18403034E+02   -0.66556409E-03    0.22391186E-01
    6   -0.18403040E+02   -0.56104909E-05    0.18396748E-01
    7   -0.18403057E+02   -0.17073319E-04    0.51926976E-02
    8   -0.18403060E+02   -0.24737776E-05    0.17224813E-02
    9   -0.18403060E+02   -0.90561315E-07    0.15645658E-02
   10   -0.18403060E+02   -0.20355233E-06    0.19074455E-03
   11   -0.18403060E+02   -0.31368046E-08    0.11689679E-03
   12   -0.18403060E+02   -0.12959092E-08    0.18289940E-04
   13   -0.18403060E+02   -0.95781161E-11    0.44726055E-05
   14   -0.18403060E+02   -0.23092639E-12    0.51368746E-06
>> Charges saved for restart in charges.bin
 
 Total Energy:                     -18.3351704630 H
 Total Mermin free energy:         -18.3351704630 H
