================================================================================
==
==   Density Functional based Tight Binding with a lot of extensions (DFTB+)    
==
==                              Release: 1.2 (p2)
==
==                            (ParserVersion = 4)
==
================================================================================


********************************************************************************
** Parsing and initializing
********************************************************************************

Interpreting input file 'dftb_in.hsd'
--------------------------------------------------------------------------------
WARNING!
-> WriteHSDInput and WriteXMLInput both turned off. You won't eventually be 
 able to obtain the same results with a later version of the code!
Path: dftb_in/ParserOptions
Line: 85-88 (File: dftb_in.hsd)

Reading SK-files:
  /home/andersx/parameters/3ob-3-1/C-C.skf
  /home/andersx/parameters/3ob-3-1/C-O.skf
  /home/andersx/parameters/3ob-3-1/C-N.skf
  /home/andersx/parameters/3ob-3-1/C-H.skf
  /home/andersx/parameters/3ob-3-1/O-C.skf
  /home/andersx/parameters/3ob-3-1/O-O.skf
  /home/andersx/parameters/3ob-3-1/O-N.skf
  /home/andersx/parameters/3ob-3-1/O-H.skf
  /home/andersx/parameters/3ob-3-1/N-C.skf
  /home/andersx/parameters/3ob-3-1/N-O.skf
  /home/andersx/parameters/3ob-3-1/N-N.skf
  /home/andersx/parameters/3ob-3-1/N-H.skf
  /home/andersx/parameters/3ob-3-1/H-C.skf
  /home/andersx/parameters/3ob-3-1/H-O.skf
  /home/andersx/parameters/3ob-3-1/H-N.skf
  /home/andersx/parameters/3ob-3-1/H-H.skf
Done.

Starting initialization...
--------------------------------------------------------------------------------
Mode:                        Static calculation
Self consistent charges:     Yes
SCC-tolerance:                 0.100000E-05
Max. scc iterations:                    100
Ewald alpha parameter:         0.000000E+00
Spin polarisation:           No
Nr. of up electrons:            21.000000
Nr. of down electrons:          21.000000
Periodic boundaries:         No
Diagonalizer:                Divide and Conquer
Mixer:                       Anderson mixer
Mixing parameter:                  0.200000
Maximal SCC-cycles:                     100
Nr. of chrg. vectors to mix:              8
Electronic temperature:        0.100000E-07
Initial charges:             Set automatically (system chrg:   0.000E+00)
Included shells:              C:  s, p
                              O:  s, p
                              N:  s, p
                              H:  s
Full 3rd order correction    Yes
Damped SCC                   Yes
Damped specie(s):            H                                                 
Extra options:
--------------------------------------------------------------------------------
 

********************************************************************************
** Geometry step: 0
********************************************************************************

  iSCC Total electronic   Diff electronic      SCC error    
    1   -0.18831871E+02    0.00000000E+00    0.58272875E+00
    2   -0.18832218E+02   -0.34733983E-03    0.57579730E+00
    3   -0.18840004E+02   -0.77853648E-02    0.12361531E+00
    4   -0.18839855E+02    0.14877348E-03    0.12669944E+00
    5   -0.18841153E+02   -0.12975654E-02    0.36749959E-01
    6   -0.18841194E+02   -0.41659652E-04    0.18582514E-01
    7   -0.18841210E+02   -0.15925800E-04    0.20419206E-01
    8   -0.18841216E+02   -0.61646718E-05    0.35142398E-02
    9   -0.18841216E+02   -0.52458457E-07    0.30308682E-02
   10   -0.18841217E+02   -0.29478101E-06    0.32271931E-03
   11   -0.18841217E+02   -0.21287114E-08    0.16061318E-03
   12   -0.18841217E+02   -0.10787531E-08    0.92362717E-05
   13   -0.18841217E+02   -0.72049033E-11    0.28609056E-05
   14   -0.18841217E+02   -0.35882408E-12    0.48946241E-06
>> Charges saved for restart in charges.bin
 
 Total Energy:                     -18.6259999810 H
 Total Mermin free energy:         -18.6259999810 H
