================================================================================
==
==   Density Functional based Tight Binding with a lot of extensions (DFTB+)    
==
==                              Release: 1.2 (p2)
==
==                            (ParserVersion = 4)
==
================================================================================


********************************************************************************
** Parsing and initializing
********************************************************************************

Interpreting input file 'dftb_in.hsd'
--------------------------------------------------------------------------------
WARNING!
-> WriteHSDInput and WriteXMLInput both turned off. You won't eventually be 
 able to obtain the same results with a later version of the code!
Path: dftb_in/ParserOptions
Line: 84-87 (File: dftb_in.hsd)

Reading SK-files:
  /home/andersx/parameters/3ob-3-1/C-C.skf
  /home/andersx/parameters/3ob-3-1/C-O.skf
  /home/andersx/parameters/3ob-3-1/C-N.skf
  /home/andersx/parameters/3ob-3-1/C-H.skf
  /home/andersx/parameters/3ob-3-1/O-C.skf
  /home/andersx/parameters/3ob-3-1/O-O.skf
  /home/andersx/parameters/3ob-3-1/O-N.skf
  /home/andersx/parameters/3ob-3-1/O-H.skf
  /home/andersx/parameters/3ob-3-1/N-C.skf
  /home/andersx/parameters/3ob-3-1/N-O.skf
  /home/andersx/parameters/3ob-3-1/N-N.skf
  /home/andersx/parameters/3ob-3-1/N-H.skf
  /home/andersx/parameters/3ob-3-1/H-C.skf
  /home/andersx/parameters/3ob-3-1/H-O.skf
  /home/andersx/parameters/3ob-3-1/H-N.skf
  /home/andersx/parameters/3ob-3-1/H-H.skf
Done.

Starting initialization...
--------------------------------------------------------------------------------
Mode:                        Static calculation
Self consistent charges:     Yes
SCC-tolerance:                 0.100000E-05
Max. scc iterations:                    100
Ewald alpha parameter:         0.000000E+00
Spin polarisation:           No
Nr. of up electrons:            21.000000
Nr. of down electrons:          21.000000
Periodic boundaries:         No
Diagonalizer:                Divide and Conquer
Mixer:                       Anderson mixer
Mixing parameter:                  0.200000
Maximal SCC-cycles:                     100
Nr. of chrg. vectors to mix:              8
Electronic temperature:        0.100000E-07
Initial charges:             Set automatically (system chrg:   0.000E+00)
Included shells:              C:  s, p
                              O:  s, p
                              N:  s, p
                              H:  s
Full 3rd order correction    Yes
Damped SCC                   Yes
Damped specie(s):            H                                                 
Extra options:
--------------------------------------------------------------------------------
 

********************************************************************************
** Geometry step: 0
********************************************************************************

  iSCC Total electronic   Diff electronic      SCC error    
    1   -0.19433940E+02    0.00000000E+00    0.91465567E+00
    2   -0.19435060E+02   -0.11199972E-02    0.89992580E+00
    3   -0.19461893E+02   -0.26832894E-01    0.23319592E+00
    4   -0.19462142E+02   -0.24884285E-03    0.22951238E+00
    5   -0.19464651E+02   -0.25094342E-02    0.26424218E-01
    6   -0.19464664E+02   -0.12338983E-04    0.27182591E-01
    7   -0.19464687E+02   -0.23506042E-04    0.77198654E-02
    8   -0.19464690E+02   -0.24433799E-05    0.11888112E-02
    9   -0.19464690E+02   -0.26487104E-07    0.11581091E-02
   10   -0.19464690E+02   -0.17492162E-06    0.89248841E-03
   11   -0.19464690E+02   -0.98770165E-08    0.56998476E-03
   12   -0.19464690E+02   -0.48096744E-08    0.38143157E-04
   13   -0.19464690E+02   -0.49361404E-10    0.12164294E-04
   14   -0.19464690E+02   -0.50413007E-11    0.82998703E-06
>> Charges saved for restart in charges.bin
 
 Total Energy:                     -19.2570397026 H
 Total Mermin free energy:         -19.2570397026 H
