================================================================================
==
==   Density Functional based Tight Binding with a lot of extensions (DFTB+)    
==
==                              Release: 1.2 (p2)
==
==                            (ParserVersion = 4)
==
================================================================================


********************************************************************************
** Parsing and initializing
********************************************************************************

Interpreting input file 'dftb_in.hsd'
--------------------------------------------------------------------------------
WARNING!
-> WriteHSDInput and WriteXMLInput both turned off. You won't eventually be 
 able to obtain the same results with a later version of the code!
Path: dftb_in/ParserOptions
Line: 82-85 (File: dftb_in.hsd)

Reading SK-files:
  /home/andersx/parameters/3ob-3-1/C-C.skf
  /home/andersx/parameters/3ob-3-1/C-O.skf
  /home/andersx/parameters/3ob-3-1/C-N.skf
  /home/andersx/parameters/3ob-3-1/C-H.skf
  /home/andersx/parameters/3ob-3-1/O-C.skf
  /home/andersx/parameters/3ob-3-1/O-O.skf
  /home/andersx/parameters/3ob-3-1/O-N.skf
  /home/andersx/parameters/3ob-3-1/O-H.skf
  /home/andersx/parameters/3ob-3-1/N-C.skf
  /home/andersx/parameters/3ob-3-1/N-O.skf
  /home/andersx/parameters/3ob-3-1/N-N.skf
  /home/andersx/parameters/3ob-3-1/N-H.skf
  /home/andersx/parameters/3ob-3-1/H-C.skf
  /home/andersx/parameters/3ob-3-1/H-O.skf
  /home/andersx/parameters/3ob-3-1/H-N.skf
  /home/andersx/parameters/3ob-3-1/H-H.skf
Done.

Starting initialization...
--------------------------------------------------------------------------------
Mode:                        Static calculation
Self consistent charges:     Yes
SCC-tolerance:                 0.100000E-05
Max. scc iterations:                    100
Ewald alpha parameter:         0.000000E+00
Spin polarisation:           No
Nr. of up electrons:            20.000000
Nr. of down electrons:          20.000000
Periodic boundaries:         No
Diagonalizer:                Divide and Conquer
Mixer:                       Anderson mixer
Mixing parameter:                  0.200000
Maximal SCC-cycles:                     100
Nr. of chrg. vectors to mix:              8
Electronic temperature:        0.100000E-07
Initial charges:             Set automatically (system chrg:   0.000E+00)
Included shells:              C:  s, p
                              O:  s, p
                              N:  s, p
                              H:  s
Full 3rd order correction    Yes
Damped SCC                   Yes
Damped specie(s):            H                                                 
Extra options:
--------------------------------------------------------------------------------
 

********************************************************************************
** Geometry step: 0
********************************************************************************

  iSCC Total electronic   Diff electronic      SCC error    
    1   -0.18612691E+02    0.00000000E+00    0.68671979E+00
    2   -0.18613531E+02   -0.83969413E-03    0.67475841E+00
    3   -0.18637337E+02   -0.23805936E-01    0.10811244E+00
    4   -0.18637416E+02   -0.79361493E-04    0.11153057E+00
    5   -0.18637455E+02   -0.38829094E-04    0.38075228E-01
    6   -0.18637536E+02   -0.81349009E-04    0.14285773E-01
    7   -0.18637536E+02    0.22440666E-06    0.14107530E-01
    8   -0.18637552E+02   -0.15904526E-04    0.35935272E-02
    9   -0.18637552E+02   -0.16987633E-06    0.26609226E-02
   10   -0.18637553E+02   -0.37316745E-06    0.30447494E-03
   11   -0.18637553E+02   -0.57709890E-08    0.14122282E-03
   12   -0.18637553E+02   -0.17521060E-08    0.12888569E-04
   13   -0.18637553E+02   -0.33406167E-10    0.21510255E-05
   14   -0.18637553E+02   -0.41566750E-12    0.55228737E-06
>> Charges saved for restart in charges.bin
 
 Total Energy:                     -18.3913024416 H
 Total Mermin free energy:         -18.3913024416 H
