================================================================================
==
==   Density Functional based Tight Binding with a lot of extensions (DFTB+)    
==
==                              Release: 1.2 (p2)
==
==                            (ParserVersion = 4)
==
================================================================================


********************************************************************************
** Parsing and initializing
********************************************************************************

Interpreting input file 'dftb_in.hsd'
--------------------------------------------------------------------------------
WARNING!
-> WriteHSDInput and WriteXMLInput both turned off. You won't eventually be 
 able to obtain the same results with a later version of the code!
Path: dftb_in/ParserOptions
Line: 84-87 (File: dftb_in.hsd)

Reading SK-files:
  /home/andersx/parameters/3ob-3-1/C-C.skf
  /home/andersx/parameters/3ob-3-1/C-N.skf
  /home/andersx/parameters/3ob-3-1/C-O.skf
  /home/andersx/parameters/3ob-3-1/C-H.skf
  /home/andersx/parameters/3ob-3-1/N-C.skf
  /home/andersx/parameters/3ob-3-1/N-N.skf
  /home/andersx/parameters/3ob-3-1/N-O.skf
  /home/andersx/parameters/3ob-3-1/N-H.skf
  /home/andersx/parameters/3ob-3-1/O-C.skf
  /home/andersx/parameters/3ob-3-1/O-N.skf
  /home/andersx/parameters/3ob-3-1/O-O.skf
  /home/andersx/parameters/3ob-3-1/O-H.skf
  /home/andersx/parameters/3ob-3-1/H-C.skf
  /home/andersx/parameters/3ob-3-1/H-N.skf
  /home/andersx/parameters/3ob-3-1/H-O.skf
  /home/andersx/parameters/3ob-3-1/H-H.skf
Done.

Starting initialization...
--------------------------------------------------------------------------------
Mode:                        Static calculation
Self consistent charges:     Yes
SCC-tolerance:                 0.100000E-05
Max. scc iterations:                    100
Ewald alpha parameter:         0.000000E+00
Spin polarisation:           No
Nr. of up electrons:            20.000000
Nr. of down electrons:          20.000000
Periodic boundaries:         No
Diagonalizer:                Divide and Conquer
Mixer:                       Anderson mixer
Mixing parameter:                  0.200000
Maximal SCC-cycles:                     100
Nr. of chrg. vectors to mix:              8
Electronic temperature:        0.100000E-07
Initial charges:             Set automatically (system chrg:   0.000E+00)
Included shells:              C:  s, p
                              N:  s, p
                              O:  s, p
                              H:  s
Full 3rd order correction    Yes
Damped SCC                   Yes
Damped specie(s):            H                                                 
Extra options:
--------------------------------------------------------------------------------
 

********************************************************************************
** Geometry step: 0
********************************************************************************

  iSCC Total electronic   Diff electronic      SCC error    
    1   -0.17586424E+02    0.00000000E+00    0.64408756E+00
    2   -0.17587189E+02   -0.76490911E-03    0.63305022E+00
    3   -0.17608099E+02   -0.20910126E-01    0.63900148E-01
    4   -0.17608102E+02   -0.24918434E-05    0.63287553E-01
    5   -0.17608133E+02   -0.31535647E-04    0.20463980E-01
    6   -0.17608152E+02   -0.18723090E-04    0.80222108E-02
    7   -0.17608152E+02   -0.31958823E-07    0.80677523E-02
    8   -0.17608153E+02   -0.12898859E-05    0.80951364E-03
    9   -0.17608153E+02    0.22250340E-07    0.80305846E-03
   10   -0.17608153E+02   -0.94747428E-07    0.15780259E-03
   11   -0.17608153E+02   -0.15318449E-08    0.59545656E-04
   12   -0.17608153E+02   -0.20548896E-09    0.41260547E-05
   13   -0.17608153E+02   -0.15170087E-11    0.11266243E-05
   14   -0.17608153E+02   -0.71054274E-13    0.23264289E-06
>> Charges saved for restart in charges.bin
 
 Total Energy:                     -17.5344337080 H
 Total Mermin free energy:         -17.5344337080 H
