================================================================================
==
==   Density Functional based Tight Binding with a lot of extensions (DFTB+)    
==
==                              Release: 1.2 (p2)
==
==                            (ParserVersion = 4)
==
================================================================================


********************************************************************************
** Parsing and initializing
********************************************************************************

Interpreting input file 'dftb_in.hsd'
--------------------------------------------------------------------------------
WARNING!
-> WriteHSDInput and WriteXMLInput both turned off. You won't eventually be 
 able to obtain the same results with a later version of the code!
Path: dftb_in/ParserOptions
Line: 76-79 (File: dftb_in.hsd)

Reading SK-files:
  /home/andersx/parameters/3ob-3-1/C-C.skf
  /home/andersx/parameters/3ob-3-1/C-N.skf
  /home/andersx/parameters/3ob-3-1/C-H.skf
  /home/andersx/parameters/3ob-3-1/N-C.skf
  /home/andersx/parameters/3ob-3-1/N-N.skf
  /home/andersx/parameters/3ob-3-1/N-H.skf
  /home/andersx/parameters/3ob-3-1/H-C.skf
  /home/andersx/parameters/3ob-3-1/H-N.skf
  /home/andersx/parameters/3ob-3-1/H-H.skf
Done.

Starting initialization...
--------------------------------------------------------------------------------
Mode:                        Static calculation
Self consistent charges:     Yes
SCC-tolerance:                 0.100000E-05
Max. scc iterations:                    100
Ewald alpha parameter:         0.000000E+00
Spin polarisation:           No
Nr. of up electrons:            18.000000
Nr. of down electrons:          18.000000
Periodic boundaries:         No
Diagonalizer:                Divide and Conquer
Mixer:                       Anderson mixer
Mixing parameter:                  0.200000
Maximal SCC-cycles:                     100
Nr. of chrg. vectors to mix:              8
Electronic temperature:        0.100000E-07
Initial charges:             Set automatically (system chrg:   0.000E+00)
Included shells:              C:  s, p
                              N:  s, p
                              H:  s
Full 3rd order correction    Yes
Damped SCC                   Yes
Damped specie(s):            H                                                 
Extra options:
--------------------------------------------------------------------------------
 

********************************************************************************
** Geometry step: 0
********************************************************************************

  iSCC Total electronic   Diff electronic      SCC error    
    1   -0.15088051E+02    0.00000000E+00    0.46325864E+00
    2   -0.15088110E+02   -0.59318810E-04    0.45695146E+00
    3   -0.15089793E+02   -0.16825519E-02    0.40168882E-01
    4   -0.15089779E+02    0.14066522E-04    0.26344119E-01
    5   -0.15089780E+02   -0.11881438E-05    0.54142569E-01
    6   -0.15089821E+02   -0.41215395E-04    0.87133844E-02
    7   -0.15089820E+02    0.86954272E-06    0.70810478E-02
    8   -0.15089822E+02   -0.16028697E-05    0.39231541E-02
    9   -0.15089822E+02   -0.14755541E-06    0.46539677E-03
   10   -0.15089822E+02   -0.25318336E-07    0.40710770E-03
   11   -0.15089822E+02   -0.36517704E-08    0.71623142E-04
   12   -0.15089822E+02   -0.11517187E-09    0.18657428E-04
   13   -0.15089822E+02   -0.10089707E-10    0.43049786E-05
   14   -0.15089822E+02   -0.34994230E-12    0.40011780E-06
>> Charges saved for restart in charges.bin
 
 Total Energy:                     -15.0663841490 H
 Total Mermin free energy:         -15.0663841490 H
