================================================================================
==
==   Density Functional based Tight Binding with a lot of extensions (DFTB+)    
==
==                              Release: 1.2 (p2)
==
==                            (ParserVersion = 4)
==
================================================================================


********************************************************************************
** Parsing and initializing
********************************************************************************

Interpreting input file 'dftb_in.hsd'
--------------------------------------------------------------------------------
WARNING!
-> WriteHSDInput and WriteXMLInput both turned off. You won't eventually be 
 able to obtain the same results with a later version of the code!
Path: dftb_in/ParserOptions
Line: 83-86 (File: dftb_in.hsd)

Reading SK-files:
  /home/andersx/parameters/3ob-3-1/C-C.skf
  /home/andersx/parameters/3ob-3-1/C-N.skf
  /home/andersx/parameters/3ob-3-1/C-O.skf
  /home/andersx/parameters/3ob-3-1/C-H.skf
  /home/andersx/parameters/3ob-3-1/N-C.skf
  /home/andersx/parameters/3ob-3-1/N-N.skf
  /home/andersx/parameters/3ob-3-1/N-O.skf
  /home/andersx/parameters/3ob-3-1/N-H.skf
  /home/andersx/parameters/3ob-3-1/O-C.skf
  /home/andersx/parameters/3ob-3-1/O-N.skf
  /home/andersx/parameters/3ob-3-1/O-O.skf
  /home/andersx/parameters/3ob-3-1/O-H.skf
  /home/andersx/parameters/3ob-3-1/H-C.skf
  /home/andersx/parameters/3ob-3-1/H-N.skf
  /home/andersx/parameters/3ob-3-1/H-O.skf
  /home/andersx/parameters/3ob-3-1/H-H.skf
Done.

Starting initialization...
--------------------------------------------------------------------------------
Mode:                        Static calculation
Self consistent charges:     Yes
SCC-tolerance:                 0.100000E-05
Max. scc iterations:                    100
Ewald alpha parameter:         0.000000E+00
Spin polarisation:           No
Nr. of up electrons:            20.000000
Nr. of down electrons:          20.000000
Periodic boundaries:         No
Diagonalizer:                Divide and Conquer
Mixer:                       Anderson mixer
Mixing parameter:                  0.200000
Maximal SCC-cycles:                     100
Nr. of chrg. vectors to mix:              8
Electronic temperature:        0.100000E-07
Initial charges:             Set automatically (system chrg:   0.000E+00)
Included shells:              C:  s, p
                              N:  s, p
                              O:  s, p
                              H:  s
Full 3rd order correction    Yes
Damped SCC                   Yes
Damped specie(s):            H                                                 
Extra options:
--------------------------------------------------------------------------------
 

********************************************************************************
** Geometry step: 0
********************************************************************************

  iSCC Total electronic   Diff electronic      SCC error    
    1   -0.18075592E+02    0.00000000E+00    0.43790236E+00
    2   -0.18076726E+02   -0.11344623E-02    0.42849326E+00
    3   -0.18102625E+02   -0.25898739E-01    0.13196729E+00
    4   -0.18102784E+02   -0.15864205E-03    0.12876765E+00
    5   -0.18103624E+02   -0.84031080E-03    0.15592958E-01
    6   -0.18103653E+02   -0.28507296E-04    0.17643634E-01
    7   -0.18103651E+02    0.15845707E-05    0.11316664E-01
    8   -0.18103657E+02   -0.61302234E-05    0.14519419E-02
    9   -0.18103657E+02   -0.33833082E-07    0.12338467E-02
   10   -0.18103657E+02   -0.82488640E-07    0.37368062E-03
   11   -0.18103657E+02   -0.45196060E-08    0.17937834E-03
   12   -0.18103657E+02   -0.16660522E-08    0.11857195E-04
   13   -0.18103657E+02   -0.11514345E-10    0.15583651E-05
   14   -0.18103657E+02   -0.49737992E-13    0.15869831E-06
>> Charges saved for restart in charges.bin
 
 Total Energy:                     -17.8556524024 H
 Total Mermin free energy:         -17.8556524024 H
