================================================================================
==
==   Density Functional based Tight Binding with a lot of extensions (DFTB+)    
==
==                              Release: 1.2 (p2)
==
==                            (ParserVersion = 4)
==
================================================================================


********************************************************************************
** Parsing and initializing
********************************************************************************

Interpreting input file 'dftb_in.hsd'
--------------------------------------------------------------------------------
WARNING!
-> WriteHSDInput and WriteXMLInput both turned off. You won't eventually be 
 able to obtain the same results with a later version of the code!
Path: dftb_in/ParserOptions
Line: 81-84 (File: dftb_in.hsd)

Reading SK-files:
  /home/andersx/parameters/3ob-3-1/C-C.skf
  /home/andersx/parameters/3ob-3-1/C-N.skf
  /home/andersx/parameters/3ob-3-1/C-O.skf
  /home/andersx/parameters/3ob-3-1/C-H.skf
  /home/andersx/parameters/3ob-3-1/N-C.skf
  /home/andersx/parameters/3ob-3-1/N-N.skf
  /home/andersx/parameters/3ob-3-1/N-O.skf
  /home/andersx/parameters/3ob-3-1/N-H.skf
  /home/andersx/parameters/3ob-3-1/O-C.skf
  /home/andersx/parameters/3ob-3-1/O-N.skf
  /home/andersx/parameters/3ob-3-1/O-O.skf
  /home/andersx/parameters/3ob-3-1/O-H.skf
  /home/andersx/parameters/3ob-3-1/H-C.skf
  /home/andersx/parameters/3ob-3-1/H-N.skf
  /home/andersx/parameters/3ob-3-1/H-O.skf
  /home/andersx/parameters/3ob-3-1/H-H.skf
Done.

Starting initialization...
--------------------------------------------------------------------------------
Mode:                        Static calculation
Self consistent charges:     Yes
SCC-tolerance:                 0.100000E-05
Max. scc iterations:                    100
Ewald alpha parameter:         0.000000E+00
Spin polarisation:           No
Nr. of up electrons:            19.000000
Nr. of down electrons:          19.000000
Periodic boundaries:         No
Diagonalizer:                Divide and Conquer
Mixer:                       Anderson mixer
Mixing parameter:                  0.200000
Maximal SCC-cycles:                     100
Nr. of chrg. vectors to mix:              8
Electronic temperature:        0.100000E-07
Initial charges:             Set automatically (system chrg:   0.000E+00)
Included shells:              C:  s, p
                              N:  s, p
                              O:  s, p
                              H:  s
Full 3rd order correction    Yes
Damped SCC                   Yes
Damped specie(s):            H                                                 
Extra options:
--------------------------------------------------------------------------------
 

********************************************************************************
** Geometry step: 0
********************************************************************************

  iSCC Total electronic   Diff electronic      SCC error    
    1   -0.17450819E+02    0.00000000E+00    0.98978839E+00
    2   -0.17451594E+02   -0.77474155E-03    0.97434703E+00
    3   -0.17465187E+02   -0.13593043E-01    0.13584358E+00
    4   -0.17464689E+02    0.49766093E-03    0.14071797E+00
    5   -0.17467908E+02   -0.32186191E-02    0.75305556E-01
    6   -0.17468522E+02   -0.61352449E-03    0.47988057E-01
    7   -0.17468555E+02   -0.33264676E-04    0.44918560E-01
    8   -0.17468675E+02   -0.12012594E-03    0.46093712E-02
    9   -0.17468676E+02   -0.10470462E-05    0.42050686E-02
   10   -0.17468677E+02   -0.60109691E-06    0.24075182E-02
   11   -0.17468677E+02   -0.35448789E-07    0.80537439E-03
   12   -0.17468677E+02   -0.32327609E-07    0.10448475E-03
   13   -0.17468677E+02   -0.71280581E-09    0.57393760E-04
   14   -0.17468677E+02   -0.30982861E-09    0.38440354E-05
   15   -0.17468677E+02   -0.34461323E-12    0.50441870E-06
>> Charges saved for restart in charges.bin
 
 Total Energy:                     -17.1026077526 H
 Total Mermin free energy:         -17.1026077526 H
