================================================================================
==
==   Density Functional based Tight Binding with a lot of extensions (DFTB+)    
==
==                              Release: 1.2 (p2)
==
==                            (ParserVersion = 4)
==
================================================================================


********************************************************************************
** Parsing and initializing
********************************************************************************

Interpreting input file 'dftb_in.hsd'
--------------------------------------------------------------------------------
WARNING!
-> WriteHSDInput and WriteXMLInput both turned off. You won't eventually be 
 able to obtain the same results with a later version of the code!
Path: dftb_in/ParserOptions
Line: 83-86 (File: dftb_in.hsd)

Reading SK-files:
  /home/andersx/parameters/3ob-3-1/C-C.skf
  /home/andersx/parameters/3ob-3-1/C-N.skf
  /home/andersx/parameters/3ob-3-1/C-O.skf
  /home/andersx/parameters/3ob-3-1/C-H.skf
  /home/andersx/parameters/3ob-3-1/N-C.skf
  /home/andersx/parameters/3ob-3-1/N-N.skf
  /home/andersx/parameters/3ob-3-1/N-O.skf
  /home/andersx/parameters/3ob-3-1/N-H.skf
  /home/andersx/parameters/3ob-3-1/O-C.skf
  /home/andersx/parameters/3ob-3-1/O-N.skf
  /home/andersx/parameters/3ob-3-1/O-O.skf
  /home/andersx/parameters/3ob-3-1/O-H.skf
  /home/andersx/parameters/3ob-3-1/H-C.skf
  /home/andersx/parameters/3ob-3-1/H-N.skf
  /home/andersx/parameters/3ob-3-1/H-O.skf
  /home/andersx/parameters/3ob-3-1/H-H.skf
Done.

Starting initialization...
--------------------------------------------------------------------------------
Mode:                        Static calculation
Self consistent charges:     Yes
SCC-tolerance:                 0.100000E-05
Max. scc iterations:                    100
Ewald alpha parameter:         0.000000E+00
Spin polarisation:           No
Nr. of up electrons:            20.000000
Nr. of down electrons:          20.000000
Periodic boundaries:         No
Diagonalizer:                Divide and Conquer
Mixer:                       Anderson mixer
Mixing parameter:                  0.200000
Maximal SCC-cycles:                     100
Nr. of chrg. vectors to mix:              8
Electronic temperature:        0.100000E-07
Initial charges:             Set automatically (system chrg:   0.000E+00)
Included shells:              C:  s, p
                              N:  s, p
                              O:  s, p
                              H:  s
Full 3rd order correction    Yes
Damped SCC                   Yes
Damped specie(s):            H                                                 
Extra options:
--------------------------------------------------------------------------------
 

********************************************************************************
** Geometry step: 0
********************************************************************************

  iSCC Total electronic   Diff electronic      SCC error    
    1   -0.18078104E+02    0.00000000E+00    0.71910744E+00
    2   -0.18078846E+02   -0.74253092E-03    0.70617031E+00
    3   -0.18096972E+02   -0.18125522E-01    0.64566422E-01
    4   -0.18096910E+02    0.61673767E-04    0.66626989E-01
    5   -0.18097530E+02   -0.62016356E-03    0.43134041E-01
    6   -0.18097642E+02   -0.11163911E-03    0.20914672E-01
    7   -0.18097632E+02    0.99678362E-05    0.18120926E-01
    8   -0.18097659E+02   -0.26718766E-04    0.17790711E-02
    9   -0.18097659E+02   -0.73559629E-07    0.45954082E-02
   10   -0.18097659E+02   -0.62824573E-06    0.25480202E-02
   11   -0.18097660E+02   -0.14494833E-06    0.77406512E-03
   12   -0.18097660E+02   -0.12237685E-07    0.57771719E-04
   13   -0.18097660E+02   -0.12687451E-09    0.26959795E-04
   14   -0.18097660E+02   -0.93237418E-10    0.25160551E-05
   15   -0.18097660E+02   -0.17763568E-12    0.20417795E-06
>> Charges saved for restart in charges.bin
 
 Total Energy:                     -17.8499836561 H
 Total Mermin free energy:         -17.8499836561 H
