================================================================================
==
==   Density Functional based Tight Binding with a lot of extensions (DFTB+)    
==
==                              Release: 1.2 (p2)
==
==                            (ParserVersion = 4)
==
================================================================================


********************************************************************************
** Parsing and initializing
********************************************************************************

Interpreting input file 'dftb_in.hsd'
--------------------------------------------------------------------------------
WARNING!
-> WriteHSDInput and WriteXMLInput both turned off. You won't eventually be 
 able to obtain the same results with a later version of the code!
Path: dftb_in/ParserOptions
Line: 86-89 (File: dftb_in.hsd)

Reading SK-files:
  /home/andersx/parameters/3ob-3-1/C-C.skf
  /home/andersx/parameters/3ob-3-1/C-N.skf
  /home/andersx/parameters/3ob-3-1/C-O.skf
  /home/andersx/parameters/3ob-3-1/C-H.skf
  /home/andersx/parameters/3ob-3-1/N-C.skf
  /home/andersx/parameters/3ob-3-1/N-N.skf
  /home/andersx/parameters/3ob-3-1/N-O.skf
  /home/andersx/parameters/3ob-3-1/N-H.skf
  /home/andersx/parameters/3ob-3-1/O-C.skf
  /home/andersx/parameters/3ob-3-1/O-N.skf
  /home/andersx/parameters/3ob-3-1/O-O.skf
  /home/andersx/parameters/3ob-3-1/O-H.skf
  /home/andersx/parameters/3ob-3-1/H-C.skf
  /home/andersx/parameters/3ob-3-1/H-N.skf
  /home/andersx/parameters/3ob-3-1/H-O.skf
  /home/andersx/parameters/3ob-3-1/H-H.skf
Done.

Starting initialization...
--------------------------------------------------------------------------------
Mode:                        Static calculation
Self consistent charges:     Yes
SCC-tolerance:                 0.100000E-05
Max. scc iterations:                    100
Ewald alpha parameter:         0.000000E+00
Spin polarisation:           No
Nr. of up electrons:            21.000000
Nr. of down electrons:          21.000000
Periodic boundaries:         No
Diagonalizer:                Divide and Conquer
Mixer:                       Anderson mixer
Mixing parameter:                  0.200000
Maximal SCC-cycles:                     100
Nr. of chrg. vectors to mix:              8
Electronic temperature:        0.100000E-07
Initial charges:             Set automatically (system chrg:   0.000E+00)
Included shells:              C:  s, p
                              N:  s, p
                              O:  s, p
                              H:  s
Full 3rd order correction    Yes
Damped SCC                   Yes
Damped specie(s):            H                                                 
Extra options:
--------------------------------------------------------------------------------
 

********************************************************************************
** Geometry step: 0
********************************************************************************

  iSCC Total electronic   Diff electronic      SCC error    
    1   -0.18413578E+02    0.00000000E+00    0.65906971E+00
    2   -0.18413739E+02   -0.16032862E-03    0.65047706E+00
    3   -0.18417911E+02   -0.41722426E-02    0.70473543E-01
    4   -0.18417831E+02    0.80097792E-04    0.58927970E-01
    5   -0.18417970E+02   -0.13896727E-03    0.90743424E-01
    6   -0.18418135E+02   -0.16511598E-03    0.14476232E-01
    7   -0.18418132E+02    0.22824105E-05    0.22120952E-01
    8   -0.18418137E+02   -0.43100097E-05    0.50505156E-02
    9   -0.18418137E+02   -0.18420573E-06    0.96330080E-03
   10   -0.18418137E+02   -0.68087818E-07    0.42445654E-03
   11   -0.18418137E+02   -0.53095164E-08    0.12240841E-03
   12   -0.18418137E+02   -0.42744830E-09    0.97101268E-05
   13   -0.18418137E+02   -0.19966251E-11    0.21024376E-05
   14   -0.18418137E+02   -0.28421709E-12    0.23006083E-06
>> Charges saved for restart in charges.bin
 
 Total Energy:                     -18.3590649810 H
 Total Mermin free energy:         -18.3590649810 H
