================================================================================
==
==   Density Functional based Tight Binding with a lot of extensions (DFTB+)    
==
==                              Release: 1.2 (p2)
==
==                            (ParserVersion = 4)
==
================================================================================


********************************************************************************
** Parsing and initializing
********************************************************************************

Interpreting input file 'dftb_in.hsd'
--------------------------------------------------------------------------------
WARNING!
-> WriteHSDInput and WriteXMLInput both turned off. You won't eventually be 
 able to obtain the same results with a later version of the code!
Path: dftb_in/ParserOptions
Line: 86-89 (File: dftb_in.hsd)

Reading SK-files:
  /home/andersx/parameters/3ob-3-1/C-C.skf
  /home/andersx/parameters/3ob-3-1/C-N.skf
  /home/andersx/parameters/3ob-3-1/C-O.skf
  /home/andersx/parameters/3ob-3-1/C-H.skf
  /home/andersx/parameters/3ob-3-1/N-C.skf
  /home/andersx/parameters/3ob-3-1/N-N.skf
  /home/andersx/parameters/3ob-3-1/N-O.skf
  /home/andersx/parameters/3ob-3-1/N-H.skf
  /home/andersx/parameters/3ob-3-1/O-C.skf
  /home/andersx/parameters/3ob-3-1/O-N.skf
  /home/andersx/parameters/3ob-3-1/O-O.skf
  /home/andersx/parameters/3ob-3-1/O-H.skf
  /home/andersx/parameters/3ob-3-1/H-C.skf
  /home/andersx/parameters/3ob-3-1/H-N.skf
  /home/andersx/parameters/3ob-3-1/H-O.skf
  /home/andersx/parameters/3ob-3-1/H-H.skf
Done.

Starting initialization...
--------------------------------------------------------------------------------
Mode:                        Static calculation
Self consistent charges:     Yes
SCC-tolerance:                 0.100000E-05
Max. scc iterations:                    100
Ewald alpha parameter:         0.000000E+00
Spin polarisation:           No
Nr. of up electrons:            21.000000
Nr. of down electrons:          21.000000
Periodic boundaries:         No
Diagonalizer:                Divide and Conquer
Mixer:                       Anderson mixer
Mixing parameter:                  0.200000
Maximal SCC-cycles:                     100
Nr. of chrg. vectors to mix:              8
Electronic temperature:        0.100000E-07
Initial charges:             Set automatically (system chrg:   0.000E+00)
Included shells:              C:  s, p
                              N:  s, p
                              O:  s, p
                              H:  s
Full 3rd order correction    Yes
Damped SCC                   Yes
Damped specie(s):            H                                                 
Extra options:
--------------------------------------------------------------------------------
 

********************************************************************************
** Geometry step: 0
********************************************************************************

  iSCC Total electronic   Diff electronic      SCC error    
    1   -0.18415240E+02    0.00000000E+00    0.67198248E+00
    2   -0.18415407E+02   -0.16702633E-03    0.66325023E+00
    3   -0.18419714E+02   -0.43067058E-02    0.68117089E-01
    4   -0.18419615E+02    0.98958377E-04    0.56567677E-01
    5   -0.18419729E+02   -0.11389267E-03    0.11557958E+00
    6   -0.18419956E+02   -0.22712666E-03    0.11791047E-01
    7   -0.18419954E+02    0.24525874E-05    0.81176493E-02
    8   -0.18419960E+02   -0.64067166E-05    0.70399064E-02
    9   -0.18419961E+02   -0.10291408E-05    0.33294400E-02
   10   -0.18419961E+02   -0.47269200E-07    0.30708500E-02
   11   -0.18419961E+02   -0.18274617E-06    0.71598784E-03
   12   -0.18419961E+02   -0.94936610E-08    0.65330977E-03
   13   -0.18419961E+02   -0.27679420E-07    0.82429432E-04
   14   -0.18419961E+02   -0.39037218E-09    0.51620900E-04
   15   -0.18419961E+02   -0.14111023E-09    0.47969510E-05
   16   -0.18419961E+02   -0.53290705E-12    0.50668795E-06
>> Charges saved for restart in charges.bin
 
 Total Energy:                     -18.3607046026 H
 Total Mermin free energy:         -18.3607046026 H
