================================================================================
==
==   Density Functional based Tight Binding with a lot of extensions (DFTB+)    
==
==                              Release: 1.2 (p2)
==
==                            (ParserVersion = 4)
==
================================================================================


********************************************************************************
** Parsing and initializing
********************************************************************************

Interpreting input file 'dftb_in.hsd'
--------------------------------------------------------------------------------
WARNING!
-> WriteHSDInput and WriteXMLInput both turned off. You won't eventually be 
 able to obtain the same results with a later version of the code!
Path: dftb_in/ParserOptions
Line: 84-87 (File: dftb_in.hsd)

Reading SK-files:
  /home/andersx/parameters/3ob-3-1/C-C.skf
  /home/andersx/parameters/3ob-3-1/C-N.skf
  /home/andersx/parameters/3ob-3-1/C-O.skf
  /home/andersx/parameters/3ob-3-1/C-H.skf
  /home/andersx/parameters/3ob-3-1/N-C.skf
  /home/andersx/parameters/3ob-3-1/N-N.skf
  /home/andersx/parameters/3ob-3-1/N-O.skf
  /home/andersx/parameters/3ob-3-1/N-H.skf
  /home/andersx/parameters/3ob-3-1/O-C.skf
  /home/andersx/parameters/3ob-3-1/O-N.skf
  /home/andersx/parameters/3ob-3-1/O-O.skf
  /home/andersx/parameters/3ob-3-1/O-H.skf
  /home/andersx/parameters/3ob-3-1/H-C.skf
  /home/andersx/parameters/3ob-3-1/H-N.skf
  /home/andersx/parameters/3ob-3-1/H-O.skf
  /home/andersx/parameters/3ob-3-1/H-H.skf
Done.

Starting initialization...
--------------------------------------------------------------------------------
Mode:                        Static calculation
Self consistent charges:     Yes
SCC-tolerance:                 0.100000E-05
Max. scc iterations:                    100
Ewald alpha parameter:         0.000000E+00
Spin polarisation:           No
Nr. of up electrons:            20.000000
Nr. of down electrons:          20.000000
Periodic boundaries:         No
Diagonalizer:                Divide and Conquer
Mixer:                       Anderson mixer
Mixing parameter:                  0.200000
Maximal SCC-cycles:                     100
Nr. of chrg. vectors to mix:              8
Electronic temperature:        0.100000E-07
Initial charges:             Set automatically (system chrg:   0.000E+00)
Included shells:              C:  s, p
                              N:  s, p
                              O:  s, p
                              H:  s
Full 3rd order correction    Yes
Damped SCC                   Yes
Damped specie(s):            H                                                 
Extra options:
--------------------------------------------------------------------------------
 

********************************************************************************
** Geometry step: 0
********************************************************************************

  iSCC Total electronic   Diff electronic      SCC error    
    1   -0.17792664E+02    0.00000000E+00    0.86020874E+00
    2   -0.17794371E+02   -0.17074192E-02    0.84498919E+00
    3   -0.17823411E+02   -0.29040237E-01    0.22132347E+00
    4   -0.17825693E+02   -0.22821623E-02    0.21272885E+00
    5   -0.17829473E+02   -0.37792699E-02    0.10465004E+00
    6   -0.17831149E+02   -0.16760142E-02    0.66409072E-01
    7   -0.17831010E+02    0.13885357E-03    0.65215160E-01
    8   -0.17831259E+02   -0.24897238E-03    0.76142363E-02
    9   -0.17831259E+02   -0.17196940E-06    0.62362864E-02
   10   -0.17831262E+02   -0.29076255E-05    0.24952086E-02
   11   -0.17831262E+02   -0.28717648E-06    0.61192016E-03
   12   -0.17831262E+02   -0.14654372E-07    0.24482870E-03
   13   -0.17831262E+02   -0.35842014E-08    0.45322578E-04
   14   -0.17831262E+02   -0.11293722E-09    0.66039305E-05
   15   -0.17831262E+02   -0.72475359E-12    0.10059358E-05
   16   -0.17831262E+02   -0.35527137E-13    0.11487010E-06
>> Charges saved for restart in charges.bin
 
 Total Energy:                     -17.6372826943 H
 Total Mermin free energy:         -17.6372826943 H
