================================================================================
==
==   Density Functional based Tight Binding with a lot of extensions (DFTB+)    
==
==                              Release: 1.2 (p2)
==
==                            (ParserVersion = 4)
==
================================================================================


********************************************************************************
** Parsing and initializing
********************************************************************************

Interpreting input file 'dftb_in.hsd'
--------------------------------------------------------------------------------
WARNING!
-> WriteHSDInput and WriteXMLInput both turned off. You won't eventually be 
 able to obtain the same results with a later version of the code!
Path: dftb_in/ParserOptions
Line: 77-80 (File: dftb_in.hsd)

Reading SK-files:
  /home/andersx/parameters/3ob-3-1/C-C.skf
  /home/andersx/parameters/3ob-3-1/C-N.skf
  /home/andersx/parameters/3ob-3-1/C-H.skf
  /home/andersx/parameters/3ob-3-1/N-C.skf
  /home/andersx/parameters/3ob-3-1/N-N.skf
  /home/andersx/parameters/3ob-3-1/N-H.skf
  /home/andersx/parameters/3ob-3-1/H-C.skf
  /home/andersx/parameters/3ob-3-1/H-N.skf
  /home/andersx/parameters/3ob-3-1/H-H.skf
Done.

Starting initialization...
--------------------------------------------------------------------------------
Mode:                        Static calculation
Self consistent charges:     Yes
SCC-tolerance:                 0.100000E-05
Max. scc iterations:                    100
Ewald alpha parameter:         0.000000E+00
Spin polarisation:           No
Nr. of up electrons:            19.000000
Nr. of down electrons:          19.000000
Periodic boundaries:         No
Diagonalizer:                Divide and Conquer
Mixer:                       Anderson mixer
Mixing parameter:                  0.200000
Maximal SCC-cycles:                     100
Nr. of chrg. vectors to mix:              8
Electronic temperature:        0.100000E-07
Initial charges:             Set automatically (system chrg:   0.000E+00)
Included shells:              C:  s, p
                              N:  s, p
                              H:  s
Full 3rd order correction    Yes
Damped SCC                   Yes
Damped specie(s):            H                                                 
Extra options:
--------------------------------------------------------------------------------
 

********************************************************************************
** Geometry step: 0
********************************************************************************

  iSCC Total electronic   Diff electronic      SCC error    
    1   -0.16224940E+02    0.00000000E+00    0.59158746E+00
    2   -0.16225049E+02   -0.10885641E-03    0.58438805E+00
    3   -0.16227736E+02   -0.26864258E-02    0.54212448E-01
    4   -0.16227649E+02    0.86588948E-04    0.48795734E-01
    5   -0.16227644E+02    0.48996744E-05    0.89488600E-01
    6   -0.16227896E+02   -0.25236157E-03    0.12807287E-01
    7   -0.16227896E+02    0.87915204E-07    0.50680842E-02
    8   -0.16227897E+02   -0.60009416E-06    0.49946828E-02
    9   -0.16227897E+02   -0.53715877E-06    0.70767005E-03
   10   -0.16227897E+02   -0.57217910E-08    0.47580634E-03
   11   -0.16227897E+02   -0.38639811E-08    0.40706851E-04
   12   -0.16227897E+02   -0.14712498E-09    0.82391099E-05
   13   -0.16227897E+02   -0.46185278E-13    0.17989283E-05
   14   -0.16227897E+02   -0.14210855E-12    0.18225849E-06
>> Charges saved for restart in charges.bin
 
 Total Energy:                     -16.1516137944 H
 Total Mermin free energy:         -16.1516137944 H
