================================================================================
==
==   Density Functional based Tight Binding with a lot of extensions (DFTB+)    
==
==                              Release: 1.2 (p2)
==
==                            (ParserVersion = 4)
==
================================================================================


********************************************************************************
** Parsing and initializing
********************************************************************************

Interpreting input file 'dftb_in.hsd'
--------------------------------------------------------------------------------
WARNING!
-> WriteHSDInput and WriteXMLInput both turned off. You won't eventually be 
 able to obtain the same results with a later version of the code!
Path: dftb_in/ParserOptions
Line: 86-89 (File: dftb_in.hsd)

Reading SK-files:
  /home/andersx/parameters/3ob-3-1/C-C.skf
  /home/andersx/parameters/3ob-3-1/C-N.skf
  /home/andersx/parameters/3ob-3-1/C-O.skf
  /home/andersx/parameters/3ob-3-1/C-H.skf
  /home/andersx/parameters/3ob-3-1/N-C.skf
  /home/andersx/parameters/3ob-3-1/N-N.skf
  /home/andersx/parameters/3ob-3-1/N-O.skf
  /home/andersx/parameters/3ob-3-1/N-H.skf
  /home/andersx/parameters/3ob-3-1/O-C.skf
  /home/andersx/parameters/3ob-3-1/O-N.skf
  /home/andersx/parameters/3ob-3-1/O-O.skf
  /home/andersx/parameters/3ob-3-1/O-H.skf
  /home/andersx/parameters/3ob-3-1/H-C.skf
  /home/andersx/parameters/3ob-3-1/H-N.skf
  /home/andersx/parameters/3ob-3-1/H-O.skf
  /home/andersx/parameters/3ob-3-1/H-H.skf
Done.

Starting initialization...
--------------------------------------------------------------------------------
Mode:                        Static calculation
Self consistent charges:     Yes
SCC-tolerance:                 0.100000E-05
Max. scc iterations:                    100
Ewald alpha parameter:         0.000000E+00
Spin polarisation:           No
Nr. of up electrons:            21.000000
Nr. of down electrons:          21.000000
Periodic boundaries:         No
Diagonalizer:                Divide and Conquer
Mixer:                       Anderson mixer
Mixing parameter:                  0.200000
Maximal SCC-cycles:                     100
Nr. of chrg. vectors to mix:              8
Electronic temperature:        0.100000E-07
Initial charges:             Set automatically (system chrg:   0.000E+00)
Included shells:              C:  s, p
                              N:  s, p
                              O:  s, p
                              H:  s
Full 3rd order correction    Yes
Damped SCC                   Yes
Damped specie(s):            H                                                 
Extra options:
--------------------------------------------------------------------------------
 

********************************************************************************
** Geometry step: 0
********************************************************************************

  iSCC Total electronic   Diff electronic      SCC error    
    1   -0.18448288E+02    0.00000000E+00    0.70141860E+00
    2   -0.18449102E+02   -0.81466959E-03    0.68889145E+00
    3   -0.18469468E+02   -0.20365168E-01    0.11520883E+00
    4   -0.18469637E+02   -0.16931657E-03    0.11453876E+00
    5   -0.18470385E+02   -0.74829513E-03    0.25624459E-01
    6   -0.18470379E+02    0.66597591E-05    0.17282187E-01
    7   -0.18470384E+02   -0.59747863E-05    0.14626801E-01
    8   -0.18470395E+02   -0.10603587E-04    0.18365632E-02
    9   -0.18470395E+02   -0.86969592E-07    0.17162439E-02
   10   -0.18470395E+02   -0.23252756E-06    0.20678341E-03
   11   -0.18470395E+02   -0.21500028E-08    0.13474653E-03
   12   -0.18470395E+02   -0.10222401E-08    0.22175543E-04
   13   -0.18470395E+02   -0.14747314E-10    0.27292002E-05
   14   -0.18470395E+02   -0.12079227E-12    0.41674181E-06
>> Charges saved for restart in charges.bin
 
 Total Energy:                     -18.3932885657 H
 Total Mermin free energy:         -18.3932885657 H
