================================================================================
==
==   Density Functional based Tight Binding with a lot of extensions (DFTB+)    
==
==                              Release: 1.2 (p2)
==
==                            (ParserVersion = 4)
==
================================================================================


********************************************************************************
** Parsing and initializing
********************************************************************************

Interpreting input file 'dftb_in.hsd'
--------------------------------------------------------------------------------
WARNING!
-> WriteHSDInput and WriteXMLInput both turned off. You won't eventually be 
 able to obtain the same results with a later version of the code!
Path: dftb_in/ParserOptions
Line: 88-91 (File: dftb_in.hsd)

Reading SK-files:
  /home/andersx/parameters/3ob-3-1/C-C.skf
  /home/andersx/parameters/3ob-3-1/C-N.skf
  /home/andersx/parameters/3ob-3-1/C-O.skf
  /home/andersx/parameters/3ob-3-1/C-H.skf
  /home/andersx/parameters/3ob-3-1/N-C.skf
  /home/andersx/parameters/3ob-3-1/N-N.skf
  /home/andersx/parameters/3ob-3-1/N-O.skf
  /home/andersx/parameters/3ob-3-1/N-H.skf
  /home/andersx/parameters/3ob-3-1/O-C.skf
  /home/andersx/parameters/3ob-3-1/O-N.skf
  /home/andersx/parameters/3ob-3-1/O-O.skf
  /home/andersx/parameters/3ob-3-1/O-H.skf
  /home/andersx/parameters/3ob-3-1/H-C.skf
  /home/andersx/parameters/3ob-3-1/H-N.skf
  /home/andersx/parameters/3ob-3-1/H-O.skf
  /home/andersx/parameters/3ob-3-1/H-H.skf
Done.

Starting initialization...
--------------------------------------------------------------------------------
Mode:                        Static calculation
Self consistent charges:     Yes
SCC-tolerance:                 0.100000E-05
Max. scc iterations:                    100
Ewald alpha parameter:         0.000000E+00
Spin polarisation:           No
Nr. of up electrons:            22.000000
Nr. of down electrons:          22.000000
Periodic boundaries:         No
Diagonalizer:                Divide and Conquer
Mixer:                       Anderson mixer
Mixing parameter:                  0.200000
Maximal SCC-cycles:                     100
Nr. of chrg. vectors to mix:              8
Electronic temperature:        0.100000E-07
Initial charges:             Set automatically (system chrg:   0.000E+00)
Included shells:              C:  s, p
                              N:  s, p
                              O:  s, p
                              H:  s
Full 3rd order correction    Yes
Damped SCC                   Yes
Damped specie(s):            H                                                 
Extra options:
--------------------------------------------------------------------------------
 

********************************************************************************
** Geometry step: 0
********************************************************************************

  iSCC Total electronic   Diff electronic      SCC error    
    1   -0.19154736E+02    0.00000000E+00    0.71679844E+00
    2   -0.19154935E+02   -0.19862897E-03    0.70743124E+00
    3   -0.19160033E+02   -0.50983578E-02    0.69812919E-01
    4   -0.19159918E+02    0.11523064E-03    0.56517431E-01
    5   -0.19159994E+02   -0.75333531E-04    0.11915702E+00
    6   -0.19160287E+02   -0.29303661E-03    0.19866835E-01
    7   -0.19160287E+02   -0.23795819E-06    0.16610359E-01
    8   -0.19160289E+02   -0.22271923E-05    0.46421258E-02
    9   -0.19160290E+02   -0.59061536E-06    0.80864746E-03
   10   -0.19160290E+02   -0.17728592E-07    0.37579323E-03
   11   -0.19160290E+02   -0.15955973E-07    0.57349760E-04
   12   -0.19160290E+02   -0.34864556E-09    0.13929864E-04
   13   -0.19160290E+02   -0.67146289E-11    0.23174474E-05
   14   -0.19160290E+02   -0.18474111E-12    0.39798334E-06
>> Charges saved for restart in charges.bin
 
 Total Energy:                     -19.1623607690 H
 Total Mermin free energy:         -19.1623607690 H
