================================================================================
==
==   Density Functional based Tight Binding with a lot of extensions (DFTB+)    
==
==                              Release: 1.2 (p2)
==
==                            (ParserVersion = 4)
==
================================================================================


********************************************************************************
** Parsing and initializing
********************************************************************************

Interpreting input file 'dftb_in.hsd'
--------------------------------------------------------------------------------
WARNING!
-> WriteHSDInput and WriteXMLInput both turned off. You won't eventually be 
 able to obtain the same results with a later version of the code!
Path: dftb_in/ParserOptions
Line: 83-86 (File: dftb_in.hsd)

Reading SK-files:
  /home/andersx/parameters/3ob-3-1/C-C.skf
  /home/andersx/parameters/3ob-3-1/C-N.skf
  /home/andersx/parameters/3ob-3-1/C-O.skf
  /home/andersx/parameters/3ob-3-1/C-H.skf
  /home/andersx/parameters/3ob-3-1/N-C.skf
  /home/andersx/parameters/3ob-3-1/N-N.skf
  /home/andersx/parameters/3ob-3-1/N-O.skf
  /home/andersx/parameters/3ob-3-1/N-H.skf
  /home/andersx/parameters/3ob-3-1/O-C.skf
  /home/andersx/parameters/3ob-3-1/O-N.skf
  /home/andersx/parameters/3ob-3-1/O-O.skf
  /home/andersx/parameters/3ob-3-1/O-H.skf
  /home/andersx/parameters/3ob-3-1/H-C.skf
  /home/andersx/parameters/3ob-3-1/H-N.skf
  /home/andersx/parameters/3ob-3-1/H-O.skf
  /home/andersx/parameters/3ob-3-1/H-H.skf
Done.

Starting initialization...
--------------------------------------------------------------------------------
Mode:                        Static calculation
Self consistent charges:     Yes
SCC-tolerance:                 0.100000E-05
Max. scc iterations:                    100
Ewald alpha parameter:         0.000000E+00
Spin polarisation:           No
Nr. of up electrons:            20.000000
Nr. of down electrons:          20.000000
Periodic boundaries:         No
Diagonalizer:                Divide and Conquer
Mixer:                       Anderson mixer
Mixing parameter:                  0.200000
Maximal SCC-cycles:                     100
Nr. of chrg. vectors to mix:              8
Electronic temperature:        0.100000E-07
Initial charges:             Set automatically (system chrg:   0.000E+00)
Included shells:              C:  s, p
                              N:  s, p
                              O:  s, p
                              H:  s
Full 3rd order correction    Yes
Damped SCC                   Yes
Damped specie(s):            H                                                 
Extra options:
--------------------------------------------------------------------------------
 

********************************************************************************
** Geometry step: 0
********************************************************************************

  iSCC Total electronic   Diff electronic      SCC error    
    1   -0.18287445E+02    0.00000000E+00    0.93650152E+00
    2   -0.18288422E+02   -0.97663104E-03    0.92205266E+00
    3   -0.18311003E+02   -0.22581452E-01    0.21846901E+00
    4   -0.18311688E+02   -0.68468174E-03    0.22156279E+00
    5   -0.18314488E+02   -0.28005274E-02    0.48789154E-01
    6   -0.18314520E+02   -0.31856660E-04    0.38834901E-01
    7   -0.18314593E+02   -0.72514419E-04    0.15723567E-01
    8   -0.18314600E+02   -0.76844261E-05    0.43285269E-02
    9   -0.18314601E+02   -0.96728179E-06    0.37320468E-02
   10   -0.18314604E+02   -0.26481271E-05    0.70328351E-03
   11   -0.18314604E+02   -0.46427395E-08    0.58957464E-03
   12   -0.18314604E+02   -0.93711492E-08    0.64513281E-04
   13   -0.18314604E+02   -0.60387606E-09    0.47917905E-04
   14   -0.18314604E+02   -0.16921220E-09    0.61079253E-05
   15   -0.18314604E+02   -0.78870244E-12    0.12208268E-05
   16   -0.18314604E+02   -0.24868996E-13    0.15637313E-06
>> Charges saved for restart in charges.bin
 
 Total Energy:                     -17.9526879359 H
 Total Mermin free energy:         -17.9526879359 H
