================================================================================
==
==   Density Functional based Tight Binding with a lot of extensions (DFTB+)    
==
==                              Release: 1.2 (p2)
==
==                            (ParserVersion = 4)
==
================================================================================


********************************************************************************
** Parsing and initializing
********************************************************************************

Interpreting input file 'dftb_in.hsd'
--------------------------------------------------------------------------------
WARNING!
-> WriteHSDInput and WriteXMLInput both turned off. You won't eventually be 
 able to obtain the same results with a later version of the code!
Path: dftb_in/ParserOptions
Line: 85-88 (File: dftb_in.hsd)

Reading SK-files:
  /home/andersx/parameters/3ob-3-1/C-C.skf
  /home/andersx/parameters/3ob-3-1/C-N.skf
  /home/andersx/parameters/3ob-3-1/C-O.skf
  /home/andersx/parameters/3ob-3-1/C-H.skf
  /home/andersx/parameters/3ob-3-1/N-C.skf
  /home/andersx/parameters/3ob-3-1/N-N.skf
  /home/andersx/parameters/3ob-3-1/N-O.skf
  /home/andersx/parameters/3ob-3-1/N-H.skf
  /home/andersx/parameters/3ob-3-1/O-C.skf
  /home/andersx/parameters/3ob-3-1/O-N.skf
  /home/andersx/parameters/3ob-3-1/O-O.skf
  /home/andersx/parameters/3ob-3-1/O-H.skf
  /home/andersx/parameters/3ob-3-1/H-C.skf
  /home/andersx/parameters/3ob-3-1/H-N.skf
  /home/andersx/parameters/3ob-3-1/H-O.skf
  /home/andersx/parameters/3ob-3-1/H-H.skf
Done.

Starting initialization...
--------------------------------------------------------------------------------
Mode:                        Static calculation
Self consistent charges:     Yes
SCC-tolerance:                 0.100000E-05
Max. scc iterations:                    100
Ewald alpha parameter:         0.000000E+00
Spin polarisation:           No
Nr. of up electrons:            21.000000
Nr. of down electrons:          21.000000
Periodic boundaries:         No
Diagonalizer:                Divide and Conquer
Mixer:                       Anderson mixer
Mixing parameter:                  0.200000
Maximal SCC-cycles:                     100
Nr. of chrg. vectors to mix:              8
Electronic temperature:        0.100000E-07
Initial charges:             Set automatically (system chrg:   0.000E+00)
Included shells:              C:  s, p
                              N:  s, p
                              O:  s, p
                              H:  s
Full 3rd order correction    Yes
Damped SCC                   Yes
Damped specie(s):            H                                                 
Extra options:
--------------------------------------------------------------------------------
 

********************************************************************************
** Geometry step: 0
********************************************************************************

  iSCC Total electronic   Diff electronic      SCC error    
    1   -0.18816111E+02    0.00000000E+00    0.49095751E+00
    2   -0.18816343E+02   -0.23231055E-03    0.48444287E+00
    3   -0.18822712E+02   -0.63695782E-02    0.83412327E-01
    4   -0.18822674E+02    0.38933667E-04    0.87183443E-01
    5   -0.18822966E+02   -0.29216657E-03    0.40773956E-01
    6   -0.18822988E+02   -0.22767762E-04    0.22351075E-01
    7   -0.18822990E+02   -0.16450289E-05    0.14104287E-01
    8   -0.18823004E+02   -0.13885754E-04    0.19408929E-02
    9   -0.18823004E+02   -0.38509778E-07    0.16678924E-02
   10   -0.18823004E+02   -0.74228026E-07    0.39148063E-03
   11   -0.18823004E+02   -0.59636953E-08    0.10470183E-03
   12   -0.18823004E+02   -0.12375097E-08    0.12388968E-04
   13   -0.18823004E+02   -0.10025758E-10    0.37006523E-05
   14   -0.18823004E+02   -0.61461947E-12    0.34602495E-06
>> Charges saved for restart in charges.bin
 
 Total Energy:                     -18.6073354368 H
 Total Mermin free energy:         -18.6073354368 H
