================================================================================
==
==   Density Functional based Tight Binding with a lot of extensions (DFTB+)    
==
==                              Release: 1.2 (p2)
==
==                            (ParserVersion = 4)
==
================================================================================


********************************************************************************
** Parsing and initializing
********************************************************************************

Interpreting input file 'dftb_in.hsd'
--------------------------------------------------------------------------------
WARNING!
-> WriteHSDInput and WriteXMLInput both turned off. You won't eventually be 
 able to obtain the same results with a later version of the code!
Path: dftb_in/ParserOptions
Line: 85-88 (File: dftb_in.hsd)

Reading SK-files:
  /home/andersx/parameters/3ob-3-1/C-C.skf
  /home/andersx/parameters/3ob-3-1/C-N.skf
  /home/andersx/parameters/3ob-3-1/C-O.skf
  /home/andersx/parameters/3ob-3-1/C-H.skf
  /home/andersx/parameters/3ob-3-1/N-C.skf
  /home/andersx/parameters/3ob-3-1/N-N.skf
  /home/andersx/parameters/3ob-3-1/N-O.skf
  /home/andersx/parameters/3ob-3-1/N-H.skf
  /home/andersx/parameters/3ob-3-1/O-C.skf
  /home/andersx/parameters/3ob-3-1/O-N.skf
  /home/andersx/parameters/3ob-3-1/O-O.skf
  /home/andersx/parameters/3ob-3-1/O-H.skf
  /home/andersx/parameters/3ob-3-1/H-C.skf
  /home/andersx/parameters/3ob-3-1/H-N.skf
  /home/andersx/parameters/3ob-3-1/H-O.skf
  /home/andersx/parameters/3ob-3-1/H-H.skf
Done.

Starting initialization...
--------------------------------------------------------------------------------
Mode:                        Static calculation
Self consistent charges:     Yes
SCC-tolerance:                 0.100000E-05
Max. scc iterations:                    100
Ewald alpha parameter:         0.000000E+00
Spin polarisation:           No
Nr. of up electrons:            21.000000
Nr. of down electrons:          21.000000
Periodic boundaries:         No
Diagonalizer:                Divide and Conquer
Mixer:                       Anderson mixer
Mixing parameter:                  0.200000
Maximal SCC-cycles:                     100
Nr. of chrg. vectors to mix:              8
Electronic temperature:        0.100000E-07
Initial charges:             Set automatically (system chrg:   0.000E+00)
Included shells:              C:  s, p
                              N:  s, p
                              O:  s, p
                              H:  s
Full 3rd order correction    Yes
Damped SCC                   Yes
Damped specie(s):            H                                                 
Extra options:
--------------------------------------------------------------------------------
 

********************************************************************************
** Geometry step: 0
********************************************************************************

  iSCC Total electronic   Diff electronic      SCC error    
    1   -0.18924913E+02    0.00000000E+00    0.90606416E+00
    2   -0.18925848E+02   -0.93575518E-03    0.89163010E+00
    3   -0.18950398E+02   -0.24549960E-01    0.26694369E+00
    4   -0.18950687E+02   -0.28869013E-03    0.26528225E+00
    5   -0.18951713E+02   -0.10259606E-02    0.44651376E-01
    6   -0.18951728E+02   -0.14857188E-04    0.36235250E-01
    7   -0.18951773E+02   -0.44897451E-04    0.20409238E-01
    8   -0.18951775E+02   -0.26929596E-05    0.19639430E-02
    9   -0.18951775E+02   -0.26608021E-07    0.26625374E-02
   10   -0.18951775E+02   -0.87827964E-07    0.10068679E-02
   11   -0.18951775E+02   -0.58894152E-08    0.49850127E-03
   12   -0.18951775E+02   -0.36462069E-08    0.33467937E-04
   13   -0.18951775E+02   -0.35210945E-10    0.62053126E-05
   14   -0.18951775E+02   -0.12256862E-11    0.93747952E-06
>> Charges saved for restart in charges.bin
 
 Total Energy:                     -18.7066618487 H
 Total Mermin free energy:         -18.7066618487 H
