================================================================================
==
==   Density Functional based Tight Binding with a lot of extensions (DFTB+)    
==
==                              Release: 1.2 (p2)
==
==                            (ParserVersion = 4)
==
================================================================================


********************************************************************************
** Parsing and initializing
********************************************************************************

Interpreting input file 'dftb_in.hsd'
--------------------------------------------------------------------------------
WARNING!
-> WriteHSDInput and WriteXMLInput both turned off. You won't eventually be 
 able to obtain the same results with a later version of the code!
Path: dftb_in/ParserOptions
Line: 85-88 (File: dftb_in.hsd)

Reading SK-files:
  /home/andersx/parameters/3ob-3-1/C-C.skf
  /home/andersx/parameters/3ob-3-1/C-N.skf
  /home/andersx/parameters/3ob-3-1/C-O.skf
  /home/andersx/parameters/3ob-3-1/C-H.skf
  /home/andersx/parameters/3ob-3-1/N-C.skf
  /home/andersx/parameters/3ob-3-1/N-N.skf
  /home/andersx/parameters/3ob-3-1/N-O.skf
  /home/andersx/parameters/3ob-3-1/N-H.skf
  /home/andersx/parameters/3ob-3-1/O-C.skf
  /home/andersx/parameters/3ob-3-1/O-N.skf
  /home/andersx/parameters/3ob-3-1/O-O.skf
  /home/andersx/parameters/3ob-3-1/O-H.skf
  /home/andersx/parameters/3ob-3-1/H-C.skf
  /home/andersx/parameters/3ob-3-1/H-N.skf
  /home/andersx/parameters/3ob-3-1/H-O.skf
  /home/andersx/parameters/3ob-3-1/H-H.skf
Done.

Starting initialization...
--------------------------------------------------------------------------------
Mode:                        Static calculation
Self consistent charges:     Yes
SCC-tolerance:                 0.100000E-05
Max. scc iterations:                    100
Ewald alpha parameter:         0.000000E+00
Spin polarisation:           No
Nr. of up electrons:            21.000000
Nr. of down electrons:          21.000000
Periodic boundaries:         No
Diagonalizer:                Divide and Conquer
Mixer:                       Anderson mixer
Mixing parameter:                  0.200000
Maximal SCC-cycles:                     100
Nr. of chrg. vectors to mix:              8
Electronic temperature:        0.100000E-07
Initial charges:             Set automatically (system chrg:   0.000E+00)
Included shells:              C:  s, p
                              N:  s, p
                              O:  s, p
                              H:  s
Full 3rd order correction    Yes
Damped SCC                   Yes
Damped specie(s):            H                                                 
Extra options:
--------------------------------------------------------------------------------
 

********************************************************************************
** Geometry step: 0
********************************************************************************

  iSCC Total electronic   Diff electronic      SCC error    
    1   -0.18837631E+02    0.00000000E+00    0.49177061E+00
    2   -0.18837814E+02   -0.18229121E-03    0.48523011E+00
    3   -0.18842477E+02   -0.46631513E-02    0.10788050E+00
    4   -0.18842412E+02    0.65211744E-04    0.11291396E+00
    5   -0.18842891E+02   -0.47928228E-03    0.40140155E-01
    6   -0.18842916E+02   -0.24742495E-04    0.13486063E-01
    7   -0.18842915E+02    0.50148826E-06    0.15141807E-01
    8   -0.18842928E+02   -0.12548545E-04    0.22382894E-02
    9   -0.18842928E+02   -0.57077397E-07    0.18044007E-02
   10   -0.18842928E+02   -0.26123042E-06    0.74559104E-03
   11   -0.18842928E+02   -0.98173842E-08    0.33240164E-03
   12   -0.18842928E+02   -0.98221662E-08    0.63809296E-04
   13   -0.18842928E+02   -0.23561597E-10    0.15793778E-04
   14   -0.18842928E+02   -0.25188740E-11    0.14224213E-05
   15   -0.18842928E+02   -0.46185278E-13    0.24291180E-06
>> Charges saved for restart in charges.bin
 
 Total Energy:                     -18.6200747710 H
 Total Mermin free energy:         -18.6200747710 H
