================================================================================
==
==   Density Functional based Tight Binding with a lot of extensions (DFTB+)    
==
==                              Release: 1.2 (p2)
==
==                            (ParserVersion = 4)
==
================================================================================


********************************************************************************
** Parsing and initializing
********************************************************************************

Interpreting input file 'dftb_in.hsd'
--------------------------------------------------------------------------------
WARNING!
-> WriteHSDInput and WriteXMLInput both turned off. You won't eventually be 
 able to obtain the same results with a later version of the code!
Path: dftb_in/ParserOptions
Line: 85-88 (File: dftb_in.hsd)

Reading SK-files:
  /home/andersx/parameters/3ob-3-1/C-C.skf
  /home/andersx/parameters/3ob-3-1/C-N.skf
  /home/andersx/parameters/3ob-3-1/C-O.skf
  /home/andersx/parameters/3ob-3-1/C-H.skf
  /home/andersx/parameters/3ob-3-1/N-C.skf
  /home/andersx/parameters/3ob-3-1/N-N.skf
  /home/andersx/parameters/3ob-3-1/N-O.skf
  /home/andersx/parameters/3ob-3-1/N-H.skf
  /home/andersx/parameters/3ob-3-1/O-C.skf
  /home/andersx/parameters/3ob-3-1/O-N.skf
  /home/andersx/parameters/3ob-3-1/O-O.skf
  /home/andersx/parameters/3ob-3-1/O-H.skf
  /home/andersx/parameters/3ob-3-1/H-C.skf
  /home/andersx/parameters/3ob-3-1/H-N.skf
  /home/andersx/parameters/3ob-3-1/H-O.skf
  /home/andersx/parameters/3ob-3-1/H-H.skf
Done.

Starting initialization...
--------------------------------------------------------------------------------
Mode:                        Static calculation
Self consistent charges:     Yes
SCC-tolerance:                 0.100000E-05
Max. scc iterations:                    100
Ewald alpha parameter:         0.000000E+00
Spin polarisation:           No
Nr. of up electrons:            21.000000
Nr. of down electrons:          21.000000
Periodic boundaries:         No
Diagonalizer:                Divide and Conquer
Mixer:                       Anderson mixer
Mixing parameter:                  0.200000
Maximal SCC-cycles:                     100
Nr. of chrg. vectors to mix:              8
Electronic temperature:        0.100000E-07
Initial charges:             Set automatically (system chrg:   0.000E+00)
Included shells:              C:  s, p
                              N:  s, p
                              O:  s, p
                              H:  s
Full 3rd order correction    Yes
Damped SCC                   Yes
Damped specie(s):            H                                                 
Extra options:
--------------------------------------------------------------------------------
 

********************************************************************************
** Geometry step: 0
********************************************************************************

  iSCC Total electronic   Diff electronic      SCC error    
    1   -0.18842301E+02    0.00000000E+00    0.49962652E+00
    2   -0.18842523E+02   -0.22251617E-03    0.49296949E+00
    3   -0.18847940E+02   -0.54162398E-02    0.73740922E-01
    4   -0.18847855E+02    0.84972823E-04    0.79610661E-01
    5   -0.18848519E+02   -0.66438408E-03    0.35385814E-01
    6   -0.18848565E+02   -0.45403854E-04    0.16160159E-01
    7   -0.18848560E+02    0.43133570E-05    0.19273816E-01
    8   -0.18848573E+02   -0.12838369E-04    0.18011311E-02
    9   -0.18848573E+02   -0.38830866E-07    0.14092572E-02
   10   -0.18848573E+02   -0.12062886E-06    0.28968880E-03
   11   -0.18848573E+02   -0.28358009E-08    0.10160136E-03
   12   -0.18848573E+02   -0.87212726E-09    0.11293051E-04
   13   -0.18848573E+02   -0.91198160E-11    0.38839783E-05
   14   -0.18848573E+02   -0.18118840E-12    0.97951936E-06
>> Charges saved for restart in charges.bin
 
 Total Energy:                     -18.6270368028 H
 Total Mermin free energy:         -18.6270368028 H
