================================================================================
==
==   Density Functional based Tight Binding with a lot of extensions (DFTB+)    
==
==                              Release: 1.2 (p2)
==
==                            (ParserVersion = 4)
==
================================================================================


********************************************************************************
** Parsing and initializing
********************************************************************************

Interpreting input file 'dftb_in.hsd'
--------------------------------------------------------------------------------
WARNING!
-> WriteHSDInput and WriteXMLInput both turned off. You won't eventually be 
 able to obtain the same results with a later version of the code!
Path: dftb_in/ParserOptions
Line: 88-91 (File: dftb_in.hsd)

Reading SK-files:
  /home/andersx/parameters/3ob-3-1/C-C.skf
  /home/andersx/parameters/3ob-3-1/C-N.skf
  /home/andersx/parameters/3ob-3-1/C-O.skf
  /home/andersx/parameters/3ob-3-1/C-H.skf
  /home/andersx/parameters/3ob-3-1/N-C.skf
  /home/andersx/parameters/3ob-3-1/N-N.skf
  /home/andersx/parameters/3ob-3-1/N-O.skf
  /home/andersx/parameters/3ob-3-1/N-H.skf
  /home/andersx/parameters/3ob-3-1/O-C.skf
  /home/andersx/parameters/3ob-3-1/O-N.skf
  /home/andersx/parameters/3ob-3-1/O-O.skf
  /home/andersx/parameters/3ob-3-1/O-H.skf
  /home/andersx/parameters/3ob-3-1/H-C.skf
  /home/andersx/parameters/3ob-3-1/H-N.skf
  /home/andersx/parameters/3ob-3-1/H-O.skf
  /home/andersx/parameters/3ob-3-1/H-H.skf
Done.

Starting initialization...
--------------------------------------------------------------------------------
Mode:                        Static calculation
Self consistent charges:     Yes
SCC-tolerance:                 0.100000E-05
Max. scc iterations:                    100
Ewald alpha parameter:         0.000000E+00
Spin polarisation:           No
Nr. of up electrons:            22.000000
Nr. of down electrons:          22.000000
Periodic boundaries:         No
Diagonalizer:                Divide and Conquer
Mixer:                       Anderson mixer
Mixing parameter:                  0.200000
Maximal SCC-cycles:                     100
Nr. of chrg. vectors to mix:              8
Electronic temperature:        0.100000E-07
Initial charges:             Set automatically (system chrg:   0.000E+00)
Included shells:              C:  s, p
                              N:  s, p
                              O:  s, p
                              H:  s
Full 3rd order correction    Yes
Damped SCC                   Yes
Damped specie(s):            H                                                 
Extra options:
--------------------------------------------------------------------------------
 

********************************************************************************
** Geometry step: 0
********************************************************************************

  iSCC Total electronic   Diff electronic      SCC error    
    1   -0.19114440E+02    0.00000000E+00    0.54555031E+00
    2   -0.19114870E+02   -0.43058708E-03    0.53696389E+00
    3   -0.19126710E+02   -0.11839512E-01    0.10264529E+00
    4   -0.19126599E+02    0.11042501E-03    0.94728739E-01
    5   -0.19126781E+02   -0.18195709E-03    0.65218673E-01
    6   -0.19126932E+02   -0.15033288E-03    0.66101830E-02
    7   -0.19126931E+02    0.52772169E-06    0.60518164E-02
    8   -0.19126937E+02   -0.60103987E-05    0.18719100E-02
    9   -0.19126937E+02    0.25638371E-08    0.20209164E-02
   10   -0.19126937E+02   -0.60894706E-07    0.12135475E-02
   11   -0.19126937E+02   -0.27659294E-07    0.42188046E-03
   12   -0.19126937E+02   -0.33935414E-08    0.51821226E-04
   13   -0.19126937E+02   -0.50338400E-10    0.17645165E-04
   14   -0.19126937E+02   -0.56346039E-11    0.14626014E-05
   15   -0.19126937E+02   -0.63948846E-13    0.26372670E-06
>> Charges saved for restart in charges.bin
 
 Total Energy:                     -19.1381307501 H
 Total Mermin free energy:         -19.1381307501 H
