================================================================================
==
==   Density Functional based Tight Binding with a lot of extensions (DFTB+)    
==
==                              Release: 1.2 (p2)
==
==                            (ParserVersion = 4)
==
================================================================================


********************************************************************************
** Parsing and initializing
********************************************************************************

Interpreting input file 'dftb_in.hsd'
--------------------------------------------------------------------------------
WARNING!
-> WriteHSDInput and WriteXMLInput both turned off. You won't eventually be 
 able to obtain the same results with a later version of the code!
Path: dftb_in/ParserOptions
Line: 82-85 (File: dftb_in.hsd)

Reading SK-files:
  /home/andersx/parameters/3ob-3-1/C-C.skf
  /home/andersx/parameters/3ob-3-1/C-N.skf
  /home/andersx/parameters/3ob-3-1/C-O.skf
  /home/andersx/parameters/3ob-3-1/C-H.skf
  /home/andersx/parameters/3ob-3-1/N-C.skf
  /home/andersx/parameters/3ob-3-1/N-N.skf
  /home/andersx/parameters/3ob-3-1/N-O.skf
  /home/andersx/parameters/3ob-3-1/N-H.skf
  /home/andersx/parameters/3ob-3-1/O-C.skf
  /home/andersx/parameters/3ob-3-1/O-N.skf
  /home/andersx/parameters/3ob-3-1/O-O.skf
  /home/andersx/parameters/3ob-3-1/O-H.skf
  /home/andersx/parameters/3ob-3-1/H-C.skf
  /home/andersx/parameters/3ob-3-1/H-N.skf
  /home/andersx/parameters/3ob-3-1/H-O.skf
  /home/andersx/parameters/3ob-3-1/H-H.skf
Done.

Starting initialization...
--------------------------------------------------------------------------------
Mode:                        Static calculation
Self consistent charges:     Yes
SCC-tolerance:                 0.100000E-05
Max. scc iterations:                    100
Ewald alpha parameter:         0.000000E+00
Spin polarisation:           No
Nr. of up electrons:            20.000000
Nr. of down electrons:          20.000000
Periodic boundaries:         No
Diagonalizer:                Divide and Conquer
Mixer:                       Anderson mixer
Mixing parameter:                  0.200000
Maximal SCC-cycles:                     100
Nr. of chrg. vectors to mix:              8
Electronic temperature:        0.100000E-07
Initial charges:             Set automatically (system chrg:   0.000E+00)
Included shells:              C:  s, p
                              N:  s, p
                              O:  s, p
                              H:  s
Full 3rd order correction    Yes
Damped SCC                   Yes
Damped specie(s):            H                                                 
Extra options:
--------------------------------------------------------------------------------
 

********************************************************************************
** Geometry step: 0
********************************************************************************

  iSCC Total electronic   Diff electronic      SCC error    
    1   -0.18797398E+02    0.00000000E+00    0.89222249E+00
    2   -0.18798127E+02   -0.72928508E-03    0.87892698E+00
    3   -0.18812755E+02   -0.14627605E-01    0.17095539E+00
    4   -0.18812731E+02    0.23380131E-04    0.16773249E+00
    5   -0.18815848E+02   -0.31163425E-02    0.43589808E-01
    6   -0.18815866E+02   -0.17930957E-04    0.36383980E-01
    7   -0.18815882E+02   -0.16127729E-04    0.28638438E-01
    8   -0.18815932E+02   -0.50448939E-04    0.40750938E-02
    9   -0.18815933E+02   -0.49347507E-06    0.34584419E-02
   10   -0.18815934E+02   -0.13918506E-05    0.38179817E-03
   11   -0.18815934E+02   -0.15799287E-07    0.24101305E-03
   12   -0.18815934E+02   -0.40780783E-08    0.43821097E-04
   13   -0.18815934E+02   -0.74699358E-10    0.49577672E-05
   14   -0.18815934E+02   -0.10231815E-11    0.17054215E-05
   15   -0.18815934E+02   -0.74606987E-13    0.10280960E-06
>> Charges saved for restart in charges.bin
 
 Total Energy:                     -18.4998809187 H
 Total Mermin free energy:         -18.4998809187 H
