================================================================================
==
==   Density Functional based Tight Binding with a lot of extensions (DFTB+)    
==
==                              Release: 1.2 (p2)
==
==                            (ParserVersion = 4)
==
================================================================================


********************************************************************************
** Parsing and initializing
********************************************************************************

Interpreting input file 'dftb_in.hsd'
--------------------------------------------------------------------------------
WARNING!
-> WriteHSDInput and WriteXMLInput both turned off. You won't eventually be 
 able to obtain the same results with a later version of the code!
Path: dftb_in/ParserOptions
Line: 87-90 (File: dftb_in.hsd)

Reading SK-files:
  /home/andersx/parameters/3ob-3-1/C-C.skf
  /home/andersx/parameters/3ob-3-1/C-N.skf
  /home/andersx/parameters/3ob-3-1/C-O.skf
  /home/andersx/parameters/3ob-3-1/C-H.skf
  /home/andersx/parameters/3ob-3-1/N-C.skf
  /home/andersx/parameters/3ob-3-1/N-N.skf
  /home/andersx/parameters/3ob-3-1/N-O.skf
  /home/andersx/parameters/3ob-3-1/N-H.skf
  /home/andersx/parameters/3ob-3-1/O-C.skf
  /home/andersx/parameters/3ob-3-1/O-N.skf
  /home/andersx/parameters/3ob-3-1/O-O.skf
  /home/andersx/parameters/3ob-3-1/O-H.skf
  /home/andersx/parameters/3ob-3-1/H-C.skf
  /home/andersx/parameters/3ob-3-1/H-N.skf
  /home/andersx/parameters/3ob-3-1/H-O.skf
  /home/andersx/parameters/3ob-3-1/H-H.skf
Done.

Starting initialization...
--------------------------------------------------------------------------------
Mode:                        Static calculation
Self consistent charges:     Yes
SCC-tolerance:                 0.100000E-05
Max. scc iterations:                    100
Ewald alpha parameter:         0.000000E+00
Spin polarisation:           No
Nr. of up electrons:            22.000000
Nr. of down electrons:          22.000000
Periodic boundaries:         No
Diagonalizer:                Divide and Conquer
Mixer:                       Anderson mixer
Mixing parameter:                  0.200000
Maximal SCC-cycles:                     100
Nr. of chrg. vectors to mix:              8
Electronic temperature:        0.100000E-07
Initial charges:             Set automatically (system chrg:   0.000E+00)
Included shells:              C:  s, p
                              N:  s, p
                              O:  s, p
                              H:  s
Full 3rd order correction    Yes
Damped SCC                   Yes
Damped specie(s):            H                                                 
Extra options:
--------------------------------------------------------------------------------
 

********************************************************************************
** Geometry step: 0
********************************************************************************

  iSCC Total electronic   Diff electronic      SCC error    
    1   -0.19586139E+02    0.00000000E+00    0.70196234E+00
    2   -0.19586384E+02   -0.24412660E-03    0.69274321E+00
    3   -0.19592522E+02   -0.61384615E-02    0.80191467E-01
    4   -0.19592369E+02    0.15337666E-03    0.52070380E-01
    5   -0.19592457E+02   -0.88095166E-04    0.11061688E+00
    6   -0.19592870E+02   -0.41352584E-03    0.17493602E-01
    7   -0.19592860E+02    0.10442004E-04    0.20727592E-01
    8   -0.19592868E+02   -0.79674286E-05    0.16369977E-01
    9   -0.19592874E+02   -0.65427758E-05    0.13743734E-02
   10   -0.19592874E+02   -0.13876825E-07    0.11945756E-02
   11   -0.19592874E+02   -0.43110742E-07    0.16089127E-03
   12   -0.19592874E+02   -0.19610269E-08    0.96155714E-04
   13   -0.19592874E+02   -0.81617912E-09    0.24670826E-04
   14   -0.19592874E+02   -0.14157564E-10    0.27004672E-05
   15   -0.19592874E+02   -0.49737992E-13    0.71376829E-06
>> Charges saved for restart in charges.bin
 
 Total Energy:                     -19.4510253389 H
 Total Mermin free energy:         -19.4510253389 H
