================================================================================
==
==   Density Functional based Tight Binding with a lot of extensions (DFTB+)    
==
==                              Release: 1.2 (p2)
==
==                            (ParserVersion = 4)
==
================================================================================


********************************************************************************
** Parsing and initializing
********************************************************************************

Interpreting input file 'dftb_in.hsd'
--------------------------------------------------------------------------------
WARNING!
-> WriteHSDInput and WriteXMLInput both turned off. You won't eventually be 
 able to obtain the same results with a later version of the code!
Path: dftb_in/ParserOptions
Line: 85-88 (File: dftb_in.hsd)

Reading SK-files:
  /home/andersx/parameters/3ob-3-1/C-C.skf
  /home/andersx/parameters/3ob-3-1/C-N.skf
  /home/andersx/parameters/3ob-3-1/C-O.skf
  /home/andersx/parameters/3ob-3-1/C-H.skf
  /home/andersx/parameters/3ob-3-1/N-C.skf
  /home/andersx/parameters/3ob-3-1/N-N.skf
  /home/andersx/parameters/3ob-3-1/N-O.skf
  /home/andersx/parameters/3ob-3-1/N-H.skf
  /home/andersx/parameters/3ob-3-1/O-C.skf
  /home/andersx/parameters/3ob-3-1/O-N.skf
  /home/andersx/parameters/3ob-3-1/O-O.skf
  /home/andersx/parameters/3ob-3-1/O-H.skf
  /home/andersx/parameters/3ob-3-1/H-C.skf
  /home/andersx/parameters/3ob-3-1/H-N.skf
  /home/andersx/parameters/3ob-3-1/H-O.skf
  /home/andersx/parameters/3ob-3-1/H-H.skf
Done.

Starting initialization...
--------------------------------------------------------------------------------
Mode:                        Static calculation
Self consistent charges:     Yes
SCC-tolerance:                 0.100000E-05
Max. scc iterations:                    100
Ewald alpha parameter:         0.000000E+00
Spin polarisation:           No
Nr. of up electrons:            21.000000
Nr. of down electrons:          21.000000
Periodic boundaries:         No
Diagonalizer:                Divide and Conquer
Mixer:                       Anderson mixer
Mixing parameter:                  0.200000
Maximal SCC-cycles:                     100
Nr. of chrg. vectors to mix:              8
Electronic temperature:        0.100000E-07
Initial charges:             Set automatically (system chrg:   0.000E+00)
Included shells:              C:  s, p
                              N:  s, p
                              O:  s, p
                              H:  s
Full 3rd order correction    Yes
Damped SCC                   Yes
Damped specie(s):            H                                                 
Extra options:
--------------------------------------------------------------------------------
 

********************************************************************************
** Geometry step: 0
********************************************************************************

  iSCC Total electronic   Diff electronic      SCC error    
    1   -0.18805825E+02    0.00000000E+00    0.45802186E+00
    2   -0.18806185E+02   -0.35998789E-03    0.45189276E+00
    3   -0.18815339E+02   -0.91532026E-02    0.10485671E+00
    4   -0.18815296E+02    0.42175074E-04    0.10681871E+00
    5   -0.18815802E+02   -0.50605562E-03    0.18672540E-01
    6   -0.18815813E+02   -0.10390062E-04    0.90480996E-02
    7   -0.18815819E+02   -0.58825358E-05    0.11066757E-01
    8   -0.18815822E+02   -0.35233698E-05    0.17121856E-02
    9   -0.18815822E+02   -0.56716949E-07    0.15014926E-02
   10   -0.18815822E+02   -0.14543264E-06    0.52200049E-03
   11   -0.18815822E+02   -0.35400944E-08    0.13490986E-03
   12   -0.18815822E+02   -0.11976695E-08    0.13841210E-04
   13   -0.18815822E+02   -0.12938983E-10    0.39190479E-05
   14   -0.18815822E+02   -0.33040237E-12    0.63438654E-06
>> Charges saved for restart in charges.bin
 
 Total Energy:                     -18.6091117179 H
 Total Mermin free energy:         -18.6091117179 H
