================================================================================
==
==   Density Functional based Tight Binding with a lot of extensions (DFTB+)    
==
==                              Release: 1.2 (p2)
==
==                            (ParserVersion = 4)
==
================================================================================


********************************************************************************
** Parsing and initializing
********************************************************************************

Interpreting input file 'dftb_in.hsd'
--------------------------------------------------------------------------------
WARNING!
-> WriteHSDInput and WriteXMLInput both turned off. You won't eventually be 
 able to obtain the same results with a later version of the code!
Path: dftb_in/ParserOptions
Line: 84-87 (File: dftb_in.hsd)

Reading SK-files:
  /home/andersx/parameters/3ob-3-1/C-C.skf
  /home/andersx/parameters/3ob-3-1/C-N.skf
  /home/andersx/parameters/3ob-3-1/C-O.skf
  /home/andersx/parameters/3ob-3-1/C-H.skf
  /home/andersx/parameters/3ob-3-1/N-C.skf
  /home/andersx/parameters/3ob-3-1/N-N.skf
  /home/andersx/parameters/3ob-3-1/N-O.skf
  /home/andersx/parameters/3ob-3-1/N-H.skf
  /home/andersx/parameters/3ob-3-1/O-C.skf
  /home/andersx/parameters/3ob-3-1/O-N.skf
  /home/andersx/parameters/3ob-3-1/O-O.skf
  /home/andersx/parameters/3ob-3-1/O-H.skf
  /home/andersx/parameters/3ob-3-1/H-C.skf
  /home/andersx/parameters/3ob-3-1/H-N.skf
  /home/andersx/parameters/3ob-3-1/H-O.skf
  /home/andersx/parameters/3ob-3-1/H-H.skf
Done.

Starting initialization...
--------------------------------------------------------------------------------
Mode:                        Static calculation
Self consistent charges:     Yes
SCC-tolerance:                 0.100000E-05
Max. scc iterations:                    100
Ewald alpha parameter:         0.000000E+00
Spin polarisation:           No
Nr. of up electrons:            20.000000
Nr. of down electrons:          20.000000
Periodic boundaries:         No
Diagonalizer:                Divide and Conquer
Mixer:                       Anderson mixer
Mixing parameter:                  0.200000
Maximal SCC-cycles:                     100
Nr. of chrg. vectors to mix:              8
Electronic temperature:        0.100000E-07
Initial charges:             Set automatically (system chrg:   0.000E+00)
Included shells:              C:  s, p
                              N:  s, p
                              O:  s, p
                              H:  s
Full 3rd order correction    Yes
Damped SCC                   Yes
Damped specie(s):            H                                                 
Extra options:
--------------------------------------------------------------------------------
 

********************************************************************************
** Geometry step: 0
********************************************************************************

  iSCC Total electronic   Diff electronic      SCC error    
    1   -0.17787518E+02    0.00000000E+00    0.67907260E+00
    2   -0.17787759E+02   -0.24113348E-03    0.67004004E+00
    3   -0.17794325E+02   -0.65656000E-02    0.54270250E-01
    4   -0.17794233E+02    0.91799620E-04    0.39300685E-01
    5   -0.17794420E+02   -0.18733407E-03    0.58186654E-01
    6   -0.17794592E+02   -0.17166762E-03    0.20385730E-01
    7   -0.17794599E+02   -0.67465852E-05    0.20411137E-01
    8   -0.17794611E+02   -0.12834021E-04    0.31655446E-02
    9   -0.17794612E+02   -0.23906735E-06    0.14359259E-02
   10   -0.17794612E+02   -0.16787390E-06    0.17224011E-03
   11   -0.17794612E+02   -0.11432277E-08    0.86470000E-04
   12   -0.17794612E+02   -0.31575453E-09    0.82363118E-05
   13   -0.17794612E+02   -0.44018122E-11    0.18929699E-05
   14   -0.17794612E+02   -0.85265128E-13    0.36915322E-06
>> Charges saved for restart in charges.bin
 
 Total Energy:                     -17.5645270705 H
 Total Mermin free energy:         -17.5645270705 H
