================================================================================
==
==   Density Functional based Tight Binding with a lot of extensions (DFTB+)    
==
==                              Release: 1.2 (p2)
==
==                            (ParserVersion = 4)
==
================================================================================


********************************************************************************
** Parsing and initializing
********************************************************************************

Interpreting input file 'dftb_in.hsd'
--------------------------------------------------------------------------------
WARNING!
-> WriteHSDInput and WriteXMLInput both turned off. You won't eventually be 
 able to obtain the same results with a later version of the code!
Path: dftb_in/ParserOptions
Line: 83-86 (File: dftb_in.hsd)

Reading SK-files:
  /home/andersx/parameters/3ob-3-1/C-C.skf
  /home/andersx/parameters/3ob-3-1/C-N.skf
  /home/andersx/parameters/3ob-3-1/C-O.skf
  /home/andersx/parameters/3ob-3-1/C-H.skf
  /home/andersx/parameters/3ob-3-1/N-C.skf
  /home/andersx/parameters/3ob-3-1/N-N.skf
  /home/andersx/parameters/3ob-3-1/N-O.skf
  /home/andersx/parameters/3ob-3-1/N-H.skf
  /home/andersx/parameters/3ob-3-1/O-C.skf
  /home/andersx/parameters/3ob-3-1/O-N.skf
  /home/andersx/parameters/3ob-3-1/O-O.skf
  /home/andersx/parameters/3ob-3-1/O-H.skf
  /home/andersx/parameters/3ob-3-1/H-C.skf
  /home/andersx/parameters/3ob-3-1/H-N.skf
  /home/andersx/parameters/3ob-3-1/H-O.skf
  /home/andersx/parameters/3ob-3-1/H-H.skf
Done.

Starting initialization...
--------------------------------------------------------------------------------
Mode:                        Static calculation
Self consistent charges:     Yes
SCC-tolerance:                 0.100000E-05
Max. scc iterations:                    100
Ewald alpha parameter:         0.000000E+00
Spin polarisation:           No
Nr. of up electrons:            20.000000
Nr. of down electrons:          20.000000
Periodic boundaries:         No
Diagonalizer:                Divide and Conquer
Mixer:                       Anderson mixer
Mixing parameter:                  0.200000
Maximal SCC-cycles:                     100
Nr. of chrg. vectors to mix:              8
Electronic temperature:        0.100000E-07
Initial charges:             Set automatically (system chrg:   0.000E+00)
Included shells:              C:  s, p
                              N:  s, p
                              O:  s, p
                              H:  s
Full 3rd order correction    Yes
Damped SCC                   Yes
Damped specie(s):            H                                                 
Extra options:
--------------------------------------------------------------------------------
 

********************************************************************************
** Geometry step: 0
********************************************************************************

  iSCC Total electronic   Diff electronic      SCC error    
    1   -0.18233986E+02    0.00000000E+00    0.67539734E+00
    2   -0.18234826E+02   -0.83960309E-03    0.66633776E+00
    3   -0.18253775E+02   -0.18949088E-01    0.15958551E+00
    4   -0.18253625E+02    0.14989699E-03    0.14574869E+00
    5   -0.18254731E+02   -0.11056393E-02    0.32728646E-01
    6   -0.18254793E+02   -0.62466505E-04    0.11768451E-01
    7   -0.18254789E+02    0.46772588E-05    0.12736877E-01
    8   -0.18254808E+02   -0.19016503E-04    0.11624832E-02
    9   -0.18254808E+02   -0.35399086E-07    0.91927503E-03
   10   -0.18254808E+02   -0.46650666E-07    0.35193188E-03
   11   -0.18254808E+02   -0.35231942E-08    0.13427429E-03
   12   -0.18254808E+02   -0.64961725E-09    0.20789000E-04
   13   -0.18254808E+02   -0.16935786E-10    0.34750460E-05
   14   -0.18254808E+02   -0.28776981E-12    0.22512639E-06
>> Charges saved for restart in charges.bin
 
 Total Energy:                     -17.9319638372 H
 Total Mermin free energy:         -17.9319638372 H
