================================================================================
==
==   Density Functional based Tight Binding with a lot of extensions (DFTB+)    
==
==                              Release: 1.2 (p2)
==
==                            (ParserVersion = 4)
==
================================================================================


********************************************************************************
** Parsing and initializing
********************************************************************************

Interpreting input file 'dftb_in.hsd'
--------------------------------------------------------------------------------
WARNING!
-> WriteHSDInput and WriteXMLInput both turned off. You won't eventually be 
 able to obtain the same results with a later version of the code!
Path: dftb_in/ParserOptions
Line: 83-86 (File: dftb_in.hsd)

Reading SK-files:
  /home/andersx/parameters/3ob-3-1/C-C.skf
  /home/andersx/parameters/3ob-3-1/C-N.skf
  /home/andersx/parameters/3ob-3-1/C-O.skf
  /home/andersx/parameters/3ob-3-1/C-H.skf
  /home/andersx/parameters/3ob-3-1/N-C.skf
  /home/andersx/parameters/3ob-3-1/N-N.skf
  /home/andersx/parameters/3ob-3-1/N-O.skf
  /home/andersx/parameters/3ob-3-1/N-H.skf
  /home/andersx/parameters/3ob-3-1/O-C.skf
  /home/andersx/parameters/3ob-3-1/O-N.skf
  /home/andersx/parameters/3ob-3-1/O-O.skf
  /home/andersx/parameters/3ob-3-1/O-H.skf
  /home/andersx/parameters/3ob-3-1/H-C.skf
  /home/andersx/parameters/3ob-3-1/H-N.skf
  /home/andersx/parameters/3ob-3-1/H-O.skf
  /home/andersx/parameters/3ob-3-1/H-H.skf
Done.

Starting initialization...
--------------------------------------------------------------------------------
Mode:                        Static calculation
Self consistent charges:     Yes
SCC-tolerance:                 0.100000E-05
Max. scc iterations:                    100
Ewald alpha parameter:         0.000000E+00
Spin polarisation:           No
Nr. of up electrons:            20.000000
Nr. of down electrons:          20.000000
Periodic boundaries:         No
Diagonalizer:                Divide and Conquer
Mixer:                       Anderson mixer
Mixing parameter:                  0.200000
Maximal SCC-cycles:                     100
Nr. of chrg. vectors to mix:              8
Electronic temperature:        0.100000E-07
Initial charges:             Set automatically (system chrg:   0.000E+00)
Included shells:              C:  s, p
                              N:  s, p
                              O:  s, p
                              H:  s
Full 3rd order correction    Yes
Damped SCC                   Yes
Damped specie(s):            H                                                 
Extra options:
--------------------------------------------------------------------------------
 

********************************************************************************
** Geometry step: 0
********************************************************************************

  iSCC Total electronic   Diff electronic      SCC error    
    1   -0.18204366E+02    0.00000000E+00    0.73768590E+00
    2   -0.18205518E+02   -0.11513665E-02    0.72421043E+00
    3   -0.18235233E+02   -0.29715443E-01    0.18360589E+00
    4   -0.18235354E+02   -0.12041314E-03    0.18123836E+00
    5   -0.18235798E+02   -0.44461076E-03    0.28485958E-01
    6   -0.18235817E+02   -0.18795208E-04    0.19284906E-01
    7   -0.18235880E+02   -0.63130703E-04    0.98110050E-02
    8   -0.18235890E+02   -0.97297016E-05    0.34578799E-02
    9   -0.18235891E+02   -0.76348081E-06    0.26388221E-02
   10   -0.18235892E+02   -0.10465880E-05    0.49650087E-03
   11   -0.18235892E+02   -0.13336194E-07    0.28750968E-03
   12   -0.18235892E+02   -0.30925555E-08    0.25392200E-04
   13   -0.18235892E+02   -0.87631236E-10    0.70578271E-05
   14   -0.18235892E+02   -0.32400749E-11    0.13660029E-05
   15   -0.18235892E+02   -0.39079850E-13    0.14421992E-06
>> Charges saved for restart in charges.bin
 
 Total Energy:                     -17.9252542080 H
 Total Mermin free energy:         -17.9252542080 H
