================================================================================
==
==   Density Functional based Tight Binding with a lot of extensions (DFTB+)    
==
==                              Release: 1.2 (p2)
==
==                            (ParserVersion = 4)
==
================================================================================


********************************************************************************
** Parsing and initializing
********************************************************************************

Interpreting input file 'dftb_in.hsd'
--------------------------------------------------------------------------------
WARNING!
-> WriteHSDInput and WriteXMLInput both turned off. You won't eventually be 
 able to obtain the same results with a later version of the code!
Path: dftb_in/ParserOptions
Line: 83-86 (File: dftb_in.hsd)

Reading SK-files:
  /home/andersx/parameters/3ob-3-1/C-C.skf
  /home/andersx/parameters/3ob-3-1/C-N.skf
  /home/andersx/parameters/3ob-3-1/C-O.skf
  /home/andersx/parameters/3ob-3-1/C-H.skf
  /home/andersx/parameters/3ob-3-1/N-C.skf
  /home/andersx/parameters/3ob-3-1/N-N.skf
  /home/andersx/parameters/3ob-3-1/N-O.skf
  /home/andersx/parameters/3ob-3-1/N-H.skf
  /home/andersx/parameters/3ob-3-1/O-C.skf
  /home/andersx/parameters/3ob-3-1/O-N.skf
  /home/andersx/parameters/3ob-3-1/O-O.skf
  /home/andersx/parameters/3ob-3-1/O-H.skf
  /home/andersx/parameters/3ob-3-1/H-C.skf
  /home/andersx/parameters/3ob-3-1/H-N.skf
  /home/andersx/parameters/3ob-3-1/H-O.skf
  /home/andersx/parameters/3ob-3-1/H-H.skf
Done.

Starting initialization...
--------------------------------------------------------------------------------
Mode:                        Static calculation
Self consistent charges:     Yes
SCC-tolerance:                 0.100000E-05
Max. scc iterations:                    100
Ewald alpha parameter:         0.000000E+00
Spin polarisation:           No
Nr. of up electrons:            20.000000
Nr. of down electrons:          20.000000
Periodic boundaries:         No
Diagonalizer:                Divide and Conquer
Mixer:                       Anderson mixer
Mixing parameter:                  0.200000
Maximal SCC-cycles:                     100
Nr. of chrg. vectors to mix:              8
Electronic temperature:        0.100000E-07
Initial charges:             Set automatically (system chrg:   0.000E+00)
Included shells:              C:  s, p
                              N:  s, p
                              O:  s, p
                              H:  s
Full 3rd order correction    Yes
Damped SCC                   Yes
Damped specie(s):            H                                                 
Extra options:
--------------------------------------------------------------------------------
 

********************************************************************************
** Geometry step: 0
********************************************************************************

  iSCC Total electronic   Diff electronic      SCC error    
    1   -0.18146583E+02    0.00000000E+00    0.89820778E+00
    2   -0.18147343E+02   -0.75933974E-03    0.88439217E+00
    3   -0.18166856E+02   -0.19512901E-01    0.16630701E+00
    4   -0.18166653E+02    0.20237303E-03    0.16068617E+00
    5   -0.18166824E+02   -0.17128699E-03    0.94335022E-01
    6   -0.18167314E+02   -0.48976383E-03    0.22303033E-01
    7   -0.18167306E+02    0.81364928E-05    0.32488671E-01
    8   -0.18167352E+02   -0.45616064E-04    0.98287205E-02
    9   -0.18167353E+02   -0.15668688E-05    0.21792565E-02
   10   -0.18167353E+02   -0.10226567E-06    0.19320397E-02
   11   -0.18167354E+02   -0.24870871E-06    0.34676080E-03
   12   -0.18167354E+02   -0.48143889E-08    0.15958412E-03
   13   -0.18167354E+02   -0.14280488E-08    0.24916497E-04
   14   -0.18167354E+02   -0.57237770E-10    0.19924281E-05
   15   -0.18167354E+02   -0.81712415E-13    0.37006674E-06
>> Charges saved for restart in charges.bin
 
 Total Energy:                     -17.8980934454 H
 Total Mermin free energy:         -17.8980934454 H
