================================================================================
==
==   Density Functional based Tight Binding with a lot of extensions (DFTB+)    
==
==                              Release: 1.2 (p2)
==
==                            (ParserVersion = 4)
==
================================================================================


********************************************************************************
** Parsing and initializing
********************************************************************************

Interpreting input file 'dftb_in.hsd'
--------------------------------------------------------------------------------
WARNING!
-> WriteHSDInput and WriteXMLInput both turned off. You won't eventually be 
 able to obtain the same results with a later version of the code!
Path: dftb_in/ParserOptions
Line: 83-86 (File: dftb_in.hsd)

Reading SK-files:
  /home/andersx/parameters/3ob-3-1/C-C.skf
  /home/andersx/parameters/3ob-3-1/C-N.skf
  /home/andersx/parameters/3ob-3-1/C-O.skf
  /home/andersx/parameters/3ob-3-1/C-H.skf
  /home/andersx/parameters/3ob-3-1/N-C.skf
  /home/andersx/parameters/3ob-3-1/N-N.skf
  /home/andersx/parameters/3ob-3-1/N-O.skf
  /home/andersx/parameters/3ob-3-1/N-H.skf
  /home/andersx/parameters/3ob-3-1/O-C.skf
  /home/andersx/parameters/3ob-3-1/O-N.skf
  /home/andersx/parameters/3ob-3-1/O-O.skf
  /home/andersx/parameters/3ob-3-1/O-H.skf
  /home/andersx/parameters/3ob-3-1/H-C.skf
  /home/andersx/parameters/3ob-3-1/H-N.skf
  /home/andersx/parameters/3ob-3-1/H-O.skf
  /home/andersx/parameters/3ob-3-1/H-H.skf
Done.

Starting initialization...
--------------------------------------------------------------------------------
Mode:                        Static calculation
Self consistent charges:     Yes
SCC-tolerance:                 0.100000E-05
Max. scc iterations:                    100
Ewald alpha parameter:         0.000000E+00
Spin polarisation:           No
Nr. of up electrons:            20.000000
Nr. of down electrons:          20.000000
Periodic boundaries:         No
Diagonalizer:                Divide and Conquer
Mixer:                       Anderson mixer
Mixing parameter:                  0.200000
Maximal SCC-cycles:                     100
Nr. of chrg. vectors to mix:              8
Electronic temperature:        0.100000E-07
Initial charges:             Set automatically (system chrg:   0.000E+00)
Included shells:              C:  s, p
                              N:  s, p
                              O:  s, p
                              H:  s
Full 3rd order correction    Yes
Damped SCC                   Yes
Damped specie(s):            H                                                 
Extra options:
--------------------------------------------------------------------------------
 

********************************************************************************
** Geometry step: 0
********************************************************************************

  iSCC Total electronic   Diff electronic      SCC error    
    1   -0.18148554E+02    0.00000000E+00    0.69267473E+00
    2   -0.18149114E+02   -0.56024995E-03    0.68019938E+00
    3   -0.18161105E+02   -0.11990855E-01    0.15404633E+00
    4   -0.18160830E+02    0.27452941E-03    0.15596478E+00
    5   -0.18161856E+02   -0.10261210E-02    0.10279215E+00
    6   -0.18162249E+02   -0.39280200E-03    0.23824948E-01
    7   -0.18162229E+02    0.20479789E-04    0.34609882E-01
    8   -0.18162274E+02   -0.45088428E-04    0.37444010E-02
    9   -0.18162274E+02   -0.50805133E-06    0.25967819E-02
   10   -0.18162275E+02   -0.10886832E-05    0.89387886E-03
   11   -0.18162275E+02   -0.17242051E-07    0.42851723E-03
   12   -0.18162275E+02   -0.19366222E-07    0.85294301E-04
   13   -0.18162275E+02   -0.12342483E-09    0.33344107E-04
   14   -0.18162275E+02   -0.70595974E-10    0.25201581E-05
   15   -0.18162275E+02   -0.16697754E-12    0.22702573E-06
>> Charges saved for restart in charges.bin
 
 Total Energy:                     -17.8372996678 H
 Total Mermin free energy:         -17.8372996678 H
