================================================================================
==
==   Density Functional based Tight Binding with a lot of extensions (DFTB+)    
==
==                              Release: 1.2 (p2)
==
==                            (ParserVersion = 4)
==
================================================================================


********************************************************************************
** Parsing and initializing
********************************************************************************

Interpreting input file 'dftb_in.hsd'
--------------------------------------------------------------------------------
WARNING!
-> WriteHSDInput and WriteXMLInput both turned off. You won't eventually be 
 able to obtain the same results with a later version of the code!
Path: dftb_in/ParserOptions
Line: 84-87 (File: dftb_in.hsd)

Reading SK-files:
  /home/andersx/parameters/3ob-3-1/C-C.skf
  /home/andersx/parameters/3ob-3-1/C-N.skf
  /home/andersx/parameters/3ob-3-1/C-O.skf
  /home/andersx/parameters/3ob-3-1/C-H.skf
  /home/andersx/parameters/3ob-3-1/N-C.skf
  /home/andersx/parameters/3ob-3-1/N-N.skf
  /home/andersx/parameters/3ob-3-1/N-O.skf
  /home/andersx/parameters/3ob-3-1/N-H.skf
  /home/andersx/parameters/3ob-3-1/O-C.skf
  /home/andersx/parameters/3ob-3-1/O-N.skf
  /home/andersx/parameters/3ob-3-1/O-O.skf
  /home/andersx/parameters/3ob-3-1/O-H.skf
  /home/andersx/parameters/3ob-3-1/H-C.skf
  /home/andersx/parameters/3ob-3-1/H-N.skf
  /home/andersx/parameters/3ob-3-1/H-O.skf
  /home/andersx/parameters/3ob-3-1/H-H.skf
Done.

Starting initialization...
--------------------------------------------------------------------------------
Mode:                        Static calculation
Self consistent charges:     Yes
SCC-tolerance:                 0.100000E-05
Max. scc iterations:                    100
Ewald alpha parameter:         0.000000E+00
Spin polarisation:           No
Nr. of up electrons:            20.000000
Nr. of down electrons:          20.000000
Periodic boundaries:         No
Diagonalizer:                Divide and Conquer
Mixer:                       Anderson mixer
Mixing parameter:                  0.200000
Maximal SCC-cycles:                     100
Nr. of chrg. vectors to mix:              8
Electronic temperature:        0.100000E-07
Initial charges:             Set automatically (system chrg:   0.000E+00)
Included shells:              C:  s, p
                              N:  s, p
                              O:  s, p
                              H:  s
Full 3rd order correction    Yes
Damped SCC                   Yes
Damped specie(s):            H                                                 
Extra options:
--------------------------------------------------------------------------------
 

********************************************************************************
** Geometry step: 0
********************************************************************************

  iSCC Total electronic   Diff electronic      SCC error    
    1   -0.17761229E+02    0.00000000E+00    0.92885116E+00
    2   -0.17762319E+02   -0.10894528E-02    0.91400108E+00
    3   -0.17787117E+02   -0.24798570E-01    0.22783471E+00
    4   -0.17787526E+02   -0.40855971E-03    0.22425016E+00
    5   -0.17789842E+02   -0.23165341E-02    0.20378027E-01
    6   -0.17789867E+02   -0.24375750E-04    0.13659633E-01
    7   -0.17789869E+02   -0.22312446E-05    0.10146630E-01
    8   -0.17789876E+02   -0.64436574E-05    0.12422508E-02
    9   -0.17789876E+02   -0.92235634E-07    0.75846274E-03
   10   -0.17789876E+02   -0.13829079E-06    0.22940232E-03
   11   -0.17789876E+02   -0.14035422E-08    0.16228884E-03
   12   -0.17789876E+02   -0.71557338E-09    0.19177610E-04
   13   -0.17789876E+02   -0.52970961E-11    0.59224021E-05
   14   -0.17789876E+02   -0.81712415E-13    0.38447673E-06
>> Charges saved for restart in charges.bin
 
 Total Energy:                     -17.6305892948 H
 Total Mermin free energy:         -17.6305892948 H
