================================================================================
==
==   Density Functional based Tight Binding with a lot of extensions (DFTB+)    
==
==                              Release: 1.2 (p2)
==
==                            (ParserVersion = 4)
==
================================================================================


********************************************************************************
** Parsing and initializing
********************************************************************************

Interpreting input file 'dftb_in.hsd'
--------------------------------------------------------------------------------
WARNING!
-> WriteHSDInput and WriteXMLInput both turned off. You won't eventually be 
 able to obtain the same results with a later version of the code!
Path: dftb_in/ParserOptions
Line: 73-76 (File: dftb_in.hsd)

Reading SK-files:
  /home/andersx/parameters/3ob-3-1/C-C.skf
  /home/andersx/parameters/3ob-3-1/C-N.skf
  /home/andersx/parameters/3ob-3-1/C-H.skf
  /home/andersx/parameters/3ob-3-1/N-C.skf
  /home/andersx/parameters/3ob-3-1/N-N.skf
  /home/andersx/parameters/3ob-3-1/N-H.skf
  /home/andersx/parameters/3ob-3-1/H-C.skf
  /home/andersx/parameters/3ob-3-1/H-N.skf
  /home/andersx/parameters/3ob-3-1/H-H.skf
Done.

Starting initialization...
--------------------------------------------------------------------------------
Mode:                        Static calculation
Self consistent charges:     Yes
SCC-tolerance:                 0.100000E-05
Max. scc iterations:                    100
Ewald alpha parameter:         0.000000E+00
Spin polarisation:           No
Nr. of up electrons:            17.000000
Nr. of down electrons:          17.000000
Periodic boundaries:         No
Diagonalizer:                Divide and Conquer
Mixer:                       Anderson mixer
Mixing parameter:                  0.200000
Maximal SCC-cycles:                     100
Nr. of chrg. vectors to mix:              8
Electronic temperature:        0.100000E-07
Initial charges:             Set automatically (system chrg:   0.000E+00)
Included shells:              C:  s, p
                              N:  s, p
                              H:  s
Full 3rd order correction    Yes
Damped SCC                   Yes
Damped specie(s):            H                                                 
Extra options:
--------------------------------------------------------------------------------
 

********************************************************************************
** Geometry step: 0
********************************************************************************

  iSCC Total electronic   Diff electronic      SCC error    
    1   -0.14726348E+02    0.00000000E+00    0.21524627E+00
    2   -0.14726497E+02   -0.14804966E-03    0.21112296E+00
    3   -0.14730397E+02   -0.39009126E-02    0.94627377E-01
    4   -0.14730380E+02    0.17739859E-04    0.91770272E-01
    5   -0.14730623E+02   -0.24339359E-03    0.94757161E-02
    6   -0.14730624E+02   -0.10789137E-05    0.92260252E-02
    7   -0.14730639E+02   -0.14497475E-04    0.99975489E-02
    8   -0.14730641E+02   -0.20308911E-05    0.12572670E-02
    9   -0.14730641E+02   -0.31684001E-07    0.10801491E-02
   10   -0.14730641E+02   -0.88958458E-07    0.16947525E-03
   11   -0.14730641E+02   -0.20042634E-08    0.12042222E-03
   12   -0.14730641E+02   -0.64127903E-09    0.13160549E-04
   13   -0.14730641E+02   -0.16912693E-10    0.13200294E-05
   14   -0.14730641E+02   -0.81712415E-13    0.27247810E-06
>> Charges saved for restart in charges.bin
 
 Total Energy:                     -14.5414356559 H
 Total Mermin free energy:         -14.5414356559 H
