================================================================================
==
==   Density Functional based Tight Binding with a lot of extensions (DFTB+)    
==
==                              Release: 1.2 (p2)
==
==                            (ParserVersion = 4)
==
================================================================================


********************************************************************************
** Parsing and initializing
********************************************************************************

Interpreting input file 'dftb_in.hsd'
--------------------------------------------------------------------------------
WARNING!
-> WriteHSDInput and WriteXMLInput both turned off. You won't eventually be 
 able to obtain the same results with a later version of the code!
Path: dftb_in/ParserOptions
Line: 84-87 (File: dftb_in.hsd)

Reading SK-files:
  /home/andersx/parameters/3ob-3-1/C-C.skf
  /home/andersx/parameters/3ob-3-1/C-N.skf
  /home/andersx/parameters/3ob-3-1/C-O.skf
  /home/andersx/parameters/3ob-3-1/C-H.skf
  /home/andersx/parameters/3ob-3-1/N-C.skf
  /home/andersx/parameters/3ob-3-1/N-N.skf
  /home/andersx/parameters/3ob-3-1/N-O.skf
  /home/andersx/parameters/3ob-3-1/N-H.skf
  /home/andersx/parameters/3ob-3-1/O-C.skf
  /home/andersx/parameters/3ob-3-1/O-N.skf
  /home/andersx/parameters/3ob-3-1/O-O.skf
  /home/andersx/parameters/3ob-3-1/O-H.skf
  /home/andersx/parameters/3ob-3-1/H-C.skf
  /home/andersx/parameters/3ob-3-1/H-N.skf
  /home/andersx/parameters/3ob-3-1/H-O.skf
  /home/andersx/parameters/3ob-3-1/H-H.skf
Done.

Starting initialization...
--------------------------------------------------------------------------------
Mode:                        Static calculation
Self consistent charges:     Yes
SCC-tolerance:                 0.100000E-05
Max. scc iterations:                    100
Ewald alpha parameter:         0.000000E+00
Spin polarisation:           No
Nr. of up electrons:            20.000000
Nr. of down electrons:          20.000000
Periodic boundaries:         No
Diagonalizer:                Divide and Conquer
Mixer:                       Anderson mixer
Mixing parameter:                  0.200000
Maximal SCC-cycles:                     100
Nr. of chrg. vectors to mix:              8
Electronic temperature:        0.100000E-07
Initial charges:             Set automatically (system chrg:   0.000E+00)
Included shells:              C:  s, p
                              N:  s, p
                              O:  s, p
                              H:  s
Full 3rd order correction    Yes
Damped SCC                   Yes
Damped specie(s):            H                                                 
Extra options:
--------------------------------------------------------------------------------
 

********************************************************************************
** Geometry step: 0
********************************************************************************

  iSCC Total electronic   Diff electronic      SCC error    
    1   -0.17807400E+02    0.00000000E+00    0.91138744E+00
    2   -0.17808476E+02   -0.10762585E-02    0.89663704E+00
    3   -0.17833188E+02   -0.24711480E-01    0.22492199E+00
    4   -0.17833732E+02   -0.54457481E-03    0.22112827E+00
    5   -0.17835908E+02   -0.21754877E-02    0.30824821E-01
    6   -0.17835934E+02   -0.26402923E-04    0.16650407E-01
    7   -0.17835953E+02   -0.19087168E-04    0.13885154E-01
    8   -0.17835960E+02   -0.69267414E-05    0.63803421E-02
    9   -0.17835960E+02   -0.24325601E-07    0.52282010E-02
   10   -0.17835960E+02   -0.45001906E-06    0.50997827E-03
   11   -0.17835960E+02   -0.18021534E-07    0.30663455E-03
   12   -0.17835960E+02   -0.62061325E-08    0.28276939E-04
   13   -0.17835960E+02   -0.61032068E-10    0.29943002E-05
   14   -0.17835960E+02   -0.22382096E-12    0.79375685E-06
>> Charges saved for restart in charges.bin
 
 Total Energy:                     -17.6370667056 H
 Total Mermin free energy:         -17.6370667056 H
