================================================================================
==
==   Density Functional based Tight Binding with a lot of extensions (DFTB+)    
==
==                              Release: 1.2 (p2)
==
==                            (ParserVersion = 4)
==
================================================================================


********************************************************************************
** Parsing and initializing
********************************************************************************

Interpreting input file 'dftb_in.hsd'
--------------------------------------------------------------------------------
WARNING!
-> WriteHSDInput and WriteXMLInput both turned off. You won't eventually be 
 able to obtain the same results with a later version of the code!
Path: dftb_in/ParserOptions
Line: 81-84 (File: dftb_in.hsd)

Reading SK-files:
  /home/andersx/parameters/3ob-3-1/C-C.skf
  /home/andersx/parameters/3ob-3-1/C-N.skf
  /home/andersx/parameters/3ob-3-1/C-O.skf
  /home/andersx/parameters/3ob-3-1/C-H.skf
  /home/andersx/parameters/3ob-3-1/N-C.skf
  /home/andersx/parameters/3ob-3-1/N-N.skf
  /home/andersx/parameters/3ob-3-1/N-O.skf
  /home/andersx/parameters/3ob-3-1/N-H.skf
  /home/andersx/parameters/3ob-3-1/O-C.skf
  /home/andersx/parameters/3ob-3-1/O-N.skf
  /home/andersx/parameters/3ob-3-1/O-O.skf
  /home/andersx/parameters/3ob-3-1/O-H.skf
  /home/andersx/parameters/3ob-3-1/H-C.skf
  /home/andersx/parameters/3ob-3-1/H-N.skf
  /home/andersx/parameters/3ob-3-1/H-O.skf
  /home/andersx/parameters/3ob-3-1/H-H.skf
Done.

Starting initialization...
--------------------------------------------------------------------------------
Mode:                        Static calculation
Self consistent charges:     Yes
SCC-tolerance:                 0.100000E-05
Max. scc iterations:                    100
Ewald alpha parameter:         0.000000E+00
Spin polarisation:           No
Nr. of up electrons:            19.000000
Nr. of down electrons:          19.000000
Periodic boundaries:         No
Diagonalizer:                Divide and Conquer
Mixer:                       Anderson mixer
Mixing parameter:                  0.200000
Maximal SCC-cycles:                     100
Nr. of chrg. vectors to mix:              8
Electronic temperature:        0.100000E-07
Initial charges:             Set automatically (system chrg:   0.000E+00)
Included shells:              C:  s, p
                              N:  s, p
                              O:  s, p
                              H:  s
Full 3rd order correction    Yes
Damped SCC                   Yes
Damped specie(s):            H                                                 
Extra options:
--------------------------------------------------------------------------------
 

********************************************************************************
** Geometry step: 0
********************************************************************************

  iSCC Total electronic   Diff electronic      SCC error    
    1   -0.17592886E+02    0.00000000E+00    0.90548575E+00
    2   -0.17594600E+02   -0.17136297E-02    0.89073536E+00
    3   -0.17636248E+02   -0.41648424E-01    0.20850374E+00
    4   -0.17636415E+02   -0.16674742E-03    0.20542262E+00
    5   -0.17637271E+02   -0.85601255E-03    0.37194551E-01
    6   -0.17637297E+02   -0.26050290E-04    0.17786338E-01
    7   -0.17637303E+02   -0.63796122E-05    0.15277343E-01
    8   -0.17637315E+02   -0.11510282E-04    0.35597488E-02
    9   -0.17637315E+02   -0.30873207E-06    0.29224701E-02
   10   -0.17637316E+02   -0.61917089E-06    0.92133132E-03
   11   -0.17637316E+02   -0.10379711E-07    0.48248690E-03
   12   -0.17637316E+02   -0.14812120E-07    0.37515756E-04
   13   -0.17637316E+02   -0.15996449E-09    0.10053831E-04
   14   -0.17637316E+02   -0.67004180E-11    0.14825294E-05
   15   -0.17637316E+02   -0.35527137E-13    0.39740827E-06
>> Charges saved for restart in charges.bin
 
 Total Energy:                     -17.2071773037 H
 Total Mermin free energy:         -17.2071773037 H
