================================================================================
==
==   Density Functional based Tight Binding with a lot of extensions (DFTB+)    
==
==                              Release: 1.2 (p2)
==
==                            (ParserVersion = 4)
==
================================================================================


********************************************************************************
** Parsing and initializing
********************************************************************************

Interpreting input file 'dftb_in.hsd'
--------------------------------------------------------------------------------
WARNING!
-> WriteHSDInput and WriteXMLInput both turned off. You won't eventually be 
 able to obtain the same results with a later version of the code!
Path: dftb_in/ParserOptions
Line: 82-85 (File: dftb_in.hsd)

Reading SK-files:
  /home/andersx/parameters/3ob-3-1/C-C.skf
  /home/andersx/parameters/3ob-3-1/C-N.skf
  /home/andersx/parameters/3ob-3-1/C-O.skf
  /home/andersx/parameters/3ob-3-1/C-H.skf
  /home/andersx/parameters/3ob-3-1/N-C.skf
  /home/andersx/parameters/3ob-3-1/N-N.skf
  /home/andersx/parameters/3ob-3-1/N-O.skf
  /home/andersx/parameters/3ob-3-1/N-H.skf
  /home/andersx/parameters/3ob-3-1/O-C.skf
  /home/andersx/parameters/3ob-3-1/O-N.skf
  /home/andersx/parameters/3ob-3-1/O-O.skf
  /home/andersx/parameters/3ob-3-1/O-H.skf
  /home/andersx/parameters/3ob-3-1/H-C.skf
  /home/andersx/parameters/3ob-3-1/H-N.skf
  /home/andersx/parameters/3ob-3-1/H-O.skf
  /home/andersx/parameters/3ob-3-1/H-H.skf
Done.

Starting initialization...
--------------------------------------------------------------------------------
Mode:                        Static calculation
Self consistent charges:     Yes
SCC-tolerance:                 0.100000E-05
Max. scc iterations:                    100
Ewald alpha parameter:         0.000000E+00
Spin polarisation:           No
Nr. of up electrons:            20.000000
Nr. of down electrons:          20.000000
Periodic boundaries:         No
Diagonalizer:                Divide and Conquer
Mixer:                       Anderson mixer
Mixing parameter:                  0.200000
Maximal SCC-cycles:                     100
Nr. of chrg. vectors to mix:              8
Electronic temperature:        0.100000E-07
Initial charges:             Set automatically (system chrg:   0.000E+00)
Included shells:              C:  s, p
                              N:  s, p
                              O:  s, p
                              H:  s
Full 3rd order correction    Yes
Damped SCC                   Yes
Damped specie(s):            H                                                 
Extra options:
--------------------------------------------------------------------------------
 

********************************************************************************
** Geometry step: 0
********************************************************************************

  iSCC Total electronic   Diff electronic      SCC error    
    1   -0.18729539E+02    0.00000000E+00    0.84217280E+00
    2   -0.18731635E+02   -0.20960049E-02    0.82797332E+00
    3   -0.18783287E+02   -0.51652781E-01    0.22691789E+00
    4   -0.18784678E+02   -0.13905093E-02    0.21236558E+00
    5   -0.18784818E+02   -0.14031752E-03    0.13533767E+00
    6   -0.18786570E+02   -0.17518661E-02    0.33942439E-01
    7   -0.18786557E+02    0.13133568E-04    0.31049509E-01
    8   -0.18786597E+02   -0.39832122E-04    0.65466821E-02
    9   -0.18786598E+02   -0.12274379E-05    0.31664172E-02
   10   -0.18786599E+02   -0.95792214E-06    0.18922258E-02
   11   -0.18786599E+02   -0.50009131E-07    0.89213985E-03
   12   -0.18786599E+02   -0.55378660E-07    0.24065384E-03
   13   -0.18786599E+02   -0.42504915E-08    0.93779450E-04
   14   -0.18786599E+02   -0.10184280E-08    0.91174668E-05
   15   -0.18786599E+02   -0.61746164E-11    0.69247438E-06
>> Charges saved for restart in charges.bin
 
 Total Energy:                     -18.5045506329 H
 Total Mermin free energy:         -18.5045506329 H
