================================================================================
==
==   Density Functional based Tight Binding with a lot of extensions (DFTB+)    
==
==                              Release: 1.2 (p2)
==
==                            (ParserVersion = 4)
==
================================================================================


********************************************************************************
** Parsing and initializing
********************************************************************************

Interpreting input file 'dftb_in.hsd'
--------------------------------------------------------------------------------
WARNING!
-> WriteHSDInput and WriteXMLInput both turned off. You won't eventually be 
 able to obtain the same results with a later version of the code!
Path: dftb_in/ParserOptions
Line: 84-87 (File: dftb_in.hsd)

Reading SK-files:
  /home/andersx/parameters/3ob-3-1/C-C.skf
  /home/andersx/parameters/3ob-3-1/C-N.skf
  /home/andersx/parameters/3ob-3-1/C-O.skf
  /home/andersx/parameters/3ob-3-1/C-H.skf
  /home/andersx/parameters/3ob-3-1/N-C.skf
  /home/andersx/parameters/3ob-3-1/N-N.skf
  /home/andersx/parameters/3ob-3-1/N-O.skf
  /home/andersx/parameters/3ob-3-1/N-H.skf
  /home/andersx/parameters/3ob-3-1/O-C.skf
  /home/andersx/parameters/3ob-3-1/O-N.skf
  /home/andersx/parameters/3ob-3-1/O-O.skf
  /home/andersx/parameters/3ob-3-1/O-H.skf
  /home/andersx/parameters/3ob-3-1/H-C.skf
  /home/andersx/parameters/3ob-3-1/H-N.skf
  /home/andersx/parameters/3ob-3-1/H-O.skf
  /home/andersx/parameters/3ob-3-1/H-H.skf
Done.

Starting initialization...
--------------------------------------------------------------------------------
Mode:                        Static calculation
Self consistent charges:     Yes
SCC-tolerance:                 0.100000E-05
Max. scc iterations:                    100
Ewald alpha parameter:         0.000000E+00
Spin polarisation:           No
Nr. of up electrons:            21.000000
Nr. of down electrons:          21.000000
Periodic boundaries:         No
Diagonalizer:                Divide and Conquer
Mixer:                       Anderson mixer
Mixing parameter:                  0.200000
Maximal SCC-cycles:                     100
Nr. of chrg. vectors to mix:              8
Electronic temperature:        0.100000E-07
Initial charges:             Set automatically (system chrg:   0.000E+00)
Included shells:              C:  s, p
                              N:  s, p
                              O:  s, p
                              H:  s
Full 3rd order correction    Yes
Damped SCC                   Yes
Damped specie(s):            H                                                 
Extra options:
--------------------------------------------------------------------------------
 

********************************************************************************
** Geometry step: 0
********************************************************************************

  iSCC Total electronic   Diff electronic      SCC error    
    1   -0.19407102E+02    0.00000000E+00    0.92493581E+00
    2   -0.19408110E+02   -0.10082658E-02    0.91040481E+00
    3   -0.19435906E+02   -0.27796272E-01    0.20266525E+00
    4   -0.19436125E+02   -0.21917162E-03    0.19961548E+00
    5   -0.19437100E+02   -0.97465956E-03    0.26653929E-01
    6   -0.19437109E+02   -0.87227778E-05    0.19381872E-01
    7   -0.19437141E+02   -0.32264029E-04    0.84689672E-02
    8   -0.19437148E+02   -0.65541540E-05    0.15708094E-02
    9   -0.19437148E+02   -0.34439996E-07    0.13681863E-02
   10   -0.19437148E+02   -0.74030442E-07    0.33056407E-03
   11   -0.19437148E+02   -0.61242353E-08    0.16352123E-03
   12   -0.19437148E+02   -0.23971225E-08    0.27472887E-04
   13   -0.19437148E+02   -0.11461054E-10    0.24204705E-05
   14   -0.19437148E+02   -0.71054274E-14    0.12446520E-06
>> Charges saved for restart in charges.bin
 
 Total Energy:                     -19.2420704100 H
 Total Mermin free energy:         -19.2420704100 H
