================================================================================
==
==   Density Functional based Tight Binding with a lot of extensions (DFTB+)    
==
==                              Release: 1.2 (p2)
==
==                            (ParserVersion = 4)
==
================================================================================


********************************************************************************
** Parsing and initializing
********************************************************************************

Interpreting input file 'dftb_in.hsd'
--------------------------------------------------------------------------------
WARNING!
-> WriteHSDInput and WriteXMLInput both turned off. You won't eventually be 
 able to obtain the same results with a later version of the code!
Path: dftb_in/ParserOptions
Line: 81-84 (File: dftb_in.hsd)

Reading SK-files:
  /home/andersx/parameters/3ob-3-1/C-C.skf
  /home/andersx/parameters/3ob-3-1/C-N.skf
  /home/andersx/parameters/3ob-3-1/C-O.skf
  /home/andersx/parameters/3ob-3-1/C-H.skf
  /home/andersx/parameters/3ob-3-1/N-C.skf
  /home/andersx/parameters/3ob-3-1/N-N.skf
  /home/andersx/parameters/3ob-3-1/N-O.skf
  /home/andersx/parameters/3ob-3-1/N-H.skf
  /home/andersx/parameters/3ob-3-1/O-C.skf
  /home/andersx/parameters/3ob-3-1/O-N.skf
  /home/andersx/parameters/3ob-3-1/O-O.skf
  /home/andersx/parameters/3ob-3-1/O-H.skf
  /home/andersx/parameters/3ob-3-1/H-C.skf
  /home/andersx/parameters/3ob-3-1/H-N.skf
  /home/andersx/parameters/3ob-3-1/H-O.skf
  /home/andersx/parameters/3ob-3-1/H-H.skf
Done.

Starting initialization...
--------------------------------------------------------------------------------
Mode:                        Static calculation
Self consistent charges:     Yes
SCC-tolerance:                 0.100000E-05
Max. scc iterations:                    100
Ewald alpha parameter:         0.000000E+00
Spin polarisation:           No
Nr. of up electrons:            19.000000
Nr. of down electrons:          19.000000
Periodic boundaries:         No
Diagonalizer:                Divide and Conquer
Mixer:                       Anderson mixer
Mixing parameter:                  0.200000
Maximal SCC-cycles:                     100
Nr. of chrg. vectors to mix:              8
Electronic temperature:        0.100000E-07
Initial charges:             Set automatically (system chrg:   0.000E+00)
Included shells:              C:  s, p
                              N:  s, p
                              O:  s, p
                              H:  s
Full 3rd order correction    Yes
Damped SCC                   Yes
Damped specie(s):            H                                                 
Extra options:
--------------------------------------------------------------------------------
 

********************************************************************************
** Geometry step: 0
********************************************************************************

  iSCC Total electronic   Diff electronic      SCC error    
    1   -0.17403971E+02    0.00000000E+00    0.68063830E+00
    2   -0.17404761E+02   -0.78936633E-03    0.66867796E+00
    3   -0.17425875E+02   -0.21114455E-01    0.10802057E+00
    4   -0.17426012E+02   -0.13666425E-03    0.10522016E+00
    5   -0.17426240E+02   -0.22804274E-03    0.26441935E-01
    6   -0.17426252E+02   -0.11634013E-04    0.27663191E-01
    7   -0.17426286E+02   -0.34969063E-04    0.18752155E-01
    8   -0.17426315E+02   -0.28128015E-04    0.17151903E-02
    9   -0.17426315E+02   -0.28283059E-06    0.15656585E-02
   10   -0.17426315E+02   -0.46557403E-06    0.37256129E-03
   11   -0.17426315E+02   -0.63597305E-08    0.23134654E-03
   12   -0.17426315E+02   -0.13302071E-08    0.53374540E-04
   13   -0.17426315E+02   -0.11860024E-09    0.23344303E-05
   14   -0.17426315E+02   -0.85265128E-13    0.31756153E-06
>> Charges saved for restart in charges.bin
 
 Total Energy:                     -17.0814692664 H
 Total Mermin free energy:         -17.0814692664 H
