================================================================================
==
==   Density Functional based Tight Binding with a lot of extensions (DFTB+)    
==
==                              Release: 1.2 (p2)
==
==                            (ParserVersion = 4)
==
================================================================================


********************************************************************************
** Parsing and initializing
********************************************************************************

Interpreting input file 'dftb_in.hsd'
--------------------------------------------------------------------------------
WARNING!
-> WriteHSDInput and WriteXMLInput both turned off. You won't eventually be 
 able to obtain the same results with a later version of the code!
Path: dftb_in/ParserOptions
Line: 83-86 (File: dftb_in.hsd)

Reading SK-files:
  /home/andersx/parameters/3ob-3-1/C-C.skf
  /home/andersx/parameters/3ob-3-1/C-N.skf
  /home/andersx/parameters/3ob-3-1/C-O.skf
  /home/andersx/parameters/3ob-3-1/C-H.skf
  /home/andersx/parameters/3ob-3-1/N-C.skf
  /home/andersx/parameters/3ob-3-1/N-N.skf
  /home/andersx/parameters/3ob-3-1/N-O.skf
  /home/andersx/parameters/3ob-3-1/N-H.skf
  /home/andersx/parameters/3ob-3-1/O-C.skf
  /home/andersx/parameters/3ob-3-1/O-N.skf
  /home/andersx/parameters/3ob-3-1/O-O.skf
  /home/andersx/parameters/3ob-3-1/O-H.skf
  /home/andersx/parameters/3ob-3-1/H-C.skf
  /home/andersx/parameters/3ob-3-1/H-N.skf
  /home/andersx/parameters/3ob-3-1/H-O.skf
  /home/andersx/parameters/3ob-3-1/H-H.skf
Done.

Starting initialization...
--------------------------------------------------------------------------------
Mode:                        Static calculation
Self consistent charges:     Yes
SCC-tolerance:                 0.100000E-05
Max. scc iterations:                    100
Ewald alpha parameter:         0.000000E+00
Spin polarisation:           No
Nr. of up electrons:            20.000000
Nr. of down electrons:          20.000000
Periodic boundaries:         No
Diagonalizer:                Divide and Conquer
Mixer:                       Anderson mixer
Mixing parameter:                  0.200000
Maximal SCC-cycles:                     100
Nr. of chrg. vectors to mix:              8
Electronic temperature:        0.100000E-07
Initial charges:             Set automatically (system chrg:   0.000E+00)
Included shells:              C:  s, p
                              N:  s, p
                              O:  s, p
                              H:  s
Full 3rd order correction    Yes
Damped SCC                   Yes
Damped specie(s):            H                                                 
Extra options:
--------------------------------------------------------------------------------
 

********************************************************************************
** Geometry step: 0
********************************************************************************

  iSCC Total electronic   Diff electronic      SCC error    
    1   -0.18070464E+02    0.00000000E+00    0.62598898E+00
    2   -0.18071002E+02   -0.53740853E-03    0.61590416E+00
    3   -0.18086288E+02   -0.15286013E-01    0.74213175E-01
    4   -0.18086261E+02    0.27173511E-04    0.71093356E-01
    5   -0.18086322E+02   -0.60984360E-04    0.39245092E-01
    6   -0.18086372E+02   -0.50098947E-04    0.93495719E-02
    7   -0.18086372E+02   -0.51382923E-07    0.92576696E-02
    8   -0.18086375E+02   -0.28764077E-05    0.10334855E-02
    9   -0.18086375E+02   -0.17814511E-07    0.10231519E-02
   10   -0.18086375E+02   -0.14255075E-06    0.16925903E-03
   11   -0.18086375E+02   -0.20988402E-08    0.11037241E-03
   12   -0.18086375E+02   -0.37337244E-09    0.23924881E-04
   13   -0.18086375E+02   -0.31928238E-10    0.26852753E-05
   14   -0.18086375E+02   -0.17408297E-12    0.58863841E-06
>> Charges saved for restart in charges.bin
 
 Total Energy:                     -17.8380556658 H
 Total Mermin free energy:         -17.8380556658 H
