================================================================================
==
==   Density Functional based Tight Binding with a lot of extensions (DFTB+)    
==
==                              Release: 1.2 (p2)
==
==                            (ParserVersion = 4)
==
================================================================================


********************************************************************************
** Parsing and initializing
********************************************************************************

Interpreting input file 'dftb_in.hsd'
--------------------------------------------------------------------------------
WARNING!
-> WriteHSDInput and WriteXMLInput both turned off. You won't eventually be 
 able to obtain the same results with a later version of the code!
Path: dftb_in/ParserOptions
Line: 83-86 (File: dftb_in.hsd)

Reading SK-files:
  /home/andersx/parameters/3ob-3-1/C-C.skf
  /home/andersx/parameters/3ob-3-1/C-N.skf
  /home/andersx/parameters/3ob-3-1/C-O.skf
  /home/andersx/parameters/3ob-3-1/C-H.skf
  /home/andersx/parameters/3ob-3-1/N-C.skf
  /home/andersx/parameters/3ob-3-1/N-N.skf
  /home/andersx/parameters/3ob-3-1/N-O.skf
  /home/andersx/parameters/3ob-3-1/N-H.skf
  /home/andersx/parameters/3ob-3-1/O-C.skf
  /home/andersx/parameters/3ob-3-1/O-N.skf
  /home/andersx/parameters/3ob-3-1/O-O.skf
  /home/andersx/parameters/3ob-3-1/O-H.skf
  /home/andersx/parameters/3ob-3-1/H-C.skf
  /home/andersx/parameters/3ob-3-1/H-N.skf
  /home/andersx/parameters/3ob-3-1/H-O.skf
  /home/andersx/parameters/3ob-3-1/H-H.skf
Done.

Starting initialization...
--------------------------------------------------------------------------------
Mode:                        Static calculation
Self consistent charges:     Yes
SCC-tolerance:                 0.100000E-05
Max. scc iterations:                    100
Ewald alpha parameter:         0.000000E+00
Spin polarisation:           No
Nr. of up electrons:            20.000000
Nr. of down electrons:          20.000000
Periodic boundaries:         No
Diagonalizer:                Divide and Conquer
Mixer:                       Anderson mixer
Mixing parameter:                  0.200000
Maximal SCC-cycles:                     100
Nr. of chrg. vectors to mix:              8
Electronic temperature:        0.100000E-07
Initial charges:             Set automatically (system chrg:   0.000E+00)
Included shells:              C:  s, p
                              N:  s, p
                              O:  s, p
                              H:  s
Full 3rd order correction    Yes
Damped SCC                   Yes
Damped specie(s):            H                                                 
Extra options:
--------------------------------------------------------------------------------
 

********************************************************************************
** Geometry step: 0
********************************************************************************

  iSCC Total electronic   Diff electronic      SCC error    
    1   -0.18191923E+02    0.00000000E+00    0.83284269E+00
    2   -0.18193407E+02   -0.14844925E-02    0.81802600E+00
    3   -0.18219719E+02   -0.26311704E-01    0.19559895E+00
    4   -0.18219506E+02    0.21334906E-03    0.19604289E+00
    5   -0.18223877E+02   -0.43710636E-02    0.69921672E-01
    6   -0.18223982E+02   -0.10489907E-03    0.65300135E-01
    7   -0.18223600E+02    0.38124327E-03    0.46275486E-01
    8   -0.18224067E+02   -0.46623535E-03    0.72151708E-02
    9   -0.18224062E+02    0.47959866E-05    0.87394351E-02
   10   -0.18224070E+02   -0.77720032E-05    0.28070716E-02
   11   -0.18224071E+02   -0.16303685E-05    0.50400303E-03
   12   -0.18224071E+02   -0.90342489E-08    0.14998755E-03
   13   -0.18224071E+02   -0.58708949E-09    0.40805416E-04
   14   -0.18224071E+02   -0.14006574E-09    0.49207250E-05
   15   -0.18224071E+02   -0.73896445E-12    0.14368275E-05
   16   -0.18224071E+02   -0.28421709E-13    0.11524745E-06
>> Charges saved for restart in charges.bin
 
 Total Energy:                     -17.8937215916 H
 Total Mermin free energy:         -17.8937215916 H
