================================================================================
==
==   Density Functional based Tight Binding with a lot of extensions (DFTB+)    
==
==                              Release: 1.2 (p2)
==
==                            (ParserVersion = 4)
==
================================================================================


********************************************************************************
** Parsing and initializing
********************************************************************************

Interpreting input file 'dftb_in.hsd'
--------------------------------------------------------------------------------
WARNING!
-> WriteHSDInput and WriteXMLInput both turned off. You won't eventually be 
 able to obtain the same results with a later version of the code!
Path: dftb_in/ParserOptions
Line: 83-86 (File: dftb_in.hsd)

Reading SK-files:
  /home/andersx/parameters/3ob-3-1/C-C.skf
  /home/andersx/parameters/3ob-3-1/C-N.skf
  /home/andersx/parameters/3ob-3-1/C-O.skf
  /home/andersx/parameters/3ob-3-1/C-H.skf
  /home/andersx/parameters/3ob-3-1/N-C.skf
  /home/andersx/parameters/3ob-3-1/N-N.skf
  /home/andersx/parameters/3ob-3-1/N-O.skf
  /home/andersx/parameters/3ob-3-1/N-H.skf
  /home/andersx/parameters/3ob-3-1/O-C.skf
  /home/andersx/parameters/3ob-3-1/O-N.skf
  /home/andersx/parameters/3ob-3-1/O-O.skf
  /home/andersx/parameters/3ob-3-1/O-H.skf
  /home/andersx/parameters/3ob-3-1/H-C.skf
  /home/andersx/parameters/3ob-3-1/H-N.skf
  /home/andersx/parameters/3ob-3-1/H-O.skf
  /home/andersx/parameters/3ob-3-1/H-H.skf
Done.

Starting initialization...
--------------------------------------------------------------------------------
Mode:                        Static calculation
Self consistent charges:     Yes
SCC-tolerance:                 0.100000E-05
Max. scc iterations:                    100
Ewald alpha parameter:         0.000000E+00
Spin polarisation:           No
Nr. of up electrons:            20.000000
Nr. of down electrons:          20.000000
Periodic boundaries:         No
Diagonalizer:                Divide and Conquer
Mixer:                       Anderson mixer
Mixing parameter:                  0.200000
Maximal SCC-cycles:                     100
Nr. of chrg. vectors to mix:              8
Electronic temperature:        0.100000E-07
Initial charges:             Set automatically (system chrg:   0.000E+00)
Included shells:              C:  s, p
                              N:  s, p
                              O:  s, p
                              H:  s
Full 3rd order correction    Yes
Damped SCC                   Yes
Damped specie(s):            H                                                 
Extra options:
--------------------------------------------------------------------------------
 

********************************************************************************
** Geometry step: 0
********************************************************************************

  iSCC Total electronic   Diff electronic      SCC error    
    1   -0.18195505E+02    0.00000000E+00    0.45914645E+00
    2   -0.18195708E+02   -0.20257629E-03    0.45392847E+00
    3   -0.18201927E+02   -0.62195073E-02    0.89436920E-01
    4   -0.18201894E+02    0.33392998E-04    0.77680670E-01
    5   -0.18201960E+02   -0.66435747E-04    0.33380441E-01
    6   -0.18201998E+02   -0.37820897E-04    0.65746348E-02
    7   -0.18202001E+02   -0.27620049E-05    0.64301143E-02
    8   -0.18202009E+02   -0.76673950E-05    0.19239350E-02
    9   -0.18202009E+02   -0.46669001E-07    0.14855127E-02
   10   -0.18202009E+02   -0.11454555E-06    0.56777728E-03
   11   -0.18202009E+02   -0.22646969E-07    0.17187288E-03
   12   -0.18202009E+02   -0.21644162E-08    0.29385728E-04
   13   -0.18202009E+02   -0.57568172E-10    0.29591923E-05
   14   -0.18202009E+02   -0.19184654E-12    0.85044772E-06
>> Charges saved for restart in charges.bin
 
 Total Energy:                     -17.8457486525 H
 Total Mermin free energy:         -17.8457486525 H
