================================================================================
==
==   Density Functional based Tight Binding with a lot of extensions (DFTB+)    
==
==                              Release: 1.2 (p2)
==
==                            (ParserVersion = 4)
==
================================================================================


********************************************************************************
** Parsing and initializing
********************************************************************************

Interpreting input file 'dftb_in.hsd'
--------------------------------------------------------------------------------
WARNING!
-> WriteHSDInput and WriteXMLInput both turned off. You won't eventually be 
 able to obtain the same results with a later version of the code!
Path: dftb_in/ParserOptions
Line: 83-86 (File: dftb_in.hsd)

Reading SK-files:
  /home/andersx/parameters/3ob-3-1/C-C.skf
  /home/andersx/parameters/3ob-3-1/C-N.skf
  /home/andersx/parameters/3ob-3-1/C-O.skf
  /home/andersx/parameters/3ob-3-1/C-H.skf
  /home/andersx/parameters/3ob-3-1/N-C.skf
  /home/andersx/parameters/3ob-3-1/N-N.skf
  /home/andersx/parameters/3ob-3-1/N-O.skf
  /home/andersx/parameters/3ob-3-1/N-H.skf
  /home/andersx/parameters/3ob-3-1/O-C.skf
  /home/andersx/parameters/3ob-3-1/O-N.skf
  /home/andersx/parameters/3ob-3-1/O-O.skf
  /home/andersx/parameters/3ob-3-1/O-H.skf
  /home/andersx/parameters/3ob-3-1/H-C.skf
  /home/andersx/parameters/3ob-3-1/H-N.skf
  /home/andersx/parameters/3ob-3-1/H-O.skf
  /home/andersx/parameters/3ob-3-1/H-H.skf
Done.

Starting initialization...
--------------------------------------------------------------------------------
Mode:                        Static calculation
Self consistent charges:     Yes
SCC-tolerance:                 0.100000E-05
Max. scc iterations:                    100
Ewald alpha parameter:         0.000000E+00
Spin polarisation:           No
Nr. of up electrons:            20.000000
Nr. of down electrons:          20.000000
Periodic boundaries:         No
Diagonalizer:                Divide and Conquer
Mixer:                       Anderson mixer
Mixing parameter:                  0.200000
Maximal SCC-cycles:                     100
Nr. of chrg. vectors to mix:              8
Electronic temperature:        0.100000E-07
Initial charges:             Set automatically (system chrg:   0.000E+00)
Included shells:              C:  s, p
                              N:  s, p
                              O:  s, p
                              H:  s
Full 3rd order correction    Yes
Damped SCC                   Yes
Damped specie(s):            H                                                 
Extra options:
--------------------------------------------------------------------------------
 

********************************************************************************
** Geometry step: 0
********************************************************************************

  iSCC Total electronic   Diff electronic      SCC error    
    1   -0.18040580E+02    0.00000000E+00    0.50670761E+00
    2   -0.18040885E+02   -0.30510233E-03    0.49979474E+00
    3   -0.18048245E+02   -0.73591056E-02    0.14626653E+00
    4   -0.18048140E+02    0.10421237E-03    0.14722862E+00
    5   -0.18048836E+02   -0.69543987E-03    0.27207232E-01
    6   -0.18048860E+02   -0.24605155E-04    0.94818015E-02
    7   -0.18048861E+02   -0.17706721E-06    0.97113420E-02
    8   -0.18048876E+02   -0.15295854E-04    0.72773564E-03
    9   -0.18048876E+02   -0.70459549E-08    0.84278571E-03
   10   -0.18048876E+02   -0.38258680E-07    0.62528251E-03
   11   -0.18048876E+02   -0.36672390E-08    0.16974801E-03
   12   -0.18048876E+02   -0.11664092E-08    0.28136109E-04
   13   -0.18048876E+02   -0.36141756E-10    0.45757138E-05
   14   -0.18048876E+02   -0.86686214E-12    0.75714965E-06
>> Charges saved for restart in charges.bin
 
 Total Energy:                     -17.8186155252 H
 Total Mermin free energy:         -17.8186155252 H
