================================================================================
==
==   Density Functional based Tight Binding with a lot of extensions (DFTB+)    
==
==                              Release: 1.2 (p2)
==
==                            (ParserVersion = 4)
==
================================================================================


********************************************************************************
** Parsing and initializing
********************************************************************************

Interpreting input file 'dftb_in.hsd'
--------------------------------------------------------------------------------
WARNING!
-> WriteHSDInput and WriteXMLInput both turned off. You won't eventually be 
 able to obtain the same results with a later version of the code!
Path: dftb_in/ParserOptions
Line: 84-87 (File: dftb_in.hsd)

Reading SK-files:
  /home/andersx/parameters/3ob-3-1/C-C.skf
  /home/andersx/parameters/3ob-3-1/C-N.skf
  /home/andersx/parameters/3ob-3-1/C-O.skf
  /home/andersx/parameters/3ob-3-1/C-H.skf
  /home/andersx/parameters/3ob-3-1/N-C.skf
  /home/andersx/parameters/3ob-3-1/N-N.skf
  /home/andersx/parameters/3ob-3-1/N-O.skf
  /home/andersx/parameters/3ob-3-1/N-H.skf
  /home/andersx/parameters/3ob-3-1/O-C.skf
  /home/andersx/parameters/3ob-3-1/O-N.skf
  /home/andersx/parameters/3ob-3-1/O-O.skf
  /home/andersx/parameters/3ob-3-1/O-H.skf
  /home/andersx/parameters/3ob-3-1/H-C.skf
  /home/andersx/parameters/3ob-3-1/H-N.skf
  /home/andersx/parameters/3ob-3-1/H-O.skf
  /home/andersx/parameters/3ob-3-1/H-H.skf
Done.

Starting initialization...
--------------------------------------------------------------------------------
Mode:                        Static calculation
Self consistent charges:     Yes
SCC-tolerance:                 0.100000E-05
Max. scc iterations:                    100
Ewald alpha parameter:         0.000000E+00
Spin polarisation:           No
Nr. of up electrons:            20.000000
Nr. of down electrons:          20.000000
Periodic boundaries:         No
Diagonalizer:                Divide and Conquer
Mixer:                       Anderson mixer
Mixing parameter:                  0.200000
Maximal SCC-cycles:                     100
Nr. of chrg. vectors to mix:              8
Electronic temperature:        0.100000E-07
Initial charges:             Set automatically (system chrg:   0.000E+00)
Included shells:              C:  s, p
                              N:  s, p
                              O:  s, p
                              H:  s
Full 3rd order correction    Yes
Damped SCC                   Yes
Damped specie(s):            H                                                 
Extra options:
--------------------------------------------------------------------------------
 

********************************************************************************
** Geometry step: 0
********************************************************************************

  iSCC Total electronic   Diff electronic      SCC error    
    1   -0.17639455E+02    0.00000000E+00    0.36991206E+00
    2   -0.17639771E+02   -0.31558446E-03    0.36361450E+00
    3   -0.17647313E+02   -0.75415933E-02    0.14626597E+00
    4   -0.17647276E+02    0.36246649E-04    0.14556168E+00
    5   -0.17647800E+02   -0.52376029E-03    0.15626724E-01
    6   -0.17647802E+02   -0.19367360E-05    0.11063654E-01
    7   -0.17647809E+02   -0.73116300E-05    0.75044748E-02
    8   -0.17647814E+02   -0.49300706E-05    0.26808831E-02
    9   -0.17647814E+02   -0.15204556E-07    0.32213318E-02
   10   -0.17647814E+02   -0.96057917E-07    0.27071421E-02
   11   -0.17647814E+02    0.43566558E-07    0.13323850E-02
   12   -0.17647814E+02   -0.10264415E-06    0.28440528E-03
   13   -0.17647814E+02   -0.96421360E-09    0.86605018E-04
   14   -0.17647814E+02   -0.88107299E-09    0.70371763E-05
   15   -0.17647814E+02   -0.12228440E-10    0.29801249E-05
   16   -0.17647814E+02   -0.17443824E-11    0.33177804E-06
>> Charges saved for restart in charges.bin
 
 Total Energy:                     -17.5259864364 H
 Total Mermin free energy:         -17.5259864364 H
