================================================================================
==
==   Density Functional based Tight Binding with a lot of extensions (DFTB+)    
==
==                              Release: 1.2 (p2)
==
==                            (ParserVersion = 4)
==
================================================================================


********************************************************************************
** Parsing and initializing
********************************************************************************

Interpreting input file 'dftb_in.hsd'
--------------------------------------------------------------------------------
WARNING!
-> WriteHSDInput and WriteXMLInput both turned off. You won't eventually be 
 able to obtain the same results with a later version of the code!
Path: dftb_in/ParserOptions
Line: 83-86 (File: dftb_in.hsd)

Reading SK-files:
  /home/andersx/parameters/3ob-3-1/C-C.skf
  /home/andersx/parameters/3ob-3-1/C-N.skf
  /home/andersx/parameters/3ob-3-1/C-O.skf
  /home/andersx/parameters/3ob-3-1/C-H.skf
  /home/andersx/parameters/3ob-3-1/N-C.skf
  /home/andersx/parameters/3ob-3-1/N-N.skf
  /home/andersx/parameters/3ob-3-1/N-O.skf
  /home/andersx/parameters/3ob-3-1/N-H.skf
  /home/andersx/parameters/3ob-3-1/O-C.skf
  /home/andersx/parameters/3ob-3-1/O-N.skf
  /home/andersx/parameters/3ob-3-1/O-O.skf
  /home/andersx/parameters/3ob-3-1/O-H.skf
  /home/andersx/parameters/3ob-3-1/H-C.skf
  /home/andersx/parameters/3ob-3-1/H-N.skf
  /home/andersx/parameters/3ob-3-1/H-O.skf
  /home/andersx/parameters/3ob-3-1/H-H.skf
Done.

Starting initialization...
--------------------------------------------------------------------------------
Mode:                        Static calculation
Self consistent charges:     Yes
SCC-tolerance:                 0.100000E-05
Max. scc iterations:                    100
Ewald alpha parameter:         0.000000E+00
Spin polarisation:           No
Nr. of up electrons:            20.000000
Nr. of down electrons:          20.000000
Periodic boundaries:         No
Diagonalizer:                Divide and Conquer
Mixer:                       Anderson mixer
Mixing parameter:                  0.200000
Maximal SCC-cycles:                     100
Nr. of chrg. vectors to mix:              8
Electronic temperature:        0.100000E-07
Initial charges:             Set automatically (system chrg:   0.000E+00)
Included shells:              C:  s, p
                              N:  s, p
                              O:  s, p
                              H:  s
Full 3rd order correction    Yes
Damped SCC                   Yes
Damped specie(s):            H                                                 
Extra options:
--------------------------------------------------------------------------------
 

********************************************************************************
** Geometry step: 0
********************************************************************************

  iSCC Total electronic   Diff electronic      SCC error    
    1   -0.18146405E+02    0.00000000E+00    0.82359495E+00
    2   -0.18146974E+02   -0.56984068E-03    0.81013314E+00
    3   -0.18157792E+02   -0.10817645E-01    0.11404179E+00
    4   -0.18157331E+02    0.46054275E-03    0.12014288E+00
    5   -0.18158678E+02   -0.13465276E-02    0.11889811E+00
    6   -0.18159582E+02   -0.90442447E-03    0.24167746E-01
    7   -0.18159556E+02    0.25970597E-04    0.31345150E-01
    8   -0.18159646E+02   -0.89057306E-04    0.75527233E-02
    9   -0.18159645E+02    0.79224468E-06    0.67205279E-02
   10   -0.18159646E+02   -0.97026643E-06    0.34323276E-02
   11   -0.18159646E+02   -0.39579626E-06    0.40153157E-03
   12   -0.18159646E+02   -0.65111330E-08    0.17186108E-03
   13   -0.18159646E+02   -0.15458639E-08    0.16137428E-04
   14   -0.18159646E+02   -0.20140334E-10    0.19360840E-05
   15   -0.18159646E+02   -0.67501560E-13    0.29304495E-06
>> Charges saved for restart in charges.bin
 
 Total Energy:                     -17.8384898396 H
 Total Mermin free energy:         -17.8384898396 H
