================================================================================
==
==   Density Functional based Tight Binding with a lot of extensions (DFTB+)    
==
==                              Release: 1.2 (p2)
==
==                            (ParserVersion = 4)
==
================================================================================


********************************************************************************
** Parsing and initializing
********************************************************************************

Interpreting input file 'dftb_in.hsd'
--------------------------------------------------------------------------------
WARNING!
-> WriteHSDInput and WriteXMLInput both turned off. You won't eventually be 
 able to obtain the same results with a later version of the code!
Path: dftb_in/ParserOptions
Line: 71-74 (File: dftb_in.hsd)

Reading SK-files:
  /home/andersx/parameters/3ob-3-1/C-C.skf
  /home/andersx/parameters/3ob-3-1/C-N.skf
  /home/andersx/parameters/3ob-3-1/C-H.skf
  /home/andersx/parameters/3ob-3-1/N-C.skf
  /home/andersx/parameters/3ob-3-1/N-N.skf
  /home/andersx/parameters/3ob-3-1/N-H.skf
  /home/andersx/parameters/3ob-3-1/H-C.skf
  /home/andersx/parameters/3ob-3-1/H-N.skf
  /home/andersx/parameters/3ob-3-1/H-H.skf
Done.

Starting initialization...
--------------------------------------------------------------------------------
Mode:                        Static calculation
Self consistent charges:     Yes
SCC-tolerance:                 0.100000E-05
Max. scc iterations:                    100
Ewald alpha parameter:         0.000000E+00
Spin polarisation:           No
Nr. of up electrons:            16.000000
Nr. of down electrons:          16.000000
Periodic boundaries:         No
Diagonalizer:                Divide and Conquer
Mixer:                       Anderson mixer
Mixing parameter:                  0.200000
Maximal SCC-cycles:                     100
Nr. of chrg. vectors to mix:              8
Electronic temperature:        0.100000E-07
Initial charges:             Set automatically (system chrg:   0.000E+00)
Included shells:              C:  s, p
                              N:  s, p
                              H:  s
Full 3rd order correction    Yes
Damped SCC                   Yes
Damped specie(s):            H                                                 
Extra options:
--------------------------------------------------------------------------------
 

********************************************************************************
** Geometry step: 0
********************************************************************************

  iSCC Total electronic   Diff electronic      SCC error    
    1   -0.14152355E+02    0.00000000E+00    0.36160409E+00
    2   -0.14152541E+02   -0.18576661E-03    0.35731320E+00
    3   -0.14157523E+02   -0.49820277E-02    0.84669485E-01
    4   -0.14157437E+02    0.85845030E-04    0.82922996E-01
    5   -0.14157769E+02   -0.33127632E-03    0.36431161E-01
    6   -0.14157810E+02   -0.40943831E-04    0.17456508E-01
    7   -0.14157811E+02   -0.16359584E-05    0.16816548E-01
    8   -0.14157832E+02   -0.20719850E-04    0.31218877E-02
    9   -0.14157832E+02   -0.45197099E-07    0.29236964E-02
   10   -0.14157832E+02   -0.13640499E-07    0.25461870E-02
   11   -0.14157832E+02   -0.12892662E-06    0.10835445E-02
   12   -0.14157832E+02   -0.85925285E-07    0.19663491E-03
   13   -0.14157832E+02   -0.43440558E-08    0.12555440E-03
   14   -0.14157832E+02   -0.12717045E-08    0.10797309E-04
   15   -0.14157832E+02   -0.10020429E-10    0.27940816E-05
   16   -0.14157832E+02   -0.28776981E-12    0.58687908E-06
>> Charges saved for restart in charges.bin
 
 Total Energy:                     -13.7548906393 H
 Total Mermin free energy:         -13.7548906393 H
