================================================================================
==
==   Density Functional based Tight Binding with a lot of extensions (DFTB+)    
==
==                              Release: 1.2 (p2)
==
==                            (ParserVersion = 4)
==
================================================================================


********************************************************************************
** Parsing and initializing
********************************************************************************

Interpreting input file 'dftb_in.hsd'
--------------------------------------------------------------------------------
WARNING!
-> WriteHSDInput and WriteXMLInput both turned off. You won't eventually be 
 able to obtain the same results with a later version of the code!
Path: dftb_in/ParserOptions
Line: 82-85 (File: dftb_in.hsd)

Reading SK-files:
  /home/andersx/parameters/3ob-3-1/C-C.skf
  /home/andersx/parameters/3ob-3-1/C-N.skf
  /home/andersx/parameters/3ob-3-1/C-O.skf
  /home/andersx/parameters/3ob-3-1/C-H.skf
  /home/andersx/parameters/3ob-3-1/N-C.skf
  /home/andersx/parameters/3ob-3-1/N-N.skf
  /home/andersx/parameters/3ob-3-1/N-O.skf
  /home/andersx/parameters/3ob-3-1/N-H.skf
  /home/andersx/parameters/3ob-3-1/O-C.skf
  /home/andersx/parameters/3ob-3-1/O-N.skf
  /home/andersx/parameters/3ob-3-1/O-O.skf
  /home/andersx/parameters/3ob-3-1/O-H.skf
  /home/andersx/parameters/3ob-3-1/H-C.skf
  /home/andersx/parameters/3ob-3-1/H-N.skf
  /home/andersx/parameters/3ob-3-1/H-O.skf
  /home/andersx/parameters/3ob-3-1/H-H.skf
Done.

Starting initialization...
--------------------------------------------------------------------------------
Mode:                        Static calculation
Self consistent charges:     Yes
SCC-tolerance:                 0.100000E-05
Max. scc iterations:                    100
Ewald alpha parameter:         0.000000E+00
Spin polarisation:           No
Nr. of up electrons:            20.000000
Nr. of down electrons:          20.000000
Periodic boundaries:         No
Diagonalizer:                Divide and Conquer
Mixer:                       Anderson mixer
Mixing parameter:                  0.200000
Maximal SCC-cycles:                     100
Nr. of chrg. vectors to mix:              8
Electronic temperature:        0.100000E-07
Initial charges:             Set automatically (system chrg:   0.000E+00)
Included shells:              C:  s, p
                              N:  s, p
                              O:  s, p
                              H:  s
Full 3rd order correction    Yes
Damped SCC                   Yes
Damped specie(s):            H                                                 
Extra options:
--------------------------------------------------------------------------------
 

********************************************************************************
** Geometry step: 0
********************************************************************************

  iSCC Total electronic   Diff electronic      SCC error    
    1   -0.18663407E+02    0.00000000E+00    0.92510023E+00
    2   -0.18664608E+02   -0.12012914E-02    0.91010224E+00
    3   -0.18689268E+02   -0.24659680E-01    0.20509400E+00
    4   -0.18689585E+02   -0.31708097E-03    0.19854735E+00
    5   -0.18693323E+02   -0.37387994E-02    0.46648515E-01
    6   -0.18693351E+02   -0.28037092E-04    0.43373327E-01
    7   -0.18693380E+02   -0.28794903E-04    0.75150771E-02
    8   -0.18693381E+02   -0.10316478E-05    0.56981335E-02
    9   -0.18693383E+02   -0.13272699E-05    0.30660073E-02
   10   -0.18693383E+02   -0.70309495E-06    0.23006971E-03
   11   -0.18693383E+02   -0.48771440E-08    0.14612198E-03
   12   -0.18693383E+02   -0.11852954E-08    0.21910821E-04
   13   -0.18693383E+02   -0.53393734E-10    0.12389280E-05
   14   -0.18693383E+02   -0.56843419E-13    0.34743173E-06
>> Charges saved for restart in charges.bin
 
 Total Energy:                     -18.3970250921 H
 Total Mermin free energy:         -18.3970250921 H
