================================================================================
==
==   Density Functional based Tight Binding with a lot of extensions (DFTB+)    
==
==                              Release: 1.2 (p2)
==
==                            (ParserVersion = 4)
==
================================================================================


********************************************************************************
** Parsing and initializing
********************************************************************************

Interpreting input file 'dftb_in.hsd'
--------------------------------------------------------------------------------
WARNING!
-> WriteHSDInput and WriteXMLInput both turned off. You won't eventually be 
 able to obtain the same results with a later version of the code!
Path: dftb_in/ParserOptions
Line: 82-85 (File: dftb_in.hsd)

Reading SK-files:
  /home/andersx/parameters/3ob-3-1/C-C.skf
  /home/andersx/parameters/3ob-3-1/C-O.skf
  /home/andersx/parameters/3ob-3-1/C-N.skf
  /home/andersx/parameters/3ob-3-1/C-H.skf
  /home/andersx/parameters/3ob-3-1/O-C.skf
  /home/andersx/parameters/3ob-3-1/O-O.skf
  /home/andersx/parameters/3ob-3-1/O-N.skf
  /home/andersx/parameters/3ob-3-1/O-H.skf
  /home/andersx/parameters/3ob-3-1/N-C.skf
  /home/andersx/parameters/3ob-3-1/N-O.skf
  /home/andersx/parameters/3ob-3-1/N-N.skf
  /home/andersx/parameters/3ob-3-1/N-H.skf
  /home/andersx/parameters/3ob-3-1/H-C.skf
  /home/andersx/parameters/3ob-3-1/H-O.skf
  /home/andersx/parameters/3ob-3-1/H-N.skf
  /home/andersx/parameters/3ob-3-1/H-H.skf
Done.

Starting initialization...
--------------------------------------------------------------------------------
Mode:                        Static calculation
Self consistent charges:     Yes
SCC-tolerance:                 0.100000E-05
Max. scc iterations:                    100
Ewald alpha parameter:         0.000000E+00
Spin polarisation:           No
Nr. of up electrons:            19.000000
Nr. of down electrons:          19.000000
Periodic boundaries:         No
Diagonalizer:                Divide and Conquer
Mixer:                       Anderson mixer
Mixing parameter:                  0.200000
Maximal SCC-cycles:                     100
Nr. of chrg. vectors to mix:              8
Electronic temperature:        0.100000E-07
Initial charges:             Set automatically (system chrg:   0.000E+00)
Included shells:              C:  s, p
                              O:  s, p
                              N:  s, p
                              H:  s
Full 3rd order correction    Yes
Damped SCC                   Yes
Damped specie(s):            H                                                 
Extra options:
--------------------------------------------------------------------------------
 

********************************************************************************
** Geometry step: 0
********************************************************************************

  iSCC Total electronic   Diff electronic      SCC error    
    1   -0.17046802E+02    0.00000000E+00    0.62226235E+00
    2   -0.17047657E+02   -0.85500391E-03    0.60925872E+00
    3   -0.17067682E+02   -0.20025009E-01    0.10891822E+00
    4   -0.17067649E+02    0.32702558E-04    0.10324359E+00
    5   -0.17068073E+02   -0.42425980E-03    0.44341841E-01
    6   -0.17068173E+02   -0.99078888E-04    0.25127592E-01
    7   -0.17068167E+02    0.55252856E-05    0.26090623E-01
    8   -0.17068189E+02   -0.21556732E-04    0.16749347E-02
    9   -0.17068189E+02   -0.53085301E-07    0.14854502E-02
   10   -0.17068189E+02   -0.31611708E-06    0.45844316E-03
   11   -0.17068189E+02   -0.97510799E-08    0.11494446E-03
   12   -0.17068189E+02   -0.95078789E-09    0.20690664E-04
   13   -0.17068189E+02   -0.14626522E-10    0.14752255E-05
   14   -0.17068189E+02   -0.46185278E-13    0.25157045E-06
>> Charges saved for restart in charges.bin
 
 Total Energy:                     -16.8398524823 H
 Total Mermin free energy:         -16.8398524823 H
