================================================================================
==
==   Density Functional based Tight Binding with a lot of extensions (DFTB+)    
==
==                              Release: 1.2 (p2)
==
==                            (ParserVersion = 4)
==
================================================================================


********************************************************************************
** Parsing and initializing
********************************************************************************

Interpreting input file 'dftb_in.hsd'
--------------------------------------------------------------------------------
WARNING!
-> WriteHSDInput and WriteXMLInput both turned off. You won't eventually be 
 able to obtain the same results with a later version of the code!
Path: dftb_in/ParserOptions
Line: 86-89 (File: dftb_in.hsd)

Reading SK-files:
  /home/andersx/parameters/3ob-3-1/C-C.skf
  /home/andersx/parameters/3ob-3-1/C-O.skf
  /home/andersx/parameters/3ob-3-1/C-N.skf
  /home/andersx/parameters/3ob-3-1/C-H.skf
  /home/andersx/parameters/3ob-3-1/O-C.skf
  /home/andersx/parameters/3ob-3-1/O-O.skf
  /home/andersx/parameters/3ob-3-1/O-N.skf
  /home/andersx/parameters/3ob-3-1/O-H.skf
  /home/andersx/parameters/3ob-3-1/N-C.skf
  /home/andersx/parameters/3ob-3-1/N-O.skf
  /home/andersx/parameters/3ob-3-1/N-N.skf
  /home/andersx/parameters/3ob-3-1/N-H.skf
  /home/andersx/parameters/3ob-3-1/H-C.skf
  /home/andersx/parameters/3ob-3-1/H-O.skf
  /home/andersx/parameters/3ob-3-1/H-N.skf
  /home/andersx/parameters/3ob-3-1/H-H.skf
Done.

Starting initialization...
--------------------------------------------------------------------------------
Mode:                        Static calculation
Self consistent charges:     Yes
SCC-tolerance:                 0.100000E-05
Max. scc iterations:                    100
Ewald alpha parameter:         0.000000E+00
Spin polarisation:           No
Nr. of up electrons:            21.000000
Nr. of down electrons:          21.000000
Periodic boundaries:         No
Diagonalizer:                Divide and Conquer
Mixer:                       Anderson mixer
Mixing parameter:                  0.200000
Maximal SCC-cycles:                     100
Nr. of chrg. vectors to mix:              8
Electronic temperature:        0.100000E-07
Initial charges:             Set automatically (system chrg:   0.000E+00)
Included shells:              C:  s, p
                              O:  s, p
                              N:  s, p
                              H:  s
Full 3rd order correction    Yes
Damped SCC                   Yes
Damped specie(s):            H                                                 
Extra options:
--------------------------------------------------------------------------------
 

********************************************************************************
** Geometry step: 0
********************************************************************************

  iSCC Total electronic   Diff electronic      SCC error    
    1   -0.18398897E+02    0.00000000E+00    0.56309535E+00
    2   -0.18399203E+02   -0.30632638E-03    0.55645418E+00
    3   -0.18406900E+02   -0.76971028E-02    0.82293687E-01
    4   -0.18406662E+02    0.23865081E-03    0.10896222E+00
    5   -0.18407275E+02   -0.61373507E-03    0.11348145E+00
    6   -0.18407559E+02   -0.28409483E-03    0.21837968E-01
    7   -0.18407559E+02    0.28637080E-06    0.24260425E-01
    8   -0.18407572E+02   -0.13246414E-04    0.38710564E-02
    9   -0.18407573E+02   -0.22259716E-06    0.93103262E-03
   10   -0.18407573E+02   -0.83539138E-07    0.11510597E-02
   11   -0.18407573E+02   -0.55351670E-08    0.28632887E-03
   12   -0.18407573E+02   -0.26069884E-08    0.60516055E-04
   13   -0.18407573E+02   -0.85417895E-10    0.52989625E-05
   14   -0.18407573E+02   -0.84199314E-12    0.91917284E-06
>> Charges saved for restart in charges.bin
 
 Total Energy:                     -18.3564037167 H
 Total Mermin free energy:         -18.3564037167 H
