================================================================================
==
==   Density Functional based Tight Binding with a lot of extensions (DFTB+)    
==
==                              Release: 1.2 (p2)
==
==                            (ParserVersion = 4)
==
================================================================================


********************************************************************************
** Parsing and initializing
********************************************************************************

Interpreting input file 'dftb_in.hsd'
--------------------------------------------------------------------------------
WARNING!
-> WriteHSDInput and WriteXMLInput both turned off. You won't eventually be 
 able to obtain the same results with a later version of the code!
Path: dftb_in/ParserOptions
Line: 86-89 (File: dftb_in.hsd)

Reading SK-files:
  /home/andersx/parameters/3ob-3-1/C-C.skf
  /home/andersx/parameters/3ob-3-1/C-O.skf
  /home/andersx/parameters/3ob-3-1/C-N.skf
  /home/andersx/parameters/3ob-3-1/C-H.skf
  /home/andersx/parameters/3ob-3-1/O-C.skf
  /home/andersx/parameters/3ob-3-1/O-O.skf
  /home/andersx/parameters/3ob-3-1/O-N.skf
  /home/andersx/parameters/3ob-3-1/O-H.skf
  /home/andersx/parameters/3ob-3-1/N-C.skf
  /home/andersx/parameters/3ob-3-1/N-O.skf
  /home/andersx/parameters/3ob-3-1/N-N.skf
  /home/andersx/parameters/3ob-3-1/N-H.skf
  /home/andersx/parameters/3ob-3-1/H-C.skf
  /home/andersx/parameters/3ob-3-1/H-O.skf
  /home/andersx/parameters/3ob-3-1/H-N.skf
  /home/andersx/parameters/3ob-3-1/H-H.skf
Done.

Starting initialization...
--------------------------------------------------------------------------------
Mode:                        Static calculation
Self consistent charges:     Yes
SCC-tolerance:                 0.100000E-05
Max. scc iterations:                    100
Ewald alpha parameter:         0.000000E+00
Spin polarisation:           No
Nr. of up electrons:            21.000000
Nr. of down electrons:          21.000000
Periodic boundaries:         No
Diagonalizer:                Divide and Conquer
Mixer:                       Anderson mixer
Mixing parameter:                  0.200000
Maximal SCC-cycles:                     100
Nr. of chrg. vectors to mix:              8
Electronic temperature:        0.100000E-07
Initial charges:             Set automatically (system chrg:   0.000E+00)
Included shells:              C:  s, p
                              O:  s, p
                              N:  s, p
                              H:  s
Full 3rd order correction    Yes
Damped SCC                   Yes
Damped specie(s):            H                                                 
Extra options:
--------------------------------------------------------------------------------
 

********************************************************************************
** Geometry step: 0
********************************************************************************

  iSCC Total electronic   Diff electronic      SCC error    
    1   -0.18397315E+02    0.00000000E+00    0.58931691E+00
    2   -0.18397643E+02   -0.32752071E-03    0.58212420E+00
    3   -0.18405795E+02   -0.81517540E-02    0.95052405E-01
    4   -0.18405521E+02    0.27396885E-03    0.10013460E+00
    5   -0.18406063E+02   -0.54279542E-03    0.13729812E+00
    6   -0.18406471E+02   -0.40745043E-03    0.20151903E-01
    7   -0.18406467E+02    0.37801764E-05    0.32278303E-01
    8   -0.18406479E+02   -0.12388234E-04    0.17817054E-01
    9   -0.18406482E+02   -0.28814078E-05    0.24169041E-02
   10   -0.18406482E+02   -0.53485479E-07    0.20374533E-02
   11   -0.18406483E+02   -0.14317065E-06    0.32160607E-03
   12   -0.18406483E+02   -0.33005172E-08    0.19573651E-03
   13   -0.18406483E+02   -0.17915980E-08    0.28552928E-04
   14   -0.18406483E+02   -0.49332982E-10    0.36189407E-05
   15   -0.18406483E+02   -0.34816594E-12    0.69840838E-06
>> Charges saved for restart in charges.bin
 
 Total Energy:                     -18.3552594383 H
 Total Mermin free energy:         -18.3552594383 H
