================================================================================
==
==   Density Functional based Tight Binding with a lot of extensions (DFTB+)    
==
==                              Release: 1.2 (p2)
==
==                            (ParserVersion = 4)
==
================================================================================


********************************************************************************
** Parsing and initializing
********************************************************************************

Interpreting input file 'dftb_in.hsd'
--------------------------------------------------------------------------------
WARNING!
-> WriteHSDInput and WriteXMLInput both turned off. You won't eventually be 
 able to obtain the same results with a later version of the code!
Path: dftb_in/ParserOptions
Line: 75-78 (File: dftb_in.hsd)

Reading SK-files:
  /home/andersx/parameters/3ob-3-1/N-N.skf
  /home/andersx/parameters/3ob-3-1/N-C.skf
  /home/andersx/parameters/3ob-3-1/N-H.skf
  /home/andersx/parameters/3ob-3-1/C-N.skf
  /home/andersx/parameters/3ob-3-1/C-C.skf
  /home/andersx/parameters/3ob-3-1/C-H.skf
  /home/andersx/parameters/3ob-3-1/H-N.skf
  /home/andersx/parameters/3ob-3-1/H-C.skf
  /home/andersx/parameters/3ob-3-1/H-H.skf
Done.

Starting initialization...
--------------------------------------------------------------------------------
Mode:                        Static calculation
Self consistent charges:     Yes
SCC-tolerance:                 0.100000E-05
Max. scc iterations:                    100
Ewald alpha parameter:         0.000000E+00
Spin polarisation:           No
Nr. of up electrons:            18.000000
Nr. of down electrons:          18.000000
Periodic boundaries:         No
Diagonalizer:                Divide and Conquer
Mixer:                       Anderson mixer
Mixing parameter:                  0.200000
Maximal SCC-cycles:                     100
Nr. of chrg. vectors to mix:              8
Electronic temperature:        0.100000E-07
Initial charges:             Set automatically (system chrg:   0.000E+00)
Included shells:              N:  s, p
                              C:  s, p
                              H:  s
Full 3rd order correction    Yes
Damped SCC                   Yes
Damped specie(s):            H                                                 
Extra options:
--------------------------------------------------------------------------------
 

********************************************************************************
** Geometry step: 0
********************************************************************************

  iSCC Total electronic   Diff electronic      SCC error    
    1   -0.15492745E+02    0.00000000E+00    0.57863114E+00
    2   -0.15492783E+02   -0.38521121E-04    0.57174761E+00
    3   -0.15493707E+02   -0.92321801E-03    0.44508076E-01
    4   -0.15493684E+02    0.22269447E-04    0.42631592E-01
    5   -0.15493685E+02   -0.26175210E-06    0.41506585E-01
    6   -0.15493755E+02   -0.70416509E-04    0.28155762E-02
    7   -0.15493755E+02   -0.94090490E-07    0.23552863E-02
    8   -0.15493755E+02   -0.27711787E-06    0.24927773E-02
    9   -0.15493755E+02    0.78190432E-09    0.19507079E-02
   10   -0.15493755E+02   -0.19525187E-07    0.31241180E-03
   11   -0.15493755E+02   -0.24468267E-08    0.63381131E-04
   12   -0.15493755E+02   -0.69931083E-09    0.13106911E-04
   13   -0.15493755E+02   -0.97237773E-11    0.27016154E-05
   14   -0.15493755E+02   -0.17053026E-12    0.28314698E-06
>> Charges saved for restart in charges.bin
 
 Total Energy:                     -15.3763351126 H
 Total Mermin free energy:         -15.3763351126 H
