================================================================================
==
==   Density Functional based Tight Binding with a lot of extensions (DFTB+)    
==
==                              Release: 1.2 (p2)
==
==                            (ParserVersion = 4)
==
================================================================================


********************************************************************************
** Parsing and initializing
********************************************************************************

Interpreting input file 'dftb_in.hsd'
--------------------------------------------------------------------------------
WARNING!
-> WriteHSDInput and WriteXMLInput both turned off. You won't eventually be 
 able to obtain the same results with a later version of the code!
Path: dftb_in/ParserOptions
Line: 81-84 (File: dftb_in.hsd)

Reading SK-files:
  /home/andersx/parameters/3ob-3-1/C-C.skf
  /home/andersx/parameters/3ob-3-1/C-O.skf
  /home/andersx/parameters/3ob-3-1/C-N.skf
  /home/andersx/parameters/3ob-3-1/C-H.skf
  /home/andersx/parameters/3ob-3-1/O-C.skf
  /home/andersx/parameters/3ob-3-1/O-O.skf
  /home/andersx/parameters/3ob-3-1/O-N.skf
  /home/andersx/parameters/3ob-3-1/O-H.skf
  /home/andersx/parameters/3ob-3-1/N-C.skf
  /home/andersx/parameters/3ob-3-1/N-O.skf
  /home/andersx/parameters/3ob-3-1/N-N.skf
  /home/andersx/parameters/3ob-3-1/N-H.skf
  /home/andersx/parameters/3ob-3-1/H-C.skf
  /home/andersx/parameters/3ob-3-1/H-O.skf
  /home/andersx/parameters/3ob-3-1/H-N.skf
  /home/andersx/parameters/3ob-3-1/H-H.skf
Done.

Starting initialization...
--------------------------------------------------------------------------------
Mode:                        Static calculation
Self consistent charges:     Yes
SCC-tolerance:                 0.100000E-05
Max. scc iterations:                    100
Ewald alpha parameter:         0.000000E+00
Spin polarisation:           No
Nr. of up electrons:            19.000000
Nr. of down electrons:          19.000000
Periodic boundaries:         No
Diagonalizer:                Divide and Conquer
Mixer:                       Anderson mixer
Mixing parameter:                  0.200000
Maximal SCC-cycles:                     100
Nr. of chrg. vectors to mix:              8
Electronic temperature:        0.100000E-07
Initial charges:             Set automatically (system chrg:   0.000E+00)
Included shells:              C:  s, p
                              O:  s, p
                              N:  s, p
                              H:  s
Full 3rd order correction    Yes
Damped SCC                   Yes
Damped specie(s):            H                                                 
Extra options:
--------------------------------------------------------------------------------
 

********************************************************************************
** Geometry step: 0
********************************************************************************

  iSCC Total electronic   Diff electronic      SCC error    
    1   -0.17489083E+02    0.00000000E+00    0.45631770E+00
    2   -0.17489699E+02   -0.61634898E-03    0.44833374E+00
    3   -0.17505054E+02   -0.15354873E-01    0.15835681E+00
    4   -0.17505002E+02    0.51468342E-04    0.15608233E+00
    5   -0.17505845E+02   -0.84294439E-03    0.29939334E-01
    6   -0.17505846E+02   -0.81378944E-06    0.31531329E-01
    7   -0.17505890E+02   -0.44259927E-04    0.12993944E-01
    8   -0.17505902E+02   -0.11131183E-04    0.19997122E-02
    9   -0.17505902E+02   -0.12683812E-06    0.14724332E-02
   10   -0.17505902E+02   -0.28589023E-06    0.39068807E-03
   11   -0.17505902E+02   -0.12528432E-07    0.25654808E-03
   12   -0.17505902E+02   -0.27497542E-08    0.53211525E-04
   13   -0.17505902E+02   -0.27905145E-09    0.47634828E-05
   14   -0.17505902E+02   -0.31903369E-11    0.19331968E-05
   15   -0.17505902E+02   -0.16697754E-12    0.20033266E-06
>> Charges saved for restart in charges.bin
 
 Total Energy:                     -17.1344043998 H
 Total Mermin free energy:         -17.1344043998 H
