================================================================================
==
==   Density Functional based Tight Binding with a lot of extensions (DFTB+)    
==
==                              Release: 1.2 (p2)
==
==                            (ParserVersion = 4)
==
================================================================================


********************************************************************************
** Parsing and initializing
********************************************************************************

Interpreting input file 'dftb_in.hsd'
--------------------------------------------------------------------------------
WARNING!
-> WriteHSDInput and WriteXMLInput both turned off. You won't eventually be 
 able to obtain the same results with a later version of the code!
Path: dftb_in/ParserOptions
Line: 86-89 (File: dftb_in.hsd)

Reading SK-files:
  /home/andersx/parameters/3ob-3-1/C-C.skf
  /home/andersx/parameters/3ob-3-1/C-O.skf
  /home/andersx/parameters/3ob-3-1/C-N.skf
  /home/andersx/parameters/3ob-3-1/C-H.skf
  /home/andersx/parameters/3ob-3-1/O-C.skf
  /home/andersx/parameters/3ob-3-1/O-O.skf
  /home/andersx/parameters/3ob-3-1/O-N.skf
  /home/andersx/parameters/3ob-3-1/O-H.skf
  /home/andersx/parameters/3ob-3-1/N-C.skf
  /home/andersx/parameters/3ob-3-1/N-O.skf
  /home/andersx/parameters/3ob-3-1/N-N.skf
  /home/andersx/parameters/3ob-3-1/N-H.skf
  /home/andersx/parameters/3ob-3-1/H-C.skf
  /home/andersx/parameters/3ob-3-1/H-O.skf
  /home/andersx/parameters/3ob-3-1/H-N.skf
  /home/andersx/parameters/3ob-3-1/H-H.skf
Done.

Starting initialization...
--------------------------------------------------------------------------------
Mode:                        Static calculation
Self consistent charges:     Yes
SCC-tolerance:                 0.100000E-05
Max. scc iterations:                    100
Ewald alpha parameter:         0.000000E+00
Spin polarisation:           No
Nr. of up electrons:            21.000000
Nr. of down electrons:          21.000000
Periodic boundaries:         No
Diagonalizer:                Divide and Conquer
Mixer:                       Anderson mixer
Mixing parameter:                  0.200000
Maximal SCC-cycles:                     100
Nr. of chrg. vectors to mix:              8
Electronic temperature:        0.100000E-07
Initial charges:             Set automatically (system chrg:   0.000E+00)
Included shells:              C:  s, p
                              O:  s, p
                              N:  s, p
                              H:  s
Full 3rd order correction    Yes
Damped SCC                   Yes
Damped specie(s):            H                                                 
Extra options:
--------------------------------------------------------------------------------
 

********************************************************************************
** Geometry step: 0
********************************************************************************

  iSCC Total electronic   Diff electronic      SCC error    
    1   -0.18363009E+02    0.00000000E+00    0.57091950E+00
    2   -0.18363453E+02   -0.44432559E-03    0.56251147E+00
    3   -0.18375362E+02   -0.11908662E-01    0.81181952E-01
    4   -0.18375220E+02    0.14221065E-03    0.72419499E-01
    5   -0.18375255E+02   -0.35421584E-04    0.82205121E-01
    6   -0.18375593E+02   -0.33769353E-03    0.79133911E-02
    7   -0.18375592E+02    0.98952964E-06    0.65757238E-02
    8   -0.18375598E+02   -0.58781545E-05    0.35067389E-02
    9   -0.18375599E+02   -0.75777287E-06    0.11493624E-02
   10   -0.18375599E+02   -0.55817278E-07    0.10283016E-02
   11   -0.18375599E+02   -0.11895082E-07    0.31537391E-03
   12   -0.18375599E+02   -0.19214355E-08    0.37576366E-04
   13   -0.18375599E+02   -0.12846613E-10    0.94446143E-05
   14   -0.18375599E+02   -0.16981971E-11    0.98938016E-06
>> Charges saved for restart in charges.bin
 
 Total Energy:                     -18.3438558265 H
 Total Mermin free energy:         -18.3438558265 H
