================================================================================
==
==   Density Functional based Tight Binding with a lot of extensions (DFTB+)    
==
==                              Release: 1.2 (p2)
==
==                            (ParserVersion = 4)
==
================================================================================


********************************************************************************
** Parsing and initializing
********************************************************************************

Interpreting input file 'dftb_in.hsd'
--------------------------------------------------------------------------------
WARNING!
-> WriteHSDInput and WriteXMLInput both turned off. You won't eventually be 
 able to obtain the same results with a later version of the code!
Path: dftb_in/ParserOptions
Line: 86-89 (File: dftb_in.hsd)

Reading SK-files:
  /home/andersx/parameters/3ob-3-1/C-C.skf
  /home/andersx/parameters/3ob-3-1/C-O.skf
  /home/andersx/parameters/3ob-3-1/C-N.skf
  /home/andersx/parameters/3ob-3-1/C-H.skf
  /home/andersx/parameters/3ob-3-1/O-C.skf
  /home/andersx/parameters/3ob-3-1/O-O.skf
  /home/andersx/parameters/3ob-3-1/O-N.skf
  /home/andersx/parameters/3ob-3-1/O-H.skf
  /home/andersx/parameters/3ob-3-1/N-C.skf
  /home/andersx/parameters/3ob-3-1/N-O.skf
  /home/andersx/parameters/3ob-3-1/N-N.skf
  /home/andersx/parameters/3ob-3-1/N-H.skf
  /home/andersx/parameters/3ob-3-1/H-C.skf
  /home/andersx/parameters/3ob-3-1/H-O.skf
  /home/andersx/parameters/3ob-3-1/H-N.skf
  /home/andersx/parameters/3ob-3-1/H-H.skf
Done.

Starting initialization...
--------------------------------------------------------------------------------
Mode:                        Static calculation
Self consistent charges:     Yes
SCC-tolerance:                 0.100000E-05
Max. scc iterations:                    100
Ewald alpha parameter:         0.000000E+00
Spin polarisation:           No
Nr. of up electrons:            21.000000
Nr. of down electrons:          21.000000
Periodic boundaries:         No
Diagonalizer:                Divide and Conquer
Mixer:                       Anderson mixer
Mixing parameter:                  0.200000
Maximal SCC-cycles:                     100
Nr. of chrg. vectors to mix:              8
Electronic temperature:        0.100000E-07
Initial charges:             Set automatically (system chrg:   0.000E+00)
Included shells:              C:  s, p
                              O:  s, p
                              N:  s, p
                              H:  s
Full 3rd order correction    Yes
Damped SCC                   Yes
Damped specie(s):            H                                                 
Extra options:
--------------------------------------------------------------------------------
 

********************************************************************************
** Geometry step: 0
********************************************************************************

  iSCC Total electronic   Diff electronic      SCC error    
    1   -0.18396806E+02    0.00000000E+00    0.58332864E+00
    2   -0.18397149E+02   -0.34316658E-03    0.57636768E+00
    3   -0.18406354E+02   -0.92049232E-02    0.89514134E-01
    4   -0.18406171E+02    0.18249467E-03    0.94661690E-01
    5   -0.18406476E+02   -0.30436650E-03    0.10889870E+00
    6   -0.18406760E+02   -0.28389000E-03    0.13880601E-01
    7   -0.18406758E+02    0.10626708E-05    0.28960383E-01
    8   -0.18406767E+02   -0.82307679E-05    0.14534777E-01
    9   -0.18406768E+02   -0.15057530E-05    0.39110669E-02
   10   -0.18406768E+02   -0.72148005E-07    0.31952227E-02
   11   -0.18406768E+02   -0.17032374E-06    0.39368495E-03
   12   -0.18406768E+02   -0.20561689E-07    0.23999636E-03
   13   -0.18406768E+02   -0.99183559E-08    0.48466043E-04
   14   -0.18406768E+02   -0.23694113E-09    0.73730106E-05
   15   -0.18406768E+02   -0.15987212E-11    0.40961014E-05
   16   -0.18406768E+02   -0.39079850E-13    0.32563308E-06
>> Charges saved for restart in charges.bin
 
 Total Energy:                     -18.3549109081 H
 Total Mermin free energy:         -18.3549109081 H
