================================================================================
==
==   Density Functional based Tight Binding with a lot of extensions (DFTB+)    
==
==                              Release: 1.2 (p2)
==
==                            (ParserVersion = 4)
==
================================================================================


********************************************************************************
** Parsing and initializing
********************************************************************************

Interpreting input file 'dftb_in.hsd'
--------------------------------------------------------------------------------
WARNING!
-> WriteHSDInput and WriteXMLInput both turned off. You won't eventually be 
 able to obtain the same results with a later version of the code!
Path: dftb_in/ParserOptions
Line: 86-89 (File: dftb_in.hsd)

Reading SK-files:
  /home/andersx/parameters/3ob-3-1/C-C.skf
  /home/andersx/parameters/3ob-3-1/C-O.skf
  /home/andersx/parameters/3ob-3-1/C-N.skf
  /home/andersx/parameters/3ob-3-1/C-H.skf
  /home/andersx/parameters/3ob-3-1/O-C.skf
  /home/andersx/parameters/3ob-3-1/O-O.skf
  /home/andersx/parameters/3ob-3-1/O-N.skf
  /home/andersx/parameters/3ob-3-1/O-H.skf
  /home/andersx/parameters/3ob-3-1/N-C.skf
  /home/andersx/parameters/3ob-3-1/N-O.skf
  /home/andersx/parameters/3ob-3-1/N-N.skf
  /home/andersx/parameters/3ob-3-1/N-H.skf
  /home/andersx/parameters/3ob-3-1/H-C.skf
  /home/andersx/parameters/3ob-3-1/H-O.skf
  /home/andersx/parameters/3ob-3-1/H-N.skf
  /home/andersx/parameters/3ob-3-1/H-H.skf
Done.

Starting initialization...
--------------------------------------------------------------------------------
Mode:                        Static calculation
Self consistent charges:     Yes
SCC-tolerance:                 0.100000E-05
Max. scc iterations:                    100
Ewald alpha parameter:         0.000000E+00
Spin polarisation:           No
Nr. of up electrons:            21.000000
Nr. of down electrons:          21.000000
Periodic boundaries:         No
Diagonalizer:                Divide and Conquer
Mixer:                       Anderson mixer
Mixing parameter:                  0.200000
Maximal SCC-cycles:                     100
Nr. of chrg. vectors to mix:              8
Electronic temperature:        0.100000E-07
Initial charges:             Set automatically (system chrg:   0.000E+00)
Included shells:              C:  s, p
                              O:  s, p
                              N:  s, p
                              H:  s
Full 3rd order correction    Yes
Damped SCC                   Yes
Damped specie(s):            H                                                 
Extra options:
--------------------------------------------------------------------------------
 

********************************************************************************
** Geometry step: 0
********************************************************************************

  iSCC Total electronic   Diff electronic      SCC error    
    1   -0.18357437E+02    0.00000000E+00    0.55538034E+00
    2   -0.18357868E+02   -0.43074158E-03    0.54722099E+00
    3   -0.18369852E+02   -0.11984089E-01    0.55160284E-01
    4   -0.18369758E+02    0.94486707E-04    0.49800643E-01
    5   -0.18369709E+02    0.48425805E-04    0.76885747E-01
    6   -0.18369974E+02   -0.26515187E-03    0.70052204E-02
    7   -0.18369975E+02   -0.51897932E-06    0.48183868E-02
    8   -0.18369979E+02   -0.35966409E-05    0.14736788E-02
    9   -0.18369979E+02   -0.35983491E-06    0.89422386E-03
   10   -0.18369979E+02   -0.33311846E-07    0.49621050E-03
   11   -0.18369979E+02   -0.46757478E-08    0.12856708E-03
   12   -0.18369979E+02   -0.51253224E-09    0.17149789E-04
   13   -0.18369979E+02   -0.16857626E-10    0.26482925E-05
   14   -0.18369979E+02   -0.30908609E-12    0.34369913E-06
>> Charges saved for restart in charges.bin
 
 Total Energy:                     -18.3395640172 H
 Total Mermin free energy:         -18.3395640172 H
