================================================================================
==
==   Density Functional based Tight Binding with a lot of extensions (DFTB+)    
==
==                              Release: 1.2 (p2)
==
==                            (ParserVersion = 4)
==
================================================================================


********************************************************************************
** Parsing and initializing
********************************************************************************

Interpreting input file 'dftb_in.hsd'
--------------------------------------------------------------------------------
WARNING!
-> WriteHSDInput and WriteXMLInput both turned off. You won't eventually be 
 able to obtain the same results with a later version of the code!
Path: dftb_in/ParserOptions
Line: 86-89 (File: dftb_in.hsd)

Reading SK-files:
  /home/andersx/parameters/3ob-3-1/C-C.skf
  /home/andersx/parameters/3ob-3-1/C-O.skf
  /home/andersx/parameters/3ob-3-1/C-N.skf
  /home/andersx/parameters/3ob-3-1/C-H.skf
  /home/andersx/parameters/3ob-3-1/O-C.skf
  /home/andersx/parameters/3ob-3-1/O-O.skf
  /home/andersx/parameters/3ob-3-1/O-N.skf
  /home/andersx/parameters/3ob-3-1/O-H.skf
  /home/andersx/parameters/3ob-3-1/N-C.skf
  /home/andersx/parameters/3ob-3-1/N-O.skf
  /home/andersx/parameters/3ob-3-1/N-N.skf
  /home/andersx/parameters/3ob-3-1/N-H.skf
  /home/andersx/parameters/3ob-3-1/H-C.skf
  /home/andersx/parameters/3ob-3-1/H-O.skf
  /home/andersx/parameters/3ob-3-1/H-N.skf
  /home/andersx/parameters/3ob-3-1/H-H.skf
Done.

Starting initialization...
--------------------------------------------------------------------------------
Mode:                        Static calculation
Self consistent charges:     Yes
SCC-tolerance:                 0.100000E-05
Max. scc iterations:                    100
Ewald alpha parameter:         0.000000E+00
Spin polarisation:           No
Nr. of up electrons:            21.000000
Nr. of down electrons:          21.000000
Periodic boundaries:         No
Diagonalizer:                Divide and Conquer
Mixer:                       Anderson mixer
Mixing parameter:                  0.200000
Maximal SCC-cycles:                     100
Nr. of chrg. vectors to mix:              8
Electronic temperature:        0.100000E-07
Initial charges:             Set automatically (system chrg:   0.000E+00)
Included shells:              C:  s, p
                              O:  s, p
                              N:  s, p
                              H:  s
Full 3rd order correction    Yes
Damped SCC                   Yes
Damped specie(s):            H                                                 
Extra options:
--------------------------------------------------------------------------------
 

********************************************************************************
** Geometry step: 0
********************************************************************************

  iSCC Total electronic   Diff electronic      SCC error    
    1   -0.18461777E+02    0.00000000E+00    0.59112611E+00
    2   -0.18462074E+02   -0.29788084E-03    0.58386402E+00
    3   -0.18470313E+02   -0.82390215E-02    0.95646419E-01
    4   -0.18470175E+02    0.13837521E-03    0.76532771E-01
    5   -0.18470278E+02   -0.10271801E-03    0.85233141E-01
    6   -0.18470563E+02   -0.28487062E-03    0.12811474E-01
    7   -0.18470565E+02   -0.24816975E-05    0.11403433E-01
    8   -0.18470575E+02   -0.10216210E-04    0.63798527E-02
    9   -0.18470575E+02    0.14117564E-06    0.32547564E-02
   10   -0.18470576E+02   -0.36798890E-06    0.17157136E-02
   11   -0.18470576E+02   -0.12430319E-06    0.23000660E-03
   12   -0.18470576E+02   -0.40266173E-08    0.88701970E-04
   13   -0.18470576E+02   -0.73163164E-09    0.21769048E-04
   14   -0.18470576E+02   -0.16779467E-10    0.18645467E-05
   15   -0.18470576E+02   -0.46185278E-13    0.64989706E-06
>> Charges saved for restart in charges.bin
 
 Total Energy:                     -18.3728320604 H
 Total Mermin free energy:         -18.3728320604 H
