================================================================================
==
==   Density Functional based Tight Binding with a lot of extensions (DFTB+)    
==
==                              Release: 1.2 (p2)
==
==                            (ParserVersion = 4)
==
================================================================================


********************************************************************************
** Parsing and initializing
********************************************************************************

Interpreting input file 'dftb_in.hsd'
--------------------------------------------------------------------------------
WARNING!
-> WriteHSDInput and WriteXMLInput both turned off. You won't eventually be 
 able to obtain the same results with a later version of the code!
Path: dftb_in/ParserOptions
Line: 83-86 (File: dftb_in.hsd)

Reading SK-files:
  /home/andersx/parameters/3ob-3-1/C-C.skf
  /home/andersx/parameters/3ob-3-1/C-O.skf
  /home/andersx/parameters/3ob-3-1/C-N.skf
  /home/andersx/parameters/3ob-3-1/C-H.skf
  /home/andersx/parameters/3ob-3-1/O-C.skf
  /home/andersx/parameters/3ob-3-1/O-O.skf
  /home/andersx/parameters/3ob-3-1/O-N.skf
  /home/andersx/parameters/3ob-3-1/O-H.skf
  /home/andersx/parameters/3ob-3-1/N-C.skf
  /home/andersx/parameters/3ob-3-1/N-O.skf
  /home/andersx/parameters/3ob-3-1/N-N.skf
  /home/andersx/parameters/3ob-3-1/N-H.skf
  /home/andersx/parameters/3ob-3-1/H-C.skf
  /home/andersx/parameters/3ob-3-1/H-O.skf
  /home/andersx/parameters/3ob-3-1/H-N.skf
  /home/andersx/parameters/3ob-3-1/H-H.skf
Done.

Starting initialization...
--------------------------------------------------------------------------------
Mode:                        Static calculation
Self consistent charges:     Yes
SCC-tolerance:                 0.100000E-05
Max. scc iterations:                    100
Ewald alpha parameter:         0.000000E+00
Spin polarisation:           No
Nr. of up electrons:            20.000000
Nr. of down electrons:          20.000000
Periodic boundaries:         No
Diagonalizer:                Divide and Conquer
Mixer:                       Anderson mixer
Mixing parameter:                  0.200000
Maximal SCC-cycles:                     100
Nr. of chrg. vectors to mix:              8
Electronic temperature:        0.100000E-07
Initial charges:             Set automatically (system chrg:   0.000E+00)
Included shells:              C:  s, p
                              O:  s, p
                              N:  s, p
                              H:  s
Full 3rd order correction    Yes
Damped SCC                   Yes
Damped specie(s):            H                                                 
Extra options:
--------------------------------------------------------------------------------
 

********************************************************************************
** Geometry step: 0
********************************************************************************

  iSCC Total electronic   Diff electronic      SCC error    
    1   -0.18242026E+02    0.00000000E+00    0.88706139E+00
    2   -0.18242550E+02   -0.52368340E-03    0.87312652E+00
    3   -0.18254212E+02   -0.11661697E-01    0.19995989E+00
    4   -0.18253784E+02    0.42782831E-03    0.18314702E+00
    5   -0.18253974E+02   -0.19034524E-03    0.14177901E+00
    6   -0.18255297E+02   -0.13229281E-02    0.37830293E-01
    7   -0.18255270E+02    0.26490999E-04    0.24142108E-01
    8   -0.18255360E+02   -0.89544452E-04    0.20897508E-01
    9   -0.18255368E+02   -0.84128942E-05    0.11011428E-01
   10   -0.18255370E+02   -0.20284672E-05    0.10027354E-01
   11   -0.18255374E+02   -0.32549315E-05    0.31512879E-02
   12   -0.18255374E+02   -0.18275524E-06    0.13186581E-02
   13   -0.18255374E+02    0.32514468E-07    0.56959221E-03
   14   -0.18255374E+02   -0.49810417E-07    0.90522410E-04
   15   -0.18255374E+02   -0.65636740E-09    0.55222878E-04
   16   -0.18255374E+02   -0.16826718E-09    0.31634157E-05
   17   -0.18255374E+02   -0.34461323E-12    0.79122422E-06
>> Charges saved for restart in charges.bin
 
 Total Energy:                     -17.9254951612 H
 Total Mermin free energy:         -17.9254951612 H
