================================================================================
==
==   Density Functional based Tight Binding with a lot of extensions (DFTB+)    
==
==                              Release: 1.2 (p2)
==
==                            (ParserVersion = 4)
==
================================================================================


********************************************************************************
** Parsing and initializing
********************************************************************************

Interpreting input file 'dftb_in.hsd'
--------------------------------------------------------------------------------
WARNING!
-> WriteHSDInput and WriteXMLInput both turned off. You won't eventually be 
 able to obtain the same results with a later version of the code!
Path: dftb_in/ParserOptions
Line: 83-86 (File: dftb_in.hsd)

Reading SK-files:
  /home/andersx/parameters/3ob-3-1/C-C.skf
  /home/andersx/parameters/3ob-3-1/C-O.skf
  /home/andersx/parameters/3ob-3-1/C-N.skf
  /home/andersx/parameters/3ob-3-1/C-H.skf
  /home/andersx/parameters/3ob-3-1/O-C.skf
  /home/andersx/parameters/3ob-3-1/O-O.skf
  /home/andersx/parameters/3ob-3-1/O-N.skf
  /home/andersx/parameters/3ob-3-1/O-H.skf
  /home/andersx/parameters/3ob-3-1/N-C.skf
  /home/andersx/parameters/3ob-3-1/N-O.skf
  /home/andersx/parameters/3ob-3-1/N-N.skf
  /home/andersx/parameters/3ob-3-1/N-H.skf
  /home/andersx/parameters/3ob-3-1/H-C.skf
  /home/andersx/parameters/3ob-3-1/H-O.skf
  /home/andersx/parameters/3ob-3-1/H-N.skf
  /home/andersx/parameters/3ob-3-1/H-H.skf
Done.

Starting initialization...
--------------------------------------------------------------------------------
Mode:                        Static calculation
Self consistent charges:     Yes
SCC-tolerance:                 0.100000E-05
Max. scc iterations:                    100
Ewald alpha parameter:         0.000000E+00
Spin polarisation:           No
Nr. of up electrons:            20.000000
Nr. of down electrons:          20.000000
Periodic boundaries:         No
Diagonalizer:                Divide and Conquer
Mixer:                       Anderson mixer
Mixing parameter:                  0.200000
Maximal SCC-cycles:                     100
Nr. of chrg. vectors to mix:              8
Electronic temperature:        0.100000E-07
Initial charges:             Set automatically (system chrg:   0.000E+00)
Included shells:              C:  s, p
                              O:  s, p
                              N:  s, p
                              H:  s
Full 3rd order correction    Yes
Damped SCC                   Yes
Damped specie(s):            H                                                 
Extra options:
--------------------------------------------------------------------------------
 

********************************************************************************
** Geometry step: 0
********************************************************************************

  iSCC Total electronic   Diff electronic      SCC error    
    1   -0.18243151E+02    0.00000000E+00    0.84614327E+00
    2   -0.18243735E+02   -0.58473727E-03    0.83260176E+00
    3   -0.18255812E+02   -0.12076426E-01    0.20245589E+00
    4   -0.18255590E+02    0.22204938E-03    0.19445550E+00
    5   -0.18257822E+02   -0.22321719E-02    0.53617626E-01
    6   -0.18257995E+02   -0.17288785E-03    0.29211376E-01
    7   -0.18257927E+02    0.67706606E-04    0.29079067E-01
    8   -0.18258050E+02   -0.12310592E-03    0.82843696E-02
    9   -0.18258051E+02   -0.57408205E-06    0.72836970E-02
   10   -0.18258055E+02   -0.37069387E-05    0.17176068E-02
   11   -0.18258055E+02   -0.32864310E-07    0.29400433E-03
   12   -0.18258055E+02    0.17063968E-08    0.34358651E-03
   13   -0.18258055E+02   -0.66990289E-08    0.30175286E-04
   14   -0.18258055E+02   -0.50569327E-10    0.36689459E-05
   15   -0.18258055E+02   -0.46185278E-12    0.11565481E-05
   16   -0.18258055E+02   -0.24868996E-13    0.14612292E-06
>> Charges saved for restart in charges.bin
 
 Total Energy:                     -17.9249156362 H
 Total Mermin free energy:         -17.9249156362 H
