================================================================================
==
==   Density Functional based Tight Binding with a lot of extensions (DFTB+)    
==
==                              Release: 1.2 (p2)
==
==                            (ParserVersion = 4)
==
================================================================================


********************************************************************************
** Parsing and initializing
********************************************************************************

Interpreting input file 'dftb_in.hsd'
--------------------------------------------------------------------------------
WARNING!
-> WriteHSDInput and WriteXMLInput both turned off. You won't eventually be 
 able to obtain the same results with a later version of the code!
Path: dftb_in/ParserOptions
Line: 83-86 (File: dftb_in.hsd)

Reading SK-files:
  /home/andersx/parameters/3ob-3-1/C-C.skf
  /home/andersx/parameters/3ob-3-1/C-O.skf
  /home/andersx/parameters/3ob-3-1/C-N.skf
  /home/andersx/parameters/3ob-3-1/C-H.skf
  /home/andersx/parameters/3ob-3-1/O-C.skf
  /home/andersx/parameters/3ob-3-1/O-O.skf
  /home/andersx/parameters/3ob-3-1/O-N.skf
  /home/andersx/parameters/3ob-3-1/O-H.skf
  /home/andersx/parameters/3ob-3-1/N-C.skf
  /home/andersx/parameters/3ob-3-1/N-O.skf
  /home/andersx/parameters/3ob-3-1/N-N.skf
  /home/andersx/parameters/3ob-3-1/N-H.skf
  /home/andersx/parameters/3ob-3-1/H-C.skf
  /home/andersx/parameters/3ob-3-1/H-O.skf
  /home/andersx/parameters/3ob-3-1/H-N.skf
  /home/andersx/parameters/3ob-3-1/H-H.skf
Done.

Starting initialization...
--------------------------------------------------------------------------------
Mode:                        Static calculation
Self consistent charges:     Yes
SCC-tolerance:                 0.100000E-05
Max. scc iterations:                    100
Ewald alpha parameter:         0.000000E+00
Spin polarisation:           No
Nr. of up electrons:            20.000000
Nr. of down electrons:          20.000000
Periodic boundaries:         No
Diagonalizer:                Divide and Conquer
Mixer:                       Anderson mixer
Mixing parameter:                  0.200000
Maximal SCC-cycles:                     100
Nr. of chrg. vectors to mix:              8
Electronic temperature:        0.100000E-07
Initial charges:             Set automatically (system chrg:   0.000E+00)
Included shells:              C:  s, p
                              O:  s, p
                              N:  s, p
                              H:  s
Full 3rd order correction    Yes
Damped SCC                   Yes
Damped specie(s):            H                                                 
Extra options:
--------------------------------------------------------------------------------
 

********************************************************************************
** Geometry step: 0
********************************************************************************

  iSCC Total electronic   Diff electronic      SCC error    
    1   -0.18187374E+02    0.00000000E+00    0.55976049E+00
    2   -0.18187613E+02   -0.23881366E-03    0.55204975E+00
    3   -0.18194125E+02   -0.65115677E-02    0.71580627E-01
    4   -0.18194043E+02    0.81581097E-04    0.62622315E-01
    5   -0.18194118E+02   -0.75148903E-04    0.69044057E-01
    6   -0.18194321E+02   -0.20309699E-03    0.16374327E-01
    7   -0.18194318E+02    0.38454574E-05    0.16394650E-01
    8   -0.18194344E+02   -0.26006586E-04    0.34087720E-02
    9   -0.18194342E+02    0.19636184E-05    0.79974238E-02
   10   -0.18194343E+02   -0.12615441E-05    0.56766933E-02
   11   -0.18194344E+02   -0.11215750E-05    0.19410871E-02
   12   -0.18194344E+02   -0.75278365E-07    0.34697855E-03
   13   -0.18194344E+02   -0.10701939E-07    0.16382497E-03
   14   -0.18194344E+02   -0.35302037E-08    0.19671658E-04
   15   -0.18194344E+02   -0.15056401E-10    0.69011633E-05
   16   -0.18194344E+02   -0.18083313E-11    0.26850237E-06
>> Charges saved for restart in charges.bin
 
 Total Energy:                     -17.8648161395 H
 Total Mermin free energy:         -17.8648161395 H
