================================================================================
==
==   Density Functional based Tight Binding with a lot of extensions (DFTB+)    
==
==                              Release: 1.2 (p2)
==
==                            (ParserVersion = 4)
==
================================================================================


********************************************************************************
** Parsing and initializing
********************************************************************************

Interpreting input file 'dftb_in.hsd'
--------------------------------------------------------------------------------
WARNING!
-> WriteHSDInput and WriteXMLInput both turned off. You won't eventually be 
 able to obtain the same results with a later version of the code!
Path: dftb_in/ParserOptions
Line: 85-88 (File: dftb_in.hsd)

Reading SK-files:
  /home/andersx/parameters/3ob-3-1/C-C.skf
  /home/andersx/parameters/3ob-3-1/C-O.skf
  /home/andersx/parameters/3ob-3-1/C-N.skf
  /home/andersx/parameters/3ob-3-1/C-H.skf
  /home/andersx/parameters/3ob-3-1/O-C.skf
  /home/andersx/parameters/3ob-3-1/O-O.skf
  /home/andersx/parameters/3ob-3-1/O-N.skf
  /home/andersx/parameters/3ob-3-1/O-H.skf
  /home/andersx/parameters/3ob-3-1/N-C.skf
  /home/andersx/parameters/3ob-3-1/N-O.skf
  /home/andersx/parameters/3ob-3-1/N-N.skf
  /home/andersx/parameters/3ob-3-1/N-H.skf
  /home/andersx/parameters/3ob-3-1/H-C.skf
  /home/andersx/parameters/3ob-3-1/H-O.skf
  /home/andersx/parameters/3ob-3-1/H-N.skf
  /home/andersx/parameters/3ob-3-1/H-H.skf
Done.

Starting initialization...
--------------------------------------------------------------------------------
Mode:                        Static calculation
Self consistent charges:     Yes
SCC-tolerance:                 0.100000E-05
Max. scc iterations:                    100
Ewald alpha parameter:         0.000000E+00
Spin polarisation:           No
Nr. of up electrons:            21.000000
Nr. of down electrons:          21.000000
Periodic boundaries:         No
Diagonalizer:                Divide and Conquer
Mixer:                       Anderson mixer
Mixing parameter:                  0.200000
Maximal SCC-cycles:                     100
Nr. of chrg. vectors to mix:              8
Electronic temperature:        0.100000E-07
Initial charges:             Set automatically (system chrg:   0.000E+00)
Included shells:              C:  s, p
                              O:  s, p
                              N:  s, p
                              H:  s
Full 3rd order correction    Yes
Damped SCC                   Yes
Damped specie(s):            H                                                 
Extra options:
--------------------------------------------------------------------------------
 

********************************************************************************
** Geometry step: 0
********************************************************************************

  iSCC Total electronic   Diff electronic      SCC error    
    1   -0.18853478E+02    0.00000000E+00    0.55171365E+00
    2   -0.18853875E+02   -0.39645795E-03    0.54320384E+00
    3   -0.18865459E+02   -0.11584024E-01    0.96797128E-01
    4   -0.18865406E+02    0.53002166E-04    0.87332765E-01
    5   -0.18865360E+02    0.45794230E-04    0.62551449E-01
    6   -0.18865514E+02   -0.15414534E-03    0.90711596E-02
    7   -0.18865512E+02    0.19062623E-05    0.98932806E-02
    8   -0.18865520E+02   -0.76482627E-05    0.25093874E-02
    9   -0.18865520E+02   -0.48595454E-06    0.85706786E-03
   10   -0.18865520E+02   -0.56902834E-07    0.33779950E-03
   11   -0.18865520E+02   -0.84632283E-08    0.76410184E-04
   12   -0.18865520E+02   -0.43774406E-09    0.14317568E-04
   13   -0.18865520E+02   -0.52082783E-11    0.29307209E-05
   14   -0.18865520E+02   -0.14566126E-12    0.26445730E-06
>> Charges saved for restart in charges.bin
 
 Total Energy:                     -18.6346179096 H
 Total Mermin free energy:         -18.6346179096 H
