================================================================================
==
==   Density Functional based Tight Binding with a lot of extensions (DFTB+)    
==
==                              Release: 1.2 (p2)
==
==                            (ParserVersion = 4)
==
================================================================================


********************************************************************************
** Parsing and initializing
********************************************************************************

Interpreting input file 'dftb_in.hsd'
--------------------------------------------------------------------------------
WARNING!
-> WriteHSDInput and WriteXMLInput both turned off. You won't eventually be 
 able to obtain the same results with a later version of the code!
Path: dftb_in/ParserOptions
Line: 85-88 (File: dftb_in.hsd)

Reading SK-files:
  /home/andersx/parameters/3ob-3-1/C-C.skf
  /home/andersx/parameters/3ob-3-1/C-O.skf
  /home/andersx/parameters/3ob-3-1/C-N.skf
  /home/andersx/parameters/3ob-3-1/C-H.skf
  /home/andersx/parameters/3ob-3-1/O-C.skf
  /home/andersx/parameters/3ob-3-1/O-O.skf
  /home/andersx/parameters/3ob-3-1/O-N.skf
  /home/andersx/parameters/3ob-3-1/O-H.skf
  /home/andersx/parameters/3ob-3-1/N-C.skf
  /home/andersx/parameters/3ob-3-1/N-O.skf
  /home/andersx/parameters/3ob-3-1/N-N.skf
  /home/andersx/parameters/3ob-3-1/N-H.skf
  /home/andersx/parameters/3ob-3-1/H-C.skf
  /home/andersx/parameters/3ob-3-1/H-O.skf
  /home/andersx/parameters/3ob-3-1/H-N.skf
  /home/andersx/parameters/3ob-3-1/H-H.skf
Done.

Starting initialization...
--------------------------------------------------------------------------------
Mode:                        Static calculation
Self consistent charges:     Yes
SCC-tolerance:                 0.100000E-05
Max. scc iterations:                    100
Ewald alpha parameter:         0.000000E+00
Spin polarisation:           No
Nr. of up electrons:            21.000000
Nr. of down electrons:          21.000000
Periodic boundaries:         No
Diagonalizer:                Divide and Conquer
Mixer:                       Anderson mixer
Mixing parameter:                  0.200000
Maximal SCC-cycles:                     100
Nr. of chrg. vectors to mix:              8
Electronic temperature:        0.100000E-07
Initial charges:             Set automatically (system chrg:   0.000E+00)
Included shells:              C:  s, p
                              O:  s, p
                              N:  s, p
                              H:  s
Full 3rd order correction    Yes
Damped SCC                   Yes
Damped specie(s):            H                                                 
Extra options:
--------------------------------------------------------------------------------
 

********************************************************************************
** Geometry step: 0
********************************************************************************

  iSCC Total electronic   Diff electronic      SCC error    
    1   -0.18917895E+02    0.00000000E+00    0.88088039E+00
    2   -0.18918426E+02   -0.53082426E-03    0.86742628E+00
    3   -0.18931950E+02   -0.13524328E-01    0.19230298E+00
    4   -0.18931673E+02    0.27728503E-03    0.17486680E+00
    5   -0.18931165E+02    0.50743573E-03    0.16627442E+00
    6   -0.18932256E+02   -0.10909623E-02    0.36850226E-01
    7   -0.18932250E+02    0.67153145E-05    0.36379804E-01
    8   -0.18932280E+02   -0.29879906E-04    0.26289824E-01
    9   -0.18932303E+02   -0.23040717E-04    0.23055956E-02
   10   -0.18932303E+02   -0.47497959E-07    0.22381419E-02
   11   -0.18932303E+02   -0.14068335E-06    0.63788798E-03
   12   -0.18932303E+02   -0.12007675E-08    0.60603810E-03
   13   -0.18932303E+02   -0.11086740E-08    0.42296109E-04
   14   -0.18932303E+02   -0.14177459E-09    0.85542122E-05
   15   -0.18932303E+02   -0.11759482E-11    0.19063265E-05
   16   -0.18932303E+02   -0.88817842E-13    0.26850700E-06
>> Charges saved for restart in charges.bin
 
 Total Energy:                     -18.7036454103 H
 Total Mermin free energy:         -18.7036454103 H
