================================================================================
==
==   Density Functional based Tight Binding with a lot of extensions (DFTB+)    
==
==                              Release: 1.2 (p2)
==
==                            (ParserVersion = 4)
==
================================================================================


********************************************************************************
** Parsing and initializing
********************************************************************************

Interpreting input file 'dftb_in.hsd'
--------------------------------------------------------------------------------
WARNING!
-> WriteHSDInput and WriteXMLInput both turned off. You won't eventually be 
 able to obtain the same results with a later version of the code!
Path: dftb_in/ParserOptions
Line: 86-89 (File: dftb_in.hsd)

Reading SK-files:
  /home/andersx/parameters/3ob-3-1/C-C.skf
  /home/andersx/parameters/3ob-3-1/C-O.skf
  /home/andersx/parameters/3ob-3-1/C-N.skf
  /home/andersx/parameters/3ob-3-1/C-H.skf
  /home/andersx/parameters/3ob-3-1/O-C.skf
  /home/andersx/parameters/3ob-3-1/O-O.skf
  /home/andersx/parameters/3ob-3-1/O-N.skf
  /home/andersx/parameters/3ob-3-1/O-H.skf
  /home/andersx/parameters/3ob-3-1/N-C.skf
  /home/andersx/parameters/3ob-3-1/N-O.skf
  /home/andersx/parameters/3ob-3-1/N-N.skf
  /home/andersx/parameters/3ob-3-1/N-H.skf
  /home/andersx/parameters/3ob-3-1/H-C.skf
  /home/andersx/parameters/3ob-3-1/H-O.skf
  /home/andersx/parameters/3ob-3-1/H-N.skf
  /home/andersx/parameters/3ob-3-1/H-H.skf
Done.

Starting initialization...
--------------------------------------------------------------------------------
Mode:                        Static calculation
Self consistent charges:     Yes
SCC-tolerance:                 0.100000E-05
Max. scc iterations:                    100
Ewald alpha parameter:         0.000000E+00
Spin polarisation:           No
Nr. of up electrons:            21.000000
Nr. of down electrons:          21.000000
Periodic boundaries:         No
Diagonalizer:                Divide and Conquer
Mixer:                       Anderson mixer
Mixing parameter:                  0.200000
Maximal SCC-cycles:                     100
Nr. of chrg. vectors to mix:              8
Electronic temperature:        0.100000E-07
Initial charges:             Set automatically (system chrg:   0.000E+00)
Included shells:              C:  s, p
                              O:  s, p
                              N:  s, p
                              H:  s
Full 3rd order correction    Yes
Damped SCC                   Yes
Damped specie(s):            H                                                 
Extra options:
--------------------------------------------------------------------------------
 

********************************************************************************
** Geometry step: 0
********************************************************************************

  iSCC Total electronic   Diff electronic      SCC error    
    1   -0.18443340E+02    0.00000000E+00    0.58596921E+00
    2   -0.18443601E+02   -0.26065620E-03    0.57908466E+00
    3   -0.18450752E+02   -0.71510219E-02    0.86807241E-01
    4   -0.18450617E+02    0.13470050E-03    0.92002078E-01
    5   -0.18450786E+02   -0.16909162E-03    0.11359088E+00
    6   -0.18451029E+02   -0.24267745E-03    0.12737566E-01
    7   -0.18451031E+02   -0.22341741E-05    0.23734032E-01
    8   -0.18451047E+02   -0.16515522E-04    0.10705151E-01
    9   -0.18451048E+02   -0.84308823E-06    0.35297707E-02
   10   -0.18451048E+02   -0.17570089E-06    0.24531934E-02
   11   -0.18451049E+02   -0.25460525E-06    0.54801959E-03
   12   -0.18451049E+02   -0.10161976E-07    0.31639670E-03
   13   -0.18451049E+02   -0.46252104E-08    0.20718682E-04
   14   -0.18451049E+02   -0.24307667E-10    0.55535603E-05
   15   -0.18451049E+02   -0.40145665E-12    0.72392813E-06
>> Charges saved for restart in charges.bin
 
 Total Energy:                     -18.3629710907 H
 Total Mermin free energy:         -18.3629710907 H
