================================================================================
==
==   Density Functional based Tight Binding with a lot of extensions (DFTB+)    
==
==                              Release: 1.2 (p2)
==
==                            (ParserVersion = 4)
==
================================================================================


********************************************************************************
** Parsing and initializing
********************************************************************************

Interpreting input file 'dftb_in.hsd'
--------------------------------------------------------------------------------
WARNING!
-> WriteHSDInput and WriteXMLInput both turned off. You won't eventually be 
 able to obtain the same results with a later version of the code!
Path: dftb_in/ParserOptions
Line: 82-85 (File: dftb_in.hsd)

Reading SK-files:
  /home/andersx/parameters/3ob-3-1/C-C.skf
  /home/andersx/parameters/3ob-3-1/C-O.skf
  /home/andersx/parameters/3ob-3-1/C-N.skf
  /home/andersx/parameters/3ob-3-1/C-H.skf
  /home/andersx/parameters/3ob-3-1/O-C.skf
  /home/andersx/parameters/3ob-3-1/O-O.skf
  /home/andersx/parameters/3ob-3-1/O-N.skf
  /home/andersx/parameters/3ob-3-1/O-H.skf
  /home/andersx/parameters/3ob-3-1/N-C.skf
  /home/andersx/parameters/3ob-3-1/N-O.skf
  /home/andersx/parameters/3ob-3-1/N-N.skf
  /home/andersx/parameters/3ob-3-1/N-H.skf
  /home/andersx/parameters/3ob-3-1/H-C.skf
  /home/andersx/parameters/3ob-3-1/H-O.skf
  /home/andersx/parameters/3ob-3-1/H-N.skf
  /home/andersx/parameters/3ob-3-1/H-H.skf
Done.

Starting initialization...
--------------------------------------------------------------------------------
Mode:                        Static calculation
Self consistent charges:     Yes
SCC-tolerance:                 0.100000E-05
Max. scc iterations:                    100
Ewald alpha parameter:         0.000000E+00
Spin polarisation:           No
Nr. of up electrons:            20.000000
Nr. of down electrons:          20.000000
Periodic boundaries:         No
Diagonalizer:                Divide and Conquer
Mixer:                       Anderson mixer
Mixing parameter:                  0.200000
Maximal SCC-cycles:                     100
Nr. of chrg. vectors to mix:              8
Electronic temperature:        0.100000E-07
Initial charges:             Set automatically (system chrg:   0.000E+00)
Included shells:              C:  s, p
                              O:  s, p
                              N:  s, p
                              H:  s
Full 3rd order correction    Yes
Damped SCC                   Yes
Damped specie(s):            H                                                 
Extra options:
--------------------------------------------------------------------------------
 

********************************************************************************
** Geometry step: 0
********************************************************************************

  iSCC Total electronic   Diff electronic      SCC error    
    1   -0.18706304E+02    0.00000000E+00    0.83454541E+00
    2   -0.18707820E+02   -0.15155548E-02    0.82007061E+00
    3   -0.18736070E+02   -0.28250061E-01    0.27621160E+00
    4   -0.18736727E+02   -0.65772808E-03    0.27201493E+00
    5   -0.18741101E+02   -0.43733055E-02    0.56474024E-01
    6   -0.18741060E+02    0.41024248E-04    0.48372689E-01
    7   -0.18741224E+02   -0.16427942E-03    0.29522754E-01
    8   -0.18741254E+02   -0.30437981E-04    0.14551173E-01
    9   -0.18741259E+02   -0.46044781E-05    0.12995293E-01
   10   -0.18741281E+02   -0.21465138E-04    0.14080243E-02
   11   -0.18741281E+02   -0.14671972E-07    0.11730561E-02
   12   -0.18741281E+02   -0.83451553E-07    0.14752830E-03
   13   -0.18741281E+02   -0.44597570E-09    0.92105086E-04
   14   -0.18741281E+02   -0.16494539E-09    0.68383178E-05
   15   -0.18741281E+02   -0.48210325E-11    0.71709910E-06
>> Charges saved for restart in charges.bin
 
 Total Energy:                     -18.4548881534 H
 Total Mermin free energy:         -18.4548881534 H
