================================================================================
==
==   Density Functional based Tight Binding with a lot of extensions (DFTB+)    
==
==                              Release: 1.2 (p2)
==
==                            (ParserVersion = 4)
==
================================================================================


********************************************************************************
** Parsing and initializing
********************************************************************************

Interpreting input file 'dftb_in.hsd'
--------------------------------------------------------------------------------
WARNING!
-> WriteHSDInput and WriteXMLInput both turned off. You won't eventually be 
 able to obtain the same results with a later version of the code!
Path: dftb_in/ParserOptions
Line: 86-89 (File: dftb_in.hsd)

Reading SK-files:
  /home/andersx/parameters/3ob-3-1/C-C.skf
  /home/andersx/parameters/3ob-3-1/C-O.skf
  /home/andersx/parameters/3ob-3-1/C-N.skf
  /home/andersx/parameters/3ob-3-1/C-H.skf
  /home/andersx/parameters/3ob-3-1/O-C.skf
  /home/andersx/parameters/3ob-3-1/O-O.skf
  /home/andersx/parameters/3ob-3-1/O-N.skf
  /home/andersx/parameters/3ob-3-1/O-H.skf
  /home/andersx/parameters/3ob-3-1/N-C.skf
  /home/andersx/parameters/3ob-3-1/N-O.skf
  /home/andersx/parameters/3ob-3-1/N-N.skf
  /home/andersx/parameters/3ob-3-1/N-H.skf
  /home/andersx/parameters/3ob-3-1/H-C.skf
  /home/andersx/parameters/3ob-3-1/H-O.skf
  /home/andersx/parameters/3ob-3-1/H-N.skf
  /home/andersx/parameters/3ob-3-1/H-H.skf
Done.

Starting initialization...
--------------------------------------------------------------------------------
Mode:                        Static calculation
Self consistent charges:     Yes
SCC-tolerance:                 0.100000E-05
Max. scc iterations:                    100
Ewald alpha parameter:         0.000000E+00
Spin polarisation:           No
Nr. of up electrons:            22.000000
Nr. of down electrons:          22.000000
Periodic boundaries:         No
Diagonalizer:                Divide and Conquer
Mixer:                       Anderson mixer
Mixing parameter:                  0.200000
Maximal SCC-cycles:                     100
Nr. of chrg. vectors to mix:              8
Electronic temperature:        0.100000E-07
Initial charges:             Set automatically (system chrg:   0.000E+00)
Included shells:              C:  s, p
                              O:  s, p
                              N:  s, p
                              H:  s
Full 3rd order correction    Yes
Damped SCC                   Yes
Damped specie(s):            H                                                 
Extra options:
--------------------------------------------------------------------------------
 

********************************************************************************
** Geometry step: 0
********************************************************************************

  iSCC Total electronic   Diff electronic      SCC error    
    1   -0.20066446E+02    0.00000000E+00    0.67977529E+00
    2   -0.20066871E+02   -0.42534324E-03    0.67091736E+00
    3   -0.20078534E+02   -0.11662603E-01    0.75798090E-01
    4   -0.20078370E+02    0.16374480E-03    0.78964374E-01
    5   -0.20078503E+02   -0.13223423E-03    0.10483891E+00
    6   -0.20078862E+02   -0.35898271E-03    0.11237876E-01
    7   -0.20078859E+02    0.29705580E-05    0.19318205E-01
    8   -0.20078864E+02   -0.51971262E-05    0.12277375E-01
    9   -0.20078865E+02   -0.15835172E-05    0.20443358E-02
   10   -0.20078865E+02   -0.19473333E-07    0.17604963E-02
   11   -0.20078865E+02   -0.69287328E-07    0.23757529E-03
   12   -0.20078865E+02   -0.43398067E-08    0.14894210E-03
   13   -0.20078865E+02   -0.19695108E-08    0.13709426E-04
   14   -0.20078865E+02   -0.24879654E-10    0.23941667E-05
   15   -0.20078865E+02   -0.29487524E-12    0.75306079E-06
>> Charges saved for restart in charges.bin
 
 Total Energy:                     -19.9821894900 H
 Total Mermin free energy:         -19.9821894900 H
