================================================================================
==
==   Density Functional based Tight Binding with a lot of extensions (DFTB+)    
==
==                              Release: 1.2 (p2)
==
==                            (ParserVersion = 4)
==
================================================================================


********************************************************************************
** Parsing and initializing
********************************************************************************

Interpreting input file 'dftb_in.hsd'
--------------------------------------------------------------------------------
WARNING!
-> WriteHSDInput and WriteXMLInput both turned off. You won't eventually be 
 able to obtain the same results with a later version of the code!
Path: dftb_in/ParserOptions
Line: 84-87 (File: dftb_in.hsd)

Reading SK-files:
  /home/andersx/parameters/3ob-3-1/C-C.skf
  /home/andersx/parameters/3ob-3-1/C-O.skf
  /home/andersx/parameters/3ob-3-1/C-N.skf
  /home/andersx/parameters/3ob-3-1/C-H.skf
  /home/andersx/parameters/3ob-3-1/O-C.skf
  /home/andersx/parameters/3ob-3-1/O-O.skf
  /home/andersx/parameters/3ob-3-1/O-N.skf
  /home/andersx/parameters/3ob-3-1/O-H.skf
  /home/andersx/parameters/3ob-3-1/N-C.skf
  /home/andersx/parameters/3ob-3-1/N-O.skf
  /home/andersx/parameters/3ob-3-1/N-N.skf
  /home/andersx/parameters/3ob-3-1/N-H.skf
  /home/andersx/parameters/3ob-3-1/H-C.skf
  /home/andersx/parameters/3ob-3-1/H-O.skf
  /home/andersx/parameters/3ob-3-1/H-N.skf
  /home/andersx/parameters/3ob-3-1/H-H.skf
Done.

Starting initialization...
--------------------------------------------------------------------------------
Mode:                        Static calculation
Self consistent charges:     Yes
SCC-tolerance:                 0.100000E-05
Max. scc iterations:                    100
Ewald alpha parameter:         0.000000E+00
Spin polarisation:           No
Nr. of up electrons:            21.000000
Nr. of down electrons:          21.000000
Periodic boundaries:         No
Diagonalizer:                Divide and Conquer
Mixer:                       Anderson mixer
Mixing parameter:                  0.200000
Maximal SCC-cycles:                     100
Nr. of chrg. vectors to mix:              8
Electronic temperature:        0.100000E-07
Initial charges:             Set automatically (system chrg:   0.000E+00)
Included shells:              C:  s, p
                              O:  s, p
                              N:  s, p
                              H:  s
Full 3rd order correction    Yes
Damped SCC                   Yes
Damped specie(s):            H                                                 
Extra options:
--------------------------------------------------------------------------------
 

********************************************************************************
** Geometry step: 0
********************************************************************************

  iSCC Total electronic   Diff electronic      SCC error    
    1   -0.19392906E+02    0.00000000E+00    0.88053810E+00
    2   -0.19394123E+02   -0.12172402E-02    0.86604680E+00
    3   -0.19425692E+02   -0.31569384E-01    0.22580875E+00
    4   -0.19425859E+02   -0.16620189E-03    0.22199904E+00
    5   -0.19427050E+02   -0.11909499E-02    0.26004422E-01
    6   -0.19427073E+02   -0.23001924E-04    0.21207369E-01
    7   -0.19427111E+02   -0.38037669E-04    0.85516271E-02
    8   -0.19427113E+02   -0.26365895E-05    0.10586404E-02
    9   -0.19427113E+02   -0.55522733E-08    0.17259497E-02
   10   -0.19427113E+02   -0.10929705E-06    0.39083206E-03
   11   -0.19427113E+02   -0.28826008E-08    0.12329443E-03
   12   -0.19427113E+02   -0.47913318E-09    0.18718097E-04
   13   -0.19427113E+02   -0.24609648E-10    0.18320926E-05
   14   -0.19427113E+02   -0.92370556E-13    0.26156110E-06
>> Charges saved for restart in charges.bin
 
 Total Energy:                     -19.2339280795 H
 Total Mermin free energy:         -19.2339280795 H
