================================================================================
==
==   Density Functional based Tight Binding with a lot of extensions (DFTB+)    
==
==                              Release: 1.2 (p2)
==
==                            (ParserVersion = 4)
==
================================================================================


********************************************************************************
** Parsing and initializing
********************************************************************************

Interpreting input file 'dftb_in.hsd'
--------------------------------------------------------------------------------
WARNING!
-> WriteHSDInput and WriteXMLInput both turned off. You won't eventually be 
 able to obtain the same results with a later version of the code!
Path: dftb_in/ParserOptions
Line: 83-86 (File: dftb_in.hsd)

Reading SK-files:
  /home/andersx/parameters/3ob-3-1/C-C.skf
  /home/andersx/parameters/3ob-3-1/C-O.skf
  /home/andersx/parameters/3ob-3-1/C-N.skf
  /home/andersx/parameters/3ob-3-1/C-H.skf
  /home/andersx/parameters/3ob-3-1/O-C.skf
  /home/andersx/parameters/3ob-3-1/O-O.skf
  /home/andersx/parameters/3ob-3-1/O-N.skf
  /home/andersx/parameters/3ob-3-1/O-H.skf
  /home/andersx/parameters/3ob-3-1/N-C.skf
  /home/andersx/parameters/3ob-3-1/N-O.skf
  /home/andersx/parameters/3ob-3-1/N-N.skf
  /home/andersx/parameters/3ob-3-1/N-H.skf
  /home/andersx/parameters/3ob-3-1/H-C.skf
  /home/andersx/parameters/3ob-3-1/H-O.skf
  /home/andersx/parameters/3ob-3-1/H-N.skf
  /home/andersx/parameters/3ob-3-1/H-H.skf
Done.

Starting initialization...
--------------------------------------------------------------------------------
Mode:                        Static calculation
Self consistent charges:     Yes
SCC-tolerance:                 0.100000E-05
Max. scc iterations:                    100
Ewald alpha parameter:         0.000000E+00
Spin polarisation:           No
Nr. of up electrons:            20.000000
Nr. of down electrons:          20.000000
Periodic boundaries:         No
Diagonalizer:                Divide and Conquer
Mixer:                       Anderson mixer
Mixing parameter:                  0.200000
Maximal SCC-cycles:                     100
Nr. of chrg. vectors to mix:              8
Electronic temperature:        0.100000E-07
Initial charges:             Set automatically (system chrg:   0.000E+00)
Included shells:              C:  s, p
                              O:  s, p
                              N:  s, p
                              H:  s
Full 3rd order correction    Yes
Damped SCC                   Yes
Damped specie(s):            H                                                 
Extra options:
--------------------------------------------------------------------------------
 

********************************************************************************
** Geometry step: 0
********************************************************************************

  iSCC Total electronic   Diff electronic      SCC error    
    1   -0.18095997E+02    0.00000000E+00    0.55030682E+00
    2   -0.18096575E+02   -0.57761659E-03    0.54196341E+00
    3   -0.18112216E+02   -0.15641727E-01    0.82288115E-01
    4   -0.18112232E+02   -0.16179312E-04    0.72633927E-01
    5   -0.18112381E+02   -0.14874126E-03    0.22342021E-01
    6   -0.18112401E+02   -0.19399725E-04    0.68898552E-02
    7   -0.18112401E+02    0.12243390E-07    0.69545967E-02
    8   -0.18112409E+02   -0.81320152E-05    0.74927619E-03
    9   -0.18112409E+02   -0.64856813E-08    0.83099653E-03
   10   -0.18112409E+02   -0.38360213E-07    0.43211423E-03
   11   -0.18112409E+02   -0.74551743E-08    0.13629830E-03
   12   -0.18112409E+02   -0.34465941E-09    0.25867685E-04
   13   -0.18112409E+02   -0.17294610E-10    0.20241867E-05
   14   -0.18112409E+02   -0.56843419E-13    0.37295113E-06
>> Charges saved for restart in charges.bin
 
 Total Energy:                     -17.8391646852 H
 Total Mermin free energy:         -17.8391646852 H
