================================================================================
==
==   Density Functional based Tight Binding with a lot of extensions (DFTB+)    
==
==                              Release: 1.2 (p2)
==
==                            (ParserVersion = 4)
==
================================================================================


********************************************************************************
** Parsing and initializing
********************************************************************************

Interpreting input file 'dftb_in.hsd'
--------------------------------------------------------------------------------
WARNING!
-> WriteHSDInput and WriteXMLInput both turned off. You won't eventually be 
 able to obtain the same results with a later version of the code!
Path: dftb_in/ParserOptions
Line: 85-88 (File: dftb_in.hsd)

Reading SK-files:
  /home/andersx/parameters/3ob-3-1/C-C.skf
  /home/andersx/parameters/3ob-3-1/C-O.skf
  /home/andersx/parameters/3ob-3-1/C-N.skf
  /home/andersx/parameters/3ob-3-1/C-H.skf
  /home/andersx/parameters/3ob-3-1/O-C.skf
  /home/andersx/parameters/3ob-3-1/O-O.skf
  /home/andersx/parameters/3ob-3-1/O-N.skf
  /home/andersx/parameters/3ob-3-1/O-H.skf
  /home/andersx/parameters/3ob-3-1/N-C.skf
  /home/andersx/parameters/3ob-3-1/N-O.skf
  /home/andersx/parameters/3ob-3-1/N-N.skf
  /home/andersx/parameters/3ob-3-1/N-H.skf
  /home/andersx/parameters/3ob-3-1/H-C.skf
  /home/andersx/parameters/3ob-3-1/H-O.skf
  /home/andersx/parameters/3ob-3-1/H-N.skf
  /home/andersx/parameters/3ob-3-1/H-H.skf
Done.

Starting initialization...
--------------------------------------------------------------------------------
Mode:                        Static calculation
Self consistent charges:     Yes
SCC-tolerance:                 0.100000E-05
Max. scc iterations:                    100
Ewald alpha parameter:         0.000000E+00
Spin polarisation:           No
Nr. of up electrons:            21.000000
Nr. of down electrons:          21.000000
Periodic boundaries:         No
Diagonalizer:                Divide and Conquer
Mixer:                       Anderson mixer
Mixing parameter:                  0.200000
Maximal SCC-cycles:                     100
Nr. of chrg. vectors to mix:              8
Electronic temperature:        0.100000E-07
Initial charges:             Set automatically (system chrg:   0.000E+00)
Included shells:              C:  s, p
                              O:  s, p
                              N:  s, p
                              H:  s
Full 3rd order correction    Yes
Damped SCC                   Yes
Damped specie(s):            H                                                 
Extra options:
--------------------------------------------------------------------------------
 

********************************************************************************
** Geometry step: 0
********************************************************************************

  iSCC Total electronic   Diff electronic      SCC error    
    1   -0.18851527E+02    0.00000000E+00    0.45710353E+00
    2   -0.18851824E+02   -0.29616723E-03    0.45031596E+00
    3   -0.18860673E+02   -0.88491837E-02    0.41171993E-01
    4   -0.18860634E+02    0.38436201E-04    0.38681885E-01
    5   -0.18860589E+02    0.45840656E-04    0.52154582E-01
    6   -0.18860709E+02   -0.12045973E-03    0.51986759E-02
    7   -0.18860709E+02   -0.68046148E-07    0.41495904E-02
    8   -0.18860711E+02   -0.15859954E-05    0.15648771E-02
    9   -0.18860711E+02    0.61455225E-07    0.24494128E-02
   10   -0.18860711E+02   -0.69328422E-07    0.15427062E-02
   11   -0.18860711E+02   -0.27907941E-07    0.47377676E-03
   12   -0.18860711E+02   -0.13732706E-07    0.12388480E-03
   13   -0.18860711E+02   -0.88981267E-09    0.32649983E-04
   14   -0.18860711E+02   -0.89730889E-10    0.66622331E-05
   15   -0.18860711E+02   -0.54711791E-12    0.58069421E-06
>> Charges saved for restart in charges.bin
 
 Total Energy:                     -18.6190466511 H
 Total Mermin free energy:         -18.6190466511 H
