================================================================================
==
==   Density Functional based Tight Binding with a lot of extensions (DFTB+)    
==
==                              Release: 1.2 (p2)
==
==                            (ParserVersion = 4)
==
================================================================================


********************************************************************************
** Parsing and initializing
********************************************************************************

Interpreting input file 'dftb_in.hsd'
--------------------------------------------------------------------------------
WARNING!
-> WriteHSDInput and WriteXMLInput both turned off. You won't eventually be 
 able to obtain the same results with a later version of the code!
Path: dftb_in/ParserOptions
Line: 81-84 (File: dftb_in.hsd)

Reading SK-files:
  /home/andersx/parameters/3ob-3-1/C-C.skf
  /home/andersx/parameters/3ob-3-1/C-O.skf
  /home/andersx/parameters/3ob-3-1/C-N.skf
  /home/andersx/parameters/3ob-3-1/C-H.skf
  /home/andersx/parameters/3ob-3-1/O-C.skf
  /home/andersx/parameters/3ob-3-1/O-O.skf
  /home/andersx/parameters/3ob-3-1/O-N.skf
  /home/andersx/parameters/3ob-3-1/O-H.skf
  /home/andersx/parameters/3ob-3-1/N-C.skf
  /home/andersx/parameters/3ob-3-1/N-O.skf
  /home/andersx/parameters/3ob-3-1/N-N.skf
  /home/andersx/parameters/3ob-3-1/N-H.skf
  /home/andersx/parameters/3ob-3-1/H-C.skf
  /home/andersx/parameters/3ob-3-1/H-O.skf
  /home/andersx/parameters/3ob-3-1/H-N.skf
  /home/andersx/parameters/3ob-3-1/H-H.skf
Done.

Starting initialization...
--------------------------------------------------------------------------------
Mode:                        Static calculation
Self consistent charges:     Yes
SCC-tolerance:                 0.100000E-05
Max. scc iterations:                    100
Ewald alpha parameter:         0.000000E+00
Spin polarisation:           No
Nr. of up electrons:            19.000000
Nr. of down electrons:          19.000000
Periodic boundaries:         No
Diagonalizer:                Divide and Conquer
Mixer:                       Anderson mixer
Mixing parameter:                  0.200000
Maximal SCC-cycles:                     100
Nr. of chrg. vectors to mix:              8
Electronic temperature:        0.100000E-07
Initial charges:             Set automatically (system chrg:   0.000E+00)
Included shells:              C:  s, p
                              O:  s, p
                              N:  s, p
                              H:  s
Full 3rd order correction    Yes
Damped SCC                   Yes
Damped specie(s):            H                                                 
Extra options:
--------------------------------------------------------------------------------
 

********************************************************************************
** Geometry step: 0
********************************************************************************

  iSCC Total electronic   Diff electronic      SCC error    
    1   -0.17529295E+02    0.00000000E+00    0.58219908E+00
    2   -0.17529541E+02   -0.24627160E-03    0.57386433E+00
    3   -0.17535769E+02   -0.62280688E-02    0.94408256E-01
    4   -0.17535702E+02    0.67297377E-04    0.85046354E-01
    5   -0.17536289E+02   -0.58732711E-03    0.42842917E-01
    6   -0.17536364E+02   -0.75106530E-04    0.30366494E-01
    7   -0.17536324E+02    0.39791200E-04    0.29501563E-01
    8   -0.17536389E+02   -0.65160915E-04    0.46176919E-02
    9   -0.17536390E+02   -0.89780472E-06    0.35187749E-02
   10   -0.17536392E+02   -0.13463819E-05    0.76620659E-03
   11   -0.17536392E+02   -0.20644986E-07    0.37960971E-03
   12   -0.17536392E+02   -0.19069365E-07    0.65185994E-04
   13   -0.17536392E+02   -0.20175506E-09    0.19545776E-04
   14   -0.17536392E+02   -0.29015013E-10    0.39438990E-05
   15   -0.17536392E+02   -0.26645353E-12    0.39278599E-06
>> Charges saved for restart in charges.bin
 
 Total Energy:                     -17.0633000582 H
 Total Mermin free energy:         -17.0633000582 H
