================================================================================
==
==   Density Functional based Tight Binding with a lot of extensions (DFTB+)    
==
==                              Release: 1.2 (p2)
==
==                            (ParserVersion = 4)
==
================================================================================


********************************************************************************
** Parsing and initializing
********************************************************************************

Interpreting input file 'dftb_in.hsd'
--------------------------------------------------------------------------------
WARNING!
-> WriteHSDInput and WriteXMLInput both turned off. You won't eventually be 
 able to obtain the same results with a later version of the code!
Path: dftb_in/ParserOptions
Line: 82-85 (File: dftb_in.hsd)

Reading SK-files:
  /home/andersx/parameters/3ob-3-1/C-C.skf
  /home/andersx/parameters/3ob-3-1/C-O.skf
  /home/andersx/parameters/3ob-3-1/C-N.skf
  /home/andersx/parameters/3ob-3-1/C-H.skf
  /home/andersx/parameters/3ob-3-1/O-C.skf
  /home/andersx/parameters/3ob-3-1/O-O.skf
  /home/andersx/parameters/3ob-3-1/O-N.skf
  /home/andersx/parameters/3ob-3-1/O-H.skf
  /home/andersx/parameters/3ob-3-1/N-C.skf
  /home/andersx/parameters/3ob-3-1/N-O.skf
  /home/andersx/parameters/3ob-3-1/N-N.skf
  /home/andersx/parameters/3ob-3-1/N-H.skf
  /home/andersx/parameters/3ob-3-1/H-C.skf
  /home/andersx/parameters/3ob-3-1/H-O.skf
  /home/andersx/parameters/3ob-3-1/H-N.skf
  /home/andersx/parameters/3ob-3-1/H-H.skf
Done.

Starting initialization...
--------------------------------------------------------------------------------
Mode:                        Static calculation
Self consistent charges:     Yes
SCC-tolerance:                 0.100000E-05
Max. scc iterations:                    100
Ewald alpha parameter:         0.000000E+00
Spin polarisation:           No
Nr. of up electrons:            20.000000
Nr. of down electrons:          20.000000
Periodic boundaries:         No
Diagonalizer:                Divide and Conquer
Mixer:                       Anderson mixer
Mixing parameter:                  0.200000
Maximal SCC-cycles:                     100
Nr. of chrg. vectors to mix:              8
Electronic temperature:        0.100000E-07
Initial charges:             Set automatically (system chrg:   0.000E+00)
Included shells:              C:  s, p
                              O:  s, p
                              N:  s, p
                              H:  s
Full 3rd order correction    Yes
Damped SCC                   Yes
Damped specie(s):            H                                                 
Extra options:
--------------------------------------------------------------------------------
 

********************************************************************************
** Geometry step: 0
********************************************************************************

  iSCC Total electronic   Diff electronic      SCC error    
    1   -0.18655413E+02    0.00000000E+00    0.92836596E+00
    2   -0.18656124E+02   -0.71038095E-03    0.91547126E+00
    3   -0.18675414E+02   -0.19290481E-01    0.12818932E+00
    4   -0.18675642E+02   -0.22792118E-03    0.12301316E+00
    5   -0.18676890E+02   -0.12478582E-02    0.25140109E-01
    6   -0.18676898E+02   -0.75547755E-05    0.17422247E-01
    7   -0.18676907E+02   -0.98535167E-05    0.91650722E-02
    8   -0.18676916E+02   -0.89165253E-05    0.24898253E-02
    9   -0.18676916E+02   -0.50393432E-07    0.21777640E-02
   10   -0.18676916E+02   -0.98293579E-07    0.47998386E-03
   11   -0.18676916E+02   -0.20261357E-07    0.24807215E-03
   12   -0.18676916E+02   -0.72955082E-08    0.23083136E-04
   13   -0.18676916E+02   -0.43311132E-10    0.25815062E-05
   14   -0.18676916E+02   -0.39079850E-12    0.85977728E-06
>> Charges saved for restart in charges.bin
 
 Total Energy:                     -18.4477505319 H
 Total Mermin free energy:         -18.4477505319 H
