================================================================================
==
==   Density Functional based Tight Binding with a lot of extensions (DFTB+)    
==
==                              Release: 1.2 (p2)
==
==                            (ParserVersion = 4)
==
================================================================================


********************************************************************************
** Parsing and initializing
********************************************************************************

Interpreting input file 'dftb_in.hsd'
--------------------------------------------------------------------------------
WARNING!
-> WriteHSDInput and WriteXMLInput both turned off. You won't eventually be 
 able to obtain the same results with a later version of the code!
Path: dftb_in/ParserOptions
Line: 84-87 (File: dftb_in.hsd)

Reading SK-files:
  /home/andersx/parameters/3ob-3-1/C-C.skf
  /home/andersx/parameters/3ob-3-1/C-O.skf
  /home/andersx/parameters/3ob-3-1/C-N.skf
  /home/andersx/parameters/3ob-3-1/C-H.skf
  /home/andersx/parameters/3ob-3-1/O-C.skf
  /home/andersx/parameters/3ob-3-1/O-O.skf
  /home/andersx/parameters/3ob-3-1/O-N.skf
  /home/andersx/parameters/3ob-3-1/O-H.skf
  /home/andersx/parameters/3ob-3-1/N-C.skf
  /home/andersx/parameters/3ob-3-1/N-O.skf
  /home/andersx/parameters/3ob-3-1/N-N.skf
  /home/andersx/parameters/3ob-3-1/N-H.skf
  /home/andersx/parameters/3ob-3-1/H-C.skf
  /home/andersx/parameters/3ob-3-1/H-O.skf
  /home/andersx/parameters/3ob-3-1/H-N.skf
  /home/andersx/parameters/3ob-3-1/H-H.skf
Done.

Starting initialization...
--------------------------------------------------------------------------------
Mode:                        Static calculation
Self consistent charges:     Yes
SCC-tolerance:                 0.100000E-05
Max. scc iterations:                    100
Ewald alpha parameter:         0.000000E+00
Spin polarisation:           No
Nr. of up electrons:            21.000000
Nr. of down electrons:          21.000000
Periodic boundaries:         No
Diagonalizer:                Divide and Conquer
Mixer:                       Anderson mixer
Mixing parameter:                  0.200000
Maximal SCC-cycles:                     100
Nr. of chrg. vectors to mix:              8
Electronic temperature:        0.100000E-07
Initial charges:             Set automatically (system chrg:   0.000E+00)
Included shells:              C:  s, p
                              O:  s, p
                              N:  s, p
                              H:  s
Full 3rd order correction    Yes
Damped SCC                   Yes
Damped specie(s):            H                                                 
Extra options:
--------------------------------------------------------------------------------
 

********************************************************************************
** Geometry step: 0
********************************************************************************

  iSCC Total electronic   Diff electronic      SCC error    
    1   -0.19434701E+02    0.00000000E+00    0.92183750E+00
    2   -0.19435286E+02   -0.58483405E-03    0.90912858E+00
    3   -0.19451202E+02   -0.15916345E-01    0.10253419E+00
    4   -0.19451418E+02   -0.21601554E-03    0.96960930E-01
    5   -0.19452733E+02   -0.13146364E-02    0.27632391E-01
    6   -0.19452714E+02    0.18242840E-04    0.30577095E-01
    7   -0.19452733E+02   -0.18622662E-04    0.11621211E-01
    8   -0.19452749E+02   -0.16323450E-04    0.55263795E-02
    9   -0.19452750E+02   -0.19735883E-06    0.46072832E-02
   10   -0.19452750E+02   -0.44067745E-06    0.45679109E-03
   11   -0.19452750E+02   -0.90314174E-08    0.30568337E-03
   12   -0.19452750E+02   -0.36130885E-08    0.44113001E-04
   13   -0.19452750E+02   -0.16821389E-09    0.65748423E-05
   14   -0.19452750E+02   -0.94857455E-12    0.16233985E-05
   15   -0.19452750E+02   -0.53290705E-13    0.10375324E-06
>> Charges saved for restart in charges.bin
 
 Total Energy:                     -19.2600111810 H
 Total Mermin free energy:         -19.2600111810 H
