================================================================================
==
==   Density Functional based Tight Binding with a lot of extensions (DFTB+)    
==
==                              Release: 1.2 (p2)
==
==                            (ParserVersion = 4)
==
================================================================================


********************************************************************************
** Parsing and initializing
********************************************************************************

Interpreting input file 'dftb_in.hsd'
--------------------------------------------------------------------------------
WARNING!
-> WriteHSDInput and WriteXMLInput both turned off. You won't eventually be 
 able to obtain the same results with a later version of the code!
Path: dftb_in/ParserOptions
Line: 84-87 (File: dftb_in.hsd)

Reading SK-files:
  /home/andersx/parameters/3ob-3-1/C-C.skf
  /home/andersx/parameters/3ob-3-1/C-O.skf
  /home/andersx/parameters/3ob-3-1/C-N.skf
  /home/andersx/parameters/3ob-3-1/C-H.skf
  /home/andersx/parameters/3ob-3-1/O-C.skf
  /home/andersx/parameters/3ob-3-1/O-O.skf
  /home/andersx/parameters/3ob-3-1/O-N.skf
  /home/andersx/parameters/3ob-3-1/O-H.skf
  /home/andersx/parameters/3ob-3-1/N-C.skf
  /home/andersx/parameters/3ob-3-1/N-O.skf
  /home/andersx/parameters/3ob-3-1/N-N.skf
  /home/andersx/parameters/3ob-3-1/N-H.skf
  /home/andersx/parameters/3ob-3-1/H-C.skf
  /home/andersx/parameters/3ob-3-1/H-O.skf
  /home/andersx/parameters/3ob-3-1/H-N.skf
  /home/andersx/parameters/3ob-3-1/H-H.skf
Done.

Starting initialization...
--------------------------------------------------------------------------------
Mode:                        Static calculation
Self consistent charges:     Yes
SCC-tolerance:                 0.100000E-05
Max. scc iterations:                    100
Ewald alpha parameter:         0.000000E+00
Spin polarisation:           No
Nr. of up electrons:            21.000000
Nr. of down electrons:          21.000000
Periodic boundaries:         No
Diagonalizer:                Divide and Conquer
Mixer:                       Anderson mixer
Mixing parameter:                  0.200000
Maximal SCC-cycles:                     100
Nr. of chrg. vectors to mix:              8
Electronic temperature:        0.100000E-07
Initial charges:             Set automatically (system chrg:   0.000E+00)
Included shells:              C:  s, p
                              O:  s, p
                              N:  s, p
                              H:  s
Full 3rd order correction    Yes
Damped SCC                   Yes
Damped specie(s):            H                                                 
Extra options:
--------------------------------------------------------------------------------
 

********************************************************************************
** Geometry step: 0
********************************************************************************

  iSCC Total electronic   Diff electronic      SCC error    
    1   -0.19296819E+02    0.00000000E+00    0.55164352E+00
    2   -0.19297348E+02   -0.52885070E-03    0.54358262E+00
    3   -0.19311020E+02   -0.13672041E-01    0.10512786E+00
    4   -0.19310966E+02    0.53796071E-04    0.10659133E+00
    5   -0.19311852E+02   -0.88571495E-03    0.23602084E-01
    6   -0.19311861E+02   -0.92587008E-05    0.22941104E-01
    7   -0.19311868E+02   -0.62382418E-05    0.11083950E-01
    8   -0.19311875E+02   -0.76716578E-05    0.20616432E-02
    9   -0.19311875E+02    0.33574423E-07    0.22339517E-02
   10   -0.19311876E+02   -0.68197605E-06    0.16059971E-02
   11   -0.19311876E+02   -0.96614688E-07    0.77589846E-03
   12   -0.19311876E+02   -0.49391240E-07    0.13304834E-03
   13   -0.19311876E+02   -0.56995830E-09    0.71326211E-04
   14   -0.19311876E+02   -0.23210589E-09    0.80650780E-05
   15   -0.19311876E+02   -0.10871304E-11    0.29860730E-05
   16   -0.19311876E+02   -0.95923269E-13    0.13721602E-06
>> Charges saved for restart in charges.bin
 
 Total Energy:                     -19.1522776973 H
 Total Mermin free energy:         -19.1522776973 H
