================================================================================
==
==   Density Functional based Tight Binding with a lot of extensions (DFTB+)    
==
==                              Release: 1.2 (p2)
==
==                            (ParserVersion = 4)
==
================================================================================


********************************************************************************
** Parsing and initializing
********************************************************************************

Interpreting input file 'dftb_in.hsd'
--------------------------------------------------------------------------------
WARNING!
-> WriteHSDInput and WriteXMLInput both turned off. You won't eventually be 
 able to obtain the same results with a later version of the code!
Path: dftb_in/ParserOptions
Line: 85-88 (File: dftb_in.hsd)

Reading SK-files:
  /home/andersx/parameters/3ob-3-1/C-C.skf
  /home/andersx/parameters/3ob-3-1/C-O.skf
  /home/andersx/parameters/3ob-3-1/C-N.skf
  /home/andersx/parameters/3ob-3-1/C-H.skf
  /home/andersx/parameters/3ob-3-1/O-C.skf
  /home/andersx/parameters/3ob-3-1/O-O.skf
  /home/andersx/parameters/3ob-3-1/O-N.skf
  /home/andersx/parameters/3ob-3-1/O-H.skf
  /home/andersx/parameters/3ob-3-1/N-C.skf
  /home/andersx/parameters/3ob-3-1/N-O.skf
  /home/andersx/parameters/3ob-3-1/N-N.skf
  /home/andersx/parameters/3ob-3-1/N-H.skf
  /home/andersx/parameters/3ob-3-1/H-C.skf
  /home/andersx/parameters/3ob-3-1/H-O.skf
  /home/andersx/parameters/3ob-3-1/H-N.skf
  /home/andersx/parameters/3ob-3-1/H-H.skf
Done.

Starting initialization...
--------------------------------------------------------------------------------
Mode:                        Static calculation
Self consistent charges:     Yes
SCC-tolerance:                 0.100000E-05
Max. scc iterations:                    100
Ewald alpha parameter:         0.000000E+00
Spin polarisation:           No
Nr. of up electrons:            21.000000
Nr. of down electrons:          21.000000
Periodic boundaries:         No
Diagonalizer:                Divide and Conquer
Mixer:                       Anderson mixer
Mixing parameter:                  0.200000
Maximal SCC-cycles:                     100
Nr. of chrg. vectors to mix:              8
Electronic temperature:        0.100000E-07
Initial charges:             Set automatically (system chrg:   0.000E+00)
Included shells:              C:  s, p
                              O:  s, p
                              N:  s, p
                              H:  s
Full 3rd order correction    Yes
Damped SCC                   Yes
Damped specie(s):            H                                                 
Extra options:
--------------------------------------------------------------------------------
 

********************************************************************************
** Geometry step: 0
********************************************************************************

  iSCC Total electronic   Diff electronic      SCC error    
    1   -0.18827441E+02    0.00000000E+00    0.59584885E+00
    2   -0.18827785E+02   -0.34352621E-03    0.58883152E+00
    3   -0.18835607E+02   -0.78218745E-02    0.12936688E+00
    4   -0.18835470E+02    0.13678847E-03    0.13227700E+00
    5   -0.18836727E+02   -0.12572561E-02    0.36412914E-01
    6   -0.18836764E+02   -0.36568537E-04    0.21014807E-01
    7   -0.18836794E+02   -0.29708141E-04    0.28389551E-01
    8   -0.18836797E+02   -0.34898706E-05    0.28222380E-02
    9   -0.18836797E+02    0.93965866E-08    0.32139036E-02
   10   -0.18836797E+02   -0.23567272E-06    0.28994089E-02
   11   -0.18836797E+02   -0.54816418E-08    0.81207469E-03
   12   -0.18836797E+02   -0.18096628E-07    0.13477037E-03
   13   -0.18836797E+02   -0.46936321E-09    0.36692437E-04
   14   -0.18836797E+02   -0.18158630E-09    0.45054815E-05
   15   -0.18836797E+02   -0.27711167E-12    0.20993990E-05
   16   -0.18836797E+02   -0.42632564E-13    0.16274768E-06
>> Charges saved for restart in charges.bin
 
 Total Energy:                     -18.6230931876 H
 Total Mermin free energy:         -18.6230931876 H
