================================================================================
==
==   Density Functional based Tight Binding with a lot of extensions (DFTB+)    
==
==                              Release: 1.2 (p2)
==
==                            (ParserVersion = 4)
==
================================================================================


********************************************************************************
** Parsing and initializing
********************************************************************************

Interpreting input file 'dftb_in.hsd'
--------------------------------------------------------------------------------
WARNING!
-> WriteHSDInput and WriteXMLInput both turned off. You won't eventually be 
 able to obtain the same results with a later version of the code!
Path: dftb_in/ParserOptions
Line: 84-87 (File: dftb_in.hsd)

Reading SK-files:
  /home/andersx/parameters/3ob-3-1/C-C.skf
  /home/andersx/parameters/3ob-3-1/C-O.skf
  /home/andersx/parameters/3ob-3-1/C-N.skf
  /home/andersx/parameters/3ob-3-1/C-H.skf
  /home/andersx/parameters/3ob-3-1/O-C.skf
  /home/andersx/parameters/3ob-3-1/O-O.skf
  /home/andersx/parameters/3ob-3-1/O-N.skf
  /home/andersx/parameters/3ob-3-1/O-H.skf
  /home/andersx/parameters/3ob-3-1/N-C.skf
  /home/andersx/parameters/3ob-3-1/N-O.skf
  /home/andersx/parameters/3ob-3-1/N-N.skf
  /home/andersx/parameters/3ob-3-1/N-H.skf
  /home/andersx/parameters/3ob-3-1/H-C.skf
  /home/andersx/parameters/3ob-3-1/H-O.skf
  /home/andersx/parameters/3ob-3-1/H-N.skf
  /home/andersx/parameters/3ob-3-1/H-H.skf
Done.

Starting initialization...
--------------------------------------------------------------------------------
Mode:                        Static calculation
Self consistent charges:     Yes
SCC-tolerance:                 0.100000E-05
Max. scc iterations:                    100
Ewald alpha parameter:         0.000000E+00
Spin polarisation:           No
Nr. of up electrons:            21.000000
Nr. of down electrons:          21.000000
Periodic boundaries:         No
Diagonalizer:                Divide and Conquer
Mixer:                       Anderson mixer
Mixing parameter:                  0.200000
Maximal SCC-cycles:                     100
Nr. of chrg. vectors to mix:              8
Electronic temperature:        0.100000E-07
Initial charges:             Set automatically (system chrg:   0.000E+00)
Included shells:              C:  s, p
                              O:  s, p
                              N:  s, p
                              H:  s
Full 3rd order correction    Yes
Damped SCC                   Yes
Damped specie(s):            H                                                 
Extra options:
--------------------------------------------------------------------------------
 

********************************************************************************
** Geometry step: 0
********************************************************************************

  iSCC Total electronic   Diff electronic      SCC error    
    1   -0.19318251E+02    0.00000000E+00    0.67580363E+00
    2   -0.19318730E+02   -0.47920603E-03    0.66699268E+00
    3   -0.19330392E+02   -0.11661523E-01    0.11287022E+00
    4   -0.19330325E+02    0.66738699E-04    0.11548516E+00
    5   -0.19331555E+02   -0.12302572E-02    0.20448827E-01
    6   -0.19331567E+02   -0.12209359E-04    0.16563388E-01
    7   -0.19331583E+02   -0.15338761E-04    0.19132118E-01
    8   -0.19331584E+02   -0.12699926E-05    0.29910510E-02
    9   -0.19331584E+02    0.59206798E-07    0.36764765E-02
   10   -0.19331584E+02   -0.34447516E-06    0.21957060E-02
   11   -0.19331584E+02   -0.43107431E-07    0.64258030E-03
   12   -0.19331584E+02   -0.32535709E-07    0.14523949E-03
   13   -0.19331584E+02   -0.14272743E-08    0.79390979E-04
   14   -0.19331584E+02   -0.34528469E-09    0.69784008E-05
   15   -0.19331584E+02   -0.20250468E-11    0.26648477E-05
   16   -0.19331584E+02   -0.23803182E-12    0.25154859E-06
>> Charges saved for restart in charges.bin
 
 Total Energy:                     -19.1628082390 H
 Total Mermin free energy:         -19.1628082390 H
