================================================================================
==
==   Density Functional based Tight Binding with a lot of extensions (DFTB+)    
==
==                              Release: 1.2 (p2)
==
==                            (ParserVersion = 4)
==
================================================================================


********************************************************************************
** Parsing and initializing
********************************************************************************

Interpreting input file 'dftb_in.hsd'
--------------------------------------------------------------------------------
WARNING!
-> WriteHSDInput and WriteXMLInput both turned off. You won't eventually be 
 able to obtain the same results with a later version of the code!
Path: dftb_in/ParserOptions
Line: 75-78 (File: dftb_in.hsd)

Reading SK-files:
  /home/andersx/parameters/3ob-3-1/N-N.skf
  /home/andersx/parameters/3ob-3-1/N-C.skf
  /home/andersx/parameters/3ob-3-1/N-H.skf
  /home/andersx/parameters/3ob-3-1/C-N.skf
  /home/andersx/parameters/3ob-3-1/C-C.skf
  /home/andersx/parameters/3ob-3-1/C-H.skf
  /home/andersx/parameters/3ob-3-1/H-N.skf
  /home/andersx/parameters/3ob-3-1/H-C.skf
  /home/andersx/parameters/3ob-3-1/H-H.skf
Done.

Starting initialization...
--------------------------------------------------------------------------------
Mode:                        Static calculation
Self consistent charges:     Yes
SCC-tolerance:                 0.100000E-05
Max. scc iterations:                    100
Ewald alpha parameter:         0.000000E+00
Spin polarisation:           No
Nr. of up electrons:            18.000000
Nr. of down electrons:          18.000000
Periodic boundaries:         No
Diagonalizer:                Divide and Conquer
Mixer:                       Anderson mixer
Mixing parameter:                  0.200000
Maximal SCC-cycles:                     100
Nr. of chrg. vectors to mix:              8
Electronic temperature:        0.100000E-07
Initial charges:             Set automatically (system chrg:   0.000E+00)
Included shells:              N:  s, p
                              C:  s, p
                              H:  s
Full 3rd order correction    Yes
Damped SCC                   Yes
Damped specie(s):            H                                                 
Extra options:
--------------------------------------------------------------------------------
 

********************************************************************************
** Geometry step: 0
********************************************************************************

  iSCC Total electronic   Diff electronic      SCC error    
    1   -0.15454560E+02    0.00000000E+00    0.58828411E+00
    2   -0.15454693E+02   -0.13262289E-03    0.58114672E+00
    3   -0.15457946E+02   -0.32526279E-02    0.69222689E-01
    4   -0.15457853E+02    0.92754150E-04    0.47276179E-01
    5   -0.15457837E+02    0.15398824E-04    0.98725071E-01
    6   -0.15458115E+02   -0.27757303E-03    0.15338868E-01
    7   -0.15458115E+02    0.12441709E-06    0.67437752E-02
    8   -0.15458116E+02   -0.81277217E-06    0.94262239E-02
    9   -0.15458117E+02   -0.82987783E-06    0.13947019E-02
   10   -0.15458117E+02   -0.50217466E-08    0.11562834E-02
   11   -0.15458117E+02   -0.20523224E-07    0.23485018E-03
   12   -0.15458117E+02   -0.20789184E-08    0.13462042E-03
   13   -0.15458117E+02   -0.97498010E-09    0.18826136E-04
   14   -0.15458117E+02   -0.24856561E-10    0.22817343E-05
   15   -0.15458117E+02   -0.12434498E-12    0.26326135E-06
>> Charges saved for restart in charges.bin
 
 Total Energy:                     -15.3631276289 H
 Total Mermin free energy:         -15.3631276289 H
