================================================================================
==
==   Density Functional based Tight Binding with a lot of extensions (DFTB+)    
==
==                              Release: 1.2 (p2)
==
==                            (ParserVersion = 4)
==
================================================================================


********************************************************************************
** Parsing and initializing
********************************************************************************

Interpreting input file 'dftb_in.hsd'
--------------------------------------------------------------------------------
WARNING!
-> WriteHSDInput and WriteXMLInput both turned off. You won't eventually be 
 able to obtain the same results with a later version of the code!
Path: dftb_in/ParserOptions
Line: 84-87 (File: dftb_in.hsd)

Reading SK-files:
  /home/andersx/parameters/3ob-3-1/N-N.skf
  /home/andersx/parameters/3ob-3-1/N-C.skf
  /home/andersx/parameters/3ob-3-1/N-O.skf
  /home/andersx/parameters/3ob-3-1/N-H.skf
  /home/andersx/parameters/3ob-3-1/C-N.skf
  /home/andersx/parameters/3ob-3-1/C-C.skf
  /home/andersx/parameters/3ob-3-1/C-O.skf
  /home/andersx/parameters/3ob-3-1/C-H.skf
  /home/andersx/parameters/3ob-3-1/O-N.skf
  /home/andersx/parameters/3ob-3-1/O-C.skf
  /home/andersx/parameters/3ob-3-1/O-O.skf
  /home/andersx/parameters/3ob-3-1/O-H.skf
  /home/andersx/parameters/3ob-3-1/H-N.skf
  /home/andersx/parameters/3ob-3-1/H-C.skf
  /home/andersx/parameters/3ob-3-1/H-O.skf
  /home/andersx/parameters/3ob-3-1/H-H.skf
Done.

Starting initialization...
--------------------------------------------------------------------------------
Mode:                        Static calculation
Self consistent charges:     Yes
SCC-tolerance:                 0.100000E-05
Max. scc iterations:                    100
Ewald alpha parameter:         0.000000E+00
Spin polarisation:           No
Nr. of up electrons:            20.000000
Nr. of down electrons:          20.000000
Periodic boundaries:         No
Diagonalizer:                Divide and Conquer
Mixer:                       Anderson mixer
Mixing parameter:                  0.200000
Maximal SCC-cycles:                     100
Nr. of chrg. vectors to mix:              8
Electronic temperature:        0.100000E-07
Initial charges:             Set automatically (system chrg:   0.000E+00)
Included shells:              N:  s, p
                              C:  s, p
                              O:  s, p
                              H:  s
Full 3rd order correction    Yes
Damped SCC                   Yes
Damped specie(s):            H                                                 
Extra options:
--------------------------------------------------------------------------------
 

********************************************************************************
** Geometry step: 0
********************************************************************************

  iSCC Total electronic   Diff electronic      SCC error    
    1   -0.17634380E+02    0.00000000E+00    0.61524309E+00
    2   -0.17634749E+02   -0.36917501E-03    0.60567560E+00
    3   -0.17644712E+02   -0.99632018E-02    0.98983704E-01
    4   -0.17644548E+02    0.16428770E-03    0.10692504E+00
    5   -0.17644965E+02   -0.41670508E-03    0.93951342E-01
    6   -0.17645149E+02   -0.18452262E-03    0.15499492E-01
    7   -0.17645146E+02    0.30334243E-05    0.17722409E-01
    8   -0.17645168E+02   -0.21421094E-04    0.42624142E-02
    9   -0.17645168E+02   -0.98737690E-07    0.13980842E-02
   10   -0.17645168E+02   -0.98082030E-07    0.59903900E-03
   11   -0.17645168E+02   -0.64906587E-08    0.21929023E-03
   12   -0.17645168E+02   -0.23515234E-08    0.11879875E-04
   13   -0.17645168E+02   -0.16655122E-10    0.32077258E-05
   14   -0.17645168E+02   -0.77093887E-12    0.89939157E-06
>> Charges saved for restart in charges.bin
 
 Total Energy:                     -17.5927924782 H
 Total Mermin free energy:         -17.5927924782 H
