================================================================================
==
==   Density Functional based Tight Binding with a lot of extensions (DFTB+)    
==
==                              Release: 1.2 (p2)
==
==                            (ParserVersion = 4)
==
================================================================================


********************************************************************************
** Parsing and initializing
********************************************************************************

Interpreting input file 'dftb_in.hsd'
--------------------------------------------------------------------------------
WARNING!
-> WriteHSDInput and WriteXMLInput both turned off. You won't eventually be 
 able to obtain the same results with a later version of the code!
Path: dftb_in/ParserOptions
Line: 84-87 (File: dftb_in.hsd)

Reading SK-files:
  /home/andersx/parameters/3ob-3-1/N-N.skf
  /home/andersx/parameters/3ob-3-1/N-C.skf
  /home/andersx/parameters/3ob-3-1/N-O.skf
  /home/andersx/parameters/3ob-3-1/N-H.skf
  /home/andersx/parameters/3ob-3-1/C-N.skf
  /home/andersx/parameters/3ob-3-1/C-C.skf
  /home/andersx/parameters/3ob-3-1/C-O.skf
  /home/andersx/parameters/3ob-3-1/C-H.skf
  /home/andersx/parameters/3ob-3-1/O-N.skf
  /home/andersx/parameters/3ob-3-1/O-C.skf
  /home/andersx/parameters/3ob-3-1/O-O.skf
  /home/andersx/parameters/3ob-3-1/O-H.skf
  /home/andersx/parameters/3ob-3-1/H-N.skf
  /home/andersx/parameters/3ob-3-1/H-C.skf
  /home/andersx/parameters/3ob-3-1/H-O.skf
  /home/andersx/parameters/3ob-3-1/H-H.skf
Done.

Starting initialization...
--------------------------------------------------------------------------------
Mode:                        Static calculation
Self consistent charges:     Yes
SCC-tolerance:                 0.100000E-05
Max. scc iterations:                    100
Ewald alpha parameter:         0.000000E+00
Spin polarisation:           No
Nr. of up electrons:            20.000000
Nr. of down electrons:          20.000000
Periodic boundaries:         No
Diagonalizer:                Divide and Conquer
Mixer:                       Anderson mixer
Mixing parameter:                  0.200000
Maximal SCC-cycles:                     100
Nr. of chrg. vectors to mix:              8
Electronic temperature:        0.100000E-07
Initial charges:             Set automatically (system chrg:   0.000E+00)
Included shells:              N:  s, p
                              C:  s, p
                              O:  s, p
                              H:  s
Full 3rd order correction    Yes
Damped SCC                   Yes
Damped specie(s):            H                                                 
Extra options:
--------------------------------------------------------------------------------
 

********************************************************************************
** Geometry step: 0
********************************************************************************

  iSCC Total electronic   Diff electronic      SCC error    
    1   -0.17665731E+02    0.00000000E+00    0.58395925E+00
    2   -0.17666093E+02   -0.36255604E-03    0.57499917E+00
    3   -0.17675631E+02   -0.95378874E-02    0.95302546E-01
    4   -0.17675441E+02    0.19010032E-03    0.83815453E-01
    5   -0.17675778E+02   -0.33657871E-03    0.11008169E+00
    6   -0.17676082E+02   -0.30427425E-03    0.10809220E-01
    7   -0.17676074E+02    0.74933972E-05    0.29992635E-01
    8   -0.17676091E+02   -0.16818400E-04    0.13536584E-01
    9   -0.17676094E+02   -0.26849716E-05    0.72498433E-03
   10   -0.17676094E+02   -0.65443828E-08    0.67512078E-03
   11   -0.17676094E+02   -0.33343564E-07    0.81722819E-04
   12   -0.17676094E+02   -0.63967320E-09    0.45772983E-04
   13   -0.17676094E+02   -0.22697932E-09    0.53001095E-05
   14   -0.17676094E+02   -0.74606987E-12    0.37773414E-06
>> Charges saved for restart in charges.bin
 
 Total Energy:                     -17.5970265280 H
 Total Mermin free energy:         -17.5970265280 H
