================================================================================
==
==   Density Functional based Tight Binding with a lot of extensions (DFTB+)    
==
==                              Release: 1.2 (p2)
==
==                            (ParserVersion = 4)
==
================================================================================


********************************************************************************
** Parsing and initializing
********************************************************************************

Interpreting input file 'dftb_in.hsd'
--------------------------------------------------------------------------------
WARNING!
-> WriteHSDInput and WriteXMLInput both turned off. You won't eventually be 
 able to obtain the same results with a later version of the code!
Path: dftb_in/ParserOptions
Line: 81-84 (File: dftb_in.hsd)

Reading SK-files:
  /home/andersx/parameters/3ob-3-1/N-N.skf
  /home/andersx/parameters/3ob-3-1/N-C.skf
  /home/andersx/parameters/3ob-3-1/N-O.skf
  /home/andersx/parameters/3ob-3-1/N-H.skf
  /home/andersx/parameters/3ob-3-1/C-N.skf
  /home/andersx/parameters/3ob-3-1/C-C.skf
  /home/andersx/parameters/3ob-3-1/C-O.skf
  /home/andersx/parameters/3ob-3-1/C-H.skf
  /home/andersx/parameters/3ob-3-1/O-N.skf
  /home/andersx/parameters/3ob-3-1/O-C.skf
  /home/andersx/parameters/3ob-3-1/O-O.skf
  /home/andersx/parameters/3ob-3-1/O-H.skf
  /home/andersx/parameters/3ob-3-1/H-N.skf
  /home/andersx/parameters/3ob-3-1/H-C.skf
  /home/andersx/parameters/3ob-3-1/H-O.skf
  /home/andersx/parameters/3ob-3-1/H-H.skf
Done.

Starting initialization...
--------------------------------------------------------------------------------
Mode:                        Static calculation
Self consistent charges:     Yes
SCC-tolerance:                 0.100000E-05
Max. scc iterations:                    100
Ewald alpha parameter:         0.000000E+00
Spin polarisation:           No
Nr. of up electrons:            19.000000
Nr. of down electrons:          19.000000
Periodic boundaries:         No
Diagonalizer:                Divide and Conquer
Mixer:                       Anderson mixer
Mixing parameter:                  0.200000
Maximal SCC-cycles:                     100
Nr. of chrg. vectors to mix:              8
Electronic temperature:        0.100000E-07
Initial charges:             Set automatically (system chrg:   0.000E+00)
Included shells:              N:  s, p
                              C:  s, p
                              O:  s, p
                              H:  s
Full 3rd order correction    Yes
Damped SCC                   Yes
Damped specie(s):            H                                                 
Extra options:
--------------------------------------------------------------------------------
 

********************************************************************************
** Geometry step: 0
********************************************************************************

  iSCC Total electronic   Diff electronic      SCC error    
    1   -0.17357503E+02    0.00000000E+00    0.56042931E+00
    2   -0.17358149E+02   -0.64646240E-03    0.55341677E+00
    3   -0.17371682E+02   -0.13532617E-01    0.14138147E+00
    4   -0.17371600E+02    0.81844451E-04    0.13440244E+00
    5   -0.17373361E+02   -0.17613741E-02    0.20973819E-01
    6   -0.17373378E+02   -0.16719522E-04    0.18860536E-01
    7   -0.17373419E+02   -0.40446400E-04    0.18079208E-01
    8   -0.17373417E+02    0.20392878E-05    0.37471029E-02
    9   -0.17373417E+02   -0.77327945E-06    0.33032537E-02
   10   -0.17373419E+02   -0.16005996E-05    0.89632657E-03
   11   -0.17373419E+02   -0.18962432E-08    0.44925232E-03
   12   -0.17373419E+02   -0.16286954E-07    0.45146169E-04
   13   -0.17373419E+02   -0.64527939E-10    0.97140857E-05
   14   -0.17373419E+02   -0.37054804E-11    0.69283643E-06
>> Charges saved for restart in charges.bin
 
 Total Energy:                     -17.0695558950 H
 Total Mermin free energy:         -17.0695558950 H
