================================================================================
==
==   Density Functional based Tight Binding with a lot of extensions (DFTB+)    
==
==                              Release: 1.2 (p2)
==
==                            (ParserVersion = 4)
==
================================================================================


********************************************************************************
** Parsing and initializing
********************************************************************************

Interpreting input file 'dftb_in.hsd'
--------------------------------------------------------------------------------
WARNING!
-> WriteHSDInput and WriteXMLInput both turned off. You won't eventually be 
 able to obtain the same results with a later version of the code!
Path: dftb_in/ParserOptions
Line: 84-87 (File: dftb_in.hsd)

Reading SK-files:
  /home/andersx/parameters/3ob-3-1/N-N.skf
  /home/andersx/parameters/3ob-3-1/N-C.skf
  /home/andersx/parameters/3ob-3-1/N-O.skf
  /home/andersx/parameters/3ob-3-1/N-H.skf
  /home/andersx/parameters/3ob-3-1/C-N.skf
  /home/andersx/parameters/3ob-3-1/C-C.skf
  /home/andersx/parameters/3ob-3-1/C-O.skf
  /home/andersx/parameters/3ob-3-1/C-H.skf
  /home/andersx/parameters/3ob-3-1/O-N.skf
  /home/andersx/parameters/3ob-3-1/O-C.skf
  /home/andersx/parameters/3ob-3-1/O-O.skf
  /home/andersx/parameters/3ob-3-1/O-H.skf
  /home/andersx/parameters/3ob-3-1/H-N.skf
  /home/andersx/parameters/3ob-3-1/H-C.skf
  /home/andersx/parameters/3ob-3-1/H-O.skf
  /home/andersx/parameters/3ob-3-1/H-H.skf
Done.

Starting initialization...
--------------------------------------------------------------------------------
Mode:                        Static calculation
Self consistent charges:     Yes
SCC-tolerance:                 0.100000E-05
Max. scc iterations:                    100
Ewald alpha parameter:         0.000000E+00
Spin polarisation:           No
Nr. of up electrons:            20.000000
Nr. of down electrons:          20.000000
Periodic boundaries:         No
Diagonalizer:                Divide and Conquer
Mixer:                       Anderson mixer
Mixing parameter:                  0.200000
Maximal SCC-cycles:                     100
Nr. of chrg. vectors to mix:              8
Electronic temperature:        0.100000E-07
Initial charges:             Set automatically (system chrg:   0.000E+00)
Included shells:              N:  s, p
                              C:  s, p
                              O:  s, p
                              H:  s
Full 3rd order correction    Yes
Damped SCC                   Yes
Damped specie(s):            H                                                 
Extra options:
--------------------------------------------------------------------------------
 

********************************************************************************
** Geometry step: 0
********************************************************************************

  iSCC Total electronic   Diff electronic      SCC error    
    1   -0.17641068E+02    0.00000000E+00    0.64282599E+00
    2   -0.17641647E+02   -0.57882364E-03    0.63190683E+00
    3   -0.17656708E+02   -0.15061252E-01    0.13869471E+00
    4   -0.17656555E+02    0.15338941E-03    0.12586718E+00
    5   -0.17657123E+02   -0.56805017E-03    0.57612410E-01
    6   -0.17657213E+02   -0.90796904E-04    0.18003312E-01
    7   -0.17657217E+02   -0.35547173E-05    0.21355248E-01
    8   -0.17657230E+02   -0.13125017E-04    0.58804808E-02
    9   -0.17657230E+02   -0.21767337E-06    0.24065034E-02
   10   -0.17657230E+02   -0.11772706E-06    0.15257482E-02
   11   -0.17657230E+02   -0.11635780E-07    0.41777172E-03
   12   -0.17657230E+02   -0.17544373E-07    0.53970647E-04
   13   -0.17657230E+02   -0.16972734E-09    0.18878404E-04
   14   -0.17657230E+02   -0.95212727E-11    0.20367211E-05
   15   -0.17657230E+02   -0.20250468E-12    0.36959278E-06
>> Charges saved for restart in charges.bin
 
 Total Energy:                     -17.5606376427 H
 Total Mermin free energy:         -17.5606376427 H
