================================================================================
==
==   Density Functional based Tight Binding with a lot of extensions (DFTB+)    
==
==                              Release: 1.2 (p2)
==
==                            (ParserVersion = 4)
==
================================================================================


********************************************************************************
** Parsing and initializing
********************************************************************************

Interpreting input file 'dftb_in.hsd'
--------------------------------------------------------------------------------
WARNING!
-> WriteHSDInput and WriteXMLInput both turned off. You won't eventually be 
 able to obtain the same results with a later version of the code!
Path: dftb_in/ParserOptions
Line: 85-88 (File: dftb_in.hsd)

Reading SK-files:
  /home/andersx/parameters/3ob-3-1/N-N.skf
  /home/andersx/parameters/3ob-3-1/N-C.skf
  /home/andersx/parameters/3ob-3-1/N-O.skf
  /home/andersx/parameters/3ob-3-1/N-H.skf
  /home/andersx/parameters/3ob-3-1/C-N.skf
  /home/andersx/parameters/3ob-3-1/C-C.skf
  /home/andersx/parameters/3ob-3-1/C-O.skf
  /home/andersx/parameters/3ob-3-1/C-H.skf
  /home/andersx/parameters/3ob-3-1/O-N.skf
  /home/andersx/parameters/3ob-3-1/O-C.skf
  /home/andersx/parameters/3ob-3-1/O-O.skf
  /home/andersx/parameters/3ob-3-1/O-H.skf
  /home/andersx/parameters/3ob-3-1/H-N.skf
  /home/andersx/parameters/3ob-3-1/H-C.skf
  /home/andersx/parameters/3ob-3-1/H-O.skf
  /home/andersx/parameters/3ob-3-1/H-H.skf
Done.

Starting initialization...
--------------------------------------------------------------------------------
Mode:                        Static calculation
Self consistent charges:     Yes
SCC-tolerance:                 0.100000E-05
Max. scc iterations:                    100
Ewald alpha parameter:         0.000000E+00
Spin polarisation:           No
Nr. of up electrons:            21.000000
Nr. of down electrons:          21.000000
Periodic boundaries:         No
Diagonalizer:                Divide and Conquer
Mixer:                       Anderson mixer
Mixing parameter:                  0.200000
Maximal SCC-cycles:                     100
Nr. of chrg. vectors to mix:              8
Electronic temperature:        0.100000E-07
Initial charges:             Set automatically (system chrg:   0.000E+00)
Included shells:              N:  s, p
                              C:  s, p
                              O:  s, p
                              H:  s
Full 3rd order correction    Yes
Damped SCC                   Yes
Damped specie(s):            H                                                 
Extra options:
--------------------------------------------------------------------------------
 

********************************************************************************
** Geometry step: 0
********************************************************************************

  iSCC Total electronic   Diff electronic      SCC error    
    1   -0.18877366E+02    0.00000000E+00    0.68506862E+00
    2   -0.18877535E+02   -0.16885288E-03    0.67608508E+00
    3   -0.18881936E+02   -0.44010149E-02    0.66451049E-01
    4   -0.18881849E+02    0.86505655E-04    0.60025506E-01
    5   -0.18881888E+02   -0.38547959E-04    0.12288083E+00
    6   -0.18882137E+02   -0.24915893E-03    0.17746235E-01
    7   -0.18882129E+02    0.78336207E-05    0.22134595E-01
    8   -0.18882137E+02   -0.77633196E-05    0.17219861E-01
    9   -0.18882142E+02   -0.48615681E-05    0.19804469E-02
   10   -0.18882142E+02   -0.30356325E-07    0.16533405E-02
   11   -0.18882142E+02   -0.95058478E-07    0.21763579E-03
   12   -0.18882142E+02   -0.27051428E-08    0.11725032E-03
   13   -0.18882142E+02   -0.92038377E-09    0.27530073E-04
   14   -0.18882142E+02   -0.43286263E-10    0.20874949E-05
   15   -0.18882142E+02   -0.25934810E-12    0.90302556E-06
>> Charges saved for restart in charges.bin
 
 Total Energy:                     -18.6664310612 H
 Total Mermin free energy:         -18.6664310612 H
