================================================================================
==
==   Density Functional based Tight Binding with a lot of extensions (DFTB+)    
==
==                              Release: 1.2 (p2)
==
==                            (ParserVersion = 4)
==
================================================================================


********************************************************************************
** Parsing and initializing
********************************************************************************

Interpreting input file 'dftb_in.hsd'
--------------------------------------------------------------------------------
WARNING!
-> WriteHSDInput and WriteXMLInput both turned off. You won't eventually be 
 able to obtain the same results with a later version of the code!
Path: dftb_in/ParserOptions
Line: 83-86 (File: dftb_in.hsd)

Reading SK-files:
  /home/andersx/parameters/3ob-3-1/N-N.skf
  /home/andersx/parameters/3ob-3-1/N-C.skf
  /home/andersx/parameters/3ob-3-1/N-O.skf
  /home/andersx/parameters/3ob-3-1/N-H.skf
  /home/andersx/parameters/3ob-3-1/C-N.skf
  /home/andersx/parameters/3ob-3-1/C-C.skf
  /home/andersx/parameters/3ob-3-1/C-O.skf
  /home/andersx/parameters/3ob-3-1/C-H.skf
  /home/andersx/parameters/3ob-3-1/O-N.skf
  /home/andersx/parameters/3ob-3-1/O-C.skf
  /home/andersx/parameters/3ob-3-1/O-O.skf
  /home/andersx/parameters/3ob-3-1/O-H.skf
  /home/andersx/parameters/3ob-3-1/H-N.skf
  /home/andersx/parameters/3ob-3-1/H-C.skf
  /home/andersx/parameters/3ob-3-1/H-O.skf
  /home/andersx/parameters/3ob-3-1/H-H.skf
Done.

Starting initialization...
--------------------------------------------------------------------------------
Mode:                        Static calculation
Self consistent charges:     Yes
SCC-tolerance:                 0.100000E-05
Max. scc iterations:                    100
Ewald alpha parameter:         0.000000E+00
Spin polarisation:           No
Nr. of up electrons:            20.000000
Nr. of down electrons:          20.000000
Periodic boundaries:         No
Diagonalizer:                Divide and Conquer
Mixer:                       Anderson mixer
Mixing parameter:                  0.200000
Maximal SCC-cycles:                     100
Nr. of chrg. vectors to mix:              8
Electronic temperature:        0.100000E-07
Initial charges:             Set automatically (system chrg:   0.000E+00)
Included shells:              N:  s, p
                              C:  s, p
                              O:  s, p
                              H:  s
Full 3rd order correction    Yes
Damped SCC                   Yes
Damped specie(s):            H                                                 
Extra options:
--------------------------------------------------------------------------------
 

********************************************************************************
** Geometry step: 0
********************************************************************************

  iSCC Total electronic   Diff electronic      SCC error    
    1   -0.18113665E+02    0.00000000E+00    0.81799925E+00
    2   -0.18114085E+02   -0.42045598E-03    0.80563230E+00
    3   -0.18124728E+02   -0.10643376E-01    0.10065452E+00
    4   -0.18124544E+02    0.18458048E-03    0.10091321E+00
    5   -0.18124476E+02    0.67405661E-04    0.93005041E-01
    6   -0.18125096E+02   -0.62008500E-03    0.23961349E-01
    7   -0.18125092E+02    0.45136476E-05    0.32594423E-01
    8   -0.18125113E+02   -0.20841202E-04    0.19367642E-01
    9   -0.18125120E+02   -0.75567356E-05    0.17862493E-02
   10   -0.18125120E+02   -0.15018825E-06    0.18068388E-02
   11   -0.18125121E+02   -0.43248866E-06    0.17205292E-03
   12   -0.18125121E+02   -0.24218778E-08    0.10801821E-03
   13   -0.18125121E+02   -0.95808517E-09    0.18520770E-04
   14   -0.18125121E+02   -0.54889426E-11    0.22420892E-05
   15   -0.18125121E+02   -0.71054274E-13    0.26130964E-06
>> Charges saved for restart in charges.bin
 
 Total Energy:                     -17.8715102112 H
 Total Mermin free energy:         -17.8715102112 H
