================================================================================
==
==   Density Functional based Tight Binding with a lot of extensions (DFTB+)    
==
==                              Release: 1.2 (p2)
==
==                            (ParserVersion = 4)
==
================================================================================


********************************************************************************
** Parsing and initializing
********************************************************************************

Interpreting input file 'dftb_in.hsd'
--------------------------------------------------------------------------------
WARNING!
-> WriteHSDInput and WriteXMLInput both turned off. You won't eventually be 
 able to obtain the same results with a later version of the code!
Path: dftb_in/ParserOptions
Line: 85-88 (File: dftb_in.hsd)

Reading SK-files:
  /home/andersx/parameters/3ob-3-1/N-N.skf
  /home/andersx/parameters/3ob-3-1/N-C.skf
  /home/andersx/parameters/3ob-3-1/N-O.skf
  /home/andersx/parameters/3ob-3-1/N-H.skf
  /home/andersx/parameters/3ob-3-1/C-N.skf
  /home/andersx/parameters/3ob-3-1/C-C.skf
  /home/andersx/parameters/3ob-3-1/C-O.skf
  /home/andersx/parameters/3ob-3-1/C-H.skf
  /home/andersx/parameters/3ob-3-1/O-N.skf
  /home/andersx/parameters/3ob-3-1/O-C.skf
  /home/andersx/parameters/3ob-3-1/O-O.skf
  /home/andersx/parameters/3ob-3-1/O-H.skf
  /home/andersx/parameters/3ob-3-1/H-N.skf
  /home/andersx/parameters/3ob-3-1/H-C.skf
  /home/andersx/parameters/3ob-3-1/H-O.skf
  /home/andersx/parameters/3ob-3-1/H-H.skf
Done.

Starting initialization...
--------------------------------------------------------------------------------
Mode:                        Static calculation
Self consistent charges:     Yes
SCC-tolerance:                 0.100000E-05
Max. scc iterations:                    100
Ewald alpha parameter:         0.000000E+00
Spin polarisation:           No
Nr. of up electrons:            21.000000
Nr. of down electrons:          21.000000
Periodic boundaries:         No
Diagonalizer:                Divide and Conquer
Mixer:                       Anderson mixer
Mixing parameter:                  0.200000
Maximal SCC-cycles:                     100
Nr. of chrg. vectors to mix:              8
Electronic temperature:        0.100000E-07
Initial charges:             Set automatically (system chrg:   0.000E+00)
Included shells:              N:  s, p
                              C:  s, p
                              O:  s, p
                              H:  s
Full 3rd order correction    Yes
Damped SCC                   Yes
Damped specie(s):            H                                                 
Extra options:
--------------------------------------------------------------------------------
 

********************************************************************************
** Geometry step: 0
********************************************************************************

  iSCC Total electronic   Diff electronic      SCC error    
    1   -0.18863572E+02    0.00000000E+00    0.67031289E+00
    2   -0.18863727E+02   -0.15483684E-03    0.66163735E+00
    3   -0.18867729E+02   -0.40019798E-02    0.56191526E-01
    4   -0.18867655E+02    0.73838962E-04    0.43037304E-01
    5   -0.18867699E+02   -0.43124413E-04    0.97652090E-01
    6   -0.18867904E+02   -0.20570908E-03    0.13977747E-01
    7   -0.18867903E+02    0.10154072E-05    0.93079867E-02
    8   -0.18867904E+02   -0.11340602E-05    0.86384330E-02
    9   -0.18867906E+02   -0.12073937E-05    0.67680843E-03
   10   -0.18867906E+02   -0.62923284E-08    0.59794472E-03
   11   -0.18867906E+02   -0.17668569E-07    0.81475563E-04
   12   -0.18867906E+02   -0.42358295E-09    0.48409128E-04
   13   -0.18867906E+02   -0.16195401E-09    0.40787506E-05
   14   -0.18867906E+02   -0.61817218E-12    0.40642964E-06
>> Charges saved for restart in charges.bin
 
 Total Energy:                     -18.6767435393 H
 Total Mermin free energy:         -18.6767435393 H
