================================================================================
==
==   Density Functional based Tight Binding with a lot of extensions (DFTB+)    
==
==                              Release: 1.2 (p2)
==
==                            (ParserVersion = 4)
==
================================================================================


********************************************************************************
** Parsing and initializing
********************************************************************************

Interpreting input file 'dftb_in.hsd'
--------------------------------------------------------------------------------
WARNING!
-> WriteHSDInput and WriteXMLInput both turned off. You won't eventually be 
 able to obtain the same results with a later version of the code!
Path: dftb_in/ParserOptions
Line: 82-85 (File: dftb_in.hsd)

Reading SK-files:
  /home/andersx/parameters/3ob-3-1/N-N.skf
  /home/andersx/parameters/3ob-3-1/N-C.skf
  /home/andersx/parameters/3ob-3-1/N-O.skf
  /home/andersx/parameters/3ob-3-1/N-H.skf
  /home/andersx/parameters/3ob-3-1/C-N.skf
  /home/andersx/parameters/3ob-3-1/C-C.skf
  /home/andersx/parameters/3ob-3-1/C-O.skf
  /home/andersx/parameters/3ob-3-1/C-H.skf
  /home/andersx/parameters/3ob-3-1/O-N.skf
  /home/andersx/parameters/3ob-3-1/O-C.skf
  /home/andersx/parameters/3ob-3-1/O-O.skf
  /home/andersx/parameters/3ob-3-1/O-H.skf
  /home/andersx/parameters/3ob-3-1/H-N.skf
  /home/andersx/parameters/3ob-3-1/H-C.skf
  /home/andersx/parameters/3ob-3-1/H-O.skf
  /home/andersx/parameters/3ob-3-1/H-H.skf
Done.

Starting initialization...
--------------------------------------------------------------------------------
Mode:                        Static calculation
Self consistent charges:     Yes
SCC-tolerance:                 0.100000E-05
Max. scc iterations:                    100
Ewald alpha parameter:         0.000000E+00
Spin polarisation:           No
Nr. of up electrons:            19.000000
Nr. of down electrons:          19.000000
Periodic boundaries:         No
Diagonalizer:                Divide and Conquer
Mixer:                       Anderson mixer
Mixing parameter:                  0.200000
Maximal SCC-cycles:                     100
Nr. of chrg. vectors to mix:              8
Electronic temperature:        0.100000E-07
Initial charges:             Set automatically (system chrg:   0.000E+00)
Included shells:              N:  s, p
                              C:  s, p
                              O:  s, p
                              H:  s
Full 3rd order correction    Yes
Damped SCC                   Yes
Damped specie(s):            H                                                 
Extra options:
--------------------------------------------------------------------------------
 

********************************************************************************
** Geometry step: 0
********************************************************************************

  iSCC Total electronic   Diff electronic      SCC error    
    1   -0.17066179E+02    0.00000000E+00    0.58287396E+00
    2   -0.17066342E+02   -0.16261774E-03    0.57594134E+00
    3   -0.17070529E+02   -0.41866797E-02    0.86205731E-01
    4   -0.17070463E+02    0.65230890E-04    0.95069078E-01
    5   -0.17071067E+02   -0.60386460E-03    0.28792971E-01
    6   -0.17071076E+02   -0.90943434E-05    0.20153373E-01
    7   -0.17071099E+02   -0.22821551E-04    0.19033253E-01
    8   -0.17071106E+02   -0.66706113E-05    0.33137659E-02
    9   -0.17071106E+02   -0.19489746E-06    0.22891825E-02
   10   -0.17071106E+02   -0.46211209E-06    0.42702260E-03
   11   -0.17071106E+02   -0.21562691E-07    0.19987563E-03
   12   -0.17071106E+02   -0.52359610E-08    0.55389312E-04
   13   -0.17071106E+02   -0.26361846E-09    0.11710763E-04
   14   -0.17071106E+02   -0.53823612E-11    0.43324852E-05
   15   -0.17071106E+02   -0.21671553E-12    0.28980733E-06
>> Charges saved for restart in charges.bin
 
 Total Energy:                     -16.8411082932 H
 Total Mermin free energy:         -16.8411082932 H
