================================================================================
==
==   Density Functional based Tight Binding with a lot of extensions (DFTB+)    
==
==                              Release: 1.2 (p2)
==
==                            (ParserVersion = 4)
==
================================================================================


********************************************************************************
** Parsing and initializing
********************************************************************************

Interpreting input file 'dftb_in.hsd'
--------------------------------------------------------------------------------
WARNING!
-> WriteHSDInput and WriteXMLInput both turned off. You won't eventually be 
 able to obtain the same results with a later version of the code!
Path: dftb_in/ParserOptions
Line: 67-70 (File: dftb_in.hsd)

Reading SK-files:
  /home/andersx/parameters/3ob-3-1/C-C.skf
  /home/andersx/parameters/3ob-3-1/C-H.skf
  /home/andersx/parameters/3ob-3-1/H-C.skf
  /home/andersx/parameters/3ob-3-1/H-H.skf
Done.

Starting initialization...
--------------------------------------------------------------------------------
Mode:                        Static calculation
Self consistent charges:     Yes
SCC-tolerance:                 0.100000E-05
Max. scc iterations:                    100
Ewald alpha parameter:         0.000000E+00
Spin polarisation:           No
Nr. of up electrons:            15.000000
Nr. of down electrons:          15.000000
Periodic boundaries:         No
Diagonalizer:                Divide and Conquer
Mixer:                       Anderson mixer
Mixing parameter:                  0.200000
Maximal SCC-cycles:                     100
Nr. of chrg. vectors to mix:              8
Electronic temperature:        0.100000E-07
Initial charges:             Set automatically (system chrg:   0.000E+00)
Included shells:              C:  s, p
                              H:  s
Full 3rd order correction    Yes
Damped SCC                   Yes
Damped specie(s):            H                                                 
Extra options:
--------------------------------------------------------------------------------
 

********************************************************************************
** Geometry step: 0
********************************************************************************

  iSCC Total electronic   Diff electronic      SCC error    
    1   -0.12184600E+02    0.00000000E+00    0.24264525E+00
    2   -0.12184617E+02   -0.17057620E-04    0.24012042E+00
    3   -0.12185097E+02   -0.47955651E-03    0.36210188E-01
    4   -0.12185085E+02    0.11689096E-04    0.38458730E-01
    5   -0.12185081E+02    0.36886011E-05    0.53589227E-01
    6   -0.12185118E+02   -0.36425691E-04    0.72275103E-02
    7   -0.12185118E+02   -0.38421710E-09    0.50797462E-02
    8   -0.12185118E+02   -0.18823992E-06    0.22272656E-02
    9   -0.12185118E+02   -0.21576299E-06    0.33705392E-03
   10   -0.12185118E+02   -0.48264237E-08    0.88653099E-04
   11   -0.12185118E+02   -0.15952928E-08    0.26530147E-04
   12   -0.12185118E+02   -0.10697221E-10    0.12000640E-04
   13   -0.12185118E+02   -0.40323300E-12    0.30794283E-06
>> Charges saved for restart in charges.bin
 
 Total Energy:                     -12.3111703782 H
 Total Mermin free energy:         -12.3111703782 H
