================================================================================
==
==   Density Functional based Tight Binding with a lot of extensions (DFTB+)    
==
==                              Release: 1.2 (p2)
==
==                            (ParserVersion = 4)
==
================================================================================


********************************************************************************
** Parsing and initializing
********************************************************************************

Interpreting input file 'dftb_in.hsd'
--------------------------------------------------------------------------------
WARNING!
-> WriteHSDInput and WriteXMLInput both turned off. You won't eventually be 
 able to obtain the same results with a later version of the code!
Path: dftb_in/ParserOptions
Line: 80-83 (File: dftb_in.hsd)

Reading SK-files:
  /home/andersx/parameters/3ob-3-1/N-N.skf
  /home/andersx/parameters/3ob-3-1/N-C.skf
  /home/andersx/parameters/3ob-3-1/N-O.skf
  /home/andersx/parameters/3ob-3-1/N-H.skf
  /home/andersx/parameters/3ob-3-1/C-N.skf
  /home/andersx/parameters/3ob-3-1/C-C.skf
  /home/andersx/parameters/3ob-3-1/C-O.skf
  /home/andersx/parameters/3ob-3-1/C-H.skf
  /home/andersx/parameters/3ob-3-1/O-N.skf
  /home/andersx/parameters/3ob-3-1/O-C.skf
  /home/andersx/parameters/3ob-3-1/O-O.skf
  /home/andersx/parameters/3ob-3-1/O-H.skf
  /home/andersx/parameters/3ob-3-1/H-N.skf
  /home/andersx/parameters/3ob-3-1/H-C.skf
  /home/andersx/parameters/3ob-3-1/H-O.skf
  /home/andersx/parameters/3ob-3-1/H-H.skf
Done.

Starting initialization...
--------------------------------------------------------------------------------
Mode:                        Static calculation
Self consistent charges:     Yes
SCC-tolerance:                 0.100000E-05
Max. scc iterations:                    100
Ewald alpha parameter:         0.000000E+00
Spin polarisation:           No
Nr. of up electrons:            18.000000
Nr. of down electrons:          18.000000
Periodic boundaries:         No
Diagonalizer:                Divide and Conquer
Mixer:                       Anderson mixer
Mixing parameter:                  0.200000
Maximal SCC-cycles:                     100
Nr. of chrg. vectors to mix:              8
Electronic temperature:        0.100000E-07
Initial charges:             Set automatically (system chrg:   0.000E+00)
Included shells:              N:  s, p
                              C:  s, p
                              O:  s, p
                              H:  s
Full 3rd order correction    Yes
Damped SCC                   Yes
Damped specie(s):            H                                                 
Extra options:
--------------------------------------------------------------------------------
 

********************************************************************************
** Geometry step: 0
********************************************************************************

  iSCC Total electronic   Diff electronic      SCC error    
    1   -0.16388536E+02    0.00000000E+00    0.80148582E+00
    2   -0.16390682E+02   -0.21456238E-02    0.78632483E+00
    3   -0.16418369E+02   -0.27686741E-01    0.32826861E+00
    4   -0.16421552E+02   -0.31826958E-02    0.32007499E+00
    5   -0.16428345E+02   -0.67936665E-02    0.13857963E+00
    6   -0.16430575E+02   -0.22297684E-02    0.64818353E-01
    7   -0.16430572E+02    0.30541582E-05    0.62827387E-01
    8   -0.16430738E+02   -0.16595042E-03    0.13684194E-01
    9   -0.16430737E+02    0.41535293E-06    0.11118675E-01
   10   -0.16430742E+02   -0.43099746E-05    0.32089633E-02
   11   -0.16430742E+02   -0.33884769E-06    0.58243223E-03
   12   -0.16430742E+02   -0.24458998E-07    0.24070097E-03
   13   -0.16430742E+02   -0.46928506E-09    0.69645221E-04
   14   -0.16430742E+02   -0.48770232E-09    0.72895480E-05
   15   -0.16430742E+02   -0.35456083E-11    0.23792511E-05
   16   -0.16430742E+02   -0.18829382E-12    0.31241378E-06
>> Charges saved for restart in charges.bin
 
 Total Energy:                     -16.0979148086 H
 Total Mermin free energy:         -16.0979148086 H
