================================================================================
==
==   Density Functional based Tight Binding with a lot of extensions (DFTB+)    
==
==                              Release: 1.2 (p2)
==
==                            (ParserVersion = 4)
==
================================================================================


********************************************************************************
** Parsing and initializing
********************************************************************************

Interpreting input file 'dftb_in.hsd'
--------------------------------------------------------------------------------
WARNING!
-> WriteHSDInput and WriteXMLInput both turned off. You won't eventually be 
 able to obtain the same results with a later version of the code!
Path: dftb_in/ParserOptions
Line: 85-88 (File: dftb_in.hsd)

Reading SK-files:
  /home/andersx/parameters/3ob-3-1/N-N.skf
  /home/andersx/parameters/3ob-3-1/N-C.skf
  /home/andersx/parameters/3ob-3-1/N-O.skf
  /home/andersx/parameters/3ob-3-1/N-H.skf
  /home/andersx/parameters/3ob-3-1/C-N.skf
  /home/andersx/parameters/3ob-3-1/C-C.skf
  /home/andersx/parameters/3ob-3-1/C-O.skf
  /home/andersx/parameters/3ob-3-1/C-H.skf
  /home/andersx/parameters/3ob-3-1/O-N.skf
  /home/andersx/parameters/3ob-3-1/O-C.skf
  /home/andersx/parameters/3ob-3-1/O-O.skf
  /home/andersx/parameters/3ob-3-1/O-H.skf
  /home/andersx/parameters/3ob-3-1/H-N.skf
  /home/andersx/parameters/3ob-3-1/H-C.skf
  /home/andersx/parameters/3ob-3-1/H-O.skf
  /home/andersx/parameters/3ob-3-1/H-H.skf
Done.

Starting initialization...
--------------------------------------------------------------------------------
Mode:                        Static calculation
Self consistent charges:     Yes
SCC-tolerance:                 0.100000E-05
Max. scc iterations:                    100
Ewald alpha parameter:         0.000000E+00
Spin polarisation:           No
Nr. of up electrons:            21.000000
Nr. of down electrons:          21.000000
Periodic boundaries:         No
Diagonalizer:                Divide and Conquer
Mixer:                       Anderson mixer
Mixing parameter:                  0.200000
Maximal SCC-cycles:                     100
Nr. of chrg. vectors to mix:              8
Electronic temperature:        0.100000E-07
Initial charges:             Set automatically (system chrg:   0.000E+00)
Included shells:              N:  s, p
                              C:  s, p
                              O:  s, p
                              H:  s
Full 3rd order correction    Yes
Damped SCC                   Yes
Damped specie(s):            H                                                 
Extra options:
--------------------------------------------------------------------------------
 

********************************************************************************
** Geometry step: 0
********************************************************************************

  iSCC Total electronic   Diff electronic      SCC error    
    1   -0.18875946E+02    0.00000000E+00    0.68313119E+00
    2   -0.18876117E+02   -0.17094652E-03    0.67411667E+00
    3   -0.18880709E+02   -0.45913210E-02    0.57032167E-01
    4   -0.18880642E+02    0.66476089E-04    0.49834539E-01
    5   -0.18880670E+02   -0.28174206E-04    0.10440396E+00
    6   -0.18880863E+02   -0.19230123E-03    0.15076620E-01
    7   -0.18880861E+02    0.14441639E-05    0.15924812E-01
    8   -0.18880865E+02   -0.33972002E-05    0.12388026E-01
    9   -0.18880866E+02   -0.16501705E-05    0.17845847E-02
   10   -0.18880866E+02   -0.11001699E-07    0.15789212E-02
   11   -0.18880866E+02   -0.42778478E-07    0.27656518E-03
   12   -0.18880866E+02   -0.12887572E-07    0.13203811E-03
   13   -0.18880866E+02   -0.51556981E-08    0.18597045E-04
   14   -0.18880866E+02   -0.12992274E-10    0.24774474E-05
   15   -0.18880866E+02   -0.10302870E-12    0.46983398E-06
>> Charges saved for restart in charges.bin
 
 Total Energy:                     -18.6608639985 H
 Total Mermin free energy:         -18.6608639985 H
