================================================================================
==
==   Density Functional based Tight Binding with a lot of extensions (DFTB+)    
==
==                              Release: 1.2 (p2)
==
==                            (ParserVersion = 4)
==
================================================================================


********************************************************************************
** Parsing and initializing
********************************************************************************

Interpreting input file 'dftb_in.hsd'
--------------------------------------------------------------------------------
WARNING!
-> WriteHSDInput and WriteXMLInput both turned off. You won't eventually be 
 able to obtain the same results with a later version of the code!
Path: dftb_in/ParserOptions
Line: 85-88 (File: dftb_in.hsd)

Reading SK-files:
  /home/andersx/parameters/3ob-3-1/N-N.skf
  /home/andersx/parameters/3ob-3-1/N-C.skf
  /home/andersx/parameters/3ob-3-1/N-O.skf
  /home/andersx/parameters/3ob-3-1/N-H.skf
  /home/andersx/parameters/3ob-3-1/C-N.skf
  /home/andersx/parameters/3ob-3-1/C-C.skf
  /home/andersx/parameters/3ob-3-1/C-O.skf
  /home/andersx/parameters/3ob-3-1/C-H.skf
  /home/andersx/parameters/3ob-3-1/O-N.skf
  /home/andersx/parameters/3ob-3-1/O-C.skf
  /home/andersx/parameters/3ob-3-1/O-O.skf
  /home/andersx/parameters/3ob-3-1/O-H.skf
  /home/andersx/parameters/3ob-3-1/H-N.skf
  /home/andersx/parameters/3ob-3-1/H-C.skf
  /home/andersx/parameters/3ob-3-1/H-O.skf
  /home/andersx/parameters/3ob-3-1/H-H.skf
Done.

Starting initialization...
--------------------------------------------------------------------------------
Mode:                        Static calculation
Self consistent charges:     Yes
SCC-tolerance:                 0.100000E-05
Max. scc iterations:                    100
Ewald alpha parameter:         0.000000E+00
Spin polarisation:           No
Nr. of up electrons:            21.000000
Nr. of down electrons:          21.000000
Periodic boundaries:         No
Diagonalizer:                Divide and Conquer
Mixer:                       Anderson mixer
Mixing parameter:                  0.200000
Maximal SCC-cycles:                     100
Nr. of chrg. vectors to mix:              8
Electronic temperature:        0.100000E-07
Initial charges:             Set automatically (system chrg:   0.000E+00)
Included shells:              N:  s, p
                              C:  s, p
                              O:  s, p
                              H:  s
Full 3rd order correction    Yes
Damped SCC                   Yes
Damped specie(s):            H                                                 
Extra options:
--------------------------------------------------------------------------------
 

********************************************************************************
** Geometry step: 0
********************************************************************************

  iSCC Total electronic   Diff electronic      SCC error    
    1   -0.18863118E+02    0.00000000E+00    0.69097978E+00
    2   -0.18863297E+02   -0.17874645E-03    0.68203118E+00
    3   -0.18868098E+02   -0.48011556E-02    0.64284220E-01
    4   -0.18868033E+02    0.64609696E-04    0.34513877E-01
    5   -0.18868038E+02   -0.41539270E-05    0.91223210E-01
    6   -0.18868220E+02   -0.18212975E-03    0.15442634E-01
    7   -0.18868221E+02   -0.10785775E-05    0.86471637E-02
    8   -0.18868221E+02   -0.59112470E-06    0.90097359E-02
    9   -0.18868222E+02   -0.10015222E-05    0.20887770E-02
   10   -0.18868222E+02   -0.11889124E-07    0.18025752E-02
   11   -0.18868222E+02   -0.37839015E-07    0.23849179E-03
   12   -0.18868222E+02   -0.35190091E-08    0.13615041E-03
   13   -0.18868222E+02   -0.15469794E-08    0.20001977E-04
   14   -0.18868222E+02   -0.29412917E-10    0.19019235E-05
   15   -0.18868222E+02   -0.99475983E-13    0.74978971E-06
>> Charges saved for restart in charges.bin
 
 Total Energy:                     -18.6901256867 H
 Total Mermin free energy:         -18.6901256867 H
