================================================================================
==
==   Density Functional based Tight Binding with a lot of extensions (DFTB+)    
==
==                              Release: 1.2 (p2)
==
==                            (ParserVersion = 4)
==
================================================================================


********************************************************************************
** Parsing and initializing
********************************************************************************

Interpreting input file 'dftb_in.hsd'
--------------------------------------------------------------------------------
WARNING!
-> WriteHSDInput and WriteXMLInput both turned off. You won't eventually be 
 able to obtain the same results with a later version of the code!
Path: dftb_in/ParserOptions
Line: 71-74 (File: dftb_in.hsd)

Reading SK-files:
  /home/andersx/parameters/3ob-3-1/N-N.skf
  /home/andersx/parameters/3ob-3-1/N-C.skf
  /home/andersx/parameters/3ob-3-1/N-H.skf
  /home/andersx/parameters/3ob-3-1/C-N.skf
  /home/andersx/parameters/3ob-3-1/C-C.skf
  /home/andersx/parameters/3ob-3-1/C-H.skf
  /home/andersx/parameters/3ob-3-1/H-N.skf
  /home/andersx/parameters/3ob-3-1/H-C.skf
  /home/andersx/parameters/3ob-3-1/H-H.skf
Done.

Starting initialization...
--------------------------------------------------------------------------------
Mode:                        Static calculation
Self consistent charges:     Yes
SCC-tolerance:                 0.100000E-05
Max. scc iterations:                    100
Ewald alpha parameter:         0.000000E+00
Spin polarisation:           No
Nr. of up electrons:            16.000000
Nr. of down electrons:          16.000000
Periodic boundaries:         No
Diagonalizer:                Divide and Conquer
Mixer:                       Anderson mixer
Mixing parameter:                  0.200000
Maximal SCC-cycles:                     100
Nr. of chrg. vectors to mix:              8
Electronic temperature:        0.100000E-07
Initial charges:             Set automatically (system chrg:   0.000E+00)
Included shells:              N:  s, p
                              C:  s, p
                              H:  s
Full 3rd order correction    Yes
Damped SCC                   Yes
Damped specie(s):            H                                                 
Extra options:
--------------------------------------------------------------------------------
 

********************************************************************************
** Geometry step: 0
********************************************************************************

  iSCC Total electronic   Diff electronic      SCC error    
    1   -0.14109731E+02    0.00000000E+00    0.59741765E+00
    2   -0.14110599E+02   -0.86767355E-03    0.58456234E+00
    3   -0.14129892E+02   -0.19293060E-01    0.13088050E+00
    4   -0.14129829E+02    0.62702503E-04    0.11767267E+00
    5   -0.14129967E+02   -0.13776290E-03    0.47895287E-01
    6   -0.14130113E+02   -0.14633751E-03    0.13526266E-01
    7   -0.14130102E+02    0.10961378E-04    0.14384700E-01
    8   -0.14130129E+02   -0.26759680E-04    0.21841469E-02
    9   -0.14130129E+02   -0.45786583E-07    0.14329313E-02
   10   -0.14130129E+02   -0.46816266E-07    0.81942756E-03
   11   -0.14130129E+02   -0.25962249E-07    0.27537585E-03
   12   -0.14130129E+02   -0.53733800E-08    0.46709493E-04
   13   -0.14130129E+02   -0.99532826E-10    0.16801411E-04
   14   -0.14130129E+02   -0.65494277E-11    0.12170010E-05
   15   -0.14130129E+02   -0.55067062E-13    0.47930768E-07
>> Charges saved for restart in charges.bin
 
 Total Energy:                     -13.8342879965 H
 Total Mermin free energy:         -13.8342879965 H
