================================================================================
==
==   Density Functional based Tight Binding with a lot of extensions (DFTB+)    
==
==                              Release: 1.2 (p2)
==
==                            (ParserVersion = 4)
==
================================================================================


********************************************************************************
** Parsing and initializing
********************************************************************************

Interpreting input file 'dftb_in.hsd'
--------------------------------------------------------------------------------
WARNING!
-> WriteHSDInput and WriteXMLInput both turned off. You won't eventually be 
 able to obtain the same results with a later version of the code!
Path: dftb_in/ParserOptions
Line: 82-85 (File: dftb_in.hsd)

Reading SK-files:
  /home/andersx/parameters/3ob-3-1/N-N.skf
  /home/andersx/parameters/3ob-3-1/N-C.skf
  /home/andersx/parameters/3ob-3-1/N-O.skf
  /home/andersx/parameters/3ob-3-1/N-H.skf
  /home/andersx/parameters/3ob-3-1/C-N.skf
  /home/andersx/parameters/3ob-3-1/C-C.skf
  /home/andersx/parameters/3ob-3-1/C-O.skf
  /home/andersx/parameters/3ob-3-1/C-H.skf
  /home/andersx/parameters/3ob-3-1/O-N.skf
  /home/andersx/parameters/3ob-3-1/O-C.skf
  /home/andersx/parameters/3ob-3-1/O-O.skf
  /home/andersx/parameters/3ob-3-1/O-H.skf
  /home/andersx/parameters/3ob-3-1/H-N.skf
  /home/andersx/parameters/3ob-3-1/H-C.skf
  /home/andersx/parameters/3ob-3-1/H-O.skf
  /home/andersx/parameters/3ob-3-1/H-H.skf
Done.

Starting initialization...
--------------------------------------------------------------------------------
Mode:                        Static calculation
Self consistent charges:     Yes
SCC-tolerance:                 0.100000E-05
Max. scc iterations:                    100
Ewald alpha parameter:         0.000000E+00
Spin polarisation:           No
Nr. of up electrons:            19.000000
Nr. of down electrons:          19.000000
Periodic boundaries:         No
Diagonalizer:                Divide and Conquer
Mixer:                       Anderson mixer
Mixing parameter:                  0.200000
Maximal SCC-cycles:                     100
Nr. of chrg. vectors to mix:              8
Electronic temperature:        0.100000E-07
Initial charges:             Set automatically (system chrg:   0.000E+00)
Included shells:              N:  s, p
                              C:  s, p
                              O:  s, p
                              H:  s
Full 3rd order correction    Yes
Damped SCC                   Yes
Damped specie(s):            H                                                 
Extra options:
--------------------------------------------------------------------------------
 

********************************************************************************
** Geometry step: 0
********************************************************************************

  iSCC Total electronic   Diff electronic      SCC error    
    1   -0.17021111E+02    0.00000000E+00    0.62591968E+00
    2   -0.17021548E+02   -0.43702229E-03    0.61593485E+00
    3   -0.17033858E+02   -0.12309802E-01    0.11349922E+00
    4   -0.17033752E+02    0.10520468E-03    0.99382352E-01
    5   -0.17034099E+02   -0.34662744E-03    0.54061011E-01
    6   -0.17034174E+02   -0.74536038E-04    0.15289774E-01
    7   -0.17034172E+02    0.15154941E-05    0.20505114E-01
    8   -0.17034179E+02   -0.72212386E-05    0.40455354E-02
    9   -0.17034179E+02   -0.13855762E-06    0.24299068E-02
   10   -0.17034180E+02   -0.31094699E-06    0.14577058E-02
   11   -0.17034180E+02   -0.54690119E-08    0.43480590E-03
   12   -0.17034180E+02   -0.17056585E-07    0.65317432E-04
   13   -0.17034180E+02   -0.37983128E-09    0.20791774E-04
   14   -0.17034180E+02   -0.43900883E-10    0.40772916E-05
   15   -0.17034180E+02   -0.64304118E-12    0.25296635E-06
>> Charges saved for restart in charges.bin
 
 Total Energy:                     -16.7829575659 H
 Total Mermin free energy:         -16.7829575659 H
