================================================================================
==
==   Density Functional based Tight Binding with a lot of extensions (DFTB+)    
==
==                              Release: 1.2 (p2)
==
==                            (ParserVersion = 4)
==
================================================================================


********************************************************************************
** Parsing and initializing
********************************************************************************

Interpreting input file 'dftb_in.hsd'
--------------------------------------------------------------------------------
WARNING!
-> WriteHSDInput and WriteXMLInput both turned off. You won't eventually be 
 able to obtain the same results with a later version of the code!
Path: dftb_in/ParserOptions
Line: 84-87 (File: dftb_in.hsd)

Reading SK-files:
  /home/andersx/parameters/3ob-3-1/N-N.skf
  /home/andersx/parameters/3ob-3-1/N-C.skf
  /home/andersx/parameters/3ob-3-1/N-O.skf
  /home/andersx/parameters/3ob-3-1/N-H.skf
  /home/andersx/parameters/3ob-3-1/C-N.skf
  /home/andersx/parameters/3ob-3-1/C-C.skf
  /home/andersx/parameters/3ob-3-1/C-O.skf
  /home/andersx/parameters/3ob-3-1/C-H.skf
  /home/andersx/parameters/3ob-3-1/O-N.skf
  /home/andersx/parameters/3ob-3-1/O-C.skf
  /home/andersx/parameters/3ob-3-1/O-O.skf
  /home/andersx/parameters/3ob-3-1/O-H.skf
  /home/andersx/parameters/3ob-3-1/H-N.skf
  /home/andersx/parameters/3ob-3-1/H-C.skf
  /home/andersx/parameters/3ob-3-1/H-O.skf
  /home/andersx/parameters/3ob-3-1/H-H.skf
Done.

Starting initialization...
--------------------------------------------------------------------------------
Mode:                        Static calculation
Self consistent charges:     Yes
SCC-tolerance:                 0.100000E-05
Max. scc iterations:                    100
Ewald alpha parameter:         0.000000E+00
Spin polarisation:           No
Nr. of up electrons:            21.000000
Nr. of down electrons:          21.000000
Periodic boundaries:         No
Diagonalizer:                Divide and Conquer
Mixer:                       Anderson mixer
Mixing parameter:                  0.200000
Maximal SCC-cycles:                     100
Nr. of chrg. vectors to mix:              8
Electronic temperature:        0.100000E-07
Initial charges:             Set automatically (system chrg:   0.000E+00)
Included shells:              N:  s, p
                              C:  s, p
                              O:  s, p
                              H:  s
Full 3rd order correction    Yes
Damped SCC                   Yes
Damped specie(s):            H                                                 
Extra options:
--------------------------------------------------------------------------------
 

********************************************************************************
** Geometry step: 0
********************************************************************************

  iSCC Total electronic   Diff electronic      SCC error    
    1   -0.19313152E+02    0.00000000E+00    0.67585520E+00
    2   -0.19313629E+02   -0.47729734E-03    0.66710521E+00
    3   -0.19327352E+02   -0.13722417E-01    0.10302631E+00
    4   -0.19327237E+02    0.11493945E-03    0.98541755E-01
    5   -0.19327302E+02   -0.65389696E-04    0.10006216E+00
    6   -0.19327554E+02   -0.25194947E-03    0.14176023E-01
    7   -0.19327554E+02   -0.85451067E-07    0.15411567E-01
    8   -0.19327561E+02   -0.71096882E-05    0.98336853E-02
    9   -0.19327562E+02   -0.62616259E-06    0.21303460E-02
   10   -0.19327562E+02   -0.21619943E-07    0.18382479E-02
   11   -0.19327562E+02   -0.59153329E-07    0.25826842E-03
   12   -0.19327562E+02   -0.72497066E-08    0.15856019E-03
   13   -0.19327562E+02   -0.29407268E-08    0.32466534E-04
   14   -0.19327562E+02   -0.32517988E-10    0.17845745E-05
   15   -0.19327562E+02   -0.42632564E-13    0.27671686E-06
>> Charges saved for restart in charges.bin
 
 Total Energy:                     -19.2035076177 H
 Total Mermin free energy:         -19.2035076177 H
