================================================================================
==
==   Density Functional based Tight Binding with a lot of extensions (DFTB+)    
==
==                              Release: 1.2 (p2)
==
==                            (ParserVersion = 4)
==
================================================================================


********************************************************************************
** Parsing and initializing
********************************************************************************

Interpreting input file 'dftb_in.hsd'
--------------------------------------------------------------------------------
WARNING!
-> WriteHSDInput and WriteXMLInput both turned off. You won't eventually be 
 able to obtain the same results with a later version of the code!
Path: dftb_in/ParserOptions
Line: 84-87 (File: dftb_in.hsd)

Reading SK-files:
  /home/andersx/parameters/3ob-3-1/N-N.skf
  /home/andersx/parameters/3ob-3-1/N-C.skf
  /home/andersx/parameters/3ob-3-1/N-O.skf
  /home/andersx/parameters/3ob-3-1/N-H.skf
  /home/andersx/parameters/3ob-3-1/C-N.skf
  /home/andersx/parameters/3ob-3-1/C-C.skf
  /home/andersx/parameters/3ob-3-1/C-O.skf
  /home/andersx/parameters/3ob-3-1/C-H.skf
  /home/andersx/parameters/3ob-3-1/O-N.skf
  /home/andersx/parameters/3ob-3-1/O-C.skf
  /home/andersx/parameters/3ob-3-1/O-O.skf
  /home/andersx/parameters/3ob-3-1/O-H.skf
  /home/andersx/parameters/3ob-3-1/H-N.skf
  /home/andersx/parameters/3ob-3-1/H-C.skf
  /home/andersx/parameters/3ob-3-1/H-O.skf
  /home/andersx/parameters/3ob-3-1/H-H.skf
Done.

Starting initialization...
--------------------------------------------------------------------------------
Mode:                        Static calculation
Self consistent charges:     Yes
SCC-tolerance:                 0.100000E-05
Max. scc iterations:                    100
Ewald alpha parameter:         0.000000E+00
Spin polarisation:           No
Nr. of up electrons:            20.000000
Nr. of down electrons:          20.000000
Periodic boundaries:         No
Diagonalizer:                Divide and Conquer
Mixer:                       Anderson mixer
Mixing parameter:                  0.200000
Maximal SCC-cycles:                     100
Nr. of chrg. vectors to mix:              8
Electronic temperature:        0.100000E-07
Initial charges:             Set automatically (system chrg:   0.000E+00)
Included shells:              N:  s, p
                              C:  s, p
                              O:  s, p
                              H:  s
Full 3rd order correction    Yes
Damped SCC                   Yes
Damped specie(s):            H                                                 
Extra options:
--------------------------------------------------------------------------------
 

********************************************************************************
** Geometry step: 0
********************************************************************************

  iSCC Total electronic   Diff electronic      SCC error    
    1   -0.17722523E+02    0.00000000E+00    0.58232497E+00
    2   -0.17722827E+02   -0.30472243E-03    0.57544444E+00
    3   -0.17731665E+02   -0.88378708E-02    0.96414578E-01
    4   -0.17731576E+02    0.89434038E-04    0.81747680E-01
    5   -0.17731571E+02    0.45823026E-05    0.10290013E+00
    6   -0.17731794E+02   -0.22296886E-03    0.16837684E-01
    7   -0.17731796E+02   -0.14451281E-05    0.23367565E-01
    8   -0.17731803E+02   -0.73770484E-05    0.10229115E-01
    9   -0.17731804E+02   -0.63173843E-06    0.11847143E-02
   10   -0.17731804E+02   -0.75429181E-07    0.10508898E-02
   11   -0.17731804E+02   -0.12146057E-06    0.16582202E-03
   12   -0.17731804E+02   -0.30424161E-08    0.79503506E-04
   13   -0.17731804E+02   -0.96391162E-09    0.10281896E-04
   14   -0.17731804E+02   -0.49595883E-11    0.14355786E-05
   15   -0.17731804E+02   -0.28421709E-13    0.47693438E-06
>> Charges saved for restart in charges.bin
 
 Total Energy:                     -17.6098206706 H
 Total Mermin free energy:         -17.6098206706 H
