================================================================================
==
==   Density Functional based Tight Binding with a lot of extensions (DFTB+)    
==
==                              Release: 1.2 (p2)
==
==                            (ParserVersion = 4)
==
================================================================================


********************************************************************************
** Parsing and initializing
********************************************************************************

Interpreting input file 'dftb_in.hsd'
--------------------------------------------------------------------------------
WARNING!
-> WriteHSDInput and WriteXMLInput both turned off. You won't eventually be 
 able to obtain the same results with a later version of the code!
Path: dftb_in/ParserOptions
Line: 84-87 (File: dftb_in.hsd)

Reading SK-files:
  /home/andersx/parameters/3ob-3-1/N-N.skf
  /home/andersx/parameters/3ob-3-1/N-C.skf
  /home/andersx/parameters/3ob-3-1/N-O.skf
  /home/andersx/parameters/3ob-3-1/N-H.skf
  /home/andersx/parameters/3ob-3-1/C-N.skf
  /home/andersx/parameters/3ob-3-1/C-C.skf
  /home/andersx/parameters/3ob-3-1/C-O.skf
  /home/andersx/parameters/3ob-3-1/C-H.skf
  /home/andersx/parameters/3ob-3-1/O-N.skf
  /home/andersx/parameters/3ob-3-1/O-C.skf
  /home/andersx/parameters/3ob-3-1/O-O.skf
  /home/andersx/parameters/3ob-3-1/O-H.skf
  /home/andersx/parameters/3ob-3-1/H-N.skf
  /home/andersx/parameters/3ob-3-1/H-C.skf
  /home/andersx/parameters/3ob-3-1/H-O.skf
  /home/andersx/parameters/3ob-3-1/H-H.skf
Done.

Starting initialization...
--------------------------------------------------------------------------------
Mode:                        Static calculation
Self consistent charges:     Yes
SCC-tolerance:                 0.100000E-05
Max. scc iterations:                    100
Ewald alpha parameter:         0.000000E+00
Spin polarisation:           No
Nr. of up electrons:            21.000000
Nr. of down electrons:          21.000000
Periodic boundaries:         No
Diagonalizer:                Divide and Conquer
Mixer:                       Anderson mixer
Mixing parameter:                  0.200000
Maximal SCC-cycles:                     100
Nr. of chrg. vectors to mix:              8
Electronic temperature:        0.100000E-07
Initial charges:             Set automatically (system chrg:   0.000E+00)
Included shells:              N:  s, p
                              C:  s, p
                              O:  s, p
                              H:  s
Full 3rd order correction    Yes
Damped SCC                   Yes
Damped specie(s):            H                                                 
Extra options:
--------------------------------------------------------------------------------
 

********************************************************************************
** Geometry step: 0
********************************************************************************

  iSCC Total electronic   Diff electronic      SCC error    
    1   -0.19365486E+02    0.00000000E+00    0.66970771E+00
    2   -0.19365716E+02   -0.23040600E-03    0.66119988E+00
    3   -0.19371533E+02   -0.58162303E-02    0.73053925E-01
    4   -0.19371400E+02    0.13232908E-03    0.60302404E-01
    5   -0.19371659E+02   -0.25902557E-03    0.82517477E-01
    6   -0.19371936E+02   -0.27642279E-03    0.12945517E-01
    7   -0.19371935E+02    0.41237369E-06    0.13632395E-01
    8   -0.19371935E+02    0.11962051E-07    0.13654928E-01
    9   -0.19371942E+02   -0.69488340E-05    0.35946375E-02
   10   -0.19371943E+02   -0.58268904E-06    0.12690713E-02
   11   -0.19371943E+02   -0.62696497E-07    0.36875949E-03
   12   -0.19371943E+02   -0.86812157E-08    0.12641622E-03
   13   -0.19371943E+02   -0.10518413E-08    0.91430893E-05
   14   -0.19371943E+02   -0.69633188E-11    0.30903380E-05
   15   -0.19371943E+02   -0.61106675E-12    0.41375480E-06
>> Charges saved for restart in charges.bin
 
 Total Energy:                     -19.2005083706 H
 Total Mermin free energy:         -19.2005083706 H
