================================================================================
==
==   Density Functional based Tight Binding with a lot of extensions (DFTB+)    
==
==                              Release: 1.2 (p2)
==
==                            (ParserVersion = 4)
==
================================================================================


********************************************************************************
** Parsing and initializing
********************************************************************************

Interpreting input file 'dftb_in.hsd'
--------------------------------------------------------------------------------
WARNING!
-> WriteHSDInput and WriteXMLInput both turned off. You won't eventually be 
 able to obtain the same results with a later version of the code!
Path: dftb_in/ParserOptions
Line: 84-87 (File: dftb_in.hsd)

Reading SK-files:
  /home/andersx/parameters/3ob-3-1/N-N.skf
  /home/andersx/parameters/3ob-3-1/N-C.skf
  /home/andersx/parameters/3ob-3-1/N-O.skf
  /home/andersx/parameters/3ob-3-1/N-H.skf
  /home/andersx/parameters/3ob-3-1/C-N.skf
  /home/andersx/parameters/3ob-3-1/C-C.skf
  /home/andersx/parameters/3ob-3-1/C-O.skf
  /home/andersx/parameters/3ob-3-1/C-H.skf
  /home/andersx/parameters/3ob-3-1/O-N.skf
  /home/andersx/parameters/3ob-3-1/O-C.skf
  /home/andersx/parameters/3ob-3-1/O-O.skf
  /home/andersx/parameters/3ob-3-1/O-H.skf
  /home/andersx/parameters/3ob-3-1/H-N.skf
  /home/andersx/parameters/3ob-3-1/H-C.skf
  /home/andersx/parameters/3ob-3-1/H-O.skf
  /home/andersx/parameters/3ob-3-1/H-H.skf
Done.

Starting initialization...
--------------------------------------------------------------------------------
Mode:                        Static calculation
Self consistent charges:     Yes
SCC-tolerance:                 0.100000E-05
Max. scc iterations:                    100
Ewald alpha parameter:         0.000000E+00
Spin polarisation:           No
Nr. of up electrons:            21.000000
Nr. of down electrons:          21.000000
Periodic boundaries:         No
Diagonalizer:                Divide and Conquer
Mixer:                       Anderson mixer
Mixing parameter:                  0.200000
Maximal SCC-cycles:                     100
Nr. of chrg. vectors to mix:              8
Electronic temperature:        0.100000E-07
Initial charges:             Set automatically (system chrg:   0.000E+00)
Included shells:              N:  s, p
                              C:  s, p
                              O:  s, p
                              H:  s
Full 3rd order correction    Yes
Damped SCC                   Yes
Damped specie(s):            H                                                 
Extra options:
--------------------------------------------------------------------------------
 

********************************************************************************
** Geometry step: 0
********************************************************************************

  iSCC Total electronic   Diff electronic      SCC error    
    1   -0.19349870E+02    0.00000000E+00    0.67938335E+00
    2   -0.19350098E+02   -0.22812475E-03    0.67070009E+00
    3   -0.19356514E+02   -0.64156294E-02    0.59669570E-01
    4   -0.19356463E+02    0.50939862E-04    0.37542032E-01
    5   -0.19356478E+02   -0.15325031E-04    0.77155910E-01
    6   -0.19356624E+02   -0.14579555E-03    0.12760934E-01
    7   -0.19356623E+02    0.15041943E-05    0.99725236E-02
    8   -0.19356625E+02   -0.24237335E-05    0.82922583E-02
    9   -0.19356627E+02   -0.19290224E-05    0.22088634E-02
   10   -0.19356627E+02   -0.19331193E-07    0.20024785E-02
   11   -0.19356627E+02   -0.63000556E-07    0.39201732E-03
   12   -0.19356627E+02   -0.53989915E-08    0.23443399E-03
   13   -0.19356627E+02   -0.24337332E-08    0.34490522E-04
   14   -0.19356627E+02   -0.39559467E-10    0.16541342E-05
   15   -0.19356627E+02   -0.11723955E-12    0.47826663E-06
>> Charges saved for restart in charges.bin
 
 Total Energy:                     -19.2092543145 H
 Total Mermin free energy:         -19.2092543145 H
