================================================================================
==
==   Density Functional based Tight Binding with a lot of extensions (DFTB+)    
==
==                              Release: 1.2 (p2)
==
==                            (ParserVersion = 4)
==
================================================================================


********************************************************************************
** Parsing and initializing
********************************************************************************

Interpreting input file 'dftb_in.hsd'
--------------------------------------------------------------------------------
WARNING!
-> WriteHSDInput and WriteXMLInput both turned off. You won't eventually be 
 able to obtain the same results with a later version of the code!
Path: dftb_in/ParserOptions
Line: 84-87 (File: dftb_in.hsd)

Reading SK-files:
  /home/andersx/parameters/3ob-3-1/N-N.skf
  /home/andersx/parameters/3ob-3-1/N-C.skf
  /home/andersx/parameters/3ob-3-1/N-O.skf
  /home/andersx/parameters/3ob-3-1/N-H.skf
  /home/andersx/parameters/3ob-3-1/C-N.skf
  /home/andersx/parameters/3ob-3-1/C-C.skf
  /home/andersx/parameters/3ob-3-1/C-O.skf
  /home/andersx/parameters/3ob-3-1/C-H.skf
  /home/andersx/parameters/3ob-3-1/O-N.skf
  /home/andersx/parameters/3ob-3-1/O-C.skf
  /home/andersx/parameters/3ob-3-1/O-O.skf
  /home/andersx/parameters/3ob-3-1/O-H.skf
  /home/andersx/parameters/3ob-3-1/H-N.skf
  /home/andersx/parameters/3ob-3-1/H-C.skf
  /home/andersx/parameters/3ob-3-1/H-O.skf
  /home/andersx/parameters/3ob-3-1/H-H.skf
Done.

Starting initialization...
--------------------------------------------------------------------------------
Mode:                        Static calculation
Self consistent charges:     Yes
SCC-tolerance:                 0.100000E-05
Max. scc iterations:                    100
Ewald alpha parameter:         0.000000E+00
Spin polarisation:           No
Nr. of up electrons:            20.000000
Nr. of down electrons:          20.000000
Periodic boundaries:         No
Diagonalizer:                Divide and Conquer
Mixer:                       Anderson mixer
Mixing parameter:                  0.200000
Maximal SCC-cycles:                     100
Nr. of chrg. vectors to mix:              8
Electronic temperature:        0.100000E-07
Initial charges:             Set automatically (system chrg:   0.000E+00)
Included shells:              N:  s, p
                              C:  s, p
                              O:  s, p
                              H:  s
Full 3rd order correction    Yes
Damped SCC                   Yes
Damped specie(s):            H                                                 
Extra options:
--------------------------------------------------------------------------------
 

********************************************************************************
** Geometry step: 0
********************************************************************************

  iSCC Total electronic   Diff electronic      SCC error    
    1   -0.17745406E+02    0.00000000E+00    0.59443837E+00
    2   -0.17745586E+02   -0.18094350E-03    0.58749326E+00
    3   -0.17750310E+02   -0.47232050E-02    0.83311055E-01
    4   -0.17750182E+02    0.12762252E-03    0.10114720E+00
    5   -0.17750693E+02   -0.51109868E-03    0.69267749E-01
    6   -0.17750788E+02   -0.94835372E-04    0.20604734E-01
    7   -0.17750814E+02   -0.26461725E-04    0.58508185E-01
    8   -0.17750817E+02   -0.22997120E-05    0.14032237E-01
    9   -0.17750817E+02   -0.19111801E-06    0.55072950E-02
   10   -0.17750817E+02   -0.15732824E-06    0.39393746E-02
   11   -0.17750817E+02   -0.31458428E-06    0.31405060E-03
   12   -0.17750817E+02   -0.68664541E-08    0.20873439E-03
   13   -0.17750817E+02   -0.36955576E-08    0.37763543E-04
   14   -0.17750817E+02   -0.68887118E-10    0.60221671E-05
   15   -0.17750817E+02   -0.79225515E-12    0.15405826E-05
   16   -0.17750817E+02   -0.56843419E-13    0.23505523E-06
>> Charges saved for restart in charges.bin
 
 Total Energy:                     -17.6197264818 H
 Total Mermin free energy:         -17.6197264818 H
