================================================================================
==
==   Density Functional based Tight Binding with a lot of extensions (DFTB+)    
==
==                              Release: 1.2 (p2)
==
==                            (ParserVersion = 4)
==
================================================================================


********************************************************************************
** Parsing and initializing
********************************************************************************

Interpreting input file 'dftb_in.hsd'
--------------------------------------------------------------------------------
WARNING!
-> WriteHSDInput and WriteXMLInput both turned off. You won't eventually be 
 able to obtain the same results with a later version of the code!
Path: dftb_in/ParserOptions
Line: 83-86 (File: dftb_in.hsd)

Reading SK-files:
  /home/andersx/parameters/3ob-3-1/N-N.skf
  /home/andersx/parameters/3ob-3-1/N-C.skf
  /home/andersx/parameters/3ob-3-1/N-O.skf
  /home/andersx/parameters/3ob-3-1/N-H.skf
  /home/andersx/parameters/3ob-3-1/C-N.skf
  /home/andersx/parameters/3ob-3-1/C-C.skf
  /home/andersx/parameters/3ob-3-1/C-O.skf
  /home/andersx/parameters/3ob-3-1/C-H.skf
  /home/andersx/parameters/3ob-3-1/O-N.skf
  /home/andersx/parameters/3ob-3-1/O-C.skf
  /home/andersx/parameters/3ob-3-1/O-O.skf
  /home/andersx/parameters/3ob-3-1/O-H.skf
  /home/andersx/parameters/3ob-3-1/H-N.skf
  /home/andersx/parameters/3ob-3-1/H-C.skf
  /home/andersx/parameters/3ob-3-1/H-O.skf
  /home/andersx/parameters/3ob-3-1/H-H.skf
Done.

Starting initialization...
--------------------------------------------------------------------------------
Mode:                        Static calculation
Self consistent charges:     Yes
SCC-tolerance:                 0.100000E-05
Max. scc iterations:                    100
Ewald alpha parameter:         0.000000E+00
Spin polarisation:           No
Nr. of up electrons:            20.000000
Nr. of down electrons:          20.000000
Periodic boundaries:         No
Diagonalizer:                Divide and Conquer
Mixer:                       Anderson mixer
Mixing parameter:                  0.200000
Maximal SCC-cycles:                     100
Nr. of chrg. vectors to mix:              8
Electronic temperature:        0.100000E-07
Initial charges:             Set automatically (system chrg:   0.000E+00)
Included shells:              N:  s, p
                              C:  s, p
                              O:  s, p
                              H:  s
Full 3rd order correction    Yes
Damped SCC                   Yes
Damped specie(s):            H                                                 
Extra options:
--------------------------------------------------------------------------------
 

********************************************************************************
** Geometry step: 0
********************************************************************************

  iSCC Total electronic   Diff electronic      SCC error    
    1   -0.18170405E+02    0.00000000E+00    0.88760765E+00
    2   -0.18171017E+02   -0.61167274E-03    0.87397353E+00
    3   -0.18186535E+02   -0.15518258E-01    0.14608451E+00
    4   -0.18186319E+02    0.21560191E-03    0.13731716E+00
    5   -0.18186438E+02   -0.11891219E-03    0.86921641E-01
    6   -0.18187097E+02   -0.65874592E-03    0.22506861E-01
    7   -0.18187078E+02    0.19440578E-04    0.39441992E-01
    8   -0.18187114E+02   -0.36539051E-04    0.18083582E-01
    9   -0.18187119E+02   -0.49148390E-05    0.17908274E-02
   10   -0.18187119E+02   -0.41173362E-07    0.15865398E-02
   11   -0.18187119E+02   -0.10598704E-06    0.24768176E-03
   12   -0.18187119E+02   -0.66557106E-08    0.14939144E-03
   13   -0.18187119E+02   -0.24020679E-08    0.33627309E-04
   14   -0.18187119E+02   -0.40891734E-10    0.14042555E-05
   15   -0.18187119E+02   -0.67501560E-13    0.29424153E-06
>> Charges saved for restart in charges.bin
 
 Total Energy:                     -17.9330049531 H
 Total Mermin free energy:         -17.9330049531 H
