================================================================================
==
==   Density Functional based Tight Binding with a lot of extensions (DFTB+)    
==
==                              Release: 1.2 (p2)
==
==                            (ParserVersion = 4)
==
================================================================================


********************************************************************************
** Parsing and initializing
********************************************************************************

Interpreting input file 'dftb_in.hsd'
--------------------------------------------------------------------------------
WARNING!
-> WriteHSDInput and WriteXMLInput both turned off. You won't eventually be 
 able to obtain the same results with a later version of the code!
Path: dftb_in/ParserOptions
Line: 72-75 (File: dftb_in.hsd)

Reading SK-files:
  /home/andersx/parameters/3ob-3-1/N-N.skf
  /home/andersx/parameters/3ob-3-1/N-C.skf
  /home/andersx/parameters/3ob-3-1/N-H.skf
  /home/andersx/parameters/3ob-3-1/C-N.skf
  /home/andersx/parameters/3ob-3-1/C-C.skf
  /home/andersx/parameters/3ob-3-1/C-H.skf
  /home/andersx/parameters/3ob-3-1/H-N.skf
  /home/andersx/parameters/3ob-3-1/H-C.skf
  /home/andersx/parameters/3ob-3-1/H-H.skf
Done.

Starting initialization...
--------------------------------------------------------------------------------
Mode:                        Static calculation
Self consistent charges:     Yes
SCC-tolerance:                 0.100000E-05
Max. scc iterations:                    100
Ewald alpha parameter:         0.000000E+00
Spin polarisation:           No
Nr. of up electrons:            16.000000
Nr. of down electrons:          16.000000
Periodic boundaries:         No
Diagonalizer:                Divide and Conquer
Mixer:                       Anderson mixer
Mixing parameter:                  0.200000
Maximal SCC-cycles:                     100
Nr. of chrg. vectors to mix:              8
Electronic temperature:        0.100000E-07
Initial charges:             Set automatically (system chrg:   0.000E+00)
Included shells:              N:  s, p
                              C:  s, p
                              H:  s
Full 3rd order correction    Yes
Damped SCC                   Yes
Damped specie(s):            H                                                 
Extra options:
--------------------------------------------------------------------------------
 

********************************************************************************
** Geometry step: 0
********************************************************************************

  iSCC Total electronic   Diff electronic      SCC error    
    1   -0.13740160E+02    0.00000000E+00    0.58415932E+00
    2   -0.13740236E+02   -0.76083094E-04    0.57722208E+00
    3   -0.13742042E+02   -0.18063891E-02    0.62966189E-01
    4   -0.13741968E+02    0.73972361E-04    0.60059639E-01
    5   -0.13742259E+02   -0.29055969E-03    0.49451584E-01
    6   -0.13742346E+02   -0.87325133E-04    0.17506496E-01
    7   -0.13742351E+02   -0.54369000E-05    0.16115990E-01
    8   -0.13742356E+02   -0.44006557E-05    0.58981330E-02
    9   -0.13742356E+02   -0.30957950E-06    0.30251438E-02
   10   -0.13742357E+02   -0.40427391E-06    0.16207007E-02
   11   -0.13742357E+02   -0.42290456E-08    0.47771525E-03
   12   -0.13742357E+02   -0.15718673E-07    0.64768930E-04
   13   -0.13742357E+02   -0.66279426E-10    0.17934881E-04
   14   -0.13742357E+02   -0.61834982E-11    0.21626406E-05
   15   -0.13742357E+02   -0.10658141E-12    0.24234256E-06
>> Charges saved for restart in charges.bin
 
 Total Energy:                     -13.4852510594 H
 Total Mermin free energy:         -13.4852510594 H
