================================================================================
==
==   Density Functional based Tight Binding with a lot of extensions (DFTB+)    
==
==                              Release: 1.2 (p2)
==
==                            (ParserVersion = 4)
==
================================================================================


********************************************************************************
** Parsing and initializing
********************************************************************************

Interpreting input file 'dftb_in.hsd'
--------------------------------------------------------------------------------
WARNING!
-> WriteHSDInput and WriteXMLInput both turned off. You won't eventually be 
 able to obtain the same results with a later version of the code!
Path: dftb_in/ParserOptions
Line: 81-84 (File: dftb_in.hsd)

Reading SK-files:
  /home/andersx/parameters/3ob-3-1/N-N.skf
  /home/andersx/parameters/3ob-3-1/N-C.skf
  /home/andersx/parameters/3ob-3-1/N-O.skf
  /home/andersx/parameters/3ob-3-1/N-H.skf
  /home/andersx/parameters/3ob-3-1/C-N.skf
  /home/andersx/parameters/3ob-3-1/C-C.skf
  /home/andersx/parameters/3ob-3-1/C-O.skf
  /home/andersx/parameters/3ob-3-1/C-H.skf
  /home/andersx/parameters/3ob-3-1/O-N.skf
  /home/andersx/parameters/3ob-3-1/O-C.skf
  /home/andersx/parameters/3ob-3-1/O-O.skf
  /home/andersx/parameters/3ob-3-1/O-H.skf
  /home/andersx/parameters/3ob-3-1/H-N.skf
  /home/andersx/parameters/3ob-3-1/H-C.skf
  /home/andersx/parameters/3ob-3-1/H-O.skf
  /home/andersx/parameters/3ob-3-1/H-H.skf
Done.

Starting initialization...
--------------------------------------------------------------------------------
Mode:                        Static calculation
Self consistent charges:     Yes
SCC-tolerance:                 0.100000E-05
Max. scc iterations:                    100
Ewald alpha parameter:         0.000000E+00
Spin polarisation:           No
Nr. of up electrons:            19.000000
Nr. of down electrons:          19.000000
Periodic boundaries:         No
Diagonalizer:                Divide and Conquer
Mixer:                       Anderson mixer
Mixing parameter:                  0.200000
Maximal SCC-cycles:                     100
Nr. of chrg. vectors to mix:              8
Electronic temperature:        0.100000E-07
Initial charges:             Set automatically (system chrg:   0.000E+00)
Included shells:              N:  s, p
                              C:  s, p
                              O:  s, p
                              H:  s
Full 3rd order correction    Yes
Damped SCC                   Yes
Damped specie(s):            H                                                 
Extra options:
--------------------------------------------------------------------------------
 

********************************************************************************
** Geometry step: 0
********************************************************************************

  iSCC Total electronic   Diff electronic      SCC error    
    1   -0.17495972E+02    0.00000000E+00    0.86084440E+00
    2   -0.17497742E+02   -0.17698896E-02    0.84552774E+00
    3   -0.17535476E+02   -0.37733916E-01    0.25278493E+00
    4   -0.17535767E+02   -0.29128821E-03    0.24871759E+00
    5   -0.17537971E+02   -0.22032991E-02    0.27981380E-01
    6   -0.17537983E+02   -0.12760744E-04    0.27447687E-01
    7   -0.17538007E+02   -0.23115956E-04    0.12404422E-01
    8   -0.17538012E+02   -0.54181650E-05    0.28743326E-02
    9   -0.17538012E+02   -0.25031327E-06    0.26683299E-02
   10   -0.17538013E+02   -0.36173767E-06    0.40102937E-03
   11   -0.17538013E+02   -0.13922101E-07    0.19494934E-03
   12   -0.17538013E+02   -0.34144527E-08    0.13020338E-04
   13   -0.17538013E+02   -0.27494451E-10    0.13686662E-05
   14   -0.17538013E+02   -0.13500312E-12    0.30808576E-06
>> Charges saved for restart in charges.bin
 
 Total Energy:                     -17.1838811480 H
 Total Mermin free energy:         -17.1838811480 H
