================================================================================
==
==   Density Functional based Tight Binding with a lot of extensions (DFTB+)    
==
==                              Release: 1.2 (p2)
==
==                            (ParserVersion = 4)
==
================================================================================


********************************************************************************
** Parsing and initializing
********************************************************************************

Interpreting input file 'dftb_in.hsd'
--------------------------------------------------------------------------------
WARNING!
-> WriteHSDInput and WriteXMLInput both turned off. You won't eventually be 
 able to obtain the same results with a later version of the code!
Path: dftb_in/ParserOptions
Line: 80-83 (File: dftb_in.hsd)

Reading SK-files:
  /home/andersx/parameters/3ob-3-1/N-N.skf
  /home/andersx/parameters/3ob-3-1/N-C.skf
  /home/andersx/parameters/3ob-3-1/N-O.skf
  /home/andersx/parameters/3ob-3-1/N-H.skf
  /home/andersx/parameters/3ob-3-1/C-N.skf
  /home/andersx/parameters/3ob-3-1/C-C.skf
  /home/andersx/parameters/3ob-3-1/C-O.skf
  /home/andersx/parameters/3ob-3-1/C-H.skf
  /home/andersx/parameters/3ob-3-1/O-N.skf
  /home/andersx/parameters/3ob-3-1/O-C.skf
  /home/andersx/parameters/3ob-3-1/O-O.skf
  /home/andersx/parameters/3ob-3-1/O-H.skf
  /home/andersx/parameters/3ob-3-1/H-N.skf
  /home/andersx/parameters/3ob-3-1/H-C.skf
  /home/andersx/parameters/3ob-3-1/H-O.skf
  /home/andersx/parameters/3ob-3-1/H-H.skf
Done.

Starting initialization...
--------------------------------------------------------------------------------
Mode:                        Static calculation
Self consistent charges:     Yes
SCC-tolerance:                 0.100000E-05
Max. scc iterations:                    100
Ewald alpha parameter:         0.000000E+00
Spin polarisation:           No
Nr. of up electrons:            19.000000
Nr. of down electrons:          19.000000
Periodic boundaries:         No
Diagonalizer:                Divide and Conquer
Mixer:                       Anderson mixer
Mixing parameter:                  0.200000
Maximal SCC-cycles:                     100
Nr. of chrg. vectors to mix:              8
Electronic temperature:        0.100000E-07
Initial charges:             Set automatically (system chrg:   0.000E+00)
Included shells:              N:  s, p
                              C:  s, p
                              O:  s, p
                              H:  s
Full 3rd order correction    Yes
Damped SCC                   Yes
Damped specie(s):            H                                                 
Extra options:
--------------------------------------------------------------------------------
 

********************************************************************************
** Geometry step: 0
********************************************************************************

  iSCC Total electronic   Diff electronic      SCC error    
    1   -0.18052408E+02    0.00000000E+00    0.57321751E+00
    2   -0.18052576E+02   -0.16780444E-03    0.56574247E+00
    3   -0.18057484E+02   -0.49082690E-02    0.97672856E-01
    4   -0.18057438E+02    0.46153821E-04    0.86333551E-01
    5   -0.18057697E+02   -0.25826508E-03    0.27733658E-01
    6   -0.18057714E+02   -0.16976996E-04    0.12783476E-01
    7   -0.18057722E+02   -0.81646171E-05    0.18198967E-01
    8   -0.18057726E+02   -0.42689643E-05    0.56183891E-02
    9   -0.18057726E+02   -0.30924585E-06    0.52919653E-02
   10   -0.18057726E+02   -0.11170119E-06    0.23880183E-02
   11   -0.18057726E+02   -0.93777867E-07    0.80201621E-03
   12   -0.18057727E+02   -0.14756426E-06    0.35685774E-03
   13   -0.18057727E+02   -0.13625094E-07    0.12358633E-03
   14   -0.18057727E+02   -0.12958594E-08    0.27471439E-04
   15   -0.18057727E+02   -0.18182789E-10    0.51988351E-05
   16   -0.18057727E+02   -0.56488147E-12    0.15500270E-06
>> Charges saved for restart in charges.bin
 
 Total Energy:                     -17.7024033646 H
 Total Mermin free energy:         -17.7024033646 H
