================================================================================
==
==   Density Functional based Tight Binding with a lot of extensions (DFTB+)    
==
==                              Release: 1.2 (p2)
==
==                            (ParserVersion = 4)
==
================================================================================


********************************************************************************
** Parsing and initializing
********************************************************************************

Interpreting input file 'dftb_in.hsd'
--------------------------------------------------------------------------------
WARNING!
-> WriteHSDInput and WriteXMLInput both turned off. You won't eventually be 
 able to obtain the same results with a later version of the code!
Path: dftb_in/ParserOptions
Line: 82-85 (File: dftb_in.hsd)

Reading SK-files:
  /home/andersx/parameters/3ob-3-1/N-N.skf
  /home/andersx/parameters/3ob-3-1/N-C.skf
  /home/andersx/parameters/3ob-3-1/N-O.skf
  /home/andersx/parameters/3ob-3-1/N-H.skf
  /home/andersx/parameters/3ob-3-1/C-N.skf
  /home/andersx/parameters/3ob-3-1/C-C.skf
  /home/andersx/parameters/3ob-3-1/C-O.skf
  /home/andersx/parameters/3ob-3-1/C-H.skf
  /home/andersx/parameters/3ob-3-1/O-N.skf
  /home/andersx/parameters/3ob-3-1/O-C.skf
  /home/andersx/parameters/3ob-3-1/O-O.skf
  /home/andersx/parameters/3ob-3-1/O-H.skf
  /home/andersx/parameters/3ob-3-1/H-N.skf
  /home/andersx/parameters/3ob-3-1/H-C.skf
  /home/andersx/parameters/3ob-3-1/H-O.skf
  /home/andersx/parameters/3ob-3-1/H-H.skf
Done.

Starting initialization...
--------------------------------------------------------------------------------
Mode:                        Static calculation
Self consistent charges:     Yes
SCC-tolerance:                 0.100000E-05
Max. scc iterations:                    100
Ewald alpha parameter:         0.000000E+00
Spin polarisation:           No
Nr. of up electrons:            19.000000
Nr. of down electrons:          19.000000
Periodic boundaries:         No
Diagonalizer:                Divide and Conquer
Mixer:                       Anderson mixer
Mixing parameter:                  0.200000
Maximal SCC-cycles:                     100
Nr. of chrg. vectors to mix:              8
Electronic temperature:        0.100000E-07
Initial charges:             Set automatically (system chrg:   0.000E+00)
Included shells:              N:  s, p
                              C:  s, p
                              O:  s, p
                              H:  s
Full 3rd order correction    Yes
Damped SCC                   Yes
Damped specie(s):            H                                                 
Extra options:
--------------------------------------------------------------------------------
 

********************************************************************************
** Geometry step: 0
********************************************************************************

  iSCC Total electronic   Diff electronic      SCC error    
    1   -0.17089483E+02    0.00000000E+00    0.58796727E+00
    2   -0.17089611E+02   -0.12835543E-03    0.58095226E+00
    3   -0.17093219E+02   -0.36077731E-02    0.82814447E-01
    4   -0.17093136E+02    0.82666866E-04    0.67108684E-01
    5   -0.17093276E+02   -0.13953732E-03    0.66683781E-01
    6   -0.17093390E+02   -0.11380338E-03    0.17548842E-01
    7   -0.17093403E+02   -0.12692530E-04    0.21592869E-01
    8   -0.17093417E+02   -0.14257764E-04    0.90681997E-02
    9   -0.17093417E+02    0.13352326E-06    0.43006661E-02
   10   -0.17093417E+02   -0.31587795E-06    0.26828997E-02
   11   -0.17093417E+02   -0.18429931E-06    0.64366859E-03
   12   -0.17093417E+02   -0.11757869E-07    0.24139720E-03
   13   -0.17093417E+02   -0.99881348E-09    0.30622858E-04
   14   -0.17093417E+02   -0.14820145E-09    0.26395045E-05
   15   -0.17093417E+02   -0.15276669E-12    0.67447294E-06
>> Charges saved for restart in charges.bin
 
 Total Energy:                     -16.8645269140 H
 Total Mermin free energy:         -16.8645269140 H
