================================================================================
==
==   Density Functional based Tight Binding with a lot of extensions (DFTB+)    
==
==                              Release: 1.2 (p2)
==
==                            (ParserVersion = 4)
==
================================================================================


********************************************************************************
** Parsing and initializing
********************************************************************************

Interpreting input file 'dftb_in.hsd'
--------------------------------------------------------------------------------
WARNING!
-> WriteHSDInput and WriteXMLInput both turned off. You won't eventually be 
 able to obtain the same results with a later version of the code!
Path: dftb_in/ParserOptions
Line: 81-84 (File: dftb_in.hsd)

Reading SK-files:
  /home/andersx/parameters/3ob-3-1/N-N.skf
  /home/andersx/parameters/3ob-3-1/N-C.skf
  /home/andersx/parameters/3ob-3-1/N-O.skf
  /home/andersx/parameters/3ob-3-1/N-H.skf
  /home/andersx/parameters/3ob-3-1/C-N.skf
  /home/andersx/parameters/3ob-3-1/C-C.skf
  /home/andersx/parameters/3ob-3-1/C-O.skf
  /home/andersx/parameters/3ob-3-1/C-H.skf
  /home/andersx/parameters/3ob-3-1/O-N.skf
  /home/andersx/parameters/3ob-3-1/O-C.skf
  /home/andersx/parameters/3ob-3-1/O-O.skf
  /home/andersx/parameters/3ob-3-1/O-H.skf
  /home/andersx/parameters/3ob-3-1/H-N.skf
  /home/andersx/parameters/3ob-3-1/H-C.skf
  /home/andersx/parameters/3ob-3-1/H-O.skf
  /home/andersx/parameters/3ob-3-1/H-H.skf
Done.

Starting initialization...
--------------------------------------------------------------------------------
Mode:                        Static calculation
Self consistent charges:     Yes
SCC-tolerance:                 0.100000E-05
Max. scc iterations:                    100
Ewald alpha parameter:         0.000000E+00
Spin polarisation:           No
Nr. of up electrons:            19.000000
Nr. of down electrons:          19.000000
Periodic boundaries:         No
Diagonalizer:                Divide and Conquer
Mixer:                       Anderson mixer
Mixing parameter:                  0.200000
Maximal SCC-cycles:                     100
Nr. of chrg. vectors to mix:              8
Electronic temperature:        0.100000E-07
Initial charges:             Set automatically (system chrg:   0.000E+00)
Included shells:              N:  s, p
                              C:  s, p
                              O:  s, p
                              H:  s
Full 3rd order correction    Yes
Damped SCC                   Yes
Damped specie(s):            H                                                 
Extra options:
--------------------------------------------------------------------------------
 

********************************************************************************
** Geometry step: 0
********************************************************************************

  iSCC Total electronic   Diff electronic      SCC error    
    1   -0.17460262E+02    0.00000000E+00    0.58340440E+00
    2   -0.17460606E+02   -0.34459040E-03    0.57648207E+00
    3   -0.17467749E+02   -0.71427244E-02    0.13159248E+00
    4   -0.17467619E+02    0.12974609E-03    0.12079527E+00
    5   -0.17468992E+02   -0.13728953E-02    0.32556887E-01
    6   -0.17469004E+02   -0.11804521E-04    0.21580032E-01
    7   -0.17469033E+02   -0.29068223E-04    0.28420166E-01
    8   -0.17469036E+02   -0.27911215E-05    0.58282828E-02
    9   -0.17469036E+02   -0.34767923E-06    0.61036001E-02
   10   -0.17469037E+02   -0.58076940E-06    0.42232802E-02
   11   -0.17469037E+02   -0.19547333E-07    0.14221036E-02
   12   -0.17469037E+02   -0.93739125E-07    0.30586526E-03
   13   -0.17469037E+02   -0.11108330E-07    0.15499959E-03
   14   -0.17469037E+02   -0.22148434E-08    0.15806446E-04
   15   -0.17469037E+02   -0.16001422E-10    0.50560652E-05
   16   -0.17469037E+02   -0.79225515E-12    0.92224759E-06
>> Charges saved for restart in charges.bin
 
 Total Energy:                     -17.1277085982 H
 Total Mermin free energy:         -17.1277085982 H
