================================================================================
==
==   Density Functional based Tight Binding with a lot of extensions (DFTB+)    
==
==                              Release: 1.2 (p2)
==
==                            (ParserVersion = 4)
==
================================================================================


********************************************************************************
** Parsing and initializing
********************************************************************************

Interpreting input file 'dftb_in.hsd'
--------------------------------------------------------------------------------
WARNING!
-> WriteHSDInput and WriteXMLInput both turned off. You won't eventually be 
 able to obtain the same results with a later version of the code!
Path: dftb_in/ParserOptions
Line: 67-70 (File: dftb_in.hsd)

Reading SK-files:
  /home/andersx/parameters/3ob-3-1/C-C.skf
  /home/andersx/parameters/3ob-3-1/C-H.skf
  /home/andersx/parameters/3ob-3-1/H-C.skf
  /home/andersx/parameters/3ob-3-1/H-H.skf
Done.

Starting initialization...
--------------------------------------------------------------------------------
Mode:                        Static calculation
Self consistent charges:     Yes
SCC-tolerance:                 0.100000E-05
Max. scc iterations:                    100
Ewald alpha parameter:         0.000000E+00
Spin polarisation:           No
Nr. of up electrons:            15.000000
Nr. of down electrons:          15.000000
Periodic boundaries:         No
Diagonalizer:                Divide and Conquer
Mixer:                       Anderson mixer
Mixing parameter:                  0.200000
Maximal SCC-cycles:                     100
Nr. of chrg. vectors to mix:              8
Electronic temperature:        0.100000E-07
Initial charges:             Set automatically (system chrg:   0.000E+00)
Included shells:              C:  s, p
                              H:  s
Full 3rd order correction    Yes
Damped SCC                   Yes
Damped specie(s):            H                                                 
Extra options:
--------------------------------------------------------------------------------
 

********************************************************************************
** Geometry step: 0
********************************************************************************

  iSCC Total electronic   Diff electronic      SCC error    
    1   -0.12183273E+02    0.00000000E+00    0.24382003E+00
    2   -0.12183292E+02   -0.19496467E-04    0.24123236E+00
    3   -0.12183860E+02   -0.56751997E-03    0.36525976E-01
    4   -0.12183849E+02    0.10908957E-04    0.40265711E-01
    5   -0.12183829E+02    0.19624393E-04    0.62062281E-01
    6   -0.12183876E+02   -0.46914382E-04    0.78426139E-02
    7   -0.12183876E+02   -0.47254945E-07    0.26501967E-02
    8   -0.12183876E+02   -0.14697807E-06    0.21809783E-02
    9   -0.12183877E+02   -0.23538146E-06    0.82219318E-03
   10   -0.12183877E+02   -0.61825851E-08    0.28442454E-03
   11   -0.12183877E+02   -0.76916802E-08    0.24329153E-04
   12   -0.12183877E+02   -0.94058095E-11    0.14784428E-04
   13   -0.12183877E+02   -0.75850437E-12    0.38384584E-06
>> Charges saved for restart in charges.bin
 
 Total Energy:                     -12.3102104566 H
 Total Mermin free energy:         -12.3102104566 H
