================================================================================
==
==   Density Functional based Tight Binding with a lot of extensions (DFTB+)    
==
==                              Release: 1.2 (p2)
==
==                            (ParserVersion = 4)
==
================================================================================


********************************************************************************
** Parsing and initializing
********************************************************************************

Interpreting input file 'dftb_in.hsd'
--------------------------------------------------------------------------------
WARNING!
-> WriteHSDInput and WriteXMLInput both turned off. You won't eventually be 
 able to obtain the same results with a later version of the code!
Path: dftb_in/ParserOptions
Line: 84-87 (File: dftb_in.hsd)

Reading SK-files:
  /home/andersx/parameters/3ob-3-1/N-N.skf
  /home/andersx/parameters/3ob-3-1/N-C.skf
  /home/andersx/parameters/3ob-3-1/N-O.skf
  /home/andersx/parameters/3ob-3-1/N-H.skf
  /home/andersx/parameters/3ob-3-1/C-N.skf
  /home/andersx/parameters/3ob-3-1/C-C.skf
  /home/andersx/parameters/3ob-3-1/C-O.skf
  /home/andersx/parameters/3ob-3-1/C-H.skf
  /home/andersx/parameters/3ob-3-1/O-N.skf
  /home/andersx/parameters/3ob-3-1/O-C.skf
  /home/andersx/parameters/3ob-3-1/O-O.skf
  /home/andersx/parameters/3ob-3-1/O-H.skf
  /home/andersx/parameters/3ob-3-1/H-N.skf
  /home/andersx/parameters/3ob-3-1/H-C.skf
  /home/andersx/parameters/3ob-3-1/H-O.skf
  /home/andersx/parameters/3ob-3-1/H-H.skf
Done.

Starting initialization...
--------------------------------------------------------------------------------
Mode:                        Static calculation
Self consistent charges:     Yes
SCC-tolerance:                 0.100000E-05
Max. scc iterations:                    100
Ewald alpha parameter:         0.000000E+00
Spin polarisation:           No
Nr. of up electrons:            20.000000
Nr. of down electrons:          20.000000
Periodic boundaries:         No
Diagonalizer:                Divide and Conquer
Mixer:                       Anderson mixer
Mixing parameter:                  0.200000
Maximal SCC-cycles:                     100
Nr. of chrg. vectors to mix:              8
Electronic temperature:        0.100000E-07
Initial charges:             Set automatically (system chrg:   0.000E+00)
Included shells:              N:  s, p
                              C:  s, p
                              O:  s, p
                              H:  s
Full 3rd order correction    Yes
Damped SCC                   Yes
Damped specie(s):            H                                                 
Extra options:
--------------------------------------------------------------------------------
 

********************************************************************************
** Geometry step: 0
********************************************************************************

  iSCC Total electronic   Diff electronic      SCC error    
    1   -0.17731419E+02    0.00000000E+00    0.58911307E+00
    2   -0.17731679E+02   -0.26007671E-03    0.58185442E+00
    3   -0.17738899E+02   -0.72195083E-02    0.80384240E-01
    4   -0.17738786E+02    0.11270010E-03    0.92661408E-01
    5   -0.17739069E+02   -0.28264033E-03    0.68949585E-01
    6   -0.17739196E+02   -0.12719794E-03    0.18348149E-01
    7   -0.17739220E+02   -0.24190662E-04    0.45325286E-01
    8   -0.17739232E+02   -0.12317594E-04    0.10361061E-01
    9   -0.17739233E+02   -0.13876506E-06    0.53005783E-02
   10   -0.17739233E+02   -0.64962880E-07    0.43443571E-02
   11   -0.17739233E+02   -0.18068766E-06    0.38974310E-03
   12   -0.17739233E+02   -0.16692191E-07    0.24347759E-03
   13   -0.17739233E+02   -0.63913426E-08    0.55803434E-04
   14   -0.17739233E+02   -0.22503954E-09    0.61742655E-05
   15   -0.17739233E+02   -0.31796787E-11    0.12746077E-05
   16   -0.17739233E+02   -0.56843419E-13    0.39028757E-06
>> Charges saved for restart in charges.bin
 
 Total Energy:                     -17.6130779476 H
 Total Mermin free energy:         -17.6130779476 H
