================================================================================
==
==   Density Functional based Tight Binding with a lot of extensions (DFTB+)    
==
==                              Release: 1.2 (p2)
==
==                            (ParserVersion = 4)
==
================================================================================


********************************************************************************
** Parsing and initializing
********************************************************************************

Interpreting input file 'dftb_in.hsd'
--------------------------------------------------------------------------------
WARNING!
-> WriteHSDInput and WriteXMLInput both turned off. You won't eventually be 
 able to obtain the same results with a later version of the code!
Path: dftb_in/ParserOptions
Line: 85-88 (File: dftb_in.hsd)

Reading SK-files:
  /home/andersx/parameters/3ob-3-1/N-N.skf
  /home/andersx/parameters/3ob-3-1/N-C.skf
  /home/andersx/parameters/3ob-3-1/N-O.skf
  /home/andersx/parameters/3ob-3-1/N-H.skf
  /home/andersx/parameters/3ob-3-1/C-N.skf
  /home/andersx/parameters/3ob-3-1/C-C.skf
  /home/andersx/parameters/3ob-3-1/C-O.skf
  /home/andersx/parameters/3ob-3-1/C-H.skf
  /home/andersx/parameters/3ob-3-1/O-N.skf
  /home/andersx/parameters/3ob-3-1/O-C.skf
  /home/andersx/parameters/3ob-3-1/O-O.skf
  /home/andersx/parameters/3ob-3-1/O-H.skf
  /home/andersx/parameters/3ob-3-1/H-N.skf
  /home/andersx/parameters/3ob-3-1/H-C.skf
  /home/andersx/parameters/3ob-3-1/H-O.skf
  /home/andersx/parameters/3ob-3-1/H-H.skf
Done.

Starting initialization...
--------------------------------------------------------------------------------
Mode:                        Static calculation
Self consistent charges:     Yes
SCC-tolerance:                 0.100000E-05
Max. scc iterations:                    100
Ewald alpha parameter:         0.000000E+00
Spin polarisation:           No
Nr. of up electrons:            21.000000
Nr. of down electrons:          21.000000
Periodic boundaries:         No
Diagonalizer:                Divide and Conquer
Mixer:                       Anderson mixer
Mixing parameter:                  0.200000
Maximal SCC-cycles:                     100
Nr. of chrg. vectors to mix:              8
Electronic temperature:        0.100000E-07
Initial charges:             Set automatically (system chrg:   0.000E+00)
Included shells:              N:  s, p
                              C:  s, p
                              O:  s, p
                              H:  s
Full 3rd order correction    Yes
Damped SCC                   Yes
Damped specie(s):            H                                                 
Extra options:
--------------------------------------------------------------------------------
 

********************************************************************************
** Geometry step: 0
********************************************************************************

  iSCC Total electronic   Diff electronic      SCC error    
    1   -0.18838615E+02    0.00000000E+00    0.68308968E+00
    2   -0.18838895E+02   -0.28009315E-03    0.67413404E+00
    3   -0.18845764E+02   -0.68693356E-02    0.73108257E-01
    4   -0.18845577E+02    0.18729424E-03    0.44240177E-01
    5   -0.18845659E+02   -0.81970949E-04    0.94564580E-01
    6   -0.18846173E+02   -0.51361992E-03    0.22189838E-01
    7   -0.18846181E+02   -0.79662529E-05    0.15940566E-01
    8   -0.18846182E+02   -0.15613567E-05    0.14331420E-01
    9   -0.18846184E+02   -0.23753906E-05    0.53743247E-02
   10   -0.18846185E+02   -0.13133192E-06    0.48639197E-02
   11   -0.18846185E+02   -0.52890744E-06    0.13449097E-02
   12   -0.18846185E+02   -0.47709108E-08    0.11232242E-02
   13   -0.18846185E+02   -0.17317266E-07    0.44871286E-04
   14   -0.18846185E+02   -0.25329783E-09    0.15266226E-04
   15   -0.18846185E+02   -0.11933565E-10    0.36772966E-05
   16   -0.18846185E+02   -0.41211479E-12    0.29406301E-06
>> Charges saved for restart in charges.bin
 
 Total Energy:                     -18.6527806049 H
 Total Mermin free energy:         -18.6527806049 H
