================================================================================
==
==   Density Functional based Tight Binding with a lot of extensions (DFTB+)    
==
==                              Release: 1.2 (p2)
==
==                            (ParserVersion = 4)
==
================================================================================


********************************************************************************
** Parsing and initializing
********************************************************************************

Interpreting input file 'dftb_in.hsd'
--------------------------------------------------------------------------------
WARNING!
-> WriteHSDInput and WriteXMLInput both turned off. You won't eventually be 
 able to obtain the same results with a later version of the code!
Path: dftb_in/ParserOptions
Line: 85-88 (File: dftb_in.hsd)

Reading SK-files:
  /home/andersx/parameters/3ob-3-1/N-N.skf
  /home/andersx/parameters/3ob-3-1/N-C.skf
  /home/andersx/parameters/3ob-3-1/N-O.skf
  /home/andersx/parameters/3ob-3-1/N-H.skf
  /home/andersx/parameters/3ob-3-1/C-N.skf
  /home/andersx/parameters/3ob-3-1/C-C.skf
  /home/andersx/parameters/3ob-3-1/C-O.skf
  /home/andersx/parameters/3ob-3-1/C-H.skf
  /home/andersx/parameters/3ob-3-1/O-N.skf
  /home/andersx/parameters/3ob-3-1/O-C.skf
  /home/andersx/parameters/3ob-3-1/O-O.skf
  /home/andersx/parameters/3ob-3-1/O-H.skf
  /home/andersx/parameters/3ob-3-1/H-N.skf
  /home/andersx/parameters/3ob-3-1/H-C.skf
  /home/andersx/parameters/3ob-3-1/H-O.skf
  /home/andersx/parameters/3ob-3-1/H-H.skf
Done.

Starting initialization...
--------------------------------------------------------------------------------
Mode:                        Static calculation
Self consistent charges:     Yes
SCC-tolerance:                 0.100000E-05
Max. scc iterations:                    100
Ewald alpha parameter:         0.000000E+00
Spin polarisation:           No
Nr. of up electrons:            21.000000
Nr. of down electrons:          21.000000
Periodic boundaries:         No
Diagonalizer:                Divide and Conquer
Mixer:                       Anderson mixer
Mixing parameter:                  0.200000
Maximal SCC-cycles:                     100
Nr. of chrg. vectors to mix:              8
Electronic temperature:        0.100000E-07
Initial charges:             Set automatically (system chrg:   0.000E+00)
Included shells:              N:  s, p
                              C:  s, p
                              O:  s, p
                              H:  s
Full 3rd order correction    Yes
Damped SCC                   Yes
Damped specie(s):            H                                                 
Extra options:
--------------------------------------------------------------------------------
 

********************************************************************************
** Geometry step: 0
********************************************************************************

  iSCC Total electronic   Diff electronic      SCC error    
    1   -0.18816239E+02    0.00000000E+00    0.62393602E+00
    2   -0.18816702E+02   -0.46303233E-03    0.61396169E+00
    3   -0.18829228E+02   -0.12525897E-01    0.10347744E+00
    4   -0.18829010E+02    0.21727133E-03    0.11799103E+00
    5   -0.18829240E+02   -0.22965789E-03    0.12716208E+00
    6   -0.18829658E+02   -0.41793005E-03    0.19542932E-01
    7   -0.18829659E+02   -0.64606445E-06    0.27055891E-01
    8   -0.18829669E+02   -0.10515499E-04    0.13518431E-01
    9   -0.18829670E+02   -0.12613569E-05    0.20177169E-02
   10   -0.18829670E+02   -0.41660115E-07    0.15901749E-02
   11   -0.18829671E+02   -0.87931813E-07    0.41958183E-03
   12   -0.18829671E+02   -0.32247875E-08    0.24767603E-03
   13   -0.18829671E+02   -0.18270399E-08    0.12382706E-04
   14   -0.18829671E+02   -0.90452090E-11    0.24389434E-05
   15   -0.18829671E+02   -0.18118840E-12    0.52332733E-06
>> Charges saved for restart in charges.bin
 
 Total Energy:                     -18.6659264134 H
 Total Mermin free energy:         -18.6659264134 H
