================================================================================
==
==   Density Functional based Tight Binding with a lot of extensions (DFTB+)    
==
==                              Release: 1.2 (p2)
==
==                            (ParserVersion = 4)
==
================================================================================


********************************************************************************
** Parsing and initializing
********************************************************************************

Interpreting input file 'dftb_in.hsd'
--------------------------------------------------------------------------------
WARNING!
-> WriteHSDInput and WriteXMLInput both turned off. You won't eventually be 
 able to obtain the same results with a later version of the code!
Path: dftb_in/ParserOptions
Line: 85-88 (File: dftb_in.hsd)

Reading SK-files:
  /home/andersx/parameters/3ob-3-1/N-N.skf
  /home/andersx/parameters/3ob-3-1/N-C.skf
  /home/andersx/parameters/3ob-3-1/N-O.skf
  /home/andersx/parameters/3ob-3-1/N-H.skf
  /home/andersx/parameters/3ob-3-1/C-N.skf
  /home/andersx/parameters/3ob-3-1/C-C.skf
  /home/andersx/parameters/3ob-3-1/C-O.skf
  /home/andersx/parameters/3ob-3-1/C-H.skf
  /home/andersx/parameters/3ob-3-1/O-N.skf
  /home/andersx/parameters/3ob-3-1/O-C.skf
  /home/andersx/parameters/3ob-3-1/O-O.skf
  /home/andersx/parameters/3ob-3-1/O-H.skf
  /home/andersx/parameters/3ob-3-1/H-N.skf
  /home/andersx/parameters/3ob-3-1/H-C.skf
  /home/andersx/parameters/3ob-3-1/H-O.skf
  /home/andersx/parameters/3ob-3-1/H-H.skf
Done.

Starting initialization...
--------------------------------------------------------------------------------
Mode:                        Static calculation
Self consistent charges:     Yes
SCC-tolerance:                 0.100000E-05
Max. scc iterations:                    100
Ewald alpha parameter:         0.000000E+00
Spin polarisation:           No
Nr. of up electrons:            21.000000
Nr. of down electrons:          21.000000
Periodic boundaries:         No
Diagonalizer:                Divide and Conquer
Mixer:                       Anderson mixer
Mixing parameter:                  0.200000
Maximal SCC-cycles:                     100
Nr. of chrg. vectors to mix:              8
Electronic temperature:        0.100000E-07
Initial charges:             Set automatically (system chrg:   0.000E+00)
Included shells:              N:  s, p
                              C:  s, p
                              O:  s, p
                              H:  s
Full 3rd order correction    Yes
Damped SCC                   Yes
Damped specie(s):            H                                                 
Extra options:
--------------------------------------------------------------------------------
 

********************************************************************************
** Geometry step: 0
********************************************************************************

  iSCC Total electronic   Diff electronic      SCC error    
    1   -0.18874757E+02    0.00000000E+00    0.67597892E+00
    2   -0.18874897E+02   -0.13966245E-03    0.66730267E+00
    3   -0.18878692E+02   -0.37953486E-02    0.51554085E-01
    4   -0.18878646E+02    0.46523750E-04    0.33574691E-01
    5   -0.18878667E+02   -0.21372391E-04    0.78540767E-01
    6   -0.18878799E+02   -0.13219948E-03    0.14725163E-01
    7   -0.18878800E+02   -0.29310779E-06    0.66845369E-02
    8   -0.18878801E+02   -0.87580658E-06    0.31675275E-02
    9   -0.18878801E+02   -0.38304651E-06    0.15239389E-02
   10   -0.18878801E+02   -0.28266292E-07    0.10255067E-02
   11   -0.18878801E+02   -0.18131427E-07    0.28405612E-03
   12   -0.18878801E+02   -0.39196522E-08    0.73205480E-04
   13   -0.18878801E+02   -0.15238300E-09    0.15134898E-04
   14   -0.18878801E+02   -0.18179236E-10    0.15189158E-05
   15   -0.18878801E+02   -0.88817842E-13    0.20916925E-06
>> Charges saved for restart in charges.bin
 
 Total Energy:                     -18.6628959332 H
 Total Mermin free energy:         -18.6628959332 H
