================================================================================
==
==   Density Functional based Tight Binding with a lot of extensions (DFTB+)    
==
==                              Release: 1.2 (p2)
==
==                            (ParserVersion = 4)
==
================================================================================


********************************************************************************
** Parsing and initializing
********************************************************************************

Interpreting input file 'dftb_in.hsd'
--------------------------------------------------------------------------------
WARNING!
-> WriteHSDInput and WriteXMLInput both turned off. You won't eventually be 
 able to obtain the same results with a later version of the code!
Path: dftb_in/ParserOptions
Line: 84-87 (File: dftb_in.hsd)

Reading SK-files:
  /home/andersx/parameters/3ob-3-1/N-N.skf
  /home/andersx/parameters/3ob-3-1/N-C.skf
  /home/andersx/parameters/3ob-3-1/N-O.skf
  /home/andersx/parameters/3ob-3-1/N-H.skf
  /home/andersx/parameters/3ob-3-1/C-N.skf
  /home/andersx/parameters/3ob-3-1/C-C.skf
  /home/andersx/parameters/3ob-3-1/C-O.skf
  /home/andersx/parameters/3ob-3-1/C-H.skf
  /home/andersx/parameters/3ob-3-1/O-N.skf
  /home/andersx/parameters/3ob-3-1/O-C.skf
  /home/andersx/parameters/3ob-3-1/O-O.skf
  /home/andersx/parameters/3ob-3-1/O-H.skf
  /home/andersx/parameters/3ob-3-1/H-N.skf
  /home/andersx/parameters/3ob-3-1/H-C.skf
  /home/andersx/parameters/3ob-3-1/H-O.skf
  /home/andersx/parameters/3ob-3-1/H-H.skf
Done.

Starting initialization...
--------------------------------------------------------------------------------
Mode:                        Static calculation
Self consistent charges:     Yes
SCC-tolerance:                 0.100000E-05
Max. scc iterations:                    100
Ewald alpha parameter:         0.000000E+00
Spin polarisation:           No
Nr. of up electrons:            21.000000
Nr. of down electrons:          21.000000
Periodic boundaries:         No
Diagonalizer:                Divide and Conquer
Mixer:                       Anderson mixer
Mixing parameter:                  0.200000
Maximal SCC-cycles:                     100
Nr. of chrg. vectors to mix:              8
Electronic temperature:        0.100000E-07
Initial charges:             Set automatically (system chrg:   0.000E+00)
Included shells:              N:  s, p
                              C:  s, p
                              O:  s, p
                              H:  s
Full 3rd order correction    Yes
Damped SCC                   Yes
Damped specie(s):            H                                                 
Extra options:
--------------------------------------------------------------------------------
 

********************************************************************************
** Geometry step: 0
********************************************************************************

  iSCC Total electronic   Diff electronic      SCC error    
    1   -0.19368544E+02    0.00000000E+00    0.67337820E+00
    2   -0.19368742E+02   -0.19774567E-03    0.66479415E+00
    3   -0.19373761E+02   -0.50189671E-02    0.74060458E-01
    4   -0.19373659E+02    0.10224121E-03    0.60869453E-01
    5   -0.19373812E+02   -0.15297412E-03    0.78670286E-01
    6   -0.19374055E+02   -0.24359490E-03    0.83849348E-02
    7   -0.19374056E+02   -0.12480302E-06    0.45904316E-02
    8   -0.19374058E+02   -0.21325953E-05    0.24906335E-02
    9   -0.19374058E+02   -0.73006273E-06    0.68593994E-03
   10   -0.19374058E+02   -0.34655791E-07    0.33351634E-03
   11   -0.19374058E+02   -0.78822460E-08    0.11360135E-03
   12   -0.19374058E+02   -0.16966339E-09    0.88899856E-05
   13   -0.19374058E+02   -0.50839333E-11    0.23452029E-05
   14   -0.19374058E+02   -0.18829382E-12    0.39716854E-06
>> Charges saved for restart in charges.bin
 
 Total Energy:                     -19.2017911771 H
 Total Mermin free energy:         -19.2017911771 H
