================================================================================
==
==   Density Functional based Tight Binding with a lot of extensions (DFTB+)    
==
==                              Release: 1.2 (p2)
==
==                            (ParserVersion = 4)
==
================================================================================


********************************************************************************
** Parsing and initializing
********************************************************************************

Interpreting input file 'dftb_in.hsd'
--------------------------------------------------------------------------------
WARNING!
-> WriteHSDInput and WriteXMLInput both turned off. You won't eventually be 
 able to obtain the same results with a later version of the code!
Path: dftb_in/ParserOptions
Line: 84-87 (File: dftb_in.hsd)

Reading SK-files:
  /home/andersx/parameters/3ob-3-1/N-N.skf
  /home/andersx/parameters/3ob-3-1/N-C.skf
  /home/andersx/parameters/3ob-3-1/N-O.skf
  /home/andersx/parameters/3ob-3-1/N-H.skf
  /home/andersx/parameters/3ob-3-1/C-N.skf
  /home/andersx/parameters/3ob-3-1/C-C.skf
  /home/andersx/parameters/3ob-3-1/C-O.skf
  /home/andersx/parameters/3ob-3-1/C-H.skf
  /home/andersx/parameters/3ob-3-1/O-N.skf
  /home/andersx/parameters/3ob-3-1/O-C.skf
  /home/andersx/parameters/3ob-3-1/O-O.skf
  /home/andersx/parameters/3ob-3-1/O-H.skf
  /home/andersx/parameters/3ob-3-1/H-N.skf
  /home/andersx/parameters/3ob-3-1/H-C.skf
  /home/andersx/parameters/3ob-3-1/H-O.skf
  /home/andersx/parameters/3ob-3-1/H-H.skf
Done.

Starting initialization...
--------------------------------------------------------------------------------
Mode:                        Static calculation
Self consistent charges:     Yes
SCC-tolerance:                 0.100000E-05
Max. scc iterations:                    100
Ewald alpha parameter:         0.000000E+00
Spin polarisation:           No
Nr. of up electrons:            20.000000
Nr. of down electrons:          20.000000
Periodic boundaries:         No
Diagonalizer:                Divide and Conquer
Mixer:                       Anderson mixer
Mixing parameter:                  0.200000
Maximal SCC-cycles:                     100
Nr. of chrg. vectors to mix:              8
Electronic temperature:        0.100000E-07
Initial charges:             Set automatically (system chrg:   0.000E+00)
Included shells:              N:  s, p
                              C:  s, p
                              O:  s, p
                              H:  s
Full 3rd order correction    Yes
Damped SCC                   Yes
Damped specie(s):            H                                                 
Extra options:
--------------------------------------------------------------------------------
 

********************************************************************************
** Geometry step: 0
********************************************************************************

  iSCC Total electronic   Diff electronic      SCC error    
    1   -0.17723978E+02    0.00000000E+00    0.60037288E+00
    2   -0.17724286E+02   -0.30852250E-03    0.59136181E+00
    3   -0.17732772E+02   -0.84863334E-02    0.95707169E-01
    4   -0.17732626E+02    0.14644384E-03    0.84869579E-01
    5   -0.17732773E+02   -0.14668678E-03    0.12015346E+00
    6   -0.17733066E+02   -0.29324904E-03    0.15725149E-01
    7   -0.17733063E+02    0.24484351E-05    0.28938537E-01
    8   -0.17733080E+02   -0.16453544E-04    0.11837236E-01
    9   -0.17733081E+02   -0.11942469E-05    0.41130284E-02
   10   -0.17733081E+02   -0.22281421E-06    0.34094503E-02
   11   -0.17733082E+02   -0.36697828E-06    0.83096923E-03
   12   -0.17733082E+02   -0.75763431E-08    0.62128893E-03
   13   -0.17733082E+02   -0.17391745E-07    0.36792141E-04
   14   -0.17733082E+02   -0.10183143E-09    0.13109732E-04
   15   -0.17733082E+02   -0.41673331E-11    0.12542985E-05
   16   -0.17733082E+02   -0.42632564E-13    0.23176856E-06
>> Charges saved for restart in charges.bin
 
 Total Energy:                     -17.6114023435 H
 Total Mermin free energy:         -17.6114023435 H
