================================================================================
==
==   Density Functional based Tight Binding with a lot of extensions (DFTB+)    
==
==                              Release: 1.2 (p2)
==
==                            (ParserVersion = 4)
==
================================================================================


********************************************************************************
** Parsing and initializing
********************************************************************************

Interpreting input file 'dftb_in.hsd'
--------------------------------------------------------------------------------
WARNING!
-> WriteHSDInput and WriteXMLInput both turned off. You won't eventually be 
 able to obtain the same results with a later version of the code!
Path: dftb_in/ParserOptions
Line: 82-85 (File: dftb_in.hsd)

Reading SK-files:
  /home/andersx/parameters/3ob-3-1/N-N.skf
  /home/andersx/parameters/3ob-3-1/N-C.skf
  /home/andersx/parameters/3ob-3-1/N-O.skf
  /home/andersx/parameters/3ob-3-1/N-H.skf
  /home/andersx/parameters/3ob-3-1/C-N.skf
  /home/andersx/parameters/3ob-3-1/C-C.skf
  /home/andersx/parameters/3ob-3-1/C-O.skf
  /home/andersx/parameters/3ob-3-1/C-H.skf
  /home/andersx/parameters/3ob-3-1/O-N.skf
  /home/andersx/parameters/3ob-3-1/O-C.skf
  /home/andersx/parameters/3ob-3-1/O-O.skf
  /home/andersx/parameters/3ob-3-1/O-H.skf
  /home/andersx/parameters/3ob-3-1/H-N.skf
  /home/andersx/parameters/3ob-3-1/H-C.skf
  /home/andersx/parameters/3ob-3-1/H-O.skf
  /home/andersx/parameters/3ob-3-1/H-H.skf
Done.

Starting initialization...
--------------------------------------------------------------------------------
Mode:                        Static calculation
Self consistent charges:     Yes
SCC-tolerance:                 0.100000E-05
Max. scc iterations:                    100
Ewald alpha parameter:         0.000000E+00
Spin polarisation:           No
Nr. of up electrons:            19.000000
Nr. of down electrons:          19.000000
Periodic boundaries:         No
Diagonalizer:                Divide and Conquer
Mixer:                       Anderson mixer
Mixing parameter:                  0.200000
Maximal SCC-cycles:                     100
Nr. of chrg. vectors to mix:              8
Electronic temperature:        0.100000E-07
Initial charges:             Set automatically (system chrg:   0.000E+00)
Included shells:              N:  s, p
                              C:  s, p
                              O:  s, p
                              H:  s
Full 3rd order correction    Yes
Damped SCC                   Yes
Damped specie(s):            H                                                 
Extra options:
--------------------------------------------------------------------------------
 

********************************************************************************
** Geometry step: 0
********************************************************************************

  iSCC Total electronic   Diff electronic      SCC error    
    1   -0.17021156E+02    0.00000000E+00    0.63847647E+00
    2   -0.17022325E+02   -0.11696338E-02    0.62810541E+00
    3   -0.17050458E+02   -0.28132412E-01    0.12309805E+00
    4   -0.17050429E+02    0.28716761E-04    0.11932856E+00
    5   -0.17050847E+02   -0.41774177E-03    0.38197742E-01
    6   -0.17050921E+02   -0.74672224E-04    0.23853960E-01
    7   -0.17050925E+02   -0.35525601E-05    0.22835642E-01
    8   -0.17050948E+02   -0.23299272E-04    0.15618603E-02
    9   -0.17050949E+02   -0.42904992E-06    0.13358906E-02
   10   -0.17050949E+02   -0.25552823E-06    0.18050870E-03
   11   -0.17050949E+02   -0.22680595E-08    0.92330165E-04
   12   -0.17050949E+02   -0.19524293E-09    0.63528444E-05
   13   -0.17050949E+02   -0.41033843E-11    0.16736012E-05
   14   -0.17050949E+02   -0.12434498E-12    0.12890444E-06
>> Charges saved for restart in charges.bin
 
 Total Energy:                     -16.8579670990 H
 Total Mermin free energy:         -16.8579670990 H
