================================================================================
==
==   Density Functional based Tight Binding with a lot of extensions (DFTB+)    
==
==                              Release: 1.2 (p2)
==
==                            (ParserVersion = 4)
==
================================================================================


********************************************************************************
** Parsing and initializing
********************************************************************************

Interpreting input file 'dftb_in.hsd'
--------------------------------------------------------------------------------
WARNING!
-> WriteHSDInput and WriteXMLInput both turned off. You won't eventually be 
 able to obtain the same results with a later version of the code!
Path: dftb_in/ParserOptions
Line: 86-89 (File: dftb_in.hsd)

Reading SK-files:
  /home/andersx/parameters/3ob-3-1/N-N.skf
  /home/andersx/parameters/3ob-3-1/N-C.skf
  /home/andersx/parameters/3ob-3-1/N-O.skf
  /home/andersx/parameters/3ob-3-1/N-H.skf
  /home/andersx/parameters/3ob-3-1/C-N.skf
  /home/andersx/parameters/3ob-3-1/C-C.skf
  /home/andersx/parameters/3ob-3-1/C-O.skf
  /home/andersx/parameters/3ob-3-1/C-H.skf
  /home/andersx/parameters/3ob-3-1/O-N.skf
  /home/andersx/parameters/3ob-3-1/O-C.skf
  /home/andersx/parameters/3ob-3-1/O-O.skf
  /home/andersx/parameters/3ob-3-1/O-H.skf
  /home/andersx/parameters/3ob-3-1/H-N.skf
  /home/andersx/parameters/3ob-3-1/H-C.skf
  /home/andersx/parameters/3ob-3-1/H-O.skf
  /home/andersx/parameters/3ob-3-1/H-H.skf
Done.

Starting initialization...
--------------------------------------------------------------------------------
Mode:                        Static calculation
Self consistent charges:     Yes
SCC-tolerance:                 0.100000E-05
Max. scc iterations:                    100
Ewald alpha parameter:         0.000000E+00
Spin polarisation:           No
Nr. of up electrons:            21.000000
Nr. of down electrons:          21.000000
Periodic boundaries:         No
Diagonalizer:                Divide and Conquer
Mixer:                       Anderson mixer
Mixing parameter:                  0.200000
Maximal SCC-cycles:                     100
Nr. of chrg. vectors to mix:              8
Electronic temperature:        0.100000E-07
Initial charges:             Set automatically (system chrg:   0.000E+00)
Included shells:              N:  s, p
                              C:  s, p
                              O:  s, p
                              H:  s
Full 3rd order correction    Yes
Damped SCC                   Yes
Damped specie(s):            H                                                 
Extra options:
--------------------------------------------------------------------------------
 

********************************************************************************
** Geometry step: 0
********************************************************************************

  iSCC Total electronic   Diff electronic      SCC error    
    1   -0.18480547E+02    0.00000000E+00    0.67996246E+00
    2   -0.18480697E+02   -0.15050853E-03    0.67100327E+00
    3   -0.18484795E+02   -0.40974399E-02    0.55905557E-01
    4   -0.18484749E+02    0.45151724E-04    0.36236243E-01
    5   -0.18484761E+02   -0.11787629E-04    0.81666510E-01
    6   -0.18484892E+02   -0.13094392E-03    0.13478653E-01
    7   -0.18484890E+02    0.19476937E-05    0.14880491E-01
    8   -0.18484896E+02   -0.63512266E-05    0.11138720E-01
    9   -0.18484897E+02   -0.69952849E-06    0.50116172E-02
   10   -0.18484897E+02   -0.59095701E-07    0.45485347E-02
   11   -0.18484897E+02   -0.22795850E-06    0.84462638E-03
   12   -0.18484897E+02   -0.13437816E-07    0.70397515E-03
   13   -0.18484898E+02   -0.37616179E-07    0.55580950E-04
   14   -0.18484898E+02   -0.27680969E-09    0.38095950E-04
   15   -0.18484898E+02   -0.90658148E-10    0.23907589E-05
   16   -0.18484898E+02   -0.21316282E-12    0.77581039E-06
>> Charges saved for restart in charges.bin
 
 Total Energy:                     -18.3807604187 H
 Total Mermin free energy:         -18.3807604187 H
