================================================================================
==
==   Density Functional based Tight Binding with a lot of extensions (DFTB+)    
==
==                              Release: 1.2 (p2)
==
==                            (ParserVersion = 4)
==
================================================================================


********************************************************************************
** Parsing and initializing
********************************************************************************

Interpreting input file 'dftb_in.hsd'
--------------------------------------------------------------------------------
WARNING!
-> WriteHSDInput and WriteXMLInput both turned off. You won't eventually be 
 able to obtain the same results with a later version of the code!
Path: dftb_in/ParserOptions
Line: 69-72 (File: dftb_in.hsd)

Reading SK-files:
  /home/andersx/parameters/3ob-3-1/N-N.skf
  /home/andersx/parameters/3ob-3-1/N-C.skf
  /home/andersx/parameters/3ob-3-1/N-H.skf
  /home/andersx/parameters/3ob-3-1/C-N.skf
  /home/andersx/parameters/3ob-3-1/C-C.skf
  /home/andersx/parameters/3ob-3-1/C-H.skf
  /home/andersx/parameters/3ob-3-1/H-N.skf
  /home/andersx/parameters/3ob-3-1/H-C.skf
  /home/andersx/parameters/3ob-3-1/H-H.skf
Done.

Starting initialization...
--------------------------------------------------------------------------------
Mode:                        Static calculation
Self consistent charges:     Yes
SCC-tolerance:                 0.100000E-05
Max. scc iterations:                    100
Ewald alpha parameter:         0.000000E+00
Spin polarisation:           No
Nr. of up electrons:            15.000000
Nr. of down electrons:          15.000000
Periodic boundaries:         No
Diagonalizer:                Divide and Conquer
Mixer:                       Anderson mixer
Mixing parameter:                  0.200000
Maximal SCC-cycles:                     100
Nr. of chrg. vectors to mix:              8
Electronic temperature:        0.100000E-07
Initial charges:             Set automatically (system chrg:   0.000E+00)
Included shells:              N:  s, p
                              C:  s, p
                              H:  s
Full 3rd order correction    Yes
Damped SCC                   Yes
Damped specie(s):            H                                                 
Extra options:
--------------------------------------------------------------------------------
 

********************************************************************************
** Geometry step: 0
********************************************************************************

  iSCC Total electronic   Diff electronic      SCC error    
    1   -0.13531326E+02    0.00000000E+00    0.59474430E+00
    2   -0.13532904E+02   -0.15771187E-02    0.58145302E+00
    3   -0.13566424E+02   -0.33520100E-01    0.76174419E-01
    4   -0.13566456E+02   -0.32187884E-04    0.76532906E-01
    5   -0.13566522E+02   -0.66077202E-04    0.19933694E-01
    6   -0.13566566E+02   -0.44496466E-04    0.31596194E-02
    7   -0.13566568E+02   -0.16551052E-05    0.37383842E-02
    8   -0.13566569E+02   -0.93888097E-06    0.36234189E-03
    9   -0.13566569E+02   -0.13273201E-07    0.96165919E-05
   10   -0.13566569E+02   -0.92601482E-11    0.11280975E-06
>> Charges saved for restart in charges.bin
 
 Total Energy:                     -13.1319319654 H
 Total Mermin free energy:         -13.1319319654 H
