================================================================================
==
==   Density Functional based Tight Binding with a lot of extensions (DFTB+)    
==
==                              Release: 1.2 (p2)
==
==                            (ParserVersion = 4)
==
================================================================================


********************************************************************************
** Parsing and initializing
********************************************************************************

Interpreting input file 'dftb_in.hsd'
--------------------------------------------------------------------------------
WARNING!
-> WriteHSDInput and WriteXMLInput both turned off. You won't eventually be 
 able to obtain the same results with a later version of the code!
Path: dftb_in/ParserOptions
Line: 75-78 (File: dftb_in.hsd)

Reading SK-files:
  /home/andersx/parameters/3ob-3-1/N-N.skf
  /home/andersx/parameters/3ob-3-1/N-C.skf
  /home/andersx/parameters/3ob-3-1/N-H.skf
  /home/andersx/parameters/3ob-3-1/C-N.skf
  /home/andersx/parameters/3ob-3-1/C-C.skf
  /home/andersx/parameters/3ob-3-1/C-H.skf
  /home/andersx/parameters/3ob-3-1/H-N.skf
  /home/andersx/parameters/3ob-3-1/H-C.skf
  /home/andersx/parameters/3ob-3-1/H-H.skf
Done.

Starting initialization...
--------------------------------------------------------------------------------
Mode:                        Static calculation
Self consistent charges:     Yes
SCC-tolerance:                 0.100000E-05
Max. scc iterations:                    100
Ewald alpha parameter:         0.000000E+00
Spin polarisation:           No
Nr. of up electrons:            18.000000
Nr. of down electrons:          18.000000
Periodic boundaries:         No
Diagonalizer:                Divide and Conquer
Mixer:                       Anderson mixer
Mixing parameter:                  0.200000
Maximal SCC-cycles:                     100
Nr. of chrg. vectors to mix:              8
Electronic temperature:        0.100000E-07
Initial charges:             Set automatically (system chrg:   0.000E+00)
Included shells:              N:  s, p
                              C:  s, p
                              H:  s
Full 3rd order correction    Yes
Damped SCC                   Yes
Damped specie(s):            H                                                 
Extra options:
--------------------------------------------------------------------------------
 

********************************************************************************
** Geometry step: 0
********************************************************************************

  iSCC Total electronic   Diff electronic      SCC error    
    1   -0.15550695E+02    0.00000000E+00    0.58611117E+00
    2   -0.15550748E+02   -0.52432382E-04    0.57903815E+00
    3   -0.15552175E+02   -0.14274205E-02    0.39486420E-01
    4   -0.15552163E+02    0.11600023E-04    0.21631674E-01
    5   -0.15552166E+02   -0.27284561E-05    0.25622755E-01
    6   -0.15552190E+02   -0.24123134E-04    0.63474878E-02
    7   -0.15552190E+02    0.14286165E-07    0.48801510E-02
    8   -0.15552191E+02   -0.47630296E-06    0.57550158E-03
    9   -0.15552191E+02   -0.14522449E-07    0.18656573E-03
   10   -0.15552191E+02   -0.95327124E-09    0.24690330E-03
   11   -0.15552191E+02   -0.30772718E-09    0.18292958E-04
   12   -0.15552191E+02   -0.59335648E-10    0.62788258E-06
>> Charges saved for restart in charges.bin
 
 Total Energy:                     -15.3745382844 H
 Total Mermin free energy:         -15.3745382844 H
