================================================================================
==
==   Density Functional based Tight Binding with a lot of extensions (DFTB+)    
==
==                              Release: 1.2 (p2)
==
==                            (ParserVersion = 4)
==
================================================================================


********************************************************************************
** Parsing and initializing
********************************************************************************

Interpreting input file 'dftb_in.hsd'
--------------------------------------------------------------------------------
WARNING!
-> WriteHSDInput and WriteXMLInput both turned off. You won't eventually be 
 able to obtain the same results with a later version of the code!
Path: dftb_in/ParserOptions
Line: 80-83 (File: dftb_in.hsd)

Reading SK-files:
  /home/andersx/parameters/3ob-3-1/N-N.skf
  /home/andersx/parameters/3ob-3-1/N-C.skf
  /home/andersx/parameters/3ob-3-1/N-O.skf
  /home/andersx/parameters/3ob-3-1/N-H.skf
  /home/andersx/parameters/3ob-3-1/C-N.skf
  /home/andersx/parameters/3ob-3-1/C-C.skf
  /home/andersx/parameters/3ob-3-1/C-O.skf
  /home/andersx/parameters/3ob-3-1/C-H.skf
  /home/andersx/parameters/3ob-3-1/O-N.skf
  /home/andersx/parameters/3ob-3-1/O-C.skf
  /home/andersx/parameters/3ob-3-1/O-O.skf
  /home/andersx/parameters/3ob-3-1/O-H.skf
  /home/andersx/parameters/3ob-3-1/H-N.skf
  /home/andersx/parameters/3ob-3-1/H-C.skf
  /home/andersx/parameters/3ob-3-1/H-O.skf
  /home/andersx/parameters/3ob-3-1/H-H.skf
Done.

Starting initialization...
--------------------------------------------------------------------------------
Mode:                        Static calculation
Self consistent charges:     Yes
SCC-tolerance:                 0.100000E-05
Max. scc iterations:                    100
Ewald alpha parameter:         0.000000E+00
Spin polarisation:           No
Nr. of up electrons:            18.000000
Nr. of down electrons:          18.000000
Periodic boundaries:         No
Diagonalizer:                Divide and Conquer
Mixer:                       Anderson mixer
Mixing parameter:                  0.200000
Maximal SCC-cycles:                     100
Nr. of chrg. vectors to mix:              8
Electronic temperature:        0.100000E-07
Initial charges:             Set automatically (system chrg:   0.000E+00)
Included shells:              N:  s, p
                              C:  s, p
                              O:  s, p
                              H:  s
Full 3rd order correction    Yes
Damped SCC                   Yes
Damped specie(s):            H                                                 
Extra options:
--------------------------------------------------------------------------------
 

********************************************************************************
** Geometry step: 0
********************************************************************************

  iSCC Total electronic   Diff electronic      SCC error    
    1   -0.16446909E+02    0.00000000E+00    0.85356070E+00
    2   -0.16448599E+02   -0.16897253E-02    0.83817360E+00
    3   -0.16475951E+02   -0.27352293E-01    0.27297304E+00
    4   -0.16479100E+02   -0.31493518E-02    0.26803016E+00
    5   -0.16481851E+02   -0.27512198E-02    0.15659255E+00
    6   -0.16485044E+02   -0.31920613E-02    0.73939034E-01
    7   -0.16484981E+02    0.62703388E-04    0.68204848E-01
    8   -0.16485236E+02   -0.25474930E-03    0.16088351E-01
    9   -0.16485235E+02    0.72392035E-06    0.15193965E-01
   10   -0.16485239E+02   -0.43044662E-05    0.72126444E-02
   11   -0.16485243E+02   -0.37024439E-05    0.15004408E-02
   12   -0.16485243E+02   -0.65195575E-07    0.25105240E-03
   13   -0.16485243E+02   -0.21197025E-07    0.20792059E-03
   14   -0.16485243E+02   -0.19132820E-08    0.45803276E-04
   15   -0.16485243E+02   -0.87752028E-10    0.58628357E-05
   16   -0.16485243E+02   -0.14814816E-11    0.75023177E-06
>> Charges saved for restart in charges.bin
 
 Total Energy:                     -16.0555920774 H
 Total Mermin free energy:         -16.0555920774 H
