================================================================================
==
==   Density Functional based Tight Binding with a lot of extensions (DFTB+)    
==
==                              Release: 1.2 (p2)
==
==                            (ParserVersion = 4)
==
================================================================================


********************************************************************************
** Parsing and initializing
********************************************************************************

Interpreting input file 'dftb_in.hsd'
--------------------------------------------------------------------------------
WARNING!
-> WriteHSDInput and WriteXMLInput both turned off. You won't eventually be 
 able to obtain the same results with a later version of the code!
Path: dftb_in/ParserOptions
Line: 84-87 (File: dftb_in.hsd)

Reading SK-files:
  /home/andersx/parameters/3ob-3-1/N-N.skf
  /home/andersx/parameters/3ob-3-1/N-C.skf
  /home/andersx/parameters/3ob-3-1/N-O.skf
  /home/andersx/parameters/3ob-3-1/N-H.skf
  /home/andersx/parameters/3ob-3-1/C-N.skf
  /home/andersx/parameters/3ob-3-1/C-C.skf
  /home/andersx/parameters/3ob-3-1/C-O.skf
  /home/andersx/parameters/3ob-3-1/C-H.skf
  /home/andersx/parameters/3ob-3-1/O-N.skf
  /home/andersx/parameters/3ob-3-1/O-C.skf
  /home/andersx/parameters/3ob-3-1/O-O.skf
  /home/andersx/parameters/3ob-3-1/O-H.skf
  /home/andersx/parameters/3ob-3-1/H-N.skf
  /home/andersx/parameters/3ob-3-1/H-C.skf
  /home/andersx/parameters/3ob-3-1/H-O.skf
  /home/andersx/parameters/3ob-3-1/H-H.skf
Done.

Starting initialization...
--------------------------------------------------------------------------------
Mode:                        Static calculation
Self consistent charges:     Yes
SCC-tolerance:                 0.100000E-05
Max. scc iterations:                    100
Ewald alpha parameter:         0.000000E+00
Spin polarisation:           No
Nr. of up electrons:            20.000000
Nr. of down electrons:          20.000000
Periodic boundaries:         No
Diagonalizer:                Divide and Conquer
Mixer:                       Anderson mixer
Mixing parameter:                  0.200000
Maximal SCC-cycles:                     100
Nr. of chrg. vectors to mix:              8
Electronic temperature:        0.100000E-07
Initial charges:             Set automatically (system chrg:   0.000E+00)
Included shells:              N:  s, p
                              C:  s, p
                              O:  s, p
                              H:  s
Full 3rd order correction    Yes
Damped SCC                   Yes
Damped specie(s):            H                                                 
Extra options:
--------------------------------------------------------------------------------
 

********************************************************************************
** Geometry step: 0
********************************************************************************

  iSCC Total electronic   Diff electronic      SCC error    
    1   -0.17813356E+02    0.00000000E+00    0.68525941E+00
    2   -0.17813503E+02   -0.14667829E-03    0.67637628E+00
    3   -0.17817534E+02   -0.40313374E-02    0.56818375E-01
    4   -0.17817491E+02    0.42874437E-04    0.50584844E-01
    5   -0.17817589E+02   -0.97925955E-04    0.66525818E-01
    6   -0.17817676E+02   -0.87025594E-04    0.16472954E-01
    7   -0.17817677E+02   -0.64629475E-06    0.14451333E-01
    8   -0.17817690E+02   -0.12650200E-04    0.43625467E-02
    9   -0.17817690E+02   -0.29780836E-08    0.30563469E-02
   10   -0.17817690E+02   -0.13669751E-06    0.21119571E-02
   11   -0.17817690E+02   -0.30090032E-07    0.75467934E-03
   12   -0.17817690E+02   -0.15798904E-07    0.58079806E-04
   13   -0.17817690E+02   -0.60708771E-10    0.31033568E-04
   14   -0.17817690E+02   -0.25682567E-10    0.12065311E-05
   15   -0.17817690E+02   -0.13500312E-12    0.30332741E-06
>> Charges saved for restart in charges.bin
 
 Total Energy:                     -17.5804445856 H
 Total Mermin free energy:         -17.5804445856 H
