================================================================================
==
==   Density Functional based Tight Binding with a lot of extensions (DFTB+)    
==
==                              Release: 1.2 (p2)
==
==                            (ParserVersion = 4)
==
================================================================================


********************************************************************************
** Parsing and initializing
********************************************************************************

Interpreting input file 'dftb_in.hsd'
--------------------------------------------------------------------------------
WARNING!
-> WriteHSDInput and WriteXMLInput both turned off. You won't eventually be 
 able to obtain the same results with a later version of the code!
Path: dftb_in/ParserOptions
Line: 67-70 (File: dftb_in.hsd)

Reading SK-files:
  /home/andersx/parameters/3ob-3-1/C-C.skf
  /home/andersx/parameters/3ob-3-1/C-H.skf
  /home/andersx/parameters/3ob-3-1/H-C.skf
  /home/andersx/parameters/3ob-3-1/H-H.skf
Done.

Starting initialization...
--------------------------------------------------------------------------------
Mode:                        Static calculation
Self consistent charges:     Yes
SCC-tolerance:                 0.100000E-05
Max. scc iterations:                    100
Ewald alpha parameter:         0.000000E+00
Spin polarisation:           No
Nr. of up electrons:            15.000000
Nr. of down electrons:          15.000000
Periodic boundaries:         No
Diagonalizer:                Divide and Conquer
Mixer:                       Anderson mixer
Mixing parameter:                  0.200000
Maximal SCC-cycles:                     100
Nr. of chrg. vectors to mix:              8
Electronic temperature:        0.100000E-07
Initial charges:             Set automatically (system chrg:   0.000E+00)
Included shells:              C:  s, p
                              H:  s
Full 3rd order correction    Yes
Damped SCC                   Yes
Damped specie(s):            H                                                 
Extra options:
--------------------------------------------------------------------------------
 

********************************************************************************
** Geometry step: 0
********************************************************************************

  iSCC Total electronic   Diff electronic      SCC error    
    1   -0.12184189E+02    0.00000000E+00    0.25150261E+00
    2   -0.12184208E+02   -0.18612488E-04    0.24891533E+00
    3   -0.12184754E+02   -0.54600202E-03    0.90672261E-01
    4   -0.12184720E+02    0.34303476E-04    0.93389358E-01
    5   -0.12184731E+02   -0.11003585E-04    0.10327487E+00
    6   -0.12184814E+02   -0.83337138E-04    0.11292539E-01
    7   -0.12184815E+02   -0.56949999E-06    0.53200406E-02
    8   -0.12184814E+02    0.89036799E-06    0.13420673E-01
    9   -0.12184815E+02   -0.12056148E-05    0.96578374E-03
   10   -0.12184815E+02   -0.13238141E-07    0.28994122E-03
   11   -0.12184815E+02   -0.73066673E-08    0.35560491E-04
   12   -0.12184815E+02   -0.41408654E-10    0.16299339E-05
   13   -0.12184815E+02   -0.50981441E-12    0.10911121E-06
>> Charges saved for restart in charges.bin
 
 Total Energy:                     -12.3113046082 H
 Total Mermin free energy:         -12.3113046082 H
