================================================================================
==
==   Density Functional based Tight Binding with a lot of extensions (DFTB+)    
==
==                              Release: 1.2 (p2)
==
==                            (ParserVersion = 4)
==
================================================================================


********************************************************************************
** Parsing and initializing
********************************************************************************

Interpreting input file 'dftb_in.hsd'
--------------------------------------------------------------------------------
WARNING!
-> WriteHSDInput and WriteXMLInput both turned off. You won't eventually be 
 able to obtain the same results with a later version of the code!
Path: dftb_in/ParserOptions
Line: 81-84 (File: dftb_in.hsd)

Reading SK-files:
  /home/andersx/parameters/3ob-3-1/N-N.skf
  /home/andersx/parameters/3ob-3-1/N-C.skf
  /home/andersx/parameters/3ob-3-1/N-O.skf
  /home/andersx/parameters/3ob-3-1/N-H.skf
  /home/andersx/parameters/3ob-3-1/C-N.skf
  /home/andersx/parameters/3ob-3-1/C-C.skf
  /home/andersx/parameters/3ob-3-1/C-O.skf
  /home/andersx/parameters/3ob-3-1/C-H.skf
  /home/andersx/parameters/3ob-3-1/O-N.skf
  /home/andersx/parameters/3ob-3-1/O-C.skf
  /home/andersx/parameters/3ob-3-1/O-O.skf
  /home/andersx/parameters/3ob-3-1/O-H.skf
  /home/andersx/parameters/3ob-3-1/H-N.skf
  /home/andersx/parameters/3ob-3-1/H-C.skf
  /home/andersx/parameters/3ob-3-1/H-O.skf
  /home/andersx/parameters/3ob-3-1/H-H.skf
Done.

Starting initialization...
--------------------------------------------------------------------------------
Mode:                        Static calculation
Self consistent charges:     Yes
SCC-tolerance:                 0.100000E-05
Max. scc iterations:                    100
Ewald alpha parameter:         0.000000E+00
Spin polarisation:           No
Nr. of up electrons:            19.000000
Nr. of down electrons:          19.000000
Periodic boundaries:         No
Diagonalizer:                Divide and Conquer
Mixer:                       Anderson mixer
Mixing parameter:                  0.200000
Maximal SCC-cycles:                     100
Nr. of chrg. vectors to mix:              8
Electronic temperature:        0.100000E-07
Initial charges:             Set automatically (system chrg:   0.000E+00)
Included shells:              N:  s, p
                              C:  s, p
                              O:  s, p
                              H:  s
Full 3rd order correction    Yes
Damped SCC                   Yes
Damped specie(s):            H                                                 
Extra options:
--------------------------------------------------------------------------------
 

********************************************************************************
** Geometry step: 0
********************************************************************************

  iSCC Total electronic   Diff electronic      SCC error    
    1   -0.17593554E+02    0.00000000E+00    0.68250847E+00
    2   -0.17594785E+02   -0.12306878E-02    0.67328030E+00
    3   -0.17620696E+02   -0.25911664E-01    0.23243986E+00
    4   -0.17620398E+02    0.29863889E-03    0.22713831E+00
    5   -0.17621921E+02   -0.15231636E-02    0.60111375E-01
    6   -0.17622106E+02   -0.18462397E-03    0.29113157E-01
    7   -0.17622066E+02    0.39913172E-04    0.31042746E-01
    8   -0.17622122E+02   -0.56127011E-04    0.45264211E-02
    9   -0.17622122E+02   -0.74027349E-06    0.31292710E-02
   10   -0.17622124E+02   -0.11099651E-05    0.55837105E-03
   11   -0.17622124E+02   -0.10880616E-07    0.38463164E-03
   12   -0.17622124E+02   -0.20679281E-07    0.79532285E-04
   13   -0.17622124E+02   -0.22178526E-09    0.28034099E-04
   14   -0.17622124E+02   -0.44632742E-10    0.35427011E-05
   15   -0.17622124E+02   -0.21316282E-12    0.24504872E-06
>> Charges saved for restart in charges.bin
 
 Total Energy:                     -17.1734424761 H
 Total Mermin free energy:         -17.1734424761 H
