================================================================================
==
==   Density Functional based Tight Binding with a lot of extensions (DFTB+)    
==
==                              Release: 1.2 (p2)
==
==                            (ParserVersion = 4)
==
================================================================================


********************************************************************************
** Parsing and initializing
********************************************************************************

Interpreting input file 'dftb_in.hsd'
--------------------------------------------------------------------------------
WARNING!
-> WriteHSDInput and WriteXMLInput both turned off. You won't eventually be 
 able to obtain the same results with a later version of the code!
Path: dftb_in/ParserOptions
Line: 82-85 (File: dftb_in.hsd)

Reading SK-files:
  /home/andersx/parameters/3ob-3-1/N-N.skf
  /home/andersx/parameters/3ob-3-1/N-C.skf
  /home/andersx/parameters/3ob-3-1/N-O.skf
  /home/andersx/parameters/3ob-3-1/N-H.skf
  /home/andersx/parameters/3ob-3-1/C-N.skf
  /home/andersx/parameters/3ob-3-1/C-C.skf
  /home/andersx/parameters/3ob-3-1/C-O.skf
  /home/andersx/parameters/3ob-3-1/C-H.skf
  /home/andersx/parameters/3ob-3-1/O-N.skf
  /home/andersx/parameters/3ob-3-1/O-C.skf
  /home/andersx/parameters/3ob-3-1/O-O.skf
  /home/andersx/parameters/3ob-3-1/O-H.skf
  /home/andersx/parameters/3ob-3-1/H-N.skf
  /home/andersx/parameters/3ob-3-1/H-C.skf
  /home/andersx/parameters/3ob-3-1/H-O.skf
  /home/andersx/parameters/3ob-3-1/H-H.skf
Done.

Starting initialization...
--------------------------------------------------------------------------------
Mode:                        Static calculation
Self consistent charges:     Yes
SCC-tolerance:                 0.100000E-05
Max. scc iterations:                    100
Ewald alpha parameter:         0.000000E+00
Spin polarisation:           No
Nr. of up electrons:            20.000000
Nr. of down electrons:          20.000000
Periodic boundaries:         No
Diagonalizer:                Divide and Conquer
Mixer:                       Anderson mixer
Mixing parameter:                  0.200000
Maximal SCC-cycles:                     100
Nr. of chrg. vectors to mix:              8
Electronic temperature:        0.100000E-07
Initial charges:             Set automatically (system chrg:   0.000E+00)
Included shells:              N:  s, p
                              C:  s, p
                              O:  s, p
                              H:  s
Full 3rd order correction    Yes
Damped SCC                   Yes
Damped specie(s):            H                                                 
Extra options:
--------------------------------------------------------------------------------
 

********************************************************************************
** Geometry step: 0
********************************************************************************

  iSCC Total electronic   Diff electronic      SCC error    
    1   -0.18740688E+02    0.00000000E+00    0.84133034E+00
    2   -0.18741306E+02   -0.61797559E-03    0.82960498E+00
    3   -0.18758272E+02   -0.16966294E-01    0.10816394E+00
    4   -0.18758538E+02   -0.26554883E-03    0.11543709E+00
    5   -0.18759619E+02   -0.10807836E-02    0.36065692E-01
    6   -0.18759641E+02   -0.22367886E-04    0.28713202E-01
    7   -0.18759670E+02   -0.29174109E-04    0.18645061E-01
    8   -0.18759680E+02   -0.10261941E-04    0.33818075E-02
    9   -0.18759681E+02   -0.91927564E-07    0.29972582E-02
   10   -0.18759681E+02   -0.27835630E-06    0.67153606E-03
   11   -0.18759681E+02   -0.41194603E-08    0.52299476E-03
   12   -0.18759681E+02   -0.16604300E-07    0.80867228E-04
   13   -0.18759681E+02   -0.46112447E-09    0.43484710E-04
   14   -0.18759681E+02   -0.85222496E-10    0.55041884E-05
   15   -0.18759681E+02   -0.74251716E-12    0.78202804E-06
>> Charges saved for restart in charges.bin
 
 Total Energy:                     -18.4639510867 H
 Total Mermin free energy:         -18.4639510867 H
