================================================================================
==
==   Density Functional based Tight Binding with a lot of extensions (DFTB+)    
==
==                              Release: 1.2 (p2)
==
==                            (ParserVersion = 4)
==
================================================================================


********************************************************************************
** Parsing and initializing
********************************************************************************

Interpreting input file 'dftb_in.hsd'
--------------------------------------------------------------------------------
WARNING!
-> WriteHSDInput and WriteXMLInput both turned off. You won't eventually be 
 able to obtain the same results with a later version of the code!
Path: dftb_in/ParserOptions
Line: 85-88 (File: dftb_in.hsd)

Reading SK-files:
  /home/andersx/parameters/3ob-3-1/N-N.skf
  /home/andersx/parameters/3ob-3-1/N-C.skf
  /home/andersx/parameters/3ob-3-1/N-O.skf
  /home/andersx/parameters/3ob-3-1/N-H.skf
  /home/andersx/parameters/3ob-3-1/C-N.skf
  /home/andersx/parameters/3ob-3-1/C-C.skf
  /home/andersx/parameters/3ob-3-1/C-O.skf
  /home/andersx/parameters/3ob-3-1/C-H.skf
  /home/andersx/parameters/3ob-3-1/O-N.skf
  /home/andersx/parameters/3ob-3-1/O-C.skf
  /home/andersx/parameters/3ob-3-1/O-O.skf
  /home/andersx/parameters/3ob-3-1/O-H.skf
  /home/andersx/parameters/3ob-3-1/H-N.skf
  /home/andersx/parameters/3ob-3-1/H-C.skf
  /home/andersx/parameters/3ob-3-1/H-O.skf
  /home/andersx/parameters/3ob-3-1/H-H.skf
Done.

Starting initialization...
--------------------------------------------------------------------------------
Mode:                        Static calculation
Self consistent charges:     Yes
SCC-tolerance:                 0.100000E-05
Max. scc iterations:                    100
Ewald alpha parameter:         0.000000E+00
Spin polarisation:           No
Nr. of up electrons:            21.000000
Nr. of down electrons:          21.000000
Periodic boundaries:         No
Diagonalizer:                Divide and Conquer
Mixer:                       Anderson mixer
Mixing parameter:                  0.200000
Maximal SCC-cycles:                     100
Nr. of chrg. vectors to mix:              8
Electronic temperature:        0.100000E-07
Initial charges:             Set automatically (system chrg:   0.000E+00)
Included shells:              N:  s, p
                              C:  s, p
                              O:  s, p
                              H:  s
Full 3rd order correction    Yes
Damped SCC                   Yes
Damped specie(s):            H                                                 
Extra options:
--------------------------------------------------------------------------------
 

********************************************************************************
** Geometry step: 0
********************************************************************************

  iSCC Total electronic   Diff electronic      SCC error    
    1   -0.18823672E+02    0.00000000E+00    0.64000859E+00
    2   -0.18824210E+02   -0.53734593E-03    0.62926692E+00
    3   -0.18838329E+02   -0.14119778E-01    0.12838193E+00
    4   -0.18838097E+02    0.23187737E-03    0.13378671E+00
    5   -0.18838598E+02   -0.50091728E-03    0.98123607E-01
    6   -0.18838887E+02   -0.28877641E-03    0.97977739E-02
    7   -0.18838888E+02   -0.10517127E-05    0.16046097E-01
    8   -0.18838892E+02   -0.33448740E-05    0.11691601E-01
    9   -0.18838892E+02   -0.72579394E-06    0.26913889E-02
   10   -0.18838892E+02   -0.56672036E-08    0.24098523E-02
   11   -0.18838892E+02    0.27470186E-08    0.59742237E-03
   12   -0.18838892E+02   -0.23535950E-07    0.32521934E-03
   13   -0.18838892E+02   -0.10154107E-07    0.26692576E-04
   14   -0.18838892E+02   -0.42870596E-10    0.36038528E-05
   15   -0.18838892E+02   -0.50448534E-12    0.54055759E-06
>> Charges saved for restart in charges.bin
 
 Total Energy:                     -18.6539909439 H
 Total Mermin free energy:         -18.6539909439 H
