================================================================================
==
==   Density Functional based Tight Binding with a lot of extensions (DFTB+)    
==
==                              Release: 1.2 (p2)
==
==                            (ParserVersion = 4)
==
================================================================================


********************************************************************************
** Parsing and initializing
********************************************************************************

Interpreting input file 'dftb_in.hsd'
--------------------------------------------------------------------------------
WARNING!
-> WriteHSDInput and WriteXMLInput both turned off. You won't eventually be 
 able to obtain the same results with a later version of the code!
Path: dftb_in/ParserOptions
Line: 82-85 (File: dftb_in.hsd)

Reading SK-files:
  /home/andersx/parameters/3ob-3-1/N-N.skf
  /home/andersx/parameters/3ob-3-1/N-C.skf
  /home/andersx/parameters/3ob-3-1/N-O.skf
  /home/andersx/parameters/3ob-3-1/N-H.skf
  /home/andersx/parameters/3ob-3-1/C-N.skf
  /home/andersx/parameters/3ob-3-1/C-C.skf
  /home/andersx/parameters/3ob-3-1/C-O.skf
  /home/andersx/parameters/3ob-3-1/C-H.skf
  /home/andersx/parameters/3ob-3-1/O-N.skf
  /home/andersx/parameters/3ob-3-1/O-C.skf
  /home/andersx/parameters/3ob-3-1/O-O.skf
  /home/andersx/parameters/3ob-3-1/O-H.skf
  /home/andersx/parameters/3ob-3-1/H-N.skf
  /home/andersx/parameters/3ob-3-1/H-C.skf
  /home/andersx/parameters/3ob-3-1/H-O.skf
  /home/andersx/parameters/3ob-3-1/H-H.skf
Done.

Starting initialization...
--------------------------------------------------------------------------------
Mode:                        Static calculation
Self consistent charges:     Yes
SCC-tolerance:                 0.100000E-05
Max. scc iterations:                    100
Ewald alpha parameter:         0.000000E+00
Spin polarisation:           No
Nr. of up electrons:            20.000000
Nr. of down electrons:          20.000000
Periodic boundaries:         No
Diagonalizer:                Divide and Conquer
Mixer:                       Anderson mixer
Mixing parameter:                  0.200000
Maximal SCC-cycles:                     100
Nr. of chrg. vectors to mix:              8
Electronic temperature:        0.100000E-07
Initial charges:             Set automatically (system chrg:   0.000E+00)
Included shells:              N:  s, p
                              C:  s, p
                              O:  s, p
                              H:  s
Full 3rd order correction    Yes
Damped SCC                   Yes
Damped specie(s):            H                                                 
Extra options:
--------------------------------------------------------------------------------
 

********************************************************************************
** Geometry step: 0
********************************************************************************

  iSCC Total electronic   Diff electronic      SCC error    
    1   -0.18731334E+02    0.00000000E+00    0.82404149E+00
    2   -0.18733112E+02   -0.17784351E-02    0.80892566E+00
    3   -0.18765864E+02   -0.32751620E-01    0.24933104E+00
    4   -0.18768861E+02   -0.29970548E-02    0.24778840E+00
    5   -0.18770652E+02   -0.17905639E-02    0.15981469E+00
    6   -0.18774161E+02   -0.35094384E-02    0.58991475E-01
    7   -0.18774173E+02   -0.12349272E-04    0.56591814E-01
    8   -0.18774335E+02   -0.16129241E-03    0.11036646E-01
    9   -0.18774335E+02    0.93654251E-07    0.10238192E-01
   10   -0.18774335E+02   -0.91027777E-06    0.68954059E-02
   11   -0.18774337E+02   -0.13688814E-05    0.10140302E-02
   12   -0.18774337E+02   -0.14148341E-07    0.57254601E-03
   13   -0.18774337E+02   -0.18030764E-07    0.88041115E-04
   14   -0.18774337E+02   -0.12951418E-08    0.17348247E-04
   15   -0.18774337E+02   -0.29256597E-10    0.64324201E-05
   16   -0.18774337E+02   -0.42987836E-12    0.29361114E-06
>> Charges saved for restart in charges.bin
 
 Total Energy:                     -18.4720697322 H
 Total Mermin free energy:         -18.4720697322 H
