================================================================================
==
==   Density Functional based Tight Binding with a lot of extensions (DFTB+)    
==
==                              Release: 1.2 (p2)
==
==                            (ParserVersion = 4)
==
================================================================================


********************************************************************************
** Parsing and initializing
********************************************************************************

Interpreting input file 'dftb_in.hsd'
--------------------------------------------------------------------------------
WARNING!
-> WriteHSDInput and WriteXMLInput both turned off. You won't eventually be 
 able to obtain the same results with a later version of the code!
Path: dftb_in/ParserOptions
Line: 81-84 (File: dftb_in.hsd)

Reading SK-files:
  /home/andersx/parameters/3ob-3-1/N-N.skf
  /home/andersx/parameters/3ob-3-1/N-C.skf
  /home/andersx/parameters/3ob-3-1/N-O.skf
  /home/andersx/parameters/3ob-3-1/N-H.skf
  /home/andersx/parameters/3ob-3-1/C-N.skf
  /home/andersx/parameters/3ob-3-1/C-C.skf
  /home/andersx/parameters/3ob-3-1/C-O.skf
  /home/andersx/parameters/3ob-3-1/C-H.skf
  /home/andersx/parameters/3ob-3-1/O-N.skf
  /home/andersx/parameters/3ob-3-1/O-C.skf
  /home/andersx/parameters/3ob-3-1/O-O.skf
  /home/andersx/parameters/3ob-3-1/O-H.skf
  /home/andersx/parameters/3ob-3-1/H-N.skf
  /home/andersx/parameters/3ob-3-1/H-C.skf
  /home/andersx/parameters/3ob-3-1/H-O.skf
  /home/andersx/parameters/3ob-3-1/H-H.skf
Done.

Starting initialization...
--------------------------------------------------------------------------------
Mode:                        Static calculation
Self consistent charges:     Yes
SCC-tolerance:                 0.100000E-05
Max. scc iterations:                    100
Ewald alpha parameter:         0.000000E+00
Spin polarisation:           No
Nr. of up electrons:            19.000000
Nr. of down electrons:          19.000000
Periodic boundaries:         No
Diagonalizer:                Divide and Conquer
Mixer:                       Anderson mixer
Mixing parameter:                  0.200000
Maximal SCC-cycles:                     100
Nr. of chrg. vectors to mix:              8
Electronic temperature:        0.100000E-07
Initial charges:             Set automatically (system chrg:   0.000E+00)
Included shells:              N:  s, p
                              C:  s, p
                              O:  s, p
                              H:  s
Full 3rd order correction    Yes
Damped SCC                   Yes
Damped specie(s):            H                                                 
Extra options:
--------------------------------------------------------------------------------
 

********************************************************************************
** Geometry step: 0
********************************************************************************

  iSCC Total electronic   Diff electronic      SCC error    
    1   -0.17451180E+02    0.00000000E+00    0.84765280E+00
    2   -0.17452349E+02   -0.11693092E-02    0.83389415E+00
    3   -0.17478942E+02   -0.26592701E-01    0.11675023E+00
    4   -0.17478965E+02   -0.23068500E-04    0.11418674E+00
    5   -0.17480881E+02   -0.19166998E-02    0.31869593E-01
    6   -0.17480881E+02    0.43312372E-06    0.33854854E-01
    7   -0.17480918E+02   -0.36622340E-04    0.88624699E-02
    8   -0.17480919E+02   -0.13242710E-05    0.26157782E-02
    9   -0.17480919E+02   -0.49568811E-08    0.21899972E-02
   10   -0.17480919E+02   -0.47939755E-06    0.64238467E-03
   11   -0.17480919E+02   -0.52232778E-08    0.15636293E-03
   12   -0.17480919E+02   -0.11204655E-08    0.21163196E-04
   13   -0.17480919E+02   -0.14072299E-10    0.40836123E-05
   14   -0.17480919E+02   -0.23092639E-12    0.72693601E-06
>> Charges saved for restart in charges.bin
 
 Total Energy:                     -17.1393414959 H
 Total Mermin free energy:         -17.1393414959 H
