================================================================================
==
==   Density Functional based Tight Binding with a lot of extensions (DFTB+)    
==
==                              Release: 1.2 (p2)
==
==                            (ParserVersion = 4)
==
================================================================================


********************************************************************************
** Parsing and initializing
********************************************************************************

Interpreting input file 'dftb_in.hsd'
--------------------------------------------------------------------------------
WARNING!
-> WriteHSDInput and WriteXMLInput both turned off. You won't eventually be 
 able to obtain the same results with a later version of the code!
Path: dftb_in/ParserOptions
Line: 81-84 (File: dftb_in.hsd)

Reading SK-files:
  /home/andersx/parameters/3ob-3-1/N-N.skf
  /home/andersx/parameters/3ob-3-1/N-C.skf
  /home/andersx/parameters/3ob-3-1/N-O.skf
  /home/andersx/parameters/3ob-3-1/N-H.skf
  /home/andersx/parameters/3ob-3-1/C-N.skf
  /home/andersx/parameters/3ob-3-1/C-C.skf
  /home/andersx/parameters/3ob-3-1/C-O.skf
  /home/andersx/parameters/3ob-3-1/C-H.skf
  /home/andersx/parameters/3ob-3-1/O-N.skf
  /home/andersx/parameters/3ob-3-1/O-C.skf
  /home/andersx/parameters/3ob-3-1/O-O.skf
  /home/andersx/parameters/3ob-3-1/O-H.skf
  /home/andersx/parameters/3ob-3-1/H-N.skf
  /home/andersx/parameters/3ob-3-1/H-C.skf
  /home/andersx/parameters/3ob-3-1/H-O.skf
  /home/andersx/parameters/3ob-3-1/H-H.skf
Done.

Starting initialization...
--------------------------------------------------------------------------------
Mode:                        Static calculation
Self consistent charges:     Yes
SCC-tolerance:                 0.100000E-05
Max. scc iterations:                    100
Ewald alpha parameter:         0.000000E+00
Spin polarisation:           No
Nr. of up electrons:            19.000000
Nr. of down electrons:          19.000000
Periodic boundaries:         No
Diagonalizer:                Divide and Conquer
Mixer:                       Anderson mixer
Mixing parameter:                  0.200000
Maximal SCC-cycles:                     100
Nr. of chrg. vectors to mix:              8
Electronic temperature:        0.100000E-07
Initial charges:             Set automatically (system chrg:   0.000E+00)
Included shells:              N:  s, p
                              C:  s, p
                              O:  s, p
                              H:  s
Full 3rd order correction    Yes
Damped SCC                   Yes
Damped specie(s):            H                                                 
Extra options:
--------------------------------------------------------------------------------
 

********************************************************************************
** Geometry step: 0
********************************************************************************

  iSCC Total electronic   Diff electronic      SCC error    
    1   -0.17437172E+02    0.00000000E+00    0.87279932E+00
    2   -0.17437780E+02   -0.60781512E-03    0.85879093E+00
    3   -0.17451810E+02   -0.14030248E-01    0.91930601E-01
    4   -0.17451601E+02    0.20916596E-03    0.90870374E-01
    5   -0.17452533E+02   -0.93175198E-03    0.57429044E-01
    6   -0.17452933E+02   -0.40041872E-03    0.25395582E-01
    7   -0.17452935E+02   -0.16593926E-05    0.19572779E-01
    8   -0.17452964E+02   -0.29511265E-04    0.89379803E-02
    9   -0.17452965E+02   -0.79902796E-06    0.50450102E-02
   10   -0.17452966E+02   -0.44587828E-06    0.26720792E-02
   11   -0.17452966E+02   -0.18422979E-06    0.53644712E-03
   12   -0.17452966E+02   -0.25663578E-07    0.16439059E-03
   13   -0.17452966E+02   -0.32354990E-08    0.40027116E-04
   14   -0.17452966E+02   -0.17596946E-09    0.12725961E-04
   15   -0.17452966E+02   -0.63238303E-12    0.24357540E-05
   16   -0.17452966E+02   -0.67501560E-13    0.19392576E-06
>> Charges saved for restart in charges.bin
 
 Total Energy:                     -17.0873403474 H
 Total Mermin free energy:         -17.0873403474 H
