================================================================================
==
==   Density Functional based Tight Binding with a lot of extensions (DFTB+)    
==
==                              Release: 1.2 (p2)
==
==                            (ParserVersion = 4)
==
================================================================================


********************************************************************************
** Parsing and initializing
********************************************************************************

Interpreting input file 'dftb_in.hsd'
--------------------------------------------------------------------------------
WARNING!
-> WriteHSDInput and WriteXMLInput both turned off. You won't eventually be 
 able to obtain the same results with a later version of the code!
Path: dftb_in/ParserOptions
Line: 83-86 (File: dftb_in.hsd)

Reading SK-files:
  /home/andersx/parameters/3ob-3-1/N-N.skf
  /home/andersx/parameters/3ob-3-1/N-C.skf
  /home/andersx/parameters/3ob-3-1/N-O.skf
  /home/andersx/parameters/3ob-3-1/N-H.skf
  /home/andersx/parameters/3ob-3-1/C-N.skf
  /home/andersx/parameters/3ob-3-1/C-C.skf
  /home/andersx/parameters/3ob-3-1/C-O.skf
  /home/andersx/parameters/3ob-3-1/C-H.skf
  /home/andersx/parameters/3ob-3-1/O-N.skf
  /home/andersx/parameters/3ob-3-1/O-C.skf
  /home/andersx/parameters/3ob-3-1/O-O.skf
  /home/andersx/parameters/3ob-3-1/O-H.skf
  /home/andersx/parameters/3ob-3-1/H-N.skf
  /home/andersx/parameters/3ob-3-1/H-C.skf
  /home/andersx/parameters/3ob-3-1/H-O.skf
  /home/andersx/parameters/3ob-3-1/H-H.skf
Done.

Starting initialization...
--------------------------------------------------------------------------------
Mode:                        Static calculation
Self consistent charges:     Yes
SCC-tolerance:                 0.100000E-05
Max. scc iterations:                    100
Ewald alpha parameter:         0.000000E+00
Spin polarisation:           No
Nr. of up electrons:            20.000000
Nr. of down electrons:          20.000000
Periodic boundaries:         No
Diagonalizer:                Divide and Conquer
Mixer:                       Anderson mixer
Mixing parameter:                  0.200000
Maximal SCC-cycles:                     100
Nr. of chrg. vectors to mix:              8
Electronic temperature:        0.100000E-07
Initial charges:             Set automatically (system chrg:   0.000E+00)
Included shells:              N:  s, p
                              C:  s, p
                              O:  s, p
                              H:  s
Full 3rd order correction    Yes
Damped SCC                   Yes
Damped specie(s):            H                                                 
Extra options:
--------------------------------------------------------------------------------
 

********************************************************************************
** Geometry step: 0
********************************************************************************

  iSCC Total electronic   Diff electronic      SCC error    
    1   -0.18209271E+02    0.00000000E+00    0.89245639E+00
    2   -0.18209759E+02   -0.48808229E-03    0.87864608E+00
    3   -0.18220030E+02   -0.10271104E-01    0.21190250E+00
    4   -0.18219540E+02    0.48923574E-03    0.19421954E+00
    5   -0.18219630E+02   -0.89381058E-04    0.19395745E+00
    6   -0.18221202E+02   -0.15721228E-02    0.39496427E-01
    7   -0.18221230E+02   -0.27637476E-04    0.22933092E-01
    8   -0.18221244E+02   -0.14182581E-04    0.20481697E-01
    9   -0.18221254E+02   -0.10498960E-04    0.55931425E-02
   10   -0.18221254E+02   -0.13097962E-06    0.51179189E-02
   11   -0.18221255E+02   -0.85175863E-06    0.11997201E-02
   12   -0.18221255E+02   -0.40478376E-08    0.98480844E-03
   13   -0.18221255E+02   -0.72682695E-08    0.23569345E-03
   14   -0.18221255E+02   -0.19574991E-08    0.12868438E-03
   15   -0.18221255E+02   -0.82759399E-09    0.83690815E-05
   16   -0.18221255E+02   -0.46185278E-11    0.21723647E-05
   17   -0.18221255E+02   -0.17763568E-12    0.96056007E-06
>> Charges saved for restart in charges.bin
 
 Total Energy:                     -17.9191351759 H
 Total Mermin free energy:         -17.9191351759 H
