================================================================================
==
==   Density Functional based Tight Binding with a lot of extensions (DFTB+)    
==
==                              Release: 1.2 (p2)
==
==                            (ParserVersion = 4)
==
================================================================================


********************************************************************************
** Parsing and initializing
********************************************************************************

Interpreting input file 'dftb_in.hsd'
--------------------------------------------------------------------------------
WARNING!
-> WriteHSDInput and WriteXMLInput both turned off. You won't eventually be 
 able to obtain the same results with a later version of the code!
Path: dftb_in/ParserOptions
Line: 83-86 (File: dftb_in.hsd)

Reading SK-files:
  /home/andersx/parameters/3ob-3-1/N-N.skf
  /home/andersx/parameters/3ob-3-1/N-C.skf
  /home/andersx/parameters/3ob-3-1/N-O.skf
  /home/andersx/parameters/3ob-3-1/N-H.skf
  /home/andersx/parameters/3ob-3-1/C-N.skf
  /home/andersx/parameters/3ob-3-1/C-C.skf
  /home/andersx/parameters/3ob-3-1/C-O.skf
  /home/andersx/parameters/3ob-3-1/C-H.skf
  /home/andersx/parameters/3ob-3-1/O-N.skf
  /home/andersx/parameters/3ob-3-1/O-C.skf
  /home/andersx/parameters/3ob-3-1/O-O.skf
  /home/andersx/parameters/3ob-3-1/O-H.skf
  /home/andersx/parameters/3ob-3-1/H-N.skf
  /home/andersx/parameters/3ob-3-1/H-C.skf
  /home/andersx/parameters/3ob-3-1/H-O.skf
  /home/andersx/parameters/3ob-3-1/H-H.skf
Done.

Starting initialization...
--------------------------------------------------------------------------------
Mode:                        Static calculation
Self consistent charges:     Yes
SCC-tolerance:                 0.100000E-05
Max. scc iterations:                    100
Ewald alpha parameter:         0.000000E+00
Spin polarisation:           No
Nr. of up electrons:            20.000000
Nr. of down electrons:          20.000000
Periodic boundaries:         No
Diagonalizer:                Divide and Conquer
Mixer:                       Anderson mixer
Mixing parameter:                  0.200000
Maximal SCC-cycles:                     100
Nr. of chrg. vectors to mix:              8
Electronic temperature:        0.100000E-07
Initial charges:             Set automatically (system chrg:   0.000E+00)
Included shells:              N:  s, p
                              C:  s, p
                              O:  s, p
                              H:  s
Full 3rd order correction    Yes
Damped SCC                   Yes
Damped specie(s):            H                                                 
Extra options:
--------------------------------------------------------------------------------
 

********************************************************************************
** Geometry step: 0
********************************************************************************

  iSCC Total electronic   Diff electronic      SCC error    
    1   -0.18157659E+02    0.00000000E+00    0.87792175E+00
    2   -0.18158284E+02   -0.62446700E-03    0.86455879E+00
    3   -0.18174534E+02   -0.16250294E-01    0.21002774E+00
    4   -0.18174313E+02    0.22037911E-03    0.19856531E+00
    5   -0.18174353E+02   -0.39992887E-04    0.10457609E+00
    6   -0.18174944E+02   -0.59046326E-03    0.25442649E-01
    7   -0.18174929E+02    0.14464597E-04    0.28793285E-01
    8   -0.18174968E+02   -0.38446558E-04    0.10569963E-01
    9   -0.18174971E+02   -0.29041837E-05    0.36656705E-02
   10   -0.18174971E+02   -0.21488559E-06    0.30869399E-02
   11   -0.18174971E+02   -0.42058392E-06    0.24688633E-03
   12   -0.18174971E+02   -0.59781584E-08    0.15590059E-03
   13   -0.18174971E+02   -0.21598510E-08    0.26486912E-04
   14   -0.18174971E+02   -0.45965010E-10    0.48400531E-05
   15   -0.18174971E+02   -0.26645353E-12    0.69728565E-06
>> Charges saved for restart in charges.bin
 
 Total Energy:                     -17.9221349166 H
 Total Mermin free energy:         -17.9221349166 H
