================================================================================
==
==   Density Functional based Tight Binding with a lot of extensions (DFTB+)    
==
==                              Release: 1.2 (p2)
==
==                            (ParserVersion = 4)
==
================================================================================


********************************************************************************
** Parsing and initializing
********************************************************************************

Interpreting input file 'dftb_in.hsd'
--------------------------------------------------------------------------------
WARNING!
-> WriteHSDInput and WriteXMLInput both turned off. You won't eventually be 
 able to obtain the same results with a later version of the code!
Path: dftb_in/ParserOptions
Line: 81-84 (File: dftb_in.hsd)

Reading SK-files:
  /home/andersx/parameters/3ob-3-1/N-N.skf
  /home/andersx/parameters/3ob-3-1/N-C.skf
  /home/andersx/parameters/3ob-3-1/N-O.skf
  /home/andersx/parameters/3ob-3-1/N-H.skf
  /home/andersx/parameters/3ob-3-1/C-N.skf
  /home/andersx/parameters/3ob-3-1/C-C.skf
  /home/andersx/parameters/3ob-3-1/C-O.skf
  /home/andersx/parameters/3ob-3-1/C-H.skf
  /home/andersx/parameters/3ob-3-1/O-N.skf
  /home/andersx/parameters/3ob-3-1/O-C.skf
  /home/andersx/parameters/3ob-3-1/O-O.skf
  /home/andersx/parameters/3ob-3-1/O-H.skf
  /home/andersx/parameters/3ob-3-1/H-N.skf
  /home/andersx/parameters/3ob-3-1/H-C.skf
  /home/andersx/parameters/3ob-3-1/H-O.skf
  /home/andersx/parameters/3ob-3-1/H-H.skf
Done.

Starting initialization...
--------------------------------------------------------------------------------
Mode:                        Static calculation
Self consistent charges:     Yes
SCC-tolerance:                 0.100000E-05
Max. scc iterations:                    100
Ewald alpha parameter:         0.000000E+00
Spin polarisation:           No
Nr. of up electrons:            19.000000
Nr. of down electrons:          19.000000
Periodic boundaries:         No
Diagonalizer:                Divide and Conquer
Mixer:                       Anderson mixer
Mixing parameter:                  0.200000
Maximal SCC-cycles:                     100
Nr. of chrg. vectors to mix:              8
Electronic temperature:        0.100000E-07
Initial charges:             Set automatically (system chrg:   0.000E+00)
Included shells:              N:  s, p
                              C:  s, p
                              O:  s, p
                              H:  s
Full 3rd order correction    Yes
Damped SCC                   Yes
Damped specie(s):            H                                                 
Extra options:
--------------------------------------------------------------------------------
 

********************************************************************************
** Geometry step: 0
********************************************************************************

  iSCC Total electronic   Diff electronic      SCC error    
    1   -0.17555548E+02    0.00000000E+00    0.86482921E+00
    2   -0.17556501E+02   -0.95251912E-03    0.85121796E+00
    3   -0.17580838E+02   -0.24337836E-01    0.23235411E+00
    4   -0.17580895E+02   -0.56549314E-04    0.22972879E+00
    5   -0.17581818E+02   -0.92277201E-03    0.27029267E-01
    6   -0.17581814E+02    0.40869533E-05    0.27049829E-01
    7   -0.17581874E+02   -0.60279985E-04    0.82640066E-02
    8   -0.17581874E+02   -0.51953085E-06    0.61578552E-02
    9   -0.17581876E+02   -0.10597758E-05    0.74936458E-02
   10   -0.17581876E+02   -0.25810120E-06    0.54621642E-03
   11   -0.17581876E+02   -0.75099713E-08    0.20080438E-03
   12   -0.17581876E+02   -0.85396223E-09    0.28631544E-04
   13   -0.17581876E+02   -0.85183416E-10    0.94874785E-05
   14   -0.17581876E+02   -0.82067686E-12    0.79876357E-06
>> Charges saved for restart in charges.bin
 
 Total Energy:                     -17.1687271847 H
 Total Mermin free energy:         -17.1687271847 H
