================================================================================
==
==   Density Functional based Tight Binding with a lot of extensions (DFTB+)    
==
==                              Release: 1.2 (p2)
==
==                            (ParserVersion = 4)
==
================================================================================


********************************************************************************
** Parsing and initializing
********************************************************************************

Interpreting input file 'dftb_in.hsd'
--------------------------------------------------------------------------------
WARNING!
-> WriteHSDInput and WriteXMLInput both turned off. You won't eventually be 
 able to obtain the same results with a later version of the code!
Path: dftb_in/ParserOptions
Line: 81-84 (File: dftb_in.hsd)

Reading SK-files:
  /home/andersx/parameters/3ob-3-1/N-N.skf
  /home/andersx/parameters/3ob-3-1/N-C.skf
  /home/andersx/parameters/3ob-3-1/N-O.skf
  /home/andersx/parameters/3ob-3-1/N-H.skf
  /home/andersx/parameters/3ob-3-1/C-N.skf
  /home/andersx/parameters/3ob-3-1/C-C.skf
  /home/andersx/parameters/3ob-3-1/C-O.skf
  /home/andersx/parameters/3ob-3-1/C-H.skf
  /home/andersx/parameters/3ob-3-1/O-N.skf
  /home/andersx/parameters/3ob-3-1/O-C.skf
  /home/andersx/parameters/3ob-3-1/O-O.skf
  /home/andersx/parameters/3ob-3-1/O-H.skf
  /home/andersx/parameters/3ob-3-1/H-N.skf
  /home/andersx/parameters/3ob-3-1/H-C.skf
  /home/andersx/parameters/3ob-3-1/H-O.skf
  /home/andersx/parameters/3ob-3-1/H-H.skf
Done.

Starting initialization...
--------------------------------------------------------------------------------
Mode:                        Static calculation
Self consistent charges:     Yes
SCC-tolerance:                 0.100000E-05
Max. scc iterations:                    100
Ewald alpha parameter:         0.000000E+00
Spin polarisation:           No
Nr. of up electrons:            19.000000
Nr. of down electrons:          19.000000
Periodic boundaries:         No
Diagonalizer:                Divide and Conquer
Mixer:                       Anderson mixer
Mixing parameter:                  0.200000
Maximal SCC-cycles:                     100
Nr. of chrg. vectors to mix:              8
Electronic temperature:        0.100000E-07
Initial charges:             Set automatically (system chrg:   0.000E+00)
Included shells:              N:  s, p
                              C:  s, p
                              O:  s, p
                              H:  s
Full 3rd order correction    Yes
Damped SCC                   Yes
Damped specie(s):            H                                                 
Extra options:
--------------------------------------------------------------------------------
 

********************************************************************************
** Geometry step: 0
********************************************************************************

  iSCC Total electronic   Diff electronic      SCC error    
    1   -0.17602709E+02    0.00000000E+00    0.93013040E+00
    2   -0.17603023E+02   -0.31468933E-03    0.91723480E+00
    3   -0.17611824E+02   -0.88006017E-02    0.17695908E+00
    4   -0.17611713E+02    0.11057461E-03    0.16211747E+00
    5   -0.17611754E+02   -0.40867936E-04    0.10767681E+00
    6   -0.17612058E+02   -0.30406899E-03    0.14258232E-01
    7   -0.17612055E+02    0.30963984E-05    0.17623042E-01
    8   -0.17612073E+02   -0.18116660E-04    0.31061477E-02
    9   -0.17612074E+02   -0.34071686E-06    0.16579857E-02
   10   -0.17612074E+02   -0.16365941E-06    0.19395995E-03
   11   -0.17612074E+02   -0.42992276E-08    0.10889207E-03
   12   -0.17612074E+02   -0.75469941E-09    0.53106926E-04
   13   -0.17612074E+02   -0.94413366E-10    0.11585415E-04
   14   -0.17612074E+02   -0.28670399E-11    0.11754133E-05
   15   -0.17612074E+02   -0.53290705E-13    0.11709699E-06
>> Charges saved for restart in charges.bin
 
 Total Energy:                     -17.1362065767 H
 Total Mermin free energy:         -17.1362065767 H
