================================================================================
==
==   Density Functional based Tight Binding with a lot of extensions (DFTB+)    
==
==                              Release: 1.2 (p2)
==
==                            (ParserVersion = 4)
==
================================================================================


********************************************************************************
** Parsing and initializing
********************************************************************************

Interpreting input file 'dftb_in.hsd'
--------------------------------------------------------------------------------
WARNING!
-> WriteHSDInput and WriteXMLInput both turned off. You won't eventually be 
 able to obtain the same results with a later version of the code!
Path: dftb_in/ParserOptions
Line: 82-85 (File: dftb_in.hsd)

Reading SK-files:
  /home/andersx/parameters/3ob-3-1/N-N.skf
  /home/andersx/parameters/3ob-3-1/N-C.skf
  /home/andersx/parameters/3ob-3-1/N-O.skf
  /home/andersx/parameters/3ob-3-1/N-H.skf
  /home/andersx/parameters/3ob-3-1/C-N.skf
  /home/andersx/parameters/3ob-3-1/C-C.skf
  /home/andersx/parameters/3ob-3-1/C-O.skf
  /home/andersx/parameters/3ob-3-1/C-H.skf
  /home/andersx/parameters/3ob-3-1/O-N.skf
  /home/andersx/parameters/3ob-3-1/O-C.skf
  /home/andersx/parameters/3ob-3-1/O-O.skf
  /home/andersx/parameters/3ob-3-1/O-H.skf
  /home/andersx/parameters/3ob-3-1/H-N.skf
  /home/andersx/parameters/3ob-3-1/H-C.skf
  /home/andersx/parameters/3ob-3-1/H-O.skf
  /home/andersx/parameters/3ob-3-1/H-H.skf
Done.

Starting initialization...
--------------------------------------------------------------------------------
Mode:                        Static calculation
Self consistent charges:     Yes
SCC-tolerance:                 0.100000E-05
Max. scc iterations:                    100
Ewald alpha parameter:         0.000000E+00
Spin polarisation:           No
Nr. of up electrons:            20.000000
Nr. of down electrons:          20.000000
Periodic boundaries:         No
Diagonalizer:                Divide and Conquer
Mixer:                       Anderson mixer
Mixing parameter:                  0.200000
Maximal SCC-cycles:                     100
Nr. of chrg. vectors to mix:              8
Electronic temperature:        0.100000E-07
Initial charges:             Set automatically (system chrg:   0.000E+00)
Included shells:              N:  s, p
                              C:  s, p
                              O:  s, p
                              H:  s
Full 3rd order correction    Yes
Damped SCC                   Yes
Damped specie(s):            H                                                 
Extra options:
--------------------------------------------------------------------------------
 

********************************************************************************
** Geometry step: 0
********************************************************************************

  iSCC Total electronic   Diff electronic      SCC error    
    1   -0.18647152E+02    0.00000000E+00    0.90695075E+00
    2   -0.18648693E+02   -0.15416366E-02    0.89220983E+00
    3   -0.18687607E+02   -0.38913736E-01    0.27623326E+00
    4   -0.18688078E+02   -0.47104017E-03    0.27431639E+00
    5   -0.18689792E+02   -0.17140075E-02    0.38932772E-01
    6   -0.18689801E+02   -0.87353757E-05    0.23575130E-01
    7   -0.18689819E+02   -0.17648192E-04    0.17886151E-01
    8   -0.18689838E+02   -0.19016504E-04    0.19707630E-02
    9   -0.18689838E+02   -0.10887552E-06    0.16506234E-02
   10   -0.18689838E+02   -0.21748466E-06    0.70506585E-03
   11   -0.18689838E+02   -0.17095875E-07    0.30061332E-03
   12   -0.18689838E+02   -0.64940302E-08    0.18894013E-04
   13   -0.18689838E+02   -0.44753534E-10    0.36611890E-05
   14   -0.18689838E+02   -0.85265128E-12    0.81517259E-06
>> Charges saved for restart in charges.bin
 
 Total Energy:                     -18.4674264846 H
 Total Mermin free energy:         -18.4674264846 H
