================================================================================
==
==   Density Functional based Tight Binding with a lot of extensions (DFTB+)    
==
==                              Release: 1.2 (p2)
==
==                            (ParserVersion = 4)
==
================================================================================


********************************************************************************
** Parsing and initializing
********************************************************************************

Interpreting input file 'dftb_in.hsd'
--------------------------------------------------------------------------------
WARNING!
-> WriteHSDInput and WriteXMLInput both turned off. You won't eventually be 
 able to obtain the same results with a later version of the code!
Path: dftb_in/ParserOptions
Line: 73-76 (File: dftb_in.hsd)

Reading SK-files:
  /home/andersx/parameters/3ob-3-1/N-N.skf
  /home/andersx/parameters/3ob-3-1/N-C.skf
  /home/andersx/parameters/3ob-3-1/N-H.skf
  /home/andersx/parameters/3ob-3-1/C-N.skf
  /home/andersx/parameters/3ob-3-1/C-C.skf
  /home/andersx/parameters/3ob-3-1/C-H.skf
  /home/andersx/parameters/3ob-3-1/H-N.skf
  /home/andersx/parameters/3ob-3-1/H-C.skf
  /home/andersx/parameters/3ob-3-1/H-H.skf
Done.

Starting initialization...
--------------------------------------------------------------------------------
Mode:                        Static calculation
Self consistent charges:     Yes
SCC-tolerance:                 0.100000E-05
Max. scc iterations:                    100
Ewald alpha parameter:         0.000000E+00
Spin polarisation:           No
Nr. of up electrons:            17.000000
Nr. of down electrons:          17.000000
Periodic boundaries:         No
Diagonalizer:                Divide and Conquer
Mixer:                       Anderson mixer
Mixing parameter:                  0.200000
Maximal SCC-cycles:                     100
Nr. of chrg. vectors to mix:              8
Electronic temperature:        0.100000E-07
Initial charges:             Set automatically (system chrg:   0.000E+00)
Included shells:              N:  s, p
                              C:  s, p
                              H:  s
Full 3rd order correction    Yes
Damped SCC                   Yes
Damped specie(s):            H                                                 
Extra options:
--------------------------------------------------------------------------------
 

********************************************************************************
** Geometry step: 0
********************************************************************************

  iSCC Total electronic   Diff electronic      SCC error    
    1   -0.14880215E+02    0.00000000E+00    0.86804067E+00
    2   -0.14880601E+02   -0.38619415E-03    0.85441891E+00
    3   -0.14888372E+02   -0.77710259E-02    0.21688434E+00
    4   -0.14887940E+02    0.43245724E-03    0.19966244E+00
    5   -0.14887700E+02    0.23995211E-03    0.23720569E+00
    6   -0.14889171E+02   -0.14705188E-02    0.62394590E-01
    7   -0.14889225E+02   -0.54839342E-04    0.33829116E-01
    8   -0.14889238E+02   -0.13028289E-04    0.16543917E-01
    9   -0.14889245E+02   -0.60668210E-05    0.21031328E-02
   10   -0.14889245E+02   -0.15870076E-06    0.13150473E-02
   11   -0.14889245E+02   -0.21417492E-06    0.53074175E-03
   12   -0.14889245E+02   -0.22460906E-07    0.17619287E-03
   13   -0.14889245E+02   -0.13754580E-08    0.20588403E-04
   14   -0.14889245E+02   -0.58625105E-10    0.10748572E-04
   15   -0.14889245E+02   -0.13109513E-11    0.63311262E-06
>> Charges saved for restart in charges.bin
 
 Total Energy:                     -14.6258411180 H
 Total Mermin free energy:         -14.6258411180 H
