================================================================================
==
==   Density Functional based Tight Binding with a lot of extensions (DFTB+)    
==
==                              Release: 1.2 (p2)
==
==                            (ParserVersion = 4)
==
================================================================================


********************************************************************************
** Parsing and initializing
********************************************************************************

Interpreting input file 'dftb_in.hsd'
--------------------------------------------------------------------------------
WARNING!
-> WriteHSDInput and WriteXMLInput both turned off. You won't eventually be 
 able to obtain the same results with a later version of the code!
Path: dftb_in/ParserOptions
Line: 84-87 (File: dftb_in.hsd)

Reading SK-files:
  /home/andersx/parameters/3ob-3-1/N-N.skf
  /home/andersx/parameters/3ob-3-1/N-C.skf
  /home/andersx/parameters/3ob-3-1/N-O.skf
  /home/andersx/parameters/3ob-3-1/N-H.skf
  /home/andersx/parameters/3ob-3-1/C-N.skf
  /home/andersx/parameters/3ob-3-1/C-C.skf
  /home/andersx/parameters/3ob-3-1/C-O.skf
  /home/andersx/parameters/3ob-3-1/C-H.skf
  /home/andersx/parameters/3ob-3-1/O-N.skf
  /home/andersx/parameters/3ob-3-1/O-C.skf
  /home/andersx/parameters/3ob-3-1/O-O.skf
  /home/andersx/parameters/3ob-3-1/O-H.skf
  /home/andersx/parameters/3ob-3-1/H-N.skf
  /home/andersx/parameters/3ob-3-1/H-C.skf
  /home/andersx/parameters/3ob-3-1/H-O.skf
  /home/andersx/parameters/3ob-3-1/H-H.skf
Done.

Starting initialization...
--------------------------------------------------------------------------------
Mode:                        Static calculation
Self consistent charges:     Yes
SCC-tolerance:                 0.100000E-05
Max. scc iterations:                    100
Ewald alpha parameter:         0.000000E+00
Spin polarisation:           No
Nr. of up electrons:            21.000000
Nr. of down electrons:          21.000000
Periodic boundaries:         No
Diagonalizer:                Divide and Conquer
Mixer:                       Anderson mixer
Mixing parameter:                  0.200000
Maximal SCC-cycles:                     100
Nr. of chrg. vectors to mix:              8
Electronic temperature:        0.100000E-07
Initial charges:             Set automatically (system chrg:   0.000E+00)
Included shells:              N:  s, p
                              C:  s, p
                              O:  s, p
                              H:  s
Full 3rd order correction    Yes
Damped SCC                   Yes
Damped specie(s):            H                                                 
Extra options:
--------------------------------------------------------------------------------
 

********************************************************************************
** Geometry step: 0
********************************************************************************

  iSCC Total electronic   Diff electronic      SCC error    
    1   -0.19455436E+02    0.00000000E+00    0.89886894E+00
    2   -0.19456389E+02   -0.95333150E-03    0.88450976E+00
    3   -0.19480240E+02   -0.23850113E-01    0.25833684E+00
    4   -0.19480401E+02   -0.16181483E-03    0.25545390E+00
    5   -0.19482267E+02   -0.18653326E-02    0.15389512E-01
    6   -0.19482268E+02   -0.11556426E-05    0.16293689E-01
    7   -0.19482299E+02   -0.31547583E-04    0.10680656E-01
    8   -0.19482303E+02   -0.34841177E-05    0.21059745E-02
    9   -0.19482303E+02   -0.52210172E-07    0.19940782E-02
   10   -0.19482303E+02   -0.89938357E-07    0.11586452E-02
   11   -0.19482303E+02   -0.48456741E-08    0.59101518E-03
   12   -0.19482303E+02   -0.22868068E-07    0.98097803E-04
   13   -0.19482303E+02   -0.12547474E-09    0.23856911E-04
   14   -0.19482303E+02   -0.33889336E-10    0.20362994E-05
   15   -0.19482303E+02   -0.11013412E-12    0.72699945E-06
>> Charges saved for restart in charges.bin
 
 Total Energy:                     -19.2700116667 H
 Total Mermin free energy:         -19.2700116667 H
