================================================================================
==
==   Density Functional based Tight Binding with a lot of extensions (DFTB+)    
==
==                              Release: 1.2 (p2)
==
==                            (ParserVersion = 4)
==
================================================================================


********************************************************************************
** Parsing and initializing
********************************************************************************

Interpreting input file 'dftb_in.hsd'
--------------------------------------------------------------------------------
WARNING!
-> WriteHSDInput and WriteXMLInput both turned off. You won't eventually be 
 able to obtain the same results with a later version of the code!
Path: dftb_in/ParserOptions
Line: 82-85 (File: dftb_in.hsd)

Reading SK-files:
  /home/andersx/parameters/3ob-3-1/N-N.skf
  /home/andersx/parameters/3ob-3-1/N-C.skf
  /home/andersx/parameters/3ob-3-1/N-O.skf
  /home/andersx/parameters/3ob-3-1/N-H.skf
  /home/andersx/parameters/3ob-3-1/C-N.skf
  /home/andersx/parameters/3ob-3-1/C-C.skf
  /home/andersx/parameters/3ob-3-1/C-O.skf
  /home/andersx/parameters/3ob-3-1/C-H.skf
  /home/andersx/parameters/3ob-3-1/O-N.skf
  /home/andersx/parameters/3ob-3-1/O-C.skf
  /home/andersx/parameters/3ob-3-1/O-O.skf
  /home/andersx/parameters/3ob-3-1/O-H.skf
  /home/andersx/parameters/3ob-3-1/H-N.skf
  /home/andersx/parameters/3ob-3-1/H-C.skf
  /home/andersx/parameters/3ob-3-1/H-O.skf
  /home/andersx/parameters/3ob-3-1/H-H.skf
Done.

Starting initialization...
--------------------------------------------------------------------------------
Mode:                        Static calculation
Self consistent charges:     Yes
SCC-tolerance:                 0.100000E-05
Max. scc iterations:                    100
Ewald alpha parameter:         0.000000E+00
Spin polarisation:           No
Nr. of up electrons:            20.000000
Nr. of down electrons:          20.000000
Periodic boundaries:         No
Diagonalizer:                Divide and Conquer
Mixer:                       Anderson mixer
Mixing parameter:                  0.200000
Maximal SCC-cycles:                     100
Nr. of chrg. vectors to mix:              8
Electronic temperature:        0.100000E-07
Initial charges:             Set automatically (system chrg:   0.000E+00)
Included shells:              N:  s, p
                              C:  s, p
                              O:  s, p
                              H:  s
Full 3rd order correction    Yes
Damped SCC                   Yes
Damped specie(s):            H                                                 
Extra options:
--------------------------------------------------------------------------------
 

********************************************************************************
** Geometry step: 0
********************************************************************************

  iSCC Total electronic   Diff electronic      SCC error    
    1   -0.18760037E+02    0.00000000E+00    0.90034776E+00
    2   -0.18761020E+02   -0.98357407E-03    0.88596795E+00
    3   -0.18786561E+02   -0.25540494E-01    0.24887109E+00
    4   -0.18787176E+02   -0.61555810E-03    0.24858506E+00
    5   -0.18788838E+02   -0.16616820E-02    0.52896400E-01
    6   -0.18788947E+02   -0.10945614E-03    0.15509728E-01
    7   -0.18788948E+02   -0.36065394E-06    0.15861569E-01
    8   -0.18788971E+02   -0.23450850E-04    0.22734516E-02
    9   -0.18788971E+02   -0.17036722E-07    0.19609058E-02
   10   -0.18788971E+02   -0.10105038E-06    0.13836469E-02
   11   -0.18788971E+02   -0.76593949E-08    0.73538749E-03
   12   -0.18788971E+02   -0.24344136E-07    0.15426705E-03
   13   -0.18788971E+02   -0.26999842E-08    0.58143672E-04
   14   -0.18788971E+02   -0.38046366E-09    0.13537048E-04
   15   -0.18788971E+02   -0.14900081E-10    0.13681704E-05
   16   -0.18788971E+02   -0.31974423E-13    0.33969972E-06
>> Charges saved for restart in charges.bin
 
 Total Energy:                     -18.4766996966 H
 Total Mermin free energy:         -18.4766996966 H
