================================================================================
==
==   Density Functional based Tight Binding with a lot of extensions (DFTB+)    
==
==                              Release: 1.2 (p2)
==
==                            (ParserVersion = 4)
==
================================================================================


********************************************************************************
** Parsing and initializing
********************************************************************************

Interpreting input file 'dftb_in.hsd'
--------------------------------------------------------------------------------
WARNING!
-> WriteHSDInput and WriteXMLInput both turned off. You won't eventually be 
 able to obtain the same results with a later version of the code!
Path: dftb_in/ParserOptions
Line: 81-84 (File: dftb_in.hsd)

Reading SK-files:
  /home/andersx/parameters/3ob-3-1/N-N.skf
  /home/andersx/parameters/3ob-3-1/N-C.skf
  /home/andersx/parameters/3ob-3-1/N-O.skf
  /home/andersx/parameters/3ob-3-1/N-H.skf
  /home/andersx/parameters/3ob-3-1/C-N.skf
  /home/andersx/parameters/3ob-3-1/C-C.skf
  /home/andersx/parameters/3ob-3-1/C-O.skf
  /home/andersx/parameters/3ob-3-1/C-H.skf
  /home/andersx/parameters/3ob-3-1/O-N.skf
  /home/andersx/parameters/3ob-3-1/O-C.skf
  /home/andersx/parameters/3ob-3-1/O-O.skf
  /home/andersx/parameters/3ob-3-1/O-H.skf
  /home/andersx/parameters/3ob-3-1/H-N.skf
  /home/andersx/parameters/3ob-3-1/H-C.skf
  /home/andersx/parameters/3ob-3-1/H-O.skf
  /home/andersx/parameters/3ob-3-1/H-H.skf
Done.

Starting initialization...
--------------------------------------------------------------------------------
Mode:                        Static calculation
Self consistent charges:     Yes
SCC-tolerance:                 0.100000E-05
Max. scc iterations:                    100
Ewald alpha parameter:         0.000000E+00
Spin polarisation:           No
Nr. of up electrons:            19.000000
Nr. of down electrons:          19.000000
Periodic boundaries:         No
Diagonalizer:                Divide and Conquer
Mixer:                       Anderson mixer
Mixing parameter:                  0.200000
Maximal SCC-cycles:                     100
Nr. of chrg. vectors to mix:              8
Electronic temperature:        0.100000E-07
Initial charges:             Set automatically (system chrg:   0.000E+00)
Included shells:              N:  s, p
                              C:  s, p
                              O:  s, p
                              H:  s
Full 3rd order correction    Yes
Damped SCC                   Yes
Damped specie(s):            H                                                 
Extra options:
--------------------------------------------------------------------------------
 

********************************************************************************
** Geometry step: 0
********************************************************************************

  iSCC Total electronic   Diff electronic      SCC error    
    1   -0.17623422E+02    0.00000000E+00    0.95148341E+00
    2   -0.17624285E+02   -0.86264570E-03    0.93703393E+00
    3   -0.17646511E+02   -0.22225842E-01    0.19815194E+00
    4   -0.17646976E+02   -0.46516905E-03    0.20180706E+00
    5   -0.17648847E+02   -0.18707101E-02    0.36363330E-01
    6   -0.17648860E+02   -0.13361150E-04    0.32623305E-01
    7   -0.17648897E+02   -0.36664814E-04    0.19505791E-01
    8   -0.17648898E+02   -0.16021001E-05    0.46750622E-02
    9   -0.17648899E+02   -0.47509061E-06    0.39943812E-02
   10   -0.17648900E+02   -0.11884282E-05    0.30421895E-03
   11   -0.17648900E+02   -0.85371497E-08    0.18577348E-03
   12   -0.17648900E+02   -0.29552609E-08    0.33540698E-04
   13   -0.17648900E+02   -0.77942985E-10    0.46982630E-05
   14   -0.17648900E+02   -0.67501560E-12    0.15649508E-05
   15   -0.17648900E+02   -0.39079850E-13    0.15433696E-06
>> Charges saved for restart in charges.bin
 
 Total Energy:                     -17.1513345156 H
 Total Mermin free energy:         -17.1513345156 H
