================================================================================
==
==   Density Functional based Tight Binding with a lot of extensions (DFTB+)    
==
==                              Release: 1.2 (p2)
==
==                            (ParserVersion = 4)
==
================================================================================


********************************************************************************
** Parsing and initializing
********************************************************************************

Interpreting input file 'dftb_in.hsd'
--------------------------------------------------------------------------------
WARNING!
-> WriteHSDInput and WriteXMLInput both turned off. You won't eventually be 
 able to obtain the same results with a later version of the code!
Path: dftb_in/ParserOptions
Line: 81-84 (File: dftb_in.hsd)

Reading SK-files:
  /home/andersx/parameters/3ob-3-1/N-N.skf
  /home/andersx/parameters/3ob-3-1/N-C.skf
  /home/andersx/parameters/3ob-3-1/N-O.skf
  /home/andersx/parameters/3ob-3-1/N-H.skf
  /home/andersx/parameters/3ob-3-1/C-N.skf
  /home/andersx/parameters/3ob-3-1/C-C.skf
  /home/andersx/parameters/3ob-3-1/C-O.skf
  /home/andersx/parameters/3ob-3-1/C-H.skf
  /home/andersx/parameters/3ob-3-1/O-N.skf
  /home/andersx/parameters/3ob-3-1/O-C.skf
  /home/andersx/parameters/3ob-3-1/O-O.skf
  /home/andersx/parameters/3ob-3-1/O-H.skf
  /home/andersx/parameters/3ob-3-1/H-N.skf
  /home/andersx/parameters/3ob-3-1/H-C.skf
  /home/andersx/parameters/3ob-3-1/H-O.skf
  /home/andersx/parameters/3ob-3-1/H-H.skf
Done.

Starting initialization...
--------------------------------------------------------------------------------
Mode:                        Static calculation
Self consistent charges:     Yes
SCC-tolerance:                 0.100000E-05
Max. scc iterations:                    100
Ewald alpha parameter:         0.000000E+00
Spin polarisation:           No
Nr. of up electrons:            19.000000
Nr. of down electrons:          19.000000
Periodic boundaries:         No
Diagonalizer:                Divide and Conquer
Mixer:                       Anderson mixer
Mixing parameter:                  0.200000
Maximal SCC-cycles:                     100
Nr. of chrg. vectors to mix:              8
Electronic temperature:        0.100000E-07
Initial charges:             Set automatically (system chrg:   0.000E+00)
Included shells:              N:  s, p
                              C:  s, p
                              O:  s, p
                              H:  s
Full 3rd order correction    Yes
Damped SCC                   Yes
Damped specie(s):            H                                                 
Extra options:
--------------------------------------------------------------------------------
 

********************************************************************************
** Geometry step: 0
********************************************************************************

  iSCC Total electronic   Diff electronic      SCC error    
    1   -0.17464262E+02    0.00000000E+00    0.55721680E+00
    2   -0.17464789E+02   -0.52745935E-03    0.54946884E+00
    3   -0.17475896E+02   -0.11107273E-01    0.15330617E+00
    4   -0.17475615E+02    0.28124343E-03    0.15143160E+00
    5   -0.17477534E+02   -0.19186582E-02    0.59205326E-01
    6   -0.17477695E+02   -0.16148477E-03    0.33625576E-01
    7   -0.17477571E+02    0.12435807E-03    0.44121762E-01
    8   -0.17477765E+02   -0.19364324E-03    0.75599081E-02
    9   -0.17477768E+02   -0.30135231E-05    0.54605963E-02
   10   -0.17477770E+02   -0.21586144E-05    0.24953710E-02
   11   -0.17477771E+02   -0.73176685E-06    0.48227274E-03
   12   -0.17477771E+02   -0.12386188E-07    0.20718821E-03
   13   -0.17477771E+02   -0.24875604E-08    0.98558125E-05
   14   -0.17477771E+02   -0.16328272E-10    0.25575770E-05
   15   -0.17477771E+02   -0.15631940E-12    0.11199462E-05
   16   -0.17477771E+02   -0.14210855E-13    0.91150150E-07
>> Charges saved for restart in charges.bin
 
 Total Energy:                     -17.1143903088 H
 Total Mermin free energy:         -17.1143903088 H
