================================================================================
==
==   Density Functional based Tight Binding with a lot of extensions (DFTB+)    
==
==                              Release: 1.2 (p2)
==
==                            (ParserVersion = 4)
==
================================================================================


********************************************************************************
** Parsing and initializing
********************************************************************************

Interpreting input file 'dftb_in.hsd'
--------------------------------------------------------------------------------
WARNING!
-> WriteHSDInput and WriteXMLInput both turned off. You won't eventually be 
 able to obtain the same results with a later version of the code!
Path: dftb_in/ParserOptions
Line: 81-84 (File: dftb_in.hsd)

Reading SK-files:
  /home/andersx/parameters/3ob-3-1/N-N.skf
  /home/andersx/parameters/3ob-3-1/N-C.skf
  /home/andersx/parameters/3ob-3-1/N-O.skf
  /home/andersx/parameters/3ob-3-1/N-H.skf
  /home/andersx/parameters/3ob-3-1/C-N.skf
  /home/andersx/parameters/3ob-3-1/C-C.skf
  /home/andersx/parameters/3ob-3-1/C-O.skf
  /home/andersx/parameters/3ob-3-1/C-H.skf
  /home/andersx/parameters/3ob-3-1/O-N.skf
  /home/andersx/parameters/3ob-3-1/O-C.skf
  /home/andersx/parameters/3ob-3-1/O-O.skf
  /home/andersx/parameters/3ob-3-1/O-H.skf
  /home/andersx/parameters/3ob-3-1/H-N.skf
  /home/andersx/parameters/3ob-3-1/H-C.skf
  /home/andersx/parameters/3ob-3-1/H-O.skf
  /home/andersx/parameters/3ob-3-1/H-H.skf
Done.

Starting initialization...
--------------------------------------------------------------------------------
Mode:                        Static calculation
Self consistent charges:     Yes
SCC-tolerance:                 0.100000E-05
Max. scc iterations:                    100
Ewald alpha parameter:         0.000000E+00
Spin polarisation:           No
Nr. of up electrons:            19.000000
Nr. of down electrons:          19.000000
Periodic boundaries:         No
Diagonalizer:                Divide and Conquer
Mixer:                       Anderson mixer
Mixing parameter:                  0.200000
Maximal SCC-cycles:                     100
Nr. of chrg. vectors to mix:              8
Electronic temperature:        0.100000E-07
Initial charges:             Set automatically (system chrg:   0.000E+00)
Included shells:              N:  s, p
                              C:  s, p
                              O:  s, p
                              H:  s
Full 3rd order correction    Yes
Damped SCC                   Yes
Damped specie(s):            H                                                 
Extra options:
--------------------------------------------------------------------------------
 

********************************************************************************
** Geometry step: 0
********************************************************************************

  iSCC Total electronic   Diff electronic      SCC error    
    1   -0.17546958E+02    0.00000000E+00    0.67288709E+00
    2   -0.17547221E+02   -0.26255863E-03    0.66414547E+00
    3   -0.17554538E+02   -0.73175945E-02    0.11286011E+00
    4   -0.17554417E+02    0.12098827E-03    0.10591152E+00
    5   -0.17554807E+02   -0.38970873E-03    0.60570118E-01
    6   -0.17554912E+02   -0.10537248E-03    0.21421519E-01
    7   -0.17554900E+02    0.12040610E-04    0.26396510E-01
    8   -0.17554947E+02   -0.46754906E-04    0.36377179E-02
    9   -0.17554947E+02   -0.45131891E-07    0.39648381E-02
   10   -0.17554947E+02   -0.15533722E-06    0.24592000E-02
   11   -0.17554947E+02   -0.70898722E-07    0.47135063E-03
   12   -0.17554947E+02   -0.44059142E-07    0.25805582E-03
   13   -0.17554947E+02   -0.28154794E-08    0.13641656E-03
   14   -0.17554947E+02   -0.58969007E-09    0.13916055E-04
   15   -0.17554947E+02   -0.83169027E-11    0.12562708E-05
   16   -0.17554947E+02   -0.74606987E-13    0.23526781E-06
>> Charges saved for restart in charges.bin
 
 Total Energy:                     -17.0710749795 H
 Total Mermin free energy:         -17.0710749795 H
