================================================================================
==
==   Density Functional based Tight Binding with a lot of extensions (DFTB+)    
==
==                              Release: 1.2 (p2)
==
==                            (ParserVersion = 4)
==
================================================================================


********************************************************************************
** Parsing and initializing
********************************************************************************

Interpreting input file 'dftb_in.hsd'
--------------------------------------------------------------------------------
WARNING!
-> WriteHSDInput and WriteXMLInput both turned off. You won't eventually be 
 able to obtain the same results with a later version of the code!
Path: dftb_in/ParserOptions
Line: 81-84 (File: dftb_in.hsd)

Reading SK-files:
  /home/andersx/parameters/3ob-3-1/N-N.skf
  /home/andersx/parameters/3ob-3-1/N-C.skf
  /home/andersx/parameters/3ob-3-1/N-O.skf
  /home/andersx/parameters/3ob-3-1/N-H.skf
  /home/andersx/parameters/3ob-3-1/C-N.skf
  /home/andersx/parameters/3ob-3-1/C-C.skf
  /home/andersx/parameters/3ob-3-1/C-O.skf
  /home/andersx/parameters/3ob-3-1/C-H.skf
  /home/andersx/parameters/3ob-3-1/O-N.skf
  /home/andersx/parameters/3ob-3-1/O-C.skf
  /home/andersx/parameters/3ob-3-1/O-O.skf
  /home/andersx/parameters/3ob-3-1/O-H.skf
  /home/andersx/parameters/3ob-3-1/H-N.skf
  /home/andersx/parameters/3ob-3-1/H-C.skf
  /home/andersx/parameters/3ob-3-1/H-O.skf
  /home/andersx/parameters/3ob-3-1/H-H.skf
Done.

Starting initialization...
--------------------------------------------------------------------------------
Mode:                        Static calculation
Self consistent charges:     Yes
SCC-tolerance:                 0.100000E-05
Max. scc iterations:                    100
Ewald alpha parameter:         0.000000E+00
Spin polarisation:           No
Nr. of up electrons:            19.000000
Nr. of down electrons:          19.000000
Periodic boundaries:         No
Diagonalizer:                Divide and Conquer
Mixer:                       Anderson mixer
Mixing parameter:                  0.200000
Maximal SCC-cycles:                     100
Nr. of chrg. vectors to mix:              8
Electronic temperature:        0.100000E-07
Initial charges:             Set automatically (system chrg:   0.000E+00)
Included shells:              N:  s, p
                              C:  s, p
                              O:  s, p
                              H:  s
Full 3rd order correction    Yes
Damped SCC                   Yes
Damped specie(s):            H                                                 
Extra options:
--------------------------------------------------------------------------------
 

********************************************************************************
** Geometry step: 0
********************************************************************************

  iSCC Total electronic   Diff electronic      SCC error    
    1   -0.17524490E+02    0.00000000E+00    0.67763227E+00
    2   -0.17524752E+02   -0.26258069E-03    0.66868912E+00
    3   -0.17532449E+02   -0.76964816E-02    0.10736347E+00
    4   -0.17532380E+02    0.68380087E-04    0.99783894E-01
    5   -0.17532538E+02   -0.15772590E-03    0.60705772E-01
    6   -0.17532620E+02   -0.82509168E-04    0.12719671E-01
    7   -0.17532621E+02   -0.64864152E-06    0.12992383E-01
    8   -0.17532640E+02   -0.18823826E-04    0.23996451E-02
    9   -0.17532640E+02   -0.67150793E-07    0.25905322E-02
   10   -0.17532640E+02   -0.24725309E-06    0.13476284E-02
   11   -0.17532640E+02   -0.24197213E-07    0.55915190E-03
   12   -0.17532640E+02   -0.22324699E-07    0.96573496E-04
   13   -0.17532640E+02   -0.51342752E-09    0.33682873E-04
   14   -0.17532640E+02   -0.10236434E-09    0.58603852E-05
   15   -0.17532640E+02   -0.13962165E-11    0.20867806E-06
>> Charges saved for restart in charges.bin
 
 Total Energy:                     -17.0640147719 H
 Total Mermin free energy:         -17.0640147719 H
