================================================================================
==
==   Density Functional based Tight Binding with a lot of extensions (DFTB+)    
==
==                              Release: 1.2 (p2)
==
==                            (ParserVersion = 4)
==
================================================================================


********************************************************************************
** Parsing and initializing
********************************************************************************

Interpreting input file 'dftb_in.hsd'
--------------------------------------------------------------------------------
WARNING!
-> WriteHSDInput and WriteXMLInput both turned off. You won't eventually be 
 able to obtain the same results with a later version of the code!
Path: dftb_in/ParserOptions
Line: 83-86 (File: dftb_in.hsd)

Reading SK-files:
  /home/andersx/parameters/3ob-3-1/N-N.skf
  /home/andersx/parameters/3ob-3-1/N-C.skf
  /home/andersx/parameters/3ob-3-1/N-O.skf
  /home/andersx/parameters/3ob-3-1/N-H.skf
  /home/andersx/parameters/3ob-3-1/C-N.skf
  /home/andersx/parameters/3ob-3-1/C-C.skf
  /home/andersx/parameters/3ob-3-1/C-O.skf
  /home/andersx/parameters/3ob-3-1/C-H.skf
  /home/andersx/parameters/3ob-3-1/O-N.skf
  /home/andersx/parameters/3ob-3-1/O-C.skf
  /home/andersx/parameters/3ob-3-1/O-O.skf
  /home/andersx/parameters/3ob-3-1/O-H.skf
  /home/andersx/parameters/3ob-3-1/H-N.skf
  /home/andersx/parameters/3ob-3-1/H-C.skf
  /home/andersx/parameters/3ob-3-1/H-O.skf
  /home/andersx/parameters/3ob-3-1/H-H.skf
Done.

Starting initialization...
--------------------------------------------------------------------------------
Mode:                        Static calculation
Self consistent charges:     Yes
SCC-tolerance:                 0.100000E-05
Max. scc iterations:                    100
Ewald alpha parameter:         0.000000E+00
Spin polarisation:           No
Nr. of up electrons:            20.000000
Nr. of down electrons:          20.000000
Periodic boundaries:         No
Diagonalizer:                Divide and Conquer
Mixer:                       Anderson mixer
Mixing parameter:                  0.200000
Maximal SCC-cycles:                     100
Nr. of chrg. vectors to mix:              8
Electronic temperature:        0.100000E-07
Initial charges:             Set automatically (system chrg:   0.000E+00)
Included shells:              N:  s, p
                              C:  s, p
                              O:  s, p
                              H:  s
Full 3rd order correction    Yes
Damped SCC                   Yes
Damped specie(s):            H                                                 
Extra options:
--------------------------------------------------------------------------------
 

********************************************************************************
** Geometry step: 0
********************************************************************************

  iSCC Total electronic   Diff electronic      SCC error    
    1   -0.18187290E+02    0.00000000E+00    0.49307378E+00
    2   -0.18187516E+02   -0.22648434E-03    0.48782506E+00
    3   -0.18193893E+02   -0.63769666E-02    0.11735121E+00
    4   -0.18193804E+02    0.88948251E-04    0.10313507E+00
    5   -0.18194160E+02   -0.35564915E-03    0.43564735E-01
    6   -0.18194221E+02   -0.61035773E-04    0.13576119E-01
    7   -0.18194224E+02   -0.28819277E-05    0.16068643E-01
    8   -0.18194240E+02   -0.16661829E-04    0.36463925E-02
    9   -0.18194240E+02   -0.17623513E-07    0.29198587E-02
   10   -0.18194241E+02   -0.18914992E-06    0.25630137E-02
   11   -0.18194241E+02   -0.51933053E-07    0.12588783E-02
   12   -0.18194241E+02   -0.67180636E-07    0.29931801E-03
   13   -0.18194241E+02   -0.37307188E-08    0.20491605E-03
   14   -0.18194241E+02   -0.67631944E-09    0.14531672E-04
   15   -0.18194241E+02   -0.35640824E-10    0.27546088E-05
   16   -0.18194241E+02   -0.14566126E-12    0.91102827E-06
>> Charges saved for restart in charges.bin
 
 Total Energy:                     -17.8544062233 H
 Total Mermin free energy:         -17.8544062233 H
