================================================================================
==
==   Density Functional based Tight Binding with a lot of extensions (DFTB+)    
==
==                              Release: 1.2 (p2)
==
==                            (ParserVersion = 4)
==
================================================================================


********************************************************************************
** Parsing and initializing
********************************************************************************

Interpreting input file 'dftb_in.hsd'
--------------------------------------------------------------------------------
WARNING!
-> WriteHSDInput and WriteXMLInput both turned off. You won't eventually be 
 able to obtain the same results with a later version of the code!
Path: dftb_in/ParserOptions
Line: 71-74 (File: dftb_in.hsd)

Reading SK-files:
  /home/andersx/parameters/3ob-3-1/C-C.skf
  /home/andersx/parameters/3ob-3-1/C-O.skf
  /home/andersx/parameters/3ob-3-1/C-H.skf
  /home/andersx/parameters/3ob-3-1/O-C.skf
  /home/andersx/parameters/3ob-3-1/O-O.skf
  /home/andersx/parameters/3ob-3-1/O-H.skf
  /home/andersx/parameters/3ob-3-1/H-C.skf
  /home/andersx/parameters/3ob-3-1/H-O.skf
  /home/andersx/parameters/3ob-3-1/H-H.skf
Done.

Starting initialization...
--------------------------------------------------------------------------------
Mode:                        Static calculation
Self consistent charges:     Yes
SCC-tolerance:                 0.100000E-05
Max. scc iterations:                    100
Ewald alpha parameter:         0.000000E+00
Spin polarisation:           No
Nr. of up electrons:            16.000000
Nr. of down electrons:          16.000000
Periodic boundaries:         No
Diagonalizer:                Divide and Conquer
Mixer:                       Anderson mixer
Mixing parameter:                  0.200000
Maximal SCC-cycles:                     100
Nr. of chrg. vectors to mix:              8
Electronic temperature:        0.100000E-07
Initial charges:             Set automatically (system chrg:   0.000E+00)
Included shells:              C:  s, p
                              O:  s, p
                              H:  s
Full 3rd order correction    Yes
Damped SCC                   Yes
Damped specie(s):            H                                                 
Extra options:
--------------------------------------------------------------------------------
 

********************************************************************************
** Geometry step: 0
********************************************************************************

  iSCC Total electronic   Diff electronic      SCC error    
    1   -0.14009159E+02    0.00000000E+00    0.68065181E+00
    2   -0.14009696E+02   -0.53684530E-03    0.66948328E+00
    3   -0.14024204E+02   -0.14508264E-01    0.99376901E-01
    4   -0.14024108E+02    0.96597532E-04    0.94847016E-01
    5   -0.14024318E+02   -0.20990066E-03    0.64989928E-01
    6   -0.14024435E+02   -0.11782583E-03    0.78871049E-02
    7   -0.14024433E+02    0.25688224E-05    0.84566031E-02
    8   -0.14024441E+02   -0.85283796E-05    0.42179938E-02
    9   -0.14024442E+02   -0.60839974E-06    0.38788246E-03
   10   -0.14024442E+02   -0.18976330E-07    0.33403437E-03
   11   -0.14024442E+02   -0.42540460E-08    0.41294189E-04
   12   -0.14024442E+02   -0.35230485E-10    0.26157856E-05
   13   -0.14024442E+02   -0.23803182E-12    0.49011171E-06
>> Charges saved for restart in charges.bin
 
 Total Energy:                     -14.0139559378 H
 Total Mermin free energy:         -14.0139559378 H
