================================================================================
==
==   Density Functional based Tight Binding with a lot of extensions (DFTB+)    
==
==                              Release: 1.2 (p2)
==
==                            (ParserVersion = 4)
==
================================================================================


********************************************************************************
** Parsing and initializing
********************************************************************************

Interpreting input file 'dftb_in.hsd'
--------------------------------------------------------------------------------
WARNING!
-> WriteHSDInput and WriteXMLInput both turned off. You won't eventually be 
 able to obtain the same results with a later version of the code!
Path: dftb_in/ParserOptions
Line: 80-83 (File: dftb_in.hsd)

Reading SK-files:
  /home/andersx/parameters/3ob-3-1/O-O.skf
  /home/andersx/parameters/3ob-3-1/O-C.skf
  /home/andersx/parameters/3ob-3-1/O-N.skf
  /home/andersx/parameters/3ob-3-1/O-H.skf
  /home/andersx/parameters/3ob-3-1/C-O.skf
  /home/andersx/parameters/3ob-3-1/C-C.skf
  /home/andersx/parameters/3ob-3-1/C-N.skf
  /home/andersx/parameters/3ob-3-1/C-H.skf
  /home/andersx/parameters/3ob-3-1/N-O.skf
  /home/andersx/parameters/3ob-3-1/N-C.skf
  /home/andersx/parameters/3ob-3-1/N-N.skf
  /home/andersx/parameters/3ob-3-1/N-H.skf
  /home/andersx/parameters/3ob-3-1/H-O.skf
  /home/andersx/parameters/3ob-3-1/H-C.skf
  /home/andersx/parameters/3ob-3-1/H-N.skf
  /home/andersx/parameters/3ob-3-1/H-H.skf
Done.

Starting initialization...
--------------------------------------------------------------------------------
Mode:                        Static calculation
Self consistent charges:     Yes
SCC-tolerance:                 0.100000E-05
Max. scc iterations:                    100
Ewald alpha parameter:         0.000000E+00
Spin polarisation:           No
Nr. of up electrons:            18.000000
Nr. of down electrons:          18.000000
Periodic boundaries:         No
Diagonalizer:                Divide and Conquer
Mixer:                       Anderson mixer
Mixing parameter:                  0.200000
Maximal SCC-cycles:                     100
Nr. of chrg. vectors to mix:              8
Electronic temperature:        0.100000E-07
Initial charges:             Set automatically (system chrg:   0.000E+00)
Included shells:              O:  s, p
                              C:  s, p
                              N:  s, p
                              H:  s
Full 3rd order correction    Yes
Damped SCC                   Yes
Damped specie(s):            H                                                 
Extra options:
--------------------------------------------------------------------------------
 

********************************************************************************
** Geometry step: 0
********************************************************************************

  iSCC Total electronic   Diff electronic      SCC error    
    1   -0.16234997E+02    0.00000000E+00    0.67427018E+00
    2   -0.16235481E+02   -0.48336024E-03    0.66438331E+00
    3   -0.16248007E+02   -0.12526235E-01    0.95573647E-01
    4   -0.16248183E+02   -0.17568000E-03    0.79751472E-01
    5   -0.16248952E+02   -0.76951382E-03    0.19506887E-01
    6   -0.16248967E+02   -0.15325389E-04    0.13136180E-01
    7   -0.16248976E+02   -0.87150802E-05    0.10495660E-01
    8   -0.16248986E+02   -0.97034487E-05    0.14595872E-02
    9   -0.16248986E+02   -0.13244778E-06    0.12681443E-02
   10   -0.16248986E+02   -0.27827614E-06    0.30861262E-03
   11   -0.16248986E+02   -0.66312644E-08    0.15684897E-03
   12   -0.16248986E+02   -0.19489192E-08    0.13623857E-04
   13   -0.16248986E+02   -0.14647838E-10    0.10517935E-05
   14   -0.16248986E+02   -0.17763568E-13    0.24848501E-06
>> Charges saved for restart in charges.bin
 
 Total Energy:                     -16.0209643026 H
 Total Mermin free energy:         -16.0209643026 H
