================================================================================
==
==   Density Functional based Tight Binding with a lot of extensions (DFTB+)    
==
==                              Release: 1.2 (p2)
==
==                            (ParserVersion = 4)
==
================================================================================


********************************************************************************
** Parsing and initializing
********************************************************************************

Interpreting input file 'dftb_in.hsd'
--------------------------------------------------------------------------------
WARNING!
-> WriteHSDInput and WriteXMLInput both turned off. You won't eventually be 
 able to obtain the same results with a later version of the code!
Path: dftb_in/ParserOptions
Line: 73-76 (File: dftb_in.hsd)

Reading SK-files:
  /home/andersx/parameters/3ob-3-1/C-C.skf
  /home/andersx/parameters/3ob-3-1/C-O.skf
  /home/andersx/parameters/3ob-3-1/C-H.skf
  /home/andersx/parameters/3ob-3-1/O-C.skf
  /home/andersx/parameters/3ob-3-1/O-O.skf
  /home/andersx/parameters/3ob-3-1/O-H.skf
  /home/andersx/parameters/3ob-3-1/H-C.skf
  /home/andersx/parameters/3ob-3-1/H-O.skf
  /home/andersx/parameters/3ob-3-1/H-H.skf
Done.

Starting initialization...
--------------------------------------------------------------------------------
Mode:                        Static calculation
Self consistent charges:     Yes
SCC-tolerance:                 0.100000E-05
Max. scc iterations:                    100
Ewald alpha parameter:         0.000000E+00
Spin polarisation:           No
Nr. of up electrons:            17.000000
Nr. of down electrons:          17.000000
Periodic boundaries:         No
Diagonalizer:                Divide and Conquer
Mixer:                       Anderson mixer
Mixing parameter:                  0.200000
Maximal SCC-cycles:                     100
Nr. of chrg. vectors to mix:              8
Electronic temperature:        0.100000E-07
Initial charges:             Set automatically (system chrg:   0.000E+00)
Included shells:              C:  s, p
                              O:  s, p
                              H:  s
Full 3rd order correction    Yes
Damped SCC                   Yes
Damped specie(s):            H                                                 
Extra options:
--------------------------------------------------------------------------------
 

********************************************************************************
** Geometry step: 0
********************************************************************************

  iSCC Total electronic   Diff electronic      SCC error    
    1   -0.14757371E+02    0.00000000E+00    0.64251674E+00
    2   -0.14757962E+02   -0.59170256E-03    0.63153786E+00
    3   -0.14773721E+02   -0.15758992E-01    0.57594272E-01
    4   -0.14773675E+02    0.46101297E-04    0.53934765E-01
    5   -0.14773829E+02   -0.15350548E-03    0.34763716E-01
    6   -0.14773862E+02   -0.33039661E-04    0.17454475E-01
    7   -0.14773850E+02    0.11586210E-04    0.21575409E-01
    8   -0.14773871E+02   -0.20744414E-04    0.22219608E-02
    9   -0.14773871E+02   -0.14312393E-06    0.13677987E-02
   10   -0.14773871E+02   -0.15552340E-06    0.20940317E-03
   11   -0.14773871E+02   -0.21679547E-08    0.12026726E-03
   12   -0.14773871E+02   -0.10740671E-08    0.13738352E-04
   13   -0.14773871E+02   -0.71036510E-11    0.14202345E-05
   14   -0.14773871E+02   -0.55067062E-13    0.36411856E-06
>> Charges saved for restart in charges.bin
 
 Total Energy:                     -14.7964837149 H
 Total Mermin free energy:         -14.7964837149 H
