================================================================================
==
==   Density Functional based Tight Binding with a lot of extensions (DFTB+)    
==
==                              Release: 1.2 (p2)
==
==                            (ParserVersion = 4)
==
================================================================================


********************************************************************************
** Parsing and initializing
********************************************************************************

Interpreting input file 'dftb_in.hsd'
--------------------------------------------------------------------------------
WARNING!
-> WriteHSDInput and WriteXMLInput both turned off. You won't eventually be 
 able to obtain the same results with a later version of the code!
Path: dftb_in/ParserOptions
Line: 84-87 (File: dftb_in.hsd)

Reading SK-files:
  /home/andersx/parameters/3ob-3-1/O-O.skf
  /home/andersx/parameters/3ob-3-1/O-C.skf
  /home/andersx/parameters/3ob-3-1/O-N.skf
  /home/andersx/parameters/3ob-3-1/O-H.skf
  /home/andersx/parameters/3ob-3-1/C-O.skf
  /home/andersx/parameters/3ob-3-1/C-C.skf
  /home/andersx/parameters/3ob-3-1/C-N.skf
  /home/andersx/parameters/3ob-3-1/C-H.skf
  /home/andersx/parameters/3ob-3-1/N-O.skf
  /home/andersx/parameters/3ob-3-1/N-C.skf
  /home/andersx/parameters/3ob-3-1/N-N.skf
  /home/andersx/parameters/3ob-3-1/N-H.skf
  /home/andersx/parameters/3ob-3-1/H-O.skf
  /home/andersx/parameters/3ob-3-1/H-C.skf
  /home/andersx/parameters/3ob-3-1/H-N.skf
  /home/andersx/parameters/3ob-3-1/H-H.skf
Done.

Starting initialization...
--------------------------------------------------------------------------------
Mode:                        Static calculation
Self consistent charges:     Yes
SCC-tolerance:                 0.100000E-05
Max. scc iterations:                    100
Ewald alpha parameter:         0.000000E+00
Spin polarisation:           No
Nr. of up electrons:            20.000000
Nr. of down electrons:          20.000000
Periodic boundaries:         No
Diagonalizer:                Divide and Conquer
Mixer:                       Anderson mixer
Mixing parameter:                  0.200000
Maximal SCC-cycles:                     100
Nr. of chrg. vectors to mix:              8
Electronic temperature:        0.100000E-07
Initial charges:             Set automatically (system chrg:   0.000E+00)
Included shells:              O:  s, p
                              C:  s, p
                              N:  s, p
                              H:  s
Full 3rd order correction    Yes
Damped SCC                   Yes
Damped specie(s):            H                                                 
Extra options:
--------------------------------------------------------------------------------
 

********************************************************************************
** Geometry step: 0
********************************************************************************

  iSCC Total electronic   Diff electronic      SCC error    
    1   -0.17629479E+02    0.00000000E+00    0.68553456E+00
    2   -0.17629762E+02   -0.28241031E-03    0.67655859E+00
    3   -0.17636754E+02   -0.69919340E-02    0.71089891E-01
    4   -0.17636573E+02    0.18054229E-03    0.62136941E-01
    5   -0.17636800E+02   -0.22652667E-03    0.88189464E-01
    6   -0.17637206E+02   -0.40597440E-03    0.10923748E-01
    7   -0.17637207E+02   -0.15361724E-05    0.49423781E-02
    8   -0.17637208E+02   -0.21437653E-06    0.76977009E-02
    9   -0.17637210E+02   -0.26606919E-05    0.14930876E-02
   10   -0.17637210E+02   -0.39745704E-07    0.10193991E-02
   11   -0.17637210E+02   -0.40780293E-07    0.13218600E-03
   12   -0.17637210E+02   -0.68231998E-09    0.70318608E-04
   13   -0.17637210E+02   -0.25510616E-09    0.13298115E-04
   14   -0.17637210E+02   -0.13407941E-10    0.14211748E-05
   15   -0.17637210E+02   -0.49737992E-13    0.39532257E-06
>> Charges saved for restart in charges.bin
 
 Total Energy:                     -17.5875644346 H
 Total Mermin free energy:         -17.5875644346 H
