================================================================================
==
==   Density Functional based Tight Binding with a lot of extensions (DFTB+)    
==
==                              Release: 1.2 (p2)
==
==                            (ParserVersion = 4)
==
================================================================================


********************************************************************************
** Parsing and initializing
********************************************************************************

Interpreting input file 'dftb_in.hsd'
--------------------------------------------------------------------------------
WARNING!
-> WriteHSDInput and WriteXMLInput both turned off. You won't eventually be 
 able to obtain the same results with a later version of the code!
Path: dftb_in/ParserOptions
Line: 82-85 (File: dftb_in.hsd)

Reading SK-files:
  /home/andersx/parameters/3ob-3-1/O-O.skf
  /home/andersx/parameters/3ob-3-1/O-C.skf
  /home/andersx/parameters/3ob-3-1/O-N.skf
  /home/andersx/parameters/3ob-3-1/O-H.skf
  /home/andersx/parameters/3ob-3-1/C-O.skf
  /home/andersx/parameters/3ob-3-1/C-C.skf
  /home/andersx/parameters/3ob-3-1/C-N.skf
  /home/andersx/parameters/3ob-3-1/C-H.skf
  /home/andersx/parameters/3ob-3-1/N-O.skf
  /home/andersx/parameters/3ob-3-1/N-C.skf
  /home/andersx/parameters/3ob-3-1/N-N.skf
  /home/andersx/parameters/3ob-3-1/N-H.skf
  /home/andersx/parameters/3ob-3-1/H-O.skf
  /home/andersx/parameters/3ob-3-1/H-C.skf
  /home/andersx/parameters/3ob-3-1/H-N.skf
  /home/andersx/parameters/3ob-3-1/H-H.skf
Done.

Starting initialization...
--------------------------------------------------------------------------------
Mode:                        Static calculation
Self consistent charges:     Yes
SCC-tolerance:                 0.100000E-05
Max. scc iterations:                    100
Ewald alpha parameter:         0.000000E+00
Spin polarisation:           No
Nr. of up electrons:            19.000000
Nr. of down electrons:          19.000000
Periodic boundaries:         No
Diagonalizer:                Divide and Conquer
Mixer:                       Anderson mixer
Mixing parameter:                  0.200000
Maximal SCC-cycles:                     100
Nr. of chrg. vectors to mix:              8
Electronic temperature:        0.100000E-07
Initial charges:             Set automatically (system chrg:   0.000E+00)
Included shells:              O:  s, p
                              C:  s, p
                              N:  s, p
                              H:  s
Full 3rd order correction    Yes
Damped SCC                   Yes
Damped specie(s):            H                                                 
Extra options:
--------------------------------------------------------------------------------
 

********************************************************************************
** Geometry step: 0
********************************************************************************

  iSCC Total electronic   Diff electronic      SCC error    
    1   -0.16939353E+02    0.00000000E+00    0.71601786E+00
    2   -0.16940040E+02   -0.68745260E-03    0.70381647E+00
    3   -0.16957943E+02   -0.17902395E-01    0.13348616E+00
    4   -0.16958050E+02   -0.10737143E-03    0.13276668E+00
    5   -0.16958673E+02   -0.62297481E-03    0.15512654E-01
    6   -0.16958673E+02    0.54221725E-06    0.12148458E-01
    7   -0.16958675E+02   -0.22402079E-05    0.63977975E-02
    8   -0.16958679E+02   -0.40829749E-05    0.12108719E-02
    9   -0.16958679E+02   -0.77742872E-07    0.10370019E-02
   10   -0.16958679E+02   -0.13906446E-06    0.17642781E-03
   11   -0.16958679E+02   -0.14928325E-08    0.87259284E-04
   12   -0.16958679E+02   -0.55788263E-09    0.98831603E-05
   13   -0.16958679E+02   -0.67181816E-11    0.13046173E-05
   14   -0.16958679E+02   -0.10658141E-13    0.25973962E-06
>> Charges saved for restart in charges.bin
 
 Total Energy:                     -16.8313750902 H
 Total Mermin free energy:         -16.8313750902 H
