================================================================================
==
==   Density Functional based Tight Binding with a lot of extensions (DFTB+)    
==
==                              Release: 1.2 (p2)
==
==                            (ParserVersion = 4)
==
================================================================================


********************************************************************************
** Parsing and initializing
********************************************************************************

Interpreting input file 'dftb_in.hsd'
--------------------------------------------------------------------------------
WARNING!
-> WriteHSDInput and WriteXMLInput both turned off. You won't eventually be 
 able to obtain the same results with a later version of the code!
Path: dftb_in/ParserOptions
Line: 73-76 (File: dftb_in.hsd)

Reading SK-files:
  /home/andersx/parameters/3ob-3-1/C-C.skf
  /home/andersx/parameters/3ob-3-1/C-O.skf
  /home/andersx/parameters/3ob-3-1/C-H.skf
  /home/andersx/parameters/3ob-3-1/O-C.skf
  /home/andersx/parameters/3ob-3-1/O-O.skf
  /home/andersx/parameters/3ob-3-1/O-H.skf
  /home/andersx/parameters/3ob-3-1/H-C.skf
  /home/andersx/parameters/3ob-3-1/H-O.skf
  /home/andersx/parameters/3ob-3-1/H-H.skf
Done.

Starting initialization...
--------------------------------------------------------------------------------
Mode:                        Static calculation
Self consistent charges:     Yes
SCC-tolerance:                 0.100000E-05
Max. scc iterations:                    100
Ewald alpha parameter:         0.000000E+00
Spin polarisation:           No
Nr. of up electrons:            17.000000
Nr. of down electrons:          17.000000
Periodic boundaries:         No
Diagonalizer:                Divide and Conquer
Mixer:                       Anderson mixer
Mixing parameter:                  0.200000
Maximal SCC-cycles:                     100
Nr. of chrg. vectors to mix:              8
Electronic temperature:        0.100000E-07
Initial charges:             Set automatically (system chrg:   0.000E+00)
Included shells:              C:  s, p
                              O:  s, p
                              H:  s
Full 3rd order correction    Yes
Damped SCC                   Yes
Damped specie(s):            H                                                 
Extra options:
--------------------------------------------------------------------------------
 

********************************************************************************
** Geometry step: 0
********************************************************************************

  iSCC Total electronic   Diff electronic      SCC error    
    1   -0.14736382E+02    0.00000000E+00    0.68446372E+00
    2   -0.14736915E+02   -0.53281612E-03    0.67332180E+00
    3   -0.14751018E+02   -0.14103571E-01    0.97024942E-01
    4   -0.14750889E+02    0.12923850E-03    0.91210228E-01
    5   -0.14751146E+02   -0.25681772E-03    0.82606621E-01
    6   -0.14751323E+02   -0.17759532E-03    0.78379591E-02
    7   -0.14751313E+02    0.99496224E-05    0.13125353E-01
    8   -0.14751331E+02   -0.17770541E-04    0.69074885E-02
    9   -0.14751333E+02   -0.17298357E-05    0.58039512E-03
   10   -0.14751333E+02   -0.10525198E-07    0.23640160E-03
   11   -0.14751333E+02   -0.26898803E-08    0.29451186E-04
   12   -0.14751333E+02   -0.92121866E-11    0.46603623E-05
   13   -0.14751333E+02   -0.36592951E-12    0.43145219E-06
>> Charges saved for restart in charges.bin
 
 Total Energy:                     -14.8268697860 H
 Total Mermin free energy:         -14.8268697860 H
