================================================================================
==
==   Density Functional based Tight Binding with a lot of extensions (DFTB+)    
==
==                              Release: 1.2 (p2)
==
==                            (ParserVersion = 4)
==
================================================================================


********************************************************************************
** Parsing and initializing
********************************************************************************

Interpreting input file 'dftb_in.hsd'
--------------------------------------------------------------------------------
WARNING!
-> WriteHSDInput and WriteXMLInput both turned off. You won't eventually be 
 able to obtain the same results with a later version of the code!
Path: dftb_in/ParserOptions
Line: 82-85 (File: dftb_in.hsd)

Reading SK-files:
  /home/andersx/parameters/3ob-3-1/O-O.skf
  /home/andersx/parameters/3ob-3-1/O-C.skf
  /home/andersx/parameters/3ob-3-1/O-N.skf
  /home/andersx/parameters/3ob-3-1/O-H.skf
  /home/andersx/parameters/3ob-3-1/C-O.skf
  /home/andersx/parameters/3ob-3-1/C-C.skf
  /home/andersx/parameters/3ob-3-1/C-N.skf
  /home/andersx/parameters/3ob-3-1/C-H.skf
  /home/andersx/parameters/3ob-3-1/N-O.skf
  /home/andersx/parameters/3ob-3-1/N-C.skf
  /home/andersx/parameters/3ob-3-1/N-N.skf
  /home/andersx/parameters/3ob-3-1/N-H.skf
  /home/andersx/parameters/3ob-3-1/H-O.skf
  /home/andersx/parameters/3ob-3-1/H-C.skf
  /home/andersx/parameters/3ob-3-1/H-N.skf
  /home/andersx/parameters/3ob-3-1/H-H.skf
Done.

Starting initialization...
--------------------------------------------------------------------------------
Mode:                        Static calculation
Self consistent charges:     Yes
SCC-tolerance:                 0.100000E-05
Max. scc iterations:                    100
Ewald alpha parameter:         0.000000E+00
Spin polarisation:           No
Nr. of up electrons:            19.000000
Nr. of down electrons:          19.000000
Periodic boundaries:         No
Diagonalizer:                Divide and Conquer
Mixer:                       Anderson mixer
Mixing parameter:                  0.200000
Maximal SCC-cycles:                     100
Nr. of chrg. vectors to mix:              8
Electronic temperature:        0.100000E-07
Initial charges:             Set automatically (system chrg:   0.000E+00)
Included shells:              O:  s, p
                              C:  s, p
                              N:  s, p
                              H:  s
Full 3rd order correction    Yes
Damped SCC                   Yes
Damped specie(s):            H                                                 
Extra options:
--------------------------------------------------------------------------------
 

********************************************************************************
** Geometry step: 0
********************************************************************************

  iSCC Total electronic   Diff electronic      SCC error    
    1   -0.16979313E+02    0.00000000E+00    0.80917368E+00
    2   -0.16980059E+02   -0.74650790E-03    0.79792812E+00
    3   -0.16999716E+02   -0.19657174E-01    0.13635142E+00
    4   -0.16999799E+02   -0.82990621E-04    0.13492252E+00
    5   -0.17000434E+02   -0.63473528E-03    0.11303124E-01
    6   -0.17000431E+02    0.33616647E-05    0.98969312E-02
    7   -0.17000435E+02   -0.45655724E-05    0.66954996E-02
    8   -0.17000439E+02   -0.37102991E-05    0.99129212E-03
    9   -0.17000439E+02   -0.62383961E-07    0.12611462E-02
   10   -0.17000439E+02   -0.78188950E-07    0.28088693E-03
   11   -0.17000439E+02   -0.26926266E-08    0.15331850E-03
   12   -0.17000439E+02   -0.97748654E-09    0.23029677E-04
   13   -0.17000439E+02   -0.62136962E-11    0.22050652E-05
   14   -0.17000439E+02   -0.88817842E-13    0.24531488E-06
>> Charges saved for restart in charges.bin
 
 Total Energy:                     -16.8450578206 H
 Total Mermin free energy:         -16.8450578206 H
