================================================================================
==
==   Density Functional based Tight Binding with a lot of extensions (DFTB+)    
==
==                              Release: 1.2 (p2)
==
==                            (ParserVersion = 4)
==
================================================================================


********************************************************************************
** Parsing and initializing
********************************************************************************

Interpreting input file 'dftb_in.hsd'
--------------------------------------------------------------------------------
WARNING!
-> WriteHSDInput and WriteXMLInput both turned off. You won't eventually be 
 able to obtain the same results with a later version of the code!
Path: dftb_in/ParserOptions
Line: 80-83 (File: dftb_in.hsd)

Reading SK-files:
  /home/andersx/parameters/3ob-3-1/O-O.skf
  /home/andersx/parameters/3ob-3-1/O-C.skf
  /home/andersx/parameters/3ob-3-1/O-N.skf
  /home/andersx/parameters/3ob-3-1/O-H.skf
  /home/andersx/parameters/3ob-3-1/C-O.skf
  /home/andersx/parameters/3ob-3-1/C-C.skf
  /home/andersx/parameters/3ob-3-1/C-N.skf
  /home/andersx/parameters/3ob-3-1/C-H.skf
  /home/andersx/parameters/3ob-3-1/N-O.skf
  /home/andersx/parameters/3ob-3-1/N-C.skf
  /home/andersx/parameters/3ob-3-1/N-N.skf
  /home/andersx/parameters/3ob-3-1/N-H.skf
  /home/andersx/parameters/3ob-3-1/H-O.skf
  /home/andersx/parameters/3ob-3-1/H-C.skf
  /home/andersx/parameters/3ob-3-1/H-N.skf
  /home/andersx/parameters/3ob-3-1/H-H.skf
Done.

Starting initialization...
--------------------------------------------------------------------------------
Mode:                        Static calculation
Self consistent charges:     Yes
SCC-tolerance:                 0.100000E-05
Max. scc iterations:                    100
Ewald alpha parameter:         0.000000E+00
Spin polarisation:           No
Nr. of up electrons:            18.000000
Nr. of down electrons:          18.000000
Periodic boundaries:         No
Diagonalizer:                Divide and Conquer
Mixer:                       Anderson mixer
Mixing parameter:                  0.200000
Maximal SCC-cycles:                     100
Nr. of chrg. vectors to mix:              8
Electronic temperature:        0.100000E-07
Initial charges:             Set automatically (system chrg:   0.000E+00)
Included shells:              O:  s, p
                              C:  s, p
                              N:  s, p
                              H:  s
Full 3rd order correction    Yes
Damped SCC                   Yes
Damped specie(s):            H                                                 
Extra options:
--------------------------------------------------------------------------------
 

********************************************************************************
** Geometry step: 0
********************************************************************************

  iSCC Total electronic   Diff electronic      SCC error    
    1   -0.16280389E+02    0.00000000E+00    0.78932320E+00
    2   -0.16281324E+02   -0.93469116E-03    0.77907416E+00
    3   -0.16302090E+02   -0.20765897E-01    0.15395979E+00
    4   -0.16302506E+02   -0.41641483E-03    0.14810187E+00
    5   -0.16304659E+02   -0.21525681E-02    0.55006359E-01
    6   -0.16304673E+02   -0.14810071E-04    0.55550022E-01
    7   -0.16304729E+02   -0.55741336E-04    0.88400797E-02
    8   -0.16304731E+02   -0.17511318E-05    0.38413923E-02
    9   -0.16304731E+02   -0.29691104E-06    0.25557676E-02
   10   -0.16304732E+02   -0.48620343E-06    0.37586962E-03
   11   -0.16304732E+02   -0.10366609E-07    0.21645734E-03
   12   -0.16304732E+02   -0.32663223E-08    0.39022096E-04
   13   -0.16304732E+02   -0.71725736E-10    0.41992982E-05
   14   -0.16304732E+02   -0.18118840E-12    0.66116506E-06
>> Charges saved for restart in charges.bin
 
 Total Energy:                     -16.0566914832 H
 Total Mermin free energy:         -16.0566914832 H
