================================================================================
==
==   Density Functional based Tight Binding with a lot of extensions (DFTB+)    
==
==                              Release: 1.2 (p2)
==
==                            (ParserVersion = 4)
==
================================================================================


********************************************************************************
** Parsing and initializing
********************************************************************************

Interpreting input file 'dftb_in.hsd'
--------------------------------------------------------------------------------
WARNING!
-> WriteHSDInput and WriteXMLInput both turned off. You won't eventually be 
 able to obtain the same results with a later version of the code!
Path: dftb_in/ParserOptions
Line: 84-87 (File: dftb_in.hsd)

Reading SK-files:
  /home/andersx/parameters/3ob-3-1/O-O.skf
  /home/andersx/parameters/3ob-3-1/O-C.skf
  /home/andersx/parameters/3ob-3-1/O-N.skf
  /home/andersx/parameters/3ob-3-1/O-H.skf
  /home/andersx/parameters/3ob-3-1/C-O.skf
  /home/andersx/parameters/3ob-3-1/C-C.skf
  /home/andersx/parameters/3ob-3-1/C-N.skf
  /home/andersx/parameters/3ob-3-1/C-H.skf
  /home/andersx/parameters/3ob-3-1/N-O.skf
  /home/andersx/parameters/3ob-3-1/N-C.skf
  /home/andersx/parameters/3ob-3-1/N-N.skf
  /home/andersx/parameters/3ob-3-1/N-H.skf
  /home/andersx/parameters/3ob-3-1/H-O.skf
  /home/andersx/parameters/3ob-3-1/H-C.skf
  /home/andersx/parameters/3ob-3-1/H-N.skf
  /home/andersx/parameters/3ob-3-1/H-H.skf
Done.

Starting initialization...
--------------------------------------------------------------------------------
Mode:                        Static calculation
Self consistent charges:     Yes
SCC-tolerance:                 0.100000E-05
Max. scc iterations:                    100
Ewald alpha parameter:         0.000000E+00
Spin polarisation:           No
Nr. of up electrons:            20.000000
Nr. of down electrons:          20.000000
Periodic boundaries:         No
Diagonalizer:                Divide and Conquer
Mixer:                       Anderson mixer
Mixing parameter:                  0.200000
Maximal SCC-cycles:                     100
Nr. of chrg. vectors to mix:              8
Electronic temperature:        0.100000E-07
Initial charges:             Set automatically (system chrg:   0.000E+00)
Included shells:              O:  s, p
                              C:  s, p
                              N:  s, p
                              H:  s
Full 3rd order correction    Yes
Damped SCC                   Yes
Damped specie(s):            H                                                 
Extra options:
--------------------------------------------------------------------------------
 

********************************************************************************
** Geometry step: 0
********************************************************************************

  iSCC Total electronic   Diff electronic      SCC error    
    1   -0.17660721E+02    0.00000000E+00    0.69143249E+00
    2   -0.17661053E+02   -0.33181450E-03    0.68224528E+00
    3   -0.17669494E+02   -0.84412009E-02    0.57667850E-01
    4   -0.17669310E+02    0.18399375E-03    0.50801097E-01
    5   -0.17669434E+02   -0.12402936E-03    0.88479689E-01
    6   -0.17669876E+02   -0.44266306E-03    0.98476922E-02
    7   -0.17669878E+02   -0.17706046E-05    0.11494619E-01
    8   -0.17669879E+02   -0.70375363E-06    0.11811592E-01
    9   -0.17669882E+02   -0.34246380E-05    0.82279751E-03
   10   -0.17669882E+02   -0.82416634E-08    0.71292225E-03
   11   -0.17669882E+02   -0.26980253E-07    0.62644907E-04
   12   -0.17669882E+02   -0.42705750E-09    0.36026738E-04
   13   -0.17669882E+02   -0.14425439E-09    0.38712850E-05
   14   -0.17669882E+02   -0.66791017E-12    0.26265071E-06
>> Charges saved for restart in charges.bin
 
 Total Energy:                     -17.5933806313 H
 Total Mermin free energy:         -17.5933806313 H
