================================================================================
==
==   Density Functional based Tight Binding with a lot of extensions (DFTB+)    
==
==                              Release: 1.2 (p2)
==
==                            (ParserVersion = 4)
==
================================================================================


********************************************************************************
** Parsing and initializing
********************************************************************************

Interpreting input file 'dftb_in.hsd'
--------------------------------------------------------------------------------
WARNING!
-> WriteHSDInput and WriteXMLInput both turned off. You won't eventually be 
 able to obtain the same results with a later version of the code!
Path: dftb_in/ParserOptions
Line: 82-85 (File: dftb_in.hsd)

Reading SK-files:
  /home/andersx/parameters/3ob-3-1/O-O.skf
  /home/andersx/parameters/3ob-3-1/O-C.skf
  /home/andersx/parameters/3ob-3-1/O-N.skf
  /home/andersx/parameters/3ob-3-1/O-H.skf
  /home/andersx/parameters/3ob-3-1/C-O.skf
  /home/andersx/parameters/3ob-3-1/C-C.skf
  /home/andersx/parameters/3ob-3-1/C-N.skf
  /home/andersx/parameters/3ob-3-1/C-H.skf
  /home/andersx/parameters/3ob-3-1/N-O.skf
  /home/andersx/parameters/3ob-3-1/N-C.skf
  /home/andersx/parameters/3ob-3-1/N-N.skf
  /home/andersx/parameters/3ob-3-1/N-H.skf
  /home/andersx/parameters/3ob-3-1/H-O.skf
  /home/andersx/parameters/3ob-3-1/H-C.skf
  /home/andersx/parameters/3ob-3-1/H-N.skf
  /home/andersx/parameters/3ob-3-1/H-H.skf
Done.

Starting initialization...
--------------------------------------------------------------------------------
Mode:                        Static calculation
Self consistent charges:     Yes
SCC-tolerance:                 0.100000E-05
Max. scc iterations:                    100
Ewald alpha parameter:         0.000000E+00
Spin polarisation:           No
Nr. of up electrons:            19.000000
Nr. of down electrons:          19.000000
Periodic boundaries:         No
Diagonalizer:                Divide and Conquer
Mixer:                       Anderson mixer
Mixing parameter:                  0.200000
Maximal SCC-cycles:                     100
Nr. of chrg. vectors to mix:              8
Electronic temperature:        0.100000E-07
Initial charges:             Set automatically (system chrg:   0.000E+00)
Included shells:              O:  s, p
                              C:  s, p
                              N:  s, p
                              H:  s
Full 3rd order correction    Yes
Damped SCC                   Yes
Damped specie(s):            H                                                 
Extra options:
--------------------------------------------------------------------------------
 

********************************************************************************
** Geometry step: 0
********************************************************************************

  iSCC Total electronic   Diff electronic      SCC error    
    1   -0.16979377E+02    0.00000000E+00    0.74392443E+00
    2   -0.16980148E+02   -0.77026519E-03    0.73116722E+00
    3   -0.17000129E+02   -0.19981841E-01    0.12233477E+00
    4   -0.17000255E+02   -0.12577406E-03    0.12159969E+00
    5   -0.17000858E+02   -0.60279132E-03    0.15388814E-01
    6   -0.17000856E+02    0.16897021E-05    0.11615645E-01
    7   -0.17000860E+02   -0.32434095E-05    0.92151792E-02
    8   -0.17000866E+02   -0.67385699E-05    0.13608260E-02
    9   -0.17000866E+02   -0.85018804E-07    0.11136109E-02
   10   -0.17000867E+02   -0.17289829E-06    0.23219631E-03
   11   -0.17000867E+02   -0.44862318E-08    0.10964515E-03
   12   -0.17000867E+02   -0.15296600E-08    0.48800807E-04
   13   -0.17000867E+02   -0.31580072E-10    0.63530840E-05
   14   -0.17000867E+02   -0.35882408E-12    0.10927299E-05
   15   -0.17000867E+02   -0.35527137E-13    0.13028182E-06
>> Charges saved for restart in charges.bin
 
 Total Energy:                     -16.8438991643 H
 Total Mermin free energy:         -16.8438991643 H
