================================================================================
==
==   Density Functional based Tight Binding with a lot of extensions (DFTB+)    
==
==                              Release: 1.2 (p2)
==
==                            (ParserVersion = 4)
==
================================================================================


********************************************************************************
** Parsing and initializing
********************************************************************************

Interpreting input file 'dftb_in.hsd'
--------------------------------------------------------------------------------
WARNING!
-> WriteHSDInput and WriteXMLInput both turned off. You won't eventually be 
 able to obtain the same results with a later version of the code!
Path: dftb_in/ParserOptions
Line: 86-89 (File: dftb_in.hsd)

Reading SK-files:
  /home/andersx/parameters/3ob-3-1/O-O.skf
  /home/andersx/parameters/3ob-3-1/O-C.skf
  /home/andersx/parameters/3ob-3-1/O-N.skf
  /home/andersx/parameters/3ob-3-1/O-H.skf
  /home/andersx/parameters/3ob-3-1/C-O.skf
  /home/andersx/parameters/3ob-3-1/C-C.skf
  /home/andersx/parameters/3ob-3-1/C-N.skf
  /home/andersx/parameters/3ob-3-1/C-H.skf
  /home/andersx/parameters/3ob-3-1/N-O.skf
  /home/andersx/parameters/3ob-3-1/N-C.skf
  /home/andersx/parameters/3ob-3-1/N-N.skf
  /home/andersx/parameters/3ob-3-1/N-H.skf
  /home/andersx/parameters/3ob-3-1/H-O.skf
  /home/andersx/parameters/3ob-3-1/H-C.skf
  /home/andersx/parameters/3ob-3-1/H-N.skf
  /home/andersx/parameters/3ob-3-1/H-H.skf
Done.

Starting initialization...
--------------------------------------------------------------------------------
Mode:                        Static calculation
Self consistent charges:     Yes
SCC-tolerance:                 0.100000E-05
Max. scc iterations:                    100
Ewald alpha parameter:         0.000000E+00
Spin polarisation:           No
Nr. of up electrons:            21.000000
Nr. of down electrons:          21.000000
Periodic boundaries:         No
Diagonalizer:                Divide and Conquer
Mixer:                       Anderson mixer
Mixing parameter:                  0.200000
Maximal SCC-cycles:                     100
Nr. of chrg. vectors to mix:              8
Electronic temperature:        0.100000E-07
Initial charges:             Set automatically (system chrg:   0.000E+00)
Included shells:              O:  s, p
                              C:  s, p
                              N:  s, p
                              H:  s
Full 3rd order correction    Yes
Damped SCC                   Yes
Damped specie(s):            H                                                 
Extra options:
--------------------------------------------------------------------------------
 

********************************************************************************
** Geometry step: 0
********************************************************************************

  iSCC Total electronic   Diff electronic      SCC error    
    1   -0.18428348E+02    0.00000000E+00    0.69715243E+00
    2   -0.18428590E+02   -0.24207464E-03    0.68798271E+00
    3   -0.18434971E+02   -0.63807196E-02    0.42639738E-01
    4   -0.18434855E+02    0.11566377E-03    0.43621163E-01
    5   -0.18434938E+02   -0.83214864E-04    0.85244151E-01
    6   -0.18435220E+02   -0.28187145E-03    0.90718075E-02
    7   -0.18435220E+02    0.59665784E-06    0.77949672E-02
    8   -0.18435221E+02   -0.15369935E-05    0.89156371E-02
    9   -0.18435223E+02   -0.21614419E-05    0.59565505E-03
   10   -0.18435223E+02   -0.82366824E-08    0.54293105E-03
   11   -0.18435223E+02   -0.66356769E-08    0.45671984E-04
   12   -0.18435223E+02   -0.12835244E-09    0.93327990E-05
   13   -0.18435223E+02   -0.82422957E-12    0.13798912E-05
   14   -0.18435223E+02   -0.21316282E-13    0.82362845E-07
>> Charges saved for restart in charges.bin
 
 Total Energy:                     -18.4011369844 H
 Total Mermin free energy:         -18.4011369844 H
