================================================================================
==
==   Density Functional based Tight Binding with a lot of extensions (DFTB+)    
==
==                              Release: 1.2 (p2)
==
==                            (ParserVersion = 4)
==
================================================================================


********************************************************************************
** Parsing and initializing
********************************************************************************

Interpreting input file 'dftb_in.hsd'
--------------------------------------------------------------------------------
WARNING!
-> WriteHSDInput and WriteXMLInput both turned off. You won't eventually be 
 able to obtain the same results with a later version of the code!
Path: dftb_in/ParserOptions
Line: 79-82 (File: dftb_in.hsd)

Reading SK-files:
  /home/andersx/parameters/3ob-3-1/O-O.skf
  /home/andersx/parameters/3ob-3-1/O-C.skf
  /home/andersx/parameters/3ob-3-1/O-N.skf
  /home/andersx/parameters/3ob-3-1/O-H.skf
  /home/andersx/parameters/3ob-3-1/C-O.skf
  /home/andersx/parameters/3ob-3-1/C-C.skf
  /home/andersx/parameters/3ob-3-1/C-N.skf
  /home/andersx/parameters/3ob-3-1/C-H.skf
  /home/andersx/parameters/3ob-3-1/N-O.skf
  /home/andersx/parameters/3ob-3-1/N-C.skf
  /home/andersx/parameters/3ob-3-1/N-N.skf
  /home/andersx/parameters/3ob-3-1/N-H.skf
  /home/andersx/parameters/3ob-3-1/H-O.skf
  /home/andersx/parameters/3ob-3-1/H-C.skf
  /home/andersx/parameters/3ob-3-1/H-N.skf
  /home/andersx/parameters/3ob-3-1/H-H.skf
Done.

Starting initialization...
--------------------------------------------------------------------------------
Mode:                        Static calculation
Self consistent charges:     Yes
SCC-tolerance:                 0.100000E-05
Max. scc iterations:                    100
Ewald alpha parameter:         0.000000E+00
Spin polarisation:           No
Nr. of up electrons:            18.000000
Nr. of down electrons:          18.000000
Periodic boundaries:         No
Diagonalizer:                Divide and Conquer
Mixer:                       Anderson mixer
Mixing parameter:                  0.200000
Maximal SCC-cycles:                     100
Nr. of chrg. vectors to mix:              8
Electronic temperature:        0.100000E-07
Initial charges:             Set automatically (system chrg:   0.000E+00)
Included shells:              O:  s, p
                              C:  s, p
                              N:  s, p
                              H:  s
Full 3rd order correction    Yes
Damped SCC                   Yes
Damped specie(s):            H                                                 
Extra options:
--------------------------------------------------------------------------------
 

********************************************************************************
** Geometry step: 0
********************************************************************************

  iSCC Total electronic   Diff electronic      SCC error    
    1   -0.16786974E+02    0.00000000E+00    0.59281448E+00
    2   -0.16787917E+02   -0.94332768E-03    0.58474104E+00
    3   -0.16803854E+02   -0.15936741E-01    0.21415873E+00
    4   -0.16803210E+02    0.64428694E-03    0.21358900E+00
    5   -0.16807137E+02   -0.39273781E-02    0.35875692E-01
    6   -0.16807342E+02   -0.20516746E-03    0.23289335E-01
    7   -0.16807328E+02    0.14376140E-04    0.22857394E-01
    8   -0.16807364E+02   -0.36439744E-04    0.19781984E-02
    9   -0.16807365E+02   -0.35977336E-06    0.15604441E-02
   10   -0.16807365E+02   -0.74071921E-06    0.58267591E-03
   11   -0.16807365E+02   -0.75330924E-08    0.38817641E-03
   12   -0.16807365E+02   -0.15015090E-07    0.81365222E-04
   13   -0.16807365E+02   -0.67832318E-09    0.74097357E-05
   14   -0.16807365E+02   -0.45652371E-11    0.18759431E-05
   15   -0.16807365E+02   -0.11723955E-12    0.27526582E-06
>> Charges saved for restart in charges.bin
 
 Total Energy:                     -16.3820057262 H
 Total Mermin free energy:         -16.3820057262 H
