================================================================================
==
==   Density Functional based Tight Binding with a lot of extensions (DFTB+)    
==
==                              Release: 1.2 (p2)
==
==                            (ParserVersion = 4)
==
================================================================================


********************************************************************************
** Parsing and initializing
********************************************************************************

Interpreting input file 'dftb_in.hsd'
--------------------------------------------------------------------------------
WARNING!
-> WriteHSDInput and WriteXMLInput both turned off. You won't eventually be 
 able to obtain the same results with a later version of the code!
Path: dftb_in/ParserOptions
Line: 83-86 (File: dftb_in.hsd)

Reading SK-files:
  /home/andersx/parameters/3ob-3-1/O-O.skf
  /home/andersx/parameters/3ob-3-1/O-C.skf
  /home/andersx/parameters/3ob-3-1/O-N.skf
  /home/andersx/parameters/3ob-3-1/O-H.skf
  /home/andersx/parameters/3ob-3-1/C-O.skf
  /home/andersx/parameters/3ob-3-1/C-C.skf
  /home/andersx/parameters/3ob-3-1/C-N.skf
  /home/andersx/parameters/3ob-3-1/C-H.skf
  /home/andersx/parameters/3ob-3-1/N-O.skf
  /home/andersx/parameters/3ob-3-1/N-C.skf
  /home/andersx/parameters/3ob-3-1/N-N.skf
  /home/andersx/parameters/3ob-3-1/N-H.skf
  /home/andersx/parameters/3ob-3-1/H-O.skf
  /home/andersx/parameters/3ob-3-1/H-C.skf
  /home/andersx/parameters/3ob-3-1/H-N.skf
  /home/andersx/parameters/3ob-3-1/H-H.skf
Done.

Starting initialization...
--------------------------------------------------------------------------------
Mode:                        Static calculation
Self consistent charges:     Yes
SCC-tolerance:                 0.100000E-05
Max. scc iterations:                    100
Ewald alpha parameter:         0.000000E+00
Spin polarisation:           No
Nr. of up electrons:            20.000000
Nr. of down electrons:          20.000000
Periodic boundaries:         No
Diagonalizer:                Divide and Conquer
Mixer:                       Anderson mixer
Mixing parameter:                  0.200000
Maximal SCC-cycles:                     100
Nr. of chrg. vectors to mix:              8
Electronic temperature:        0.100000E-07
Initial charges:             Set automatically (system chrg:   0.000E+00)
Included shells:              O:  s, p
                              C:  s, p
                              N:  s, p
                              H:  s
Full 3rd order correction    Yes
Damped SCC                   Yes
Damped specie(s):            H                                                 
Extra options:
--------------------------------------------------------------------------------
 

********************************************************************************
** Geometry step: 0
********************************************************************************

  iSCC Total electronic   Diff electronic      SCC error    
    1   -0.18172173E+02    0.00000000E+00    0.92412873E+00
    2   -0.18173073E+02   -0.89969056E-03    0.90948186E+00
    3   -0.18195122E+02   -0.22048621E-01    0.21009215E+00
    4   -0.18195372E+02   -0.25086112E-03    0.20505255E+00
    5   -0.18196872E+02   -0.14993981E-02    0.19734260E-01
    6   -0.18196903E+02   -0.31462311E-04    0.15661608E-01
    7   -0.18196922E+02   -0.18674383E-04    0.10432173E-01
    8   -0.18196926E+02   -0.38412337E-05    0.16150765E-02
    9   -0.18196926E+02   -0.52362914E-07    0.14273445E-02
   10   -0.18196926E+02   -0.10066349E-06    0.13512976E-03
   11   -0.18196926E+02   -0.34710368E-09    0.87633763E-04
   12   -0.18196926E+02   -0.18634339E-09    0.10646137E-04
   13   -0.18196926E+02   -0.32187586E-11    0.12987644E-05
   14   -0.18196926E+02   -0.14210855E-13    0.12325015E-06
>> Charges saved for restart in charges.bin
 
 Total Energy:                     -17.9096425037 H
 Total Mermin free energy:         -17.9096425037 H
