================================================================================
==
==   Density Functional based Tight Binding with a lot of extensions (DFTB+)    
==
==                              Release: 1.2 (p2)
==
==                            (ParserVersion = 4)
==
================================================================================


********************************************************************************
** Parsing and initializing
********************************************************************************

Interpreting input file 'dftb_in.hsd'
--------------------------------------------------------------------------------
WARNING!
-> WriteHSDInput and WriteXMLInput both turned off. You won't eventually be 
 able to obtain the same results with a later version of the code!
Path: dftb_in/ParserOptions
Line: 78-81 (File: dftb_in.hsd)

Reading SK-files:
  /home/andersx/parameters/3ob-3-1/O-O.skf
  /home/andersx/parameters/3ob-3-1/O-C.skf
  /home/andersx/parameters/3ob-3-1/O-N.skf
  /home/andersx/parameters/3ob-3-1/O-H.skf
  /home/andersx/parameters/3ob-3-1/C-O.skf
  /home/andersx/parameters/3ob-3-1/C-C.skf
  /home/andersx/parameters/3ob-3-1/C-N.skf
  /home/andersx/parameters/3ob-3-1/C-H.skf
  /home/andersx/parameters/3ob-3-1/N-O.skf
  /home/andersx/parameters/3ob-3-1/N-C.skf
  /home/andersx/parameters/3ob-3-1/N-N.skf
  /home/andersx/parameters/3ob-3-1/N-H.skf
  /home/andersx/parameters/3ob-3-1/H-O.skf
  /home/andersx/parameters/3ob-3-1/H-C.skf
  /home/andersx/parameters/3ob-3-1/H-N.skf
  /home/andersx/parameters/3ob-3-1/H-H.skf
Done.

Starting initialization...
--------------------------------------------------------------------------------
Mode:                        Static calculation
Self consistent charges:     Yes
SCC-tolerance:                 0.100000E-05
Max. scc iterations:                    100
Ewald alpha parameter:         0.000000E+00
Spin polarisation:           No
Nr. of up electrons:            18.000000
Nr. of down electrons:          18.000000
Periodic boundaries:         No
Diagonalizer:                Divide and Conquer
Mixer:                       Anderson mixer
Mixing parameter:                  0.200000
Maximal SCC-cycles:                     100
Nr. of chrg. vectors to mix:              8
Electronic temperature:        0.100000E-07
Initial charges:             Set automatically (system chrg:   0.000E+00)
Included shells:              O:  s, p
                              C:  s, p
                              N:  s, p
                              H:  s
Full 3rd order correction    Yes
Damped SCC                   Yes
Damped specie(s):            H                                                 
Extra options:
--------------------------------------------------------------------------------
 

********************************************************************************
** Geometry step: 0
********************************************************************************

  iSCC Total electronic   Diff electronic      SCC error    
    1   -0.17259033E+02    0.00000000E+00    0.89917208E+00
    2   -0.17259990E+02   -0.95672257E-03    0.88727696E+00
    3   -0.17283778E+02   -0.23788546E-01    0.12975011E+00
    4   -0.17284336E+02   -0.55800689E-03    0.12746686E+00
    5   -0.17285734E+02   -0.13978750E-02    0.55793994E-01
    6   -0.17285812E+02   -0.77684619E-04    0.35492937E-01
    7   -0.17285847E+02   -0.35278568E-04    0.25203842E-01
    8   -0.17285912E+02   -0.64865050E-04    0.34358300E-02
    9   -0.17285912E+02   -0.18197890E-06    0.28985609E-02
   10   -0.17285913E+02   -0.43094381E-06    0.14959330E-02
   11   -0.17285913E+02   -0.13180968E-06    0.72190917E-03
   12   -0.17285913E+02   -0.11264027E-06    0.11574704E-03
   13   -0.17285913E+02   -0.17417143E-08    0.55585765E-04
   14   -0.17285913E+02   -0.23873881E-09    0.53971834E-05
   15   -0.17285913E+02   -0.53290705E-12    0.78677319E-06
>> Charges saved for restart in charges.bin
 
 Total Energy:                     -16.8970414629 H
 Total Mermin free energy:         -16.8970414629 H
