================================================================================
==
==   Density Functional based Tight Binding with a lot of extensions (DFTB+)    
==
==                              Release: 1.2 (p2)
==
==                            (ParserVersion = 4)
==
================================================================================


********************************************************************************
** Parsing and initializing
********************************************************************************

Interpreting input file 'dftb_in.hsd'
--------------------------------------------------------------------------------
WARNING!
-> WriteHSDInput and WriteXMLInput both turned off. You won't eventually be 
 able to obtain the same results with a later version of the code!
Path: dftb_in/ParserOptions
Line: 80-83 (File: dftb_in.hsd)

Reading SK-files:
  /home/andersx/parameters/3ob-3-1/O-O.skf
  /home/andersx/parameters/3ob-3-1/O-N.skf
  /home/andersx/parameters/3ob-3-1/O-C.skf
  /home/andersx/parameters/3ob-3-1/O-H.skf
  /home/andersx/parameters/3ob-3-1/N-O.skf
  /home/andersx/parameters/3ob-3-1/N-N.skf
  /home/andersx/parameters/3ob-3-1/N-C.skf
  /home/andersx/parameters/3ob-3-1/N-H.skf
  /home/andersx/parameters/3ob-3-1/C-O.skf
  /home/andersx/parameters/3ob-3-1/C-N.skf
  /home/andersx/parameters/3ob-3-1/C-C.skf
  /home/andersx/parameters/3ob-3-1/C-H.skf
  /home/andersx/parameters/3ob-3-1/H-O.skf
  /home/andersx/parameters/3ob-3-1/H-N.skf
  /home/andersx/parameters/3ob-3-1/H-C.skf
  /home/andersx/parameters/3ob-3-1/H-H.skf
Done.

Starting initialization...
--------------------------------------------------------------------------------
Mode:                        Static calculation
Self consistent charges:     Yes
SCC-tolerance:                 0.100000E-05
Max. scc iterations:                    100
Ewald alpha parameter:         0.000000E+00
Spin polarisation:           No
Nr. of up electrons:            19.000000
Nr. of down electrons:          19.000000
Periodic boundaries:         No
Diagonalizer:                Divide and Conquer
Mixer:                       Anderson mixer
Mixing parameter:                  0.200000
Maximal SCC-cycles:                     100
Nr. of chrg. vectors to mix:              8
Electronic temperature:        0.100000E-07
Initial charges:             Set automatically (system chrg:   0.000E+00)
Included shells:              O:  s, p
                              N:  s, p
                              C:  s, p
                              H:  s
Full 3rd order correction    Yes
Damped SCC                   Yes
Damped specie(s):            H                                                 
Extra options:
--------------------------------------------------------------------------------
 

********************************************************************************
** Geometry step: 0
********************************************************************************

  iSCC Total electronic   Diff electronic      SCC error    
    1   -0.18010271E+02    0.00000000E+00    0.58329243E+00
    2   -0.18010644E+02   -0.37238568E-03    0.57561399E+00
    3   -0.18016550E+02   -0.59060615E-02    0.17453643E+00
    4   -0.18016489E+02    0.60952711E-04    0.17130905E+00
    5   -0.18019908E+02   -0.34196742E-02    0.21729751E-01
    6   -0.18019931E+02   -0.22896086E-04    0.18951383E-01
    7   -0.18019949E+02   -0.17473533E-04    0.14800572E-01
    8   -0.18019949E+02   -0.18379995E-06    0.43258600E-02
    9   -0.18019949E+02   -0.26838677E-06    0.33659111E-02
   10   -0.18019950E+02   -0.70800760E-06    0.61532432E-03
   11   -0.18019950E+02   -0.23479210E-08    0.29984366E-03
   12   -0.18019950E+02   -0.13586227E-07    0.36318668E-04
   13   -0.18019950E+02   -0.12855850E-09    0.17827033E-04
   14   -0.18019950E+02   -0.29167779E-11    0.25307150E-05
   15   -0.18019950E+02   -0.11723955E-12    0.31633420E-06
>> Charges saved for restart in charges.bin
 
 Total Energy:                     -17.6469179884 H
 Total Mermin free energy:         -17.6469179884 H
