================================================================================
==
==   Density Functional based Tight Binding with a lot of extensions (DFTB+)    
==
==                              Release: 1.2 (p2)
==
==                            (ParserVersion = 4)
==
================================================================================


********************************************************************************
** Parsing and initializing
********************************************************************************

Interpreting input file 'dftb_in.hsd'
--------------------------------------------------------------------------------
WARNING!
-> WriteHSDInput and WriteXMLInput both turned off. You won't eventually be 
 able to obtain the same results with a later version of the code!
Path: dftb_in/ParserOptions
Line: 78-81 (File: dftb_in.hsd)

Reading SK-files:
  /home/andersx/parameters/3ob-3-1/O-O.skf
  /home/andersx/parameters/3ob-3-1/O-C.skf
  /home/andersx/parameters/3ob-3-1/O-N.skf
  /home/andersx/parameters/3ob-3-1/O-H.skf
  /home/andersx/parameters/3ob-3-1/C-O.skf
  /home/andersx/parameters/3ob-3-1/C-C.skf
  /home/andersx/parameters/3ob-3-1/C-N.skf
  /home/andersx/parameters/3ob-3-1/C-H.skf
  /home/andersx/parameters/3ob-3-1/N-O.skf
  /home/andersx/parameters/3ob-3-1/N-C.skf
  /home/andersx/parameters/3ob-3-1/N-N.skf
  /home/andersx/parameters/3ob-3-1/N-H.skf
  /home/andersx/parameters/3ob-3-1/H-O.skf
  /home/andersx/parameters/3ob-3-1/H-C.skf
  /home/andersx/parameters/3ob-3-1/H-N.skf
  /home/andersx/parameters/3ob-3-1/H-H.skf
Done.

Starting initialization...
--------------------------------------------------------------------------------
Mode:                        Static calculation
Self consistent charges:     Yes
SCC-tolerance:                 0.100000E-05
Max. scc iterations:                    100
Ewald alpha parameter:         0.000000E+00
Spin polarisation:           No
Nr. of up electrons:            18.000000
Nr. of down electrons:          18.000000
Periodic boundaries:         No
Diagonalizer:                Divide and Conquer
Mixer:                       Anderson mixer
Mixing parameter:                  0.200000
Maximal SCC-cycles:                     100
Nr. of chrg. vectors to mix:              8
Electronic temperature:        0.100000E-07
Initial charges:             Set automatically (system chrg:   0.000E+00)
Included shells:              O:  s, p
                              C:  s, p
                              N:  s, p
                              H:  s
Full 3rd order correction    Yes
Damped SCC                   Yes
Damped specie(s):            H                                                 
Extra options:
--------------------------------------------------------------------------------
 

********************************************************************************
** Geometry step: 0
********************************************************************************

  iSCC Total electronic   Diff electronic      SCC error    
    1   -0.17226823E+02    0.00000000E+00    0.86217069E+00
    2   -0.17228172E+02   -0.13491439E-02    0.84700629E+00
    3   -0.17256702E+02   -0.28529794E-01    0.11577831E+00
    4   -0.17258531E+02   -0.18286106E-02    0.12511745E+00
    5   -0.17259706E+02   -0.11755446E-02    0.90558162E-01
    6   -0.17261632E+02   -0.19261886E-02    0.78389898E-01
    7   -0.17261591E+02    0.41628539E-04    0.59242907E-01
    8   -0.17261748E+02   -0.15699027E-03    0.40214489E-02
    9   -0.17261748E+02   -0.51301731E-06    0.34633209E-02
   10   -0.17261749E+02   -0.11149745E-05    0.43425484E-03
   11   -0.17261749E+02   -0.20041885E-07    0.27188518E-03
   12   -0.17261749E+02   -0.46973057E-08    0.30177582E-04
   13   -0.17261749E+02   -0.57941207E-10    0.40003513E-05
   14   -0.17261749E+02   -0.13500312E-12    0.37095476E-06
>> Charges saved for restart in charges.bin
 
 Total Energy:                     -16.8834246289 H
 Total Mermin free energy:         -16.8834246289 H
