================================================================================
==
==   Density Functional based Tight Binding with a lot of extensions (DFTB+)    
==
==                              Release: 1.2 (p2)
==
==                            (ParserVersion = 4)
==
================================================================================


********************************************************************************
** Parsing and initializing
********************************************************************************

Interpreting input file 'dftb_in.hsd'
--------------------------------------------------------------------------------
WARNING!
-> WriteHSDInput and WriteXMLInput both turned off. You won't eventually be 
 able to obtain the same results with a later version of the code!
Path: dftb_in/ParserOptions
Line: 79-82 (File: dftb_in.hsd)

Reading SK-files:
  /home/andersx/parameters/3ob-3-1/O-O.skf
  /home/andersx/parameters/3ob-3-1/O-C.skf
  /home/andersx/parameters/3ob-3-1/O-N.skf
  /home/andersx/parameters/3ob-3-1/O-H.skf
  /home/andersx/parameters/3ob-3-1/C-O.skf
  /home/andersx/parameters/3ob-3-1/C-C.skf
  /home/andersx/parameters/3ob-3-1/C-N.skf
  /home/andersx/parameters/3ob-3-1/C-H.skf
  /home/andersx/parameters/3ob-3-1/N-O.skf
  /home/andersx/parameters/3ob-3-1/N-C.skf
  /home/andersx/parameters/3ob-3-1/N-N.skf
  /home/andersx/parameters/3ob-3-1/N-H.skf
  /home/andersx/parameters/3ob-3-1/H-O.skf
  /home/andersx/parameters/3ob-3-1/H-C.skf
  /home/andersx/parameters/3ob-3-1/H-N.skf
  /home/andersx/parameters/3ob-3-1/H-H.skf
Done.

Starting initialization...
--------------------------------------------------------------------------------
Mode:                        Static calculation
Self consistent charges:     Yes
SCC-tolerance:                 0.100000E-05
Max. scc iterations:                    100
Ewald alpha parameter:         0.000000E+00
Spin polarisation:           No
Nr. of up electrons:            18.000000
Nr. of down electrons:          18.000000
Periodic boundaries:         No
Diagonalizer:                Divide and Conquer
Mixer:                       Anderson mixer
Mixing parameter:                  0.200000
Maximal SCC-cycles:                     100
Nr. of chrg. vectors to mix:              8
Electronic temperature:        0.100000E-07
Initial charges:             Set automatically (system chrg:   0.000E+00)
Included shells:              O:  s, p
                              C:  s, p
                              N:  s, p
                              H:  s
Full 3rd order correction    Yes
Damped SCC                   Yes
Damped specie(s):            H                                                 
Extra options:
--------------------------------------------------------------------------------
 

********************************************************************************
** Geometry step: 0
********************************************************************************

  iSCC Total electronic   Diff electronic      SCC error    
    1   -0.16783377E+02    0.00000000E+00    0.67306191E+00
    2   -0.16784966E+02   -0.15889239E-02    0.66233307E+00
    3   -0.16822328E+02   -0.37362638E-01    0.14930284E+00
    4   -0.16822553E+02   -0.22437262E-03    0.15360140E+00
    5   -0.16823394E+02   -0.84174158E-03    0.28146111E-01
    6   -0.16823432E+02   -0.37821544E-04    0.20563033E-01
    7   -0.16823442E+02   -0.10313055E-04    0.13329451E-01
    8   -0.16823458E+02   -0.15268497E-04    0.24879330E-02
    9   -0.16823458E+02   -0.10677385E-06    0.21961557E-02
   10   -0.16823458E+02   -0.25172480E-06    0.39844137E-03
   11   -0.16823458E+02   -0.14074629E-07    0.15276276E-03
   12   -0.16823458E+02   -0.41456083E-08    0.12395583E-04
   13   -0.16823458E+02   -0.12828849E-10    0.15526280E-05
   14   -0.16823458E+02   -0.14210855E-12    0.22630047E-06
>> Charges saved for restart in charges.bin
 
 Total Energy:                     -16.3851107204 H
 Total Mermin free energy:         -16.3851107204 H
