================================================================================
==
==   Density Functional based Tight Binding with a lot of extensions (DFTB+)    
==
==                              Release: 1.2 (p2)
==
==                            (ParserVersion = 4)
==
================================================================================


********************************************************************************
** Parsing and initializing
********************************************************************************

Interpreting input file 'dftb_in.hsd'
--------------------------------------------------------------------------------
WARNING!
-> WriteHSDInput and WriteXMLInput both turned off. You won't eventually be 
 able to obtain the same results with a later version of the code!
Path: dftb_in/ParserOptions
Line: 71-74 (File: dftb_in.hsd)

Reading SK-files:
  /home/andersx/parameters/3ob-3-1/C-C.skf
  /home/andersx/parameters/3ob-3-1/C-O.skf
  /home/andersx/parameters/3ob-3-1/C-H.skf
  /home/andersx/parameters/3ob-3-1/O-C.skf
  /home/andersx/parameters/3ob-3-1/O-O.skf
  /home/andersx/parameters/3ob-3-1/O-H.skf
  /home/andersx/parameters/3ob-3-1/H-C.skf
  /home/andersx/parameters/3ob-3-1/H-O.skf
  /home/andersx/parameters/3ob-3-1/H-H.skf
Done.

Starting initialization...
--------------------------------------------------------------------------------
Mode:                        Static calculation
Self consistent charges:     Yes
SCC-tolerance:                 0.100000E-05
Max. scc iterations:                    100
Ewald alpha parameter:         0.000000E+00
Spin polarisation:           No
Nr. of up electrons:            16.000000
Nr. of down electrons:          16.000000
Periodic boundaries:         No
Diagonalizer:                Divide and Conquer
Mixer:                       Anderson mixer
Mixing parameter:                  0.200000
Maximal SCC-cycles:                     100
Nr. of chrg. vectors to mix:              8
Electronic temperature:        0.100000E-07
Initial charges:             Set automatically (system chrg:   0.000E+00)
Included shells:              C:  s, p
                              O:  s, p
                              H:  s
Full 3rd order correction    Yes
Damped SCC                   Yes
Damped specie(s):            H                                                 
Extra options:
--------------------------------------------------------------------------------
 

********************************************************************************
** Geometry step: 0
********************************************************************************

  iSCC Total electronic   Diff electronic      SCC error    
    1   -0.14186088E+02    0.00000000E+00    0.34048854E+00
    2   -0.14186216E+02   -0.12783453E-03    0.33531414E+00
    3   -0.14190071E+02   -0.38554923E-02    0.36344019E-01
    4   -0.14190046E+02    0.24984824E-04    0.38750458E-01
    5   -0.14190113E+02   -0.66520699E-04    0.20909247E-01
    6   -0.14190132E+02   -0.19433207E-04    0.46216894E-02
    7   -0.14190138E+02   -0.59685806E-05    0.38176737E-02
    8   -0.14190145E+02   -0.67565502E-05    0.89643805E-03
    9   -0.14190145E+02   -0.19333608E-07    0.60300336E-03
   10   -0.14190145E+02   -0.24350049E-07    0.12726363E-03
   11   -0.14190145E+02   -0.16281199E-09    0.70139461E-04
   12   -0.14190145E+02   -0.25000446E-10    0.17089937E-05
   13   -0.14190145E+02   -0.18651747E-12    0.44904031E-06
>> Charges saved for restart in charges.bin
 
 Total Energy:                     -14.0730655640 H
 Total Mermin free energy:         -14.0730655640 H
