================================================================================
==
==   Density Functional based Tight Binding with a lot of extensions (DFTB+)    
==
==                              Release: 1.2 (p2)
==
==                            (ParserVersion = 4)
==
================================================================================


********************************************************************************
** Parsing and initializing
********************************************************************************

Interpreting input file 'dftb_in.hsd'
--------------------------------------------------------------------------------
WARNING!
-> WriteHSDInput and WriteXMLInput both turned off. You won't eventually be 
 able to obtain the same results with a later version of the code!
Path: dftb_in/ParserOptions
Line: 83-86 (File: dftb_in.hsd)

Reading SK-files:
  /home/andersx/parameters/3ob-3-1/O-O.skf
  /home/andersx/parameters/3ob-3-1/O-C.skf
  /home/andersx/parameters/3ob-3-1/O-N.skf
  /home/andersx/parameters/3ob-3-1/O-H.skf
  /home/andersx/parameters/3ob-3-1/C-O.skf
  /home/andersx/parameters/3ob-3-1/C-C.skf
  /home/andersx/parameters/3ob-3-1/C-N.skf
  /home/andersx/parameters/3ob-3-1/C-H.skf
  /home/andersx/parameters/3ob-3-1/N-O.skf
  /home/andersx/parameters/3ob-3-1/N-C.skf
  /home/andersx/parameters/3ob-3-1/N-N.skf
  /home/andersx/parameters/3ob-3-1/N-H.skf
  /home/andersx/parameters/3ob-3-1/H-O.skf
  /home/andersx/parameters/3ob-3-1/H-C.skf
  /home/andersx/parameters/3ob-3-1/H-N.skf
  /home/andersx/parameters/3ob-3-1/H-H.skf
Done.

Starting initialization...
--------------------------------------------------------------------------------
Mode:                        Static calculation
Self consistent charges:     Yes
SCC-tolerance:                 0.100000E-05
Max. scc iterations:                    100
Ewald alpha parameter:         0.000000E+00
Spin polarisation:           No
Nr. of up electrons:            20.000000
Nr. of down electrons:          20.000000
Periodic boundaries:         No
Diagonalizer:                Divide and Conquer
Mixer:                       Anderson mixer
Mixing parameter:                  0.200000
Maximal SCC-cycles:                     100
Nr. of chrg. vectors to mix:              8
Electronic temperature:        0.100000E-07
Initial charges:             Set automatically (system chrg:   0.000E+00)
Included shells:              O:  s, p
                              C:  s, p
                              N:  s, p
                              H:  s
Full 3rd order correction    Yes
Damped SCC                   Yes
Damped specie(s):            H                                                 
Extra options:
--------------------------------------------------------------------------------
 

********************************************************************************
** Geometry step: 0
********************************************************************************

  iSCC Total electronic   Diff electronic      SCC error    
    1   -0.18178393E+02    0.00000000E+00    0.71779997E+00
    2   -0.18179173E+02   -0.77963274E-03    0.70481762E+00
    3   -0.18195449E+02   -0.16275525E-01    0.19352687E+00
    4   -0.18195009E+02    0.43992574E-03    0.18749069E+00
    5   -0.18196571E+02   -0.15622865E-02    0.11285633E+00
    6   -0.18197248E+02   -0.67652915E-03    0.16028265E-01
    7   -0.18197249E+02   -0.12162354E-05    0.14545377E-01
    8   -0.18197260E+02   -0.11683974E-04    0.58628404E-02
    9   -0.18197261E+02   -0.48511687E-06    0.18399733E-02
   10   -0.18197261E+02   -0.54432938E-07    0.14108941E-02
   11   -0.18197261E+02   -0.14271234E-06    0.29949078E-03
   12   -0.18197261E+02   -0.22840609E-08    0.16421777E-03
   13   -0.18197261E+02   -0.10957457E-08    0.29486191E-04
   14   -0.18197261E+02   -0.42032156E-10    0.67350910E-05
   15   -0.18197261E+02   -0.13535839E-11    0.59380756E-06
>> Charges saved for restart in charges.bin
 
 Total Energy:                     -17.9302546794 H
 Total Mermin free energy:         -17.9302546794 H
