================================================================================
==
==   Density Functional based Tight Binding with a lot of extensions (DFTB+)    
==
==                              Release: 1.2 (p2)
==
==                            (ParserVersion = 4)
==
================================================================================


********************************************************************************
** Parsing and initializing
********************************************************************************

Interpreting input file 'dftb_in.hsd'
--------------------------------------------------------------------------------
WARNING!
-> WriteHSDInput and WriteXMLInput both turned off. You won't eventually be 
 able to obtain the same results with a later version of the code!
Path: dftb_in/ParserOptions
Line: 79-82 (File: dftb_in.hsd)

Reading SK-files:
  /home/andersx/parameters/3ob-3-1/O-O.skf
  /home/andersx/parameters/3ob-3-1/O-C.skf
  /home/andersx/parameters/3ob-3-1/O-N.skf
  /home/andersx/parameters/3ob-3-1/O-H.skf
  /home/andersx/parameters/3ob-3-1/C-O.skf
  /home/andersx/parameters/3ob-3-1/C-C.skf
  /home/andersx/parameters/3ob-3-1/C-N.skf
  /home/andersx/parameters/3ob-3-1/C-H.skf
  /home/andersx/parameters/3ob-3-1/N-O.skf
  /home/andersx/parameters/3ob-3-1/N-C.skf
  /home/andersx/parameters/3ob-3-1/N-N.skf
  /home/andersx/parameters/3ob-3-1/N-H.skf
  /home/andersx/parameters/3ob-3-1/H-O.skf
  /home/andersx/parameters/3ob-3-1/H-C.skf
  /home/andersx/parameters/3ob-3-1/H-N.skf
  /home/andersx/parameters/3ob-3-1/H-H.skf
Done.

Starting initialization...
--------------------------------------------------------------------------------
Mode:                        Static calculation
Self consistent charges:     Yes
SCC-tolerance:                 0.100000E-05
Max. scc iterations:                    100
Ewald alpha parameter:         0.000000E+00
Spin polarisation:           No
Nr. of up electrons:            18.000000
Nr. of down electrons:          18.000000
Periodic boundaries:         No
Diagonalizer:                Divide and Conquer
Mixer:                       Anderson mixer
Mixing parameter:                  0.200000
Maximal SCC-cycles:                     100
Nr. of chrg. vectors to mix:              8
Electronic temperature:        0.100000E-07
Initial charges:             Set automatically (system chrg:   0.000E+00)
Included shells:              O:  s, p
                              C:  s, p
                              N:  s, p
                              H:  s
Full 3rd order correction    Yes
Damped SCC                   Yes
Damped specie(s):            H                                                 
Extra options:
--------------------------------------------------------------------------------
 

********************************************************************************
** Geometry step: 0
********************************************************************************

  iSCC Total electronic   Diff electronic      SCC error    
    1   -0.16651416E+02    0.00000000E+00    0.74478126E+00
    2   -0.16652373E+02   -0.95675656E-03    0.73195128E+00
    3   -0.16678200E+02   -0.25827198E-01    0.11475716E+00
    4   -0.16678283E+02   -0.83355987E-04    0.10788730E+00
    5   -0.16678365E+02   -0.81688491E-04    0.21448395E-01
    6   -0.16678401E+02   -0.36027848E-04    0.12438247E-01
    7   -0.16678401E+02    0.14289568E-06    0.12743665E-01
    8   -0.16678408E+02   -0.77494497E-05    0.12785896E-02
    9   -0.16678409E+02   -0.40879769E-07    0.89242569E-03
   10   -0.16678409E+02   -0.64896160E-07    0.10900349E-03
   11   -0.16678409E+02   -0.20600375E-08    0.59904480E-04
   12   -0.16678409E+02   -0.34963676E-09    0.14360423E-04
   13   -0.16678409E+02   -0.98410169E-11    0.75087070E-06
>> Charges saved for restart in charges.bin
 
 Total Energy:                     -16.3163450447 H
 Total Mermin free energy:         -16.3163450447 H
