================================================================================
==
==   Density Functional based Tight Binding with a lot of extensions (DFTB+)    
==
==                              Release: 1.2 (p2)
==
==                            (ParserVersion = 4)
==
================================================================================


********************************************************************************
** Parsing and initializing
********************************************************************************

Interpreting input file 'dftb_in.hsd'
--------------------------------------------------------------------------------
WARNING!
-> WriteHSDInput and WriteXMLInput both turned off. You won't eventually be 
 able to obtain the same results with a later version of the code!
Path: dftb_in/ParserOptions
Line: 80-83 (File: dftb_in.hsd)

Reading SK-files:
  /home/andersx/parameters/3ob-3-1/O-O.skf
  /home/andersx/parameters/3ob-3-1/O-C.skf
  /home/andersx/parameters/3ob-3-1/O-N.skf
  /home/andersx/parameters/3ob-3-1/O-H.skf
  /home/andersx/parameters/3ob-3-1/C-O.skf
  /home/andersx/parameters/3ob-3-1/C-C.skf
  /home/andersx/parameters/3ob-3-1/C-N.skf
  /home/andersx/parameters/3ob-3-1/C-H.skf
  /home/andersx/parameters/3ob-3-1/N-O.skf
  /home/andersx/parameters/3ob-3-1/N-C.skf
  /home/andersx/parameters/3ob-3-1/N-N.skf
  /home/andersx/parameters/3ob-3-1/N-H.skf
  /home/andersx/parameters/3ob-3-1/H-O.skf
  /home/andersx/parameters/3ob-3-1/H-C.skf
  /home/andersx/parameters/3ob-3-1/H-N.skf
  /home/andersx/parameters/3ob-3-1/H-H.skf
Done.

Starting initialization...
--------------------------------------------------------------------------------
Mode:                        Static calculation
Self consistent charges:     Yes
SCC-tolerance:                 0.100000E-05
Max. scc iterations:                    100
Ewald alpha parameter:         0.000000E+00
Spin polarisation:           No
Nr. of up electrons:            19.000000
Nr. of down electrons:          19.000000
Periodic boundaries:         No
Diagonalizer:                Divide and Conquer
Mixer:                       Anderson mixer
Mixing parameter:                  0.200000
Maximal SCC-cycles:                     100
Nr. of chrg. vectors to mix:              8
Electronic temperature:        0.100000E-07
Initial charges:             Set automatically (system chrg:   0.000E+00)
Included shells:              O:  s, p
                              C:  s, p
                              N:  s, p
                              H:  s
Full 3rd order correction    Yes
Damped SCC                   Yes
Damped specie(s):            H                                                 
Extra options:
--------------------------------------------------------------------------------
 

********************************************************************************
** Geometry step: 0
********************************************************************************

  iSCC Total electronic   Diff electronic      SCC error    
    1   -0.18014244E+02    0.00000000E+00    0.90079812E+00
    2   -0.18015357E+02   -0.11135886E-02    0.88639530E+00
    3   -0.18043349E+02   -0.27992170E-01    0.19786780E+00
    4   -0.18043851E+02   -0.50123583E-03    0.19250431E+00
    5   -0.18045556E+02   -0.17053719E-02    0.38513564E-01
    6   -0.18045590E+02   -0.33744260E-04    0.23488346E-01
    7   -0.18045611E+02   -0.20846834E-04    0.20333660E-01
    8   -0.18045658E+02   -0.47132918E-04    0.58148226E-02
    9   -0.18045659E+02   -0.10730025E-05    0.48898927E-02
   10   -0.18045661E+02   -0.22758842E-05    0.53114661E-03
   11   -0.18045661E+02   -0.14413384E-07    0.35011828E-03
   12   -0.18045661E+02   -0.39948809E-08    0.32361657E-04
   13   -0.18045661E+02   -0.10034995E-09    0.42532952E-05
   14   -0.18045661E+02   -0.40500936E-12    0.87522018E-06
>> Charges saved for restart in charges.bin
 
 Total Energy:                     -17.7061342956 H
 Total Mermin free energy:         -17.7061342956 H
