================================================================================
==
==   Density Functional based Tight Binding with a lot of extensions (DFTB+)    
==
==                              Release: 1.2 (p2)
==
==                            (ParserVersion = 4)
==
================================================================================


********************************************************************************
** Parsing and initializing
********************************************************************************

Interpreting input file 'dftb_in.hsd'
--------------------------------------------------------------------------------
WARNING!
-> WriteHSDInput and WriteXMLInput both turned off. You won't eventually be 
 able to obtain the same results with a later version of the code!
Path: dftb_in/ParserOptions
Line: 79-82 (File: dftb_in.hsd)

Reading SK-files:
  /home/andersx/parameters/3ob-3-1/O-O.skf
  /home/andersx/parameters/3ob-3-1/O-C.skf
  /home/andersx/parameters/3ob-3-1/O-N.skf
  /home/andersx/parameters/3ob-3-1/O-H.skf
  /home/andersx/parameters/3ob-3-1/C-O.skf
  /home/andersx/parameters/3ob-3-1/C-C.skf
  /home/andersx/parameters/3ob-3-1/C-N.skf
  /home/andersx/parameters/3ob-3-1/C-H.skf
  /home/andersx/parameters/3ob-3-1/N-O.skf
  /home/andersx/parameters/3ob-3-1/N-C.skf
  /home/andersx/parameters/3ob-3-1/N-N.skf
  /home/andersx/parameters/3ob-3-1/N-H.skf
  /home/andersx/parameters/3ob-3-1/H-O.skf
  /home/andersx/parameters/3ob-3-1/H-C.skf
  /home/andersx/parameters/3ob-3-1/H-N.skf
  /home/andersx/parameters/3ob-3-1/H-H.skf
Done.

Starting initialization...
--------------------------------------------------------------------------------
Mode:                        Static calculation
Self consistent charges:     Yes
SCC-tolerance:                 0.100000E-05
Max. scc iterations:                    100
Ewald alpha parameter:         0.000000E+00
Spin polarisation:           No
Nr. of up electrons:            18.000000
Nr. of down electrons:          18.000000
Periodic boundaries:         No
Diagonalizer:                Divide and Conquer
Mixer:                       Anderson mixer
Mixing parameter:                  0.200000
Maximal SCC-cycles:                     100
Nr. of chrg. vectors to mix:              8
Electronic temperature:        0.100000E-07
Initial charges:             Set automatically (system chrg:   0.000E+00)
Included shells:              O:  s, p
                              C:  s, p
                              N:  s, p
                              H:  s
Full 3rd order correction    Yes
Damped SCC                   Yes
Damped specie(s):            H                                                 
Extra options:
--------------------------------------------------------------------------------
 

********************************************************************************
** Geometry step: 0
********************************************************************************

  iSCC Total electronic   Diff electronic      SCC error    
    1   -0.16829377E+02    0.00000000E+00    0.81450417E+00
    2   -0.16831268E+02   -0.18909288E-02    0.80058048E+00
    3   -0.16874496E+02   -0.43228358E-01    0.23083783E+00
    4   -0.16874702E+02   -0.20586994E-03    0.22807710E+00
    5   -0.16875844E+02   -0.11417906E-02    0.35544145E-01
    6   -0.16875871E+02   -0.27386658E-04    0.21780338E-01
    7   -0.16875874E+02   -0.31505205E-05    0.16162011E-01
    8   -0.16875892E+02   -0.17408178E-04    0.24609958E-02
    9   -0.16875892E+02   -0.10854703E-06    0.17791763E-02
   10   -0.16875892E+02   -0.26109361E-06    0.30241827E-03
   11   -0.16875892E+02   -0.57015157E-08    0.14942903E-03
   12   -0.16875892E+02   -0.12923849E-08    0.24487912E-04
   13   -0.16875892E+02   -0.45922377E-10    0.22703753E-05
   14   -0.16875892E+02   -0.88817842E-13    0.40916029E-06
>> Charges saved for restart in charges.bin
 
 Total Energy:                     -16.4104173270 H
 Total Mermin free energy:         -16.4104173270 H
