================================================================================
==
==   Density Functional based Tight Binding with a lot of extensions (DFTB+)    
==
==                              Release: 1.2 (p2)
==
==                            (ParserVersion = 4)
==
================================================================================


********************************************************************************
** Parsing and initializing
********************************************************************************

Interpreting input file 'dftb_in.hsd'
--------------------------------------------------------------------------------
WARNING!
-> WriteHSDInput and WriteXMLInput both turned off. You won't eventually be 
 able to obtain the same results with a later version of the code!
Path: dftb_in/ParserOptions
Line: 73-76 (File: dftb_in.hsd)

Reading SK-files:
  /home/andersx/parameters/3ob-3-1/C-C.skf
  /home/andersx/parameters/3ob-3-1/C-O.skf
  /home/andersx/parameters/3ob-3-1/C-H.skf
  /home/andersx/parameters/3ob-3-1/O-C.skf
  /home/andersx/parameters/3ob-3-1/O-O.skf
  /home/andersx/parameters/3ob-3-1/O-H.skf
  /home/andersx/parameters/3ob-3-1/H-C.skf
  /home/andersx/parameters/3ob-3-1/H-O.skf
  /home/andersx/parameters/3ob-3-1/H-H.skf
Done.

Starting initialization...
--------------------------------------------------------------------------------
Mode:                        Static calculation
Self consistent charges:     Yes
SCC-tolerance:                 0.100000E-05
Max. scc iterations:                    100
Ewald alpha parameter:         0.000000E+00
Spin polarisation:           No
Nr. of up electrons:            18.000000
Nr. of down electrons:          18.000000
Periodic boundaries:         No
Diagonalizer:                Divide and Conquer
Mixer:                       Anderson mixer
Mixing parameter:                  0.200000
Maximal SCC-cycles:                     100
Nr. of chrg. vectors to mix:              8
Electronic temperature:        0.100000E-07
Initial charges:             Set automatically (system chrg:   0.000E+00)
Included shells:              C:  s, p
                              O:  s, p
                              H:  s
Full 3rd order correction    Yes
Damped SCC                   Yes
Damped specie(s):            H                                                 
Extra options:
--------------------------------------------------------------------------------
 

********************************************************************************
** Geometry step: 0
********************************************************************************

  iSCC Total electronic   Diff electronic      SCC error    
    1   -0.16443831E+02    0.00000000E+00    0.57698770E+00
    2   -0.16444343E+02   -0.51203820E-03    0.56853045E+00
    3   -0.16458675E+02   -0.14332358E-01    0.82224301E-01
    4   -0.16458577E+02    0.98076268E-04    0.68248026E-01
    5   -0.16458885E+02   -0.30793937E-03    0.38806594E-01
    6   -0.16458983E+02   -0.97299059E-04    0.43264657E-02
    7   -0.16458982E+02    0.66551422E-06    0.59186788E-02
    8   -0.16458983E+02   -0.10334579E-05    0.30376663E-02
    9   -0.16458983E+02   -0.21937403E-06    0.25193910E-02
   10   -0.16458984E+02   -0.59549806E-06    0.25065541E-03
   11   -0.16458984E+02   -0.75329538E-08    0.14372364E-03
   12   -0.16458984E+02   -0.87158014E-09    0.12492701E-04
   13   -0.16458984E+02   -0.74358297E-11    0.38110377E-05
   14   -0.16458984E+02   -0.52935434E-12    0.10835590E-06
>> Charges saved for restart in charges.bin
 
 Total Energy:                     -16.4589592712 H
 Total Mermin free energy:         -16.4589592712 H
