================================================================================
==
==   Density Functional based Tight Binding with a lot of extensions (DFTB+)    
==
==                              Release: 1.2 (p2)
==
==                            (ParserVersion = 4)
==
================================================================================


********************************************************************************
** Parsing and initializing
********************************************************************************

Interpreting input file 'dftb_in.hsd'
--------------------------------------------------------------------------------
WARNING!
-> WriteHSDInput and WriteXMLInput both turned off. You won't eventually be 
 able to obtain the same results with a later version of the code!
Path: dftb_in/ParserOptions
Line: 79-82 (File: dftb_in.hsd)

Reading SK-files:
  /home/andersx/parameters/3ob-3-1/O-O.skf
  /home/andersx/parameters/3ob-3-1/O-C.skf
  /home/andersx/parameters/3ob-3-1/O-N.skf
  /home/andersx/parameters/3ob-3-1/O-H.skf
  /home/andersx/parameters/3ob-3-1/C-O.skf
  /home/andersx/parameters/3ob-3-1/C-C.skf
  /home/andersx/parameters/3ob-3-1/C-N.skf
  /home/andersx/parameters/3ob-3-1/C-H.skf
  /home/andersx/parameters/3ob-3-1/N-O.skf
  /home/andersx/parameters/3ob-3-1/N-C.skf
  /home/andersx/parameters/3ob-3-1/N-N.skf
  /home/andersx/parameters/3ob-3-1/N-H.skf
  /home/andersx/parameters/3ob-3-1/H-O.skf
  /home/andersx/parameters/3ob-3-1/H-C.skf
  /home/andersx/parameters/3ob-3-1/H-N.skf
  /home/andersx/parameters/3ob-3-1/H-H.skf
Done.

Starting initialization...
--------------------------------------------------------------------------------
Mode:                        Static calculation
Self consistent charges:     Yes
SCC-tolerance:                 0.100000E-05
Max. scc iterations:                    100
Ewald alpha parameter:         0.000000E+00
Spin polarisation:           No
Nr. of up electrons:            18.000000
Nr. of down electrons:          18.000000
Periodic boundaries:         No
Diagonalizer:                Divide and Conquer
Mixer:                       Anderson mixer
Mixing parameter:                  0.200000
Maximal SCC-cycles:                     100
Nr. of chrg. vectors to mix:              8
Electronic temperature:        0.100000E-07
Initial charges:             Set automatically (system chrg:   0.000E+00)
Included shells:              O:  s, p
                              C:  s, p
                              N:  s, p
                              H:  s
Full 3rd order correction    Yes
Damped SCC                   Yes
Damped specie(s):            H                                                 
Extra options:
--------------------------------------------------------------------------------
 

********************************************************************************
** Geometry step: 0
********************************************************************************

  iSCC Total electronic   Diff electronic      SCC error    
    1   -0.16842736E+02    0.00000000E+00    0.92527114E+00
    2   -0.16844450E+02   -0.17140565E-02    0.91077945E+00
    3   -0.16880265E+02   -0.35815102E-01    0.27510297E+00
    4   -0.16881782E+02   -0.15173550E-02    0.25993912E+00
    5   -0.16884873E+02   -0.30902288E-02    0.10950902E+00
    6   -0.16886035E+02   -0.11627838E-02    0.28287006E-01
    7   -0.16886036E+02   -0.77864274E-06    0.27856879E-01
    8   -0.16886110E+02   -0.73330425E-04    0.35926627E-02
    9   -0.16886110E+02   -0.75930384E-07    0.34591167E-02
   10   -0.16886110E+02   -0.34052306E-06    0.19903944E-02
   11   -0.16886110E+02   -0.27678137E-06    0.10897020E-02
   12   -0.16886110E+02   -0.10234411E-06    0.61061904E-03
   13   -0.16886110E+02   -0.17472548E-07    0.25130313E-03
   14   -0.16886110E+02   -0.34939767E-08    0.16337245E-04
   15   -0.16886110E+02   -0.47286619E-11    0.18403195E-05
   16   -0.16886110E+02   -0.28421709E-13    0.13991804E-06
>> Charges saved for restart in charges.bin
 
 Total Energy:                     -16.4355832563 H
 Total Mermin free energy:         -16.4355832563 H
