================================================================================
==
==   Density Functional based Tight Binding with a lot of extensions (DFTB+)    
==
==                              Release: 1.2 (p2)
==
==                            (ParserVersion = 4)
==
================================================================================


********************************************************************************
** Parsing and initializing
********************************************************************************

Interpreting input file 'dftb_in.hsd'
--------------------------------------------------------------------------------
WARNING!
-> WriteHSDInput and WriteXMLInput both turned off. You won't eventually be 
 able to obtain the same results with a later version of the code!
Path: dftb_in/ParserOptions
Line: 80-83 (File: dftb_in.hsd)

Reading SK-files:
  /home/andersx/parameters/3ob-3-1/O-O.skf
  /home/andersx/parameters/3ob-3-1/O-C.skf
  /home/andersx/parameters/3ob-3-1/O-N.skf
  /home/andersx/parameters/3ob-3-1/O-H.skf
  /home/andersx/parameters/3ob-3-1/C-O.skf
  /home/andersx/parameters/3ob-3-1/C-C.skf
  /home/andersx/parameters/3ob-3-1/C-N.skf
  /home/andersx/parameters/3ob-3-1/C-H.skf
  /home/andersx/parameters/3ob-3-1/N-O.skf
  /home/andersx/parameters/3ob-3-1/N-C.skf
  /home/andersx/parameters/3ob-3-1/N-N.skf
  /home/andersx/parameters/3ob-3-1/N-H.skf
  /home/andersx/parameters/3ob-3-1/H-O.skf
  /home/andersx/parameters/3ob-3-1/H-C.skf
  /home/andersx/parameters/3ob-3-1/H-N.skf
  /home/andersx/parameters/3ob-3-1/H-H.skf
Done.

Starting initialization...
--------------------------------------------------------------------------------
Mode:                        Static calculation
Self consistent charges:     Yes
SCC-tolerance:                 0.100000E-05
Max. scc iterations:                    100
Ewald alpha parameter:         0.000000E+00
Spin polarisation:           No
Nr. of up electrons:            19.000000
Nr. of down electrons:          19.000000
Periodic boundaries:         No
Diagonalizer:                Divide and Conquer
Mixer:                       Anderson mixer
Mixing parameter:                  0.200000
Maximal SCC-cycles:                     100
Nr. of chrg. vectors to mix:              8
Electronic temperature:        0.100000E-07
Initial charges:             Set automatically (system chrg:   0.000E+00)
Included shells:              O:  s, p
                              C:  s, p
                              N:  s, p
                              H:  s
Full 3rd order correction    Yes
Damped SCC                   Yes
Damped specie(s):            H                                                 
Extra options:
--------------------------------------------------------------------------------
 

********************************************************************************
** Geometry step: 0
********************************************************************************

  iSCC Total electronic   Diff electronic      SCC error    
    1   -0.17922320E+02    0.00000000E+00    0.92503155E+00
    2   -0.17923194E+02   -0.87422548E-03    0.91213629E+00
    3   -0.17948532E+02   -0.25338127E-01    0.11150127E+00
    4   -0.17948766E+02   -0.23414932E-03    0.10623797E+00
    5   -0.17949340E+02   -0.57356125E-03    0.35393562E-01
    6   -0.17949412E+02   -0.72424889E-04    0.15802858E-01
    7   -0.17949414E+02   -0.23019212E-05    0.14511028E-01
    8   -0.17949425E+02   -0.11023254E-04    0.22397076E-02
    9   -0.17949426E+02   -0.75844525E-07    0.20479517E-02
   10   -0.17949426E+02   -0.73211126E-07    0.10819339E-02
   11   -0.17949426E+02   -0.46405390E-07    0.60529607E-03
   12   -0.17949426E+02   -0.63397227E-07    0.21396977E-03
   13   -0.17949426E+02   -0.15051711E-08    0.12200681E-03
   14   -0.17949426E+02   -0.53490368E-09    0.18013789E-04
   15   -0.17949426E+02   -0.54996008E-11    0.38983621E-05
   16   -0.17949426E+02   -0.18474111E-12    0.16869532E-06
>> Charges saved for restart in charges.bin
 
 Total Energy:                     -17.6858117295 H
 Total Mermin free energy:         -17.6858117295 H
