================================================================================
==
==   Density Functional based Tight Binding with a lot of extensions (DFTB+)    
==
==                              Release: 1.2 (p2)
==
==                            (ParserVersion = 4)
==
================================================================================


********************************************************************************
** Parsing and initializing
********************************************************************************

Interpreting input file 'dftb_in.hsd'
--------------------------------------------------------------------------------
WARNING!
-> WriteHSDInput and WriteXMLInput both turned off. You won't eventually be 
 able to obtain the same results with a later version of the code!
Path: dftb_in/ParserOptions
Line: 73-76 (File: dftb_in.hsd)

Reading SK-files:
  /home/andersx/parameters/3ob-3-1/C-C.skf
  /home/andersx/parameters/3ob-3-1/C-O.skf
  /home/andersx/parameters/3ob-3-1/C-H.skf
  /home/andersx/parameters/3ob-3-1/O-C.skf
  /home/andersx/parameters/3ob-3-1/O-O.skf
  /home/andersx/parameters/3ob-3-1/O-H.skf
  /home/andersx/parameters/3ob-3-1/H-C.skf
  /home/andersx/parameters/3ob-3-1/H-O.skf
  /home/andersx/parameters/3ob-3-1/H-H.skf
Done.

Starting initialization...
--------------------------------------------------------------------------------
Mode:                        Static calculation
Self consistent charges:     Yes
SCC-tolerance:                 0.100000E-05
Max. scc iterations:                    100
Ewald alpha parameter:         0.000000E+00
Spin polarisation:           No
Nr. of up electrons:            17.000000
Nr. of down electrons:          17.000000
Periodic boundaries:         No
Diagonalizer:                Divide and Conquer
Mixer:                       Anderson mixer
Mixing parameter:                  0.200000
Maximal SCC-cycles:                     100
Nr. of chrg. vectors to mix:              8
Electronic temperature:        0.100000E-07
Initial charges:             Set automatically (system chrg:   0.000E+00)
Included shells:              C:  s, p
                              O:  s, p
                              H:  s
Full 3rd order correction    Yes
Damped SCC                   Yes
Damped specie(s):            H                                                 
Extra options:
--------------------------------------------------------------------------------
 

********************************************************************************
** Geometry step: 0
********************************************************************************

  iSCC Total electronic   Diff electronic      SCC error    
    1   -0.14739844E+02    0.00000000E+00    0.61894952E+00
    2   -0.14740239E+02   -0.39536820E-03    0.60924667E+00
    3   -0.14750958E+02   -0.10719031E-01    0.72412998E-01
    4   -0.14750846E+02    0.11234392E-03    0.63491800E-01
    5   -0.14751035E+02   -0.18880528E-03    0.87585162E-01
    6   -0.14751210E+02   -0.17551075E-03    0.97413916E-02
    7   -0.14751210E+02   -0.19542605E-06    0.90378597E-02
    8   -0.14751220E+02   -0.97497753E-05    0.49848289E-02
    9   -0.14751221E+02   -0.63180310E-06    0.55644833E-03
   10   -0.14751221E+02   -0.52042106E-07    0.40433738E-03
   11   -0.14751221E+02   -0.40997037E-08    0.35282257E-04
   12   -0.14751221E+02   -0.58124172E-10    0.44922093E-05
   13   -0.14751221E+02   -0.60396133E-12    0.12422687E-05
   14   -0.14751221E+02   -0.46185278E-13    0.37664108E-07
>> Charges saved for restart in charges.bin
 
 Total Energy:                     -14.8233137413 H
 Total Mermin free energy:         -14.8233137413 H
