================================================================================
==
==   Density Functional based Tight Binding with a lot of extensions (DFTB+)    
==
==                              Release: 1.2 (p2)
==
==                            (ParserVersion = 4)
==
================================================================================


********************************************************************************
** Parsing and initializing
********************************************************************************

Interpreting input file 'dftb_in.hsd'
--------------------------------------------------------------------------------
WARNING!
-> WriteHSDInput and WriteXMLInput both turned off. You won't eventually be 
 able to obtain the same results with a later version of the code!
Path: dftb_in/ParserOptions
Line: 82-85 (File: dftb_in.hsd)

Reading SK-files:
  /home/andersx/parameters/3ob-3-1/O-O.skf
  /home/andersx/parameters/3ob-3-1/O-C.skf
  /home/andersx/parameters/3ob-3-1/O-N.skf
  /home/andersx/parameters/3ob-3-1/O-H.skf
  /home/andersx/parameters/3ob-3-1/C-O.skf
  /home/andersx/parameters/3ob-3-1/C-C.skf
  /home/andersx/parameters/3ob-3-1/C-N.skf
  /home/andersx/parameters/3ob-3-1/C-H.skf
  /home/andersx/parameters/3ob-3-1/N-O.skf
  /home/andersx/parameters/3ob-3-1/N-C.skf
  /home/andersx/parameters/3ob-3-1/N-N.skf
  /home/andersx/parameters/3ob-3-1/N-H.skf
  /home/andersx/parameters/3ob-3-1/H-O.skf
  /home/andersx/parameters/3ob-3-1/H-C.skf
  /home/andersx/parameters/3ob-3-1/H-N.skf
  /home/andersx/parameters/3ob-3-1/H-H.skf
Done.

Starting initialization...
--------------------------------------------------------------------------------
Mode:                        Static calculation
Self consistent charges:     Yes
SCC-tolerance:                 0.100000E-05
Max. scc iterations:                    100
Ewald alpha parameter:         0.000000E+00
Spin polarisation:           No
Nr. of up electrons:            19.000000
Nr. of down electrons:          19.000000
Periodic boundaries:         No
Diagonalizer:                Divide and Conquer
Mixer:                       Anderson mixer
Mixing parameter:                  0.200000
Maximal SCC-cycles:                     100
Nr. of chrg. vectors to mix:              8
Electronic temperature:        0.100000E-07
Initial charges:             Set automatically (system chrg:   0.000E+00)
Included shells:              O:  s, p
                              C:  s, p
                              N:  s, p
                              H:  s
Full 3rd order correction    Yes
Damped SCC                   Yes
Damped specie(s):            H                                                 
Extra options:
--------------------------------------------------------------------------------
 

********************************************************************************
** Geometry step: 0
********************************************************************************

  iSCC Total electronic   Diff electronic      SCC error    
    1   -0.17077809E+02    0.00000000E+00    0.67954448E+00
    2   -0.17078569E+02   -0.76036733E-03    0.67048726E+00
    3   -0.17095666E+02   -0.17096432E-01    0.17475579E+00
    4   -0.17095484E+02    0.18200200E-03    0.15327453E+00
    5   -0.17096040E+02   -0.55610343E-03    0.86025275E-01
    6   -0.17096339E+02   -0.29905239E-03    0.18654050E-01
    7   -0.17096327E+02    0.11997758E-04    0.18215625E-01
    8   -0.17096366E+02   -0.39092378E-04    0.58026703E-02
    9   -0.17096367E+02   -0.74129332E-06    0.35248137E-02
   10   -0.17096367E+02   -0.74472142E-06    0.17524525E-02
   11   -0.17096368E+02   -0.24645204E-06    0.99675046E-04
   12   -0.17096368E+02   -0.50183502E-09    0.64849545E-04
   13   -0.17096368E+02   -0.33117686E-09    0.61123492E-05
   14   -0.17096368E+02   -0.36841641E-11    0.20791833E-05
   15   -0.17096368E+02   -0.88817842E-13    0.30580677E-06
>> Charges saved for restart in charges.bin
 
 Total Energy:                     -16.8546283402 H
 Total Mermin free energy:         -16.8546283402 H
