================================================================================
==
==   Density Functional based Tight Binding with a lot of extensions (DFTB+)    
==
==                              Release: 1.2 (p2)
==
==                            (ParserVersion = 4)
==
================================================================================


********************************************************************************
** Parsing and initializing
********************************************************************************

Interpreting input file 'dftb_in.hsd'
--------------------------------------------------------------------------------
WARNING!
-> WriteHSDInput and WriteXMLInput both turned off. You won't eventually be 
 able to obtain the same results with a later version of the code!
Path: dftb_in/ParserOptions
Line: 80-83 (File: dftb_in.hsd)

Reading SK-files:
  /home/andersx/parameters/3ob-3-1/O-O.skf
  /home/andersx/parameters/3ob-3-1/O-C.skf
  /home/andersx/parameters/3ob-3-1/O-N.skf
  /home/andersx/parameters/3ob-3-1/O-H.skf
  /home/andersx/parameters/3ob-3-1/C-O.skf
  /home/andersx/parameters/3ob-3-1/C-C.skf
  /home/andersx/parameters/3ob-3-1/C-N.skf
  /home/andersx/parameters/3ob-3-1/C-H.skf
  /home/andersx/parameters/3ob-3-1/N-O.skf
  /home/andersx/parameters/3ob-3-1/N-C.skf
  /home/andersx/parameters/3ob-3-1/N-N.skf
  /home/andersx/parameters/3ob-3-1/N-H.skf
  /home/andersx/parameters/3ob-3-1/H-O.skf
  /home/andersx/parameters/3ob-3-1/H-C.skf
  /home/andersx/parameters/3ob-3-1/H-N.skf
  /home/andersx/parameters/3ob-3-1/H-H.skf
Done.

Starting initialization...
--------------------------------------------------------------------------------
Mode:                        Static calculation
Self consistent charges:     Yes
SCC-tolerance:                 0.100000E-05
Max. scc iterations:                    100
Ewald alpha parameter:         0.000000E+00
Spin polarisation:           No
Nr. of up electrons:            19.000000
Nr. of down electrons:          19.000000
Periodic boundaries:         No
Diagonalizer:                Divide and Conquer
Mixer:                       Anderson mixer
Mixing parameter:                  0.200000
Maximal SCC-cycles:                     100
Nr. of chrg. vectors to mix:              8
Electronic temperature:        0.100000E-07
Initial charges:             Set automatically (system chrg:   0.000E+00)
Included shells:              O:  s, p
                              C:  s, p
                              N:  s, p
                              H:  s
Full 3rd order correction    Yes
Damped SCC                   Yes
Damped specie(s):            H                                                 
Extra options:
--------------------------------------------------------------------------------
 

********************************************************************************
** Geometry step: 0
********************************************************************************

  iSCC Total electronic   Diff electronic      SCC error    
    1   -0.17949159E+02    0.00000000E+00    0.67316712E+00
    2   -0.17949641E+02   -0.48217425E-03    0.66428861E+00
    3   -0.17961441E+02   -0.11799671E-01    0.11793954E+00
    4   -0.17961438E+02    0.30266762E-05    0.11824353E+00
    5   -0.17962488E+02   -0.10504659E-02    0.11072700E-01
    6   -0.17962492E+02   -0.40140327E-05    0.10364814E-01
    7   -0.17962514E+02   -0.22091345E-04    0.37448113E-02
    8   -0.17962515E+02   -0.18974406E-06    0.17561574E-02
    9   -0.17962515E+02   -0.31276398E-06    0.58162757E-03
   10   -0.17962515E+02   -0.68240169E-09    0.39247384E-03
   11   -0.17962515E+02   -0.21587041E-07    0.47357183E-04
   12   -0.17962515E+02   -0.80834894E-10    0.15306529E-04
   13   -0.17962515E+02   -0.26858515E-11    0.14273488E-05
   14   -0.17962515E+02   -0.35527137E-13    0.13421003E-06
>> Charges saved for restart in charges.bin
 
 Total Energy:                     -17.6630581190 H
 Total Mermin free energy:         -17.6630581190 H
