================================================================================
==
==   Density Functional based Tight Binding with a lot of extensions (DFTB+)    
==
==                              Release: 1.2 (p2)
==
==                            (ParserVersion = 4)
==
================================================================================


********************************************************************************
** Parsing and initializing
********************************************************************************

Interpreting input file 'dftb_in.hsd'
--------------------------------------------------------------------------------
WARNING!
-> WriteHSDInput and WriteXMLInput both turned off. You won't eventually be 
 able to obtain the same results with a later version of the code!
Path: dftb_in/ParserOptions
Line: 82-85 (File: dftb_in.hsd)

Reading SK-files:
  /home/andersx/parameters/3ob-3-1/O-O.skf
  /home/andersx/parameters/3ob-3-1/O-C.skf
  /home/andersx/parameters/3ob-3-1/O-N.skf
  /home/andersx/parameters/3ob-3-1/O-H.skf
  /home/andersx/parameters/3ob-3-1/C-O.skf
  /home/andersx/parameters/3ob-3-1/C-C.skf
  /home/andersx/parameters/3ob-3-1/C-N.skf
  /home/andersx/parameters/3ob-3-1/C-H.skf
  /home/andersx/parameters/3ob-3-1/N-O.skf
  /home/andersx/parameters/3ob-3-1/N-C.skf
  /home/andersx/parameters/3ob-3-1/N-N.skf
  /home/andersx/parameters/3ob-3-1/N-H.skf
  /home/andersx/parameters/3ob-3-1/H-O.skf
  /home/andersx/parameters/3ob-3-1/H-C.skf
  /home/andersx/parameters/3ob-3-1/H-N.skf
  /home/andersx/parameters/3ob-3-1/H-H.skf
Done.

Starting initialization...
--------------------------------------------------------------------------------
Mode:                        Static calculation
Self consistent charges:     Yes
SCC-tolerance:                 0.100000E-05
Max. scc iterations:                    100
Ewald alpha parameter:         0.000000E+00
Spin polarisation:           No
Nr. of up electrons:            20.000000
Nr. of down electrons:          20.000000
Periodic boundaries:         No
Diagonalizer:                Divide and Conquer
Mixer:                       Anderson mixer
Mixing parameter:                  0.200000
Maximal SCC-cycles:                     100
Nr. of chrg. vectors to mix:              8
Electronic temperature:        0.100000E-07
Initial charges:             Set automatically (system chrg:   0.000E+00)
Included shells:              O:  s, p
                              C:  s, p
                              N:  s, p
                              H:  s
Full 3rd order correction    Yes
Damped SCC                   Yes
Damped specie(s):            H                                                 
Extra options:
--------------------------------------------------------------------------------
 

********************************************************************************
** Geometry step: 0
********************************************************************************

  iSCC Total electronic   Diff electronic      SCC error    
    1   -0.18586641E+02    0.00000000E+00    0.67648358E+00
    2   -0.18587545E+02   -0.90440000E-03    0.66740160E+00
    3   -0.18606371E+02   -0.18826242E-01    0.17669654E+00
    4   -0.18606349E+02    0.22780952E-04    0.17534554E+00
    5   -0.18608705E+02   -0.23564688E-02    0.14841385E-01
    6   -0.18608713E+02   -0.74585698E-05    0.13656806E-01
    7   -0.18608732E+02   -0.19480927E-04    0.83215490E-02
    8   -0.18608732E+02   -0.34362220E-06    0.23824444E-02
    9   -0.18608732E+02   -0.12205085E-06    0.19823452E-02
   10   -0.18608733E+02   -0.22986420E-06    0.33292203E-03
   11   -0.18608733E+02   -0.62212493E-08    0.20401257E-03
   12   -0.18608733E+02   -0.17713724E-08    0.10126716E-04
   13   -0.18608733E+02   -0.61959327E-11    0.21947510E-05
   14   -0.18608733E+02   -0.13500312E-12    0.23230079E-06
>> Charges saved for restart in charges.bin
 
 Total Energy:                     -18.4078374047 H
 Total Mermin free energy:         -18.4078374047 H
