================================================================================
==
==   Density Functional based Tight Binding with a lot of extensions (DFTB+)    
==
==                              Release: 1.2 (p2)
==
==                            (ParserVersion = 4)
==
================================================================================


********************************************************************************
** Parsing and initializing
********************************************************************************

Interpreting input file 'dftb_in.hsd'
--------------------------------------------------------------------------------
WARNING!
-> WriteHSDInput and WriteXMLInput both turned off. You won't eventually be 
 able to obtain the same results with a later version of the code!
Path: dftb_in/ParserOptions
Line: 80-83 (File: dftb_in.hsd)

Reading SK-files:
  /home/andersx/parameters/3ob-3-1/O-O.skf
  /home/andersx/parameters/3ob-3-1/O-C.skf
  /home/andersx/parameters/3ob-3-1/O-N.skf
  /home/andersx/parameters/3ob-3-1/O-H.skf
  /home/andersx/parameters/3ob-3-1/C-O.skf
  /home/andersx/parameters/3ob-3-1/C-C.skf
  /home/andersx/parameters/3ob-3-1/C-N.skf
  /home/andersx/parameters/3ob-3-1/C-H.skf
  /home/andersx/parameters/3ob-3-1/N-O.skf
  /home/andersx/parameters/3ob-3-1/N-C.skf
  /home/andersx/parameters/3ob-3-1/N-N.skf
  /home/andersx/parameters/3ob-3-1/N-H.skf
  /home/andersx/parameters/3ob-3-1/H-O.skf
  /home/andersx/parameters/3ob-3-1/H-C.skf
  /home/andersx/parameters/3ob-3-1/H-N.skf
  /home/andersx/parameters/3ob-3-1/H-H.skf
Done.

Starting initialization...
--------------------------------------------------------------------------------
Mode:                        Static calculation
Self consistent charges:     Yes
SCC-tolerance:                 0.100000E-05
Max. scc iterations:                    100
Ewald alpha parameter:         0.000000E+00
Spin polarisation:           No
Nr. of up electrons:            19.000000
Nr. of down electrons:          19.000000
Periodic boundaries:         No
Diagonalizer:                Divide and Conquer
Mixer:                       Anderson mixer
Mixing parameter:                  0.200000
Maximal SCC-cycles:                     100
Nr. of chrg. vectors to mix:              8
Electronic temperature:        0.100000E-07
Initial charges:             Set automatically (system chrg:   0.000E+00)
Included shells:              O:  s, p
                              C:  s, p
                              N:  s, p
                              H:  s
Full 3rd order correction    Yes
Damped SCC                   Yes
Damped specie(s):            H                                                 
Extra options:
--------------------------------------------------------------------------------
 

********************************************************************************
** Geometry step: 0
********************************************************************************

  iSCC Total electronic   Diff electronic      SCC error    
    1   -0.17934463E+02    0.00000000E+00    0.78560042E+00
    2   -0.17936127E+02   -0.16638312E-02    0.77215177E+00
    3   -0.17977824E+02   -0.41696757E-01    0.13845245E+00
    4   -0.17978475E+02   -0.65133927E-03    0.14048342E+00
    5   -0.17979536E+02   -0.10611610E-02    0.53866314E-01
    6   -0.17979819E+02   -0.28257856E-03    0.17921446E-01
    7   -0.17979819E+02   -0.15405276E-06    0.18141456E-01
    8   -0.17979824E+02   -0.54386667E-05    0.19555443E-02
    9   -0.17979824E+02   -0.37389629E-07    0.14262602E-02
   10   -0.17979824E+02   -0.10789702E-06    0.13196621E-03
   11   -0.17979824E+02   -0.52265392E-09    0.68890509E-04
   12   -0.17979824E+02   -0.22917135E-09    0.60882964E-05
   13   -0.17979824E+02   -0.50057736E-11    0.14764279E-05
   14   -0.17979824E+02   -0.71054274E-13    0.21371814E-06
>> Charges saved for restart in charges.bin
 
 Total Energy:                     -17.6614528233 H
 Total Mermin free energy:         -17.6614528233 H
