================================================================================
==
==   Density Functional based Tight Binding with a lot of extensions (DFTB+)    
==
==                              Release: 1.2 (p2)
==
==                            (ParserVersion = 4)
==
================================================================================


********************************************************************************
** Parsing and initializing
********************************************************************************

Interpreting input file 'dftb_in.hsd'
--------------------------------------------------------------------------------
WARNING!
-> WriteHSDInput and WriteXMLInput both turned off. You won't eventually be 
 able to obtain the same results with a later version of the code!
Path: dftb_in/ParserOptions
Line: 83-86 (File: dftb_in.hsd)

Reading SK-files:
  /home/andersx/parameters/3ob-3-1/O-O.skf
  /home/andersx/parameters/3ob-3-1/O-C.skf
  /home/andersx/parameters/3ob-3-1/O-N.skf
  /home/andersx/parameters/3ob-3-1/O-H.skf
  /home/andersx/parameters/3ob-3-1/C-O.skf
  /home/andersx/parameters/3ob-3-1/C-C.skf
  /home/andersx/parameters/3ob-3-1/C-N.skf
  /home/andersx/parameters/3ob-3-1/C-H.skf
  /home/andersx/parameters/3ob-3-1/N-O.skf
  /home/andersx/parameters/3ob-3-1/N-C.skf
  /home/andersx/parameters/3ob-3-1/N-N.skf
  /home/andersx/parameters/3ob-3-1/N-H.skf
  /home/andersx/parameters/3ob-3-1/H-O.skf
  /home/andersx/parameters/3ob-3-1/H-C.skf
  /home/andersx/parameters/3ob-3-1/H-N.skf
  /home/andersx/parameters/3ob-3-1/H-H.skf
Done.

Starting initialization...
--------------------------------------------------------------------------------
Mode:                        Static calculation
Self consistent charges:     Yes
SCC-tolerance:                 0.100000E-05
Max. scc iterations:                    100
Ewald alpha parameter:         0.000000E+00
Spin polarisation:           No
Nr. of up electrons:            20.000000
Nr. of down electrons:          20.000000
Periodic boundaries:         No
Diagonalizer:                Divide and Conquer
Mixer:                       Anderson mixer
Mixing parameter:                  0.200000
Maximal SCC-cycles:                     100
Nr. of chrg. vectors to mix:              8
Electronic temperature:        0.100000E-07
Initial charges:             Set automatically (system chrg:   0.000E+00)
Included shells:              O:  s, p
                              C:  s, p
                              N:  s, p
                              H:  s
Full 3rd order correction    Yes
Damped SCC                   Yes
Damped specie(s):            H                                                 
Extra options:
--------------------------------------------------------------------------------
 

********************************************************************************
** Geometry step: 0
********************************************************************************

  iSCC Total electronic   Diff electronic      SCC error    
    1   -0.18056485E+02    0.00000000E+00    0.68025199E+00
    2   -0.18056874E+02   -0.38942271E-03    0.67145284E+00
    3   -0.18066868E+02   -0.99939809E-02    0.11064992E+00
    4   -0.18066726E+02    0.14185191E-03    0.11532103E+00
    5   -0.18067101E+02   -0.37426011E-03    0.53498054E-01
    6   -0.18067312E+02   -0.21157245E-03    0.11268368E-01
    7   -0.18067313E+02   -0.10741675E-05    0.93173375E-02
    8   -0.18067322E+02   -0.89892620E-05    0.28375068E-02
    9   -0.18067322E+02   -0.13221580E-07    0.18668956E-02
   10   -0.18067322E+02   -0.98605174E-07    0.36232057E-03
   11   -0.18067322E+02   -0.11728183E-08    0.10699305E-03
   12   -0.18067322E+02   -0.47212723E-09    0.17139030E-04
   13   -0.18067322E+02   -0.10164314E-10    0.47083077E-05
   14   -0.18067322E+02   -0.99475983E-13    0.56099611E-06
>> Charges saved for restart in charges.bin
 
 Total Energy:                     -17.8120435569 H
 Total Mermin free energy:         -17.8120435569 H
