================================================================================
==
==   Density Functional based Tight Binding with a lot of extensions (DFTB+)    
==
==                              Release: 1.2 (p2)
==
==                            (ParserVersion = 4)
==
================================================================================


********************************************************************************
** Parsing and initializing
********************************************************************************

Interpreting input file 'dftb_in.hsd'
--------------------------------------------------------------------------------
WARNING!
-> WriteHSDInput and WriteXMLInput both turned off. You won't eventually be 
 able to obtain the same results with a later version of the code!
Path: dftb_in/ParserOptions
Line: 81-84 (File: dftb_in.hsd)

Reading SK-files:
  /home/andersx/parameters/3ob-3-1/O-O.skf
  /home/andersx/parameters/3ob-3-1/O-C.skf
  /home/andersx/parameters/3ob-3-1/O-N.skf
  /home/andersx/parameters/3ob-3-1/O-H.skf
  /home/andersx/parameters/3ob-3-1/C-O.skf
  /home/andersx/parameters/3ob-3-1/C-C.skf
  /home/andersx/parameters/3ob-3-1/C-N.skf
  /home/andersx/parameters/3ob-3-1/C-H.skf
  /home/andersx/parameters/3ob-3-1/N-O.skf
  /home/andersx/parameters/3ob-3-1/N-C.skf
  /home/andersx/parameters/3ob-3-1/N-N.skf
  /home/andersx/parameters/3ob-3-1/N-H.skf
  /home/andersx/parameters/3ob-3-1/H-O.skf
  /home/andersx/parameters/3ob-3-1/H-C.skf
  /home/andersx/parameters/3ob-3-1/H-N.skf
  /home/andersx/parameters/3ob-3-1/H-H.skf
Done.

Starting initialization...
--------------------------------------------------------------------------------
Mode:                        Static calculation
Self consistent charges:     Yes
SCC-tolerance:                 0.100000E-05
Max. scc iterations:                    100
Ewald alpha parameter:         0.000000E+00
Spin polarisation:           No
Nr. of up electrons:            19.000000
Nr. of down electrons:          19.000000
Periodic boundaries:         No
Diagonalizer:                Divide and Conquer
Mixer:                       Anderson mixer
Mixing parameter:                  0.200000
Maximal SCC-cycles:                     100
Nr. of chrg. vectors to mix:              8
Electronic temperature:        0.100000E-07
Initial charges:             Set automatically (system chrg:   0.000E+00)
Included shells:              O:  s, p
                              C:  s, p
                              N:  s, p
                              H:  s
Full 3rd order correction    Yes
Damped SCC                   Yes
Damped specie(s):            H                                                 
Extra options:
--------------------------------------------------------------------------------
 

********************************************************************************
** Geometry step: 0
********************************************************************************

  iSCC Total electronic   Diff electronic      SCC error    
    1   -0.17511026E+02    0.00000000E+00    0.68039353E+00
    2   -0.17511535E+02   -0.50928552E-03    0.67154688E+00
    3   -0.17525147E+02   -0.13611332E-01    0.10865826E+00
    4   -0.17525015E+02    0.13162491E-03    0.11729950E+00
    5   -0.17525698E+02   -0.68284000E-03    0.50330758E-01
    6   -0.17525765E+02   -0.66745389E-04    0.14440976E-01
    7   -0.17525773E+02   -0.79413537E-05    0.15852198E-01
    8   -0.17525811E+02   -0.38058634E-04    0.47572164E-02
    9   -0.17525811E+02   -0.18065821E-06    0.39514474E-02
   10   -0.17525811E+02   -0.28593944E-06    0.31051136E-02
   11   -0.17525811E+02   -0.54345783E-07    0.11397022E-02
   12   -0.17525811E+02   -0.92828156E-07    0.34025942E-03
   13   -0.17525811E+02   -0.12216816E-07    0.14029208E-03
   14   -0.17525811E+02   -0.17743247E-08    0.15825169E-04
   15   -0.17525811E+02   -0.14878765E-10    0.24476727E-05
   16   -0.17525811E+02   -0.31974423E-13    0.85931668E-06
>> Charges saved for restart in charges.bin
 
 Total Energy:                     -17.1472269593 H
 Total Mermin free energy:         -17.1472269593 H
