================================================================================
==
==   Density Functional based Tight Binding with a lot of extensions (DFTB+)    
==
==                              Release: 1.2 (p2)
==
==                            (ParserVersion = 4)
==
================================================================================


********************************************************************************
** Parsing and initializing
********************************************************************************

Interpreting input file 'dftb_in.hsd'
--------------------------------------------------------------------------------
WARNING!
-> WriteHSDInput and WriteXMLInput both turned off. You won't eventually be 
 able to obtain the same results with a later version of the code!
Path: dftb_in/ParserOptions
Line: 82-85 (File: dftb_in.hsd)

Reading SK-files:
  /home/andersx/parameters/3ob-3-1/O-O.skf
  /home/andersx/parameters/3ob-3-1/O-C.skf
  /home/andersx/parameters/3ob-3-1/O-N.skf
  /home/andersx/parameters/3ob-3-1/O-H.skf
  /home/andersx/parameters/3ob-3-1/C-O.skf
  /home/andersx/parameters/3ob-3-1/C-C.skf
  /home/andersx/parameters/3ob-3-1/C-N.skf
  /home/andersx/parameters/3ob-3-1/C-H.skf
  /home/andersx/parameters/3ob-3-1/N-O.skf
  /home/andersx/parameters/3ob-3-1/N-C.skf
  /home/andersx/parameters/3ob-3-1/N-N.skf
  /home/andersx/parameters/3ob-3-1/N-H.skf
  /home/andersx/parameters/3ob-3-1/H-O.skf
  /home/andersx/parameters/3ob-3-1/H-C.skf
  /home/andersx/parameters/3ob-3-1/H-N.skf
  /home/andersx/parameters/3ob-3-1/H-H.skf
Done.

Starting initialization...
--------------------------------------------------------------------------------
Mode:                        Static calculation
Self consistent charges:     Yes
SCC-tolerance:                 0.100000E-05
Max. scc iterations:                    100
Ewald alpha parameter:         0.000000E+00
Spin polarisation:           No
Nr. of up electrons:            20.000000
Nr. of down electrons:          20.000000
Periodic boundaries:         No
Diagonalizer:                Divide and Conquer
Mixer:                       Anderson mixer
Mixing parameter:                  0.200000
Maximal SCC-cycles:                     100
Nr. of chrg. vectors to mix:              8
Electronic temperature:        0.100000E-07
Initial charges:             Set automatically (system chrg:   0.000E+00)
Included shells:              O:  s, p
                              C:  s, p
                              N:  s, p
                              H:  s
Full 3rd order correction    Yes
Damped SCC                   Yes
Damped specie(s):            H                                                 
Extra options:
--------------------------------------------------------------------------------
 

********************************************************************************
** Geometry step: 0
********************************************************************************

  iSCC Total electronic   Diff electronic      SCC error    
    1   -0.18587156E+02    0.00000000E+00    0.67854299E+00
    2   -0.18587828E+02   -0.67162163E-03    0.66964405E+00
    3   -0.18603147E+02   -0.15319050E-01    0.14456622E+00
    4   -0.18603038E+02    0.10861945E-03    0.14588340E+00
    5   -0.18604716E+02   -0.16778820E-02    0.20392106E-01
    6   -0.18604739E+02   -0.22642047E-04    0.14678004E-01
    7   -0.18604766E+02   -0.27713199E-04    0.23422748E-01
    8   -0.18604769E+02   -0.26693922E-05    0.34098289E-02
    9   -0.18604769E+02   -0.19127646E-06    0.30062748E-02
   10   -0.18604770E+02   -0.50620498E-06    0.10294625E-02
   11   -0.18604770E+02   -0.79591835E-08    0.40863896E-03
   12   -0.18604770E+02   -0.16568890E-07    0.39298295E-04
   13   -0.18604770E+02   -0.18156854E-09    0.11713494E-04
   14   -0.18604770E+02   -0.86508578E-11    0.13410707E-05
   15   -0.18604770E+02   -0.60396133E-13    0.32587390E-06
>> Charges saved for restart in charges.bin
 
 Total Energy:                     -18.4060353593 H
 Total Mermin free energy:         -18.4060353593 H
