================================================================================
==
==   Density Functional based Tight Binding with a lot of extensions (DFTB+)    
==
==                              Release: 1.2 (p2)
==
==                            (ParserVersion = 4)
==
================================================================================


********************************************************************************
** Parsing and initializing
********************************************************************************

Interpreting input file 'dftb_in.hsd'
--------------------------------------------------------------------------------
WARNING!
-> WriteHSDInput and WriteXMLInput both turned off. You won't eventually be 
 able to obtain the same results with a later version of the code!
Path: dftb_in/ParserOptions
Line: 80-83 (File: dftb_in.hsd)

Reading SK-files:
  /home/andersx/parameters/3ob-3-1/O-O.skf
  /home/andersx/parameters/3ob-3-1/O-C.skf
  /home/andersx/parameters/3ob-3-1/O-N.skf
  /home/andersx/parameters/3ob-3-1/O-H.skf
  /home/andersx/parameters/3ob-3-1/C-O.skf
  /home/andersx/parameters/3ob-3-1/C-C.skf
  /home/andersx/parameters/3ob-3-1/C-N.skf
  /home/andersx/parameters/3ob-3-1/C-H.skf
  /home/andersx/parameters/3ob-3-1/N-O.skf
  /home/andersx/parameters/3ob-3-1/N-C.skf
  /home/andersx/parameters/3ob-3-1/N-N.skf
  /home/andersx/parameters/3ob-3-1/N-H.skf
  /home/andersx/parameters/3ob-3-1/H-O.skf
  /home/andersx/parameters/3ob-3-1/H-C.skf
  /home/andersx/parameters/3ob-3-1/H-N.skf
  /home/andersx/parameters/3ob-3-1/H-H.skf
Done.

Starting initialization...
--------------------------------------------------------------------------------
Mode:                        Static calculation
Self consistent charges:     Yes
SCC-tolerance:                 0.100000E-05
Max. scc iterations:                    100
Ewald alpha parameter:         0.000000E+00
Spin polarisation:           No
Nr. of up electrons:            19.000000
Nr. of down electrons:          19.000000
Periodic boundaries:         No
Diagonalizer:                Divide and Conquer
Mixer:                       Anderson mixer
Mixing parameter:                  0.200000
Maximal SCC-cycles:                     100
Nr. of chrg. vectors to mix:              8
Electronic temperature:        0.100000E-07
Initial charges:             Set automatically (system chrg:   0.000E+00)
Included shells:              O:  s, p
                              C:  s, p
                              N:  s, p
                              H:  s
Full 3rd order correction    Yes
Damped SCC                   Yes
Damped specie(s):            H                                                 
Extra options:
--------------------------------------------------------------------------------
 

********************************************************************************
** Geometry step: 0
********************************************************************************

  iSCC Total electronic   Diff electronic      SCC error    
    1   -0.17904773E+02    0.00000000E+00    0.71657237E+00
    2   -0.17905772E+02   -0.99885379E-03    0.70411947E+00
    3   -0.17931431E+02   -0.25659225E-01    0.10846835E+00
    4   -0.17931580E+02   -0.14930935E-03    0.99886670E-01
    5   -0.17932121E+02   -0.54008305E-03    0.26730586E-01
    6   -0.17932116E+02    0.44436290E-05    0.18114484E-01
    7   -0.17932150E+02   -0.34148981E-04    0.11058463E-01
    8   -0.17932170E+02   -0.19260218E-04    0.55761593E-02
    9   -0.17932171E+02   -0.17202260E-05    0.43722532E-02
   10   -0.17932174E+02   -0.25448987E-05    0.11218472E-02
   11   -0.17932174E+02   -0.42955037E-07    0.69190226E-03
   12   -0.17932174E+02   -0.17588583E-07    0.54258687E-04
   13   -0.17932174E+02   -0.27957014E-09    0.27155191E-04
   14   -0.17932174E+02   -0.11933565E-10    0.17674635E-05
   15   -0.17932174E+02   -0.39435122E-12    0.87375079E-07
>> Charges saved for restart in charges.bin
 
 Total Energy:                     -17.6569301787 H
 Total Mermin free energy:         -17.6569301787 H
