================================================================================
==
==   Density Functional based Tight Binding with a lot of extensions (DFTB+)    
==
==                              Release: 1.2 (p2)
==
==                            (ParserVersion = 4)
==
================================================================================


********************************************************************************
** Parsing and initializing
********************************************************************************

Interpreting input file 'dftb_in.hsd'
--------------------------------------------------------------------------------
WARNING!
-> WriteHSDInput and WriteXMLInput both turned off. You won't eventually be 
 able to obtain the same results with a later version of the code!
Path: dftb_in/ParserOptions
Line: 84-87 (File: dftb_in.hsd)

Reading SK-files:
  /home/andersx/parameters/3ob-3-1/O-O.skf
  /home/andersx/parameters/3ob-3-1/O-C.skf
  /home/andersx/parameters/3ob-3-1/O-N.skf
  /home/andersx/parameters/3ob-3-1/O-H.skf
  /home/andersx/parameters/3ob-3-1/C-O.skf
  /home/andersx/parameters/3ob-3-1/C-C.skf
  /home/andersx/parameters/3ob-3-1/C-N.skf
  /home/andersx/parameters/3ob-3-1/C-H.skf
  /home/andersx/parameters/3ob-3-1/N-O.skf
  /home/andersx/parameters/3ob-3-1/N-C.skf
  /home/andersx/parameters/3ob-3-1/N-N.skf
  /home/andersx/parameters/3ob-3-1/N-H.skf
  /home/andersx/parameters/3ob-3-1/H-O.skf
  /home/andersx/parameters/3ob-3-1/H-C.skf
  /home/andersx/parameters/3ob-3-1/H-N.skf
  /home/andersx/parameters/3ob-3-1/H-H.skf
Done.

Starting initialization...
--------------------------------------------------------------------------------
Mode:                        Static calculation
Self consistent charges:     Yes
SCC-tolerance:                 0.100000E-05
Max. scc iterations:                    100
Ewald alpha parameter:         0.000000E+00
Spin polarisation:           No
Nr. of up electrons:            20.000000
Nr. of down electrons:          20.000000
Periodic boundaries:         No
Diagonalizer:                Divide and Conquer
Mixer:                       Anderson mixer
Mixing parameter:                  0.200000
Maximal SCC-cycles:                     100
Nr. of chrg. vectors to mix:              8
Electronic temperature:        0.100000E-07
Initial charges:             Set automatically (system chrg:   0.000E+00)
Included shells:              O:  s, p
                              C:  s, p
                              N:  s, p
                              H:  s
Full 3rd order correction    Yes
Damped SCC                   Yes
Damped specie(s):            H                                                 
Extra options:
--------------------------------------------------------------------------------
 

********************************************************************************
** Geometry step: 0
********************************************************************************

  iSCC Total electronic   Diff electronic      SCC error    
    1   -0.17690228E+02    0.00000000E+00    0.70189860E+00
    2   -0.17691080E+02   -0.85256062E-03    0.68936033E+00
    3   -0.17712750E+02   -0.21669876E-01    0.10327505E+00
    4   -0.17712824E+02   -0.74121871E-04    0.10224289E+00
    5   -0.17713402E+02   -0.57797210E-03    0.15641903E-01
    6   -0.17713397E+02    0.49889122E-05    0.12424092E-01
    7   -0.17713405E+02   -0.78348362E-05    0.11752828E-01
    8   -0.17713411E+02   -0.60025808E-05    0.99032437E-03
    9   -0.17713411E+02   -0.17959429E-08    0.94757422E-03
   10   -0.17713411E+02   -0.75748595E-07    0.20117020E-03
   11   -0.17713411E+02   -0.92852304E-09    0.11938170E-03
   12   -0.17713411E+02   -0.22825120E-09    0.68316230E-05
   13   -0.17713411E+02   -0.45723425E-11    0.16632470E-05
   14   -0.17713411E+02   -0.12079227E-12    0.22259708E-06
>> Charges saved for restart in charges.bin
 
 Total Energy:                     -17.5923013226 H
 Total Mermin free energy:         -17.5923013226 H
