================================================================================
==
==   Density Functional based Tight Binding with a lot of extensions (DFTB+)    
==
==                              Release: 1.2 (p2)
==
==                            (ParserVersion = 4)
==
================================================================================


********************************************************************************
** Parsing and initializing
********************************************************************************

Interpreting input file 'dftb_in.hsd'
--------------------------------------------------------------------------------
WARNING!
-> WriteHSDInput and WriteXMLInput both turned off. You won't eventually be 
 able to obtain the same results with a later version of the code!
Path: dftb_in/ParserOptions
Line: 82-85 (File: dftb_in.hsd)

Reading SK-files:
  /home/andersx/parameters/3ob-3-1/O-O.skf
  /home/andersx/parameters/3ob-3-1/O-C.skf
  /home/andersx/parameters/3ob-3-1/O-N.skf
  /home/andersx/parameters/3ob-3-1/O-H.skf
  /home/andersx/parameters/3ob-3-1/C-O.skf
  /home/andersx/parameters/3ob-3-1/C-C.skf
  /home/andersx/parameters/3ob-3-1/C-N.skf
  /home/andersx/parameters/3ob-3-1/C-H.skf
  /home/andersx/parameters/3ob-3-1/N-O.skf
  /home/andersx/parameters/3ob-3-1/N-C.skf
  /home/andersx/parameters/3ob-3-1/N-N.skf
  /home/andersx/parameters/3ob-3-1/N-H.skf
  /home/andersx/parameters/3ob-3-1/H-O.skf
  /home/andersx/parameters/3ob-3-1/H-C.skf
  /home/andersx/parameters/3ob-3-1/H-N.skf
  /home/andersx/parameters/3ob-3-1/H-H.skf
Done.

Starting initialization...
--------------------------------------------------------------------------------
Mode:                        Static calculation
Self consistent charges:     Yes
SCC-tolerance:                 0.100000E-05
Max. scc iterations:                    100
Ewald alpha parameter:         0.000000E+00
Spin polarisation:           No
Nr. of up electrons:            19.000000
Nr. of down electrons:          19.000000
Periodic boundaries:         No
Diagonalizer:                Divide and Conquer
Mixer:                       Anderson mixer
Mixing parameter:                  0.200000
Maximal SCC-cycles:                     100
Nr. of chrg. vectors to mix:              8
Electronic temperature:        0.100000E-07
Initial charges:             Set automatically (system chrg:   0.000E+00)
Included shells:              O:  s, p
                              C:  s, p
                              N:  s, p
                              H:  s
Full 3rd order correction    Yes
Damped SCC                   Yes
Damped specie(s):            H                                                 
Extra options:
--------------------------------------------------------------------------------
 

********************************************************************************
** Geometry step: 0
********************************************************************************

  iSCC Total electronic   Diff electronic      SCC error    
    1   -0.17041967E+02    0.00000000E+00    0.67611633E+00
    2   -0.17042253E+02   -0.28589297E-03    0.66712137E+00
    3   -0.17050543E+02   -0.82900071E-02    0.49632689E-01
    4   -0.17050477E+02    0.66228773E-04    0.46063753E-01
    5   -0.17050463E+02    0.14202131E-04    0.55058643E-01
    6   -0.17050646E+02   -0.18288390E-03    0.11372267E-01
    7   -0.17050646E+02   -0.21747140E-06    0.92888123E-02
    8   -0.17050650E+02   -0.38046704E-05    0.45680753E-02
    9   -0.17050650E+02   -0.48546304E-06    0.14558568E-02
   10   -0.17050650E+02   -0.13535338E-06    0.40580145E-03
   11   -0.17050650E+02   -0.62415566E-08    0.13179191E-03
   12   -0.17050650E+02   -0.24955646E-08    0.16999577E-04
   13   -0.17050650E+02   -0.16925128E-10    0.21195430E-05
   14   -0.17050650E+02   -0.49737992E-13    0.46405681E-06
>> Charges saved for restart in charges.bin
 
 Total Energy:                     -16.7711143908 H
 Total Mermin free energy:         -16.7711143908 H
