================================================================================
==
==   Density Functional based Tight Binding with a lot of extensions (DFTB+)    
==
==                              Release: 1.2 (p2)
==
==                            (ParserVersion = 4)
==
================================================================================


********************************************************************************
** Parsing and initializing
********************************************************************************

Interpreting input file 'dftb_in.hsd'
--------------------------------------------------------------------------------
WARNING!
-> WriteHSDInput and WriteXMLInput both turned off. You won't eventually be 
 able to obtain the same results with a later version of the code!
Path: dftb_in/ParserOptions
Line: 80-83 (File: dftb_in.hsd)

Reading SK-files:
  /home/andersx/parameters/3ob-3-1/O-O.skf
  /home/andersx/parameters/3ob-3-1/O-C.skf
  /home/andersx/parameters/3ob-3-1/O-N.skf
  /home/andersx/parameters/3ob-3-1/O-H.skf
  /home/andersx/parameters/3ob-3-1/C-O.skf
  /home/andersx/parameters/3ob-3-1/C-C.skf
  /home/andersx/parameters/3ob-3-1/C-N.skf
  /home/andersx/parameters/3ob-3-1/C-H.skf
  /home/andersx/parameters/3ob-3-1/N-O.skf
  /home/andersx/parameters/3ob-3-1/N-C.skf
  /home/andersx/parameters/3ob-3-1/N-N.skf
  /home/andersx/parameters/3ob-3-1/N-H.skf
  /home/andersx/parameters/3ob-3-1/H-O.skf
  /home/andersx/parameters/3ob-3-1/H-C.skf
  /home/andersx/parameters/3ob-3-1/H-N.skf
  /home/andersx/parameters/3ob-3-1/H-H.skf
Done.

Starting initialization...
--------------------------------------------------------------------------------
Mode:                        Static calculation
Self consistent charges:     Yes
SCC-tolerance:                 0.100000E-05
Max. scc iterations:                    100
Ewald alpha parameter:         0.000000E+00
Spin polarisation:           No
Nr. of up electrons:            18.000000
Nr. of down electrons:          18.000000
Periodic boundaries:         No
Diagonalizer:                Divide and Conquer
Mixer:                       Anderson mixer
Mixing parameter:                  0.200000
Maximal SCC-cycles:                     100
Nr. of chrg. vectors to mix:              8
Electronic temperature:        0.100000E-07
Initial charges:             Set automatically (system chrg:   0.000E+00)
Included shells:              O:  s, p
                              C:  s, p
                              N:  s, p
                              H:  s
Full 3rd order correction    Yes
Damped SCC                   Yes
Damped specie(s):            H                                                 
Extra options:
--------------------------------------------------------------------------------
 

********************************************************************************
** Geometry step: 0
********************************************************************************

  iSCC Total electronic   Diff electronic      SCC error    
    1   -0.16463929E+02    0.00000000E+00    0.67394101E+00
    2   -0.16464834E+02   -0.90438524E-03    0.66495488E+00
    3   -0.16485329E+02   -0.20495750E-01    0.18744187E+00
    4   -0.16485229E+02    0.10011991E-03    0.17308039E+00
    5   -0.16486352E+02   -0.11221657E-02    0.44241468E-01
    6   -0.16486409E+02   -0.57730085E-04    0.41583563E-01
    7   -0.16486409E+02    0.76379485E-06    0.36150470E-01
    8   -0.16486471E+02   -0.62476361E-04    0.45344625E-02
    9   -0.16486471E+02    0.15691925E-06    0.45801955E-02
   10   -0.16486472E+02   -0.14066462E-05    0.21307554E-02
   11   -0.16486472E+02   -0.11953534E-06    0.48425236E-03
   12   -0.16486472E+02   -0.50174975E-08    0.67764517E-04
   13   -0.16486472E+02   -0.59340977E-10    0.15424552E-04
   14   -0.16486472E+02   -0.22804869E-10    0.73684264E-06
>> Charges saved for restart in charges.bin
 
 Total Energy:                     -16.0656961445 H
 Total Mermin free energy:         -16.0656961445 H
