================================================================================
==
==   Density Functional based Tight Binding with a lot of extensions (DFTB+)    
==
==                              Release: 1.2 (p2)
==
==                            (ParserVersion = 4)
==
================================================================================


********************************************************************************
** Parsing and initializing
********************************************************************************

Interpreting input file 'dftb_in.hsd'
--------------------------------------------------------------------------------
WARNING!
-> WriteHSDInput and WriteXMLInput both turned off. You won't eventually be 
 able to obtain the same results with a later version of the code!
Path: dftb_in/ParserOptions
Line: 82-85 (File: dftb_in.hsd)

Reading SK-files:
  /home/andersx/parameters/3ob-3-1/O-O.skf
  /home/andersx/parameters/3ob-3-1/O-C.skf
  /home/andersx/parameters/3ob-3-1/O-N.skf
  /home/andersx/parameters/3ob-3-1/O-H.skf
  /home/andersx/parameters/3ob-3-1/C-O.skf
  /home/andersx/parameters/3ob-3-1/C-C.skf
  /home/andersx/parameters/3ob-3-1/C-N.skf
  /home/andersx/parameters/3ob-3-1/C-H.skf
  /home/andersx/parameters/3ob-3-1/N-O.skf
  /home/andersx/parameters/3ob-3-1/N-C.skf
  /home/andersx/parameters/3ob-3-1/N-N.skf
  /home/andersx/parameters/3ob-3-1/N-H.skf
  /home/andersx/parameters/3ob-3-1/H-O.skf
  /home/andersx/parameters/3ob-3-1/H-C.skf
  /home/andersx/parameters/3ob-3-1/H-N.skf
  /home/andersx/parameters/3ob-3-1/H-H.skf
Done.

Starting initialization...
--------------------------------------------------------------------------------
Mode:                        Static calculation
Self consistent charges:     Yes
SCC-tolerance:                 0.100000E-05
Max. scc iterations:                    100
Ewald alpha parameter:         0.000000E+00
Spin polarisation:           No
Nr. of up electrons:            20.000000
Nr. of down electrons:          20.000000
Periodic boundaries:         No
Diagonalizer:                Divide and Conquer
Mixer:                       Anderson mixer
Mixing parameter:                  0.200000
Maximal SCC-cycles:                     100
Nr. of chrg. vectors to mix:              8
Electronic temperature:        0.100000E-07
Initial charges:             Set automatically (system chrg:   0.000E+00)
Included shells:              O:  s, p
                              C:  s, p
                              N:  s, p
                              H:  s
Full 3rd order correction    Yes
Damped SCC                   Yes
Damped specie(s):            H                                                 
Extra options:
--------------------------------------------------------------------------------
 

********************************************************************************
** Geometry step: 0
********************************************************************************

  iSCC Total electronic   Diff electronic      SCC error    
    1   -0.18656886E+02    0.00000000E+00    0.67924981E+00
    2   -0.18657200E+02   -0.31441726E-03    0.67023125E+00
    3   -0.18664383E+02   -0.71832539E-02    0.93323632E-01
    4   -0.18664228E+02    0.15569472E-03    0.10082491E+00
    5   -0.18665518E+02   -0.12903643E-02    0.48218130E-01
    6   -0.18665611E+02   -0.92850429E-04    0.18385911E-01
    7   -0.18665617E+02   -0.61549833E-05    0.16833017E-01
    8   -0.18665638E+02   -0.20607581E-04    0.46161659E-02
    9   -0.18665638E+02   -0.33281452E-06    0.40774727E-02
   10   -0.18665638E+02   -0.62604772E-06    0.32119355E-02
   11   -0.18665639E+02   -0.20988907E-06    0.11891826E-02
   12   -0.18665639E+02   -0.76453290E-07    0.16656229E-03
   13   -0.18665639E+02   -0.24948079E-08    0.91249081E-04
   14   -0.18665639E+02   -0.97389474E-09    0.19883355E-04
   15   -0.18665639E+02   -0.25245583E-10    0.28843549E-05
   16   -0.18665639E+02   -0.34106051E-12    0.47801585E-06
>> Charges saved for restart in charges.bin
 
 Total Energy:                     -18.3850240536 H
 Total Mermin free energy:         -18.3850240536 H
