================================================================================
==
==   Density Functional based Tight Binding with a lot of extensions (DFTB+)    
==
==                              Release: 1.2 (p2)
==
==                            (ParserVersion = 4)
==
================================================================================


********************************************************************************
** Parsing and initializing
********************************************************************************

Interpreting input file 'dftb_in.hsd'
--------------------------------------------------------------------------------
WARNING!
-> WriteHSDInput and WriteXMLInput both turned off. You won't eventually be 
 able to obtain the same results with a later version of the code!
Path: dftb_in/ParserOptions
Line: 84-87 (File: dftb_in.hsd)

Reading SK-files:
  /home/andersx/parameters/3ob-3-1/O-O.skf
  /home/andersx/parameters/3ob-3-1/O-C.skf
  /home/andersx/parameters/3ob-3-1/O-N.skf
  /home/andersx/parameters/3ob-3-1/O-H.skf
  /home/andersx/parameters/3ob-3-1/C-O.skf
  /home/andersx/parameters/3ob-3-1/C-C.skf
  /home/andersx/parameters/3ob-3-1/C-N.skf
  /home/andersx/parameters/3ob-3-1/C-H.skf
  /home/andersx/parameters/3ob-3-1/N-O.skf
  /home/andersx/parameters/3ob-3-1/N-C.skf
  /home/andersx/parameters/3ob-3-1/N-N.skf
  /home/andersx/parameters/3ob-3-1/N-H.skf
  /home/andersx/parameters/3ob-3-1/H-O.skf
  /home/andersx/parameters/3ob-3-1/H-C.skf
  /home/andersx/parameters/3ob-3-1/H-N.skf
  /home/andersx/parameters/3ob-3-1/H-H.skf
Done.

Starting initialization...
--------------------------------------------------------------------------------
Mode:                        Static calculation
Self consistent charges:     Yes
SCC-tolerance:                 0.100000E-05
Max. scc iterations:                    100
Ewald alpha parameter:         0.000000E+00
Spin polarisation:           No
Nr. of up electrons:            21.000000
Nr. of down electrons:          21.000000
Periodic boundaries:         No
Diagonalizer:                Divide and Conquer
Mixer:                       Anderson mixer
Mixing parameter:                  0.200000
Maximal SCC-cycles:                     100
Nr. of chrg. vectors to mix:              8
Electronic temperature:        0.100000E-07
Initial charges:             Set automatically (system chrg:   0.000E+00)
Included shells:              O:  s, p
                              C:  s, p
                              N:  s, p
                              H:  s
Full 3rd order correction    Yes
Damped SCC                   Yes
Damped specie(s):            H                                                 
Extra options:
--------------------------------------------------------------------------------
 

********************************************************************************
** Geometry step: 0
********************************************************************************

  iSCC Total electronic   Diff electronic      SCC error    
    1   -0.19347149E+02    0.00000000E+00    0.68174804E+00
    2   -0.19347457E+02   -0.30816431E-03    0.67276733E+00
    3   -0.19354938E+02   -0.74808318E-02    0.10367426E+00
    4   -0.19354795E+02    0.14272776E-03    0.10998899E+00
    5   -0.19355627E+02   -0.83189490E-03    0.59370637E-01
    6   -0.19355746E+02   -0.11869973E-03    0.11696032E-01
    7   -0.19355748E+02   -0.22065053E-05    0.10993088E-01
    8   -0.19355757E+02   -0.88708123E-05    0.42254417E-02
    9   -0.19355757E+02    0.60934941E-07    0.32755333E-02
   10   -0.19355757E+02   -0.26456250E-06    0.24973357E-02
   11   -0.19355757E+02   -0.11520834E-06    0.75584167E-03
   12   -0.19355757E+02   -0.50974332E-07    0.12814682E-03
   13   -0.19355757E+02   -0.44077098E-09    0.71817484E-04
   14   -0.19355757E+02   -0.15317880E-09    0.75442327E-05
   15   -0.19355757E+02   -0.20499158E-11    0.11023039E-05
   16   -0.19355757E+02   -0.21316282E-13    0.68434802E-07
>> Charges saved for restart in charges.bin
 
 Total Energy:                     -19.1687296445 H
 Total Mermin free energy:         -19.1687296445 H
