================================================================================
==
==   Density Functional based Tight Binding with a lot of extensions (DFTB+)    
==
==                              Release: 1.2 (p2)
==
==                            (ParserVersion = 4)
==
================================================================================


********************************************************************************
** Parsing and initializing
********************************************************************************

Interpreting input file 'dftb_in.hsd'
--------------------------------------------------------------------------------
WARNING!
-> WriteHSDInput and WriteXMLInput both turned off. You won't eventually be 
 able to obtain the same results with a later version of the code!
Path: dftb_in/ParserOptions
Line: 83-86 (File: dftb_in.hsd)

Reading SK-files:
  /home/andersx/parameters/3ob-3-1/O-O.skf
  /home/andersx/parameters/3ob-3-1/O-C.skf
  /home/andersx/parameters/3ob-3-1/O-N.skf
  /home/andersx/parameters/3ob-3-1/O-H.skf
  /home/andersx/parameters/3ob-3-1/C-O.skf
  /home/andersx/parameters/3ob-3-1/C-C.skf
  /home/andersx/parameters/3ob-3-1/C-N.skf
  /home/andersx/parameters/3ob-3-1/C-H.skf
  /home/andersx/parameters/3ob-3-1/N-O.skf
  /home/andersx/parameters/3ob-3-1/N-C.skf
  /home/andersx/parameters/3ob-3-1/N-N.skf
  /home/andersx/parameters/3ob-3-1/N-H.skf
  /home/andersx/parameters/3ob-3-1/H-O.skf
  /home/andersx/parameters/3ob-3-1/H-C.skf
  /home/andersx/parameters/3ob-3-1/H-N.skf
  /home/andersx/parameters/3ob-3-1/H-H.skf
Done.

Starting initialization...
--------------------------------------------------------------------------------
Mode:                        Static calculation
Self consistent charges:     Yes
SCC-tolerance:                 0.100000E-05
Max. scc iterations:                    100
Ewald alpha parameter:         0.000000E+00
Spin polarisation:           No
Nr. of up electrons:            20.000000
Nr. of down electrons:          20.000000
Periodic boundaries:         No
Diagonalizer:                Divide and Conquer
Mixer:                       Anderson mixer
Mixing parameter:                  0.200000
Maximal SCC-cycles:                     100
Nr. of chrg. vectors to mix:              8
Electronic temperature:        0.100000E-07
Initial charges:             Set automatically (system chrg:   0.000E+00)
Included shells:              O:  s, p
                              C:  s, p
                              N:  s, p
                              H:  s
Full 3rd order correction    Yes
Damped SCC                   Yes
Damped specie(s):            H                                                 
Extra options:
--------------------------------------------------------------------------------
 

********************************************************************************
** Geometry step: 0
********************************************************************************

  iSCC Total electronic   Diff electronic      SCC error    
    1   -0.18242310E+02    0.00000000E+00    0.81651017E+00
    2   -0.18243028E+02   -0.71814792E-03    0.80306139E+00
    3   -0.18258753E+02   -0.15724948E-01    0.18170788E+00
    4   -0.18258342E+02    0.41164487E-03    0.18199898E+00
    5   -0.18259497E+02   -0.11554411E-02    0.11304676E+00
    6   -0.18260262E+02   -0.76479797E-03    0.16319720E-01
    7   -0.18260268E+02   -0.57514915E-05    0.15813476E-01
    8   -0.18260289E+02   -0.21662442E-04    0.11112569E-01
    9   -0.18260288E+02    0.13976334E-05    0.10068859E-01
   10   -0.18260289E+02   -0.15376721E-05    0.84978018E-02
   11   -0.18260292E+02   -0.25186975E-05    0.11503723E-02
   12   -0.18260292E+02   -0.50480974E-07    0.44938184E-03
   13   -0.18260292E+02   -0.75743358E-08    0.14293763E-03
   14   -0.18260292E+02   -0.15872388E-08    0.15109196E-04
   15   -0.18260292E+02   -0.16292745E-10    0.55356893E-05
   16   -0.18260292E+02   -0.59685590E-12    0.50400692E-06
>> Charges saved for restart in charges.bin
 
 Total Energy:                     -17.9148464722 H
 Total Mermin free energy:         -17.9148464722 H
