================================================================================
==
==   Density Functional based Tight Binding with a lot of extensions (DFTB+)    
==
==                              Release: 1.2 (p2)
==
==                            (ParserVersion = 4)
==
================================================================================


********************************************************************************
** Parsing and initializing
********************************************************************************

Interpreting input file 'dftb_in.hsd'
--------------------------------------------------------------------------------
WARNING!
-> WriteHSDInput and WriteXMLInput both turned off. You won't eventually be 
 able to obtain the same results with a later version of the code!
Path: dftb_in/ParserOptions
Line: 82-85 (File: dftb_in.hsd)

Reading SK-files:
  /home/andersx/parameters/3ob-3-1/O-O.skf
  /home/andersx/parameters/3ob-3-1/O-C.skf
  /home/andersx/parameters/3ob-3-1/O-N.skf
  /home/andersx/parameters/3ob-3-1/O-H.skf
  /home/andersx/parameters/3ob-3-1/C-O.skf
  /home/andersx/parameters/3ob-3-1/C-C.skf
  /home/andersx/parameters/3ob-3-1/C-N.skf
  /home/andersx/parameters/3ob-3-1/C-H.skf
  /home/andersx/parameters/3ob-3-1/N-O.skf
  /home/andersx/parameters/3ob-3-1/N-C.skf
  /home/andersx/parameters/3ob-3-1/N-N.skf
  /home/andersx/parameters/3ob-3-1/N-H.skf
  /home/andersx/parameters/3ob-3-1/H-O.skf
  /home/andersx/parameters/3ob-3-1/H-C.skf
  /home/andersx/parameters/3ob-3-1/H-N.skf
  /home/andersx/parameters/3ob-3-1/H-H.skf
Done.

Starting initialization...
--------------------------------------------------------------------------------
Mode:                        Static calculation
Self consistent charges:     Yes
SCC-tolerance:                 0.100000E-05
Max. scc iterations:                    100
Ewald alpha parameter:         0.000000E+00
Spin polarisation:           No
Nr. of up electrons:            20.000000
Nr. of down electrons:          20.000000
Periodic boundaries:         No
Diagonalizer:                Divide and Conquer
Mixer:                       Anderson mixer
Mixing parameter:                  0.200000
Maximal SCC-cycles:                     100
Nr. of chrg. vectors to mix:              8
Electronic temperature:        0.100000E-07
Initial charges:             Set automatically (system chrg:   0.000E+00)
Included shells:              O:  s, p
                              C:  s, p
                              N:  s, p
                              H:  s
Full 3rd order correction    Yes
Damped SCC                   Yes
Damped specie(s):            H                                                 
Extra options:
--------------------------------------------------------------------------------
 

********************************************************************************
** Geometry step: 0
********************************************************************************

  iSCC Total electronic   Diff electronic      SCC error    
    1   -0.18754353E+02    0.00000000E+00    0.84861967E+00
    2   -0.18755483E+02   -0.11298886E-02    0.83432689E+00
    3   -0.18783107E+02   -0.27623855E-01    0.22061869E+00
    4   -0.18783435E+02   -0.32843436E-03    0.21523374E+00
    5   -0.18785375E+02   -0.19393620E-02    0.20687350E-01
    6   -0.18785368E+02    0.68750659E-05    0.22320531E-01
    7   -0.18785410E+02   -0.41894403E-04    0.55394893E-02
    8   -0.18785415E+02   -0.49020629E-05    0.56896295E-02
    9   -0.18785416E+02   -0.10288453E-05    0.39036724E-02
   10   -0.18785416E+02   -0.54041064E-06    0.57873274E-03
   11   -0.18785416E+02   -0.22822881E-07    0.41027830E-03
   12   -0.18785416E+02   -0.17548391E-07    0.12045357E-04
   13   -0.18785416E+02   -0.97273301E-11    0.67741639E-05
   14   -0.18785416E+02   -0.26645353E-12    0.62618679E-06
>> Charges saved for restart in charges.bin
 
 Total Energy:                     -18.4717613985 H
 Total Mermin free energy:         -18.4717613985 H
