================================================================================
==
==   Density Functional based Tight Binding with a lot of extensions (DFTB+)    
==
==                              Release: 1.2 (p2)
==
==                            (ParserVersion = 4)
==
================================================================================


********************************************************************************
** Parsing and initializing
********************************************************************************

Interpreting input file 'dftb_in.hsd'
--------------------------------------------------------------------------------
WARNING!
-> WriteHSDInput and WriteXMLInput both turned off. You won't eventually be 
 able to obtain the same results with a later version of the code!
Path: dftb_in/ParserOptions
Line: 80-83 (File: dftb_in.hsd)

Reading SK-files:
  /home/andersx/parameters/3ob-3-1/O-O.skf
  /home/andersx/parameters/3ob-3-1/O-C.skf
  /home/andersx/parameters/3ob-3-1/O-N.skf
  /home/andersx/parameters/3ob-3-1/O-H.skf
  /home/andersx/parameters/3ob-3-1/C-O.skf
  /home/andersx/parameters/3ob-3-1/C-C.skf
  /home/andersx/parameters/3ob-3-1/C-N.skf
  /home/andersx/parameters/3ob-3-1/C-H.skf
  /home/andersx/parameters/3ob-3-1/N-O.skf
  /home/andersx/parameters/3ob-3-1/N-C.skf
  /home/andersx/parameters/3ob-3-1/N-N.skf
  /home/andersx/parameters/3ob-3-1/N-H.skf
  /home/andersx/parameters/3ob-3-1/H-O.skf
  /home/andersx/parameters/3ob-3-1/H-C.skf
  /home/andersx/parameters/3ob-3-1/H-N.skf
  /home/andersx/parameters/3ob-3-1/H-H.skf
Done.

Starting initialization...
--------------------------------------------------------------------------------
Mode:                        Static calculation
Self consistent charges:     Yes
SCC-tolerance:                 0.100000E-05
Max. scc iterations:                    100
Ewald alpha parameter:         0.000000E+00
Spin polarisation:           No
Nr. of up electrons:            19.000000
Nr. of down electrons:          19.000000
Periodic boundaries:         No
Diagonalizer:                Divide and Conquer
Mixer:                       Anderson mixer
Mixing parameter:                  0.200000
Maximal SCC-cycles:                     100
Nr. of chrg. vectors to mix:              8
Electronic temperature:        0.100000E-07
Initial charges:             Set automatically (system chrg:   0.000E+00)
Included shells:              O:  s, p
                              C:  s, p
                              N:  s, p
                              H:  s
Full 3rd order correction    Yes
Damped SCC                   Yes
Damped specie(s):            H                                                 
Extra options:
--------------------------------------------------------------------------------
 

********************************************************************************
** Geometry step: 0
********************************************************************************

  iSCC Total electronic   Diff electronic      SCC error    
    1   -0.17989245E+02    0.00000000E+00    0.67105937E+00
    2   -0.17989502E+02   -0.25694279E-03    0.66226042E+00
    3   -0.17995709E+02   -0.62071352E-02    0.10485388E+00
    4   -0.17995643E+02    0.65944031E-04    0.11186311E+00
    5   -0.17996600E+02   -0.95660289E-03    0.38226632E-01
    6   -0.17996628E+02   -0.27666876E-04    0.22233008E-01
    7   -0.17996643E+02   -0.15853247E-04    0.16602266E-01
    8   -0.17996652E+02   -0.90598994E-05    0.21909124E-02
    9   -0.17996653E+02   -0.15333326E-06    0.20916456E-02
   10   -0.17996653E+02   -0.39394302E-06    0.33928753E-03
   11   -0.17996653E+02   -0.72642372E-08    0.16886525E-03
   12   -0.17996653E+02   -0.18273738E-08    0.17490530E-04
   13   -0.17996653E+02   -0.96598285E-11    0.38800588E-05
   14   -0.17996653E+02   -0.12434498E-12    0.47627551E-06
>> Charges saved for restart in charges.bin
 
 Total Energy:                     -17.5853874641 H
 Total Mermin free energy:         -17.5853874641 H
