================================================================================
==
==   Density Functional based Tight Binding with a lot of extensions (DFTB+)    
==
==                              Release: 1.2 (p2)
==
==                            (ParserVersion = 4)
==
================================================================================


********************************************************************************
** Parsing and initializing
********************************************************************************

Interpreting input file 'dftb_in.hsd'
--------------------------------------------------------------------------------
WARNING!
-> WriteHSDInput and WriteXMLInput both turned off. You won't eventually be 
 able to obtain the same results with a later version of the code!
Path: dftb_in/ParserOptions
Line: 82-85 (File: dftb_in.hsd)

Reading SK-files:
  /home/andersx/parameters/3ob-3-1/O-O.skf
  /home/andersx/parameters/3ob-3-1/O-C.skf
  /home/andersx/parameters/3ob-3-1/O-N.skf
  /home/andersx/parameters/3ob-3-1/O-H.skf
  /home/andersx/parameters/3ob-3-1/C-O.skf
  /home/andersx/parameters/3ob-3-1/C-C.skf
  /home/andersx/parameters/3ob-3-1/C-N.skf
  /home/andersx/parameters/3ob-3-1/C-H.skf
  /home/andersx/parameters/3ob-3-1/N-O.skf
  /home/andersx/parameters/3ob-3-1/N-C.skf
  /home/andersx/parameters/3ob-3-1/N-N.skf
  /home/andersx/parameters/3ob-3-1/N-H.skf
  /home/andersx/parameters/3ob-3-1/H-O.skf
  /home/andersx/parameters/3ob-3-1/H-C.skf
  /home/andersx/parameters/3ob-3-1/H-N.skf
  /home/andersx/parameters/3ob-3-1/H-H.skf
Done.

Starting initialization...
--------------------------------------------------------------------------------
Mode:                        Static calculation
Self consistent charges:     Yes
SCC-tolerance:                 0.100000E-05
Max. scc iterations:                    100
Ewald alpha parameter:         0.000000E+00
Spin polarisation:           No
Nr. of up electrons:            19.000000
Nr. of down electrons:          19.000000
Periodic boundaries:         No
Diagonalizer:                Divide and Conquer
Mixer:                       Anderson mixer
Mixing parameter:                  0.200000
Maximal SCC-cycles:                     100
Nr. of chrg. vectors to mix:              8
Electronic temperature:        0.100000E-07
Initial charges:             Set automatically (system chrg:   0.000E+00)
Included shells:              O:  s, p
                              C:  s, p
                              N:  s, p
                              H:  s
Full 3rd order correction    Yes
Damped SCC                   Yes
Damped specie(s):            H                                                 
Extra options:
--------------------------------------------------------------------------------
 

********************************************************************************
** Geometry step: 0
********************************************************************************

  iSCC Total electronic   Diff electronic      SCC error    
    1   -0.17059106E+02    0.00000000E+00    0.89039107E+00
    2   -0.17060144E+02   -0.10378773E-02    0.87571073E+00
    3   -0.17084917E+02   -0.24772966E-01    0.18178391E+00
    4   -0.17085226E+02   -0.30952131E-03    0.17657567E+00
    5   -0.17086804E+02   -0.15777072E-02    0.31290019E-01
    6   -0.17086851E+02   -0.46713321E-04    0.18040918E-01
    7   -0.17086855E+02   -0.48990898E-05    0.15028186E-01
    8   -0.17086866E+02   -0.10702592E-04    0.32563493E-02
    9   -0.17086866E+02   -0.14520610E-06    0.26848595E-02
   10   -0.17086867E+02   -0.30633537E-06    0.65233879E-03
   11   -0.17086867E+02   -0.18830892E-07    0.21051621E-03
   12   -0.17086867E+02   -0.74293034E-08    0.24072462E-04
   13   -0.17086867E+02   -0.44909854E-10    0.67309470E-05
   14   -0.17086867E+02   -0.80646601E-12    0.15155949E-05
   15   -0.17086867E+02   -0.35527137E-13    0.74943499E-07
>> Charges saved for restart in charges.bin
 
 Total Energy:                     -16.8650976224 H
 Total Mermin free energy:         -16.8650976224 H
