================================================================================
==
==   Density Functional based Tight Binding with a lot of extensions (DFTB+)    
==
==                              Release: 1.2 (p2)
==
==                            (ParserVersion = 4)
==
================================================================================


********************************************************************************
** Parsing and initializing
********************************************************************************

Interpreting input file 'dftb_in.hsd'
--------------------------------------------------------------------------------
WARNING!
-> WriteHSDInput and WriteXMLInput both turned off. You won't eventually be 
 able to obtain the same results with a later version of the code!
Path: dftb_in/ParserOptions
Line: 82-85 (File: dftb_in.hsd)

Reading SK-files:
  /home/andersx/parameters/3ob-3-1/O-O.skf
  /home/andersx/parameters/3ob-3-1/O-C.skf
  /home/andersx/parameters/3ob-3-1/O-N.skf
  /home/andersx/parameters/3ob-3-1/O-H.skf
  /home/andersx/parameters/3ob-3-1/C-O.skf
  /home/andersx/parameters/3ob-3-1/C-C.skf
  /home/andersx/parameters/3ob-3-1/C-N.skf
  /home/andersx/parameters/3ob-3-1/C-H.skf
  /home/andersx/parameters/3ob-3-1/N-O.skf
  /home/andersx/parameters/3ob-3-1/N-C.skf
  /home/andersx/parameters/3ob-3-1/N-N.skf
  /home/andersx/parameters/3ob-3-1/N-H.skf
  /home/andersx/parameters/3ob-3-1/H-O.skf
  /home/andersx/parameters/3ob-3-1/H-C.skf
  /home/andersx/parameters/3ob-3-1/H-N.skf
  /home/andersx/parameters/3ob-3-1/H-H.skf
Done.

Starting initialization...
--------------------------------------------------------------------------------
Mode:                        Static calculation
Self consistent charges:     Yes
SCC-tolerance:                 0.100000E-05
Max. scc iterations:                    100
Ewald alpha parameter:         0.000000E+00
Spin polarisation:           No
Nr. of up electrons:            20.000000
Nr. of down electrons:          20.000000
Periodic boundaries:         No
Diagonalizer:                Divide and Conquer
Mixer:                       Anderson mixer
Mixing parameter:                  0.200000
Maximal SCC-cycles:                     100
Nr. of chrg. vectors to mix:              8
Electronic temperature:        0.100000E-07
Initial charges:             Set automatically (system chrg:   0.000E+00)
Included shells:              O:  s, p
                              C:  s, p
                              N:  s, p
                              H:  s
Full 3rd order correction    Yes
Damped SCC                   Yes
Damped specie(s):            H                                                 
Extra options:
--------------------------------------------------------------------------------
 

********************************************************************************
** Geometry step: 0
********************************************************************************

  iSCC Total electronic   Diff electronic      SCC error    
    1   -0.18587444E+02    0.00000000E+00    0.84596287E+00
    2   -0.18588825E+02   -0.13802891E-02    0.83148977E+00
    3   -0.18624067E+02   -0.35242093E-01    0.13188546E+00
    4   -0.18624333E+02   -0.26622430E-03    0.12302142E+00
    5   -0.18625252E+02   -0.91898574E-03    0.33399185E-01
    6   -0.18625352E+02   -0.10030774E-03    0.18131462E-01
    7   -0.18625351E+02    0.15099361E-05    0.16139245E-01
    8   -0.18625389E+02   -0.37944459E-04    0.18183952E-02
    9   -0.18625389E+02   -0.14063117E-06    0.15289998E-02
   10   -0.18625389E+02   -0.32245098E-06    0.56030026E-03
   11   -0.18625389E+02   -0.30935148E-08    0.17700425E-03
   12   -0.18625389E+02   -0.14598669E-08    0.95464790E-05
   13   -0.18625389E+02   -0.35750958E-10    0.31952675E-05
   14   -0.18625389E+02   -0.11404211E-11    0.46237252E-06
>> Charges saved for restart in charges.bin
 
 Total Energy:                     -18.4054056366 H
 Total Mermin free energy:         -18.4054056366 H
