================================================================================
==
==   Density Functional based Tight Binding with a lot of extensions (DFTB+)    
==
==                              Release: 1.2 (p2)
==
==                            (ParserVersion = 4)
==
================================================================================


********************************************************************************
** Parsing and initializing
********************************************************************************

Interpreting input file 'dftb_in.hsd'
--------------------------------------------------------------------------------
WARNING!
-> WriteHSDInput and WriteXMLInput both turned off. You won't eventually be 
 able to obtain the same results with a later version of the code!
Path: dftb_in/ParserOptions
Line: 79-82 (File: dftb_in.hsd)

Reading SK-files:
  /home/andersx/parameters/3ob-3-1/O-O.skf
  /home/andersx/parameters/3ob-3-1/O-C.skf
  /home/andersx/parameters/3ob-3-1/O-N.skf
  /home/andersx/parameters/3ob-3-1/O-H.skf
  /home/andersx/parameters/3ob-3-1/C-O.skf
  /home/andersx/parameters/3ob-3-1/C-C.skf
  /home/andersx/parameters/3ob-3-1/C-N.skf
  /home/andersx/parameters/3ob-3-1/C-H.skf
  /home/andersx/parameters/3ob-3-1/N-O.skf
  /home/andersx/parameters/3ob-3-1/N-C.skf
  /home/andersx/parameters/3ob-3-1/N-N.skf
  /home/andersx/parameters/3ob-3-1/N-H.skf
  /home/andersx/parameters/3ob-3-1/H-O.skf
  /home/andersx/parameters/3ob-3-1/H-C.skf
  /home/andersx/parameters/3ob-3-1/H-N.skf
  /home/andersx/parameters/3ob-3-1/H-H.skf
Done.

Starting initialization...
--------------------------------------------------------------------------------
Mode:                        Static calculation
Self consistent charges:     Yes
SCC-tolerance:                 0.100000E-05
Max. scc iterations:                    100
Ewald alpha parameter:         0.000000E+00
Spin polarisation:           No
Nr. of up electrons:            18.000000
Nr. of down electrons:          18.000000
Periodic boundaries:         No
Diagonalizer:                Divide and Conquer
Mixer:                       Anderson mixer
Mixing parameter:                  0.200000
Maximal SCC-cycles:                     100
Nr. of chrg. vectors to mix:              8
Electronic temperature:        0.100000E-07
Initial charges:             Set automatically (system chrg:   0.000E+00)
Included shells:              O:  s, p
                              C:  s, p
                              N:  s, p
                              H:  s
Full 3rd order correction    Yes
Damped SCC                   Yes
Damped specie(s):            H                                                 
Extra options:
--------------------------------------------------------------------------------
 

********************************************************************************
** Geometry step: 0
********************************************************************************

  iSCC Total electronic   Diff electronic      SCC error    
    1   -0.16820592E+02    0.00000000E+00    0.75382848E+00
    2   -0.16822359E+02   -0.17672002E-02    0.74084921E+00
    3   -0.16861753E+02   -0.39394372E-01    0.15367022E+00
    4   -0.16862083E+02   -0.32928018E-03    0.14984352E+00
    5   -0.16864090E+02   -0.20073974E-02    0.17142858E-01
    6   -0.16864097E+02   -0.70270106E-05    0.10052663E-01
    7   -0.16864102E+02   -0.45457695E-05    0.81339500E-02
    8   -0.16864108E+02   -0.62852223E-05    0.24285708E-02
    9   -0.16864108E+02   -0.22604352E-06    0.21806782E-02
   10   -0.16864108E+02   -0.38225652E-06    0.97888494E-03
   11   -0.16864108E+02   -0.13111251E-07    0.58838438E-03
   12   -0.16864109E+02   -0.23603349E-07    0.15103196E-03
   13   -0.16864109E+02   -0.20252777E-08    0.62513176E-04
   14   -0.16864109E+02   -0.30674485E-09    0.12569504E-04
   15   -0.16864109E+02   -0.83382190E-11    0.94862357E-06
>> Charges saved for restart in charges.bin
 
 Total Energy:                     -16.4198509439 H
 Total Mermin free energy:         -16.4198509439 H
