================================================================================
==
==   Density Functional based Tight Binding with a lot of extensions (DFTB+)    
==
==                              Release: 1.2 (p2)
==
==                            (ParserVersion = 4)
==
================================================================================


********************************************************************************
** Parsing and initializing
********************************************************************************

Interpreting input file 'dftb_in.hsd'
--------------------------------------------------------------------------------
WARNING!
-> WriteHSDInput and WriteXMLInput both turned off. You won't eventually be 
 able to obtain the same results with a later version of the code!
Path: dftb_in/ParserOptions
Line: 81-84 (File: dftb_in.hsd)

Reading SK-files:
  /home/andersx/parameters/3ob-3-1/O-O.skf
  /home/andersx/parameters/3ob-3-1/O-C.skf
  /home/andersx/parameters/3ob-3-1/O-N.skf
  /home/andersx/parameters/3ob-3-1/O-H.skf
  /home/andersx/parameters/3ob-3-1/C-O.skf
  /home/andersx/parameters/3ob-3-1/C-C.skf
  /home/andersx/parameters/3ob-3-1/C-N.skf
  /home/andersx/parameters/3ob-3-1/C-H.skf
  /home/andersx/parameters/3ob-3-1/N-O.skf
  /home/andersx/parameters/3ob-3-1/N-C.skf
  /home/andersx/parameters/3ob-3-1/N-N.skf
  /home/andersx/parameters/3ob-3-1/N-H.skf
  /home/andersx/parameters/3ob-3-1/H-O.skf
  /home/andersx/parameters/3ob-3-1/H-C.skf
  /home/andersx/parameters/3ob-3-1/H-N.skf
  /home/andersx/parameters/3ob-3-1/H-H.skf
Done.

Starting initialization...
--------------------------------------------------------------------------------
Mode:                        Static calculation
Self consistent charges:     Yes
SCC-tolerance:                 0.100000E-05
Max. scc iterations:                    100
Ewald alpha parameter:         0.000000E+00
Spin polarisation:           No
Nr. of up electrons:            19.000000
Nr. of down electrons:          19.000000
Periodic boundaries:         No
Diagonalizer:                Divide and Conquer
Mixer:                       Anderson mixer
Mixing parameter:                  0.200000
Maximal SCC-cycles:                     100
Nr. of chrg. vectors to mix:              8
Electronic temperature:        0.100000E-07
Initial charges:             Set automatically (system chrg:   0.000E+00)
Included shells:              O:  s, p
                              C:  s, p
                              N:  s, p
                              H:  s
Full 3rd order correction    Yes
Damped SCC                   Yes
Damped specie(s):            H                                                 
Extra options:
--------------------------------------------------------------------------------
 

********************************************************************************
** Geometry step: 0
********************************************************************************

  iSCC Total electronic   Diff electronic      SCC error    
    1   -0.17458671E+02    0.00000000E+00    0.87221168E+00
    2   -0.17459712E+02   -0.10415347E-02    0.85758443E+00
    3   -0.17484477E+02   -0.24764207E-01    0.14838424E+00
    4   -0.17484911E+02   -0.43404027E-03    0.13781134E+00
    5   -0.17486647E+02   -0.17365673E-02    0.33743105E-01
    6   -0.17486682E+02   -0.34747139E-04    0.12978875E-01
    7   -0.17486683E+02   -0.63405918E-06    0.12770799E-01
    8   -0.17486691E+02   -0.87515350E-05    0.13542001E-02
    9   -0.17486692E+02   -0.10673704E-06    0.10588184E-02
   10   -0.17486692E+02   -0.17143467E-06    0.31483397E-03
   11   -0.17486692E+02   -0.47551438E-08    0.17331103E-03
   12   -0.17486692E+02   -0.93871222E-09    0.24364926E-04
   13   -0.17486692E+02   -0.25284663E-10    0.15844656E-05
   14   -0.17486692E+02   -0.63948846E-13    0.66326548E-06
>> Charges saved for restart in charges.bin
 
 Total Energy:                     -17.1109226856 H
 Total Mermin free energy:         -17.1109226856 H
