================================================================================
==
==   Density Functional based Tight Binding with a lot of extensions (DFTB+)    
==
==                              Release: 1.2 (p2)
==
==                            (ParserVersion = 4)
==
================================================================================


********************************************************************************
** Parsing and initializing
********************************************************************************

Interpreting input file 'dftb_in.hsd'
--------------------------------------------------------------------------------
WARNING!
-> WriteHSDInput and WriteXMLInput both turned off. You won't eventually be 
 able to obtain the same results with a later version of the code!
Path: dftb_in/ParserOptions
Line: 80-83 (File: dftb_in.hsd)

Reading SK-files:
  /home/andersx/parameters/3ob-3-1/O-O.skf
  /home/andersx/parameters/3ob-3-1/O-C.skf
  /home/andersx/parameters/3ob-3-1/O-N.skf
  /home/andersx/parameters/3ob-3-1/O-H.skf
  /home/andersx/parameters/3ob-3-1/C-O.skf
  /home/andersx/parameters/3ob-3-1/C-C.skf
  /home/andersx/parameters/3ob-3-1/C-N.skf
  /home/andersx/parameters/3ob-3-1/C-H.skf
  /home/andersx/parameters/3ob-3-1/N-O.skf
  /home/andersx/parameters/3ob-3-1/N-C.skf
  /home/andersx/parameters/3ob-3-1/N-N.skf
  /home/andersx/parameters/3ob-3-1/N-H.skf
  /home/andersx/parameters/3ob-3-1/H-O.skf
  /home/andersx/parameters/3ob-3-1/H-C.skf
  /home/andersx/parameters/3ob-3-1/H-N.skf
  /home/andersx/parameters/3ob-3-1/H-H.skf
Done.

Starting initialization...
--------------------------------------------------------------------------------
Mode:                        Static calculation
Self consistent charges:     Yes
SCC-tolerance:                 0.100000E-05
Max. scc iterations:                    100
Ewald alpha parameter:         0.000000E+00
Spin polarisation:           No
Nr. of up electrons:            19.000000
Nr. of down electrons:          19.000000
Periodic boundaries:         No
Diagonalizer:                Divide and Conquer
Mixer:                       Anderson mixer
Mixing parameter:                  0.200000
Maximal SCC-cycles:                     100
Nr. of chrg. vectors to mix:              8
Electronic temperature:        0.100000E-07
Initial charges:             Set automatically (system chrg:   0.000E+00)
Included shells:              O:  s, p
                              C:  s, p
                              N:  s, p
                              H:  s
Full 3rd order correction    Yes
Damped SCC                   Yes
Damped specie(s):            H                                                 
Extra options:
--------------------------------------------------------------------------------
 

********************************************************************************
** Geometry step: 0
********************************************************************************

  iSCC Total electronic   Diff electronic      SCC error    
    1   -0.17930682E+02    0.00000000E+00    0.88364418E+00
    2   -0.17931929E+02   -0.12473431E-02    0.86879257E+00
    3   -0.17962840E+02   -0.30911001E-01    0.13827396E+00
    4   -0.17963255E+02   -0.41448276E-03    0.12309162E+00
    5   -0.17964968E+02   -0.17127528E-02    0.42405182E-01
    6   -0.17965049E+02   -0.81416180E-04    0.15893912E-01
    7   -0.17965041E+02    0.74867175E-05    0.15912624E-01
    8   -0.17965066E+02   -0.24088534E-04    0.13405692E-02
    9   -0.17965066E+02   -0.15606518E-06    0.10338933E-02
   10   -0.17965066E+02   -0.25585512E-06    0.31579191E-03
   11   -0.17965066E+02   -0.16826309E-07    0.16342144E-03
   12   -0.17965066E+02   -0.12396306E-08    0.50805119E-04
   13   -0.17965066E+02   -0.73754336E-10    0.17918664E-05
   14   -0.17965066E+02   -0.23092639E-12    0.58451946E-06
>> Charges saved for restart in charges.bin
 
 Total Energy:                     -17.6358448413 H
 Total Mermin free energy:         -17.6358448413 H
