================================================================================
==
==   Density Functional based Tight Binding with a lot of extensions (DFTB+)    
==
==                              Release: 1.2 (p2)
==
==                            (ParserVersion = 4)
==
================================================================================


********************************************************************************
** Parsing and initializing
********************************************************************************

Interpreting input file 'dftb_in.hsd'
--------------------------------------------------------------------------------
WARNING!
-> WriteHSDInput and WriteXMLInput both turned off. You won't eventually be 
 able to obtain the same results with a later version of the code!
Path: dftb_in/ParserOptions
Line: 80-83 (File: dftb_in.hsd)

Reading SK-files:
  /home/andersx/parameters/3ob-3-1/O-O.skf
  /home/andersx/parameters/3ob-3-1/O-N.skf
  /home/andersx/parameters/3ob-3-1/O-C.skf
  /home/andersx/parameters/3ob-3-1/O-H.skf
  /home/andersx/parameters/3ob-3-1/N-O.skf
  /home/andersx/parameters/3ob-3-1/N-N.skf
  /home/andersx/parameters/3ob-3-1/N-C.skf
  /home/andersx/parameters/3ob-3-1/N-H.skf
  /home/andersx/parameters/3ob-3-1/C-O.skf
  /home/andersx/parameters/3ob-3-1/C-N.skf
  /home/andersx/parameters/3ob-3-1/C-C.skf
  /home/andersx/parameters/3ob-3-1/C-H.skf
  /home/andersx/parameters/3ob-3-1/H-O.skf
  /home/andersx/parameters/3ob-3-1/H-N.skf
  /home/andersx/parameters/3ob-3-1/H-C.skf
  /home/andersx/parameters/3ob-3-1/H-H.skf
Done.

Starting initialization...
--------------------------------------------------------------------------------
Mode:                        Static calculation
Self consistent charges:     Yes
SCC-tolerance:                 0.100000E-05
Max. scc iterations:                    100
Ewald alpha parameter:         0.000000E+00
Spin polarisation:           No
Nr. of up electrons:            19.000000
Nr. of down electrons:          19.000000
Periodic boundaries:         No
Diagonalizer:                Divide and Conquer
Mixer:                       Anderson mixer
Mixing parameter:                  0.200000
Maximal SCC-cycles:                     100
Nr. of chrg. vectors to mix:              8
Electronic temperature:        0.100000E-07
Initial charges:             Set automatically (system chrg:   0.000E+00)
Included shells:              O:  s, p
                              N:  s, p
                              C:  s, p
                              H:  s
Full 3rd order correction    Yes
Damped SCC                   Yes
Damped specie(s):            H                                                 
Extra options:
--------------------------------------------------------------------------------
 

********************************************************************************
** Geometry step: 0
********************************************************************************

  iSCC Total electronic   Diff electronic      SCC error    
    1   -0.17948007E+02    0.00000000E+00    0.92069023E+00
    2   -0.17949158E+02   -0.11507897E-02    0.90587667E+00
    3   -0.17971692E+02   -0.22534108E-01    0.18197532E+00
    4   -0.17972651E+02   -0.95861879E-03    0.16905479E+00
    5   -0.17977072E+02   -0.44210561E-02    0.46864075E-01
    6   -0.17977125E+02   -0.53199375E-04    0.48511930E-01
    7   -0.17977203E+02   -0.78274149E-04    0.21865803E-01
    8   -0.17977241E+02   -0.37663166E-04    0.50402855E-02
    9   -0.17977241E+02   -0.45196684E-06    0.35933981E-02
   10   -0.17977242E+02   -0.88238243E-06    0.84872010E-03
   11   -0.17977242E+02   -0.18895310E-07    0.63668274E-03
   12   -0.17977242E+02   -0.42213852E-07    0.15504046E-03
   13   -0.17977242E+02   -0.16732535E-08    0.87553744E-04
   14   -0.17977242E+02   -0.43046455E-09    0.12000796E-04
   15   -0.17977242E+02   -0.63344885E-11    0.24676505E-05
   16   -0.17977242E+02   -0.18474111E-12    0.85625483E-07
>> Charges saved for restart in charges.bin
 
 Total Energy:                     -17.6455751325 H
 Total Mermin free energy:         -17.6455751325 H
