================================================================================
==
==   Density Functional based Tight Binding with a lot of extensions (DFTB+)    
==
==                              Release: 1.2 (p2)
==
==                            (ParserVersion = 4)
==
================================================================================


********************************************************************************
** Parsing and initializing
********************************************************************************

Interpreting input file 'dftb_in.hsd'
--------------------------------------------------------------------------------
WARNING!
-> WriteHSDInput and WriteXMLInput both turned off. You won't eventually be 
 able to obtain the same results with a later version of the code!
Path: dftb_in/ParserOptions
Line: 83-86 (File: dftb_in.hsd)

Reading SK-files:
  /home/andersx/parameters/3ob-3-1/O-O.skf
  /home/andersx/parameters/3ob-3-1/O-N.skf
  /home/andersx/parameters/3ob-3-1/O-C.skf
  /home/andersx/parameters/3ob-3-1/O-H.skf
  /home/andersx/parameters/3ob-3-1/N-O.skf
  /home/andersx/parameters/3ob-3-1/N-N.skf
  /home/andersx/parameters/3ob-3-1/N-C.skf
  /home/andersx/parameters/3ob-3-1/N-H.skf
  /home/andersx/parameters/3ob-3-1/C-O.skf
  /home/andersx/parameters/3ob-3-1/C-N.skf
  /home/andersx/parameters/3ob-3-1/C-C.skf
  /home/andersx/parameters/3ob-3-1/C-H.skf
  /home/andersx/parameters/3ob-3-1/H-O.skf
  /home/andersx/parameters/3ob-3-1/H-N.skf
  /home/andersx/parameters/3ob-3-1/H-C.skf
  /home/andersx/parameters/3ob-3-1/H-H.skf
Done.

Starting initialization...
--------------------------------------------------------------------------------
Mode:                        Static calculation
Self consistent charges:     Yes
SCC-tolerance:                 0.100000E-05
Max. scc iterations:                    100
Ewald alpha parameter:         0.000000E+00
Spin polarisation:           No
Nr. of up electrons:            20.000000
Nr. of down electrons:          20.000000
Periodic boundaries:         No
Diagonalizer:                Divide and Conquer
Mixer:                       Anderson mixer
Mixing parameter:                  0.200000
Maximal SCC-cycles:                     100
Nr. of chrg. vectors to mix:              8
Electronic temperature:        0.100000E-07
Initial charges:             Set automatically (system chrg:   0.000E+00)
Included shells:              O:  s, p
                              N:  s, p
                              C:  s, p
                              H:  s
Full 3rd order correction    Yes
Damped SCC                   Yes
Damped specie(s):            H                                                 
Extra options:
--------------------------------------------------------------------------------
 

********************************************************************************
** Geometry step: 0
********************************************************************************

  iSCC Total electronic   Diff electronic      SCC error    
    1   -0.18106456E+02    0.00000000E+00    0.66633327E+00
    2   -0.18106956E+02   -0.50023810E-03    0.65450907E+00
    3   -0.18117789E+02   -0.10832857E-01    0.11976507E+00
    4   -0.18117562E+02    0.22710691E-03    0.99567324E-01
    5   -0.18118544E+02   -0.98179638E-03    0.94784166E-01
    6   -0.18118874E+02   -0.32993315E-03    0.13473162E-01
    7   -0.18118866E+02    0.77339752E-05    0.16059360E-01
    8   -0.18118886E+02   -0.20428640E-04    0.57332902E-02
    9   -0.18118889E+02   -0.26613965E-05    0.11536422E-02
   10   -0.18118889E+02   -0.90659853E-07    0.42120617E-03
   11   -0.18118889E+02   -0.76076958E-08    0.42325028E-04
   12   -0.18118889E+02   -0.36464343E-09    0.66047781E-05
   13   -0.18118889E+02   -0.26645353E-12    0.18923730E-05
   14   -0.18118889E+02   -0.67501560E-13    0.20312985E-06
>> Charges saved for restart in charges.bin
 
 Total Energy:                     -17.8589864734 H
 Total Mermin free energy:         -17.8589864734 H
