================================================================================
==
==   Density Functional based Tight Binding with a lot of extensions (DFTB+)    
==
==                              Release: 1.2 (p2)
==
==                            (ParserVersion = 4)
==
================================================================================


********************************************************************************
** Parsing and initializing
********************************************************************************

Interpreting input file 'dftb_in.hsd'
--------------------------------------------------------------------------------
WARNING!
-> WriteHSDInput and WriteXMLInput both turned off. You won't eventually be 
 able to obtain the same results with a later version of the code!
Path: dftb_in/ParserOptions
Line: 84-87 (File: dftb_in.hsd)

Reading SK-files:
  /home/andersx/parameters/3ob-3-1/O-O.skf
  /home/andersx/parameters/3ob-3-1/O-N.skf
  /home/andersx/parameters/3ob-3-1/O-C.skf
  /home/andersx/parameters/3ob-3-1/O-H.skf
  /home/andersx/parameters/3ob-3-1/N-O.skf
  /home/andersx/parameters/3ob-3-1/N-N.skf
  /home/andersx/parameters/3ob-3-1/N-C.skf
  /home/andersx/parameters/3ob-3-1/N-H.skf
  /home/andersx/parameters/3ob-3-1/C-O.skf
  /home/andersx/parameters/3ob-3-1/C-N.skf
  /home/andersx/parameters/3ob-3-1/C-C.skf
  /home/andersx/parameters/3ob-3-1/C-H.skf
  /home/andersx/parameters/3ob-3-1/H-O.skf
  /home/andersx/parameters/3ob-3-1/H-N.skf
  /home/andersx/parameters/3ob-3-1/H-C.skf
  /home/andersx/parameters/3ob-3-1/H-H.skf
Done.

Starting initialization...
--------------------------------------------------------------------------------
Mode:                        Static calculation
Self consistent charges:     Yes
SCC-tolerance:                 0.100000E-05
Max. scc iterations:                    100
Ewald alpha parameter:         0.000000E+00
Spin polarisation:           No
Nr. of up electrons:            20.000000
Nr. of down electrons:          20.000000
Periodic boundaries:         No
Diagonalizer:                Divide and Conquer
Mixer:                       Anderson mixer
Mixing parameter:                  0.200000
Maximal SCC-cycles:                     100
Nr. of chrg. vectors to mix:              8
Electronic temperature:        0.100000E-07
Initial charges:             Set automatically (system chrg:   0.000E+00)
Included shells:              O:  s, p
                              N:  s, p
                              C:  s, p
                              H:  s
Full 3rd order correction    Yes
Damped SCC                   Yes
Damped specie(s):            H                                                 
Extra options:
--------------------------------------------------------------------------------
 

********************************************************************************
** Geometry step: 0
********************************************************************************

  iSCC Total electronic   Diff electronic      SCC error    
    1   -0.17695675E+02    0.00000000E+00    0.50441123E+00
    2   -0.17695859E+02   -0.18445851E-03    0.49774763E+00
    3   -0.17700126E+02   -0.42668589E-02    0.73707795E-01
    4   -0.17700028E+02    0.97829514E-04    0.82689172E-01
    5   -0.17700642E+02   -0.61364842E-03    0.35990244E-01
    6   -0.17700733E+02   -0.91298543E-04    0.10510280E-01
    7   -0.17700742E+02   -0.81571089E-05    0.15087160E-01
    8   -0.17700745E+02   -0.34624217E-05    0.21901930E-02
    9   -0.17700745E+02    0.60309290E-07    0.17994938E-02
   10   -0.17700745E+02   -0.95511528E-07    0.10636974E-02
   11   -0.17700745E+02   -0.15416152E-07    0.35504507E-03
   12   -0.17700745E+02   -0.24649893E-07    0.58575709E-04
   13   -0.17700745E+02   -0.14152945E-09    0.31416718E-04
   14   -0.17700745E+02   -0.24758862E-10    0.17414421E-05
   15   -0.17700745E+02   -0.22737368E-12    0.16281401E-06
>> Charges saved for restart in charges.bin
 
 Total Energy:                     -17.5861028322 H
 Total Mermin free energy:         -17.5861028322 H
