================================================================================
==
==   Density Functional based Tight Binding with a lot of extensions (DFTB+)    
==
==                              Release: 1.2 (p2)
==
==                            (ParserVersion = 4)
==
================================================================================


********************************************************************************
** Parsing and initializing
********************************************************************************

Interpreting input file 'dftb_in.hsd'
--------------------------------------------------------------------------------
WARNING!
-> WriteHSDInput and WriteXMLInput both turned off. You won't eventually be 
 able to obtain the same results with a later version of the code!
Path: dftb_in/ParserOptions
Line: 83-86 (File: dftb_in.hsd)

Reading SK-files:
  /home/andersx/parameters/3ob-3-1/O-O.skf
  /home/andersx/parameters/3ob-3-1/O-N.skf
  /home/andersx/parameters/3ob-3-1/O-C.skf
  /home/andersx/parameters/3ob-3-1/O-H.skf
  /home/andersx/parameters/3ob-3-1/N-O.skf
  /home/andersx/parameters/3ob-3-1/N-N.skf
  /home/andersx/parameters/3ob-3-1/N-C.skf
  /home/andersx/parameters/3ob-3-1/N-H.skf
  /home/andersx/parameters/3ob-3-1/C-O.skf
  /home/andersx/parameters/3ob-3-1/C-N.skf
  /home/andersx/parameters/3ob-3-1/C-C.skf
  /home/andersx/parameters/3ob-3-1/C-H.skf
  /home/andersx/parameters/3ob-3-1/H-O.skf
  /home/andersx/parameters/3ob-3-1/H-N.skf
  /home/andersx/parameters/3ob-3-1/H-C.skf
  /home/andersx/parameters/3ob-3-1/H-H.skf
Done.

Starting initialization...
--------------------------------------------------------------------------------
Mode:                        Static calculation
Self consistent charges:     Yes
SCC-tolerance:                 0.100000E-05
Max. scc iterations:                    100
Ewald alpha parameter:         0.000000E+00
Spin polarisation:           No
Nr. of up electrons:            20.000000
Nr. of down electrons:          20.000000
Periodic boundaries:         No
Diagonalizer:                Divide and Conquer
Mixer:                       Anderson mixer
Mixing parameter:                  0.200000
Maximal SCC-cycles:                     100
Nr. of chrg. vectors to mix:              8
Electronic temperature:        0.100000E-07
Initial charges:             Set automatically (system chrg:   0.000E+00)
Included shells:              O:  s, p
                              N:  s, p
                              C:  s, p
                              H:  s
Full 3rd order correction    Yes
Damped SCC                   Yes
Damped specie(s):            H                                                 
Extra options:
--------------------------------------------------------------------------------
 

********************************************************************************
** Geometry step: 0
********************************************************************************

  iSCC Total electronic   Diff electronic      SCC error    
    1   -0.18142646E+02    0.00000000E+00    0.53267716E+00
    2   -0.18143019E+02   -0.37350991E-03    0.52573393E+00
    3   -0.18151119E+02   -0.80997674E-02    0.13540842E+00
    4   -0.18151043E+02    0.76012552E-04    0.13047118E+00
    5   -0.18152580E+02   -0.15374174E-02    0.17560766E-01
    6   -0.18152611E+02   -0.30482179E-04    0.11770012E-01
    7   -0.18152623E+02   -0.12441595E-04    0.15580405E-01
    8   -0.18152625E+02   -0.19907733E-05    0.24157930E-02
    9   -0.18152625E+02   -0.77911853E-07    0.25188970E-02
   10   -0.18152626E+02   -0.28753847E-06    0.36805437E-03
   11   -0.18152626E+02   -0.43904969E-08    0.16385918E-03
   12   -0.18152626E+02   -0.15407515E-08    0.29573834E-04
   13   -0.18152626E+02   -0.10942358E-10    0.42860262E-05
   14   -0.18152626E+02   -0.15987212E-12    0.27048030E-06
>> Charges saved for restart in charges.bin
 
 Total Energy:                     -17.8830946586 H
 Total Mermin free energy:         -17.8830946586 H
