================================================================================
==
==   Density Functional based Tight Binding with a lot of extensions (DFTB+)    
==
==                              Release: 1.2 (p2)
==
==                            (ParserVersion = 4)
==
================================================================================


********************************************************************************
** Parsing and initializing
********************************************************************************

Interpreting input file 'dftb_in.hsd'
--------------------------------------------------------------------------------
WARNING!
-> WriteHSDInput and WriteXMLInput both turned off. You won't eventually be 
 able to obtain the same results with a later version of the code!
Path: dftb_in/ParserOptions
Line: 84-87 (File: dftb_in.hsd)

Reading SK-files:
  /home/andersx/parameters/3ob-3-1/O-O.skf
  /home/andersx/parameters/3ob-3-1/O-N.skf
  /home/andersx/parameters/3ob-3-1/O-C.skf
  /home/andersx/parameters/3ob-3-1/O-H.skf
  /home/andersx/parameters/3ob-3-1/N-O.skf
  /home/andersx/parameters/3ob-3-1/N-N.skf
  /home/andersx/parameters/3ob-3-1/N-C.skf
  /home/andersx/parameters/3ob-3-1/N-H.skf
  /home/andersx/parameters/3ob-3-1/C-O.skf
  /home/andersx/parameters/3ob-3-1/C-N.skf
  /home/andersx/parameters/3ob-3-1/C-C.skf
  /home/andersx/parameters/3ob-3-1/C-H.skf
  /home/andersx/parameters/3ob-3-1/H-O.skf
  /home/andersx/parameters/3ob-3-1/H-N.skf
  /home/andersx/parameters/3ob-3-1/H-C.skf
  /home/andersx/parameters/3ob-3-1/H-H.skf
Done.

Starting initialization...
--------------------------------------------------------------------------------
Mode:                        Static calculation
Self consistent charges:     Yes
SCC-tolerance:                 0.100000E-05
Max. scc iterations:                    100
Ewald alpha parameter:         0.000000E+00
Spin polarisation:           No
Nr. of up electrons:            20.000000
Nr. of down electrons:          20.000000
Periodic boundaries:         No
Diagonalizer:                Divide and Conquer
Mixer:                       Anderson mixer
Mixing parameter:                  0.200000
Maximal SCC-cycles:                     100
Nr. of chrg. vectors to mix:              8
Electronic temperature:        0.100000E-07
Initial charges:             Set automatically (system chrg:   0.000E+00)
Included shells:              O:  s, p
                              N:  s, p
                              C:  s, p
                              H:  s
Full 3rd order correction    Yes
Damped SCC                   Yes
Damped specie(s):            H                                                 
Extra options:
--------------------------------------------------------------------------------
 

********************************************************************************
** Geometry step: 0
********************************************************************************

  iSCC Total electronic   Diff electronic      SCC error    
    1   -0.17655802E+02    0.00000000E+00    0.49169225E+00
    2   -0.17655959E+02   -0.15675012E-03    0.48517119E+00
    3   -0.17659598E+02   -0.36391608E-02    0.92627390E-01
    4   -0.17659533E+02    0.64322553E-04    0.96994031E-01
    5   -0.17660123E+02   -0.58970495E-03    0.25857621E-01
    6   -0.17660151E+02   -0.27751390E-04    0.10770784E-01
    7   -0.17660151E+02   -0.47395673E-06    0.99804471E-02
    8   -0.17660154E+02   -0.22582560E-05    0.62219466E-03
    9   -0.17660154E+02    0.10308483E-08    0.64971363E-03
   10   -0.17660154E+02   -0.37591519E-07    0.22111341E-03
   11   -0.17660154E+02   -0.12957209E-08    0.67012497E-04
   12   -0.17660154E+02   -0.41968917E-09    0.93216070E-05
   13   -0.17660154E+02   -0.48956394E-11    0.25314874E-05
   14   -0.17660154E+02   -0.85265128E-13    0.52281730E-06
>> Charges saved for restart in charges.bin
 
 Total Energy:                     -17.5490891541 H
 Total Mermin free energy:         -17.5490891541 H
