================================================================================
==
==   Density Functional based Tight Binding with a lot of extensions (DFTB+)    
==
==                              Release: 1.2 (p2)
==
==                            (ParserVersion = 4)
==
================================================================================


********************************************************************************
** Parsing and initializing
********************************************************************************

Interpreting input file 'dftb_in.hsd'
--------------------------------------------------------------------------------
WARNING!
-> WriteHSDInput and WriteXMLInput both turned off. You won't eventually be 
 able to obtain the same results with a later version of the code!
Path: dftb_in/ParserOptions
Line: 73-76 (File: dftb_in.hsd)

Reading SK-files:
  /home/andersx/parameters/3ob-3-1/C-C.skf
  /home/andersx/parameters/3ob-3-1/C-O.skf
  /home/andersx/parameters/3ob-3-1/C-H.skf
  /home/andersx/parameters/3ob-3-1/O-C.skf
  /home/andersx/parameters/3ob-3-1/O-O.skf
  /home/andersx/parameters/3ob-3-1/O-H.skf
  /home/andersx/parameters/3ob-3-1/H-C.skf
  /home/andersx/parameters/3ob-3-1/H-O.skf
  /home/andersx/parameters/3ob-3-1/H-H.skf
Done.

Starting initialization...
--------------------------------------------------------------------------------
Mode:                        Static calculation
Self consistent charges:     Yes
SCC-tolerance:                 0.100000E-05
Max. scc iterations:                    100
Ewald alpha parameter:         0.000000E+00
Spin polarisation:           No
Nr. of up electrons:            17.000000
Nr. of down electrons:          17.000000
Periodic boundaries:         No
Diagonalizer:                Divide and Conquer
Mixer:                       Anderson mixer
Mixing parameter:                  0.200000
Maximal SCC-cycles:                     100
Nr. of chrg. vectors to mix:              8
Electronic temperature:        0.100000E-07
Initial charges:             Set automatically (system chrg:   0.000E+00)
Included shells:              C:  s, p
                              O:  s, p
                              H:  s
Full 3rd order correction    Yes
Damped SCC                   Yes
Damped specie(s):            H                                                 
Extra options:
--------------------------------------------------------------------------------
 

********************************************************************************
** Geometry step: 0
********************************************************************************

  iSCC Total electronic   Diff electronic      SCC error    
    1   -0.14839863E+02    0.00000000E+00    0.58046094E+00
    2   -0.14840174E+02   -0.31091091E-03    0.57153265E+00
    3   -0.14849120E+02   -0.89455111E-02    0.77305505E-01
    4   -0.14849060E+02    0.59681482E-04    0.66466762E-01
    5   -0.14849110E+02   -0.50024060E-04    0.69486539E-01
    6   -0.14849219E+02   -0.10842230E-03    0.78727535E-02
    7   -0.14849217E+02    0.11497961E-05    0.63123058E-02
    8   -0.14849224E+02   -0.61687253E-05    0.48645435E-02
    9   -0.14849224E+02   -0.23617860E-06    0.26948418E-02
   10   -0.14849224E+02   -0.29889540E-06    0.82312749E-03
   11   -0.14849224E+02   -0.13637196E-07    0.37858784E-03
   12   -0.14849224E+02   -0.17674644E-08    0.24560453E-04
   13   -0.14849224E+02   -0.39293013E-10    0.91698577E-05
   14   -0.14849224E+02   -0.33928416E-11    0.88982509E-06
>> Charges saved for restart in charges.bin
 
 Total Energy:                     -14.8468616995 H
 Total Mermin free energy:         -14.8468616995 H
