================================================================================
==
==   Density Functional based Tight Binding with a lot of extensions (DFTB+)    
==
==                              Release: 1.2 (p2)
==
==                            (ParserVersion = 4)
==
================================================================================


********************************************************************************
** Parsing and initializing
********************************************************************************

Interpreting input file 'dftb_in.hsd'
--------------------------------------------------------------------------------
WARNING!
-> WriteHSDInput and WriteXMLInput both turned off. You won't eventually be 
 able to obtain the same results with a later version of the code!
Path: dftb_in/ParserOptions
Line: 82-85 (File: dftb_in.hsd)

Reading SK-files:
  /home/andersx/parameters/3ob-3-1/O-O.skf
  /home/andersx/parameters/3ob-3-1/O-N.skf
  /home/andersx/parameters/3ob-3-1/O-C.skf
  /home/andersx/parameters/3ob-3-1/O-H.skf
  /home/andersx/parameters/3ob-3-1/N-O.skf
  /home/andersx/parameters/3ob-3-1/N-N.skf
  /home/andersx/parameters/3ob-3-1/N-C.skf
  /home/andersx/parameters/3ob-3-1/N-H.skf
  /home/andersx/parameters/3ob-3-1/C-O.skf
  /home/andersx/parameters/3ob-3-1/C-N.skf
  /home/andersx/parameters/3ob-3-1/C-C.skf
  /home/andersx/parameters/3ob-3-1/C-H.skf
  /home/andersx/parameters/3ob-3-1/H-O.skf
  /home/andersx/parameters/3ob-3-1/H-N.skf
  /home/andersx/parameters/3ob-3-1/H-C.skf
  /home/andersx/parameters/3ob-3-1/H-H.skf
Done.

Starting initialization...
--------------------------------------------------------------------------------
Mode:                        Static calculation
Self consistent charges:     Yes
SCC-tolerance:                 0.100000E-05
Max. scc iterations:                    100
Ewald alpha parameter:         0.000000E+00
Spin polarisation:           No
Nr. of up electrons:            20.000000
Nr. of down electrons:          20.000000
Periodic boundaries:         No
Diagonalizer:                Divide and Conquer
Mixer:                       Anderson mixer
Mixing parameter:                  0.200000
Maximal SCC-cycles:                     100
Nr. of chrg. vectors to mix:              8
Electronic temperature:        0.100000E-07
Initial charges:             Set automatically (system chrg:   0.000E+00)
Included shells:              O:  s, p
                              N:  s, p
                              C:  s, p
                              H:  s
Full 3rd order correction    Yes
Damped SCC                   Yes
Damped specie(s):            H                                                 
Extra options:
--------------------------------------------------------------------------------
 

********************************************************************************
** Geometry step: 0
********************************************************************************

  iSCC Total electronic   Diff electronic      SCC error    
    1   -0.18554879E+02    0.00000000E+00    0.64336432E+00
    2   -0.18555622E+02   -0.74324723E-03    0.63234037E+00
    3   -0.18575472E+02   -0.19850001E-01    0.10295067E+00
    4   -0.18575416E+02    0.55888478E-04    0.96533240E-01
    5   -0.18575780E+02   -0.36419046E-03    0.33553932E-01
    6   -0.18575807E+02   -0.26697292E-04    0.14850169E-01
    7   -0.18575816E+02   -0.85754949E-05    0.13525042E-01
    8   -0.18575830E+02   -0.14387333E-04    0.14942448E-02
    9   -0.18575830E+02   -0.39573262E-07    0.13185709E-02
   10   -0.18575830E+02   -0.15117586E-06    0.60058934E-03
   11   -0.18575830E+02   -0.15703492E-07    0.17687811E-03
   12   -0.18575830E+02   -0.21497222E-08    0.39160358E-04
   13   -0.18575830E+02   -0.26794567E-10    0.39947796E-05
   14   -0.18575830E+02   -0.15276669E-12    0.53828158E-06
>> Charges saved for restart in charges.bin
 
 Total Energy:                     -18.3590537380 H
 Total Mermin free energy:         -18.3590537380 H
