================================================================================
==
==   Density Functional based Tight Binding with a lot of extensions (DFTB+)    
==
==                              Release: 1.2 (p2)
==
==                            (ParserVersion = 4)
==
================================================================================


********************************************************************************
** Parsing and initializing
********************************************************************************

Interpreting input file 'dftb_in.hsd'
--------------------------------------------------------------------------------
WARNING!
-> WriteHSDInput and WriteXMLInput both turned off. You won't eventually be 
 able to obtain the same results with a later version of the code!
Path: dftb_in/ParserOptions
Line: 80-83 (File: dftb_in.hsd)

Reading SK-files:
  /home/andersx/parameters/3ob-3-1/O-O.skf
  /home/andersx/parameters/3ob-3-1/O-N.skf
  /home/andersx/parameters/3ob-3-1/O-C.skf
  /home/andersx/parameters/3ob-3-1/O-H.skf
  /home/andersx/parameters/3ob-3-1/N-O.skf
  /home/andersx/parameters/3ob-3-1/N-N.skf
  /home/andersx/parameters/3ob-3-1/N-C.skf
  /home/andersx/parameters/3ob-3-1/N-H.skf
  /home/andersx/parameters/3ob-3-1/C-O.skf
  /home/andersx/parameters/3ob-3-1/C-N.skf
  /home/andersx/parameters/3ob-3-1/C-C.skf
  /home/andersx/parameters/3ob-3-1/C-H.skf
  /home/andersx/parameters/3ob-3-1/H-O.skf
  /home/andersx/parameters/3ob-3-1/H-N.skf
  /home/andersx/parameters/3ob-3-1/H-C.skf
  /home/andersx/parameters/3ob-3-1/H-H.skf
Done.

Starting initialization...
--------------------------------------------------------------------------------
Mode:                        Static calculation
Self consistent charges:     Yes
SCC-tolerance:                 0.100000E-05
Max. scc iterations:                    100
Ewald alpha parameter:         0.000000E+00
Spin polarisation:           No
Nr. of up electrons:            18.000000
Nr. of down electrons:          18.000000
Periodic boundaries:         No
Diagonalizer:                Divide and Conquer
Mixer:                       Anderson mixer
Mixing parameter:                  0.200000
Maximal SCC-cycles:                     100
Nr. of chrg. vectors to mix:              8
Electronic temperature:        0.100000E-07
Initial charges:             Set automatically (system chrg:   0.000E+00)
Included shells:              O:  s, p
                              N:  s, p
                              C:  s, p
                              H:  s
Full 3rd order correction    Yes
Damped SCC                   Yes
Damped specie(s):            H                                                 
Extra options:
--------------------------------------------------------------------------------
 

********************************************************************************
** Geometry step: 0
********************************************************************************

  iSCC Total electronic   Diff electronic      SCC error    
    1   -0.16368859E+02    0.00000000E+00    0.46802618E+00
    2   -0.16369085E+02   -0.22619574E-03    0.46168330E+00
    3   -0.16372566E+02   -0.34812946E-02    0.15480297E+00
    4   -0.16372499E+02    0.67269075E-04    0.14969182E+00
    5   -0.16374372E+02   -0.18732469E-02    0.29789806E-01
    6   -0.16374369E+02    0.33777601E-05    0.27428851E-01
    7   -0.16374395E+02   -0.25926691E-04    0.13205133E-01
    8   -0.16374406E+02   -0.11729735E-04    0.19718111E-02
    9   -0.16374407E+02   -0.15318822E-06    0.19396774E-02
   10   -0.16374407E+02   -0.24323435E-06    0.16316625E-02
   11   -0.16374407E+02   -0.25781784E-07    0.72016853E-03
   12   -0.16374407E+02   -0.14228309E-07    0.23119569E-03
   13   -0.16374407E+02   -0.12265932E-07    0.50303295E-04
   14   -0.16374407E+02   -0.24871483E-09    0.13233774E-04
   15   -0.16374407E+02   -0.24833469E-11    0.60062234E-06
>> Charges saved for restart in charges.bin
 
 Total Energy:                     -15.9677596308 H
 Total Mermin free energy:         -15.9677596308 H
