================================================================================
==
==   Density Functional based Tight Binding with a lot of extensions (DFTB+)    
==
==                              Release: 1.2 (p2)
==
==                            (ParserVersion = 4)
==
================================================================================


********************************************************************************
** Parsing and initializing
********************************************************************************

Interpreting input file 'dftb_in.hsd'
--------------------------------------------------------------------------------
WARNING!
-> WriteHSDInput and WriteXMLInput both turned off. You won't eventually be 
 able to obtain the same results with a later version of the code!
Path: dftb_in/ParserOptions
Line: 79-82 (File: dftb_in.hsd)

Reading SK-files:
  /home/andersx/parameters/3ob-3-1/O-O.skf
  /home/andersx/parameters/3ob-3-1/O-N.skf
  /home/andersx/parameters/3ob-3-1/O-C.skf
  /home/andersx/parameters/3ob-3-1/O-H.skf
  /home/andersx/parameters/3ob-3-1/N-O.skf
  /home/andersx/parameters/3ob-3-1/N-N.skf
  /home/andersx/parameters/3ob-3-1/N-C.skf
  /home/andersx/parameters/3ob-3-1/N-H.skf
  /home/andersx/parameters/3ob-3-1/C-O.skf
  /home/andersx/parameters/3ob-3-1/C-N.skf
  /home/andersx/parameters/3ob-3-1/C-C.skf
  /home/andersx/parameters/3ob-3-1/C-H.skf
  /home/andersx/parameters/3ob-3-1/H-O.skf
  /home/andersx/parameters/3ob-3-1/H-N.skf
  /home/andersx/parameters/3ob-3-1/H-C.skf
  /home/andersx/parameters/3ob-3-1/H-H.skf
Done.

Starting initialization...
--------------------------------------------------------------------------------
Mode:                        Static calculation
Self consistent charges:     Yes
SCC-tolerance:                 0.100000E-05
Max. scc iterations:                    100
Ewald alpha parameter:         0.000000E+00
Spin polarisation:           No
Nr. of up electrons:            18.000000
Nr. of down electrons:          18.000000
Periodic boundaries:         No
Diagonalizer:                Divide and Conquer
Mixer:                       Anderson mixer
Mixing parameter:                  0.200000
Maximal SCC-cycles:                     100
Nr. of chrg. vectors to mix:              8
Electronic temperature:        0.100000E-07
Initial charges:             Set automatically (system chrg:   0.000E+00)
Included shells:              O:  s, p
                              N:  s, p
                              C:  s, p
                              H:  s
Full 3rd order correction    Yes
Damped SCC                   Yes
Damped specie(s):            H                                                 
Extra options:
--------------------------------------------------------------------------------
 

********************************************************************************
** Geometry step: 0
********************************************************************************

  iSCC Total electronic   Diff electronic      SCC error    
    1   -0.16815628E+02    0.00000000E+00    0.56856340E+00
    2   -0.16816288E+02   -0.66052463E-03    0.55667776E+00
    3   -0.16830305E+02   -0.14017103E-01    0.15295419E+00
    4   -0.16830297E+02    0.81136134E-05    0.14950179E+00
    5   -0.16831156E+02   -0.85857821E-03    0.30919379E-01
    6   -0.16831152E+02    0.34742902E-05    0.30336304E-01
    7   -0.16831197E+02   -0.44669159E-04    0.33301212E-02
    8   -0.16831198E+02   -0.94764247E-06    0.15538144E-02
    9   -0.16831199E+02   -0.51632006E-06    0.66307995E-03
   10   -0.16831199E+02   -0.39464361E-08    0.50044931E-03
   11   -0.16831199E+02   -0.16034083E-07    0.11948722E-03
   12   -0.16831199E+02   -0.11530581E-08    0.38022838E-04
   13   -0.16831199E+02   -0.17233859E-09    0.78044117E-05
   14   -0.16831199E+02   -0.14424018E-11    0.21964718E-06
>> Charges saved for restart in charges.bin
 
 Total Energy:                     -16.3356472658 H
 Total Mermin free energy:         -16.3356472658 H
