================================================================================
==
==   Density Functional based Tight Binding with a lot of extensions (DFTB+)    
==
==                              Release: 1.2 (p2)
==
==                            (ParserVersion = 4)
==
================================================================================


********************************************************************************
** Parsing and initializing
********************************************************************************

Interpreting input file 'dftb_in.hsd'
--------------------------------------------------------------------------------
WARNING!
-> WriteHSDInput and WriteXMLInput both turned off. You won't eventually be 
 able to obtain the same results with a later version of the code!
Path: dftb_in/ParserOptions
Line: 83-86 (File: dftb_in.hsd)

Reading SK-files:
  /home/andersx/parameters/3ob-3-1/O-O.skf
  /home/andersx/parameters/3ob-3-1/O-N.skf
  /home/andersx/parameters/3ob-3-1/O-C.skf
  /home/andersx/parameters/3ob-3-1/O-H.skf
  /home/andersx/parameters/3ob-3-1/N-O.skf
  /home/andersx/parameters/3ob-3-1/N-N.skf
  /home/andersx/parameters/3ob-3-1/N-C.skf
  /home/andersx/parameters/3ob-3-1/N-H.skf
  /home/andersx/parameters/3ob-3-1/C-O.skf
  /home/andersx/parameters/3ob-3-1/C-N.skf
  /home/andersx/parameters/3ob-3-1/C-C.skf
  /home/andersx/parameters/3ob-3-1/C-H.skf
  /home/andersx/parameters/3ob-3-1/H-O.skf
  /home/andersx/parameters/3ob-3-1/H-N.skf
  /home/andersx/parameters/3ob-3-1/H-C.skf
  /home/andersx/parameters/3ob-3-1/H-H.skf
Done.

Starting initialization...
--------------------------------------------------------------------------------
Mode:                        Static calculation
Self consistent charges:     Yes
SCC-tolerance:                 0.100000E-05
Max. scc iterations:                    100
Ewald alpha parameter:         0.000000E+00
Spin polarisation:           No
Nr. of up electrons:            20.000000
Nr. of down electrons:          20.000000
Periodic boundaries:         No
Diagonalizer:                Divide and Conquer
Mixer:                       Anderson mixer
Mixing parameter:                  0.200000
Maximal SCC-cycles:                     100
Nr. of chrg. vectors to mix:              8
Electronic temperature:        0.100000E-07
Initial charges:             Set automatically (system chrg:   0.000E+00)
Included shells:              O:  s, p
                              N:  s, p
                              C:  s, p
                              H:  s
Full 3rd order correction    Yes
Damped SCC                   Yes
Damped specie(s):            H                                                 
Extra options:
--------------------------------------------------------------------------------
 

********************************************************************************
** Geometry step: 0
********************************************************************************

  iSCC Total electronic   Diff electronic      SCC error    
    1   -0.18143341E+02    0.00000000E+00    0.80570215E+00
    2   -0.18143922E+02   -0.58148411E-03    0.79246962E+00
    3   -0.18155258E+02   -0.11336280E-01    0.11682878E+00
    4   -0.18154841E+02    0.41705428E-03    0.12453265E+00
    5   -0.18156107E+02   -0.12661375E-02    0.11167908E+00
    6   -0.18156893E+02   -0.78586984E-03    0.23424104E-01
    7   -0.18156899E+02   -0.56578465E-05    0.24176686E-01
    8   -0.18156937E+02   -0.37982687E-04    0.11087025E-01
    9   -0.18156940E+02   -0.26336816E-05    0.38433743E-02
   10   -0.18156940E+02   -0.18407190E-06    0.34683826E-02
   11   -0.18156940E+02   -0.49696873E-06    0.59937642E-03
   12   -0.18156940E+02   -0.26430911E-08    0.47453211E-03
   13   -0.18156940E+02   -0.65286407E-08    0.12410320E-04
   14   -0.18156940E+02   -0.12366996E-10    0.27578111E-05
   15   -0.18156940E+02   -0.65369932E-12    0.53060107E-06
>> Charges saved for restart in charges.bin
 
 Total Energy:                     -17.8308721823 H
 Total Mermin free energy:         -17.8308721823 H
