================================================================================
==
==   Density Functional based Tight Binding with a lot of extensions (DFTB+)    
==
==                              Release: 1.2 (p2)
==
==                            (ParserVersion = 4)
==
================================================================================


********************************************************************************
** Parsing and initializing
********************************************************************************

Interpreting input file 'dftb_in.hsd'
--------------------------------------------------------------------------------
WARNING!
-> WriteHSDInput and WriteXMLInput both turned off. You won't eventually be 
 able to obtain the same results with a later version of the code!
Path: dftb_in/ParserOptions
Line: 83-86 (File: dftb_in.hsd)

Reading SK-files:
  /home/andersx/parameters/3ob-3-1/O-O.skf
  /home/andersx/parameters/3ob-3-1/O-N.skf
  /home/andersx/parameters/3ob-3-1/O-C.skf
  /home/andersx/parameters/3ob-3-1/O-H.skf
  /home/andersx/parameters/3ob-3-1/N-O.skf
  /home/andersx/parameters/3ob-3-1/N-N.skf
  /home/andersx/parameters/3ob-3-1/N-C.skf
  /home/andersx/parameters/3ob-3-1/N-H.skf
  /home/andersx/parameters/3ob-3-1/C-O.skf
  /home/andersx/parameters/3ob-3-1/C-N.skf
  /home/andersx/parameters/3ob-3-1/C-C.skf
  /home/andersx/parameters/3ob-3-1/C-H.skf
  /home/andersx/parameters/3ob-3-1/H-O.skf
  /home/andersx/parameters/3ob-3-1/H-N.skf
  /home/andersx/parameters/3ob-3-1/H-C.skf
  /home/andersx/parameters/3ob-3-1/H-H.skf
Done.

Starting initialization...
--------------------------------------------------------------------------------
Mode:                        Static calculation
Self consistent charges:     Yes
SCC-tolerance:                 0.100000E-05
Max. scc iterations:                    100
Ewald alpha parameter:         0.000000E+00
Spin polarisation:           No
Nr. of up electrons:            20.000000
Nr. of down electrons:          20.000000
Periodic boundaries:         No
Diagonalizer:                Divide and Conquer
Mixer:                       Anderson mixer
Mixing parameter:                  0.200000
Maximal SCC-cycles:                     100
Nr. of chrg. vectors to mix:              8
Electronic temperature:        0.100000E-07
Initial charges:             Set automatically (system chrg:   0.000E+00)
Included shells:              O:  s, p
                              N:  s, p
                              C:  s, p
                              H:  s
Full 3rd order correction    Yes
Damped SCC                   Yes
Damped specie(s):            H                                                 
Extra options:
--------------------------------------------------------------------------------
 

********************************************************************************
** Geometry step: 0
********************************************************************************

  iSCC Total electronic   Diff electronic      SCC error    
    1   -0.18059704E+02    0.00000000E+00    0.49055270E+00
    2   -0.18059987E+02   -0.28300979E-03    0.48404690E+00
    3   -0.18067928E+02   -0.79411705E-02    0.81568175E-01
    4   -0.18067889E+02    0.38489579E-04    0.73616637E-01
    5   -0.18068038E+02   -0.14858171E-03    0.50909472E-01
    6   -0.18068090E+02   -0.51651847E-04    0.17503137E-01
    7   -0.18068091E+02   -0.12482711E-05    0.12355393E-01
    8   -0.18068105E+02   -0.13780935E-04    0.13390423E-02
    9   -0.18068105E+02   -0.41395417E-07    0.92360090E-03
   10   -0.18068105E+02   -0.94489675E-07    0.24467255E-03
   11   -0.18068105E+02   -0.23091040E-08    0.84396538E-04
   12   -0.18068105E+02   -0.44336446E-09    0.83903197E-05
   13   -0.18068105E+02   -0.10871304E-11    0.22012503E-05
   14   -0.18068105E+02   -0.88817842E-13    0.13298558E-06
>> Charges saved for restart in charges.bin
 
 Total Energy:                     -17.8059258167 H
 Total Mermin free energy:         -17.8059258167 H
