================================================================================
==
==   Density Functional based Tight Binding with a lot of extensions (DFTB+)    
==
==                              Release: 1.2 (p2)
==
==                            (ParserVersion = 4)
==
================================================================================


********************************************************************************
** Parsing and initializing
********************************************************************************

Interpreting input file 'dftb_in.hsd'
--------------------------------------------------------------------------------
WARNING!
-> WriteHSDInput and WriteXMLInput both turned off. You won't eventually be 
 able to obtain the same results with a later version of the code!
Path: dftb_in/ParserOptions
Line: 78-81 (File: dftb_in.hsd)

Reading SK-files:
  /home/andersx/parameters/3ob-3-1/O-O.skf
  /home/andersx/parameters/3ob-3-1/O-N.skf
  /home/andersx/parameters/3ob-3-1/O-C.skf
  /home/andersx/parameters/3ob-3-1/O-H.skf
  /home/andersx/parameters/3ob-3-1/N-O.skf
  /home/andersx/parameters/3ob-3-1/N-N.skf
  /home/andersx/parameters/3ob-3-1/N-C.skf
  /home/andersx/parameters/3ob-3-1/N-H.skf
  /home/andersx/parameters/3ob-3-1/C-O.skf
  /home/andersx/parameters/3ob-3-1/C-N.skf
  /home/andersx/parameters/3ob-3-1/C-C.skf
  /home/andersx/parameters/3ob-3-1/C-H.skf
  /home/andersx/parameters/3ob-3-1/H-O.skf
  /home/andersx/parameters/3ob-3-1/H-N.skf
  /home/andersx/parameters/3ob-3-1/H-C.skf
  /home/andersx/parameters/3ob-3-1/H-H.skf
Done.

Starting initialization...
--------------------------------------------------------------------------------
Mode:                        Static calculation
Self consistent charges:     Yes
SCC-tolerance:                 0.100000E-05
Max. scc iterations:                    100
Ewald alpha parameter:         0.000000E+00
Spin polarisation:           No
Nr. of up electrons:            18.000000
Nr. of down electrons:          18.000000
Periodic boundaries:         No
Diagonalizer:                Divide and Conquer
Mixer:                       Anderson mixer
Mixing parameter:                  0.200000
Maximal SCC-cycles:                     100
Nr. of chrg. vectors to mix:              8
Electronic temperature:        0.100000E-07
Initial charges:             Set automatically (system chrg:   0.000E+00)
Included shells:              O:  s, p
                              N:  s, p
                              C:  s, p
                              H:  s
Full 3rd order correction    Yes
Damped SCC                   Yes
Damped specie(s):            H                                                 
Extra options:
--------------------------------------------------------------------------------
 

********************************************************************************
** Geometry step: 0
********************************************************************************

  iSCC Total electronic   Diff electronic      SCC error    
    1   -0.17285135E+02    0.00000000E+00    0.68361680E+00
    2   -0.17285976E+02   -0.84038815E-03    0.67120215E+00
    3   -0.17306949E+02   -0.20973220E-01    0.12599025E+00
    4   -0.17307447E+02   -0.49834641E-03    0.13486236E+00
    5   -0.17308449E+02   -0.10018290E-02    0.65915502E-01
    6   -0.17308588E+02   -0.13872038E-03    0.56196432E-01
    7   -0.17308644E+02   -0.56774283E-04    0.30283657E-01
    8   -0.17308707E+02   -0.62895950E-04    0.35116261E-02
    9   -0.17308708E+02   -0.36242556E-06    0.27060237E-02
   10   -0.17308708E+02   -0.47284509E-06    0.31250561E-03
   11   -0.17308708E+02   -0.13212748E-07    0.14560014E-03
   12   -0.17308708E+02   -0.21473490E-08    0.27532871E-04
   13   -0.17308708E+02   -0.21245228E-10    0.66931809E-05
   14   -0.17308708E+02   -0.93081098E-12    0.47052089E-06
>> Charges saved for restart in charges.bin
 
 Total Energy:                     -16.8202599541 H
 Total Mermin free energy:         -16.8202599541 H
