================================================================================
==
==   Density Functional based Tight Binding with a lot of extensions (DFTB+)    
==
==                              Release: 1.2 (p2)
==
==                            (ParserVersion = 4)
==
================================================================================


********************************************************************************
** Parsing and initializing
********************************************************************************

Interpreting input file 'dftb_in.hsd'
--------------------------------------------------------------------------------
WARNING!
-> WriteHSDInput and WriteXMLInput both turned off. You won't eventually be 
 able to obtain the same results with a later version of the code!
Path: dftb_in/ParserOptions
Line: 82-85 (File: dftb_in.hsd)

Reading SK-files:
  /home/andersx/parameters/3ob-3-1/O-O.skf
  /home/andersx/parameters/3ob-3-1/O-N.skf
  /home/andersx/parameters/3ob-3-1/O-C.skf
  /home/andersx/parameters/3ob-3-1/O-H.skf
  /home/andersx/parameters/3ob-3-1/N-O.skf
  /home/andersx/parameters/3ob-3-1/N-N.skf
  /home/andersx/parameters/3ob-3-1/N-C.skf
  /home/andersx/parameters/3ob-3-1/N-H.skf
  /home/andersx/parameters/3ob-3-1/C-O.skf
  /home/andersx/parameters/3ob-3-1/C-N.skf
  /home/andersx/parameters/3ob-3-1/C-C.skf
  /home/andersx/parameters/3ob-3-1/C-H.skf
  /home/andersx/parameters/3ob-3-1/H-O.skf
  /home/andersx/parameters/3ob-3-1/H-N.skf
  /home/andersx/parameters/3ob-3-1/H-C.skf
  /home/andersx/parameters/3ob-3-1/H-H.skf
Done.

Starting initialization...
--------------------------------------------------------------------------------
Mode:                        Static calculation
Self consistent charges:     Yes
SCC-tolerance:                 0.100000E-05
Max. scc iterations:                    100
Ewald alpha parameter:         0.000000E+00
Spin polarisation:           No
Nr. of up electrons:            20.000000
Nr. of down electrons:          20.000000
Periodic boundaries:         No
Diagonalizer:                Divide and Conquer
Mixer:                       Anderson mixer
Mixing parameter:                  0.200000
Maximal SCC-cycles:                     100
Nr. of chrg. vectors to mix:              8
Electronic temperature:        0.100000E-07
Initial charges:             Set automatically (system chrg:   0.000E+00)
Included shells:              O:  s, p
                              N:  s, p
                              C:  s, p
                              H:  s
Full 3rd order correction    Yes
Damped SCC                   Yes
Damped specie(s):            H                                                 
Extra options:
--------------------------------------------------------------------------------
 

********************************************************************************
** Geometry step: 0
********************************************************************************

  iSCC Total electronic   Diff electronic      SCC error    
    1   -0.18640632E+02    0.00000000E+00    0.49084476E+00
    2   -0.18640925E+02   -0.29366450E-03    0.48552780E+00
    3   -0.18648668E+02   -0.77422351E-02    0.11639264E+00
    4   -0.18648594E+02    0.73380454E-04    0.11618452E+00
    5   -0.18649295E+02   -0.70114317E-03    0.33522580E-01
    6   -0.18649314E+02   -0.18449538E-04    0.17397435E-01
    7   -0.18649325E+02   -0.11412216E-04    0.20756425E-01
    8   -0.18649332E+02   -0.63645688E-05    0.28103315E-02
    9   -0.18649332E+02   -0.18373597E-06    0.25733769E-02
   10   -0.18649332E+02   -0.21356676E-06    0.31532015E-02
   11   -0.18649332E+02   -0.42197332E-07    0.93101915E-03
   12   -0.18649332E+02   -0.17528418E-07    0.54509363E-03
   13   -0.18649332E+02   -0.30889293E-07    0.10989344E-03
   14   -0.18649332E+02   -0.37758952E-09    0.50738356E-04
   15   -0.18649332E+02   -0.11643309E-09    0.31256869E-05
   16   -0.18649332E+02   -0.63593575E-12    0.10217656E-05
   17   -0.18649332E+02   -0.46185278E-13    0.12403310E-06
>> Charges saved for restart in charges.bin
 
 Total Energy:                     -18.3716964732 H
 Total Mermin free energy:         -18.3716964732 H
