================================================================================
==
==   Density Functional based Tight Binding with a lot of extensions (DFTB+)    
==
==                              Release: 1.2 (p2)
==
==                            (ParserVersion = 4)
==
================================================================================


********************************************************************************
** Parsing and initializing
********************************************************************************

Interpreting input file 'dftb_in.hsd'
--------------------------------------------------------------------------------
WARNING!
-> WriteHSDInput and WriteXMLInput both turned off. You won't eventually be 
 able to obtain the same results with a later version of the code!
Path: dftb_in/ParserOptions
Line: 80-83 (File: dftb_in.hsd)

Reading SK-files:
  /home/andersx/parameters/3ob-3-1/C-C.skf
  /home/andersx/parameters/3ob-3-1/C-N.skf
  /home/andersx/parameters/3ob-3-1/C-S.skf
  /home/andersx/parameters/3ob-3-1/C-H.skf
  /home/andersx/parameters/3ob-3-1/N-C.skf
  /home/andersx/parameters/3ob-3-1/N-N.skf
  /home/andersx/parameters/3ob-3-1/N-S.skf
  /home/andersx/parameters/3ob-3-1/N-H.skf
  /home/andersx/parameters/3ob-3-1/S-C.skf
  /home/andersx/parameters/3ob-3-1/S-N.skf
  /home/andersx/parameters/3ob-3-1/S-S.skf
  /home/andersx/parameters/3ob-3-1/S-H.skf
  /home/andersx/parameters/3ob-3-1/H-C.skf
  /home/andersx/parameters/3ob-3-1/H-N.skf
  /home/andersx/parameters/3ob-3-1/H-S.skf
  /home/andersx/parameters/3ob-3-1/H-H.skf
Done.

Starting initialization...
--------------------------------------------------------------------------------
Mode:                        Static calculation
Self consistent charges:     Yes
SCC-tolerance:                 0.100000E-05
Max. scc iterations:                    100
Ewald alpha parameter:         0.000000E+00
Spin polarisation:           No
Nr. of up electrons:            18.000000
Nr. of down electrons:          18.000000
Periodic boundaries:         No
Diagonalizer:                Divide and Conquer
Mixer:                       Anderson mixer
Mixing parameter:                  0.200000
Maximal SCC-cycles:                     100
Nr. of chrg. vectors to mix:              8
Electronic temperature:        0.100000E-07
Initial charges:             Set automatically (system chrg:   0.000E+00)
Included shells:              C:  s, p
                              N:  s, p
                              S:  s, p, d
                              H:  s
Full 3rd order correction    Yes
Damped SCC                   Yes
Damped specie(s):            H                                                 
Extra options:
--------------------------------------------------------------------------------
 

********************************************************************************
** Geometry step: 0
********************************************************************************

  iSCC Total electronic   Diff electronic      SCC error    
    1   -0.15359930E+02    0.00000000E+00    0.42154411E+00
    2   -0.15360047E+02   -0.11719442E-03    0.41598288E+00
    3   -0.15362814E+02   -0.27665749E-02    0.99029844E-01
    4   -0.15362723E+02    0.90963798E-04    0.97435572E-01
    5   -0.15363172E+02   -0.44921363E-03    0.32421946E-01
    6   -0.15363248E+02   -0.76354050E-04    0.16141595E-01
    7   -0.15363262E+02   -0.13451031E-04    0.14099876E-01
    8   -0.15363278E+02   -0.15992941E-04    0.25621386E-02
    9   -0.15363278E+02   -0.65496231E-07    0.15144462E-02
   10   -0.15363278E+02   -0.15142682E-06    0.29579196E-03
   11   -0.15363278E+02   -0.12641859E-07    0.15116417E-03
   12   -0.15363278E+02   -0.17277682E-08    0.34227563E-04
   13   -0.15363278E+02   -0.62000183E-10    0.37638532E-05
   14   -0.15363278E+02   -0.10480505E-12    0.64066248E-06
>> Charges saved for restart in charges.bin
 
 Total Energy:                     -15.1608807595 H
 Total Mermin free energy:         -15.1608807595 H
