================================================================================
==
==   Density Functional based Tight Binding with a lot of extensions (DFTB+)    
==
==                              Release: 1.2 (p2)
==
==                            (ParserVersion = 4)
==
================================================================================


********************************************************************************
** Parsing and initializing
********************************************************************************

Interpreting input file 'dftb_in.hsd'
--------------------------------------------------------------------------------
WARNING!
-> WriteHSDInput and WriteXMLInput both turned off. You won't eventually be 
 able to obtain the same results with a later version of the code!
Path: dftb_in/ParserOptions
Line: 89-92 (File: dftb_in.hsd)

Reading SK-files:
  /home/andersx/parameters/3ob-3-1/C-C.skf
  /home/andersx/parameters/3ob-3-1/C-O.skf
  /home/andersx/parameters/3ob-3-1/C-S.skf
  /home/andersx/parameters/3ob-3-1/C-N.skf
  /home/andersx/parameters/3ob-3-1/C-H.skf
  /home/andersx/parameters/3ob-3-1/O-C.skf
  /home/andersx/parameters/3ob-3-1/O-O.skf
  /home/andersx/parameters/3ob-3-1/O-S.skf
  /home/andersx/parameters/3ob-3-1/O-N.skf
  /home/andersx/parameters/3ob-3-1/O-H.skf
  /home/andersx/parameters/3ob-3-1/S-C.skf
  /home/andersx/parameters/3ob-3-1/S-O.skf
  /home/andersx/parameters/3ob-3-1/S-S.skf
  /home/andersx/parameters/3ob-3-1/S-N.skf
  /home/andersx/parameters/3ob-3-1/S-H.skf
  /home/andersx/parameters/3ob-3-1/N-C.skf
  /home/andersx/parameters/3ob-3-1/N-O.skf
  /home/andersx/parameters/3ob-3-1/N-S.skf
  /home/andersx/parameters/3ob-3-1/N-N.skf
  /home/andersx/parameters/3ob-3-1/N-H.skf
  /home/andersx/parameters/3ob-3-1/H-C.skf
  /home/andersx/parameters/3ob-3-1/H-O.skf
  /home/andersx/parameters/3ob-3-1/H-S.skf
  /home/andersx/parameters/3ob-3-1/H-N.skf
  /home/andersx/parameters/3ob-3-1/H-H.skf
Done.

Starting initialization...
--------------------------------------------------------------------------------
Mode:                        Static calculation
Self consistent charges:     Yes
SCC-tolerance:                 0.100000E-05
Max. scc iterations:                    100
Ewald alpha parameter:         0.000000E+00
Spin polarisation:           No
Nr. of up electrons:            18.000000
Nr. of down electrons:          18.000000
Periodic boundaries:         No
Diagonalizer:                Divide and Conquer
Mixer:                       Anderson mixer
Mixing parameter:                  0.200000
Maximal SCC-cycles:                     100
Nr. of chrg. vectors to mix:              8
Electronic temperature:        0.100000E-07
Initial charges:             Set automatically (system chrg:   0.000E+00)
Included shells:              C:  s, p
                              O:  s, p
                              S:  s, p, d
                              N:  s, p
                              H:  s
Full 3rd order correction    Yes
Damped SCC                   Yes
Damped specie(s):            H                                                 
Extra options:
--------------------------------------------------------------------------------
 

********************************************************************************
** Geometry step: 0
********************************************************************************

  iSCC Total electronic   Diff electronic      SCC error    
    1   -0.16239254E+02    0.00000000E+00    0.53669228E+00
    2   -0.16239868E+02   -0.61369868E-03    0.52778549E+00
    3   -0.16254991E+02   -0.15123111E-01    0.18388228E+00
    4   -0.16254972E+02    0.18560665E-04    0.18127008E+00
    5   -0.16255483E+02   -0.51011345E-03    0.28044324E-01
    6   -0.16255441E+02    0.41081057E-04    0.25107100E-01
    7   -0.16255490E+02   -0.48680236E-04    0.18447820E-01
    8   -0.16255535E+02   -0.44500691E-04    0.39964041E-02
    9   -0.16255536E+02   -0.11154846E-05    0.31954880E-02
   10   -0.16255537E+02   -0.82240417E-06    0.67575440E-03
   11   -0.16255537E+02   -0.14113077E-07    0.43363286E-03
   12   -0.16255537E+02   -0.11102244E-07    0.66829552E-04
   13   -0.16255537E+02   -0.26627589E-09    0.45019568E-05
   14   -0.16255537E+02   -0.19717561E-11    0.19224241E-05
   15   -0.16255537E+02   -0.16342483E-12    0.32486501E-06
>> Charges saved for restart in charges.bin
 
 Total Energy:                     -15.9559070134 H
 Total Mermin free energy:         -15.9559070134 H
