================================================================================
==
==   Density Functional based Tight Binding with a lot of extensions (DFTB+)    
==
==                              Release: 1.2 (p2)
==
==                            (ParserVersion = 4)
==
================================================================================


********************************************************************************
** Parsing and initializing
********************************************************************************

Interpreting input file 'dftb_in.hsd'
--------------------------------------------------------------------------------
WARNING!
-> WriteHSDInput and WriteXMLInput both turned off. You won't eventually be 
 able to obtain the same results with a later version of the code!
Path: dftb_in/ParserOptions
Line: 83-86 (File: dftb_in.hsd)

Reading SK-files:
  /home/andersx/parameters/3ob-3-1/C-C.skf
  /home/andersx/parameters/3ob-3-1/C-S.skf
  /home/andersx/parameters/3ob-3-1/C-O.skf
  /home/andersx/parameters/3ob-3-1/C-H.skf
  /home/andersx/parameters/3ob-3-1/S-C.skf
  /home/andersx/parameters/3ob-3-1/S-S.skf
  /home/andersx/parameters/3ob-3-1/S-O.skf
  /home/andersx/parameters/3ob-3-1/S-H.skf
  /home/andersx/parameters/3ob-3-1/O-C.skf
  /home/andersx/parameters/3ob-3-1/O-S.skf
  /home/andersx/parameters/3ob-3-1/O-O.skf
  /home/andersx/parameters/3ob-3-1/O-H.skf
  /home/andersx/parameters/3ob-3-1/H-C.skf
  /home/andersx/parameters/3ob-3-1/H-S.skf
  /home/andersx/parameters/3ob-3-1/H-O.skf
  /home/andersx/parameters/3ob-3-1/H-H.skf
Done.

Starting initialization...
--------------------------------------------------------------------------------
Mode:                        Static calculation
Self consistent charges:     Yes
SCC-tolerance:                 0.100000E-05
Max. scc iterations:                    100
Ewald alpha parameter:         0.000000E+00
Spin polarisation:           No
Nr. of up electrons:            21.000000
Nr. of down electrons:          21.000000
Periodic boundaries:         No
Diagonalizer:                Divide and Conquer
Mixer:                       Anderson mixer
Mixing parameter:                  0.200000
Maximal SCC-cycles:                     100
Nr. of chrg. vectors to mix:              8
Electronic temperature:        0.100000E-07
Initial charges:             Set automatically (system chrg:   0.000E+00)
Included shells:              C:  s, p
                              S:  s, p, d
                              O:  s, p
                              H:  s
Full 3rd order correction    Yes
Damped SCC                   Yes
Damped specie(s):            H                                                 
Extra options:
--------------------------------------------------------------------------------
 

********************************************************************************
** Geometry step: 0
********************************************************************************

  iSCC Total electronic   Diff electronic      SCC error    
    1   -0.18979522E+02    0.00000000E+00    0.15818017E+01
    2   -0.18980934E+02   -0.14114987E-02    0.15593925E+01
    3   -0.19026194E+02   -0.45259743E-01    0.17419771E+00
    4   -0.19027911E+02   -0.17172308E-02    0.15691253E+00
    5   -0.19026508E+02    0.14029018E-02    0.17299040E+00
    6   -0.19028268E+02   -0.17600078E-02    0.37532171E-01
    7   -0.19028279E+02   -0.10754264E-04    0.31316025E-01
    8   -0.19028296E+02   -0.17382031E-04    0.12669373E-01
    9   -0.19028300E+02   -0.37917255E-05    0.24259580E-02
   10   -0.19028300E+02   -0.34447001E-06    0.22927251E-02
   11   -0.19028301E+02   -0.83301314E-06    0.10485369E-02
   12   -0.19028301E+02   -0.49505715E-08    0.76695390E-03
   13   -0.19028301E+02   -0.42770019E-08    0.15434427E-03
   14   -0.19028301E+02   -0.50052122E-08    0.59829015E-04
   15   -0.19028301E+02   -0.74907192E-09    0.10734323E-04
   16   -0.19028301E+02   -0.15329960E-10    0.30124165E-05
   17   -0.19028301E+02   -0.25934810E-12    0.69237972E-06
>> Charges saved for restart in charges.bin
 
 Total Energy:                     -18.8606518175 H
 Total Mermin free energy:         -18.8606518175 H
