================================================================================
==
==   Density Functional based Tight Binding with a lot of extensions (DFTB+)    
==
==                              Release: 1.2 (p2)
==
==                            (ParserVersion = 4)
==
================================================================================


********************************************************************************
** Parsing and initializing
********************************************************************************

Interpreting input file 'dftb_in.hsd'
--------------------------------------------------------------------------------
WARNING!
-> WriteHSDInput and WriteXMLInput both turned off. You won't eventually be 
 able to obtain the same results with a later version of the code!
Path: dftb_in/ParserOptions
Line: 82-85 (File: dftb_in.hsd)

Reading SK-files:
  /home/andersx/parameters/3ob-3-1/C-C.skf
  /home/andersx/parameters/3ob-3-1/C-N.skf
  /home/andersx/parameters/3ob-3-1/C-S.skf
  /home/andersx/parameters/3ob-3-1/C-H.skf
  /home/andersx/parameters/3ob-3-1/N-C.skf
  /home/andersx/parameters/3ob-3-1/N-N.skf
  /home/andersx/parameters/3ob-3-1/N-S.skf
  /home/andersx/parameters/3ob-3-1/N-H.skf
  /home/andersx/parameters/3ob-3-1/S-C.skf
  /home/andersx/parameters/3ob-3-1/S-N.skf
  /home/andersx/parameters/3ob-3-1/S-S.skf
  /home/andersx/parameters/3ob-3-1/S-H.skf
  /home/andersx/parameters/3ob-3-1/H-C.skf
  /home/andersx/parameters/3ob-3-1/H-N.skf
  /home/andersx/parameters/3ob-3-1/H-S.skf
  /home/andersx/parameters/3ob-3-1/H-H.skf
Done.

Starting initialization...
--------------------------------------------------------------------------------
Mode:                        Static calculation
Self consistent charges:     Yes
SCC-tolerance:                 0.100000E-05
Max. scc iterations:                    100
Ewald alpha parameter:         0.000000E+00
Spin polarisation:           No
Nr. of up electrons:            19.000000
Nr. of down electrons:          19.000000
Periodic boundaries:         No
Diagonalizer:                Divide and Conquer
Mixer:                       Anderson mixer
Mixing parameter:                  0.200000
Maximal SCC-cycles:                     100
Nr. of chrg. vectors to mix:              8
Electronic temperature:        0.100000E-07
Initial charges:             Set automatically (system chrg:   0.000E+00)
Included shells:              C:  s, p
                              N:  s, p
                              S:  s, p, d
                              H:  s
Full 3rd order correction    Yes
Damped SCC                   Yes
Damped specie(s):            H                                                 
Extra options:
--------------------------------------------------------------------------------
 

********************************************************************************
** Geometry step: 0
********************************************************************************

  iSCC Total electronic   Diff electronic      SCC error    
    1   -0.16152865E+02    0.00000000E+00    0.52702144E+00
    2   -0.16153290E+02   -0.42487403E-03    0.51735202E+00
    3   -0.16161290E+02   -0.80000844E-02    0.11609418E+00
    4   -0.16161091E+02    0.19869198E-03    0.11919409E+00
    5   -0.16162308E+02   -0.12166596E-02    0.56293880E-01
    6   -0.16162375E+02   -0.66965228E-04    0.31109603E-01
    7   -0.16162374E+02    0.78590818E-06    0.31288308E-01
    8   -0.16162403E+02   -0.29135391E-04    0.61732970E-02
    9   -0.16162404E+02   -0.69919045E-06    0.52770406E-02
   10   -0.16162405E+02   -0.15079363E-05    0.14041424E-02
   11   -0.16162405E+02   -0.45547342E-07    0.71978232E-03
   12   -0.16162405E+02   -0.20636381E-07    0.52867653E-04
   13   -0.16162405E+02   -0.20587265E-09    0.33493036E-04
   14   -0.16162405E+02   -0.56104454E-10    0.24183344E-05
   15   -0.16162405E+02   -0.71054274E-13    0.68609282E-06
>> Charges saved for restart in charges.bin
 
 Total Energy:                     -16.0119360444 H
 Total Mermin free energy:         -16.0119360444 H
