================================================================================
==
==   Density Functional based Tight Binding with a lot of extensions (DFTB+)    
==
==                              Release: 1.2 (p2)
==
==                            (ParserVersion = 4)
==
================================================================================


********************************************************************************
** Parsing and initializing
********************************************************************************

Interpreting input file 'dftb_in.hsd'
--------------------------------------------------------------------------------
WARNING!
-> WriteHSDInput and WriteXMLInput both turned off. You won't eventually be 
 able to obtain the same results with a later version of the code!
Path: dftb_in/ParserOptions
Line: 73-76 (File: dftb_in.hsd)

Reading SK-files:
  /home/andersx/parameters/3ob-3-1/C-C.skf
  /home/andersx/parameters/3ob-3-1/C-O.skf
  /home/andersx/parameters/3ob-3-1/C-H.skf
  /home/andersx/parameters/3ob-3-1/O-C.skf
  /home/andersx/parameters/3ob-3-1/O-O.skf
  /home/andersx/parameters/3ob-3-1/O-H.skf
  /home/andersx/parameters/3ob-3-1/H-C.skf
  /home/andersx/parameters/3ob-3-1/H-O.skf
  /home/andersx/parameters/3ob-3-1/H-H.skf
Done.

Starting initialization...
--------------------------------------------------------------------------------
Mode:                        Static calculation
Self consistent charges:     Yes
SCC-tolerance:                 0.100000E-05
Max. scc iterations:                    100
Ewald alpha parameter:         0.000000E+00
Spin polarisation:           No
Nr. of up electrons:            17.000000
Nr. of down electrons:          17.000000
Periodic boundaries:         No
Diagonalizer:                Divide and Conquer
Mixer:                       Anderson mixer
Mixing parameter:                  0.200000
Maximal SCC-cycles:                     100
Nr. of chrg. vectors to mix:              8
Electronic temperature:        0.100000E-07
Initial charges:             Set automatically (system chrg:   0.000E+00)
Included shells:              C:  s, p
                              O:  s, p
                              H:  s
Full 3rd order correction    Yes
Damped SCC                   Yes
Damped specie(s):            H                                                 
Extra options:
--------------------------------------------------------------------------------
 

********************************************************************************
** Geometry step: 0
********************************************************************************

  iSCC Total electronic   Diff electronic      SCC error    
    1   -0.14859932E+02    0.00000000E+00    0.47401618E+00
    2   -0.14860193E+02   -0.26035518E-03    0.46636782E+00
    3   -0.14866983E+02   -0.67899331E-02    0.70707577E-01
    4   -0.14866921E+02    0.61930758E-04    0.66175198E-01
    5   -0.14867451E+02   -0.53050945E-03    0.34859671E-01
    6   -0.14867474E+02   -0.22383478E-04    0.24553910E-01
    7   -0.14867466E+02    0.79394618E-05    0.34687833E-01
    8   -0.14867482E+02   -0.16610512E-04    0.19922433E-02
    9   -0.14867482E+02   -0.20939120E-06    0.11205491E-02
   10   -0.14867482E+02   -0.81577825E-07    0.29893108E-03
   11   -0.14867482E+02   -0.26713511E-08    0.15058399E-03
   12   -0.14867482E+02   -0.95911901E-09    0.17623825E-04
   13   -0.14867482E+02   -0.88302698E-11    0.20006378E-05
   14   -0.14867482E+02   -0.74606987E-13    0.32793196E-06
>> Charges saved for restart in charges.bin
 
 Total Energy:                     -14.8570986200 H
 Total Mermin free energy:         -14.8570986200 H
