================================================================================
==
==   Density Functional based Tight Binding with a lot of extensions (DFTB+)    
==
==                              Release: 1.2 (p2)
==
==                            (ParserVersion = 4)
==
================================================================================


********************************************************************************
** Parsing and initializing
********************************************************************************

Interpreting input file 'dftb_in.hsd'
--------------------------------------------------------------------------------
WARNING!
-> WriteHSDInput and WriteXMLInput both turned off. You won't eventually be 
 able to obtain the same results with a later version of the code!
Path: dftb_in/ParserOptions
Line: 81-84 (File: dftb_in.hsd)

Reading SK-files:
  /home/andersx/parameters/3ob-3-1/C-C.skf
  /home/andersx/parameters/3ob-3-1/C-S.skf
  /home/andersx/parameters/3ob-3-1/C-O.skf
  /home/andersx/parameters/3ob-3-1/C-H.skf
  /home/andersx/parameters/3ob-3-1/S-C.skf
  /home/andersx/parameters/3ob-3-1/S-S.skf
  /home/andersx/parameters/3ob-3-1/S-O.skf
  /home/andersx/parameters/3ob-3-1/S-H.skf
  /home/andersx/parameters/3ob-3-1/O-C.skf
  /home/andersx/parameters/3ob-3-1/O-S.skf
  /home/andersx/parameters/3ob-3-1/O-O.skf
  /home/andersx/parameters/3ob-3-1/O-H.skf
  /home/andersx/parameters/3ob-3-1/H-C.skf
  /home/andersx/parameters/3ob-3-1/H-S.skf
  /home/andersx/parameters/3ob-3-1/H-O.skf
  /home/andersx/parameters/3ob-3-1/H-H.skf
Done.

Starting initialization...
--------------------------------------------------------------------------------
Mode:                        Static calculation
Self consistent charges:     Yes
SCC-tolerance:                 0.100000E-05
Max. scc iterations:                    100
Ewald alpha parameter:         0.000000E+00
Spin polarisation:           No
Nr. of up electrons:            19.000000
Nr. of down electrons:          19.000000
Periodic boundaries:         No
Diagonalizer:                Divide and Conquer
Mixer:                       Anderson mixer
Mixing parameter:                  0.200000
Maximal SCC-cycles:                     100
Nr. of chrg. vectors to mix:              8
Electronic temperature:        0.100000E-07
Initial charges:             Set automatically (system chrg:   0.000E+00)
Included shells:              C:  s, p
                              S:  s, p, d
                              O:  s, p
                              H:  s
Full 3rd order correction    Yes
Damped SCC                   Yes
Damped specie(s):            H                                                 
Extra options:
--------------------------------------------------------------------------------
 

********************************************************************************
** Geometry step: 0
********************************************************************************

  iSCC Total electronic   Diff electronic      SCC error    
    1   -0.16681183E+02    0.00000000E+00    0.53069621E+00
    2   -0.16681365E+02   -0.18208948E-03    0.52415196E+00
    3   -0.16684717E+02   -0.33520566E-02    0.12507655E+00
    4   -0.16684588E+02    0.12856951E-03    0.12688349E+00
    5   -0.16685820E+02   -0.12316460E-02    0.25127930E-01
    6   -0.16685843E+02   -0.23386698E-04    0.21543844E-01
    7   -0.16685840E+02    0.35186115E-05    0.21875540E-01
    8   -0.16685855E+02   -0.15236244E-04    0.41346096E-02
    9   -0.16685855E+02   -0.32496341E-06    0.32365529E-02
   10   -0.16685855E+02   -0.94354462E-07    0.25326083E-02
   11   -0.16685855E+02   -0.16407539E-06    0.96678491E-03
   12   -0.16685856E+02   -0.16922784E-06    0.38362595E-03
   13   -0.16685856E+02   -0.17138134E-07    0.16635303E-03
   14   -0.16685856E+02   -0.14655832E-08    0.43953072E-04
   15   -0.16685856E+02   -0.10858159E-09    0.22343409E-05
   16   -0.16685856E+02   -0.67501560E-13    0.60437361E-06
>> Charges saved for restart in charges.bin
 
 Total Energy:                     -16.5391409690 H
 Total Mermin free energy:         -16.5391409690 H
