================================================================================
==
==   Density Functional based Tight Binding with a lot of extensions (DFTB+)    
==
==                              Release: 1.2 (p2)
==
==                            (ParserVersion = 4)
==
================================================================================


********************************************************************************
** Parsing and initializing
********************************************************************************

Interpreting input file 'dftb_in.hsd'
--------------------------------------------------------------------------------
WARNING!
-> WriteHSDInput and WriteXMLInput both turned off. You won't eventually be 
 able to obtain the same results with a later version of the code!
Path: dftb_in/ParserOptions
Line: 83-86 (File: dftb_in.hsd)

Reading SK-files:
  /home/andersx/parameters/3ob-3-1/C-C.skf
  /home/andersx/parameters/3ob-3-1/C-S.skf
  /home/andersx/parameters/3ob-3-1/C-O.skf
  /home/andersx/parameters/3ob-3-1/C-H.skf
  /home/andersx/parameters/3ob-3-1/S-C.skf
  /home/andersx/parameters/3ob-3-1/S-S.skf
  /home/andersx/parameters/3ob-3-1/S-O.skf
  /home/andersx/parameters/3ob-3-1/S-H.skf
  /home/andersx/parameters/3ob-3-1/O-C.skf
  /home/andersx/parameters/3ob-3-1/O-S.skf
  /home/andersx/parameters/3ob-3-1/O-O.skf
  /home/andersx/parameters/3ob-3-1/O-H.skf
  /home/andersx/parameters/3ob-3-1/H-C.skf
  /home/andersx/parameters/3ob-3-1/H-S.skf
  /home/andersx/parameters/3ob-3-1/H-O.skf
  /home/andersx/parameters/3ob-3-1/H-H.skf
Done.

Starting initialization...
--------------------------------------------------------------------------------
Mode:                        Static calculation
Self consistent charges:     Yes
SCC-tolerance:                 0.100000E-05
Max. scc iterations:                    100
Ewald alpha parameter:         0.000000E+00
Spin polarisation:           No
Nr. of up electrons:            21.000000
Nr. of down electrons:          21.000000
Periodic boundaries:         No
Diagonalizer:                Divide and Conquer
Mixer:                       Anderson mixer
Mixing parameter:                  0.200000
Maximal SCC-cycles:                     100
Nr. of chrg. vectors to mix:              8
Electronic temperature:        0.100000E-07
Initial charges:             Set automatically (system chrg:   0.000E+00)
Included shells:              C:  s, p
                              S:  s, p, d
                              O:  s, p
                              H:  s
Full 3rd order correction    Yes
Damped SCC                   Yes
Damped specie(s):            H                                                 
Extra options:
--------------------------------------------------------------------------------
 

********************************************************************************
** Geometry step: 0
********************************************************************************

  iSCC Total electronic   Diff electronic      SCC error    
    1   -0.18980306E+02    0.00000000E+00    0.15929237E+01
    2   -0.18981699E+02   -0.13928586E-02    0.15703962E+01
    3   -0.19027135E+02   -0.45435153E-01    0.18481166E+00
    4   -0.19028831E+02   -0.16968593E-02    0.15925851E+00
    5   -0.19027373E+02    0.14587858E-02    0.18448912E+00
    6   -0.19029120E+02   -0.17470175E-02    0.20785493E-01
    7   -0.19029124E+02   -0.39098257E-05    0.18686365E-01
    8   -0.19029118E+02    0.60021287E-05    0.14597042E-01
    9   -0.19029128E+02   -0.10894760E-04    0.12010624E-02
   10   -0.19029128E+02   -0.75416366E-08    0.15156218E-02
   11   -0.19029129E+02   -0.10990112E-06    0.85524908E-03
   12   -0.19029129E+02   -0.58606417E-08    0.63693680E-03
   13   -0.19029129E+02   -0.17703798E-07    0.15738831E-03
   14   -0.19029129E+02   -0.52273208E-09    0.43592916E-04
   15   -0.19029129E+02   -0.14039614E-09    0.33025009E-05
   16   -0.19029129E+02   -0.54711791E-12    0.63848321E-06
>> Charges saved for restart in charges.bin
 
 Total Energy:                     -18.8604196602 H
 Total Mermin free energy:         -18.8604196602 H
