================================================================================
==
==   Density Functional based Tight Binding with a lot of extensions (DFTB+)    
==
==                              Release: 1.2 (p2)
==
==                            (ParserVersion = 4)
==
================================================================================


********************************************************************************
** Parsing and initializing
********************************************************************************

Interpreting input file 'dftb_in.hsd'
--------------------------------------------------------------------------------
WARNING!
-> WriteHSDInput and WriteXMLInput both turned off. You won't eventually be 
 able to obtain the same results with a later version of the code!
Path: dftb_in/ParserOptions
Line: 81-84 (File: dftb_in.hsd)

Reading SK-files:
  /home/andersx/parameters/3ob-3-1/C-C.skf
  /home/andersx/parameters/3ob-3-1/C-N.skf
  /home/andersx/parameters/3ob-3-1/C-S.skf
  /home/andersx/parameters/3ob-3-1/C-H.skf
  /home/andersx/parameters/3ob-3-1/N-C.skf
  /home/andersx/parameters/3ob-3-1/N-N.skf
  /home/andersx/parameters/3ob-3-1/N-S.skf
  /home/andersx/parameters/3ob-3-1/N-H.skf
  /home/andersx/parameters/3ob-3-1/S-C.skf
  /home/andersx/parameters/3ob-3-1/S-N.skf
  /home/andersx/parameters/3ob-3-1/S-S.skf
  /home/andersx/parameters/3ob-3-1/S-H.skf
  /home/andersx/parameters/3ob-3-1/H-C.skf
  /home/andersx/parameters/3ob-3-1/H-N.skf
  /home/andersx/parameters/3ob-3-1/H-S.skf
  /home/andersx/parameters/3ob-3-1/H-H.skf
Done.

Starting initialization...
--------------------------------------------------------------------------------
Mode:                        Static calculation
Self consistent charges:     Yes
SCC-tolerance:                 0.100000E-05
Max. scc iterations:                    100
Ewald alpha parameter:         0.000000E+00
Spin polarisation:           No
Nr. of up electrons:            19.000000
Nr. of down electrons:          19.000000
Periodic boundaries:         No
Diagonalizer:                Divide and Conquer
Mixer:                       Anderson mixer
Mixing parameter:                  0.200000
Maximal SCC-cycles:                     100
Nr. of chrg. vectors to mix:              8
Electronic temperature:        0.100000E-07
Initial charges:             Set automatically (system chrg:   0.000E+00)
Included shells:              C:  s, p
                              N:  s, p
                              S:  s, p, d
                              H:  s
Full 3rd order correction    Yes
Damped SCC                   Yes
Damped specie(s):            H                                                 
Extra options:
--------------------------------------------------------------------------------
 

********************************************************************************
** Geometry step: 0
********************************************************************************

  iSCC Total electronic   Diff electronic      SCC error    
    1   -0.16612260E+02    0.00000000E+00    0.48596421E+00
    2   -0.16612632E+02   -0.37262537E-03    0.47647886E+00
    3   -0.16619807E+02   -0.71740289E-02    0.16720914E+00
    4   -0.16619474E+02    0.33217857E-03    0.15392185E+00
    5   -0.16620997E+02   -0.15227479E-02    0.83330903E-01
    6   -0.16621198E+02   -0.20076898E-03    0.35679761E-01
    7   -0.16621196E+02    0.20651903E-05    0.37634197E-01
    8   -0.16621253E+02   -0.56820311E-04    0.61073420E-02
    9   -0.16621253E+02   -0.30584037E-06    0.64081610E-02
   10   -0.16621256E+02   -0.31941272E-05    0.24028934E-02
   11   -0.16621256E+02   -0.19502506E-06    0.51265291E-03
   12   -0.16621256E+02   -0.75557328E-07    0.24099645E-03
   13   -0.16621256E+02   -0.43862158E-09    0.71052471E-04
   14   -0.16621256E+02   -0.16251533E-09    0.51589825E-05
   15   -0.16621256E+02   -0.16378010E-11    0.24035914E-05
   16   -0.16621256E+02   -0.24158453E-12    0.38439376E-06
>> Charges saved for restart in charges.bin
 
 Total Energy:                     -16.2648873268 H
 Total Mermin free energy:         -16.2648873268 H
