================================================================================
==
==   Density Functional based Tight Binding with a lot of extensions (DFTB+)    
==
==                              Release: 1.2 (p2)
==
==                            (ParserVersion = 4)
==
================================================================================


********************************************************************************
** Parsing and initializing
********************************************************************************

Interpreting input file 'dftb_in.hsd'
--------------------------------------------------------------------------------
WARNING!
-> WriteHSDInput and WriteXMLInput both turned off. You won't eventually be 
 able to obtain the same results with a later version of the code!
Path: dftb_in/ParserOptions
Line: 81-84 (File: dftb_in.hsd)

Reading SK-files:
  /home/andersx/parameters/3ob-3-1/C-C.skf
  /home/andersx/parameters/3ob-3-1/C-N.skf
  /home/andersx/parameters/3ob-3-1/C-S.skf
  /home/andersx/parameters/3ob-3-1/C-H.skf
  /home/andersx/parameters/3ob-3-1/N-C.skf
  /home/andersx/parameters/3ob-3-1/N-N.skf
  /home/andersx/parameters/3ob-3-1/N-S.skf
  /home/andersx/parameters/3ob-3-1/N-H.skf
  /home/andersx/parameters/3ob-3-1/S-C.skf
  /home/andersx/parameters/3ob-3-1/S-N.skf
  /home/andersx/parameters/3ob-3-1/S-S.skf
  /home/andersx/parameters/3ob-3-1/S-H.skf
  /home/andersx/parameters/3ob-3-1/H-C.skf
  /home/andersx/parameters/3ob-3-1/H-N.skf
  /home/andersx/parameters/3ob-3-1/H-S.skf
  /home/andersx/parameters/3ob-3-1/H-H.skf
Done.

Starting initialization...
--------------------------------------------------------------------------------
Mode:                        Static calculation
Self consistent charges:     Yes
SCC-tolerance:                 0.100000E-05
Max. scc iterations:                    100
Ewald alpha parameter:         0.000000E+00
Spin polarisation:           No
Nr. of up electrons:            19.000000
Nr. of down electrons:          19.000000
Periodic boundaries:         No
Diagonalizer:                Divide and Conquer
Mixer:                       Anderson mixer
Mixing parameter:                  0.200000
Maximal SCC-cycles:                     100
Nr. of chrg. vectors to mix:              8
Electronic temperature:        0.100000E-07
Initial charges:             Set automatically (system chrg:   0.000E+00)
Included shells:              C:  s, p
                              N:  s, p
                              S:  s, p, d
                              H:  s
Full 3rd order correction    Yes
Damped SCC                   Yes
Damped specie(s):            H                                                 
Extra options:
--------------------------------------------------------------------------------
 

********************************************************************************
** Geometry step: 0
********************************************************************************

  iSCC Total electronic   Diff electronic      SCC error    
    1   -0.16570749E+02    0.00000000E+00    0.56944242E+00
    2   -0.16571218E+02   -0.46863461E-03    0.56030943E+00
    3   -0.16581259E+02   -0.10041302E-01    0.12665497E+00
    4   -0.16581046E+02    0.21330528E-03    0.11338393E+00
    5   -0.16582092E+02   -0.10464211E-02    0.66303861E-01
    6   -0.16582201E+02   -0.10865361E-03    0.30453390E-01
    7   -0.16582200E+02    0.86380768E-06    0.32872307E-01
    8   -0.16582235E+02   -0.34597127E-04    0.97312455E-02
    9   -0.16582235E+02    0.81106531E-07    0.92661063E-02
   10   -0.16582238E+02   -0.29897036E-05    0.62643996E-03
   11   -0.16582238E+02   -0.20786363E-07    0.36366000E-03
   12   -0.16582238E+02   -0.91249390E-08    0.24431694E-04
   13   -0.16582238E+02   -0.29203306E-10    0.75495623E-05
   14   -0.16582238E+02   -0.19575452E-11    0.10970888E-05
   15   -0.16582238E+02   -0.35527137E-14    0.29286391E-06
>> Charges saved for restart in charges.bin
 
 Total Energy:                     -16.2818312005 H
 Total Mermin free energy:         -16.2818312005 H
