================================================================================
==
==   Density Functional based Tight Binding with a lot of extensions (DFTB+)    
==
==                              Release: 1.2 (p2)
==
==                            (ParserVersion = 4)
==
================================================================================


********************************************************************************
** Parsing and initializing
********************************************************************************

Interpreting input file 'dftb_in.hsd'
--------------------------------------------------------------------------------
WARNING!
-> WriteHSDInput and WriteXMLInput both turned off. You won't eventually be 
 able to obtain the same results with a later version of the code!
Path: dftb_in/ParserOptions
Line: 70-73 (File: dftb_in.hsd)

Reading SK-files:
  /home/andersx/parameters/3ob-3-1/C-C.skf
  /home/andersx/parameters/3ob-3-1/C-S.skf
  /home/andersx/parameters/3ob-3-1/C-H.skf
  /home/andersx/parameters/3ob-3-1/S-C.skf
  /home/andersx/parameters/3ob-3-1/S-S.skf
  /home/andersx/parameters/3ob-3-1/S-H.skf
  /home/andersx/parameters/3ob-3-1/H-C.skf
  /home/andersx/parameters/3ob-3-1/H-S.skf
  /home/andersx/parameters/3ob-3-1/H-H.skf
Done.

Starting initialization...
--------------------------------------------------------------------------------
Mode:                        Static calculation
Self consistent charges:     Yes
SCC-tolerance:                 0.100000E-05
Max. scc iterations:                    100
Ewald alpha parameter:         0.000000E+00
Spin polarisation:           No
Nr. of up electrons:            17.000000
Nr. of down electrons:          17.000000
Periodic boundaries:         No
Diagonalizer:                Divide and Conquer
Mixer:                       Anderson mixer
Mixing parameter:                  0.200000
Maximal SCC-cycles:                     100
Nr. of chrg. vectors to mix:              8
Electronic temperature:        0.100000E-07
Initial charges:             Set automatically (system chrg:   0.000E+00)
Included shells:              C:  s, p
                              S:  s, p, d
                              H:  s
Full 3rd order correction    Yes
Damped SCC                   Yes
Damped specie(s):            H                                                 
Extra options:
--------------------------------------------------------------------------------
 

********************************************************************************
** Geometry step: 0
********************************************************************************

  iSCC Total electronic   Diff electronic      SCC error    
    1   -0.14370156E+02    0.00000000E+00    0.34345837E+00
    2   -0.14370234E+02   -0.78600340E-04    0.33926821E+00
    3   -0.14371727E+02   -0.14923445E-02    0.71648744E-01
    4   -0.14371667E+02    0.59225684E-04    0.77421746E-01
    5   -0.14372201E+02   -0.53406568E-03    0.17681685E-01
    6   -0.14372215E+02   -0.13881162E-04    0.76189396E-02
    7   -0.14372215E+02    0.21797952E-07    0.93432972E-02
    8   -0.14372218E+02   -0.30923577E-05    0.41223598E-02
    9   -0.14372218E+02   -0.51410396E-08    0.37347442E-02
   10   -0.14372218E+02    0.13687523E-06    0.26072952E-02
   11   -0.14372218E+02   -0.19497075E-06    0.96084090E-03
   12   -0.14372219E+02   -0.12140632E-06    0.24211516E-03
   13   -0.14372219E+02   -0.85573486E-08    0.10849423E-03
   14   -0.14372219E+02   -0.58328631E-09    0.23136594E-04
   15   -0.14372219E+02   -0.35187853E-10    0.79201158E-05
   16   -0.14372219E+02   -0.51159077E-12    0.10733773E-05
   17   -0.14372219E+02   -0.56843419E-13    0.26901741E-06
>> Charges saved for restart in charges.bin
 
 Total Energy:                     -14.1088129432 H
 Total Mermin free energy:         -14.1088129432 H
