================================================================================
==
==   Density Functional based Tight Binding with a lot of extensions (DFTB+)    
==
==                              Release: 1.2 (p2)
==
==                            (ParserVersion = 4)
==
================================================================================


********************************************************************************
** Parsing and initializing
********************************************************************************

Interpreting input file 'dftb_in.hsd'
--------------------------------------------------------------------------------
WARNING!
-> WriteHSDInput and WriteXMLInput both turned off. You won't eventually be 
 able to obtain the same results with a later version of the code!
Path: dftb_in/ParserOptions
Line: 80-83 (File: dftb_in.hsd)

Reading SK-files:
  /home/andersx/parameters/3ob-3-1/C-C.skf
  /home/andersx/parameters/3ob-3-1/C-N.skf
  /home/andersx/parameters/3ob-3-1/C-S.skf
  /home/andersx/parameters/3ob-3-1/C-H.skf
  /home/andersx/parameters/3ob-3-1/N-C.skf
  /home/andersx/parameters/3ob-3-1/N-N.skf
  /home/andersx/parameters/3ob-3-1/N-S.skf
  /home/andersx/parameters/3ob-3-1/N-H.skf
  /home/andersx/parameters/3ob-3-1/S-C.skf
  /home/andersx/parameters/3ob-3-1/S-N.skf
  /home/andersx/parameters/3ob-3-1/S-S.skf
  /home/andersx/parameters/3ob-3-1/S-H.skf
  /home/andersx/parameters/3ob-3-1/H-C.skf
  /home/andersx/parameters/3ob-3-1/H-N.skf
  /home/andersx/parameters/3ob-3-1/H-S.skf
  /home/andersx/parameters/3ob-3-1/H-H.skf
Done.

Starting initialization...
--------------------------------------------------------------------------------
Mode:                        Static calculation
Self consistent charges:     Yes
SCC-tolerance:                 0.100000E-05
Max. scc iterations:                    100
Ewald alpha parameter:         0.000000E+00
Spin polarisation:           No
Nr. of up electrons:            18.000000
Nr. of down electrons:          18.000000
Periodic boundaries:         No
Diagonalizer:                Divide and Conquer
Mixer:                       Anderson mixer
Mixing parameter:                  0.200000
Maximal SCC-cycles:                     100
Nr. of chrg. vectors to mix:              8
Electronic temperature:        0.100000E-07
Initial charges:             Set automatically (system chrg:   0.000E+00)
Included shells:              C:  s, p
                              N:  s, p
                              S:  s, p, d
                              H:  s
Full 3rd order correction    Yes
Damped SCC                   Yes
Damped specie(s):            H                                                 
Extra options:
--------------------------------------------------------------------------------
 

********************************************************************************
** Geometry step: 0
********************************************************************************

  iSCC Total electronic   Diff electronic      SCC error    
    1   -0.15440399E+02    0.00000000E+00    0.46391441E+00
    2   -0.15440731E+02   -0.33162210E-03    0.45457614E+00
    3   -0.15447315E+02   -0.65844647E-02    0.12239691E+00
    4   -0.15447211E+02    0.10422549E-03    0.11664438E+00
    5   -0.15447971E+02   -0.75960518E-03    0.38039919E-01
    6   -0.15447975E+02   -0.41925119E-05    0.32056339E-01
    7   -0.15447939E+02    0.35816630E-04    0.30482918E-01
    8   -0.15448010E+02   -0.71400744E-04    0.22644562E-02
    9   -0.15448011E+02   -0.37510664E-06    0.17921106E-02
   10   -0.15448011E+02   -0.35336179E-06    0.16264083E-02
   11   -0.15448011E+02   -0.10165661E-06    0.59699746E-03
   12   -0.15448011E+02    0.23851534E-08    0.21267144E-03
   13   -0.15448011E+02   -0.80270599E-08    0.61092652E-04
   14   -0.15448011E+02   -0.94109609E-10    0.12648407E-04
   15   -0.15448011E+02   -0.55226934E-11    0.12224626E-05
   16   -0.15448011E+02   -0.65725203E-13    0.12555620E-06
>> Charges saved for restart in charges.bin
 
 Total Energy:                     -15.1733795559 H
 Total Mermin free energy:         -15.1733795559 H
