================================================================================
==
==   Density Functional based Tight Binding with a lot of extensions (DFTB+)    
==
==                              Release: 1.2 (p2)
==
==                            (ParserVersion = 4)
==
================================================================================


********************************************************************************
** Parsing and initializing
********************************************************************************

Interpreting input file 'dftb_in.hsd'
--------------------------------------------------------------------------------
WARNING!
-> WriteHSDInput and WriteXMLInput both turned off. You won't eventually be 
 able to obtain the same results with a later version of the code!
Path: dftb_in/ParserOptions
Line: 72-75 (File: dftb_in.hsd)

Reading SK-files:
  /home/andersx/parameters/3ob-3-1/C-C.skf
  /home/andersx/parameters/3ob-3-1/C-S.skf
  /home/andersx/parameters/3ob-3-1/C-H.skf
  /home/andersx/parameters/3ob-3-1/S-C.skf
  /home/andersx/parameters/3ob-3-1/S-S.skf
  /home/andersx/parameters/3ob-3-1/S-H.skf
  /home/andersx/parameters/3ob-3-1/H-C.skf
  /home/andersx/parameters/3ob-3-1/H-S.skf
  /home/andersx/parameters/3ob-3-1/H-H.skf
Done.

Starting initialization...
--------------------------------------------------------------------------------
Mode:                        Static calculation
Self consistent charges:     Yes
SCC-tolerance:                 0.100000E-05
Max. scc iterations:                    100
Ewald alpha parameter:         0.000000E+00
Spin polarisation:           No
Nr. of up electrons:            18.000000
Nr. of down electrons:          18.000000
Periodic boundaries:         No
Diagonalizer:                Divide and Conquer
Mixer:                       Anderson mixer
Mixing parameter:                  0.200000
Maximal SCC-cycles:                     100
Nr. of chrg. vectors to mix:              8
Electronic temperature:        0.100000E-07
Initial charges:             Set automatically (system chrg:   0.000E+00)
Included shells:              C:  s, p
                              S:  s, p, d
                              H:  s
Full 3rd order correction    Yes
Damped SCC                   Yes
Damped specie(s):            H                                                 
Extra options:
--------------------------------------------------------------------------------
 

********************************************************************************
** Geometry step: 0
********************************************************************************

  iSCC Total electronic   Diff electronic      SCC error    
    1   -0.15031187E+02    0.00000000E+00    0.30724659E+00
    2   -0.15031310E+02   -0.12304722E-03    0.30344871E+00
    3   -0.15033259E+02   -0.19485586E-02    0.91609923E-01
    4   -0.15033169E+02    0.89172273E-04    0.94083233E-01
    5   -0.15033970E+02   -0.80029510E-03    0.20733420E-01
    6   -0.15033986E+02   -0.16240842E-04    0.13216643E-01
    7   -0.15033990E+02   -0.42765253E-05    0.18474652E-01
    8   -0.15033997E+02   -0.69215109E-05    0.20011884E-02
    9   -0.15033997E+02    0.33791964E-06    0.30802949E-02
   10   -0.15033997E+02   -0.72840947E-06    0.57575651E-03
   11   -0.15033997E+02   -0.80987945E-08    0.35320886E-03
   12   -0.15033997E+02   -0.79119129E-08    0.95632499E-04
   13   -0.15033997E+02   -0.95438324E-10    0.14858415E-04
   14   -0.15033997E+02   -0.51283422E-11    0.49275883E-05
   15   -0.15033997E+02   -0.26822988E-12    0.10296701E-05
   16   -0.15033997E+02   -0.15987212E-13    0.20082306E-06
>> Charges saved for restart in charges.bin
 
 Total Energy:                     -14.9077348206 H
 Total Mermin free energy:         -14.9077348206 H
