================================================================================
==
==   Density Functional based Tight Binding with a lot of extensions (DFTB+)    
==
==                              Release: 1.2 (p2)
==
==                            (ParserVersion = 4)
==
================================================================================


********************************************************************************
** Parsing and initializing
********************************************************************************

Interpreting input file 'dftb_in.hsd'
--------------------------------------------------------------------------------
WARNING!
-> WriteHSDInput and WriteXMLInput both turned off. You won't eventually be 
 able to obtain the same results with a later version of the code!
Path: dftb_in/ParserOptions
Line: 80-83 (File: dftb_in.hsd)

Reading SK-files:
  /home/andersx/parameters/3ob-3-1/C-C.skf
  /home/andersx/parameters/3ob-3-1/C-N.skf
  /home/andersx/parameters/3ob-3-1/C-S.skf
  /home/andersx/parameters/3ob-3-1/C-H.skf
  /home/andersx/parameters/3ob-3-1/N-C.skf
  /home/andersx/parameters/3ob-3-1/N-N.skf
  /home/andersx/parameters/3ob-3-1/N-S.skf
  /home/andersx/parameters/3ob-3-1/N-H.skf
  /home/andersx/parameters/3ob-3-1/S-C.skf
  /home/andersx/parameters/3ob-3-1/S-N.skf
  /home/andersx/parameters/3ob-3-1/S-S.skf
  /home/andersx/parameters/3ob-3-1/S-H.skf
  /home/andersx/parameters/3ob-3-1/H-C.skf
  /home/andersx/parameters/3ob-3-1/H-N.skf
  /home/andersx/parameters/3ob-3-1/H-S.skf
  /home/andersx/parameters/3ob-3-1/H-H.skf
Done.

Starting initialization...
--------------------------------------------------------------------------------
Mode:                        Static calculation
Self consistent charges:     Yes
SCC-tolerance:                 0.100000E-05
Max. scc iterations:                    100
Ewald alpha parameter:         0.000000E+00
Spin polarisation:           No
Nr. of up electrons:            18.000000
Nr. of down electrons:          18.000000
Periodic boundaries:         No
Diagonalizer:                Divide and Conquer
Mixer:                       Anderson mixer
Mixing parameter:                  0.200000
Maximal SCC-cycles:                     100
Nr. of chrg. vectors to mix:              8
Electronic temperature:        0.100000E-07
Initial charges:             Set automatically (system chrg:   0.000E+00)
Included shells:              C:  s, p
                              N:  s, p
                              S:  s, p, d
                              H:  s
Full 3rd order correction    Yes
Damped SCC                   Yes
Damped specie(s):            H                                                 
Extra options:
--------------------------------------------------------------------------------
 

********************************************************************************
** Geometry step: 0
********************************************************************************

  iSCC Total electronic   Diff electronic      SCC error    
    1   -0.15441193E+02    0.00000000E+00    0.49269702E+00
    2   -0.15441565E+02   -0.37184261E-03    0.48303841E+00
    3   -0.15448197E+02   -0.66317056E-02    0.13765378E+00
    4   -0.15447980E+02    0.21699541E-03    0.13073334E+00
    5   -0.15449148E+02   -0.11685374E-02    0.55443192E-01
    6   -0.15449223E+02   -0.75033722E-04    0.26007008E-01
    7   -0.15449191E+02    0.32727420E-04    0.24378465E-01
    8   -0.15449250E+02   -0.59121990E-04    0.59554283E-02
    9   -0.15449250E+02   -0.72724738E-06    0.34406283E-02
   10   -0.15449251E+02   -0.19536638E-06    0.45990640E-03
   11   -0.15449251E+02   -0.33774135E-07    0.18191037E-03
   12   -0.15449251E+02   -0.41262318E-08    0.53966902E-04
   13   -0.15449251E+02   -0.35097969E-09    0.99996862E-05
   14   -0.15449251E+02   -0.29185543E-11    0.43583307E-05
   15   -0.15449251E+02   -0.31796787E-12    0.34281618E-06
>> Charges saved for restart in charges.bin
 
 Total Energy:                     -15.1725237430 H
 Total Mermin free energy:         -15.1725237430 H
