================================================================================
==
==   Density Functional based Tight Binding with a lot of extensions (DFTB+)    
==
==                              Release: 1.2 (p2)
==
==                            (ParserVersion = 4)
==
================================================================================


********************************************************************************
** Parsing and initializing
********************************************************************************

Interpreting input file 'dftb_in.hsd'
--------------------------------------------------------------------------------
WARNING!
-> WriteHSDInput and WriteXMLInput both turned off. You won't eventually be 
 able to obtain the same results with a later version of the code!
Path: dftb_in/ParserOptions
Line: 77-80 (File: dftb_in.hsd)

Reading SK-files:
  /home/andersx/parameters/3ob-3-1/C-C.skf
  /home/andersx/parameters/3ob-3-1/C-N.skf
  /home/andersx/parameters/3ob-3-1/C-S.skf
  /home/andersx/parameters/3ob-3-1/C-H.skf
  /home/andersx/parameters/3ob-3-1/N-C.skf
  /home/andersx/parameters/3ob-3-1/N-N.skf
  /home/andersx/parameters/3ob-3-1/N-S.skf
  /home/andersx/parameters/3ob-3-1/N-H.skf
  /home/andersx/parameters/3ob-3-1/S-C.skf
  /home/andersx/parameters/3ob-3-1/S-N.skf
  /home/andersx/parameters/3ob-3-1/S-S.skf
  /home/andersx/parameters/3ob-3-1/S-H.skf
  /home/andersx/parameters/3ob-3-1/H-C.skf
  /home/andersx/parameters/3ob-3-1/H-N.skf
  /home/andersx/parameters/3ob-3-1/H-S.skf
  /home/andersx/parameters/3ob-3-1/H-H.skf
Done.

Starting initialization...
--------------------------------------------------------------------------------
Mode:                        Static calculation
Self consistent charges:     Yes
SCC-tolerance:                 0.100000E-05
Max. scc iterations:                    100
Ewald alpha parameter:         0.000000E+00
Spin polarisation:           No
Nr. of up electrons:            17.000000
Nr. of down electrons:          17.000000
Periodic boundaries:         No
Diagonalizer:                Divide and Conquer
Mixer:                       Anderson mixer
Mixing parameter:                  0.200000
Maximal SCC-cycles:                     100
Nr. of chrg. vectors to mix:              8
Electronic temperature:        0.100000E-07
Initial charges:             Set automatically (system chrg:   0.000E+00)
Included shells:              C:  s, p
                              N:  s, p
                              S:  s, p, d
                              H:  s
Full 3rd order correction    Yes
Damped SCC                   Yes
Damped specie(s):            H                                                 
Extra options:
--------------------------------------------------------------------------------
 

********************************************************************************
** Geometry step: 0
********************************************************************************

  iSCC Total electronic   Diff electronic      SCC error    
    1   -0.15156869E+02    0.00000000E+00    0.31582029E+00
    2   -0.15157517E+02   -0.64736266E-03    0.31179367E+00
    3   -0.15169154E+02   -0.11637290E-01    0.13168328E+00
    4   -0.15169049E+02    0.10449124E-03    0.12542953E+00
    5   -0.15169843E+02   -0.79377302E-03    0.34057335E-01
    6   -0.15169860E+02   -0.16624627E-04    0.32592466E-01
    7   -0.15169881E+02   -0.21485000E-04    0.18864301E-01
    8   -0.15169898E+02   -0.16503587E-04    0.35053832E-02
    9   -0.15169898E+02   -0.28444955E-06    0.30709099E-02
   10   -0.15169899E+02   -0.53377382E-06    0.76812037E-03
   11   -0.15169899E+02   -0.30610149E-07    0.49913820E-03
   12   -0.15169899E+02   -0.10479484E-07    0.73169515E-04
   13   -0.15169899E+02   -0.53825744E-09    0.14564277E-04
   14   -0.15169899E+02   -0.11262102E-10    0.62047995E-05
   15   -0.15169899E+02   -0.53113069E-12    0.91219476E-06
>> Charges saved for restart in charges.bin
 
 Total Energy:                     -14.6373637405 H
 Total Mermin free energy:         -14.6373637405 H
