================================================================================
==
==   Density Functional based Tight Binding with a lot of extensions (DFTB+)    
==
==                              Release: 1.2 (p2)
==
==                            (ParserVersion = 4)
==
================================================================================


********************************************************************************
** Parsing and initializing
********************************************************************************

Interpreting input file 'dftb_in.hsd'
--------------------------------------------------------------------------------
WARNING!
-> WriteHSDInput and WriteXMLInput both turned off. You won't eventually be 
 able to obtain the same results with a later version of the code!
Path: dftb_in/ParserOptions
Line: 79-82 (File: dftb_in.hsd)

Reading SK-files:
  /home/andersx/parameters/3ob-3-1/C-C.skf
  /home/andersx/parameters/3ob-3-1/C-N.skf
  /home/andersx/parameters/3ob-3-1/C-S.skf
  /home/andersx/parameters/3ob-3-1/C-H.skf
  /home/andersx/parameters/3ob-3-1/N-C.skf
  /home/andersx/parameters/3ob-3-1/N-N.skf
  /home/andersx/parameters/3ob-3-1/N-S.skf
  /home/andersx/parameters/3ob-3-1/N-H.skf
  /home/andersx/parameters/3ob-3-1/S-C.skf
  /home/andersx/parameters/3ob-3-1/S-N.skf
  /home/andersx/parameters/3ob-3-1/S-S.skf
  /home/andersx/parameters/3ob-3-1/S-H.skf
  /home/andersx/parameters/3ob-3-1/H-C.skf
  /home/andersx/parameters/3ob-3-1/H-N.skf
  /home/andersx/parameters/3ob-3-1/H-S.skf
  /home/andersx/parameters/3ob-3-1/H-H.skf
Done.

Starting initialization...
--------------------------------------------------------------------------------
Mode:                        Static calculation
Self consistent charges:     Yes
SCC-tolerance:                 0.100000E-05
Max. scc iterations:                    100
Ewald alpha parameter:         0.000000E+00
Spin polarisation:           No
Nr. of up electrons:            18.000000
Nr. of down electrons:          18.000000
Periodic boundaries:         No
Diagonalizer:                Divide and Conquer
Mixer:                       Anderson mixer
Mixing parameter:                  0.200000
Maximal SCC-cycles:                     100
Nr. of chrg. vectors to mix:              8
Electronic temperature:        0.100000E-07
Initial charges:             Set automatically (system chrg:   0.000E+00)
Included shells:              C:  s, p
                              N:  s, p
                              S:  s, p, d
                              H:  s
Full 3rd order correction    Yes
Damped SCC                   Yes
Damped specie(s):            H                                                 
Extra options:
--------------------------------------------------------------------------------
 

********************************************************************************
** Geometry step: 0
********************************************************************************

  iSCC Total electronic   Diff electronic      SCC error    
    1   -0.15858244E+02    0.00000000E+00    0.45907432E+00
    2   -0.15858497E+02   -0.25339805E-03    0.45116548E+00
    3   -0.15865215E+02   -0.67176558E-02    0.11248037E+00
    4   -0.15865191E+02    0.24057219E-04    0.10589816E+00
    5   -0.15865256E+02   -0.64875707E-04    0.45190821E-01
    6   -0.15865274E+02   -0.18628097E-04    0.16444569E-01
    7   -0.15865280E+02   -0.55969071E-05    0.16179349E-01
    8   -0.15865313E+02   -0.33114110E-04    0.21664740E-02
    9   -0.15865313E+02   -0.29707948E-06    0.12854985E-02
   10   -0.15865314E+02   -0.27983495E-06    0.63053490E-03
   11   -0.15865314E+02   -0.22144542E-07    0.40872231E-03
   12   -0.15865314E+02   -0.55189471E-08    0.76005891E-04
   13   -0.15865314E+02   -0.17018387E-09    0.22707026E-04
   14   -0.15865314E+02   -0.15127455E-10    0.30670088E-05
   15   -0.15865314E+02   -0.11155521E-11    0.31170178E-06
>> Charges saved for restart in charges.bin
 
 Total Energy:                     -15.4335551985 H
 Total Mermin free energy:         -15.4335551985 H
