================================================================================
==
==   Density Functional based Tight Binding with a lot of extensions (DFTB+)    
==
==                              Release: 1.2 (p2)
==
==                            (ParserVersion = 4)
==
================================================================================


********************************************************************************
** Parsing and initializing
********************************************************************************

Interpreting input file 'dftb_in.hsd'
--------------------------------------------------------------------------------
WARNING!
-> WriteHSDInput and WriteXMLInput both turned off. You won't eventually be 
 able to obtain the same results with a later version of the code!
Path: dftb_in/ParserOptions
Line: 79-82 (File: dftb_in.hsd)

Reading SK-files:
  /home/andersx/parameters/3ob-3-1/C-C.skf
  /home/andersx/parameters/3ob-3-1/C-N.skf
  /home/andersx/parameters/3ob-3-1/C-S.skf
  /home/andersx/parameters/3ob-3-1/C-H.skf
  /home/andersx/parameters/3ob-3-1/N-C.skf
  /home/andersx/parameters/3ob-3-1/N-N.skf
  /home/andersx/parameters/3ob-3-1/N-S.skf
  /home/andersx/parameters/3ob-3-1/N-H.skf
  /home/andersx/parameters/3ob-3-1/S-C.skf
  /home/andersx/parameters/3ob-3-1/S-N.skf
  /home/andersx/parameters/3ob-3-1/S-S.skf
  /home/andersx/parameters/3ob-3-1/S-H.skf
  /home/andersx/parameters/3ob-3-1/H-C.skf
  /home/andersx/parameters/3ob-3-1/H-N.skf
  /home/andersx/parameters/3ob-3-1/H-S.skf
  /home/andersx/parameters/3ob-3-1/H-H.skf
Done.

Starting initialization...
--------------------------------------------------------------------------------
Mode:                        Static calculation
Self consistent charges:     Yes
SCC-tolerance:                 0.100000E-05
Max. scc iterations:                    100
Ewald alpha parameter:         0.000000E+00
Spin polarisation:           No
Nr. of up electrons:            18.000000
Nr. of down electrons:          18.000000
Periodic boundaries:         No
Diagonalizer:                Divide and Conquer
Mixer:                       Anderson mixer
Mixing parameter:                  0.200000
Maximal SCC-cycles:                     100
Nr. of chrg. vectors to mix:              8
Electronic temperature:        0.100000E-07
Initial charges:             Set automatically (system chrg:   0.000E+00)
Included shells:              C:  s, p
                              N:  s, p
                              S:  s, p, d
                              H:  s
Full 3rd order correction    Yes
Damped SCC                   Yes
Damped specie(s):            H                                                 
Extra options:
--------------------------------------------------------------------------------
 

********************************************************************************
** Geometry step: 0
********************************************************************************

  iSCC Total electronic   Diff electronic      SCC error    
    1   -0.15863756E+02    0.00000000E+00    0.54296037E+00
    2   -0.15864195E+02   -0.43882613E-03    0.53404358E+00
    3   -0.15873585E+02   -0.93893525E-02    0.13502577E+00
    4   -0.15873471E+02    0.11410782E-03    0.13060388E+00
    5   -0.15874484E+02   -0.10132246E-02    0.33806126E-01
    6   -0.15874487E+02   -0.29339395E-05    0.20712170E-01
    7   -0.15874475E+02    0.11527015E-04    0.14228160E-01
    8   -0.15874517E+02   -0.42124866E-04    0.78898069E-02
    9   -0.15874517E+02    0.52001063E-06    0.10060081E-01
   10   -0.15874520E+02   -0.36742671E-05    0.14048124E-02
   11   -0.15874520E+02   -0.40645800E-07    0.53435112E-03
   12   -0.15874520E+02   -0.85540197E-08    0.91573386E-04
   13   -0.15874520E+02   -0.34548364E-09    0.27503815E-04
   14   -0.15874520E+02   -0.51670668E-10    0.45870978E-05
   15   -0.15874520E+02   -0.12629897E-11    0.66444053E-06
>> Charges saved for restart in charges.bin
 
 Total Energy:                     -15.4832369567 H
 Total Mermin free energy:         -15.4832369567 H
