================================================================================
==
==   Density Functional based Tight Binding with a lot of extensions (DFTB+)    
==
==                              Release: 1.2 (p2)
==
==                            (ParserVersion = 4)
==
================================================================================


********************************************************************************
** Parsing and initializing
********************************************************************************

Interpreting input file 'dftb_in.hsd'
--------------------------------------------------------------------------------
WARNING!
-> WriteHSDInput and WriteXMLInput both turned off. You won't eventually be 
 able to obtain the same results with a later version of the code!
Path: dftb_in/ParserOptions
Line: 83-86 (File: dftb_in.hsd)

Reading SK-files:
  /home/andersx/parameters/3ob-3-1/C-C.skf
  /home/andersx/parameters/3ob-3-1/C-N.skf
  /home/andersx/parameters/3ob-3-1/C-S.skf
  /home/andersx/parameters/3ob-3-1/C-H.skf
  /home/andersx/parameters/3ob-3-1/N-C.skf
  /home/andersx/parameters/3ob-3-1/N-N.skf
  /home/andersx/parameters/3ob-3-1/N-S.skf
  /home/andersx/parameters/3ob-3-1/N-H.skf
  /home/andersx/parameters/3ob-3-1/S-C.skf
  /home/andersx/parameters/3ob-3-1/S-N.skf
  /home/andersx/parameters/3ob-3-1/S-S.skf
  /home/andersx/parameters/3ob-3-1/S-H.skf
  /home/andersx/parameters/3ob-3-1/H-C.skf
  /home/andersx/parameters/3ob-3-1/H-N.skf
  /home/andersx/parameters/3ob-3-1/H-S.skf
  /home/andersx/parameters/3ob-3-1/H-H.skf
Done.

Starting initialization...
--------------------------------------------------------------------------------
Mode:                        Static calculation
Self consistent charges:     Yes
SCC-tolerance:                 0.100000E-05
Max. scc iterations:                    100
Ewald alpha parameter:         0.000000E+00
Spin polarisation:           No
Nr. of up electrons:            20.000000
Nr. of down electrons:          20.000000
Periodic boundaries:         No
Diagonalizer:                Divide and Conquer
Mixer:                       Anderson mixer
Mixing parameter:                  0.200000
Maximal SCC-cycles:                     100
Nr. of chrg. vectors to mix:              8
Electronic temperature:        0.100000E-07
Initial charges:             Set automatically (system chrg:   0.000E+00)
Included shells:              C:  s, p
                              N:  s, p
                              S:  s, p, d
                              H:  s
Full 3rd order correction    Yes
Damped SCC                   Yes
Damped specie(s):            H                                                 
Extra options:
--------------------------------------------------------------------------------
 

********************************************************************************
** Geometry step: 0
********************************************************************************

  iSCC Total electronic   Diff electronic      SCC error    
    1   -0.17361639E+02    0.00000000E+00    0.91392774E+00
    2   -0.17362479E+02   -0.83950337E-03    0.89963225E+00
    3   -0.17381694E+02   -0.19215338E-01    0.20610197E+00
    4   -0.17382687E+02   -0.99304423E-03    0.20978740E+00
    5   -0.17383234E+02   -0.54635549E-03    0.18646681E+00
    6   -0.17384613E+02   -0.13797550E-02    0.34747890E-01
    7   -0.17384604E+02    0.90726368E-05    0.42864452E-01
    8   -0.17384710E+02   -0.10525061E-03    0.50934111E-02
    9   -0.17384711E+02   -0.18545524E-05    0.47099312E-02
   10   -0.17384711E+02    0.80741119E-06    0.53148989E-02
   11   -0.17384712E+02   -0.13461690E-05    0.40572909E-03
   12   -0.17384712E+02   -0.38082995E-08    0.31748191E-03
   13   -0.17384712E+02   -0.58586274E-08    0.55321502E-04
   14   -0.17384712E+02   -0.10586021E-09    0.73945062E-05
   15   -0.17384712E+02   -0.23447910E-12    0.17317538E-05
   16   -0.17384712E+02   -0.17763568E-13    0.12232123E-06
>> Charges saved for restart in charges.bin
 
 Total Energy:                     -17.0717534821 H
 Total Mermin free energy:         -17.0717534821 H
