================================================================================
==
==   Density Functional based Tight Binding with a lot of extensions (DFTB+)    
==
==                              Release: 1.2 (p2)
==
==                            (ParserVersion = 4)
==
================================================================================


********************************************************************************
** Parsing and initializing
********************************************************************************

Interpreting input file 'dftb_in.hsd'
--------------------------------------------------------------------------------
WARNING!
-> WriteHSDInput and WriteXMLInput both turned off. You won't eventually be 
 able to obtain the same results with a later version of the code!
Path: dftb_in/ParserOptions
Line: 95-98 (File: dftb_in.hsd)

Reading SK-files:
  /home/andersx/parameters/3ob-3-1/C-C.skf
  /home/andersx/parameters/3ob-3-1/C-S.skf
  /home/andersx/parameters/3ob-3-1/C-N.skf
  /home/andersx/parameters/3ob-3-1/C-O.skf
  /home/andersx/parameters/3ob-3-1/C-H.skf
  /home/andersx/parameters/3ob-3-1/S-C.skf
  /home/andersx/parameters/3ob-3-1/S-S.skf
  /home/andersx/parameters/3ob-3-1/S-N.skf
  /home/andersx/parameters/3ob-3-1/S-O.skf
  /home/andersx/parameters/3ob-3-1/S-H.skf
  /home/andersx/parameters/3ob-3-1/N-C.skf
  /home/andersx/parameters/3ob-3-1/N-S.skf
  /home/andersx/parameters/3ob-3-1/N-N.skf
  /home/andersx/parameters/3ob-3-1/N-O.skf
  /home/andersx/parameters/3ob-3-1/N-H.skf
  /home/andersx/parameters/3ob-3-1/O-C.skf
  /home/andersx/parameters/3ob-3-1/O-S.skf
  /home/andersx/parameters/3ob-3-1/O-N.skf
  /home/andersx/parameters/3ob-3-1/O-O.skf
  /home/andersx/parameters/3ob-3-1/O-H.skf
  /home/andersx/parameters/3ob-3-1/H-C.skf
  /home/andersx/parameters/3ob-3-1/H-S.skf
  /home/andersx/parameters/3ob-3-1/H-N.skf
  /home/andersx/parameters/3ob-3-1/H-O.skf
  /home/andersx/parameters/3ob-3-1/H-H.skf
Done.

Starting initialization...
--------------------------------------------------------------------------------
Mode:                        Static calculation
Self consistent charges:     Yes
SCC-tolerance:                 0.100000E-05
Max. scc iterations:                    100
Ewald alpha parameter:         0.000000E+00
Spin polarisation:           No
Nr. of up electrons:            22.000000
Nr. of down electrons:          22.000000
Periodic boundaries:         No
Diagonalizer:                Divide and Conquer
Mixer:                       Anderson mixer
Mixing parameter:                  0.200000
Maximal SCC-cycles:                     100
Nr. of chrg. vectors to mix:              8
Electronic temperature:        0.100000E-07
Initial charges:             Set automatically (system chrg:   0.000E+00)
Included shells:              C:  s, p
                              S:  s, p, d
                              N:  s, p
                              O:  s, p
                              H:  s
Full 3rd order correction    Yes
Damped SCC                   Yes
Damped specie(s):            H                                                 
Extra options:
--------------------------------------------------------------------------------
 

********************************************************************************
** Geometry step: 0
********************************************************************************

  iSCC Total electronic   Diff electronic      SCC error    
    1   -0.20207846E+02    0.00000000E+00    0.16706357E+01
    2   -0.20209180E+02   -0.13336107E-02    0.16471440E+01
    3   -0.20252028E+02   -0.42848520E-01    0.23000279E+00
    4   -0.20254260E+02   -0.22317401E-02    0.21673715E+00
    5   -0.20249982E+02    0.42785394E-02    0.38330500E+00
    6   -0.20255016E+02   -0.50346775E-02    0.21574124E-01
    7   -0.20255018E+02   -0.12865129E-05    0.21825495E-01
    8   -0.20255035E+02   -0.17313839E-04    0.10456459E-01
    9   -0.20255036E+02   -0.14029622E-05    0.53080621E-02
   10   -0.20255036E+02    0.67886674E-07    0.62494952E-02
   11   -0.20255038E+02   -0.13624123E-05    0.20338937E-02
   12   -0.20255038E+02   -0.77379507E-07    0.18770415E-02
   13   -0.20255038E+02   -0.15106924E-06    0.26781133E-03
   14   -0.20255038E+02   -0.93328012E-08    0.11277042E-03
   15   -0.20255038E+02   -0.15438069E-08    0.14185427E-04
   16   -0.20255038E+02   -0.92583718E-11    0.44127346E-05
   17   -0.20255038E+02   -0.39079850E-13    0.80739780E-06
>> Charges saved for restart in charges.bin
 
 Total Energy:                     -19.9114712219 H
 Total Mermin free energy:         -19.9114712219 H
