================================================================================
==
==   Density Functional based Tight Binding with a lot of extensions (DFTB+)    
==
==                              Release: 1.2 (p2)
==
==                            (ParserVersion = 4)
==
================================================================================


********************************************************************************
** Parsing and initializing
********************************************************************************

Interpreting input file 'dftb_in.hsd'
--------------------------------------------------------------------------------
WARNING!
-> WriteHSDInput and WriteXMLInput both turned off. You won't eventually be 
 able to obtain the same results with a later version of the code!
Path: dftb_in/ParserOptions
Line: 81-84 (File: dftb_in.hsd)

Reading SK-files:
  /home/andersx/parameters/3ob-3-1/C-C.skf
  /home/andersx/parameters/3ob-3-1/C-N.skf
  /home/andersx/parameters/3ob-3-1/C-S.skf
  /home/andersx/parameters/3ob-3-1/C-H.skf
  /home/andersx/parameters/3ob-3-1/N-C.skf
  /home/andersx/parameters/3ob-3-1/N-N.skf
  /home/andersx/parameters/3ob-3-1/N-S.skf
  /home/andersx/parameters/3ob-3-1/N-H.skf
  /home/andersx/parameters/3ob-3-1/S-C.skf
  /home/andersx/parameters/3ob-3-1/S-N.skf
  /home/andersx/parameters/3ob-3-1/S-S.skf
  /home/andersx/parameters/3ob-3-1/S-H.skf
  /home/andersx/parameters/3ob-3-1/H-C.skf
  /home/andersx/parameters/3ob-3-1/H-N.skf
  /home/andersx/parameters/3ob-3-1/H-S.skf
  /home/andersx/parameters/3ob-3-1/H-H.skf
Done.

Starting initialization...
--------------------------------------------------------------------------------
Mode:                        Static calculation
Self consistent charges:     Yes
SCC-tolerance:                 0.100000E-05
Max. scc iterations:                    100
Ewald alpha parameter:         0.000000E+00
Spin polarisation:           No
Nr. of up electrons:            19.000000
Nr. of down electrons:          19.000000
Periodic boundaries:         No
Diagonalizer:                Divide and Conquer
Mixer:                       Anderson mixer
Mixing parameter:                  0.200000
Maximal SCC-cycles:                     100
Nr. of chrg. vectors to mix:              8
Electronic temperature:        0.100000E-07
Initial charges:             Set automatically (system chrg:   0.000E+00)
Included shells:              C:  s, p
                              N:  s, p
                              S:  s, p, d
                              H:  s
Full 3rd order correction    Yes
Damped SCC                   Yes
Damped specie(s):            H                                                 
Extra options:
--------------------------------------------------------------------------------
 

********************************************************************************
** Geometry step: 0
********************************************************************************

  iSCC Total electronic   Diff electronic      SCC error    
    1   -0.16610985E+02    0.00000000E+00    0.89392345E+00
    2   -0.16611446E+02   -0.46074644E-03    0.88002710E+00
    3   -0.16619910E+02   -0.84642647E-02    0.10923817E+00
    4   -0.16619483E+02    0.42725286E-03    0.11465004E+00
    5   -0.16620209E+02   -0.72629217E-03    0.97264765E-01
    6   -0.16621425E+02   -0.12156154E-02    0.15108172E-01
    7   -0.16621433E+02   -0.87338648E-05    0.15278352E-01
    8   -0.16621448E+02   -0.14919040E-04    0.14574008E-01
    9   -0.16621446E+02    0.22551227E-05    0.12265390E-01
   10   -0.16621449E+02   -0.35156774E-05    0.76578909E-02
   11   -0.16621451E+02   -0.17629952E-05    0.52570871E-03
   12   -0.16621451E+02   -0.16850649E-07    0.27111647E-03
   13   -0.16621451E+02   -0.33152538E-08    0.74930010E-04
   14   -0.16621451E+02   -0.11603163E-09    0.52519690E-05
   15   -0.16621451E+02   -0.38333781E-11    0.15469567E-05
   16   -0.16621451E+02   -0.49737992E-13    0.98060281E-07
>> Charges saved for restart in charges.bin
 
 Total Energy:                     -16.3020106585 H
 Total Mermin free energy:         -16.3020106585 H
