================================================================================
==
==   Density Functional based Tight Binding with a lot of extensions (DFTB+)    
==
==                              Release: 1.2 (p2)
==
==                            (ParserVersion = 4)
==
================================================================================


********************************************************************************
** Parsing and initializing
********************************************************************************

Interpreting input file 'dftb_in.hsd'
--------------------------------------------------------------------------------
WARNING!
-> WriteHSDInput and WriteXMLInput both turned off. You won't eventually be 
 able to obtain the same results with a later version of the code!
Path: dftb_in/ParserOptions
Line: 81-84 (File: dftb_in.hsd)

Reading SK-files:
  /home/andersx/parameters/3ob-3-1/C-C.skf
  /home/andersx/parameters/3ob-3-1/C-N.skf
  /home/andersx/parameters/3ob-3-1/C-S.skf
  /home/andersx/parameters/3ob-3-1/C-H.skf
  /home/andersx/parameters/3ob-3-1/N-C.skf
  /home/andersx/parameters/3ob-3-1/N-N.skf
  /home/andersx/parameters/3ob-3-1/N-S.skf
  /home/andersx/parameters/3ob-3-1/N-H.skf
  /home/andersx/parameters/3ob-3-1/S-C.skf
  /home/andersx/parameters/3ob-3-1/S-N.skf
  /home/andersx/parameters/3ob-3-1/S-S.skf
  /home/andersx/parameters/3ob-3-1/S-H.skf
  /home/andersx/parameters/3ob-3-1/H-C.skf
  /home/andersx/parameters/3ob-3-1/H-N.skf
  /home/andersx/parameters/3ob-3-1/H-S.skf
  /home/andersx/parameters/3ob-3-1/H-H.skf
Done.

Starting initialization...
--------------------------------------------------------------------------------
Mode:                        Static calculation
Self consistent charges:     Yes
SCC-tolerance:                 0.100000E-05
Max. scc iterations:                    100
Ewald alpha parameter:         0.000000E+00
Spin polarisation:           No
Nr. of up electrons:            19.000000
Nr. of down electrons:          19.000000
Periodic boundaries:         No
Diagonalizer:                Divide and Conquer
Mixer:                       Anderson mixer
Mixing parameter:                  0.200000
Maximal SCC-cycles:                     100
Nr. of chrg. vectors to mix:              8
Electronic temperature:        0.100000E-07
Initial charges:             Set automatically (system chrg:   0.000E+00)
Included shells:              C:  s, p
                              N:  s, p
                              S:  s, p, d
                              H:  s
Full 3rd order correction    Yes
Damped SCC                   Yes
Damped specie(s):            H                                                 
Extra options:
--------------------------------------------------------------------------------
 

********************************************************************************
** Geometry step: 0
********************************************************************************

  iSCC Total electronic   Diff electronic      SCC error    
    1   -0.16567172E+02    0.00000000E+00    0.95767352E+00
    2   -0.16567952E+02   -0.78032721E-03    0.94237348E+00
    3   -0.16578936E+02   -0.10983683E-01    0.15443987E+00
    4   -0.16578092E+02    0.84344126E-03    0.13846419E+00
    5   -0.16581756E+02   -0.36638721E-02    0.15485651E+00
    6   -0.16582813E+02   -0.10574516E-02    0.47538625E-01
    7   -0.16582474E+02    0.33954355E-03    0.11432038E+00
    8   -0.16582987E+02   -0.51298956E-03    0.52949984E-02
    9   -0.16582988E+02   -0.96298169E-06    0.47271696E-02
   10   -0.16582988E+02   -0.63933096E-06    0.24154317E-02
   11   -0.16582989E+02   -0.18893915E-06    0.62458441E-03
   12   -0.16582989E+02   -0.15866771E-07    0.23511453E-03
   13   -0.16582989E+02   -0.19699939E-08    0.29952895E-04
   14   -0.16582989E+02   -0.91475272E-10    0.54906145E-05
   15   -0.16582989E+02   -0.13500312E-11    0.12093911E-05
   16   -0.16582989E+02   -0.46185278E-13    0.22498956E-06
>> Charges saved for restart in charges.bin
 
 Total Energy:                     -16.2382697719 H
 Total Mermin free energy:         -16.2382697719 H
