================================================================================
==
==   Density Functional based Tight Binding with a lot of extensions (DFTB+)    
==
==                              Release: 1.2 (p2)
==
==                            (ParserVersion = 4)
==
================================================================================


********************************************************************************
** Parsing and initializing
********************************************************************************

Interpreting input file 'dftb_in.hsd'
--------------------------------------------------------------------------------
WARNING!
-> WriteHSDInput and WriteXMLInput both turned off. You won't eventually be 
 able to obtain the same results with a later version of the code!
Path: dftb_in/ParserOptions
Line: 82-85 (File: dftb_in.hsd)

Reading SK-files:
  /home/andersx/parameters/3ob-3-1/C-C.skf
  /home/andersx/parameters/3ob-3-1/C-N.skf
  /home/andersx/parameters/3ob-3-1/C-S.skf
  /home/andersx/parameters/3ob-3-1/C-H.skf
  /home/andersx/parameters/3ob-3-1/N-C.skf
  /home/andersx/parameters/3ob-3-1/N-N.skf
  /home/andersx/parameters/3ob-3-1/N-S.skf
  /home/andersx/parameters/3ob-3-1/N-H.skf
  /home/andersx/parameters/3ob-3-1/S-C.skf
  /home/andersx/parameters/3ob-3-1/S-N.skf
  /home/andersx/parameters/3ob-3-1/S-S.skf
  /home/andersx/parameters/3ob-3-1/S-H.skf
  /home/andersx/parameters/3ob-3-1/H-C.skf
  /home/andersx/parameters/3ob-3-1/H-N.skf
  /home/andersx/parameters/3ob-3-1/H-S.skf
  /home/andersx/parameters/3ob-3-1/H-H.skf
Done.

Starting initialization...
--------------------------------------------------------------------------------
Mode:                        Static calculation
Self consistent charges:     Yes
SCC-tolerance:                 0.100000E-05
Max. scc iterations:                    100
Ewald alpha parameter:         0.000000E+00
Spin polarisation:           No
Nr. of up electrons:            19.000000
Nr. of down electrons:          19.000000
Periodic boundaries:         No
Diagonalizer:                Divide and Conquer
Mixer:                       Anderson mixer
Mixing parameter:                  0.200000
Maximal SCC-cycles:                     100
Nr. of chrg. vectors to mix:              8
Electronic temperature:        0.100000E-07
Initial charges:             Set automatically (system chrg:   0.000E+00)
Included shells:              C:  s, p
                              N:  s, p
                              S:  s, p, d
                              H:  s
Full 3rd order correction    Yes
Damped SCC                   Yes
Damped specie(s):            H                                                 
Extra options:
--------------------------------------------------------------------------------
 

********************************************************************************
** Geometry step: 0
********************************************************************************

  iSCC Total electronic   Diff electronic      SCC error    
    1   -0.16176171E+02    0.00000000E+00    0.39321559E+00
    2   -0.16176404E+02   -0.23311407E-03    0.38723321E+00
    3   -0.16180862E+02   -0.44581095E-02    0.14024186E+00
    4   -0.16180680E+02    0.18220016E-03    0.13348562E+00
    5   -0.16181637E+02   -0.95655655E-03    0.33543088E-01
    6   -0.16181802E+02   -0.16470625E-03    0.20168641E-01
    7   -0.16181801E+02    0.48065792E-06    0.20046992E-01
    8   -0.16181825E+02   -0.24425088E-04    0.46504268E-02
    9   -0.16181826E+02   -0.44649024E-06    0.37721075E-02
   10   -0.16181827E+02   -0.87740904E-06    0.11623780E-02
   11   -0.16181827E+02    0.63006595E-08    0.51055175E-03
   12   -0.16181827E+02   -0.24314680E-07    0.75388414E-04
   13   -0.16181827E+02   -0.39126036E-10    0.29684806E-04
   14   -0.16181827E+02   -0.82927443E-10    0.28411888E-05
   15   -0.16181827E+02   -0.39790393E-12    0.34763388E-06
>> Charges saved for restart in charges.bin
 
 Total Energy:                     -15.9866341887 H
 Total Mermin free energy:         -15.9866341887 H
