================================================================================
==
==   Density Functional based Tight Binding with a lot of extensions (DFTB+)    
==
==                              Release: 1.2 (p2)
==
==                            (ParserVersion = 4)
==
================================================================================


********************************************************************************
** Parsing and initializing
********************************************************************************

Interpreting input file 'dftb_in.hsd'
--------------------------------------------------------------------------------
WARNING!
-> WriteHSDInput and WriteXMLInput both turned off. You won't eventually be 
 able to obtain the same results with a later version of the code!
Path: dftb_in/ParserOptions
Line: 82-85 (File: dftb_in.hsd)

Reading SK-files:
  /home/andersx/parameters/3ob-3-1/C-C.skf
  /home/andersx/parameters/3ob-3-1/C-N.skf
  /home/andersx/parameters/3ob-3-1/C-S.skf
  /home/andersx/parameters/3ob-3-1/C-H.skf
  /home/andersx/parameters/3ob-3-1/N-C.skf
  /home/andersx/parameters/3ob-3-1/N-N.skf
  /home/andersx/parameters/3ob-3-1/N-S.skf
  /home/andersx/parameters/3ob-3-1/N-H.skf
  /home/andersx/parameters/3ob-3-1/S-C.skf
  /home/andersx/parameters/3ob-3-1/S-N.skf
  /home/andersx/parameters/3ob-3-1/S-S.skf
  /home/andersx/parameters/3ob-3-1/S-H.skf
  /home/andersx/parameters/3ob-3-1/H-C.skf
  /home/andersx/parameters/3ob-3-1/H-N.skf
  /home/andersx/parameters/3ob-3-1/H-S.skf
  /home/andersx/parameters/3ob-3-1/H-H.skf
Done.

Starting initialization...
--------------------------------------------------------------------------------
Mode:                        Static calculation
Self consistent charges:     Yes
SCC-tolerance:                 0.100000E-05
Max. scc iterations:                    100
Ewald alpha parameter:         0.000000E+00
Spin polarisation:           No
Nr. of up electrons:            19.000000
Nr. of down electrons:          19.000000
Periodic boundaries:         No
Diagonalizer:                Divide and Conquer
Mixer:                       Anderson mixer
Mixing parameter:                  0.200000
Maximal SCC-cycles:                     100
Nr. of chrg. vectors to mix:              8
Electronic temperature:        0.100000E-07
Initial charges:             Set automatically (system chrg:   0.000E+00)
Included shells:              C:  s, p
                              N:  s, p
                              S:  s, p, d
                              H:  s
Full 3rd order correction    Yes
Damped SCC                   Yes
Damped specie(s):            H                                                 
Extra options:
--------------------------------------------------------------------------------
 

********************************************************************************
** Geometry step: 0
********************************************************************************

  iSCC Total electronic   Diff electronic      SCC error    
    1   -0.16175524E+02    0.00000000E+00    0.34902230E+00
    2   -0.16175602E+02   -0.77913878E-04    0.34403721E+00
    3   -0.16177730E+02   -0.21283068E-02    0.77627132E-01
    4   -0.16177656E+02    0.73943016E-04    0.71138810E-01
    5   -0.16177694E+02   -0.38312978E-04    0.47235498E-01
    6   -0.16177896E+02   -0.20135939E-03    0.15320923E-01
    7   -0.16177897E+02   -0.13664137E-05    0.13898384E-01
    8   -0.16177909E+02   -0.11669790E-04    0.17647328E-02
    9   -0.16177909E+02   -0.15907808E-08    0.89843341E-03
   10   -0.16177909E+02   -0.12077005E-06    0.37046059E-03
   11   -0.16177909E+02   -0.12511251E-07    0.13054864E-03
   12   -0.16177909E+02   -0.12283117E-08    0.50283957E-04
   13   -0.16177909E+02   -0.13674395E-09    0.48506867E-05
   14   -0.16177909E+02   -0.25757174E-11    0.24051366E-05
   15   -0.16177909E+02   -0.10302870E-12    0.18877313E-06
>> Charges saved for restart in charges.bin
 
 Total Energy:                     -15.9827297891 H
 Total Mermin free energy:         -15.9827297891 H
