================================================================================
==
==   Density Functional based Tight Binding with a lot of extensions (DFTB+)    
==
==                              Release: 1.2 (p2)
==
==                            (ParserVersion = 4)
==
================================================================================


********************************************************************************
** Parsing and initializing
********************************************************************************

Interpreting input file 'dftb_in.hsd'
--------------------------------------------------------------------------------
WARNING!
-> WriteHSDInput and WriteXMLInput both turned off. You won't eventually be 
 able to obtain the same results with a later version of the code!
Path: dftb_in/ParserOptions
Line: 81-84 (File: dftb_in.hsd)

Reading SK-files:
  /home/andersx/parameters/3ob-3-1/C-C.skf
  /home/andersx/parameters/3ob-3-1/C-N.skf
  /home/andersx/parameters/3ob-3-1/C-S.skf
  /home/andersx/parameters/3ob-3-1/C-H.skf
  /home/andersx/parameters/3ob-3-1/N-C.skf
  /home/andersx/parameters/3ob-3-1/N-N.skf
  /home/andersx/parameters/3ob-3-1/N-S.skf
  /home/andersx/parameters/3ob-3-1/N-H.skf
  /home/andersx/parameters/3ob-3-1/S-C.skf
  /home/andersx/parameters/3ob-3-1/S-N.skf
  /home/andersx/parameters/3ob-3-1/S-S.skf
  /home/andersx/parameters/3ob-3-1/S-H.skf
  /home/andersx/parameters/3ob-3-1/H-C.skf
  /home/andersx/parameters/3ob-3-1/H-N.skf
  /home/andersx/parameters/3ob-3-1/H-S.skf
  /home/andersx/parameters/3ob-3-1/H-H.skf
Done.

Starting initialization...
--------------------------------------------------------------------------------
Mode:                        Static calculation
Self consistent charges:     Yes
SCC-tolerance:                 0.100000E-05
Max. scc iterations:                    100
Ewald alpha parameter:         0.000000E+00
Spin polarisation:           No
Nr. of up electrons:            19.000000
Nr. of down electrons:          19.000000
Periodic boundaries:         No
Diagonalizer:                Divide and Conquer
Mixer:                       Anderson mixer
Mixing parameter:                  0.200000
Maximal SCC-cycles:                     100
Nr. of chrg. vectors to mix:              8
Electronic temperature:        0.100000E-07
Initial charges:             Set automatically (system chrg:   0.000E+00)
Included shells:              C:  s, p
                              N:  s, p
                              S:  s, p, d
                              H:  s
Full 3rd order correction    Yes
Damped SCC                   Yes
Damped specie(s):            H                                                 
Extra options:
--------------------------------------------------------------------------------
 

********************************************************************************
** Geometry step: 0
********************************************************************************

  iSCC Total electronic   Diff electronic      SCC error    
    1   -0.16582415E+02    0.00000000E+00    0.45099257E+00
    2   -0.16582741E+02   -0.32567257E-03    0.44199899E+00
    3   -0.16589805E+02   -0.70640540E-02    0.13198523E+00
    4   -0.16589650E+02    0.15440604E-03    0.12381380E+00
    5   -0.16590396E+02   -0.74542753E-03    0.60802896E-01
    6   -0.16590474E+02   -0.78445401E-04    0.21383111E-01
    7   -0.16590473E+02    0.15953634E-05    0.21575249E-01
    8   -0.16590510E+02   -0.37463272E-04    0.26081531E-02
    9   -0.16590510E+02   -0.27037633E-06    0.12449846E-02
   10   -0.16590511E+02   -0.22509031E-06    0.50619507E-03
   11   -0.16590511E+02   -0.84201481E-08    0.17175871E-03
   12   -0.16590511E+02   -0.25024036E-08    0.17192827E-04
   13   -0.16590511E+02   -0.29920955E-10    0.45967173E-05
   14   -0.16590511E+02   -0.48672177E-12    0.15327562E-05
   15   -0.16590511E+02   -0.67501560E-13    0.15654470E-06
>> Charges saved for restart in charges.bin
 
 Total Energy:                     -16.2441451766 H
 Total Mermin free energy:         -16.2441451766 H
