================================================================================
==
==   Density Functional based Tight Binding with a lot of extensions (DFTB+)    
==
==                              Release: 1.2 (p2)
==
==                            (ParserVersion = 4)
==
================================================================================


********************************************************************************
** Parsing and initializing
********************************************************************************

Interpreting input file 'dftb_in.hsd'
--------------------------------------------------------------------------------
WARNING!
-> WriteHSDInput and WriteXMLInput both turned off. You won't eventually be 
 able to obtain the same results with a later version of the code!
Path: dftb_in/ParserOptions
Line: 81-84 (File: dftb_in.hsd)

Reading SK-files:
  /home/andersx/parameters/3ob-3-1/C-C.skf
  /home/andersx/parameters/3ob-3-1/C-N.skf
  /home/andersx/parameters/3ob-3-1/C-S.skf
  /home/andersx/parameters/3ob-3-1/C-H.skf
  /home/andersx/parameters/3ob-3-1/N-C.skf
  /home/andersx/parameters/3ob-3-1/N-N.skf
  /home/andersx/parameters/3ob-3-1/N-S.skf
  /home/andersx/parameters/3ob-3-1/N-H.skf
  /home/andersx/parameters/3ob-3-1/S-C.skf
  /home/andersx/parameters/3ob-3-1/S-N.skf
  /home/andersx/parameters/3ob-3-1/S-S.skf
  /home/andersx/parameters/3ob-3-1/S-H.skf
  /home/andersx/parameters/3ob-3-1/H-C.skf
  /home/andersx/parameters/3ob-3-1/H-N.skf
  /home/andersx/parameters/3ob-3-1/H-S.skf
  /home/andersx/parameters/3ob-3-1/H-H.skf
Done.

Starting initialization...
--------------------------------------------------------------------------------
Mode:                        Static calculation
Self consistent charges:     Yes
SCC-tolerance:                 0.100000E-05
Max. scc iterations:                    100
Ewald alpha parameter:         0.000000E+00
Spin polarisation:           No
Nr. of up electrons:            19.000000
Nr. of down electrons:          19.000000
Periodic boundaries:         No
Diagonalizer:                Divide and Conquer
Mixer:                       Anderson mixer
Mixing parameter:                  0.200000
Maximal SCC-cycles:                     100
Nr. of chrg. vectors to mix:              8
Electronic temperature:        0.100000E-07
Initial charges:             Set automatically (system chrg:   0.000E+00)
Included shells:              C:  s, p
                              N:  s, p
                              S:  s, p, d
                              H:  s
Full 3rd order correction    Yes
Damped SCC                   Yes
Damped specie(s):            H                                                 
Extra options:
--------------------------------------------------------------------------------
 

********************************************************************************
** Geometry step: 0
********************************************************************************

  iSCC Total electronic   Diff electronic      SCC error    
    1   -0.16607237E+02    0.00000000E+00    0.72545617E+00
    2   -0.16607838E+02   -0.60185931E-03    0.71288439E+00
    3   -0.16620830E+02   -0.12991602E-01    0.17101479E+00
    4   -0.16620663E+02    0.16696898E-03    0.17024875E+00
    5   -0.16621741E+02   -0.10775838E-02    0.42903959E-01
    6   -0.16621861E+02   -0.12049939E-03    0.14657782E-01
    7   -0.16621859E+02    0.22284705E-05    0.13364577E-01
    8   -0.16621864E+02   -0.48056816E-05    0.60876982E-02
    9   -0.16621864E+02   -0.73262798E-06    0.49877885E-02
   10   -0.16621866E+02   -0.16097136E-05    0.23718423E-02
   11   -0.16621866E+02   -0.14794462E-06    0.69363490E-03
   12   -0.16621866E+02   -0.50357944E-07    0.21391360E-03
   13   -0.16621866E+02   -0.12418901E-08    0.12204966E-03
   14   -0.16621866E+02   -0.34458481E-09    0.74408036E-05
   15   -0.16621866E+02   -0.62030381E-11    0.21568238E-05
   16   -0.16621866E+02   -0.15987212E-12    0.43842355E-06
>> Charges saved for restart in charges.bin
 
 Total Energy:                     -16.2961084428 H
 Total Mermin free energy:         -16.2961084428 H
