================================================================================
==
==   Density Functional based Tight Binding with a lot of extensions (DFTB+)    
==
==                              Release: 1.2 (p2)
==
==                            (ParserVersion = 4)
==
================================================================================


********************************************************************************
** Parsing and initializing
********************************************************************************

Interpreting input file 'dftb_in.hsd'
--------------------------------------------------------------------------------
WARNING!
-> WriteHSDInput and WriteXMLInput both turned off. You won't eventually be 
 able to obtain the same results with a later version of the code!
Path: dftb_in/ParserOptions
Line: 83-86 (File: dftb_in.hsd)

Reading SK-files:
  /home/andersx/parameters/3ob-3-1/C-C.skf
  /home/andersx/parameters/3ob-3-1/C-O.skf
  /home/andersx/parameters/3ob-3-1/C-S.skf
  /home/andersx/parameters/3ob-3-1/C-H.skf
  /home/andersx/parameters/3ob-3-1/O-C.skf
  /home/andersx/parameters/3ob-3-1/O-O.skf
  /home/andersx/parameters/3ob-3-1/O-S.skf
  /home/andersx/parameters/3ob-3-1/O-H.skf
  /home/andersx/parameters/3ob-3-1/S-C.skf
  /home/andersx/parameters/3ob-3-1/S-O.skf
  /home/andersx/parameters/3ob-3-1/S-S.skf
  /home/andersx/parameters/3ob-3-1/S-H.skf
  /home/andersx/parameters/3ob-3-1/H-C.skf
  /home/andersx/parameters/3ob-3-1/H-O.skf
  /home/andersx/parameters/3ob-3-1/H-S.skf
  /home/andersx/parameters/3ob-3-1/H-H.skf
Done.

Starting initialization...
--------------------------------------------------------------------------------
Mode:                        Static calculation
Self consistent charges:     Yes
SCC-tolerance:                 0.100000E-05
Max. scc iterations:                    100
Ewald alpha parameter:         0.000000E+00
Spin polarisation:           No
Nr. of up electrons:            22.000000
Nr. of down electrons:          22.000000
Periodic boundaries:         No
Diagonalizer:                Divide and Conquer
Mixer:                       Anderson mixer
Mixing parameter:                  0.200000
Maximal SCC-cycles:                     100
Nr. of chrg. vectors to mix:              8
Electronic temperature:        0.100000E-07
Initial charges:             Set automatically (system chrg:   0.000E+00)
Included shells:              C:  s, p
                              O:  s, p
                              S:  s, p, d
                              H:  s
Full 3rd order correction    Yes
Damped SCC                   Yes
Damped specie(s):            H                                                 
Extra options:
--------------------------------------------------------------------------------
 

********************************************************************************
** Geometry step: 0
********************************************************************************

  iSCC Total electronic   Diff electronic      SCC error    
    1   -0.20617335E+02    0.00000000E+00    0.15819380E+01
    2   -0.20618980E+02   -0.16451909E-02    0.15589292E+01
    3   -0.20673914E+02   -0.54934572E-01    0.18483780E+00
    4   -0.20675014E+02   -0.10995961E-02    0.15729569E+00
    5   -0.20674600E+02    0.41361164E-03    0.13549562E+00
    6   -0.20675223E+02   -0.62263247E-03    0.49246938E-01
    7   -0.20675220E+02    0.29624928E-05    0.49239119E-01
    8   -0.20675292E+02   -0.72417679E-04    0.68967959E-02
    9   -0.20675294E+02   -0.13716495E-05    0.25977633E-02
   10   -0.20675294E+02   -0.39623539E-06    0.99999597E-03
   11   -0.20675294E+02   -0.22551525E-07    0.22283424E-03
   12   -0.20675294E+02   -0.14406620E-07    0.46682378E-04
   13   -0.20675294E+02   -0.60492056E-10    0.83913189E-05
   14   -0.20675294E+02   -0.26183500E-11    0.15241091E-05
   15   -0.20675294E+02   -0.31974423E-13    0.11651279E-06
>> Charges saved for restart in charges.bin
 
 Total Energy:                     -20.4492397339 H
 Total Mermin free energy:         -20.4492397339 H
