================================================================================
==
==   Density Functional based Tight Binding with a lot of extensions (DFTB+)    
==
==                              Release: 1.2 (p2)
==
==                            (ParserVersion = 4)
==
================================================================================


********************************************************************************
** Parsing and initializing
********************************************************************************

Interpreting input file 'dftb_in.hsd'
--------------------------------------------------------------------------------
WARNING!
-> WriteHSDInput and WriteXMLInput both turned off. You won't eventually be 
 able to obtain the same results with a later version of the code!
Path: dftb_in/ParserOptions
Line: 81-84 (File: dftb_in.hsd)

Reading SK-files:
  /home/andersx/parameters/3ob-3-1/C-C.skf
  /home/andersx/parameters/3ob-3-1/C-O.skf
  /home/andersx/parameters/3ob-3-1/C-S.skf
  /home/andersx/parameters/3ob-3-1/C-H.skf
  /home/andersx/parameters/3ob-3-1/O-C.skf
  /home/andersx/parameters/3ob-3-1/O-O.skf
  /home/andersx/parameters/3ob-3-1/O-S.skf
  /home/andersx/parameters/3ob-3-1/O-H.skf
  /home/andersx/parameters/3ob-3-1/S-C.skf
  /home/andersx/parameters/3ob-3-1/S-O.skf
  /home/andersx/parameters/3ob-3-1/S-S.skf
  /home/andersx/parameters/3ob-3-1/S-H.skf
  /home/andersx/parameters/3ob-3-1/H-C.skf
  /home/andersx/parameters/3ob-3-1/H-O.skf
  /home/andersx/parameters/3ob-3-1/H-S.skf
  /home/andersx/parameters/3ob-3-1/H-H.skf
Done.

Starting initialization...
--------------------------------------------------------------------------------
Mode:                        Static calculation
Self consistent charges:     Yes
SCC-tolerance:                 0.100000E-05
Max. scc iterations:                    100
Ewald alpha parameter:         0.000000E+00
Spin polarisation:           No
Nr. of up electrons:            21.000000
Nr. of down electrons:          21.000000
Periodic boundaries:         No
Diagonalizer:                Divide and Conquer
Mixer:                       Anderson mixer
Mixing parameter:                  0.200000
Maximal SCC-cycles:                     100
Nr. of chrg. vectors to mix:              8
Electronic temperature:        0.100000E-07
Initial charges:             Set automatically (system chrg:   0.000E+00)
Included shells:              C:  s, p
                              O:  s, p
                              S:  s, p, d
                              H:  s
Full 3rd order correction    Yes
Damped SCC                   Yes
Damped specie(s):            H                                                 
Extra options:
--------------------------------------------------------------------------------
 

********************************************************************************
** Geometry step: 0
********************************************************************************

  iSCC Total electronic   Diff electronic      SCC error    
    1   -0.19987722E+02    0.00000000E+00    0.18030786E+01
    2   -0.19989000E+02   -0.12781775E-02    0.17778285E+01
    3   -0.20031958E+02   -0.42957811E-01    0.22405997E+00
    4   -0.20034501E+02   -0.25436620E-02    0.16231139E+00
    5   -0.20031886E+02    0.26156930E-02    0.29626455E+00
    6   -0.20035850E+02   -0.39648317E-02    0.44482000E-01
    7   -0.20035842E+02    0.83147578E-05    0.42947577E-01
    8   -0.20035881E+02   -0.39028835E-04    0.72897054E-02
    9   -0.20035881E+02   -0.13681576E-06    0.75483342E-02
   10   -0.20035884E+02   -0.31783307E-05    0.20646427E-02
   11   -0.20035885E+02   -0.35966853E-06    0.50519972E-03
   12   -0.20035885E+02   -0.13210013E-07    0.23312379E-03
   13   -0.20035885E+02   -0.31887737E-08    0.19316692E-04
   14   -0.20035885E+02   -0.31068481E-10    0.26543703E-05
   15   -0.20035885E+02   -0.60396133E-13    0.67804537E-06
>> Charges saved for restart in charges.bin
 
 Total Energy:                     -19.6727865744 H
 Total Mermin free energy:         -19.6727865744 H
