================================================================================
==
==   Density Functional based Tight Binding with a lot of extensions (DFTB+)    
==
==                              Release: 1.2 (p2)
==
==                            (ParserVersion = 4)
==
================================================================================


********************************************************************************
** Parsing and initializing
********************************************************************************

Interpreting input file 'dftb_in.hsd'
--------------------------------------------------------------------------------
WARNING!
-> WriteHSDInput and WriteXMLInput both turned off. You won't eventually be 
 able to obtain the same results with a later version of the code!
Path: dftb_in/ParserOptions
Line: 81-84 (File: dftb_in.hsd)

Reading SK-files:
  /home/andersx/parameters/3ob-3-1/C-C.skf
  /home/andersx/parameters/3ob-3-1/C-S.skf
  /home/andersx/parameters/3ob-3-1/C-O.skf
  /home/andersx/parameters/3ob-3-1/C-H.skf
  /home/andersx/parameters/3ob-3-1/S-C.skf
  /home/andersx/parameters/3ob-3-1/S-S.skf
  /home/andersx/parameters/3ob-3-1/S-O.skf
  /home/andersx/parameters/3ob-3-1/S-H.skf
  /home/andersx/parameters/3ob-3-1/O-C.skf
  /home/andersx/parameters/3ob-3-1/O-S.skf
  /home/andersx/parameters/3ob-3-1/O-O.skf
  /home/andersx/parameters/3ob-3-1/O-H.skf
  /home/andersx/parameters/3ob-3-1/H-C.skf
  /home/andersx/parameters/3ob-3-1/H-S.skf
  /home/andersx/parameters/3ob-3-1/H-O.skf
  /home/andersx/parameters/3ob-3-1/H-H.skf
Done.

Starting initialization...
--------------------------------------------------------------------------------
Mode:                        Static calculation
Self consistent charges:     Yes
SCC-tolerance:                 0.100000E-05
Max. scc iterations:                    100
Ewald alpha parameter:         0.000000E+00
Spin polarisation:           No
Nr. of up electrons:            21.000000
Nr. of down electrons:          21.000000
Periodic boundaries:         No
Diagonalizer:                Divide and Conquer
Mixer:                       Anderson mixer
Mixing parameter:                  0.200000
Maximal SCC-cycles:                     100
Nr. of chrg. vectors to mix:              8
Electronic temperature:        0.100000E-07
Initial charges:             Set automatically (system chrg:   0.000E+00)
Included shells:              C:  s, p
                              S:  s, p, d
                              O:  s, p
                              H:  s
Full 3rd order correction    Yes
Damped SCC                   Yes
Damped specie(s):            H                                                 
Extra options:
--------------------------------------------------------------------------------
 

********************************************************************************
** Geometry step: 0
********************************************************************************

  iSCC Total electronic   Diff electronic      SCC error    
    1   -0.19861951E+02    0.00000000E+00    0.16007043E+01
    2   -0.19863981E+02   -0.20304856E-02    0.15773027E+01
    3   -0.19928517E+02   -0.64535274E-01    0.15501516E+00
    4   -0.19929991E+02   -0.14744924E-02    0.15689257E+00
    5   -0.19929824E+02    0.16689323E-03    0.14741121E+00
    6   -0.19930462E+02   -0.63763305E-03    0.35184556E-01
    7   -0.19930454E+02    0.77921389E-05    0.32206230E-01
    8   -0.19930537E+02   -0.82444253E-04    0.60792992E-02
    9   -0.19930538E+02   -0.12991163E-05    0.38831012E-02
   10   -0.19930539E+02   -0.94858422E-06    0.17127862E-02
   11   -0.19930539E+02   -0.72873142E-07    0.45850622E-03
   12   -0.19930539E+02   -0.17834893E-07    0.78525519E-04
   13   -0.19930539E+02   -0.14271251E-10    0.17969686E-04
   14   -0.19930539E+02   -0.20001778E-10    0.12569357E-05
   15   -0.19930539E+02   -0.28421709E-13    0.42242690E-06
>> Charges saved for restart in charges.bin
 
 Total Energy:                     -19.6563790314 H
 Total Mermin free energy:         -19.6563790314 H
