================================================================================
==
==   Density Functional based Tight Binding with a lot of extensions (DFTB+)    
==
==                              Release: 1.2 (p2)
==
==                            (ParserVersion = 4)
==
================================================================================


********************************************************************************
** Parsing and initializing
********************************************************************************

Interpreting input file 'dftb_in.hsd'
--------------------------------------------------------------------------------
WARNING!
-> WriteHSDInput and WriteXMLInput both turned off. You won't eventually be 
 able to obtain the same results with a later version of the code!
Path: dftb_in/ParserOptions
Line: 81-84 (File: dftb_in.hsd)

Reading SK-files:
  /home/andersx/parameters/3ob-3-1/C-C.skf
  /home/andersx/parameters/3ob-3-1/C-S.skf
  /home/andersx/parameters/3ob-3-1/C-O.skf
  /home/andersx/parameters/3ob-3-1/C-H.skf
  /home/andersx/parameters/3ob-3-1/S-C.skf
  /home/andersx/parameters/3ob-3-1/S-S.skf
  /home/andersx/parameters/3ob-3-1/S-O.skf
  /home/andersx/parameters/3ob-3-1/S-H.skf
  /home/andersx/parameters/3ob-3-1/O-C.skf
  /home/andersx/parameters/3ob-3-1/O-S.skf
  /home/andersx/parameters/3ob-3-1/O-O.skf
  /home/andersx/parameters/3ob-3-1/O-H.skf
  /home/andersx/parameters/3ob-3-1/H-C.skf
  /home/andersx/parameters/3ob-3-1/H-S.skf
  /home/andersx/parameters/3ob-3-1/H-O.skf
  /home/andersx/parameters/3ob-3-1/H-H.skf
Done.

Starting initialization...
--------------------------------------------------------------------------------
Mode:                        Static calculation
Self consistent charges:     Yes
SCC-tolerance:                 0.100000E-05
Max. scc iterations:                    100
Ewald alpha parameter:         0.000000E+00
Spin polarisation:           No
Nr. of up electrons:            20.000000
Nr. of down electrons:          20.000000
Periodic boundaries:         No
Diagonalizer:                Divide and Conquer
Mixer:                       Anderson mixer
Mixing parameter:                  0.200000
Maximal SCC-cycles:                     100
Nr. of chrg. vectors to mix:              8
Electronic temperature:        0.100000E-07
Initial charges:             Set automatically (system chrg:   0.000E+00)
Included shells:              C:  s, p
                              S:  s, p, d
                              O:  s, p
                              H:  s
Full 3rd order correction    Yes
Damped SCC                   Yes
Damped specie(s):            H                                                 
Extra options:
--------------------------------------------------------------------------------
 

********************************************************************************
** Geometry step: 0
********************************************************************************

  iSCC Total electronic   Diff electronic      SCC error    
    1   -0.18357665E+02    0.00000000E+00    0.16221413E+01
    2   -0.18359504E+02   -0.18388657E-02    0.15987437E+01
    3   -0.18416300E+02   -0.56795520E-01    0.18322239E+00
    4   -0.18418552E+02   -0.22520577E-02    0.18141541E+00
    5   -0.18417987E+02    0.56451177E-03    0.16321132E+00
    6   -0.18419505E+02   -0.15177911E-02    0.62740255E-01
    7   -0.18419511E+02   -0.60122054E-05    0.63238115E-01
    8   -0.18419606E+02   -0.94405099E-04    0.59663312E-02
    9   -0.18419607E+02   -0.94166894E-06    0.66391172E-02
   10   -0.18419608E+02   -0.13212201E-05    0.32752023E-02
   11   -0.18419608E+02   -0.17668463E-06    0.67154626E-03
   12   -0.18419608E+02   -0.11890939E-06    0.18128208E-03
   13   -0.18419608E+02   -0.15641533E-08    0.90944586E-04
   14   -0.18419608E+02   -0.27118929E-09    0.48464933E-05
   15   -0.18419608E+02   -0.17514878E-11    0.25217757E-05
   16   -0.18419608E+02   -0.13145041E-12    0.48357245E-07
>> Charges saved for restart in charges.bin
 
 Total Energy:                     -18.0447783766 H
 Total Mermin free energy:         -18.0447783766 H
