================================================================================
==
==   Density Functional based Tight Binding with a lot of extensions (DFTB+)    
==
==                              Release: 1.2 (p2)
==
==                            (ParserVersion = 4)
==
================================================================================


********************************************************************************
** Parsing and initializing
********************************************************************************

Interpreting input file 'dftb_in.hsd'
--------------------------------------------------------------------------------
WARNING!
-> WriteHSDInput and WriteXMLInput both turned off. You won't eventually be 
 able to obtain the same results with a later version of the code!
Path: dftb_in/ParserOptions
Line: 81-84 (File: dftb_in.hsd)

Reading SK-files:
  /home/andersx/parameters/3ob-3-1/N-N.skf
  /home/andersx/parameters/3ob-3-1/N-C.skf
  /home/andersx/parameters/3ob-3-1/N-S.skf
  /home/andersx/parameters/3ob-3-1/N-H.skf
  /home/andersx/parameters/3ob-3-1/C-N.skf
  /home/andersx/parameters/3ob-3-1/C-C.skf
  /home/andersx/parameters/3ob-3-1/C-S.skf
  /home/andersx/parameters/3ob-3-1/C-H.skf
  /home/andersx/parameters/3ob-3-1/S-N.skf
  /home/andersx/parameters/3ob-3-1/S-C.skf
  /home/andersx/parameters/3ob-3-1/S-S.skf
  /home/andersx/parameters/3ob-3-1/S-H.skf
  /home/andersx/parameters/3ob-3-1/H-N.skf
  /home/andersx/parameters/3ob-3-1/H-C.skf
  /home/andersx/parameters/3ob-3-1/H-S.skf
  /home/andersx/parameters/3ob-3-1/H-H.skf
Done.

Starting initialization...
--------------------------------------------------------------------------------
Mode:                        Static calculation
Self consistent charges:     Yes
SCC-tolerance:                 0.100000E-05
Max. scc iterations:                    100
Ewald alpha parameter:         0.000000E+00
Spin polarisation:           No
Nr. of up electrons:            19.000000
Nr. of down electrons:          19.000000
Periodic boundaries:         No
Diagonalizer:                Divide and Conquer
Mixer:                       Anderson mixer
Mixing parameter:                  0.200000
Maximal SCC-cycles:                     100
Nr. of chrg. vectors to mix:              8
Electronic temperature:        0.100000E-07
Initial charges:             Set automatically (system chrg:   0.000E+00)
Included shells:              N:  s, p
                              C:  s, p
                              S:  s, p, d
                              H:  s
Full 3rd order correction    Yes
Damped SCC                   Yes
Damped specie(s):            H                                                 
Extra options:
--------------------------------------------------------------------------------
 

********************************************************************************
** Geometry step: 0
********************************************************************************

  iSCC Total electronic   Diff electronic      SCC error    
    1   -0.16663574E+02    0.00000000E+00    0.41419647E+00
    2   -0.16663867E+02   -0.29278095E-03    0.41081584E+00
    3   -0.16668703E+02   -0.48367894E-02    0.15798657E+00
    4   -0.16668075E+02    0.62836715E-03    0.13418951E+00
    5   -0.16668753E+02   -0.67759498E-03    0.12406918E+00
    6   -0.16670305E+02   -0.15522775E-02    0.19738223E-01
    7   -0.16670304E+02    0.10769131E-05    0.20160590E-01
    8   -0.16670364E+02   -0.60172533E-04    0.91729426E-02
    9   -0.16670367E+02   -0.32405927E-05    0.30141944E-02
   10   -0.16670367E+02    0.18841533E-08    0.30193509E-02
   11   -0.16670368E+02   -0.22592624E-06    0.25822996E-03
   12   -0.16670368E+02   -0.51787197E-09    0.22143763E-03
   13   -0.16670368E+02   -0.42307029E-08    0.85600793E-05
   14   -0.16670368E+02   -0.58300031E-11    0.19391714E-05
   15   -0.16670368E+02   -0.27711167E-12    0.38830477E-08
>> Charges saved for restart in charges.bin
 
 Total Energy:                     -16.2975482840 H
 Total Mermin free energy:         -16.2975482840 H
