================================================================================
==
==   Density Functional based Tight Binding with a lot of extensions (DFTB+)    
==
==                              Release: 1.2 (p2)
==
==                            (ParserVersion = 4)
==
================================================================================


********************************************************************************
** Parsing and initializing
********************************************************************************

Interpreting input file 'dftb_in.hsd'
--------------------------------------------------------------------------------
WARNING!
-> WriteHSDInput and WriteXMLInput both turned off. You won't eventually be 
 able to obtain the same results with a later version of the code!
Path: dftb_in/ParserOptions
Line: 75-78 (File: dftb_in.hsd)

Reading SK-files:
  /home/andersx/parameters/3ob-3-1/C-C.skf
  /home/andersx/parameters/3ob-3-1/C-O.skf
  /home/andersx/parameters/3ob-3-1/C-H.skf
  /home/andersx/parameters/3ob-3-1/O-C.skf
  /home/andersx/parameters/3ob-3-1/O-O.skf
  /home/andersx/parameters/3ob-3-1/O-H.skf
  /home/andersx/parameters/3ob-3-1/H-C.skf
  /home/andersx/parameters/3ob-3-1/H-O.skf
  /home/andersx/parameters/3ob-3-1/H-H.skf
Done.

Starting initialization...
--------------------------------------------------------------------------------
Mode:                        Static calculation
Self consistent charges:     Yes
SCC-tolerance:                 0.100000E-05
Max. scc iterations:                    100
Ewald alpha parameter:         0.000000E+00
Spin polarisation:           No
Nr. of up electrons:            18.000000
Nr. of down electrons:          18.000000
Periodic boundaries:         No
Diagonalizer:                Divide and Conquer
Mixer:                       Anderson mixer
Mixing parameter:                  0.200000
Maximal SCC-cycles:                     100
Nr. of chrg. vectors to mix:              8
Electronic temperature:        0.100000E-07
Initial charges:             Set automatically (system chrg:   0.000E+00)
Included shells:              C:  s, p
                              O:  s, p
                              H:  s
Full 3rd order correction    Yes
Damped SCC                   Yes
Damped specie(s):            H                                                 
Extra options:
--------------------------------------------------------------------------------
 

********************************************************************************
** Geometry step: 0
********************************************************************************

  iSCC Total electronic   Diff electronic      SCC error    
    1   -0.15539198E+02    0.00000000E+00    0.69765102E+00
    2   -0.15539348E+02   -0.14940408E-03    0.68850837E+00
    3   -0.15543216E+02   -0.38686943E-02    0.86447738E-01
    4   -0.15543105E+02    0.11190184E-03    0.73100211E-01
    5   -0.15543077E+02    0.27640289E-04    0.15400524E+00
    6   -0.15543427E+02   -0.34974975E-03    0.27190308E-01
    7   -0.15543425E+02    0.14239883E-05    0.86985996E-02
    8   -0.15543432E+02   -0.63596942E-05    0.10823489E-01
    9   -0.15543433E+02   -0.12483461E-05    0.20185196E-02
   10   -0.15543433E+02   -0.15775569E-07    0.17983759E-02
   11   -0.15543433E+02   -0.85002634E-07    0.24535715E-03
   12   -0.15543433E+02   -0.34306762E-08    0.15939090E-03
   13   -0.15543433E+02   -0.16531025E-08    0.38651909E-04
   14   -0.15543433E+02   -0.41003645E-10    0.21173290E-05
   15   -0.15543433E+02   -0.10835777E-12    0.36482352E-06
>> Charges saved for restart in charges.bin
 
 Total Energy:                     -15.6216932215 H
 Total Mermin free energy:         -15.6216932215 H
