================================================================================
==
==   Density Functional based Tight Binding with a lot of extensions (DFTB+)    
==
==                              Release: 1.2 (p2)
==
==                            (ParserVersion = 4)
==
================================================================================


********************************************************************************
** Parsing and initializing
********************************************************************************

Interpreting input file 'dftb_in.hsd'
--------------------------------------------------------------------------------
WARNING!
-> WriteHSDInput and WriteXMLInput both turned off. You won't eventually be 
 able to obtain the same results with a later version of the code!
Path: dftb_in/ParserOptions
Line: 81-84 (File: dftb_in.hsd)

Reading SK-files:
  /home/andersx/parameters/3ob-3-1/N-N.skf
  /home/andersx/parameters/3ob-3-1/N-C.skf
  /home/andersx/parameters/3ob-3-1/N-S.skf
  /home/andersx/parameters/3ob-3-1/N-H.skf
  /home/andersx/parameters/3ob-3-1/C-N.skf
  /home/andersx/parameters/3ob-3-1/C-C.skf
  /home/andersx/parameters/3ob-3-1/C-S.skf
  /home/andersx/parameters/3ob-3-1/C-H.skf
  /home/andersx/parameters/3ob-3-1/S-N.skf
  /home/andersx/parameters/3ob-3-1/S-C.skf
  /home/andersx/parameters/3ob-3-1/S-S.skf
  /home/andersx/parameters/3ob-3-1/S-H.skf
  /home/andersx/parameters/3ob-3-1/H-N.skf
  /home/andersx/parameters/3ob-3-1/H-C.skf
  /home/andersx/parameters/3ob-3-1/H-S.skf
  /home/andersx/parameters/3ob-3-1/H-H.skf
Done.

Starting initialization...
--------------------------------------------------------------------------------
Mode:                        Static calculation
Self consistent charges:     Yes
SCC-tolerance:                 0.100000E-05
Max. scc iterations:                    100
Ewald alpha parameter:         0.000000E+00
Spin polarisation:           No
Nr. of up electrons:            19.000000
Nr. of down electrons:          19.000000
Periodic boundaries:         No
Diagonalizer:                Divide and Conquer
Mixer:                       Anderson mixer
Mixing parameter:                  0.200000
Maximal SCC-cycles:                     100
Nr. of chrg. vectors to mix:              8
Electronic temperature:        0.100000E-07
Initial charges:             Set automatically (system chrg:   0.000E+00)
Included shells:              N:  s, p
                              C:  s, p
                              S:  s, p, d
                              H:  s
Full 3rd order correction    Yes
Damped SCC                   Yes
Damped specie(s):            H                                                 
Extra options:
--------------------------------------------------------------------------------
 

********************************************************************************
** Geometry step: 0
********************************************************************************

  iSCC Total electronic   Diff electronic      SCC error    
    1   -0.16649453E+02    0.00000000E+00    0.46916373E+00
    2   -0.16649501E+02   -0.47196318E-04    0.46424407E+00
    3   -0.16650831E+02   -0.13306726E-02    0.57150812E-01
    4   -0.16650750E+02    0.81262015E-04    0.39608213E-01
    5   -0.16651016E+02   -0.26545519E-03    0.38710475E-01
    6   -0.16651071E+02   -0.55917393E-04    0.17244279E-01
    7   -0.16651083E+02   -0.11193522E-04    0.13892711E-01
    8   -0.16651109E+02   -0.26339060E-04    0.30696779E-02
    9   -0.16651108E+02    0.55868818E-06    0.48664764E-02
   10   -0.16651110E+02   -0.12118175E-05    0.22868921E-02
   11   -0.16651110E+02   -0.22562079E-06    0.27131280E-03
   12   -0.16651110E+02   -0.10487959E-07    0.59969020E-04
   13   -0.16651110E+02   -0.26929570E-09    0.15688978E-04
   14   -0.16651110E+02   -0.28062885E-10    0.16056702E-05
   15   -0.16651110E+02   -0.81712415E-13    0.50102944E-08
>> Charges saved for restart in charges.bin
 
 Total Energy:                     -16.3001521577 H
 Total Mermin free energy:         -16.3001521577 H
