================================================================================
==
==   Density Functional based Tight Binding with a lot of extensions (DFTB+)    
==
==                              Release: 1.2 (p2)
==
==                            (ParserVersion = 4)
==
================================================================================


********************************************************************************
** Parsing and initializing
********************************************************************************

Interpreting input file 'dftb_in.hsd'
--------------------------------------------------------------------------------
WARNING!
-> WriteHSDInput and WriteXMLInput both turned off. You won't eventually be 
 able to obtain the same results with a later version of the code!
Path: dftb_in/ParserOptions
Line: 82-85 (File: dftb_in.hsd)

Reading SK-files:
  /home/andersx/parameters/3ob-3-1/N-N.skf
  /home/andersx/parameters/3ob-3-1/N-C.skf
  /home/andersx/parameters/3ob-3-1/N-S.skf
  /home/andersx/parameters/3ob-3-1/N-H.skf
  /home/andersx/parameters/3ob-3-1/C-N.skf
  /home/andersx/parameters/3ob-3-1/C-C.skf
  /home/andersx/parameters/3ob-3-1/C-S.skf
  /home/andersx/parameters/3ob-3-1/C-H.skf
  /home/andersx/parameters/3ob-3-1/S-N.skf
  /home/andersx/parameters/3ob-3-1/S-C.skf
  /home/andersx/parameters/3ob-3-1/S-S.skf
  /home/andersx/parameters/3ob-3-1/S-H.skf
  /home/andersx/parameters/3ob-3-1/H-N.skf
  /home/andersx/parameters/3ob-3-1/H-C.skf
  /home/andersx/parameters/3ob-3-1/H-S.skf
  /home/andersx/parameters/3ob-3-1/H-H.skf
Done.

Starting initialization...
--------------------------------------------------------------------------------
Mode:                        Static calculation
Self consistent charges:     Yes
SCC-tolerance:                 0.100000E-05
Max. scc iterations:                    100
Ewald alpha parameter:         0.000000E+00
Spin polarisation:           No
Nr. of up electrons:            19.000000
Nr. of down electrons:          19.000000
Periodic boundaries:         No
Diagonalizer:                Divide and Conquer
Mixer:                       Anderson mixer
Mixing parameter:                  0.200000
Maximal SCC-cycles:                     100
Nr. of chrg. vectors to mix:              8
Electronic temperature:        0.100000E-07
Initial charges:             Set automatically (system chrg:   0.000E+00)
Included shells:              N:  s, p
                              C:  s, p
                              S:  s, p, d
                              H:  s
Full 3rd order correction    Yes
Damped SCC                   Yes
Damped specie(s):            H                                                 
Extra options:
--------------------------------------------------------------------------------
 

********************************************************************************
** Geometry step: 0
********************************************************************************

  iSCC Total electronic   Diff electronic      SCC error    
    1   -0.16165007E+02    0.00000000E+00    0.58659758E+00
    2   -0.16165110E+02   -0.10291574E-03    0.57954063E+00
    3   -0.16167098E+02   -0.19882176E-02    0.84742026E-01
    4   -0.16166972E+02    0.12602308E-03    0.84714011E-01
    5   -0.16167533E+02   -0.56110619E-03    0.60265397E-01
    6   -0.16167645E+02   -0.11238319E-03    0.17135235E-01
    7   -0.16167651E+02   -0.54649005E-05    0.28917293E-01
    8   -0.16167663E+02   -0.12262055E-04    0.10349927E-01
    9   -0.16167663E+02   -0.58295058E-09    0.31443953E-02
   10   -0.16167664E+02   -0.31532143E-06    0.21252363E-02
   11   -0.16167664E+02   -0.19314945E-06    0.80829749E-03
   12   -0.16167664E+02   -0.19638019E-07    0.32275531E-03
   13   -0.16167664E+02   -0.19239330E-08    0.44330407E-04
   14   -0.16167664E+02   -0.13271162E-09    0.37552803E-05
   15   -0.16167664E+02   -0.13429258E-11    0.23497266E-05
   16   -0.16167664E+02   -0.85265128E-13    0.22680628E-06
>> Charges saved for restart in charges.bin
 
 Total Energy:                     -15.9879128110 H
 Total Mermin free energy:         -15.9879128110 H
