================================================================================
==
==   Density Functional based Tight Binding with a lot of extensions (DFTB+)    
==
==                              Release: 1.2 (p2)
==
==                            (ParserVersion = 4)
==
================================================================================


********************************************************************************
** Parsing and initializing
********************************************************************************

Interpreting input file 'dftb_in.hsd'
--------------------------------------------------------------------------------
WARNING!
-> WriteHSDInput and WriteXMLInput both turned off. You won't eventually be 
 able to obtain the same results with a later version of the code!
Path: dftb_in/ParserOptions
Line: 77-80 (File: dftb_in.hsd)

Reading SK-files:
  /home/andersx/parameters/3ob-3-1/N-N.skf
  /home/andersx/parameters/3ob-3-1/N-C.skf
  /home/andersx/parameters/3ob-3-1/N-S.skf
  /home/andersx/parameters/3ob-3-1/N-H.skf
  /home/andersx/parameters/3ob-3-1/C-N.skf
  /home/andersx/parameters/3ob-3-1/C-C.skf
  /home/andersx/parameters/3ob-3-1/C-S.skf
  /home/andersx/parameters/3ob-3-1/C-H.skf
  /home/andersx/parameters/3ob-3-1/S-N.skf
  /home/andersx/parameters/3ob-3-1/S-C.skf
  /home/andersx/parameters/3ob-3-1/S-S.skf
  /home/andersx/parameters/3ob-3-1/S-H.skf
  /home/andersx/parameters/3ob-3-1/H-N.skf
  /home/andersx/parameters/3ob-3-1/H-C.skf
  /home/andersx/parameters/3ob-3-1/H-S.skf
  /home/andersx/parameters/3ob-3-1/H-H.skf
Done.

Starting initialization...
--------------------------------------------------------------------------------
Mode:                        Static calculation
Self consistent charges:     Yes
SCC-tolerance:                 0.100000E-05
Max. scc iterations:                    100
Ewald alpha parameter:         0.000000E+00
Spin polarisation:           No
Nr. of up electrons:            17.000000
Nr. of down electrons:          17.000000
Periodic boundaries:         No
Diagonalizer:                Divide and Conquer
Mixer:                       Anderson mixer
Mixing parameter:                  0.200000
Maximal SCC-cycles:                     100
Nr. of chrg. vectors to mix:              8
Electronic temperature:        0.100000E-07
Initial charges:             Set automatically (system chrg:   0.000E+00)
Included shells:              N:  s, p
                              C:  s, p
                              S:  s, p, d
                              H:  s
Full 3rd order correction    Yes
Damped SCC                   Yes
Damped specie(s):            H                                                 
Extra options:
--------------------------------------------------------------------------------
 

********************************************************************************
** Geometry step: 0
********************************************************************************

  iSCC Total electronic   Diff electronic      SCC error    
    1   -0.15221937E+02    0.00000000E+00    0.60375490E+00
    2   -0.15222904E+02   -0.96750966E-03    0.59085947E+00
    3   -0.15243295E+02   -0.20391212E-01    0.13474175E+00
    4   -0.15243262E+02    0.33348780E-04    0.13473864E+00
    5   -0.15243765E+02   -0.50276760E-03    0.18935208E-01
    6   -0.15243761E+02    0.33997890E-05    0.15530108E-01
    7   -0.15243734E+02    0.27431813E-04    0.19118478E-01
    8   -0.15243793E+02   -0.58632481E-04    0.61240299E-02
    9   -0.15243792E+02    0.65910951E-06    0.53651425E-02
   10   -0.15243794E+02   -0.23501447E-05    0.15166783E-02
   11   -0.15243794E+02   -0.17044970E-06    0.57525077E-03
   12   -0.15243794E+02   -0.17895371E-07    0.60643968E-04
   13   -0.15243794E+02   -0.75253581E-09    0.20427082E-04
   14   -0.15243794E+02   -0.19079849E-10    0.77287058E-05
   15   -0.15243794E+02   -0.10782486E-11    0.20180191E-06
>> Charges saved for restart in charges.bin
 
 Total Energy:                     -14.7362934361 H
 Total Mermin free energy:         -14.7362934361 H
