================================================================================
==
==   Density Functional based Tight Binding with a lot of extensions (DFTB+)    
==
==                              Release: 1.2 (p2)
==
==                            (ParserVersion = 4)
==
================================================================================


********************************************************************************
** Parsing and initializing
********************************************************************************

Interpreting input file 'dftb_in.hsd'
--------------------------------------------------------------------------------
WARNING!
-> WriteHSDInput and WriteXMLInput both turned off. You won't eventually be 
 able to obtain the same results with a later version of the code!
Path: dftb_in/ParserOptions
Line: 77-80 (File: dftb_in.hsd)

Reading SK-files:
  /home/andersx/parameters/3ob-3-1/N-N.skf
  /home/andersx/parameters/3ob-3-1/N-C.skf
  /home/andersx/parameters/3ob-3-1/N-S.skf
  /home/andersx/parameters/3ob-3-1/N-H.skf
  /home/andersx/parameters/3ob-3-1/C-N.skf
  /home/andersx/parameters/3ob-3-1/C-C.skf
  /home/andersx/parameters/3ob-3-1/C-S.skf
  /home/andersx/parameters/3ob-3-1/C-H.skf
  /home/andersx/parameters/3ob-3-1/S-N.skf
  /home/andersx/parameters/3ob-3-1/S-C.skf
  /home/andersx/parameters/3ob-3-1/S-S.skf
  /home/andersx/parameters/3ob-3-1/S-H.skf
  /home/andersx/parameters/3ob-3-1/H-N.skf
  /home/andersx/parameters/3ob-3-1/H-C.skf
  /home/andersx/parameters/3ob-3-1/H-S.skf
  /home/andersx/parameters/3ob-3-1/H-H.skf
Done.

Starting initialization...
--------------------------------------------------------------------------------
Mode:                        Static calculation
Self consistent charges:     Yes
SCC-tolerance:                 0.100000E-05
Max. scc iterations:                    100
Ewald alpha parameter:         0.000000E+00
Spin polarisation:           No
Nr. of up electrons:            17.000000
Nr. of down electrons:          17.000000
Periodic boundaries:         No
Diagonalizer:                Divide and Conquer
Mixer:                       Anderson mixer
Mixing parameter:                  0.200000
Maximal SCC-cycles:                     100
Nr. of chrg. vectors to mix:              8
Electronic temperature:        0.100000E-07
Initial charges:             Set automatically (system chrg:   0.000E+00)
Included shells:              N:  s, p
                              C:  s, p
                              S:  s, p, d
                              H:  s
Full 3rd order correction    Yes
Damped SCC                   Yes
Damped specie(s):            H                                                 
Extra options:
--------------------------------------------------------------------------------
 

********************************************************************************
** Geometry step: 0
********************************************************************************

  iSCC Total electronic   Diff electronic      SCC error    
    1   -0.15230272E+02    0.00000000E+00    0.58799024E+00
    2   -0.15231171E+02   -0.89894443E-03    0.57569138E+00
    3   -0.15251121E+02   -0.19950166E-01    0.13584442E+00
    4   -0.15251098E+02    0.23343991E-04    0.13429671E+00
    5   -0.15251500E+02   -0.40150187E-03    0.28459059E-01
    6   -0.15251470E+02    0.29624781E-04    0.20328980E-01
    7   -0.15251460E+02    0.95525087E-05    0.21211577E-01
    8   -0.15251532E+02   -0.71543813E-04    0.48680656E-02
    9   -0.15251532E+02    0.43645006E-06    0.55936754E-02
   10   -0.15251533E+02   -0.16614402E-05    0.27689875E-02
   11   -0.15251534E+02   -0.31930164E-06    0.83476696E-03
   12   -0.15251534E+02   -0.41869214E-07    0.12620011E-03
   13   -0.15251534E+02   -0.39327581E-08    0.48304806E-04
   14   -0.15251534E+02   -0.55384852E-09    0.11067552E-04
   15   -0.15251534E+02   -0.12878587E-11    0.26382594E-06
>> Charges saved for restart in charges.bin
 
 Total Energy:                     -14.7788370705 H
 Total Mermin free energy:         -14.7788370705 H
