================================================================================
==
==   Density Functional based Tight Binding with a lot of extensions (DFTB+)    
==
==                              Release: 1.2 (p2)
==
==                            (ParserVersion = 4)
==
================================================================================


********************************************************************************
** Parsing and initializing
********************************************************************************

Interpreting input file 'dftb_in.hsd'
--------------------------------------------------------------------------------
WARNING!
-> WriteHSDInput and WriteXMLInput both turned off. You won't eventually be 
 able to obtain the same results with a later version of the code!
Path: dftb_in/ParserOptions
Line: 83-86 (File: dftb_in.hsd)

Reading SK-files:
  /home/andersx/parameters/3ob-3-1/N-N.skf
  /home/andersx/parameters/3ob-3-1/N-C.skf
  /home/andersx/parameters/3ob-3-1/N-S.skf
  /home/andersx/parameters/3ob-3-1/N-H.skf
  /home/andersx/parameters/3ob-3-1/C-N.skf
  /home/andersx/parameters/3ob-3-1/C-C.skf
  /home/andersx/parameters/3ob-3-1/C-S.skf
  /home/andersx/parameters/3ob-3-1/C-H.skf
  /home/andersx/parameters/3ob-3-1/S-N.skf
  /home/andersx/parameters/3ob-3-1/S-C.skf
  /home/andersx/parameters/3ob-3-1/S-S.skf
  /home/andersx/parameters/3ob-3-1/S-H.skf
  /home/andersx/parameters/3ob-3-1/H-N.skf
  /home/andersx/parameters/3ob-3-1/H-C.skf
  /home/andersx/parameters/3ob-3-1/H-S.skf
  /home/andersx/parameters/3ob-3-1/H-H.skf
Done.

Starting initialization...
--------------------------------------------------------------------------------
Mode:                        Static calculation
Self consistent charges:     Yes
SCC-tolerance:                 0.100000E-05
Max. scc iterations:                    100
Ewald alpha parameter:         0.000000E+00
Spin polarisation:           No
Nr. of up electrons:            20.000000
Nr. of down electrons:          20.000000
Periodic boundaries:         No
Diagonalizer:                Divide and Conquer
Mixer:                       Anderson mixer
Mixing parameter:                  0.200000
Maximal SCC-cycles:                     100
Nr. of chrg. vectors to mix:              8
Electronic temperature:        0.100000E-07
Initial charges:             Set automatically (system chrg:   0.000E+00)
Included shells:              N:  s, p
                              C:  s, p
                              S:  s, p, d
                              H:  s
Full 3rd order correction    Yes
Damped SCC                   Yes
Damped specie(s):            H                                                 
Extra options:
--------------------------------------------------------------------------------
 

********************************************************************************
** Geometry step: 0
********************************************************************************

  iSCC Total electronic   Diff electronic      SCC error    
    1   -0.17300090E+02    0.00000000E+00    0.93082294E+00
    2   -0.17300730E+02   -0.63907942E-03    0.91676042E+00
    3   -0.17316814E+02   -0.16084831E-01    0.19129196E+00
    4   -0.17317451E+02   -0.63701226E-03    0.19446204E+00
    5   -0.17318159E+02   -0.70796007E-03    0.14387974E+00
    6   -0.17318828E+02   -0.66843774E-03    0.24874500E-01
    7   -0.17318828E+02   -0.10604316E-06    0.24769478E-01
    8   -0.17318860E+02   -0.32247688E-04    0.44740515E-02
    9   -0.17318861E+02   -0.60600487E-06    0.15139513E-02
   10   -0.17318861E+02   -0.40811057E-06    0.16238373E-02
   11   -0.17318861E+02   -0.20571807E-07    0.78866259E-03
   12   -0.17318861E+02   -0.52159468E-07    0.25103404E-03
   13   -0.17318861E+02   -0.19799558E-08    0.14864521E-03
   14   -0.17318861E+02   -0.35141667E-09    0.14342031E-04
   15   -0.17318861E+02   -0.12857271E-10    0.15263787E-05
   16   -0.17318861E+02   -0.63948846E-13    0.44377810E-06
>> Charges saved for restart in charges.bin
 
 Total Energy:                     -17.0502771870 H
 Total Mermin free energy:         -17.0502771870 H
