================================================================================
==
==   Density Functional based Tight Binding with a lot of extensions (DFTB+)    
==
==                              Release: 1.2 (p2)
==
==                            (ParserVersion = 4)
==
================================================================================


********************************************************************************
** Parsing and initializing
********************************************************************************

Interpreting input file 'dftb_in.hsd'
--------------------------------------------------------------------------------
WARNING!
-> WriteHSDInput and WriteXMLInput both turned off. You won't eventually be 
 able to obtain the same results with a later version of the code!
Path: dftb_in/ParserOptions
Line: 71-74 (File: dftb_in.hsd)

Reading SK-files:
  /home/andersx/parameters/3ob-3-1/C-C.skf
  /home/andersx/parameters/3ob-3-1/C-O.skf
  /home/andersx/parameters/3ob-3-1/C-H.skf
  /home/andersx/parameters/3ob-3-1/O-C.skf
  /home/andersx/parameters/3ob-3-1/O-O.skf
  /home/andersx/parameters/3ob-3-1/O-H.skf
  /home/andersx/parameters/3ob-3-1/H-C.skf
  /home/andersx/parameters/3ob-3-1/H-O.skf
  /home/andersx/parameters/3ob-3-1/H-H.skf
Done.

Starting initialization...
--------------------------------------------------------------------------------
Mode:                        Static calculation
Self consistent charges:     Yes
SCC-tolerance:                 0.100000E-05
Max. scc iterations:                    100
Ewald alpha parameter:         0.000000E+00
Spin polarisation:           No
Nr. of up electrons:            17.000000
Nr. of down electrons:          17.000000
Periodic boundaries:         No
Diagonalizer:                Divide and Conquer
Mixer:                       Anderson mixer
Mixing parameter:                  0.200000
Maximal SCC-cycles:                     100
Nr. of chrg. vectors to mix:              8
Electronic temperature:        0.100000E-07
Initial charges:             Set automatically (system chrg:   0.000E+00)
Included shells:              C:  s, p
                              O:  s, p
                              H:  s
Full 3rd order correction    Yes
Damped SCC                   Yes
Damped specie(s):            H                                                 
Extra options:
--------------------------------------------------------------------------------
 

********************************************************************************
** Geometry step: 0
********************************************************************************

  iSCC Total electronic   Diff electronic      SCC error    
    1   -0.15769594E+02    0.00000000E+00    0.61054088E+00
    2   -0.15769998E+02   -0.40378180E-03    0.60314193E+00
    3   -0.15781693E+02   -0.11695354E-01    0.95177246E-01
    4   -0.15781649E+02    0.44050080E-04    0.90139475E-01
    5   -0.15781896E+02   -0.24735387E-03    0.22552201E-01
    6   -0.15781910E+02   -0.14002799E-04    0.15508509E-01
    7   -0.15781895E+02    0.15408967E-04    0.12639386E-01
    8   -0.15781920E+02   -0.25531996E-04    0.93669272E-03
    9   -0.15781920E+02   -0.38180801E-08    0.68116238E-03
   10   -0.15781920E+02   -0.73824893E-07    0.69265787E-04
   11   -0.15781920E+02   -0.45092285E-09    0.86745704E-05
   12   -0.15781920E+02   -0.71818107E-11    0.24020879E-06
>> Charges saved for restart in charges.bin
 
 Total Energy:                     -15.6782127355 H
 Total Mermin free energy:         -15.6782127355 H
