================================================================================
==
==   Density Functional based Tight Binding with a lot of extensions (DFTB+)    
==
==                              Release: 1.2 (p2)
==
==                            (ParserVersion = 4)
==
================================================================================


********************************************************************************
** Parsing and initializing
********************************************************************************

Interpreting input file 'dftb_in.hsd'
--------------------------------------------------------------------------------
WARNING!
-> WriteHSDInput and WriteXMLInput both turned off. You won't eventually be 
 able to obtain the same results with a later version of the code!
Path: dftb_in/ParserOptions
Line: 81-84 (File: dftb_in.hsd)

Reading SK-files:
  /home/andersx/parameters/3ob-3-1/O-O.skf
  /home/andersx/parameters/3ob-3-1/O-C.skf
  /home/andersx/parameters/3ob-3-1/O-S.skf
  /home/andersx/parameters/3ob-3-1/O-H.skf
  /home/andersx/parameters/3ob-3-1/C-O.skf
  /home/andersx/parameters/3ob-3-1/C-C.skf
  /home/andersx/parameters/3ob-3-1/C-S.skf
  /home/andersx/parameters/3ob-3-1/C-H.skf
  /home/andersx/parameters/3ob-3-1/S-O.skf
  /home/andersx/parameters/3ob-3-1/S-C.skf
  /home/andersx/parameters/3ob-3-1/S-S.skf
  /home/andersx/parameters/3ob-3-1/S-H.skf
  /home/andersx/parameters/3ob-3-1/H-O.skf
  /home/andersx/parameters/3ob-3-1/H-C.skf
  /home/andersx/parameters/3ob-3-1/H-S.skf
  /home/andersx/parameters/3ob-3-1/H-H.skf
Done.

Starting initialization...
--------------------------------------------------------------------------------
Mode:                        Static calculation
Self consistent charges:     Yes
SCC-tolerance:                 0.100000E-05
Max. scc iterations:                    100
Ewald alpha parameter:         0.000000E+00
Spin polarisation:           No
Nr. of up electrons:            19.000000
Nr. of down electrons:          19.000000
Periodic boundaries:         No
Diagonalizer:                Divide and Conquer
Mixer:                       Anderson mixer
Mixing parameter:                  0.200000
Maximal SCC-cycles:                     100
Nr. of chrg. vectors to mix:              8
Electronic temperature:        0.100000E-07
Initial charges:             Set automatically (system chrg:   0.000E+00)
Included shells:              O:  s, p
                              C:  s, p
                              S:  s, p, d
                              H:  s
Full 3rd order correction    Yes
Damped SCC                   Yes
Damped specie(s):            H                                                 
Extra options:
--------------------------------------------------------------------------------
 

********************************************************************************
** Geometry step: 0
********************************************************************************

  iSCC Total electronic   Diff electronic      SCC error    
    1   -0.16650378E+02    0.00000000E+00    0.67619559E+00
    2   -0.16650710E+02   -0.33202207E-03    0.66716483E+00
    3   -0.16657381E+02   -0.66717391E-02    0.10967242E+00
    4   -0.16657155E+02    0.22638864E-03    0.11544827E+00
    5   -0.16658555E+02   -0.13999641E-02    0.47567476E-01
    6   -0.16658714E+02   -0.15949662E-03    0.13178591E-01
    7   -0.16658724E+02   -0.98374900E-05    0.20104864E-01
    8   -0.16658735E+02   -0.11256164E-04    0.51827267E-02
    9   -0.16658736E+02   -0.39303244E-06    0.22829521E-02
   10   -0.16658736E+02   -0.10055840E-06    0.32511506E-03
   11   -0.16658736E+02   -0.35872354E-08    0.14144614E-03
   12   -0.16658736E+02   -0.70160411E-09    0.50373284E-04
   13   -0.16658736E+02   -0.62517103E-10    0.16717840E-05
   14   -0.16658736E+02   -0.16342483E-12    0.46563765E-06
>> Charges saved for restart in charges.bin
 
 Total Energy:                     -16.5222290376 H
 Total Mermin free energy:         -16.5222290376 H
