================================================================================
==
==   Density Functional based Tight Binding with a lot of extensions (DFTB+)    
==
==                              Release: 1.2 (p2)
==
==                            (ParserVersion = 4)
==
================================================================================


********************************************************************************
** Parsing and initializing
********************************************************************************

Interpreting input file 'dftb_in.hsd'
--------------------------------------------------------------------------------
WARNING!
-> WriteHSDInput and WriteXMLInput both turned off. You won't eventually be 
 able to obtain the same results with a later version of the code!
Path: dftb_in/ParserOptions
Line: 73-76 (File: dftb_in.hsd)

Reading SK-files:
  /home/andersx/parameters/3ob-3-1/C-C.skf
  /home/andersx/parameters/3ob-3-1/C-O.skf
  /home/andersx/parameters/3ob-3-1/C-H.skf
  /home/andersx/parameters/3ob-3-1/O-C.skf
  /home/andersx/parameters/3ob-3-1/O-O.skf
  /home/andersx/parameters/3ob-3-1/O-H.skf
  /home/andersx/parameters/3ob-3-1/H-C.skf
  /home/andersx/parameters/3ob-3-1/H-O.skf
  /home/andersx/parameters/3ob-3-1/H-H.skf
Done.

Starting initialization...
--------------------------------------------------------------------------------
Mode:                        Static calculation
Self consistent charges:     Yes
SCC-tolerance:                 0.100000E-05
Max. scc iterations:                    100
Ewald alpha parameter:         0.000000E+00
Spin polarisation:           No
Nr. of up electrons:            18.000000
Nr. of down electrons:          18.000000
Periodic boundaries:         No
Diagonalizer:                Divide and Conquer
Mixer:                       Anderson mixer
Mixing parameter:                  0.200000
Maximal SCC-cycles:                     100
Nr. of chrg. vectors to mix:              8
Electronic temperature:        0.100000E-07
Initial charges:             Set automatically (system chrg:   0.000E+00)
Included shells:              C:  s, p
                              O:  s, p
                              H:  s
Full 3rd order correction    Yes
Damped SCC                   Yes
Damped specie(s):            H                                                 
Extra options:
--------------------------------------------------------------------------------
 

********************************************************************************
** Geometry step: 0
********************************************************************************

  iSCC Total electronic   Diff electronic      SCC error    
    1   -0.16430862E+02    0.00000000E+00    0.68262137E+00
    2   -0.16431358E+02   -0.49603406E-03    0.67390017E+00
    3   -0.16445462E+02   -0.14103836E-01    0.98272064E-01
    4   -0.16445360E+02    0.10211220E-03    0.91360064E-01
    5   -0.16445603E+02   -0.24288560E-03    0.64069603E-01
    6   -0.16445708E+02   -0.10480023E-03    0.16840320E-01
    7   -0.16445707E+02    0.85578413E-06    0.15374773E-01
    8   -0.16445717E+02   -0.10458214E-04    0.18522929E-02
    9   -0.16445717E+02   -0.18467585E-07    0.98822973E-03
   10   -0.16445717E+02   -0.52063033E-07    0.86522078E-03
   11   -0.16445717E+02   -0.86451948E-08    0.37103456E-03
   12   -0.16445717E+02   -0.97421449E-09    0.33072152E-04
   13   -0.16445717E+02   -0.10151524E-09    0.10512819E-04
   14   -0.16445717E+02   -0.99902309E-11    0.14034659E-05
   15   -0.16445717E+02   -0.92370556E-13    0.99762930E-07
>> Charges saved for restart in charges.bin
 
 Total Energy:                     -16.4410762166 H
 Total Mermin free energy:         -16.4410762166 H
