================================================================================
==
==   Density Functional based Tight Binding with a lot of extensions (DFTB+)    
==
==                              Release: 1.2 (p2)
==
==                            (ParserVersion = 4)
==
================================================================================


********************************************************************************
** Parsing and initializing
********************************************************************************

Interpreting input file 'dftb_in.hsd'
--------------------------------------------------------------------------------
WARNING!
-> WriteHSDInput and WriteXMLInput both turned off. You won't eventually be 
 able to obtain the same results with a later version of the code!
Path: dftb_in/ParserOptions
Line: 81-84 (File: dftb_in.hsd)

Reading SK-files:
  /home/andersx/parameters/3ob-3-1/O-O.skf
  /home/andersx/parameters/3ob-3-1/O-C.skf
  /home/andersx/parameters/3ob-3-1/O-S.skf
  /home/andersx/parameters/3ob-3-1/O-H.skf
  /home/andersx/parameters/3ob-3-1/C-O.skf
  /home/andersx/parameters/3ob-3-1/C-C.skf
  /home/andersx/parameters/3ob-3-1/C-S.skf
  /home/andersx/parameters/3ob-3-1/C-H.skf
  /home/andersx/parameters/3ob-3-1/S-O.skf
  /home/andersx/parameters/3ob-3-1/S-C.skf
  /home/andersx/parameters/3ob-3-1/S-S.skf
  /home/andersx/parameters/3ob-3-1/S-H.skf
  /home/andersx/parameters/3ob-3-1/H-O.skf
  /home/andersx/parameters/3ob-3-1/H-C.skf
  /home/andersx/parameters/3ob-3-1/H-S.skf
  /home/andersx/parameters/3ob-3-1/H-H.skf
Done.

Starting initialization...
--------------------------------------------------------------------------------
Mode:                        Static calculation
Self consistent charges:     Yes
SCC-tolerance:                 0.100000E-05
Max. scc iterations:                    100
Ewald alpha parameter:         0.000000E+00
Spin polarisation:           No
Nr. of up electrons:            21.000000
Nr. of down electrons:          21.000000
Periodic boundaries:         No
Diagonalizer:                Divide and Conquer
Mixer:                       Anderson mixer
Mixing parameter:                  0.200000
Maximal SCC-cycles:                     100
Nr. of chrg. vectors to mix:              8
Electronic temperature:        0.100000E-07
Initial charges:             Set automatically (system chrg:   0.000E+00)
Included shells:              O:  s, p
                              C:  s, p
                              S:  s, p, d
                              H:  s
Full 3rd order correction    Yes
Damped SCC                   Yes
Damped specie(s):            H                                                 
Extra options:
--------------------------------------------------------------------------------
 

********************************************************************************
** Geometry step: 0
********************************************************************************

  iSCC Total electronic   Diff electronic      SCC error    
    1   -0.19952151E+02    0.00000000E+00    0.15924098E+01
    2   -0.19953810E+02   -0.16593991E-02    0.15689720E+01
    3   -0.20005330E+02   -0.51520122E-01    0.21552293E+00
    4   -0.20007525E+02   -0.21947576E-02    0.16518901E+00
    5   -0.20005356E+02    0.21693938E-02    0.26798920E+00
    6   -0.20008698E+02   -0.33419771E-02    0.49551707E-01
    7   -0.20008700E+02   -0.21149418E-05    0.49012601E-01
    8   -0.20008792E+02   -0.92365929E-04    0.46844131E-02
    9   -0.20008793E+02   -0.68623325E-06    0.38695243E-02
   10   -0.20008795E+02   -0.19298479E-05    0.63057389E-03
   11   -0.20008795E+02   -0.30857755E-07    0.36575215E-03
   12   -0.20008795E+02   -0.16093797E-07    0.44277060E-04
   13   -0.20008795E+02   -0.13389823E-09    0.14044409E-04
   14   -0.20008795E+02   -0.65654149E-11    0.75496034E-06
>> Charges saved for restart in charges.bin
 
 Total Energy:                     -19.6738841104 H
 Total Mermin free energy:         -19.6738841104 H
