================================================================================
==
==   Density Functional based Tight Binding with a lot of extensions (DFTB+)    
==
==                              Release: 1.2 (p2)
==
==                            (ParserVersion = 4)
==
================================================================================


********************************************************************************
** Parsing and initializing
********************************************************************************

Interpreting input file 'dftb_in.hsd'
--------------------------------------------------------------------------------
WARNING!
-> WriteHSDInput and WriteXMLInput both turned off. You won't eventually be 
 able to obtain the same results with a later version of the code!
Path: dftb_in/ParserOptions
Line: 79-82 (File: dftb_in.hsd)

Reading SK-files:
  /home/andersx/parameters/3ob-3-1/O-O.skf
  /home/andersx/parameters/3ob-3-1/O-C.skf
  /home/andersx/parameters/3ob-3-1/O-S.skf
  /home/andersx/parameters/3ob-3-1/O-H.skf
  /home/andersx/parameters/3ob-3-1/C-O.skf
  /home/andersx/parameters/3ob-3-1/C-C.skf
  /home/andersx/parameters/3ob-3-1/C-S.skf
  /home/andersx/parameters/3ob-3-1/C-H.skf
  /home/andersx/parameters/3ob-3-1/S-O.skf
  /home/andersx/parameters/3ob-3-1/S-C.skf
  /home/andersx/parameters/3ob-3-1/S-S.skf
  /home/andersx/parameters/3ob-3-1/S-H.skf
  /home/andersx/parameters/3ob-3-1/H-O.skf
  /home/andersx/parameters/3ob-3-1/H-C.skf
  /home/andersx/parameters/3ob-3-1/H-S.skf
  /home/andersx/parameters/3ob-3-1/H-H.skf
Done.

Starting initialization...
--------------------------------------------------------------------------------
Mode:                        Static calculation
Self consistent charges:     Yes
SCC-tolerance:                 0.100000E-05
Max. scc iterations:                    100
Ewald alpha parameter:         0.000000E+00
Spin polarisation:           No
Nr. of up electrons:            20.000000
Nr. of down electrons:          20.000000
Periodic boundaries:         No
Diagonalizer:                Divide and Conquer
Mixer:                       Anderson mixer
Mixing parameter:                  0.200000
Maximal SCC-cycles:                     100
Nr. of chrg. vectors to mix:              8
Electronic temperature:        0.100000E-07
Initial charges:             Set automatically (system chrg:   0.000E+00)
Included shells:              O:  s, p
                              C:  s, p
                              S:  s, p, d
                              H:  s
Full 3rd order correction    Yes
Damped SCC                   Yes
Damped specie(s):            H                                                 
Extra options:
--------------------------------------------------------------------------------
 

********************************************************************************
** Geometry step: 0
********************************************************************************

  iSCC Total electronic   Diff electronic      SCC error    
    1   -0.19284343E+02    0.00000000E+00    0.16674842E+01
    2   -0.19286033E+02   -0.16901918E-02    0.16429394E+01
    3   -0.19340227E+02   -0.54194747E-01    0.24965726E+00
    4   -0.19343233E+02   -0.30050532E-02    0.13474167E+00
    5   -0.19340253E+02    0.29793880E-02    0.30998461E+00
    6   -0.19344646E+02   -0.43930255E-02    0.80767713E-01
    7   -0.19344617E+02    0.29465160E-04    0.86474481E-01
    8   -0.19344855E+02   -0.23861022E-03    0.10870019E-01
    9   -0.19344856E+02   -0.73830711E-06    0.88283095E-02
   10   -0.19344859E+02   -0.29736666E-05    0.18308713E-02
   11   -0.19344859E+02   -0.16426178E-06    0.24356519E-03
   12   -0.19344859E+02   -0.69504651E-08    0.72732058E-04
   13   -0.19344859E+02   -0.20387958E-09    0.63944675E-05
   14   -0.19344859E+02   -0.18545165E-11    0.17446945E-05
   15   -0.19344859E+02   -0.13500312E-12    0.64271866E-07
>> Charges saved for restart in charges.bin
 
 Total Energy:                     -18.8684254894 H
 Total Mermin free energy:         -18.8684254894 H
