================================================================================
==
==   Density Functional based Tight Binding with a lot of extensions (DFTB+)    
==
==                              Release: 1.2 (p2)
==
==                            (ParserVersion = 4)
==
================================================================================


********************************************************************************
** Parsing and initializing
********************************************************************************

Interpreting input file 'dftb_in.hsd'
--------------------------------------------------------------------------------
WARNING!
-> WriteHSDInput and WriteXMLInput both turned off. You won't eventually be 
 able to obtain the same results with a later version of the code!
Path: dftb_in/ParserOptions
Line: 75-78 (File: dftb_in.hsd)

Reading SK-files:
  /home/andersx/parameters/3ob-3-1/C-C.skf
  /home/andersx/parameters/3ob-3-1/C-O.skf
  /home/andersx/parameters/3ob-3-1/C-H.skf
  /home/andersx/parameters/3ob-3-1/O-C.skf
  /home/andersx/parameters/3ob-3-1/O-O.skf
  /home/andersx/parameters/3ob-3-1/O-H.skf
  /home/andersx/parameters/3ob-3-1/H-C.skf
  /home/andersx/parameters/3ob-3-1/H-O.skf
  /home/andersx/parameters/3ob-3-1/H-H.skf
Done.

Starting initialization...
--------------------------------------------------------------------------------
Mode:                        Static calculation
Self consistent charges:     Yes
SCC-tolerance:                 0.100000E-05
Max. scc iterations:                    100
Ewald alpha parameter:         0.000000E+00
Spin polarisation:           No
Nr. of up electrons:            18.000000
Nr. of down electrons:          18.000000
Periodic boundaries:         No
Diagonalizer:                Divide and Conquer
Mixer:                       Anderson mixer
Mixing parameter:                  0.200000
Maximal SCC-cycles:                     100
Nr. of chrg. vectors to mix:              8
Electronic temperature:        0.100000E-07
Initial charges:             Set automatically (system chrg:   0.000E+00)
Included shells:              C:  s, p
                              O:  s, p
                              H:  s
Full 3rd order correction    Yes
Damped SCC                   Yes
Damped specie(s):            H                                                 
Extra options:
--------------------------------------------------------------------------------
 

********************************************************************************
** Geometry step: 0
********************************************************************************

  iSCC Total electronic   Diff electronic      SCC error    
    1   -0.15500016E+02    0.00000000E+00    0.64640835E+00
    2   -0.15500489E+02   -0.47308867E-03    0.63603945E+00
    3   -0.15513094E+02   -0.12604824E-01    0.96368627E-01
    4   -0.15512958E+02    0.13570059E-03    0.90451599E-01
    5   -0.15513174E+02   -0.21613550E-03    0.85281963E-01
    6   -0.15513374E+02   -0.19971512E-03    0.11347498E-01
    7   -0.15513360E+02    0.14477375E-04    0.17115917E-01
    8   -0.15513378E+02   -0.18549063E-04    0.54143648E-02
    9   -0.15513379E+02   -0.10677364E-05    0.11188546E-02
   10   -0.15513379E+02   -0.33597836E-07    0.34020631E-03
   11   -0.15513379E+02   -0.33532217E-08    0.12503195E-03
   12   -0.15513379E+02   -0.56485661E-09    0.11327160E-04
   13   -0.15513379E+02   -0.72049033E-11    0.27715164E-05
   14   -0.15513379E+02   -0.49382720E-12    0.23716671E-06
>> Charges saved for restart in charges.bin
 
 Total Energy:                     -15.6130881355 H
 Total Mermin free energy:         -15.6130881355 H
