================================================================================
==
==   Density Functional based Tight Binding with a lot of extensions (DFTB+)    
==
==                              Release: 1.2 (p2)
==
==                            (ParserVersion = 4)
==
================================================================================


********************************************************************************
** Parsing and initializing
********************************************************************************

Interpreting input file 'dftb_in.hsd'
--------------------------------------------------------------------------------
WARNING!
-> WriteHSDInput and WriteXMLInput both turned off. You won't eventually be 
 able to obtain the same results with a later version of the code!
Path: dftb_in/ParserOptions
Line: 81-84 (File: dftb_in.hsd)

Reading SK-files:
  /home/andersx/parameters/3ob-3-1/S-S.skf
  /home/andersx/parameters/3ob-3-1/S-C.skf
  /home/andersx/parameters/3ob-3-1/S-N.skf
  /home/andersx/parameters/3ob-3-1/S-H.skf
  /home/andersx/parameters/3ob-3-1/C-S.skf
  /home/andersx/parameters/3ob-3-1/C-C.skf
  /home/andersx/parameters/3ob-3-1/C-N.skf
  /home/andersx/parameters/3ob-3-1/C-H.skf
  /home/andersx/parameters/3ob-3-1/N-S.skf
  /home/andersx/parameters/3ob-3-1/N-C.skf
  /home/andersx/parameters/3ob-3-1/N-N.skf
  /home/andersx/parameters/3ob-3-1/N-H.skf
  /home/andersx/parameters/3ob-3-1/H-S.skf
  /home/andersx/parameters/3ob-3-1/H-C.skf
  /home/andersx/parameters/3ob-3-1/H-N.skf
  /home/andersx/parameters/3ob-3-1/H-H.skf
Done.

Starting initialization...
--------------------------------------------------------------------------------
Mode:                        Static calculation
Self consistent charges:     Yes
SCC-tolerance:                 0.100000E-05
Max. scc iterations:                    100
Ewald alpha parameter:         0.000000E+00
Spin polarisation:           No
Nr. of up electrons:            19.000000
Nr. of down electrons:          19.000000
Periodic boundaries:         No
Diagonalizer:                Divide and Conquer
Mixer:                       Anderson mixer
Mixing parameter:                  0.200000
Maximal SCC-cycles:                     100
Nr. of chrg. vectors to mix:              8
Electronic temperature:        0.100000E-07
Initial charges:             Set automatically (system chrg:   0.000E+00)
Included shells:              S:  s, p, d
                              C:  s, p
                              N:  s, p
                              H:  s
Full 3rd order correction    Yes
Damped SCC                   Yes
Damped specie(s):            H                                                 
Extra options:
--------------------------------------------------------------------------------
 

********************************************************************************
** Geometry step: 0
********************************************************************************

  iSCC Total electronic   Diff electronic      SCC error    
    1   -0.16631324E+02    0.00000000E+00    0.92110410E+00
    2   -0.16631959E+02   -0.63511195E-03    0.90708761E+00
    3   -0.16648254E+02   -0.16295123E-01    0.15519020E+00
    4   -0.16648815E+02   -0.56118333E-03    0.15364752E+00
    5   -0.16649295E+02   -0.47975035E-03    0.13546211E+00
    6   -0.16649978E+02   -0.68301184E-03    0.18026037E-01
    7   -0.16649978E+02    0.31280270E-06    0.18103181E-01
    8   -0.16650005E+02   -0.27338935E-04    0.54747488E-02
    9   -0.16650006E+02   -0.11029174E-05    0.32688604E-02
   10   -0.16650007E+02   -0.55207571E-06    0.28861029E-02
   11   -0.16650007E+02   -0.80890786E-07    0.14136041E-02
   12   -0.16650007E+02   -0.79631260E-07    0.23757830E-03
   13   -0.16650007E+02   -0.16454607E-08    0.70521799E-04
   14   -0.16650007E+02   -0.36469672E-09    0.78621369E-05
   15   -0.16650007E+02   -0.44622084E-11    0.19275908E-05
   16   -0.16650007E+02   -0.39079850E-13    0.46588242E-06
>> Charges saved for restart in charges.bin
 
 Total Energy:                     -16.3073470310 H
 Total Mermin free energy:         -16.3073470310 H
