================================================================================
==
==   Density Functional based Tight Binding with a lot of extensions (DFTB+)    
==
==                              Release: 1.2 (p2)
==
==                            (ParserVersion = 4)
==
================================================================================


********************************************************************************
** Parsing and initializing
********************************************************************************

Interpreting input file 'dftb_in.hsd'
--------------------------------------------------------------------------------
WARNING!
-> WriteHSDInput and WriteXMLInput both turned off. You won't eventually be 
 able to obtain the same results with a later version of the code!
Path: dftb_in/ParserOptions
Line: 73-76 (File: dftb_in.hsd)

Reading SK-files:
  /home/andersx/parameters/3ob-3-1/C-C.skf
  /home/andersx/parameters/3ob-3-1/C-O.skf
  /home/andersx/parameters/3ob-3-1/C-H.skf
  /home/andersx/parameters/3ob-3-1/O-C.skf
  /home/andersx/parameters/3ob-3-1/O-O.skf
  /home/andersx/parameters/3ob-3-1/O-H.skf
  /home/andersx/parameters/3ob-3-1/H-C.skf
  /home/andersx/parameters/3ob-3-1/H-O.skf
  /home/andersx/parameters/3ob-3-1/H-H.skf
Done.

Starting initialization...
--------------------------------------------------------------------------------
Mode:                        Static calculation
Self consistent charges:     Yes
SCC-tolerance:                 0.100000E-05
Max. scc iterations:                    100
Ewald alpha parameter:         0.000000E+00
Spin polarisation:           No
Nr. of up electrons:            17.000000
Nr. of down electrons:          17.000000
Periodic boundaries:         No
Diagonalizer:                Divide and Conquer
Mixer:                       Anderson mixer
Mixing parameter:                  0.200000
Maximal SCC-cycles:                     100
Nr. of chrg. vectors to mix:              8
Electronic temperature:        0.100000E-07
Initial charges:             Set automatically (system chrg:   0.000E+00)
Included shells:              C:  s, p
                              O:  s, p
                              H:  s
Full 3rd order correction    Yes
Damped SCC                   Yes
Damped specie(s):            H                                                 
Extra options:
--------------------------------------------------------------------------------
 

********************************************************************************
** Geometry step: 0
********************************************************************************

  iSCC Total electronic   Diff electronic      SCC error    
    1   -0.14809912E+02    0.00000000E+00    0.64428678E+00
    2   -0.14810483E+02   -0.57085902E-03    0.63323305E+00
    3   -0.14826090E+02   -0.15607446E-01    0.87360470E-01
    4   -0.14826064E+02    0.26485715E-04    0.84062108E-01
    5   -0.14826156E+02   -0.92475522E-04    0.25664750E-01
    6   -0.14826173E+02   -0.17216500E-04    0.21363996E-01
    7   -0.14826173E+02    0.43432919E-07    0.20988803E-01
    8   -0.14826189E+02   -0.15907376E-04    0.35027469E-02
    9   -0.14826189E+02    0.11062731E-07    0.37659133E-02
   10   -0.14826190E+02   -0.54916909E-06    0.83896784E-03
   11   -0.14826190E+02   -0.12585319E-07    0.54015022E-03
   12   -0.14826190E+02   -0.15693038E-07    0.35171684E-04
   13   -0.14826190E+02   -0.11471002E-09    0.16153979E-04
   14   -0.14826190E+02   -0.48512305E-11    0.82603585E-06
>> Charges saved for restart in charges.bin
 
 Total Energy:                     -14.8087013363 H
 Total Mermin free energy:         -14.8087013363 H
