================================================================================
==
==   Density Functional based Tight Binding with a lot of extensions (DFTB+)    
==
==                              Release: 1.2 (p2)
==
==                            (ParserVersion = 4)
==
================================================================================


********************************************************************************
** Parsing and initializing
********************************************************************************

Interpreting input file 'dftb_in.hsd'
--------------------------------------------------------------------------------
WARNING!
-> WriteHSDInput and WriteXMLInput both turned off. You won't eventually be 
 able to obtain the same results with a later version of the code!
Path: dftb_in/ParserOptions
Line: 63-66 (File: dftb_in.hsd)

Reading SK-files:
  /home/andersx/parameters/3ob-3-1/C-C.skf
  /home/andersx/parameters/3ob-3-1/C-H.skf
  /home/andersx/parameters/3ob-3-1/H-C.skf
  /home/andersx/parameters/3ob-3-1/H-H.skf
Done.

Starting initialization...
--------------------------------------------------------------------------------
Mode:                        Static calculation
Self consistent charges:     Yes
SCC-tolerance:                 0.100000E-05
Max. scc iterations:                    100
Ewald alpha parameter:         0.000000E+00
Spin polarisation:           No
Nr. of up electrons:            13.000000
Nr. of down electrons:          13.000000
Periodic boundaries:         No
Diagonalizer:                Divide and Conquer
Mixer:                       Anderson mixer
Mixing parameter:                  0.200000
Maximal SCC-cycles:                     100
Nr. of chrg. vectors to mix:              8
Electronic temperature:        0.100000E-07
Initial charges:             Set automatically (system chrg:   0.000E+00)
Included shells:              C:  s, p
                              H:  s
Full 3rd order correction    Yes
Damped SCC                   Yes
Damped specie(s):            H                                                 
Extra options:
--------------------------------------------------------------------------------
 

********************************************************************************
** Geometry step: 0
********************************************************************************

  iSCC Total electronic   Diff electronic      SCC error    
    1   -0.10865073E+02    0.00000000E+00    0.35713502E+00
    2   -0.10865125E+02   -0.51606170E-04    0.35251343E+00
    3   -0.10866687E+02   -0.15620954E-02    0.33212303E-01
    4   -0.10866668E+02    0.19142948E-04    0.34011462E-01
    5   -0.10866681E+02   -0.13064569E-04    0.30673944E-01
    6   -0.10866736E+02   -0.55267156E-04    0.19445174E-01
    7   -0.10866737E+02   -0.63481124E-06    0.18557132E-01
    8   -0.10866749E+02   -0.12170049E-04    0.33043463E-02
    9   -0.10866749E+02   -0.49560439E-07    0.30162820E-02
   10   -0.10866749E+02   -0.21056572E-06    0.35442454E-03
   11   -0.10866749E+02   -0.58771406E-08    0.13814944E-03
   12   -0.10866749E+02   -0.17820039E-08    0.45310022E-04
   13   -0.10866749E+02   -0.46439297E-10    0.14538579E-04
   14   -0.10866749E+02   -0.12168044E-11    0.64990484E-06
>> Charges saved for restart in charges.bin
 
 Total Energy:                     -10.7237095800 H
 Total Mermin free energy:         -10.7237095800 H
