================================================================================
==
==   Density Functional based Tight Binding with a lot of extensions (DFTB+)    
==
==                              Release: 1.2 (p2)
==
==                            (ParserVersion = 4)
==
================================================================================


********************************************************************************
** Parsing and initializing
********************************************************************************

Interpreting input file 'dftb_in.hsd'
--------------------------------------------------------------------------------
WARNING!
-> WriteHSDInput and WriteXMLInput both turned off. You won't eventually be 
 able to obtain the same results with a later version of the code!
Path: dftb_in/ParserOptions
Line: 71-74 (File: dftb_in.hsd)

Reading SK-files:
  /home/andersx/parameters/3ob-3-1/C-C.skf
  /home/andersx/parameters/3ob-3-1/C-O.skf
  /home/andersx/parameters/3ob-3-1/C-H.skf
  /home/andersx/parameters/3ob-3-1/O-C.skf
  /home/andersx/parameters/3ob-3-1/O-O.skf
  /home/andersx/parameters/3ob-3-1/O-H.skf
  /home/andersx/parameters/3ob-3-1/H-C.skf
  /home/andersx/parameters/3ob-3-1/H-O.skf
  /home/andersx/parameters/3ob-3-1/H-H.skf
Done.

Starting initialization...
--------------------------------------------------------------------------------
Mode:                        Static calculation
Self consistent charges:     Yes
SCC-tolerance:                 0.100000E-05
Max. scc iterations:                    100
Ewald alpha parameter:         0.000000E+00
Spin polarisation:           No
Nr. of up electrons:            16.000000
Nr. of down electrons:          16.000000
Periodic boundaries:         No
Diagonalizer:                Divide and Conquer
Mixer:                       Anderson mixer
Mixing parameter:                  0.200000
Maximal SCC-cycles:                     100
Nr. of chrg. vectors to mix:              8
Electronic temperature:        0.100000E-07
Initial charges:             Set automatically (system chrg:   0.000E+00)
Included shells:              C:  s, p
                              O:  s, p
                              H:  s
Full 3rd order correction    Yes
Damped SCC                   Yes
Damped specie(s):            H                                                 
Extra options:
--------------------------------------------------------------------------------
 

********************************************************************************
** Geometry step: 0
********************************************************************************

  iSCC Total electronic   Diff electronic      SCC error    
    1   -0.14156364E+02    0.00000000E+00    0.62761641E+00
    2   -0.14156939E+02   -0.57541641E-03    0.61691864E+00
    3   -0.14173200E+02   -0.16260727E-01    0.67475730E-01
    4   -0.14173193E+02    0.70420124E-05    0.65924367E-01
    5   -0.14173246E+02   -0.52828819E-04    0.13457445E-01
    6   -0.14173249E+02   -0.35637935E-05    0.11947792E-01
    7   -0.14173251E+02   -0.13939443E-05    0.94976987E-02
    8   -0.14173255E+02   -0.39582664E-05    0.10029823E-02
    9   -0.14173255E+02   -0.91795922E-08    0.87707428E-03
   10   -0.14173255E+02   -0.48928198E-07    0.20217230E-03
   11   -0.14173255E+02   -0.24030697E-08    0.11961859E-03
   12   -0.14173255E+02   -0.24118840E-09    0.21077878E-04
   13   -0.14173255E+02   -0.15612400E-10    0.13531686E-05
   14   -0.14173255E+02   -0.78159701E-13    0.34019032E-06
>> Charges saved for restart in charges.bin
 
 Total Energy:                     -14.0158140212 H
 Total Mermin free energy:         -14.0158140212 H
