================================================================================
==
==   Density Functional based Tight Binding with a lot of extensions (DFTB+)    
==
==                              Release: 1.2 (p2)
==
==                            (ParserVersion = 4)
==
================================================================================


********************************************************************************
** Parsing and initializing
********************************************************************************

Interpreting input file 'dftb_in.hsd'
--------------------------------------------------------------------------------
WARNING!
-> WriteHSDInput and WriteXMLInput both turned off. You won't eventually be 
 able to obtain the same results with a later version of the code!
Path: dftb_in/ParserOptions
Line: 75-78 (File: dftb_in.hsd)

Reading SK-files:
  /home/andersx/parameters/3ob-3-1/C-C.skf
  /home/andersx/parameters/3ob-3-1/C-O.skf
  /home/andersx/parameters/3ob-3-1/C-H.skf
  /home/andersx/parameters/3ob-3-1/O-C.skf
  /home/andersx/parameters/3ob-3-1/O-O.skf
  /home/andersx/parameters/3ob-3-1/O-H.skf
  /home/andersx/parameters/3ob-3-1/H-C.skf
  /home/andersx/parameters/3ob-3-1/H-O.skf
  /home/andersx/parameters/3ob-3-1/H-H.skf
Done.

Starting initialization...
--------------------------------------------------------------------------------
Mode:                        Static calculation
Self consistent charges:     Yes
SCC-tolerance:                 0.100000E-05
Max. scc iterations:                    100
Ewald alpha parameter:         0.000000E+00
Spin polarisation:           No
Nr. of up electrons:            18.000000
Nr. of down electrons:          18.000000
Periodic boundaries:         No
Diagonalizer:                Divide and Conquer
Mixer:                       Anderson mixer
Mixing parameter:                  0.200000
Maximal SCC-cycles:                     100
Nr. of chrg. vectors to mix:              8
Electronic temperature:        0.100000E-07
Initial charges:             Set automatically (system chrg:   0.000E+00)
Included shells:              C:  s, p
                              O:  s, p
                              H:  s
Full 3rd order correction    Yes
Damped SCC                   Yes
Damped specie(s):            H                                                 
Extra options:
--------------------------------------------------------------------------------
 

********************************************************************************
** Geometry step: 0
********************************************************************************

  iSCC Total electronic   Diff electronic      SCC error    
    1   -0.15602198E+02    0.00000000E+00    0.68054493E+00
    2   -0.15602359E+02   -0.16121771E-03    0.67157342E+00
    3   -0.15606549E+02   -0.41896661E-02    0.61510069E-01
    4   -0.15606458E+02    0.90821999E-04    0.54828931E-01
    5   -0.15606570E+02   -0.11249650E-03    0.10374194E+00
    6   -0.15606796E+02   -0.22546276E-03    0.27905732E-01
    7   -0.15606708E+02    0.88166546E-04    0.59292158E-01
    8   -0.15606802E+02   -0.94569268E-04    0.19864435E-01
    9   -0.15606813E+02   -0.10394886E-04    0.27719409E-02
   10   -0.15606813E+02   -0.67146468E-07    0.26992252E-02
   11   -0.15606813E+02   -0.18983544E-06    0.35511428E-03
   12   -0.15606813E+02   -0.19672903E-08    0.22284742E-03
   13   -0.15606813E+02   -0.80064488E-09    0.22412125E-04
   14   -0.15606813E+02   -0.51217697E-10    0.46593770E-05
   15   -0.15606813E+02   -0.76028073E-12    0.39670298E-06
>> Charges saved for restart in charges.bin
 
 Total Energy:                     -15.6209946534 H
 Total Mermin free energy:         -15.6209946534 H
