================================================================================
==
==   Density Functional based Tight Binding with a lot of extensions (DFTB+)    
==
==                              Release: 1.2 (p2)
==
==                            (ParserVersion = 4)
==
================================================================================


********************************************************************************
** Parsing and initializing
********************************************************************************

Interpreting input file 'dftb_in.hsd'
--------------------------------------------------------------------------------
WARNING!
-> WriteHSDInput and WriteXMLInput both turned off. You won't eventually be 
 able to obtain the same results with a later version of the code!
Path: dftb_in/ParserOptions
Line: 77-80 (File: dftb_in.hsd)

Reading SK-files:
  /home/andersx/parameters/3ob-3-1/C-C.skf
  /home/andersx/parameters/3ob-3-1/C-O.skf
  /home/andersx/parameters/3ob-3-1/C-H.skf
  /home/andersx/parameters/3ob-3-1/O-C.skf
  /home/andersx/parameters/3ob-3-1/O-O.skf
  /home/andersx/parameters/3ob-3-1/O-H.skf
  /home/andersx/parameters/3ob-3-1/H-C.skf
  /home/andersx/parameters/3ob-3-1/H-O.skf
  /home/andersx/parameters/3ob-3-1/H-H.skf
Done.

Starting initialization...
--------------------------------------------------------------------------------
Mode:                        Static calculation
Self consistent charges:     Yes
SCC-tolerance:                 0.100000E-05
Max. scc iterations:                    100
Ewald alpha parameter:         0.000000E+00
Spin polarisation:           No
Nr. of up electrons:            19.000000
Nr. of down electrons:          19.000000
Periodic boundaries:         No
Diagonalizer:                Divide and Conquer
Mixer:                       Anderson mixer
Mixing parameter:                  0.200000
Maximal SCC-cycles:                     100
Nr. of chrg. vectors to mix:              8
Electronic temperature:        0.100000E-07
Initial charges:             Set automatically (system chrg:   0.000E+00)
Included shells:              C:  s, p
                              O:  s, p
                              H:  s
Full 3rd order correction    Yes
Damped SCC                   Yes
Damped specie(s):            H                                                 
Extra options:
--------------------------------------------------------------------------------
 

********************************************************************************
** Geometry step: 0
********************************************************************************

  iSCC Total electronic   Diff electronic      SCC error    
    1   -0.16295554E+02    0.00000000E+00    0.68273288E+00
    2   -0.16295683E+02   -0.12893870E-03    0.67375844E+00
    3   -0.16299332E+02   -0.36483775E-02    0.54255024E-01
    4   -0.16299296E+02    0.35492532E-04    0.42312586E-01
    5   -0.16299272E+02    0.23786961E-04    0.12668630E+00
    6   -0.16299391E+02   -0.11824417E-03    0.14625628E-01
    7   -0.16299387E+02    0.37564912E-05    0.10795485E-01
    8   -0.16299391E+02   -0.41517289E-05    0.10422351E-01
    9   -0.16299393E+02   -0.21852710E-05    0.10241475E-02
   10   -0.16299393E+02   -0.10208787E-07    0.84407649E-03
   11   -0.16299393E+02   -0.32484603E-07    0.15071035E-03
   12   -0.16299393E+02   -0.43894843E-09    0.91517587E-04
   13   -0.16299393E+02   -0.20261837E-09    0.54040732E-05
   14   -0.16299393E+02   -0.32969183E-11    0.11475168E-05
   15   -0.16299393E+02   -0.60396133E-13    0.90916179E-07
>> Charges saved for restart in charges.bin
 
 Total Energy:                     -16.4070501080 H
 Total Mermin free energy:         -16.4070501080 H
