================================================================================
==
==   Density Functional based Tight Binding with a lot of extensions (DFTB+)    
==
==                              Release: 1.2 (p2)
==
==                            (ParserVersion = 4)
==
================================================================================


********************************************************************************
** Parsing and initializing
********************************************************************************

Interpreting input file 'dftb_in.hsd'
--------------------------------------------------------------------------------
WARNING!
-> WriteHSDInput and WriteXMLInput both turned off. You won't eventually be 
 able to obtain the same results with a later version of the code!
Path: dftb_in/ParserOptions
Line: 75-78 (File: dftb_in.hsd)

Reading SK-files:
  /home/andersx/parameters/3ob-3-1/C-C.skf
  /home/andersx/parameters/3ob-3-1/C-O.skf
  /home/andersx/parameters/3ob-3-1/C-H.skf
  /home/andersx/parameters/3ob-3-1/O-C.skf
  /home/andersx/parameters/3ob-3-1/O-O.skf
  /home/andersx/parameters/3ob-3-1/O-H.skf
  /home/andersx/parameters/3ob-3-1/H-C.skf
  /home/andersx/parameters/3ob-3-1/H-O.skf
  /home/andersx/parameters/3ob-3-1/H-H.skf
Done.

Starting initialization...
--------------------------------------------------------------------------------
Mode:                        Static calculation
Self consistent charges:     Yes
SCC-tolerance:                 0.100000E-05
Max. scc iterations:                    100
Ewald alpha parameter:         0.000000E+00
Spin polarisation:           No
Nr. of up electrons:            18.000000
Nr. of down electrons:          18.000000
Periodic boundaries:         No
Diagonalizer:                Divide and Conquer
Mixer:                       Anderson mixer
Mixing parameter:                  0.200000
Maximal SCC-cycles:                     100
Nr. of chrg. vectors to mix:              8
Electronic temperature:        0.100000E-07
Initial charges:             Set automatically (system chrg:   0.000E+00)
Included shells:              C:  s, p
                              O:  s, p
                              H:  s
Full 3rd order correction    Yes
Damped SCC                   Yes
Damped specie(s):            H                                                 
Extra options:
--------------------------------------------------------------------------------
 

********************************************************************************
** Geometry step: 0
********************************************************************************

  iSCC Total electronic   Diff electronic      SCC error    
    1   -0.15601919E+02    0.00000000E+00    0.75367904E+00
    2   -0.15602683E+02   -0.76418823E-03    0.74059770E+00
    3   -0.15621364E+02   -0.18681222E-01    0.15224252E+00
    4   -0.15621527E+02   -0.16303516E-03    0.15220958E+00
    5   -0.15622359E+02   -0.83222708E-03    0.16756609E-01
    6   -0.15622353E+02    0.60762458E-05    0.15815304E-01
    7   -0.15622353E+02    0.61688840E-06    0.15787595E-01
    8   -0.15622365E+02   -0.12098622E-04    0.21816176E-02
    9   -0.15622365E+02   -0.15981234E-07    0.12204536E-02
   10   -0.15622365E+02   -0.57492704E-07    0.16318557E-03
   11   -0.15622365E+02   -0.20611477E-08    0.83674126E-04
   12   -0.15622365E+02   -0.74117956E-09    0.59596520E-05
   13   -0.15622365E+02   -0.40714099E-11    0.16557065E-05
   14   -0.15622365E+02   -0.14033219E-12    0.36511264E-06
>> Charges saved for restart in charges.bin
 
 Total Energy:                     -15.6539565548 H
 Total Mermin free energy:         -15.6539565548 H
