================================================================================
==
==   Density Functional based Tight Binding with a lot of extensions (DFTB+)    
==
==                              Release: 1.2 (p2)
==
==                            (ParserVersion = 4)
==
================================================================================


********************************************************************************
** Parsing and initializing
********************************************************************************

Interpreting input file 'dftb_in.hsd'
--------------------------------------------------------------------------------
WARNING!
-> WriteHSDInput and WriteXMLInput both turned off. You won't eventually be 
 able to obtain the same results with a later version of the code!
Path: dftb_in/ParserOptions
Line: 73-76 (File: dftb_in.hsd)

Reading SK-files:
  /home/andersx/parameters/3ob-3-1/C-C.skf
  /home/andersx/parameters/3ob-3-1/C-O.skf
  /home/andersx/parameters/3ob-3-1/C-H.skf
  /home/andersx/parameters/3ob-3-1/O-C.skf
  /home/andersx/parameters/3ob-3-1/O-O.skf
  /home/andersx/parameters/3ob-3-1/O-H.skf
  /home/andersx/parameters/3ob-3-1/H-C.skf
  /home/andersx/parameters/3ob-3-1/H-O.skf
  /home/andersx/parameters/3ob-3-1/H-H.skf
Done.

Starting initialization...
--------------------------------------------------------------------------------
Mode:                        Static calculation
Self consistent charges:     Yes
SCC-tolerance:                 0.100000E-05
Max. scc iterations:                    100
Ewald alpha parameter:         0.000000E+00
Spin polarisation:           No
Nr. of up electrons:            17.000000
Nr. of down electrons:          17.000000
Periodic boundaries:         No
Diagonalizer:                Divide and Conquer
Mixer:                       Anderson mixer
Mixing parameter:                  0.200000
Maximal SCC-cycles:                     100
Nr. of chrg. vectors to mix:              8
Electronic temperature:        0.100000E-07
Initial charges:             Set automatically (system chrg:   0.000E+00)
Included shells:              C:  s, p
                              O:  s, p
                              H:  s
Full 3rd order correction    Yes
Damped SCC                   Yes
Damped specie(s):            H                                                 
Extra options:
--------------------------------------------------------------------------------
 

********************************************************************************
** Geometry step: 0
********************************************************************************

  iSCC Total electronic   Diff electronic      SCC error    
    1   -0.14944723E+02    0.00000000E+00    0.69177094E+00
    2   -0.14944958E+02   -0.23541397E-03    0.68260981E+00
    3   -0.14951745E+02   -0.67862744E-02    0.92107290E-01
    4   -0.14951657E+02    0.87327396E-04    0.82817934E-01
    5   -0.14951706E+02   -0.48372485E-04    0.79490101E-01
    6   -0.14951892E+02   -0.18576332E-03    0.12227835E-01
    7   -0.14951890E+02    0.17283774E-05    0.16004848E-01
    8   -0.14951898E+02   -0.78624902E-05    0.22938485E-02
    9   -0.14951898E+02    0.17814613E-06    0.47295749E-02
   10   -0.14951898E+02   -0.16814764E-06    0.32377634E-02
   11   -0.14951898E+02   -0.67822683E-07    0.88156162E-03
   12   -0.14951898E+02   -0.69125818E-07    0.12025570E-03
   13   -0.14951898E+02   -0.21411495E-09    0.54674356E-04
   14   -0.14951898E+02   -0.11454304E-09    0.57816071E-05
   15   -0.14951898E+02   -0.12256862E-12    0.25790456E-05
   16   -0.14951898E+02   -0.15987212E-13    0.63822584E-07
>> Charges saved for restart in charges.bin
 
 Total Energy:                     -14.8252983391 H
 Total Mermin free energy:         -14.8252983391 H
