================================================================================
==
==   Density Functional based Tight Binding with a lot of extensions (DFTB+)    
==
==                              Release: 1.2 (p2)
==
==                            (ParserVersion = 4)
==
================================================================================


********************************************************************************
** Parsing and initializing
********************************************************************************

Interpreting input file 'dftb_in.hsd'
--------------------------------------------------------------------------------
WARNING!
-> WriteHSDInput and WriteXMLInput both turned off. You won't eventually be 
 able to obtain the same results with a later version of the code!
Path: dftb_in/ParserOptions
Line: 73-76 (File: dftb_in.hsd)

Reading SK-files:
  /home/andersx/parameters/3ob-3-1/C-C.skf
  /home/andersx/parameters/3ob-3-1/C-O.skf
  /home/andersx/parameters/3ob-3-1/C-H.skf
  /home/andersx/parameters/3ob-3-1/O-C.skf
  /home/andersx/parameters/3ob-3-1/O-O.skf
  /home/andersx/parameters/3ob-3-1/O-H.skf
  /home/andersx/parameters/3ob-3-1/H-C.skf
  /home/andersx/parameters/3ob-3-1/H-O.skf
  /home/andersx/parameters/3ob-3-1/H-H.skf
Done.

Starting initialization...
--------------------------------------------------------------------------------
Mode:                        Static calculation
Self consistent charges:     Yes
SCC-tolerance:                 0.100000E-05
Max. scc iterations:                    100
Ewald alpha parameter:         0.000000E+00
Spin polarisation:           No
Nr. of up electrons:            17.000000
Nr. of down electrons:          17.000000
Periodic boundaries:         No
Diagonalizer:                Divide and Conquer
Mixer:                       Anderson mixer
Mixing parameter:                  0.200000
Maximal SCC-cycles:                     100
Nr. of chrg. vectors to mix:              8
Electronic temperature:        0.100000E-07
Initial charges:             Set automatically (system chrg:   0.000E+00)
Included shells:              C:  s, p
                              O:  s, p
                              H:  s
Full 3rd order correction    Yes
Damped SCC                   Yes
Damped specie(s):            H                                                 
Extra options:
--------------------------------------------------------------------------------
 

********************************************************************************
** Geometry step: 0
********************************************************************************

  iSCC Total electronic   Diff electronic      SCC error    
    1   -0.14897275E+02    0.00000000E+00    0.70734070E+00
    2   -0.14898051E+02   -0.77524361E-03    0.69451904E+00
    3   -0.14916079E+02   -0.18028652E-01    0.17679817E+00
    4   -0.14916336E+02   -0.25645423E-03    0.17480992E+00
    5   -0.14917179E+02   -0.84335313E-03    0.25222405E-01
    6   -0.14917194E+02   -0.15194660E-04    0.28051449E-01
    7   -0.14917250E+02   -0.55645640E-04    0.15516869E-01
    8   -0.14917252E+02   -0.22726965E-05    0.86973423E-02
    9   -0.14917252E+02    0.34873849E-06    0.74855860E-02
   10   -0.14917254E+02   -0.20709527E-05    0.70422493E-03
   11   -0.14917254E+02    0.79784783E-08    0.29734375E-03
   12   -0.14917254E+02   -0.16031642E-07    0.35486193E-04
   13   -0.14917254E+02   -0.22792968E-09    0.15334530E-04
   14   -0.14917254E+02   -0.54143356E-11    0.20787974E-05
   15   -0.14917254E+02   -0.88817842E-13    0.53937050E-06
>> Charges saved for restart in charges.bin
 
 Total Energy:                     -14.8581070717 H
 Total Mermin free energy:         -14.8581070717 H
