================================================================================
==
==   Density Functional based Tight Binding with a lot of extensions (DFTB+)    
==
==                              Release: 1.2 (p2)
==
==                            (ParserVersion = 4)
==
================================================================================


********************************************************************************
** Parsing and initializing
********************************************************************************

Interpreting input file 'dftb_in.hsd'
--------------------------------------------------------------------------------
WARNING!
-> WriteHSDInput and WriteXMLInput both turned off. You won't eventually be 
 able to obtain the same results with a later version of the code!
Path: dftb_in/ParserOptions
Line: 75-78 (File: dftb_in.hsd)

Reading SK-files:
  /home/andersx/parameters/3ob-3-1/C-C.skf
  /home/andersx/parameters/3ob-3-1/C-O.skf
  /home/andersx/parameters/3ob-3-1/C-H.skf
  /home/andersx/parameters/3ob-3-1/O-C.skf
  /home/andersx/parameters/3ob-3-1/O-O.skf
  /home/andersx/parameters/3ob-3-1/O-H.skf
  /home/andersx/parameters/3ob-3-1/H-C.skf
  /home/andersx/parameters/3ob-3-1/H-O.skf
  /home/andersx/parameters/3ob-3-1/H-H.skf
Done.

Starting initialization...
--------------------------------------------------------------------------------
Mode:                        Static calculation
Self consistent charges:     Yes
SCC-tolerance:                 0.100000E-05
Max. scc iterations:                    100
Ewald alpha parameter:         0.000000E+00
Spin polarisation:           No
Nr. of up electrons:            18.000000
Nr. of down electrons:          18.000000
Periodic boundaries:         No
Diagonalizer:                Divide and Conquer
Mixer:                       Anderson mixer
Mixing parameter:                  0.200000
Maximal SCC-cycles:                     100
Nr. of chrg. vectors to mix:              8
Electronic temperature:        0.100000E-07
Initial charges:             Set automatically (system chrg:   0.000E+00)
Included shells:              C:  s, p
                              O:  s, p
                              H:  s
Full 3rd order correction    Yes
Damped SCC                   Yes
Damped specie(s):            H                                                 
Extra options:
--------------------------------------------------------------------------------
 

********************************************************************************
** Geometry step: 0
********************************************************************************

  iSCC Total electronic   Diff electronic      SCC error    
    1   -0.15587149E+02    0.00000000E+00    0.41573525E+00
    2   -0.15587310E+02   -0.16133304E-03    0.40927697E+00
    3   -0.15591799E+02   -0.44880145E-02    0.72764698E-01
    4   -0.15591724E+02    0.74346274E-04    0.69305658E-01
    5   -0.15591996E+02   -0.27201641E-03    0.68561674E-01
    6   -0.15592064E+02   -0.67942446E-04    0.19148325E-01
    7   -0.15592074E+02   -0.99132697E-05    0.26219202E-01
    8   -0.15592080E+02   -0.61576539E-05    0.50148060E-02
    9   -0.15592081E+02   -0.50409369E-06    0.16567252E-02
   10   -0.15592081E+02   -0.40520366E-06    0.46505758E-03
   11   -0.15592081E+02   -0.10796946E-08    0.14697603E-03
   12   -0.15592081E+02   -0.73282536E-09    0.21755226E-04
   13   -0.15592081E+02   -0.16001422E-10    0.47463202E-05
   14   -0.15592081E+02   -0.62172489E-12    0.48831144E-06
>> Charges saved for restart in charges.bin
 
 Total Energy:                     -15.6103091714 H
 Total Mermin free energy:         -15.6103091714 H
