================================================================================
==
==   Density Functional based Tight Binding with a lot of extensions (DFTB+)    
==
==                              Release: 1.2 (p2)
==
==                            (ParserVersion = 4)
==
================================================================================


********************************************************************************
** Parsing and initializing
********************************************************************************

Interpreting input file 'dftb_in.hsd'
--------------------------------------------------------------------------------
WARNING!
-> WriteHSDInput and WriteXMLInput both turned off. You won't eventually be 
 able to obtain the same results with a later version of the code!
Path: dftb_in/ParserOptions
Line: 73-76 (File: dftb_in.hsd)

Reading SK-files:
  /home/andersx/parameters/3ob-3-1/C-C.skf
  /home/andersx/parameters/3ob-3-1/C-O.skf
  /home/andersx/parameters/3ob-3-1/C-H.skf
  /home/andersx/parameters/3ob-3-1/O-C.skf
  /home/andersx/parameters/3ob-3-1/O-O.skf
  /home/andersx/parameters/3ob-3-1/O-H.skf
  /home/andersx/parameters/3ob-3-1/H-C.skf
  /home/andersx/parameters/3ob-3-1/H-O.skf
  /home/andersx/parameters/3ob-3-1/H-H.skf
Done.

Starting initialization...
--------------------------------------------------------------------------------
Mode:                        Static calculation
Self consistent charges:     Yes
SCC-tolerance:                 0.100000E-05
Max. scc iterations:                    100
Ewald alpha parameter:         0.000000E+00
Spin polarisation:           No
Nr. of up electrons:            18.000000
Nr. of down electrons:          18.000000
Periodic boundaries:         No
Diagonalizer:                Divide and Conquer
Mixer:                       Anderson mixer
Mixing parameter:                  0.200000
Maximal SCC-cycles:                     100
Nr. of chrg. vectors to mix:              8
Electronic temperature:        0.100000E-07
Initial charges:             Set automatically (system chrg:   0.000E+00)
Included shells:              C:  s, p
                              O:  s, p
                              H:  s
Full 3rd order correction    Yes
Damped SCC                   Yes
Damped specie(s):            H                                                 
Extra options:
--------------------------------------------------------------------------------
 

********************************************************************************
** Geometry step: 0
********************************************************************************

  iSCC Total electronic   Diff electronic      SCC error    
    1   -0.16589279E+02    0.00000000E+00    0.93175717E+00
    2   -0.16589830E+02   -0.55090375E-03    0.91895667E+00
    3   -0.16603894E+02   -0.14064275E-01    0.14962534E+00
    4   -0.16604069E+02   -0.17491894E-03    0.15151803E+00
    5   -0.16605466E+02   -0.13966839E-02    0.19797900E-01
    6   -0.16605459E+02    0.62447409E-05    0.16046849E-01
    7   -0.16605461E+02   -0.20513876E-05    0.14540271E-01
    8   -0.16605472E+02   -0.10405655E-04    0.32840302E-02
    9   -0.16605472E+02   -0.72247772E-07    0.33002173E-02
   10   -0.16605472E+02   -0.43983389E-06    0.22181708E-03
   11   -0.16605472E+02   -0.17993251E-08    0.12754640E-03
   12   -0.16605472E+02   -0.72016348E-09    0.12025523E-04
   13   -0.16605472E+02   -0.76987305E-11    0.42612511E-05
   14   -0.16605472E+02   -0.78870244E-12    0.17735396E-06
>> Charges saved for restart in charges.bin
 
 Total Energy:                     -16.5149198360 H
 Total Mermin free energy:         -16.5149198360 H
