================================================================================
==
==   Density Functional based Tight Binding with a lot of extensions (DFTB+)    
==
==                              Release: 1.2 (p2)
==
==                            (ParserVersion = 4)
==
================================================================================


********************************************************************************
** Parsing and initializing
********************************************************************************

Interpreting input file 'dftb_in.hsd'
--------------------------------------------------------------------------------
WARNING!
-> WriteHSDInput and WriteXMLInput both turned off. You won't eventually be 
 able to obtain the same results with a later version of the code!
Path: dftb_in/ParserOptions
Line: 75-78 (File: dftb_in.hsd)

Reading SK-files:
  /home/andersx/parameters/3ob-3-1/C-C.skf
  /home/andersx/parameters/3ob-3-1/C-O.skf
  /home/andersx/parameters/3ob-3-1/C-H.skf
  /home/andersx/parameters/3ob-3-1/O-C.skf
  /home/andersx/parameters/3ob-3-1/O-O.skf
  /home/andersx/parameters/3ob-3-1/O-H.skf
  /home/andersx/parameters/3ob-3-1/H-C.skf
  /home/andersx/parameters/3ob-3-1/H-O.skf
  /home/andersx/parameters/3ob-3-1/H-H.skf
Done.

Starting initialization...
--------------------------------------------------------------------------------
Mode:                        Static calculation
Self consistent charges:     Yes
SCC-tolerance:                 0.100000E-05
Max. scc iterations:                    100
Ewald alpha parameter:         0.000000E+00
Spin polarisation:           No
Nr. of up electrons:            18.000000
Nr. of down electrons:          18.000000
Periodic boundaries:         No
Diagonalizer:                Divide and Conquer
Mixer:                       Anderson mixer
Mixing parameter:                  0.200000
Maximal SCC-cycles:                     100
Nr. of chrg. vectors to mix:              8
Electronic temperature:        0.100000E-07
Initial charges:             Set automatically (system chrg:   0.000E+00)
Included shells:              C:  s, p
                              O:  s, p
                              H:  s
Full 3rd order correction    Yes
Damped SCC                   Yes
Damped specie(s):            H                                                 
Extra options:
--------------------------------------------------------------------------------
 

********************************************************************************
** Geometry step: 0
********************************************************************************

  iSCC Total electronic   Diff electronic      SCC error    
    1   -0.15593412E+02    0.00000000E+00    0.49722093E+00
    2   -0.15593568E+02   -0.15543711E-03    0.49205811E+00
    3   -0.15597326E+02   -0.37583783E-02    0.10028992E+00
    4   -0.15597205E+02    0.12113687E-03    0.11653822E+00
    5   -0.15597933E+02   -0.72780584E-03    0.61515635E-01
    6   -0.15597960E+02   -0.26894197E-04    0.20013602E-01
    7   -0.15597957E+02    0.26410276E-05    0.21055464E-01
    8   -0.15598008E+02   -0.50551986E-04    0.25669862E-02
    9   -0.15598008E+02   -0.80261236E-07    0.19019470E-02
   10   -0.15598008E+02   -0.30066948E-06    0.10766617E-02
   11   -0.15598008E+02    0.46260418E-09    0.37805664E-03
   12   -0.15598008E+02   -0.45073012E-08    0.44324369E-04
   13   -0.15598008E+02   -0.50334847E-10    0.17585145E-04
   14   -0.15598008E+02   -0.58690830E-11    0.12748000E-05
   15   -0.15598008E+02   -0.11191048E-12    0.19393051E-06
>> Charges saved for restart in charges.bin
 
 Total Energy:                     -15.6149985751 H
 Total Mermin free energy:         -15.6149985751 H
