================================================================================
==
==   Density Functional based Tight Binding with a lot of extensions (DFTB+)    
==
==                              Release: 1.2 (p2)
==
==                            (ParserVersion = 4)
==
================================================================================


********************************************************************************
** Parsing and initializing
********************************************************************************

Interpreting input file 'dftb_in.hsd'
--------------------------------------------------------------------------------
WARNING!
-> WriteHSDInput and WriteXMLInput both turned off. You won't eventually be 
 able to obtain the same results with a later version of the code!
Path: dftb_in/ParserOptions
Line: 71-74 (File: dftb_in.hsd)

Reading SK-files:
  /home/andersx/parameters/3ob-3-1/C-C.skf
  /home/andersx/parameters/3ob-3-1/C-O.skf
  /home/andersx/parameters/3ob-3-1/C-H.skf
  /home/andersx/parameters/3ob-3-1/O-C.skf
  /home/andersx/parameters/3ob-3-1/O-O.skf
  /home/andersx/parameters/3ob-3-1/O-H.skf
  /home/andersx/parameters/3ob-3-1/H-C.skf
  /home/andersx/parameters/3ob-3-1/H-O.skf
  /home/andersx/parameters/3ob-3-1/H-H.skf
Done.

Starting initialization...
--------------------------------------------------------------------------------
Mode:                        Static calculation
Self consistent charges:     Yes
SCC-tolerance:                 0.100000E-05
Max. scc iterations:                    100
Ewald alpha parameter:         0.000000E+00
Spin polarisation:           No
Nr. of up electrons:            16.000000
Nr. of down electrons:          16.000000
Periodic boundaries:         No
Diagonalizer:                Divide and Conquer
Mixer:                       Anderson mixer
Mixing parameter:                  0.200000
Maximal SCC-cycles:                     100
Nr. of chrg. vectors to mix:              8
Electronic temperature:        0.100000E-07
Initial charges:             Set automatically (system chrg:   0.000E+00)
Included shells:              C:  s, p
                              O:  s, p
                              H:  s
Full 3rd order correction    Yes
Damped SCC                   Yes
Damped specie(s):            H                                                 
Extra options:
--------------------------------------------------------------------------------
 

********************************************************************************
** Geometry step: 0
********************************************************************************

  iSCC Total electronic   Diff electronic      SCC error    
    1   -0.14235300E+02    0.00000000E+00    0.78098624E+00
    2   -0.14235994E+02   -0.69378719E-03    0.76921766E+00
    3   -0.14253880E+02   -0.17886344E-01    0.12306803E+00
    4   -0.14254120E+02   -0.23962412E-03    0.12195558E+00
    5   -0.14254780E+02   -0.66032772E-03    0.29253744E-01
    6   -0.14254793E+02   -0.12607244E-04    0.19788976E-01
    7   -0.14254793E+02    0.21553889E-07    0.19695744E-01
    8   -0.14254807E+02   -0.14461704E-04    0.55053828E-02
    9   -0.14254807E+02   -0.19926443E-06    0.42764035E-02
   10   -0.14254808E+02   -0.34979734E-06    0.22478321E-03
   11   -0.14254808E+02   -0.24597480E-08    0.80138208E-04
   12   -0.14254808E+02   -0.12157066E-08    0.10174090E-04
   13   -0.14254808E+02   -0.54125593E-11    0.36448102E-05
   14   -0.14254808E+02   -0.44408921E-12    0.26201828E-06
>> Charges saved for restart in charges.bin
 
 Total Energy:                     -14.0605281728 H
 Total Mermin free energy:         -14.0605281728 H
