================================================================================
==
==   Density Functional based Tight Binding with a lot of extensions (DFTB+)    
==
==                              Release: 1.2 (p2)
==
==                            (ParserVersion = 4)
==
================================================================================


********************************************************************************
** Parsing and initializing
********************************************************************************

Interpreting input file 'dftb_in.hsd'
--------------------------------------------------------------------------------
WARNING!
-> WriteHSDInput and WriteXMLInput both turned off. You won't eventually be 
 able to obtain the same results with a later version of the code!
Path: dftb_in/ParserOptions
Line: 75-78 (File: dftb_in.hsd)

Reading SK-files:
  /home/andersx/parameters/3ob-3-1/C-C.skf
  /home/andersx/parameters/3ob-3-1/C-O.skf
  /home/andersx/parameters/3ob-3-1/C-H.skf
  /home/andersx/parameters/3ob-3-1/O-C.skf
  /home/andersx/parameters/3ob-3-1/O-O.skf
  /home/andersx/parameters/3ob-3-1/O-H.skf
  /home/andersx/parameters/3ob-3-1/H-C.skf
  /home/andersx/parameters/3ob-3-1/H-O.skf
  /home/andersx/parameters/3ob-3-1/H-H.skf
Done.

Starting initialization...
--------------------------------------------------------------------------------
Mode:                        Static calculation
Self consistent charges:     Yes
SCC-tolerance:                 0.100000E-05
Max. scc iterations:                    100
Ewald alpha parameter:         0.000000E+00
Spin polarisation:           No
Nr. of up electrons:            18.000000
Nr. of down electrons:          18.000000
Periodic boundaries:         No
Diagonalizer:                Divide and Conquer
Mixer:                       Anderson mixer
Mixing parameter:                  0.200000
Maximal SCC-cycles:                     100
Nr. of chrg. vectors to mix:              8
Electronic temperature:        0.100000E-07
Initial charges:             Set automatically (system chrg:   0.000E+00)
Included shells:              C:  s, p
                              O:  s, p
                              H:  s
Full 3rd order correction    Yes
Damped SCC                   Yes
Damped specie(s):            H                                                 
Extra options:
--------------------------------------------------------------------------------
 

********************************************************************************
** Geometry step: 0
********************************************************************************

  iSCC Total electronic   Diff electronic      SCC error    
    1   -0.15598506E+02    0.00000000E+00    0.69486086E+00
    2   -0.15598633E+02   -0.12679547E-03    0.68573687E+00
    3   -0.15602012E+02   -0.33787811E-02    0.44692891E-01
    4   -0.15601958E+02    0.53622423E-04    0.38180990E-01
    5   -0.15601980E+02   -0.21588215E-04    0.11374257E+00
    6   -0.15602124E+02   -0.14426377E-03    0.14386205E-01
    7   -0.15602121E+02    0.26122367E-05    0.99934362E-02
    8   -0.15602126E+02   -0.45172316E-05    0.85773784E-02
    9   -0.15602127E+02   -0.14773598E-05    0.26435683E-02
   10   -0.15602127E+02   -0.67696794E-07    0.22484968E-02
   11   -0.15602128E+02   -0.14729300E-06    0.26718973E-03
   12   -0.15602128E+02   -0.20523849E-08    0.15420947E-03
   13   -0.15602128E+02   -0.73914919E-09    0.10843083E-04
   14   -0.15602128E+02   -0.12365220E-10    0.15456481E-05
   15   -0.15602128E+02   -0.62172489E-13    0.42563236E-06
>> Charges saved for restart in charges.bin
 
 Total Energy:                     -15.6162384900 H
 Total Mermin free energy:         -15.6162384900 H
