================================================================================
==
==   Density Functional based Tight Binding with a lot of extensions (DFTB+)    
==
==                              Release: 1.2 (p2)
==
==                            (ParserVersion = 4)
==
================================================================================


********************************************************************************
** Parsing and initializing
********************************************************************************

Interpreting input file 'dftb_in.hsd'
--------------------------------------------------------------------------------
WARNING!
-> WriteHSDInput and WriteXMLInput both turned off. You won't eventually be 
 able to obtain the same results with a later version of the code!
Path: dftb_in/ParserOptions
Line: 59-62 (File: dftb_in.hsd)

Reading SK-files:
  /home/andersx/parameters/3ob-3-1/C-C.skf
  /home/andersx/parameters/3ob-3-1/C-H.skf
  /home/andersx/parameters/3ob-3-1/H-C.skf
  /home/andersx/parameters/3ob-3-1/H-H.skf
Done.

Starting initialization...
--------------------------------------------------------------------------------
Mode:                        Static calculation
Self consistent charges:     Yes
SCC-tolerance:                 0.100000E-05
Max. scc iterations:                    100
Ewald alpha parameter:         0.000000E+00
Spin polarisation:           No
Nr. of up electrons:             8.000000
Nr. of down electrons:           8.000000
Periodic boundaries:         No
Diagonalizer:                Divide and Conquer
Mixer:                       Anderson mixer
Mixing parameter:                  0.200000
Maximal SCC-cycles:                     100
Nr. of chrg. vectors to mix:              8
Electronic temperature:        0.100000E-07
Initial charges:             Set automatically (system chrg:   0.000E+00)
Included shells:              C:  s, p
                              H:  s
Full 3rd order correction    Yes
Damped SCC                   Yes
Damped specie(s):            H                                                 
Extra options:
--------------------------------------------------------------------------------
 

********************************************************************************
** Geometry step: 0
********************************************************************************

  iSCC Total electronic   Diff electronic      SCC error    
    1   -0.66864647E+01    0.00000000E+00    0.36041312E+00
    2   -0.66865204E+01   -0.55720746E-04    0.35573257E+00
    3   -0.66882407E+01   -0.17203229E-02    0.53431524E-01
    4   -0.66882214E+01    0.19322306E-04    0.48831914E-01
    5   -0.66882296E+01   -0.82430415E-05    0.40064798E-01
    6   -0.66882675E+01   -0.37916704E-04    0.15157313E-01
    7   -0.66882684E+01   -0.86272776E-06    0.14566749E-01
    8   -0.66882796E+01   -0.11171436E-04    0.11769735E-02
    9   -0.66882796E+01   -0.48855417E-08    0.14788088E-02
   10   -0.66882796E+01   -0.26570000E-08    0.69181022E-05
   11   -0.66882796E+01   -0.50626170E-13    0.15703157E-07
>> Charges saved for restart in charges.bin
 
 Total Energy:                      -6.5784599498 H
 Total Mermin free energy:          -6.5784599498 H
