================================================================================
==
==   Density Functional based Tight Binding with a lot of extensions (DFTB+)    
==
==                              Release: 1.2 (p2)
==
==                            (ParserVersion = 4)
==
================================================================================


********************************************************************************
** Parsing and initializing
********************************************************************************

Interpreting input file 'dftb_in.hsd'
--------------------------------------------------------------------------------
WARNING!
-> WriteHSDInput and WriteXMLInput both turned off. You won't eventually be 
 able to obtain the same results with a later version of the code!
Path: dftb_in/ParserOptions
Line: 69-72 (File: dftb_in.hsd)

Reading SK-files:
  /home/andersx/parameters/3ob-3-1/C-C.skf
  /home/andersx/parameters/3ob-3-1/C-O.skf
  /home/andersx/parameters/3ob-3-1/C-H.skf
  /home/andersx/parameters/3ob-3-1/O-C.skf
  /home/andersx/parameters/3ob-3-1/O-O.skf
  /home/andersx/parameters/3ob-3-1/O-H.skf
  /home/andersx/parameters/3ob-3-1/H-C.skf
  /home/andersx/parameters/3ob-3-1/H-O.skf
  /home/andersx/parameters/3ob-3-1/H-H.skf
Done.

Starting initialization...
--------------------------------------------------------------------------------
Mode:                        Static calculation
Self consistent charges:     Yes
SCC-tolerance:                 0.100000E-05
Max. scc iterations:                    100
Ewald alpha parameter:         0.000000E+00
Spin polarisation:           No
Nr. of up electrons:            16.000000
Nr. of down electrons:          16.000000
Periodic boundaries:         No
Diagonalizer:                Divide and Conquer
Mixer:                       Anderson mixer
Mixing parameter:                  0.200000
Maximal SCC-cycles:                     100
Nr. of chrg. vectors to mix:              8
Electronic temperature:        0.100000E-07
Initial charges:             Set automatically (system chrg:   0.000E+00)
Included shells:              C:  s, p
                              O:  s, p
                              H:  s
Full 3rd order correction    Yes
Damped SCC                   Yes
Damped specie(s):            H                                                 
Extra options:
--------------------------------------------------------------------------------
 

********************************************************************************
** Geometry step: 0
********************************************************************************

  iSCC Total electronic   Diff electronic      SCC error    
    1   -0.15109504E+02    0.00000000E+00    0.73184336E+00
    2   -0.15110867E+02   -0.13631726E-02    0.71883673E+00
    3   -0.15148695E+02   -0.37827808E-01    0.10842307E+00
    4   -0.15149042E+02   -0.34734153E-03    0.10921299E+00
    5   -0.15148342E+02    0.70036551E-03    0.91208362E-01
    6   -0.15149150E+02   -0.80776459E-03    0.20155660E-01
    7   -0.15149152E+02   -0.20638834E-05    0.19477697E-01
    8   -0.15149168E+02   -0.16310655E-04    0.31666202E-02
    9   -0.15149169E+02   -0.71984748E-06    0.11295323E-02
   10   -0.15149169E+02   -0.29132329E-07    0.10201612E-02
   11   -0.15149169E+02   -0.49634428E-07    0.57563308E-03
   12   -0.15149169E+02   -0.23995707E-07    0.10424049E-03
   13   -0.15149169E+02   -0.49497650E-09    0.53366299E-04
   14   -0.15149169E+02   -0.11804424E-09    0.18755745E-05
   15   -0.15149169E+02   -0.38546943E-12    0.19042296E-06
>> Charges saved for restart in charges.bin
 
 Total Energy:                     -14.9150201980 H
 Total Mermin free energy:         -14.9150201980 H
