================================================================================
==
==   Density Functional based Tight Binding with a lot of extensions (DFTB+)    
==
==                              Release: 1.2 (p2)
==
==                            (ParserVersion = 4)
==
================================================================================


********************************************************************************
** Parsing and initializing
********************************************************************************

Interpreting input file 'dftb_in.hsd'
--------------------------------------------------------------------------------
WARNING!
-> WriteHSDInput and WriteXMLInput both turned off. You won't eventually be 
 able to obtain the same results with a later version of the code!
Path: dftb_in/ParserOptions
Line: 75-78 (File: dftb_in.hsd)

Reading SK-files:
  /home/andersx/parameters/3ob-3-1/C-C.skf
  /home/andersx/parameters/3ob-3-1/C-O.skf
  /home/andersx/parameters/3ob-3-1/C-H.skf
  /home/andersx/parameters/3ob-3-1/O-C.skf
  /home/andersx/parameters/3ob-3-1/O-O.skf
  /home/andersx/parameters/3ob-3-1/O-H.skf
  /home/andersx/parameters/3ob-3-1/H-C.skf
  /home/andersx/parameters/3ob-3-1/H-O.skf
  /home/andersx/parameters/3ob-3-1/H-H.skf
Done.

Starting initialization...
--------------------------------------------------------------------------------
Mode:                        Static calculation
Self consistent charges:     Yes
SCC-tolerance:                 0.100000E-05
Max. scc iterations:                    100
Ewald alpha parameter:         0.000000E+00
Spin polarisation:           No
Nr. of up electrons:            18.000000
Nr. of down electrons:          18.000000
Periodic boundaries:         No
Diagonalizer:                Divide and Conquer
Mixer:                       Anderson mixer
Mixing parameter:                  0.200000
Maximal SCC-cycles:                     100
Nr. of chrg. vectors to mix:              8
Electronic temperature:        0.100000E-07
Initial charges:             Set automatically (system chrg:   0.000E+00)
Included shells:              C:  s, p
                              O:  s, p
                              H:  s
Full 3rd order correction    Yes
Damped SCC                   Yes
Damped specie(s):            H                                                 
Extra options:
--------------------------------------------------------------------------------
 

********************************************************************************
** Geometry step: 0
********************************************************************************

  iSCC Total electronic   Diff electronic      SCC error    
    1   -0.15563590E+02    0.00000000E+00    0.56395098E+00
    2   -0.15563914E+02   -0.32447943E-03    0.55525101E+00
    3   -0.15572886E+02   -0.89715717E-02    0.78435058E-01
    4   -0.15572792E+02    0.94231579E-04    0.70409368E-01
    5   -0.15573010E+02   -0.21813868E-03    0.61003983E-01
    6   -0.15573103E+02   -0.93655816E-04    0.13261520E-01
    7   -0.15573101E+02    0.23165340E-05    0.13107819E-01
    8   -0.15573119E+02   -0.17567295E-04    0.20062603E-02
    9   -0.15573119E+02    0.53339409E-07    0.29249993E-02
   10   -0.15573119E+02   -0.16749420E-06    0.71816042E-03
   11   -0.15573119E+02   -0.12677692E-07    0.28266614E-03
   12   -0.15573119E+02   -0.42019543E-08    0.33940446E-04
   13   -0.15573119E+02   -0.68499872E-10    0.20964337E-04
   14   -0.15573119E+02   -0.23927527E-11    0.19740862E-05
   15   -0.15573119E+02   -0.76383344E-13    0.29778523E-06
>> Charges saved for restart in charges.bin
 
 Total Energy:                     -15.6006847482 H
 Total Mermin free energy:         -15.6006847482 H
