================================================================================
==
==   Density Functional based Tight Binding with a lot of extensions (DFTB+)    
==
==                              Release: 1.2 (p2)
==
==                            (ParserVersion = 4)
==
================================================================================


********************************************************************************
** Parsing and initializing
********************************************************************************

Interpreting input file 'dftb_in.hsd'
--------------------------------------------------------------------------------
WARNING!
-> WriteHSDInput and WriteXMLInput both turned off. You won't eventually be 
 able to obtain the same results with a later version of the code!
Path: dftb_in/ParserOptions
Line: 73-76 (File: dftb_in.hsd)

Reading SK-files:
  /home/andersx/parameters/3ob-3-1/C-C.skf
  /home/andersx/parameters/3ob-3-1/C-O.skf
  /home/andersx/parameters/3ob-3-1/C-H.skf
  /home/andersx/parameters/3ob-3-1/O-C.skf
  /home/andersx/parameters/3ob-3-1/O-O.skf
  /home/andersx/parameters/3ob-3-1/O-H.skf
  /home/andersx/parameters/3ob-3-1/H-C.skf
  /home/andersx/parameters/3ob-3-1/H-O.skf
  /home/andersx/parameters/3ob-3-1/H-H.skf
Done.

Starting initialization...
--------------------------------------------------------------------------------
Mode:                        Static calculation
Self consistent charges:     Yes
SCC-tolerance:                 0.100000E-05
Max. scc iterations:                    100
Ewald alpha parameter:         0.000000E+00
Spin polarisation:           No
Nr. of up electrons:            18.000000
Nr. of down electrons:          18.000000
Periodic boundaries:         No
Diagonalizer:                Divide and Conquer
Mixer:                       Anderson mixer
Mixing parameter:                  0.200000
Maximal SCC-cycles:                     100
Nr. of chrg. vectors to mix:              8
Electronic temperature:        0.100000E-07
Initial charges:             Set automatically (system chrg:   0.000E+00)
Included shells:              C:  s, p
                              O:  s, p
                              H:  s
Full 3rd order correction    Yes
Damped SCC                   Yes
Damped specie(s):            H                                                 
Extra options:
--------------------------------------------------------------------------------
 

********************************************************************************
** Geometry step: 0
********************************************************************************

  iSCC Total electronic   Diff electronic      SCC error    
    1   -0.16529690E+02    0.00000000E+00    0.74894889E+00
    2   -0.16530630E+02   -0.93966317E-03    0.73606650E+00
    3   -0.16553998E+02   -0.23368391E-01    0.13813517E+00
    4   -0.16554429E+02   -0.43069718E-03    0.14008784E+00
    5   -0.16555693E+02   -0.12643400E-02    0.34122147E-01
    6   -0.16555762E+02   -0.69234279E-04    0.10900129E-01
    7   -0.16555762E+02    0.75051955E-06    0.11210742E-01
    8   -0.16555778E+02   -0.16573758E-04    0.23600874E-02
    9   -0.16555778E+02   -0.21878197E-07    0.21451098E-02
   10   -0.16555778E+02   -0.73546893E-07    0.62587080E-03
   11   -0.16555778E+02    0.82859231E-09    0.41496737E-03
   12   -0.16555778E+02   -0.92510390E-08    0.35850646E-04
   13   -0.16555778E+02   -0.15230484E-09    0.17467974E-04
   14   -0.16555778E+02   -0.37942982E-11    0.16296844E-05
   15   -0.16555778E+02   -0.13500312E-12    0.13721430E-06
>> Charges saved for restart in charges.bin
 
 Total Energy:                     -16.4847220394 H
 Total Mermin free energy:         -16.4847220394 H
