================================================================================
==
==   Density Functional based Tight Binding with a lot of extensions (DFTB+)    
==
==                              Release: 1.2 (p2)
==
==                            (ParserVersion = 4)
==
================================================================================


********************************************************************************
** Parsing and initializing
********************************************************************************

Interpreting input file 'dftb_in.hsd'
--------------------------------------------------------------------------------
WARNING!
-> WriteHSDInput and WriteXMLInput both turned off. You won't eventually be 
 able to obtain the same results with a later version of the code!
Path: dftb_in/ParserOptions
Line: 73-76 (File: dftb_in.hsd)

Reading SK-files:
  /home/andersx/parameters/3ob-3-1/C-C.skf
  /home/andersx/parameters/3ob-3-1/C-O.skf
  /home/andersx/parameters/3ob-3-1/C-H.skf
  /home/andersx/parameters/3ob-3-1/O-C.skf
  /home/andersx/parameters/3ob-3-1/O-O.skf
  /home/andersx/parameters/3ob-3-1/O-H.skf
  /home/andersx/parameters/3ob-3-1/H-C.skf
  /home/andersx/parameters/3ob-3-1/H-O.skf
  /home/andersx/parameters/3ob-3-1/H-H.skf
Done.

Starting initialization...
--------------------------------------------------------------------------------
Mode:                        Static calculation
Self consistent charges:     Yes
SCC-tolerance:                 0.100000E-05
Max. scc iterations:                    100
Ewald alpha parameter:         0.000000E+00
Spin polarisation:           No
Nr. of up electrons:            18.000000
Nr. of down electrons:          18.000000
Periodic boundaries:         No
Diagonalizer:                Divide and Conquer
Mixer:                       Anderson mixer
Mixing parameter:                  0.200000
Maximal SCC-cycles:                     100
Nr. of chrg. vectors to mix:              8
Electronic temperature:        0.100000E-07
Initial charges:             Set automatically (system chrg:   0.000E+00)
Included shells:              C:  s, p
                              O:  s, p
                              H:  s
Full 3rd order correction    Yes
Damped SCC                   Yes
Damped specie(s):            H                                                 
Extra options:
--------------------------------------------------------------------------------
 

********************************************************************************
** Geometry step: 0
********************************************************************************

  iSCC Total electronic   Diff electronic      SCC error    
    1   -0.16446742E+02    0.00000000E+00    0.65202673E+00
    2   -0.16447071E+02   -0.32880847E-03    0.64369046E+00
    3   -0.16456520E+02   -0.94485886E-02    0.81542386E-01
    4   -0.16456432E+02    0.87776153E-04    0.75209302E-01
    5   -0.16456612E+02   -0.17987802E-03    0.67886506E-01
    6   -0.16456738E+02   -0.12642698E-03    0.10498262E-01
    7   -0.16456738E+02    0.40796322E-06    0.11103889E-01
    8   -0.16456743E+02   -0.49623941E-05    0.11370103E-02
    9   -0.16456743E+02   -0.54547868E-08    0.62114842E-03
   10   -0.16456743E+02   -0.17181890E-07    0.50939327E-03
   11   -0.16456743E+02   -0.24837092E-08    0.12455472E-03
   12   -0.16456743E+02   -0.46079762E-09    0.17737508E-04
   13   -0.16456743E+02   -0.18712143E-10    0.24931502E-05
   14   -0.16456743E+02   -0.33395509E-12    0.43955565E-06
>> Charges saved for restart in charges.bin
 
 Total Energy:                     -16.4158973676 H
 Total Mermin free energy:         -16.4158973676 H
