================================================================================
==
==   Density Functional based Tight Binding with a lot of extensions (DFTB+)    
==
==                              Release: 1.2 (p2)
==
==                            (ParserVersion = 4)
==
================================================================================


********************************************************************************
** Parsing and initializing
********************************************************************************

Interpreting input file 'dftb_in.hsd'
--------------------------------------------------------------------------------
WARNING!
-> WriteHSDInput and WriteXMLInput both turned off. You won't eventually be 
 able to obtain the same results with a later version of the code!
Path: dftb_in/ParserOptions
Line: 77-80 (File: dftb_in.hsd)

Reading SK-files:
  /home/andersx/parameters/3ob-3-1/C-C.skf
  /home/andersx/parameters/3ob-3-1/C-O.skf
  /home/andersx/parameters/3ob-3-1/C-H.skf
  /home/andersx/parameters/3ob-3-1/O-C.skf
  /home/andersx/parameters/3ob-3-1/O-O.skf
  /home/andersx/parameters/3ob-3-1/O-H.skf
  /home/andersx/parameters/3ob-3-1/H-C.skf
  /home/andersx/parameters/3ob-3-1/H-O.skf
  /home/andersx/parameters/3ob-3-1/H-H.skf
Done.

Starting initialization...
--------------------------------------------------------------------------------
Mode:                        Static calculation
Self consistent charges:     Yes
SCC-tolerance:                 0.100000E-05
Max. scc iterations:                    100
Ewald alpha parameter:         0.000000E+00
Spin polarisation:           No
Nr. of up electrons:            19.000000
Nr. of down electrons:          19.000000
Periodic boundaries:         No
Diagonalizer:                Divide and Conquer
Mixer:                       Anderson mixer
Mixing parameter:                  0.200000
Maximal SCC-cycles:                     100
Nr. of chrg. vectors to mix:              8
Electronic temperature:        0.100000E-07
Initial charges:             Set automatically (system chrg:   0.000E+00)
Included shells:              C:  s, p
                              O:  s, p
                              H:  s
Full 3rd order correction    Yes
Damped SCC                   Yes
Damped specie(s):            H                                                 
Extra options:
--------------------------------------------------------------------------------
 

********************************************************************************
** Geometry step: 0
********************************************************************************

  iSCC Total electronic   Diff electronic      SCC error    
    1   -0.16260451E+02    0.00000000E+00    0.55024744E+00
    2   -0.16260764E+02   -0.31337145E-03    0.54173058E+00
    3   -0.16269475E+02   -0.87106316E-02    0.86934284E-01
    4   -0.16269384E+02    0.90444062E-04    0.79549837E-01
    5   -0.16269499E+02   -0.11404537E-03    0.77665082E-01
    6   -0.16269642E+02   -0.14371188E-03    0.78079303E-02
    7   -0.16269641E+02    0.10910206E-05    0.97537047E-02
    8   -0.16269647E+02   -0.56321154E-05    0.32545585E-02
    9   -0.16269647E+02    0.84638948E-07    0.25425489E-02
   10   -0.16269647E+02   -0.15298514E-06    0.14938641E-02
   11   -0.16269647E+02   -0.52587076E-07    0.39963446E-03
   12   -0.16269647E+02   -0.77310141E-08    0.66045082E-04
   13   -0.16269647E+02   -0.55734972E-10    0.26032743E-04
   14   -0.16269647E+02   -0.11354473E-10    0.16589968E-05
   15   -0.16269647E+02   -0.17763568E-13    0.39193135E-06
>> Charges saved for restart in charges.bin
 
 Total Energy:                     -16.3920557471 H
 Total Mermin free energy:         -16.3920557471 H
