================================================================================
==
==   Density Functional based Tight Binding with a lot of extensions (DFTB+)    
==
==                              Release: 1.2 (p2)
==
==                            (ParserVersion = 4)
==
================================================================================


********************************************************************************
** Parsing and initializing
********************************************************************************

Interpreting input file 'dftb_in.hsd'
--------------------------------------------------------------------------------
WARNING!
-> WriteHSDInput and WriteXMLInput both turned off. You won't eventually be 
 able to obtain the same results with a later version of the code!
Path: dftb_in/ParserOptions
Line: 71-74 (File: dftb_in.hsd)

Reading SK-files:
  /home/andersx/parameters/3ob-3-1/C-C.skf
  /home/andersx/parameters/3ob-3-1/C-O.skf
  /home/andersx/parameters/3ob-3-1/C-H.skf
  /home/andersx/parameters/3ob-3-1/O-C.skf
  /home/andersx/parameters/3ob-3-1/O-O.skf
  /home/andersx/parameters/3ob-3-1/O-H.skf
  /home/andersx/parameters/3ob-3-1/H-C.skf
  /home/andersx/parameters/3ob-3-1/H-O.skf
  /home/andersx/parameters/3ob-3-1/H-H.skf
Done.

Starting initialization...
--------------------------------------------------------------------------------
Mode:                        Static calculation
Self consistent charges:     Yes
SCC-tolerance:                 0.100000E-05
Max. scc iterations:                    100
Ewald alpha parameter:         0.000000E+00
Spin polarisation:           No
Nr. of up electrons:            17.000000
Nr. of down electrons:          17.000000
Periodic boundaries:         No
Diagonalizer:                Divide and Conquer
Mixer:                       Anderson mixer
Mixing parameter:                  0.200000
Maximal SCC-cycles:                     100
Nr. of chrg. vectors to mix:              8
Electronic temperature:        0.100000E-07
Initial charges:             Set automatically (system chrg:   0.000E+00)
Included shells:              C:  s, p
                              O:  s, p
                              H:  s
Full 3rd order correction    Yes
Damped SCC                   Yes
Damped specie(s):            H                                                 
Extra options:
--------------------------------------------------------------------------------
 

********************************************************************************
** Geometry step: 0
********************************************************************************

  iSCC Total electronic   Diff electronic      SCC error    
    1   -0.15814936E+02    0.00000000E+00    0.77618765E+00
    2   -0.15816092E+02   -0.11558409E-02    0.76217169E+00
    3   -0.15843199E+02   -0.27106790E-01    0.10792887E+00
    4   -0.15843827E+02   -0.62858260E-03    0.11822843E+00
    5   -0.15844979E+02   -0.11513574E-02    0.65858987E-01
    6   -0.15845247E+02   -0.26793967E-03    0.49721706E-01
    7   -0.15845237E+02    0.97106119E-05    0.49541093E-01
    8   -0.15845349E+02   -0.11172469E-03    0.65816141E-02
    9   -0.15845349E+02   -0.42504088E-06    0.57177978E-02
   10   -0.15845350E+02   -0.40731116E-06    0.32173026E-03
   11   -0.15845350E+02   -0.20398993E-07    0.21567019E-03
   12   -0.15845350E+02   -0.70903781E-08    0.36027028E-04
   13   -0.15845350E+02   -0.41687542E-10    0.57109282E-05
   14   -0.15845350E+02   -0.61817218E-12    0.86458507E-06
>> Charges saved for restart in charges.bin
 
 Total Energy:                     -15.6846962674 H
 Total Mermin free energy:         -15.6846962674 H
