================================================================================
==
==   Density Functional based Tight Binding with a lot of extensions (DFTB+)    
==
==                              Release: 1.2 (p2)
==
==                            (ParserVersion = 4)
==
================================================================================


********************************************************************************
** Parsing and initializing
********************************************************************************

Interpreting input file 'dftb_in.hsd'
--------------------------------------------------------------------------------
WARNING!
-> WriteHSDInput and WriteXMLInput both turned off. You won't eventually be 
 able to obtain the same results with a later version of the code!
Path: dftb_in/ParserOptions
Line: 73-76 (File: dftb_in.hsd)

Reading SK-files:
  /home/andersx/parameters/3ob-3-1/C-C.skf
  /home/andersx/parameters/3ob-3-1/C-O.skf
  /home/andersx/parameters/3ob-3-1/C-H.skf
  /home/andersx/parameters/3ob-3-1/O-C.skf
  /home/andersx/parameters/3ob-3-1/O-O.skf
  /home/andersx/parameters/3ob-3-1/O-H.skf
  /home/andersx/parameters/3ob-3-1/H-C.skf
  /home/andersx/parameters/3ob-3-1/H-O.skf
  /home/andersx/parameters/3ob-3-1/H-H.skf
Done.

Starting initialization...
--------------------------------------------------------------------------------
Mode:                        Static calculation
Self consistent charges:     Yes
SCC-tolerance:                 0.100000E-05
Max. scc iterations:                    100
Ewald alpha parameter:         0.000000E+00
Spin polarisation:           No
Nr. of up electrons:            18.000000
Nr. of down electrons:          18.000000
Periodic boundaries:         No
Diagonalizer:                Divide and Conquer
Mixer:                       Anderson mixer
Mixing parameter:                  0.200000
Maximal SCC-cycles:                     100
Nr. of chrg. vectors to mix:              8
Electronic temperature:        0.100000E-07
Initial charges:             Set automatically (system chrg:   0.000E+00)
Included shells:              C:  s, p
                              O:  s, p
                              H:  s
Full 3rd order correction    Yes
Damped SCC                   Yes
Damped specie(s):            H                                                 
Extra options:
--------------------------------------------------------------------------------
 

********************************************************************************
** Geometry step: 0
********************************************************************************

  iSCC Total electronic   Diff electronic      SCC error    
    1   -0.16485220E+02    0.00000000E+00    0.69889170E+00
    2   -0.16486101E+02   -0.88043738E-03    0.68670150E+00
    3   -0.16510282E+02   -0.24180900E-01    0.11856298E+00
    4   -0.16510330E+02   -0.47884936E-04    0.11764785E+00
    5   -0.16510658E+02   -0.32828361E-03    0.16213967E-01
    6   -0.16510653E+02    0.51803022E-05    0.14750942E-01
    7   -0.16510665E+02   -0.11884192E-04    0.36419866E-02
    8   -0.16510666E+02   -0.13883011E-05    0.57602539E-03
    9   -0.16510666E+02   -0.27742772E-07    0.28506410E-03
   10   -0.16510666E+02   -0.33227217E-08    0.35911530E-04
   11   -0.16510666E+02   -0.27274183E-10    0.52298178E-05
   12   -0.16510666E+02   -0.37303494E-12    0.78872503E-06
>> Charges saved for restart in charges.bin
 
 Total Energy:                     -16.4555400853 H
 Total Mermin free energy:         -16.4555400853 H
