================================================================================
==
==   Density Functional based Tight Binding with a lot of extensions (DFTB+)    
==
==                              Release: 1.2 (p2)
==
==                            (ParserVersion = 4)
==
================================================================================


********************************************************************************
** Parsing and initializing
********************************************************************************

Interpreting input file 'dftb_in.hsd'
--------------------------------------------------------------------------------
WARNING!
-> WriteHSDInput and WriteXMLInput both turned off. You won't eventually be 
 able to obtain the same results with a later version of the code!
Path: dftb_in/ParserOptions
Line: 65-68 (File: dftb_in.hsd)

Reading SK-files:
  /home/andersx/parameters/3ob-3-1/C-C.skf
  /home/andersx/parameters/3ob-3-1/C-H.skf
  /home/andersx/parameters/3ob-3-1/H-C.skf
  /home/andersx/parameters/3ob-3-1/H-H.skf
Done.

Starting initialization...
--------------------------------------------------------------------------------
Mode:                        Static calculation
Self consistent charges:     Yes
SCC-tolerance:                 0.100000E-05
Max. scc iterations:                    100
Ewald alpha parameter:         0.000000E+00
Spin polarisation:           No
Nr. of up electrons:            14.000000
Nr. of down electrons:          14.000000
Periodic boundaries:         No
Diagonalizer:                Divide and Conquer
Mixer:                       Anderson mixer
Mixing parameter:                  0.200000
Maximal SCC-cycles:                     100
Nr. of chrg. vectors to mix:              8
Electronic temperature:        0.100000E-07
Initial charges:             Set automatically (system chrg:   0.000E+00)
Included shells:              C:  s, p
                              H:  s
Full 3rd order correction    Yes
Damped SCC                   Yes
Damped specie(s):            H                                                 
Extra options:
--------------------------------------------------------------------------------
 

********************************************************************************
** Geometry step: 0
********************************************************************************

  iSCC Total electronic   Diff electronic      SCC error    
    1   -0.11566689E+02    0.00000000E+00    0.36037581E+00
    2   -0.11566731E+02   -0.41775051E-04    0.35586197E+00
    3   -0.11568026E+02   -0.12943807E-02    0.46140177E-01
    4   -0.11568000E+02    0.25168788E-04    0.46540866E-01
    5   -0.11568003E+02   -0.25612145E-05    0.43847892E-01
    6   -0.11568069E+02   -0.66200984E-04    0.32723018E-02
    7   -0.11568070E+02   -0.63163926E-06    0.32544688E-02
    8   -0.11568071E+02   -0.13000127E-05    0.25358977E-02
    9   -0.11568071E+02   -0.86662766E-09    0.24774792E-02
   10   -0.11568071E+02   -0.59719175E-07    0.96108821E-03
   11   -0.11568071E+02   -0.13378875E-07    0.33717975E-03
   12   -0.11568071E+02   -0.71962756E-08    0.58710394E-04
   13   -0.11568071E+02   -0.12839507E-10    0.19228444E-04
   14   -0.11568071E+02   -0.26076918E-11    0.51634021E-06
>> Charges saved for restart in charges.bin
 
 Total Energy:                     -11.5193216249 H
 Total Mermin free energy:         -11.5193216249 H
