================================================================================
==
==   Density Functional based Tight Binding with a lot of extensions (DFTB+)    
==
==                              Release: 1.2 (p2)
==
==                            (ParserVersion = 4)
==
================================================================================


********************************************************************************
** Parsing and initializing
********************************************************************************

Interpreting input file 'dftb_in.hsd'
--------------------------------------------------------------------------------
WARNING!
-> WriteHSDInput and WriteXMLInput both turned off. You won't eventually be 
 able to obtain the same results with a later version of the code!
Path: dftb_in/ParserOptions
Line: 69-72 (File: dftb_in.hsd)

Reading SK-files:
  /home/andersx/parameters/3ob-3-1/C-C.skf
  /home/andersx/parameters/3ob-3-1/C-O.skf
  /home/andersx/parameters/3ob-3-1/C-H.skf
  /home/andersx/parameters/3ob-3-1/O-C.skf
  /home/andersx/parameters/3ob-3-1/O-O.skf
  /home/andersx/parameters/3ob-3-1/O-H.skf
  /home/andersx/parameters/3ob-3-1/H-C.skf
  /home/andersx/parameters/3ob-3-1/H-O.skf
  /home/andersx/parameters/3ob-3-1/H-H.skf
Done.

Starting initialization...
--------------------------------------------------------------------------------
Mode:                        Static calculation
Self consistent charges:     Yes
SCC-tolerance:                 0.100000E-05
Max. scc iterations:                    100
Ewald alpha parameter:         0.000000E+00
Spin polarisation:           No
Nr. of up electrons:            16.000000
Nr. of down electrons:          16.000000
Periodic boundaries:         No
Diagonalizer:                Divide and Conquer
Mixer:                       Anderson mixer
Mixing parameter:                  0.200000
Maximal SCC-cycles:                     100
Nr. of chrg. vectors to mix:              8
Electronic temperature:        0.100000E-07
Initial charges:             Set automatically (system chrg:   0.000E+00)
Included shells:              C:  s, p
                              O:  s, p
                              H:  s
Full 3rd order correction    Yes
Damped SCC                   Yes
Damped specie(s):            H                                                 
Extra options:
--------------------------------------------------------------------------------
 

********************************************************************************
** Geometry step: 0
********************************************************************************

  iSCC Total electronic   Diff electronic      SCC error    
    1   -0.15190280E+02    0.00000000E+00    0.10215987E+01
    2   -0.15190802E+02   -0.52271631E-03    0.10077624E+01
    3   -0.15206147E+02   -0.15344897E-01    0.95590592E-01
    4   -0.15206431E+02   -0.28365522E-03    0.90788322E-01
    5   -0.15207122E+02   -0.69057786E-03    0.50598077E-01
    6   -0.15207415E+02   -0.29303628E-03    0.27033207E-01
    7   -0.15207417E+02   -0.20648307E-05    0.25960474E-01
    8   -0.15207429E+02   -0.11908470E-04    0.47573970E-02
    9   -0.15207428E+02    0.45076461E-06    0.42660319E-02
   10   -0.15207430E+02   -0.20496833E-05    0.93682060E-03
   11   -0.15207430E+02   -0.60657989E-07    0.53656616E-03
   12   -0.15207430E+02   -0.26615311E-07    0.55382866E-04
   13   -0.15207430E+02   -0.37516124E-09    0.43896887E-04
   14   -0.15207430E+02   -0.20454749E-10    0.17376376E-05
   15   -0.15207430E+02   -0.29132252E-12    0.15132204E-06
>> Charges saved for restart in charges.bin
 
 Total Energy:                     -14.9018771675 H
 Total Mermin free energy:         -14.9018771675 H
