================================================================================
==
==   Density Functional based Tight Binding with a lot of extensions (DFTB+)    
==
==                              Release: 1.2 (p2)
==
==                            (ParserVersion = 4)
==
================================================================================


********************************************************************************
** Parsing and initializing
********************************************************************************

Interpreting input file 'dftb_in.hsd'
--------------------------------------------------------------------------------
WARNING!
-> WriteHSDInput and WriteXMLInput both turned off. You won't eventually be 
 able to obtain the same results with a later version of the code!
Path: dftb_in/ParserOptions
Line: 71-74 (File: dftb_in.hsd)

Reading SK-files:
  /home/andersx/parameters/3ob-3-1/O-O.skf
  /home/andersx/parameters/3ob-3-1/O-C.skf
  /home/andersx/parameters/3ob-3-1/O-H.skf
  /home/andersx/parameters/3ob-3-1/C-O.skf
  /home/andersx/parameters/3ob-3-1/C-C.skf
  /home/andersx/parameters/3ob-3-1/C-H.skf
  /home/andersx/parameters/3ob-3-1/H-O.skf
  /home/andersx/parameters/3ob-3-1/H-C.skf
  /home/andersx/parameters/3ob-3-1/H-H.skf
Done.

Starting initialization...
--------------------------------------------------------------------------------
Mode:                        Static calculation
Self consistent charges:     Yes
SCC-tolerance:                 0.100000E-05
Max. scc iterations:                    100
Ewald alpha parameter:         0.000000E+00
Spin polarisation:           No
Nr. of up electrons:            17.000000
Nr. of down electrons:          17.000000
Periodic boundaries:         No
Diagonalizer:                Divide and Conquer
Mixer:                       Anderson mixer
Mixing parameter:                  0.200000
Maximal SCC-cycles:                     100
Nr. of chrg. vectors to mix:              8
Electronic temperature:        0.100000E-07
Initial charges:             Set automatically (system chrg:   0.000E+00)
Included shells:              O:  s, p
                              C:  s, p
                              H:  s
Full 3rd order correction    Yes
Damped SCC                   Yes
Damped specie(s):            H                                                 
Extra options:
--------------------------------------------------------------------------------
 

********************************************************************************
** Geometry step: 0
********************************************************************************

  iSCC Total electronic   Diff electronic      SCC error    
    1   -0.15771482E+02    0.00000000E+00    0.68909458E+00
    2   -0.15772372E+02   -0.89014776E-03    0.67684206E+00
    3   -0.15794574E+02   -0.22202537E-01    0.13482776E+00
    4   -0.15794862E+02   -0.28806093E-03    0.13251598E+00
    5   -0.15795999E+02   -0.11369198E-02    0.18750304E-01
    6   -0.15796023E+02   -0.24146548E-04    0.12652124E-01
    7   -0.15796023E+02    0.14181845E-06    0.12901535E-01
    8   -0.15796029E+02   -0.62064362E-05    0.83357947E-03
    9   -0.15796029E+02   -0.24389884E-07    0.77395966E-03
   10   -0.15796030E+02   -0.74504834E-07    0.91506651E-04
   11   -0.15796030E+02   -0.43584336E-09    0.52522336E-04
   12   -0.15796030E+02   -0.26153835E-09    0.88849543E-05
   13   -0.15796030E+02   -0.19593216E-11    0.14159650E-05
   14   -0.15796030E+02   -0.10658141E-13    0.21481802E-06
>> Charges saved for restart in charges.bin
 
 Total Energy:                     -15.6833988458 H
 Total Mermin free energy:         -15.6833988458 H
