================================================================================
==
==   Density Functional based Tight Binding with a lot of extensions (DFTB+)    
==
==                              Release: 1.2 (p2)
==
==                            (ParserVersion = 4)
==
================================================================================


********************************************************************************
** Parsing and initializing
********************************************************************************

Interpreting input file 'dftb_in.hsd'
--------------------------------------------------------------------------------
WARNING!
-> WriteHSDInput and WriteXMLInput both turned off. You won't eventually be 
 able to obtain the same results with a later version of the code!
Path: dftb_in/ParserOptions
Line: 71-74 (File: dftb_in.hsd)

Reading SK-files:
  /home/andersx/parameters/3ob-3-1/O-O.skf
  /home/andersx/parameters/3ob-3-1/O-C.skf
  /home/andersx/parameters/3ob-3-1/O-H.skf
  /home/andersx/parameters/3ob-3-1/C-O.skf
  /home/andersx/parameters/3ob-3-1/C-C.skf
  /home/andersx/parameters/3ob-3-1/C-H.skf
  /home/andersx/parameters/3ob-3-1/H-O.skf
  /home/andersx/parameters/3ob-3-1/H-C.skf
  /home/andersx/parameters/3ob-3-1/H-H.skf
Done.

Starting initialization...
--------------------------------------------------------------------------------
Mode:                        Static calculation
Self consistent charges:     Yes
SCC-tolerance:                 0.100000E-05
Max. scc iterations:                    100
Ewald alpha parameter:         0.000000E+00
Spin polarisation:           No
Nr. of up electrons:            17.000000
Nr. of down electrons:          17.000000
Periodic boundaries:         No
Diagonalizer:                Divide and Conquer
Mixer:                       Anderson mixer
Mixing parameter:                  0.200000
Maximal SCC-cycles:                     100
Nr. of chrg. vectors to mix:              8
Electronic temperature:        0.100000E-07
Initial charges:             Set automatically (system chrg:   0.000E+00)
Included shells:              O:  s, p
                              C:  s, p
                              H:  s
Full 3rd order correction    Yes
Damped SCC                   Yes
Damped specie(s):            H                                                 
Extra options:
--------------------------------------------------------------------------------
 

********************************************************************************
** Geometry step: 0
********************************************************************************

  iSCC Total electronic   Diff electronic      SCC error    
    1   -0.15723834E+02    0.00000000E+00    0.69207892E+00
    2   -0.15724796E+02   -0.96234464E-03    0.68010274E+00
    3   -0.15752271E+02   -0.27474566E-01    0.92989044E-01
    4   -0.15752345E+02   -0.74277040E-04    0.94377065E-01
    5   -0.15752597E+02   -0.25220680E-03    0.36464258E-01
    6   -0.15752607E+02   -0.10378689E-04    0.14705238E-01
    7   -0.15752605E+02    0.21083120E-05    0.16546952E-01
    8   -0.15752623E+02   -0.18170680E-04    0.66298267E-03
    9   -0.15752623E+02   -0.26883070E-07    0.58517752E-03
   10   -0.15752624E+02   -0.73682974E-07    0.98011233E-04
   11   -0.15752624E+02   -0.13064927E-09    0.58496297E-04
   12   -0.15752624E+02   -0.51215920E-10    0.18669744E-05
   13   -0.15752624E+02   -0.26467717E-12    0.26354600E-06
>> Charges saved for restart in charges.bin
 
 Total Energy:                     -15.6742206548 H
 Total Mermin free energy:         -15.6742206548 H
