================================================================================
==
==   Density Functional based Tight Binding with a lot of extensions (DFTB+)    
==
==                              Release: 1.2 (p2)
==
==                            (ParserVersion = 4)
==
================================================================================


********************************************************************************
** Parsing and initializing
********************************************************************************

Interpreting input file 'dftb_in.hsd'
--------------------------------------------------------------------------------
WARNING!
-> WriteHSDInput and WriteXMLInput both turned off. You won't eventually be 
 able to obtain the same results with a later version of the code!
Path: dftb_in/ParserOptions
Line: 73-76 (File: dftb_in.hsd)

Reading SK-files:
  /home/andersx/parameters/3ob-3-1/O-O.skf
  /home/andersx/parameters/3ob-3-1/O-C.skf
  /home/andersx/parameters/3ob-3-1/O-H.skf
  /home/andersx/parameters/3ob-3-1/C-O.skf
  /home/andersx/parameters/3ob-3-1/C-C.skf
  /home/andersx/parameters/3ob-3-1/C-H.skf
  /home/andersx/parameters/3ob-3-1/H-O.skf
  /home/andersx/parameters/3ob-3-1/H-C.skf
  /home/andersx/parameters/3ob-3-1/H-H.skf
Done.

Starting initialization...
--------------------------------------------------------------------------------
Mode:                        Static calculation
Self consistent charges:     Yes
SCC-tolerance:                 0.100000E-05
Max. scc iterations:                    100
Ewald alpha parameter:         0.000000E+00
Spin polarisation:           No
Nr. of up electrons:            18.000000
Nr. of down electrons:          18.000000
Periodic boundaries:         No
Diagonalizer:                Divide and Conquer
Mixer:                       Anderson mixer
Mixing parameter:                  0.200000
Maximal SCC-cycles:                     100
Nr. of chrg. vectors to mix:              8
Electronic temperature:        0.100000E-07
Initial charges:             Set automatically (system chrg:   0.000E+00)
Included shells:              O:  s, p
                              C:  s, p
                              H:  s
Full 3rd order correction    Yes
Damped SCC                   Yes
Damped specie(s):            H                                                 
Extra options:
--------------------------------------------------------------------------------
 

********************************************************************************
** Geometry step: 0
********************************************************************************

  iSCC Total electronic   Diff electronic      SCC error    
    1   -0.16422390E+02    0.00000000E+00    0.68151834E+00
    2   -0.16422933E+02   -0.54336673E-03    0.67255602E+00
    3   -0.16438153E+02   -0.15219549E-01    0.78069593E-01
    4   -0.16438037E+02    0.11585797E-03    0.77967009E-01
    5   -0.16438131E+02   -0.94712317E-04    0.90306083E-01
    6   -0.16438379E+02   -0.24793217E-03    0.98073932E-02
    7   -0.16438374E+02    0.49406664E-05    0.16404529E-01
    8   -0.16438384E+02   -0.98966282E-05    0.60674543E-02
    9   -0.16438385E+02   -0.78352950E-06    0.10029684E-02
   10   -0.16438385E+02   -0.17381247E-07    0.97623255E-03
   11   -0.16438385E+02   -0.43645159E-07    0.11771580E-03
   12   -0.16438385E+02   -0.16847821E-08    0.58040992E-04
   13   -0.16438385E+02   -0.64892802E-09    0.65879366E-05
   14   -0.16438385E+02   -0.20179414E-11    0.11194984E-05
   15   -0.16438385E+02   -0.42632564E-13    0.28809615E-06
>> Charges saved for restart in charges.bin
 
 Total Energy:                     -16.4354445104 H
 Total Mermin free energy:         -16.4354445104 H
