================================================================================
==
==   Density Functional based Tight Binding with a lot of extensions (DFTB+)    
==
==                              Release: 1.2 (p2)
==
==                            (ParserVersion = 4)
==
================================================================================


********************************************************************************
** Parsing and initializing
********************************************************************************

Interpreting input file 'dftb_in.hsd'
--------------------------------------------------------------------------------
WARNING!
-> WriteHSDInput and WriteXMLInput both turned off. You won't eventually be 
 able to obtain the same results with a later version of the code!
Path: dftb_in/ParserOptions
Line: 73-76 (File: dftb_in.hsd)

Reading SK-files:
  /home/andersx/parameters/3ob-3-1/O-O.skf
  /home/andersx/parameters/3ob-3-1/O-C.skf
  /home/andersx/parameters/3ob-3-1/O-H.skf
  /home/andersx/parameters/3ob-3-1/C-O.skf
  /home/andersx/parameters/3ob-3-1/C-C.skf
  /home/andersx/parameters/3ob-3-1/C-H.skf
  /home/andersx/parameters/3ob-3-1/H-O.skf
  /home/andersx/parameters/3ob-3-1/H-C.skf
  /home/andersx/parameters/3ob-3-1/H-H.skf
Done.

Starting initialization...
--------------------------------------------------------------------------------
Mode:                        Static calculation
Self consistent charges:     Yes
SCC-tolerance:                 0.100000E-05
Max. scc iterations:                    100
Ewald alpha parameter:         0.000000E+00
Spin polarisation:           No
Nr. of up electrons:            17.000000
Nr. of down electrons:          17.000000
Periodic boundaries:         No
Diagonalizer:                Divide and Conquer
Mixer:                       Anderson mixer
Mixing parameter:                  0.200000
Maximal SCC-cycles:                     100
Nr. of chrg. vectors to mix:              8
Electronic temperature:        0.100000E-07
Initial charges:             Set automatically (system chrg:   0.000E+00)
Included shells:              O:  s, p
                              C:  s, p
                              H:  s
Full 3rd order correction    Yes
Damped SCC                   Yes
Damped specie(s):            H                                                 
Extra options:
--------------------------------------------------------------------------------
 

********************************************************************************
** Geometry step: 0
********************************************************************************

  iSCC Total electronic   Diff electronic      SCC error    
    1   -0.14844306E+02    0.00000000E+00    0.69911606E+00
    2   -0.14845094E+02   -0.78793677E-03    0.68655304E+00
    3   -0.14864832E+02   -0.19737747E-01    0.10040247E+00
    4   -0.14864984E+02   -0.15183907E-03    0.99905194E-01
    5   -0.14865388E+02   -0.40464504E-03    0.13517332E-01
    6   -0.14865389E+02   -0.75380961E-06    0.98139520E-02
    7   -0.14865391E+02   -0.19743988E-05    0.81845021E-02
    8   -0.14865396E+02   -0.54235393E-05    0.96125663E-03
    9   -0.14865396E+02   -0.25425274E-07    0.10007934E-02
   10   -0.14865397E+02   -0.88947909E-07    0.12373844E-03
   11   -0.14865397E+02   -0.40852122E-09    0.68335432E-04
   12   -0.14865397E+02   -0.20807711E-09    0.93850113E-05
   13   -0.14865397E+02   -0.54800608E-11    0.14872412E-05
   14   -0.14865397E+02   -0.21316282E-13    0.22928840E-06
>> Charges saved for restart in charges.bin
 
 Total Energy:                     -14.8419812008 H
 Total Mermin free energy:         -14.8419812008 H
