================================================================================
==
==   Density Functional based Tight Binding with a lot of extensions (DFTB+)    
==
==                              Release: 1.2 (p2)
==
==                            (ParserVersion = 4)
==
================================================================================


********************************************************************************
** Parsing and initializing
********************************************************************************

Interpreting input file 'dftb_in.hsd'
--------------------------------------------------------------------------------
WARNING!
-> WriteHSDInput and WriteXMLInput both turned off. You won't eventually be 
 able to obtain the same results with a later version of the code!
Path: dftb_in/ParserOptions
Line: 73-76 (File: dftb_in.hsd)

Reading SK-files:
  /home/andersx/parameters/3ob-3-1/O-O.skf
  /home/andersx/parameters/3ob-3-1/O-C.skf
  /home/andersx/parameters/3ob-3-1/O-H.skf
  /home/andersx/parameters/3ob-3-1/C-O.skf
  /home/andersx/parameters/3ob-3-1/C-C.skf
  /home/andersx/parameters/3ob-3-1/C-H.skf
  /home/andersx/parameters/3ob-3-1/H-O.skf
  /home/andersx/parameters/3ob-3-1/H-C.skf
  /home/andersx/parameters/3ob-3-1/H-H.skf
Done.

Starting initialization...
--------------------------------------------------------------------------------
Mode:                        Static calculation
Self consistent charges:     Yes
SCC-tolerance:                 0.100000E-05
Max. scc iterations:                    100
Ewald alpha parameter:         0.000000E+00
Spin polarisation:           No
Nr. of up electrons:            17.000000
Nr. of down electrons:          17.000000
Periodic boundaries:         No
Diagonalizer:                Divide and Conquer
Mixer:                       Anderson mixer
Mixing parameter:                  0.200000
Maximal SCC-cycles:                     100
Nr. of chrg. vectors to mix:              8
Electronic temperature:        0.100000E-07
Initial charges:             Set automatically (system chrg:   0.000E+00)
Included shells:              O:  s, p
                              C:  s, p
                              H:  s
Full 3rd order correction    Yes
Damped SCC                   Yes
Damped specie(s):            H                                                 
Extra options:
--------------------------------------------------------------------------------
 

********************************************************************************
** Geometry step: 0
********************************************************************************

  iSCC Total electronic   Diff electronic      SCC error    
    1   -0.14904721E+02    0.00000000E+00    0.68001024E+00
    2   -0.14904885E+02   -0.16482226E-03    0.67097721E+00
    3   -0.14909669E+02   -0.47837925E-02    0.51344934E-01
    4   -0.14909630E+02    0.39291839E-04    0.40194319E-01
    5   -0.14909636E+02   -0.58412238E-05    0.74638280E-01
    6   -0.14909740E+02   -0.10399735E-03    0.70032846E-02
    7   -0.14909739E+02    0.22322977E-06    0.99454194E-02
    8   -0.14909742E+02   -0.25333293E-05    0.58201648E-02
    9   -0.14909742E+02   -0.34301403E-06    0.31580546E-02
   10   -0.14909742E+02   -0.12088679E-06    0.24301923E-02
   11   -0.14909743E+02   -0.72448580E-07    0.69539688E-03
   12   -0.14909743E+02   -0.39893321E-07    0.12499923E-03
   13   -0.14909743E+02   -0.14685568E-08    0.49946982E-04
   14   -0.14909743E+02   -0.43841375E-09    0.47774236E-05
   15   -0.14909743E+02   -0.64197536E-11    0.10930006E-05
   16   -0.14909743E+02   -0.17763568E-14    0.35951225E-06
>> Charges saved for restart in charges.bin
 
 Total Energy:                     -14.8289524514 H
 Total Mermin free energy:         -14.8289524514 H
