================================================================================
==
==   Density Functional based Tight Binding with a lot of extensions (DFTB+)    
==
==                              Release: 1.2 (p2)
==
==                            (ParserVersion = 4)
==
================================================================================


********************************************************************************
** Parsing and initializing
********************************************************************************

Interpreting input file 'dftb_in.hsd'
--------------------------------------------------------------------------------
WARNING!
-> WriteHSDInput and WriteXMLInput both turned off. You won't eventually be 
 able to obtain the same results with a later version of the code!
Path: dftb_in/ParserOptions
Line: 79-82 (File: dftb_in.hsd)

Reading SK-files:
  /home/andersx/parameters/3ob-3-1/C-C.skf
  /home/andersx/parameters/3ob-3-1/C-O.skf
  /home/andersx/parameters/3ob-3-1/C-N.skf
  /home/andersx/parameters/3ob-3-1/C-H.skf
  /home/andersx/parameters/3ob-3-1/O-C.skf
  /home/andersx/parameters/3ob-3-1/O-O.skf
  /home/andersx/parameters/3ob-3-1/O-N.skf
  /home/andersx/parameters/3ob-3-1/O-H.skf
  /home/andersx/parameters/3ob-3-1/N-C.skf
  /home/andersx/parameters/3ob-3-1/N-O.skf
  /home/andersx/parameters/3ob-3-1/N-N.skf
  /home/andersx/parameters/3ob-3-1/N-H.skf
  /home/andersx/parameters/3ob-3-1/H-C.skf
  /home/andersx/parameters/3ob-3-1/H-O.skf
  /home/andersx/parameters/3ob-3-1/H-N.skf
  /home/andersx/parameters/3ob-3-1/H-H.skf
Done.

Starting initialization...
--------------------------------------------------------------------------------
Mode:                        Static calculation
Self consistent charges:     Yes
SCC-tolerance:                 0.100000E-05
Max. scc iterations:                    100
Ewald alpha parameter:         0.000000E+00
Spin polarisation:           No
Nr. of up electrons:            16.000000
Nr. of down electrons:          16.000000
Periodic boundaries:         No
Diagonalizer:                Divide and Conquer
Mixer:                       Anderson mixer
Mixing parameter:                  0.200000
Maximal SCC-cycles:                     100
Nr. of chrg. vectors to mix:              8
Electronic temperature:        0.100000E-07
Initial charges:             Set automatically (system chrg:   0.000E+00)
Included shells:              C:  s, p
                              O:  s, p
                              N:  s, p
                              H:  s
Full 3rd order correction    Yes
Damped SCC                   Yes
Damped specie(s):            H                                                 
Extra options:
--------------------------------------------------------------------------------
 

********************************************************************************
** Geometry step: 0
********************************************************************************

  iSCC Total electronic   Diff electronic      SCC error    
    1   -0.14474423E+02    0.00000000E+00    0.35181040E+00
    2   -0.14474987E+02   -0.56469822E-03    0.34542227E+00
    3   -0.14487572E+02   -0.12584493E-01    0.12267489E+00
    4   -0.14487587E+02   -0.14740406E-04    0.12108246E+00
    5   -0.14488079E+02   -0.49279826E-03    0.21904832E-01
    6   -0.14488077E+02    0.27675083E-05    0.19541461E-01
    7   -0.14488099E+02   -0.22510123E-04    0.52069262E-02
    8   -0.14488100E+02   -0.37916510E-06    0.23563787E-02
    9   -0.14488100E+02   -0.50043190E-06    0.44416911E-03
   10   -0.14488100E+02   -0.18296330E-07    0.17096519E-03
   11   -0.14488100E+02   -0.90579988E-09    0.96153604E-05
   12   -0.14488100E+02   -0.53219651E-11    0.32236389E-05
   13   -0.14488100E+02   -0.26112446E-12    0.39123613E-06
>> Charges saved for restart in charges.bin
 
 Total Energy:                     -14.3094845881 H
 Total Mermin free energy:         -14.3094845881 H
