================================================================================
==
==   Density Functional based Tight Binding with a lot of extensions (DFTB+)    
==
==                              Release: 1.2 (p2)
==
==                            (ParserVersion = 4)
==
================================================================================


********************************************************************************
** Parsing and initializing
********************************************************************************

Interpreting input file 'dftb_in.hsd'
--------------------------------------------------------------------------------
WARNING!
-> WriteHSDInput and WriteXMLInput both turned off. You won't eventually be 
 able to obtain the same results with a later version of the code!
Path: dftb_in/ParserOptions
Line: 81-84 (File: dftb_in.hsd)

Reading SK-files:
  /home/andersx/parameters/3ob-3-1/C-C.skf
  /home/andersx/parameters/3ob-3-1/C-N.skf
  /home/andersx/parameters/3ob-3-1/C-O.skf
  /home/andersx/parameters/3ob-3-1/C-H.skf
  /home/andersx/parameters/3ob-3-1/N-C.skf
  /home/andersx/parameters/3ob-3-1/N-N.skf
  /home/andersx/parameters/3ob-3-1/N-O.skf
  /home/andersx/parameters/3ob-3-1/N-H.skf
  /home/andersx/parameters/3ob-3-1/O-C.skf
  /home/andersx/parameters/3ob-3-1/O-N.skf
  /home/andersx/parameters/3ob-3-1/O-O.skf
  /home/andersx/parameters/3ob-3-1/O-H.skf
  /home/andersx/parameters/3ob-3-1/H-C.skf
  /home/andersx/parameters/3ob-3-1/H-N.skf
  /home/andersx/parameters/3ob-3-1/H-O.skf
  /home/andersx/parameters/3ob-3-1/H-H.skf
Done.

Starting initialization...
--------------------------------------------------------------------------------
Mode:                        Static calculation
Self consistent charges:     Yes
SCC-tolerance:                 0.100000E-05
Max. scc iterations:                    100
Ewald alpha parameter:         0.000000E+00
Spin polarisation:           No
Nr. of up electrons:            17.000000
Nr. of down electrons:          17.000000
Periodic boundaries:         No
Diagonalizer:                Divide and Conquer
Mixer:                       Anderson mixer
Mixing parameter:                  0.200000
Maximal SCC-cycles:                     100
Nr. of chrg. vectors to mix:              8
Electronic temperature:        0.100000E-07
Initial charges:             Set automatically (system chrg:   0.000E+00)
Included shells:              C:  s, p
                              N:  s, p
                              O:  s, p
                              H:  s
Full 3rd order correction    Yes
Damped SCC                   Yes
Damped specie(s):            H                                                 
Extra options:
--------------------------------------------------------------------------------
 

********************************************************************************
** Geometry step: 0
********************************************************************************

  iSCC Total electronic   Diff electronic      SCC error    
    1   -0.15223894E+02    0.00000000E+00    0.41138822E+00
    2   -0.15224561E+02   -0.66704045E-03    0.40400753E+00
    3   -0.15239153E+02   -0.14592667E-01    0.13250880E+00
    4   -0.15239191E+02   -0.37536698E-04    0.12973137E+00
    5   -0.15239793E+02   -0.60205857E-03    0.24769511E-01
    6   -0.15239793E+02   -0.60491675E-06    0.22703972E-01
    7   -0.15239811E+02   -0.17397741E-04    0.56744381E-02
    8   -0.15239812E+02   -0.67184138E-06    0.17661650E-02
    9   -0.15239812E+02   -0.54750251E-06    0.46551461E-03
   10   -0.15239812E+02   -0.24994993E-07    0.22977122E-03
   11   -0.15239812E+02   -0.11112462E-08    0.27312823E-04
   12   -0.15239812E+02   -0.21598723E-10    0.67275852E-05
   13   -0.15239812E+02   -0.66080474E-12    0.10282477E-05
   14   -0.15239812E+02   -0.71054274E-14    0.11371210E-06
>> Charges saved for restart in charges.bin
 
 Total Energy:                     -15.1139590535 H
 Total Mermin free energy:         -15.1139590535 H
