================================================================================
==
==   Density Functional based Tight Binding with a lot of extensions (DFTB+)    
==
==                              Release: 1.2 (p2)
==
==                            (ParserVersion = 4)
==
================================================================================


********************************************************************************
** Parsing and initializing
********************************************************************************

Interpreting input file 'dftb_in.hsd'
--------------------------------------------------------------------------------
WARNING!
-> WriteHSDInput and WriteXMLInput both turned off. You won't eventually be 
 able to obtain the same results with a later version of the code!
Path: dftb_in/ParserOptions
Line: 73-76 (File: dftb_in.hsd)

Reading SK-files:
  /home/andersx/parameters/3ob-3-1/C-C.skf
  /home/andersx/parameters/3ob-3-1/C-N.skf
  /home/andersx/parameters/3ob-3-1/C-H.skf
  /home/andersx/parameters/3ob-3-1/N-C.skf
  /home/andersx/parameters/3ob-3-1/N-N.skf
  /home/andersx/parameters/3ob-3-1/N-H.skf
  /home/andersx/parameters/3ob-3-1/H-C.skf
  /home/andersx/parameters/3ob-3-1/H-N.skf
  /home/andersx/parameters/3ob-3-1/H-H.skf
Done.

Starting initialization...
--------------------------------------------------------------------------------
Mode:                        Static calculation
Self consistent charges:     Yes
SCC-tolerance:                 0.100000E-05
Max. scc iterations:                    100
Ewald alpha parameter:         0.000000E+00
Spin polarisation:           No
Nr. of up electrons:            15.000000
Nr. of down electrons:          15.000000
Periodic boundaries:         No
Diagonalizer:                Divide and Conquer
Mixer:                       Anderson mixer
Mixing parameter:                  0.200000
Maximal SCC-cycles:                     100
Nr. of chrg. vectors to mix:              8
Electronic temperature:        0.100000E-07
Initial charges:             Set automatically (system chrg:   0.000E+00)
Included shells:              C:  s, p
                              N:  s, p
                              H:  s
Full 3rd order correction    Yes
Damped SCC                   Yes
Damped specie(s):            H                                                 
Extra options:
--------------------------------------------------------------------------------
 

********************************************************************************
** Geometry step: 0
********************************************************************************

  iSCC Total electronic   Diff electronic      SCC error    
    1   -0.12592196E+02    0.00000000E+00    0.57181618E+00
    2   -0.12592332E+02   -0.13506355E-03    0.56339399E+00
    3   -0.12595761E+02   -0.34291091E-02    0.77639159E-01
    4   -0.12595684E+02    0.76607636E-04    0.65553503E-01
    5   -0.12595642E+02    0.41620903E-04    0.10899037E+00
    6   -0.12595873E+02   -0.23024322E-03    0.14986163E-01
    7   -0.12595872E+02    0.67008747E-06    0.64872373E-02
    8   -0.12595873E+02   -0.63496568E-06    0.47399148E-02
    9   -0.12595875E+02   -0.21816501E-05    0.18965276E-02
   10   -0.12595875E+02    0.18834818E-08    0.19791954E-02
   11   -0.12595875E+02   -0.23206296E-07    0.33658054E-03
   12   -0.12595875E+02   -0.23901467E-08    0.25489169E-03
   13   -0.12595875E+02   -0.73812068E-09    0.25532277E-04
   14   -0.12595875E+02   -0.47103654E-10    0.19488052E-05
   15   -0.12595875E+02   -0.25934810E-12    0.32911104E-06
>> Charges saved for restart in charges.bin
 
 Total Energy:                     -12.5922779829 H
 Total Mermin free energy:         -12.5922779829 H
