================================================================================
==
==   Density Functional based Tight Binding with a lot of extensions (DFTB+)    
==
==                              Release: 1.2 (p2)
==
==                            (ParserVersion = 4)
==
================================================================================


********************************************************************************
** Parsing and initializing
********************************************************************************

Interpreting input file 'dftb_in.hsd'
--------------------------------------------------------------------------------
WARNING!
-> WriteHSDInput and WriteXMLInput both turned off. You won't eventually be 
 able to obtain the same results with a later version of the code!
Path: dftb_in/ParserOptions
Line: 83-86 (File: dftb_in.hsd)

Reading SK-files:
  /home/andersx/parameters/3ob-3-1/C-C.skf
  /home/andersx/parameters/3ob-3-1/C-O.skf
  /home/andersx/parameters/3ob-3-1/C-N.skf
  /home/andersx/parameters/3ob-3-1/C-H.skf
  /home/andersx/parameters/3ob-3-1/O-C.skf
  /home/andersx/parameters/3ob-3-1/O-O.skf
  /home/andersx/parameters/3ob-3-1/O-N.skf
  /home/andersx/parameters/3ob-3-1/O-H.skf
  /home/andersx/parameters/3ob-3-1/N-C.skf
  /home/andersx/parameters/3ob-3-1/N-O.skf
  /home/andersx/parameters/3ob-3-1/N-N.skf
  /home/andersx/parameters/3ob-3-1/N-H.skf
  /home/andersx/parameters/3ob-3-1/H-C.skf
  /home/andersx/parameters/3ob-3-1/H-O.skf
  /home/andersx/parameters/3ob-3-1/H-N.skf
  /home/andersx/parameters/3ob-3-1/H-H.skf
Done.

Starting initialization...
--------------------------------------------------------------------------------
Mode:                        Static calculation
Self consistent charges:     Yes
SCC-tolerance:                 0.100000E-05
Max. scc iterations:                    100
Ewald alpha parameter:         0.000000E+00
Spin polarisation:           No
Nr. of up electrons:            18.000000
Nr. of down electrons:          18.000000
Periodic boundaries:         No
Diagonalizer:                Divide and Conquer
Mixer:                       Anderson mixer
Mixing parameter:                  0.200000
Maximal SCC-cycles:                     100
Nr. of chrg. vectors to mix:              8
Electronic temperature:        0.100000E-07
Initial charges:             Set automatically (system chrg:   0.000E+00)
Included shells:              C:  s, p
                              O:  s, p
                              N:  s, p
                              H:  s
Full 3rd order correction    Yes
Damped SCC                   Yes
Damped specie(s):            H                                                 
Extra options:
--------------------------------------------------------------------------------
 

********************************************************************************
** Geometry step: 0
********************************************************************************

  iSCC Total electronic   Diff electronic      SCC error    
    1   -0.15960440E+02    0.00000000E+00    0.68161797E+00
    2   -0.15960676E+02   -0.23541137E-03    0.67269704E+00
    3   -0.15966685E+02   -0.60090378E-02    0.79377537E-01
    4   -0.15966564E+02    0.12053372E-03    0.68201774E-01
    5   -0.15966631E+02   -0.67124762E-04    0.83800320E-01
    6   -0.15966937E+02   -0.30536279E-03    0.19936256E-01
    7   -0.15966935E+02    0.19622451E-05    0.21892769E-01
    8   -0.15966943E+02   -0.88912739E-05    0.86580633E-02
    9   -0.15966945E+02   -0.14335912E-05    0.15687705E-02
   10   -0.15966945E+02   -0.30917558E-07    0.14355833E-02
   11   -0.15966945E+02   -0.56340530E-07    0.11366399E-03
   12   -0.15966945E+02   -0.98136432E-09    0.83340018E-04
   13   -0.15966945E+02   -0.34581049E-09    0.85687297E-05
   14   -0.15966945E+02   -0.10405898E-10    0.25881022E-05
   15   -0.15966945E+02   -0.31796787E-12    0.60130735E-06
>> Charges saved for restart in charges.bin
 
 Total Energy:                     -15.8911930143 H
 Total Mermin free energy:         -15.8911930143 H
