================================================================================
==
==   Density Functional based Tight Binding with a lot of extensions (DFTB+)    
==
==                              Release: 1.2 (p2)
==
==                            (ParserVersion = 4)
==
================================================================================


********************************************************************************
** Parsing and initializing
********************************************************************************

Interpreting input file 'dftb_in.hsd'
--------------------------------------------------------------------------------
WARNING!
-> WriteHSDInput and WriteXMLInput both turned off. You won't eventually be 
 able to obtain the same results with a later version of the code!
Path: dftb_in/ParserOptions
Line: 83-86 (File: dftb_in.hsd)

Reading SK-files:
  /home/andersx/parameters/3ob-3-1/C-C.skf
  /home/andersx/parameters/3ob-3-1/C-O.skf
  /home/andersx/parameters/3ob-3-1/C-N.skf
  /home/andersx/parameters/3ob-3-1/C-H.skf
  /home/andersx/parameters/3ob-3-1/O-C.skf
  /home/andersx/parameters/3ob-3-1/O-O.skf
  /home/andersx/parameters/3ob-3-1/O-N.skf
  /home/andersx/parameters/3ob-3-1/O-H.skf
  /home/andersx/parameters/3ob-3-1/N-C.skf
  /home/andersx/parameters/3ob-3-1/N-O.skf
  /home/andersx/parameters/3ob-3-1/N-N.skf
  /home/andersx/parameters/3ob-3-1/N-H.skf
  /home/andersx/parameters/3ob-3-1/H-C.skf
  /home/andersx/parameters/3ob-3-1/H-O.skf
  /home/andersx/parameters/3ob-3-1/H-N.skf
  /home/andersx/parameters/3ob-3-1/H-H.skf
Done.

Starting initialization...
--------------------------------------------------------------------------------
Mode:                        Static calculation
Self consistent charges:     Yes
SCC-tolerance:                 0.100000E-05
Max. scc iterations:                    100
Ewald alpha parameter:         0.000000E+00
Spin polarisation:           No
Nr. of up electrons:            18.000000
Nr. of down electrons:          18.000000
Periodic boundaries:         No
Diagonalizer:                Divide and Conquer
Mixer:                       Anderson mixer
Mixing parameter:                  0.200000
Maximal SCC-cycles:                     100
Nr. of chrg. vectors to mix:              8
Electronic temperature:        0.100000E-07
Initial charges:             Set automatically (system chrg:   0.000E+00)
Included shells:              C:  s, p
                              O:  s, p
                              N:  s, p
                              H:  s
Full 3rd order correction    Yes
Damped SCC                   Yes
Damped specie(s):            H                                                 
Extra options:
--------------------------------------------------------------------------------
 

********************************************************************************
** Geometry step: 0
********************************************************************************

  iSCC Total electronic   Diff electronic      SCC error    
    1   -0.15952221E+02    0.00000000E+00    0.66563320E+00
    2   -0.15952749E+02   -0.52811592E-03    0.65457723E+00
    3   -0.15966914E+02   -0.14165024E-01    0.13824691E+00
    4   -0.15966784E+02    0.12982789E-03    0.12462567E+00
    5   -0.15967173E+02   -0.38841015E-03    0.59613889E-01
    6   -0.15967279E+02   -0.10657975E-03    0.80256946E-02
    7   -0.15967280E+02   -0.30159812E-06    0.77077454E-02
    8   -0.15967281E+02   -0.13733840E-05    0.26037634E-02
    9   -0.15967281E+02    0.16087776E-07    0.73588888E-03
   10   -0.15967281E+02   -0.21316128E-07    0.31656703E-03
   11   -0.15967281E+02   -0.19148541E-08    0.14251106E-03
   12   -0.15967281E+02   -0.37725911E-09    0.12816181E-04
   13   -0.15967281E+02   -0.17935875E-10    0.30263128E-05
   14   -0.15967281E+02   -0.41922021E-12    0.30663034E-06
>> Charges saved for restart in charges.bin
 
 Total Energy:                     -15.8961256325 H
 Total Mermin free energy:         -15.8961256325 H
