================================================================================
==
==   Density Functional based Tight Binding with a lot of extensions (DFTB+)    
==
==                              Release: 1.2 (p2)
==
==                            (ParserVersion = 4)
==
================================================================================


********************************************************************************
** Parsing and initializing
********************************************************************************

Interpreting input file 'dftb_in.hsd'
--------------------------------------------------------------------------------
WARNING!
-> WriteHSDInput and WriteXMLInput both turned off. You won't eventually be 
 able to obtain the same results with a later version of the code!
Path: dftb_in/ParserOptions
Line: 73-76 (File: dftb_in.hsd)

Reading SK-files:
  /home/andersx/parameters/3ob-3-1/C-C.skf
  /home/andersx/parameters/3ob-3-1/C-N.skf
  /home/andersx/parameters/3ob-3-1/C-H.skf
  /home/andersx/parameters/3ob-3-1/N-C.skf
  /home/andersx/parameters/3ob-3-1/N-N.skf
  /home/andersx/parameters/3ob-3-1/N-H.skf
  /home/andersx/parameters/3ob-3-1/H-C.skf
  /home/andersx/parameters/3ob-3-1/H-N.skf
  /home/andersx/parameters/3ob-3-1/H-H.skf
Done.

Starting initialization...
--------------------------------------------------------------------------------
Mode:                        Static calculation
Self consistent charges:     Yes
SCC-tolerance:                 0.100000E-05
Max. scc iterations:                    100
Ewald alpha parameter:         0.000000E+00
Spin polarisation:           No
Nr. of up electrons:            15.000000
Nr. of down electrons:          15.000000
Periodic boundaries:         No
Diagonalizer:                Divide and Conquer
Mixer:                       Anderson mixer
Mixing parameter:                  0.200000
Maximal SCC-cycles:                     100
Nr. of chrg. vectors to mix:              8
Electronic temperature:        0.100000E-07
Initial charges:             Set automatically (system chrg:   0.000E+00)
Included shells:              C:  s, p
                              N:  s, p
                              H:  s
Full 3rd order correction    Yes
Damped SCC                   Yes
Damped specie(s):            H                                                 
Extra options:
--------------------------------------------------------------------------------
 

********************************************************************************
** Geometry step: 0
********************************************************************************

  iSCC Total electronic   Diff electronic      SCC error    
    1   -0.12587468E+02    0.00000000E+00    0.55525690E+00
    2   -0.12587597E+02   -0.12909131E-03    0.54701078E+00
    3   -0.12590893E+02   -0.32954195E-02    0.65940381E-01
    4   -0.12590826E+02    0.66529807E-04    0.52916300E-01
    5   -0.12590774E+02    0.52030626E-04    0.10608438E+00
    6   -0.12590989E+02   -0.21535782E-03    0.14780072E-01
    7   -0.12590986E+02    0.35725676E-05    0.95508629E-02
    8   -0.12590989E+02   -0.30198661E-05    0.85092940E-02
    9   -0.12590991E+02   -0.24343779E-05    0.56931121E-03
   10   -0.12590991E+02   -0.38039598E-08    0.60925079E-03
   11   -0.12590991E+02   -0.15965101E-07    0.15740459E-03
   12   -0.12590991E+02   -0.23037217E-09    0.97570677E-04
   13   -0.12590991E+02   -0.86362917E-10    0.76655661E-05
   14   -0.12590991E+02   -0.48352433E-11    0.23237392E-05
   15   -0.12590991E+02   -0.74606987E-13    0.28959226E-06
>> Charges saved for restart in charges.bin
 
 Total Energy:                     -12.5889121393 H
 Total Mermin free energy:         -12.5889121393 H
