================================================================================
==
==   Density Functional based Tight Binding with a lot of extensions (DFTB+)    
==
==                              Release: 1.2 (p2)
==
==                            (ParserVersion = 4)
==
================================================================================


********************************************************************************
** Parsing and initializing
********************************************************************************

Interpreting input file 'dftb_in.hsd'
--------------------------------------------------------------------------------
WARNING!
-> WriteHSDInput and WriteXMLInput both turned off. You won't eventually be 
 able to obtain the same results with a later version of the code!
Path: dftb_in/ParserOptions
Line: 83-86 (File: dftb_in.hsd)

Reading SK-files:
  /home/andersx/parameters/3ob-3-1/C-C.skf
  /home/andersx/parameters/3ob-3-1/C-O.skf
  /home/andersx/parameters/3ob-3-1/C-N.skf
  /home/andersx/parameters/3ob-3-1/C-H.skf
  /home/andersx/parameters/3ob-3-1/O-C.skf
  /home/andersx/parameters/3ob-3-1/O-O.skf
  /home/andersx/parameters/3ob-3-1/O-N.skf
  /home/andersx/parameters/3ob-3-1/O-H.skf
  /home/andersx/parameters/3ob-3-1/N-C.skf
  /home/andersx/parameters/3ob-3-1/N-O.skf
  /home/andersx/parameters/3ob-3-1/N-N.skf
  /home/andersx/parameters/3ob-3-1/N-H.skf
  /home/andersx/parameters/3ob-3-1/H-C.skf
  /home/andersx/parameters/3ob-3-1/H-O.skf
  /home/andersx/parameters/3ob-3-1/H-N.skf
  /home/andersx/parameters/3ob-3-1/H-H.skf
Done.

Starting initialization...
--------------------------------------------------------------------------------
Mode:                        Static calculation
Self consistent charges:     Yes
SCC-tolerance:                 0.100000E-05
Max. scc iterations:                    100
Ewald alpha parameter:         0.000000E+00
Spin polarisation:           No
Nr. of up electrons:            18.000000
Nr. of down electrons:          18.000000
Periodic boundaries:         No
Diagonalizer:                Divide and Conquer
Mixer:                       Anderson mixer
Mixing parameter:                  0.200000
Maximal SCC-cycles:                     100
Nr. of chrg. vectors to mix:              8
Electronic temperature:        0.100000E-07
Initial charges:             Set automatically (system chrg:   0.000E+00)
Included shells:              C:  s, p
                              O:  s, p
                              N:  s, p
                              H:  s
Full 3rd order correction    Yes
Damped SCC                   Yes
Damped specie(s):            H                                                 
Extra options:
--------------------------------------------------------------------------------
 

********************************************************************************
** Geometry step: 0
********************************************************************************

  iSCC Total electronic   Diff electronic      SCC error    
    1   -0.15952891E+02    0.00000000E+00    0.68937360E+00
    2   -0.15953138E+02   -0.24665402E-03    0.68031110E+00
    3   -0.15959791E+02   -0.66528846E-02    0.95682906E-01
    4   -0.15959689E+02    0.10199643E-03    0.85005320E-01
    5   -0.15959736E+02   -0.47098572E-04    0.10000226E+00
    6   -0.15959981E+02   -0.24560136E-03    0.12405169E-01
    7   -0.15959981E+02    0.48019596E-06    0.15979753E-01
    8   -0.15959982E+02   -0.14621260E-05    0.70471237E-02
    9   -0.15959983E+02   -0.59431743E-06    0.70308163E-03
   10   -0.15959983E+02   -0.21245237E-07    0.60153813E-03
   11   -0.15959983E+02   -0.44954129E-07    0.10086337E-03
   12   -0.15959983E+02   -0.61286443E-09    0.50234697E-04
   13   -0.15959983E+02   -0.23206859E-09    0.99703787E-05
   14   -0.15959983E+02   -0.16715518E-11    0.20599952E-05
   15   -0.15959983E+02   -0.21316282E-13    0.29506994E-06
>> Charges saved for restart in charges.bin
 
 Total Energy:                     -15.9031315213 H
 Total Mermin free energy:         -15.9031315213 H
