================================================================================
==
==   Density Functional based Tight Binding with a lot of extensions (DFTB+)    
==
==                              Release: 1.2 (p2)
==
==                            (ParserVersion = 4)
==
================================================================================


********************************************************************************
** Parsing and initializing
********************************************************************************

Interpreting input file 'dftb_in.hsd'
--------------------------------------------------------------------------------
WARNING!
-> WriteHSDInput and WriteXMLInput both turned off. You won't eventually be 
 able to obtain the same results with a later version of the code!
Path: dftb_in/ParserOptions
Line: 81-84 (File: dftb_in.hsd)

Reading SK-files:
  /home/andersx/parameters/3ob-3-1/C-C.skf
  /home/andersx/parameters/3ob-3-1/C-N.skf
  /home/andersx/parameters/3ob-3-1/C-O.skf
  /home/andersx/parameters/3ob-3-1/C-H.skf
  /home/andersx/parameters/3ob-3-1/N-C.skf
  /home/andersx/parameters/3ob-3-1/N-N.skf
  /home/andersx/parameters/3ob-3-1/N-O.skf
  /home/andersx/parameters/3ob-3-1/N-H.skf
  /home/andersx/parameters/3ob-3-1/O-C.skf
  /home/andersx/parameters/3ob-3-1/O-N.skf
  /home/andersx/parameters/3ob-3-1/O-O.skf
  /home/andersx/parameters/3ob-3-1/O-H.skf
  /home/andersx/parameters/3ob-3-1/H-C.skf
  /home/andersx/parameters/3ob-3-1/H-N.skf
  /home/andersx/parameters/3ob-3-1/H-O.skf
  /home/andersx/parameters/3ob-3-1/H-H.skf
Done.

Starting initialization...
--------------------------------------------------------------------------------
Mode:                        Static calculation
Self consistent charges:     Yes
SCC-tolerance:                 0.100000E-05
Max. scc iterations:                    100
Ewald alpha parameter:         0.000000E+00
Spin polarisation:           No
Nr. of up electrons:            17.000000
Nr. of down electrons:          17.000000
Periodic boundaries:         No
Diagonalizer:                Divide and Conquer
Mixer:                       Anderson mixer
Mixing parameter:                  0.200000
Maximal SCC-cycles:                     100
Nr. of chrg. vectors to mix:              8
Electronic temperature:        0.100000E-07
Initial charges:             Set automatically (system chrg:   0.000E+00)
Included shells:              C:  s, p
                              N:  s, p
                              O:  s, p
                              H:  s
Full 3rd order correction    Yes
Damped SCC                   Yes
Damped specie(s):            H                                                 
Extra options:
--------------------------------------------------------------------------------
 

********************************************************************************
** Geometry step: 0
********************************************************************************

  iSCC Total electronic   Diff electronic      SCC error    
    1   -0.15395118E+02    0.00000000E+00    0.91385004E+00
    2   -0.15396146E+02   -0.10286339E-02    0.89914837E+00
    3   -0.15419541E+02   -0.23394948E-01    0.28509855E+00
    4   -0.15420038E+02   -0.49665007E-03    0.28286325E+00
    5   -0.15422259E+02   -0.22211147E-02    0.45399258E-01
    6   -0.15422319E+02   -0.60183673E-04    0.32683510E-01
    7   -0.15422398E+02   -0.78850364E-04    0.25527000E-01
    8   -0.15422406E+02   -0.78241947E-05    0.39764452E-02
    9   -0.15422406E+02   -0.39843558E-06    0.36530799E-02
   10   -0.15422407E+02   -0.91600324E-06    0.23844852E-03
   11   -0.15422407E+02   -0.44395687E-08    0.16385125E-03
   12   -0.15422407E+02   -0.17695800E-08    0.19657857E-04
   13   -0.15422407E+02   -0.18211210E-10    0.25472097E-05
   14   -0.15422407E+02   -0.47961635E-13    0.73986796E-06
>> Charges saved for restart in charges.bin
 
 Total Energy:                     -15.1864224992 H
 Total Mermin free energy:         -15.1864224992 H
